08/02/2020 04:59:50 a.m.: [Método: Void HandleErrorHelper(Int32, Oracle.DataAccess.Client.OracleConnection, IntPtr, Oracle.DataAccess.Client.OpoSqlValCtx*, System.Object, System.String, Boolean, Int32, Oracle.DataAccess.Client.OracleLogicalTransaction), Línea: 0] - ORA-06550: línea 1, columna 7:
PLS-00306: número o tipos de argumentos erróneos al llamar a 'USP_SEL_SECTORINSTITUCION'
ORA-06550: línea 1, columna 7:
PL/SQL: Statement ignored
08/02/2020 04:59:50 a.m.: [Método: Void HandleError(Int32, Oracle.DataAccess.Client.OracleConnection, System.String, IntPtr, Oracle.DataAccess.Client.OpoSqlValCtx*, System.Object, Boolean, Oracle.DataAccess.Client.OracleLogicalTransaction), Línea: 0] - ORA-06550: línea 1, columna 7:
PLS-00306: número o tipos de argumentos erróneos al llamar a 'USP_SEL_SECTORINSTITUCION'
ORA-06550: línea 1, columna 7:
PL/SQL: Statement ignored
08/02/2020 04:59:50 a.m.: [Método: Oracle.DataAccess.Client.OracleDataReader ExecuteReader(Boolean, Boolean, System.Data.CommandBehavior), Línea: 0] - ORA-06550: línea 1, columna 7:
PLS-00306: número o tipos de argumentos erróneos al llamar a 'USP_SEL_SECTORINSTITUCION'
ORA-06550: línea 1, columna 7:
PL/SQL: Statement ignored
08/02/2020 04:59:50 a.m.: [Método: System.Data.Common.DbDataReader ExecuteDbDataReader(System.Data.CommandBehavior), Línea: 0] - ORA-06550: línea 1, columna 7:
PLS-00306: número o tipos de argumentos erróneos al llamar a 'USP_SEL_SECTORINSTITUCION'
ORA-06550: línea 1, columna 7:
PL/SQL: Statement ignored
08/02/2020 04:59:50 a.m.: [Método: System.Data.IDataReader System.Data.IDbCommand.ExecuteReader(System.Data.CommandBehavior), Línea: 0] - ORA-06550: línea 1, columna 7:
PLS-00306: número o tipos de argumentos erróneos al llamar a 'USP_SEL_SECTORINSTITUCION'
ORA-06550: línea 1, columna 7:
PL/SQL: Statement ignored
08/02/2020 04:59:50 a.m.: [Método: System.Data.IDataReader ExecuteReaderWithFlagsFallback(System.Data.IDbCommand, Boolean, System.Data.CommandBehavior), Línea: 0] - ORA-06550: línea 1, columna 7:
PLS-00306: número o tipos de argumentos erróneos al llamar a 'USP_SEL_SECTORINSTITUCION'
ORA-06550: línea 1, columna 7:
PL/SQL: Statement ignored
08/02/2020 04:59:50 a.m.: [Método: Boolean MoveNext(), Línea: 0] - ORA-06550: línea 1, columna 7:
PLS-00306: número o tipos de argumentos erróneos al llamar a 'USP_SEL_SECTORINSTITUCION'
ORA-06550: línea 1, columna 7:
PL/SQL: Statement ignored
08/02/2020 04:59:50 a.m.: [Método: Void .ctor(System.Collections.Generic.IEnumerable`1[T]), Línea: 0] - ORA-06550: línea 1, columna 7:
PLS-00306: número o tipos de argumentos erróneos al llamar a 'USP_SEL_SECTORINSTITUCION'
ORA-06550: línea 1, columna 7:
PL/SQL: Statement ignored
08/02/2020 04:59:50 a.m.: [Método: System.Collections.Generic.List`1[TSource] ToList[TSource](System.Collections.Generic.IEnumerable`1[TSource]), Línea: 0] - ORA-06550: línea 1, columna 7:
PLS-00306: número o tipos de argumentos erróneos al llamar a 'USP_SEL_SECTORINSTITUCION'
ORA-06550: línea 1, columna 7:
PL/SQL: Statement ignored
08/02/2020 04:59:50 a.m.: [Método: System.Collections.Generic.IEnumerable`1[T] Query[T](System.Data.IDbConnection, System.String, System.Object, System.Data.IDbTransaction, Boolean, System.Nullable`1[System.Int32], System.Nullable`1[System.Data.CommandType]), Línea: 0] - ORA-06550: línea 1, columna 7:
PLS-00306: número o tipos de argumentos erróneos al llamar a 'USP_SEL_SECTORINSTITUCION'
ORA-06550: línea 1, columna 7:
PL/SQL: Statement ignored
08/02/2020 04:59:50 a.m.: [Método: System.Collections.Generic.List`1[entidad.minem.gob.pe.SectorInstitucionBE] ListarSectorPaginado(entidad.minem.gob.pe.SectorInstitucionBE), Línea: 59] - ORA-06550: línea 1, columna 7:
PLS-00306: número o tipos de argumentos erróneos al llamar a 'USP_SEL_SECTORINSTITUCION'
ORA-06550: línea 1, columna 7:
PL/SQL: Statement ignored
