09/02/2020 06:08:57 p.m.: [Método: Void HandleErrorHelper(Int32, Oracle.DataAccess.Client.OracleConnection, IntPtr, Oracle.DataAccess.Client.OpoSqlValCtx*, System.Object, System.String, Boolean, Int32, Oracle.DataAccess.Client.OracleLogicalTransaction), Línea: 0] - ORA-01747: especificación no válida de usuario.tabla.columna, tabla.columna o columna
ORA-06512: en "MRVMM.PKG_MRV_INICIATIVA_MITIGACION", línea 1640
ORA-06512: en línea 1
09/02/2020 06:08:57 p.m.: [Método: Void HandleError(Int32, Oracle.DataAccess.Client.OracleConnection, System.String, IntPtr, Oracle.DataAccess.Client.OpoSqlValCtx*, System.Object, Boolean, Oracle.DataAccess.Client.OracleLogicalTransaction), Línea: 0] - ORA-01747: especificación no válida de usuario.tabla.columna, tabla.columna o columna
ORA-06512: en "MRVMM.PKG_MRV_INICIATIVA_MITIGACION", línea 1640
ORA-06512: en línea 1
09/02/2020 06:08:57 p.m.: [Método: Oracle.DataAccess.Client.OracleDataReader ExecuteReader(Boolean, Boolean, System.Data.CommandBehavior), Línea: 0] - ORA-01747: especificación no válida de usuario.tabla.columna, tabla.columna o columna
ORA-06512: en "MRVMM.PKG_MRV_INICIATIVA_MITIGACION", línea 1640
ORA-06512: en línea 1
09/02/2020 06:08:57 p.m.: [Método: System.Data.Common.DbDataReader ExecuteDbDataReader(System.Data.CommandBehavior), Línea: 0] - ORA-01747: especificación no válida de usuario.tabla.columna, tabla.columna o columna
ORA-06512: en "MRVMM.PKG_MRV_INICIATIVA_MITIGACION", línea 1640
ORA-06512: en línea 1
09/02/2020 06:08:57 p.m.: [Método: System.Data.IDataReader System.Data.IDbCommand.ExecuteReader(System.Data.CommandBehavior), Línea: 0] - ORA-01747: especificación no válida de usuario.tabla.columna, tabla.columna o columna
ORA-06512: en "MRVMM.PKG_MRV_INICIATIVA_MITIGACION", línea 1640
ORA-06512: en línea 1
09/02/2020 06:08:57 p.m.: [Método: System.Data.IDataReader ExecuteReaderWithFlagsFallback(System.Data.IDbCommand, Boolean, System.Data.CommandBehavior), Línea: 0] - ORA-01747: especificación no válida de usuario.tabla.columna, tabla.columna o columna
ORA-06512: en "MRVMM.PKG_MRV_INICIATIVA_MITIGACION", línea 1640
ORA-06512: en línea 1
09/02/2020 06:08:57 p.m.: [Método: Boolean MoveNext(), Línea: 0] - ORA-01747: especificación no válida de usuario.tabla.columna, tabla.columna o columna
ORA-06512: en "MRVMM.PKG_MRV_INICIATIVA_MITIGACION", línea 1640
ORA-06512: en línea 1
09/02/2020 06:08:57 p.m.: [Método: Void .ctor(System.Collections.Generic.IEnumerable`1[T]), Línea: 0] - ORA-01747: especificación no válida de usuario.tabla.columna, tabla.columna o columna
ORA-06512: en "MRVMM.PKG_MRV_INICIATIVA_MITIGACION", línea 1640
ORA-06512: en línea 1
09/02/2020 06:08:57 p.m.: [Método: System.Collections.Generic.List`1[TSource] ToList[TSource](System.Collections.Generic.IEnumerable`1[TSource]), Línea: 0] - ORA-01747: especificación no válida de usuario.tabla.columna, tabla.columna o columna
ORA-06512: en "MRVMM.PKG_MRV_INICIATIVA_MITIGACION", línea 1640
ORA-06512: en línea 1
09/02/2020 06:08:57 p.m.: [Método: System.Collections.Generic.IEnumerable`1[T] Query[T](System.Data.IDbConnection, System.String, System.Object, System.Data.IDbTransaction, Boolean, System.Nullable`1[System.Int32], System.Nullable`1[System.Data.CommandType]), Línea: 0] - ORA-01747: especificación no válida de usuario.tabla.columna, tabla.columna o columna
ORA-06512: en "MRVMM.PKG_MRV_INICIATIVA_MITIGACION", línea 1640
ORA-06512: en línea 1
09/02/2020 06:08:57 p.m.: [Método: System.Collections.Generic.List`1[entidad.minem.gob.pe.IniciativaBE] ListaBusquedaSimplePrivado(entidad.minem.gob.pe.IniciativaBE), Línea: 1322] - ORA-01747: especificación no válida de usuario.tabla.columna, tabla.columna o columna
ORA-06512: en "MRVMM.PKG_MRV_INICIATIVA_MITIGACION", línea 1640
ORA-06512: en línea 1
09/02/2020 06:09:05 p.m.: [Método: Void HandleErrorHelper(Int32, Oracle.DataAccess.Client.OracleConnection, IntPtr, Oracle.DataAccess.Client.OpoSqlValCtx*, System.Object, System.String, Boolean, Int32, Oracle.DataAccess.Client.OracleLogicalTransaction), Línea: 0] - ORA-01747: especificación no válida de usuario.tabla.columna, tabla.columna o columna
ORA-06512: en "MRVMM.PKG_MRV_INICIATIVA_MITIGACION", línea 1640
ORA-06512: en línea 1
09/02/2020 06:09:05 p.m.: [Método: Void HandleError(Int32, Oracle.DataAccess.Client.OracleConnection, System.String, IntPtr, Oracle.DataAccess.Client.OpoSqlValCtx*, System.Object, Boolean, Oracle.DataAccess.Client.OracleLogicalTransaction), Línea: 0] - ORA-01747: especificación no válida de usuario.tabla.columna, tabla.columna o columna
ORA-06512: en "MRVMM.PKG_MRV_INICIATIVA_MITIGACION", línea 1640
ORA-06512: en línea 1
09/02/2020 06:09:05 p.m.: [Método: Oracle.DataAccess.Client.OracleDataReader ExecuteReader(Boolean, Boolean, System.Data.CommandBehavior), Línea: 0] - ORA-01747: especificación no válida de usuario.tabla.columna, tabla.columna o columna
ORA-06512: en "MRVMM.PKG_MRV_INICIATIVA_MITIGACION", línea 1640
ORA-06512: en línea 1
09/02/2020 06:09:05 p.m.: [Método: System.Data.Common.DbDataReader ExecuteDbDataReader(System.Data.CommandBehavior), Línea: 0] - ORA-01747: especificación no válida de usuario.tabla.columna, tabla.columna o columna
ORA-06512: en "MRVMM.PKG_MRV_INICIATIVA_MITIGACION", línea 1640
ORA-06512: en línea 1
09/02/2020 06:09:05 p.m.: [Método: System.Data.IDataReader System.Data.IDbCommand.ExecuteReader(System.Data.CommandBehavior), Línea: 0] - ORA-01747: especificación no válida de usuario.tabla.columna, tabla.columna o columna
ORA-06512: en "MRVMM.PKG_MRV_INICIATIVA_MITIGACION", línea 1640
ORA-06512: en línea 1
09/02/2020 06:09:05 p.m.: [Método: System.Data.IDataReader ExecuteReaderWithFlagsFallback(System.Data.IDbCommand, Boolean, System.Data.CommandBehavior), Línea: 0] - ORA-01747: especificación no válida de usuario.tabla.columna, tabla.columna o columna
ORA-06512: en "MRVMM.PKG_MRV_INICIATIVA_MITIGACION", línea 1640
ORA-06512: en línea 1
09/02/2020 06:09:05 p.m.: [Método: Boolean MoveNext(), Línea: 0] - ORA-01747: especificación no válida de usuario.tabla.columna, tabla.columna o columna
ORA-06512: en "MRVMM.PKG_MRV_INICIATIVA_MITIGACION", línea 1640
ORA-06512: en línea 1
09/02/2020 06:09:05 p.m.: [Método: Void .ctor(System.Collections.Generic.IEnumerable`1[T]), Línea: 0] - ORA-01747: especificación no válida de usuario.tabla.columna, tabla.columna o columna
ORA-06512: en "MRVMM.PKG_MRV_INICIATIVA_MITIGACION", línea 1640
ORA-06512: en línea 1
09/02/2020 06:09:05 p.m.: [Método: System.Collections.Generic.List`1[TSource] ToList[TSource](System.Collections.Generic.IEnumerable`1[TSource]), Línea: 0] - ORA-01747: especificación no válida de usuario.tabla.columna, tabla.columna o columna
ORA-06512: en "MRVMM.PKG_MRV_INICIATIVA_MITIGACION", línea 1640
ORA-06512: en línea 1
09/02/2020 06:09:05 p.m.: [Método: System.Collections.Generic.IEnumerable`1[T] Query[T](System.Data.IDbConnection, System.String, System.Object, System.Data.IDbTransaction, Boolean, System.Nullable`1[System.Int32], System.Nullable`1[System.Data.CommandType]), Línea: 0] - ORA-01747: especificación no válida de usuario.tabla.columna, tabla.columna o columna
ORA-06512: en "MRVMM.PKG_MRV_INICIATIVA_MITIGACION", línea 1640
ORA-06512: en línea 1
09/02/2020 06:09:05 p.m.: [Método: System.Collections.Generic.List`1[entidad.minem.gob.pe.IniciativaBE] ListaBusquedaSimplePrivado(entidad.minem.gob.pe.IniciativaBE), Línea: 1322] - ORA-01747: especificación no válida de usuario.tabla.columna, tabla.columna o columna
ORA-06512: en "MRVMM.PKG_MRV_INICIATIVA_MITIGACION", línea 1640
ORA-06512: en línea 1
09/02/2020 06:09:19 p.m.: [Método: Void HandleErrorHelper(Int32, Oracle.DataAccess.Client.OracleConnection, IntPtr, Oracle.DataAccess.Client.OpoSqlValCtx*, System.Object, System.String, Boolean, Int32, Oracle.DataAccess.Client.OracleLogicalTransaction), Línea: 0] - ORA-01747: especificación no válida de usuario.tabla.columna, tabla.columna o columna
ORA-06512: en "MRVMM.PKG_MRV_INICIATIVA_MITIGACION", línea 1640
ORA-06512: en línea 1
09/02/2020 06:09:19 p.m.: [Método: Void HandleError(Int32, Oracle.DataAccess.Client.OracleConnection, System.String, IntPtr, Oracle.DataAccess.Client.OpoSqlValCtx*, System.Object, Boolean, Oracle.DataAccess.Client.OracleLogicalTransaction), Línea: 0] - ORA-01747: especificación no válida de usuario.tabla.columna, tabla.columna o columna
ORA-06512: en "MRVMM.PKG_MRV_INICIATIVA_MITIGACION", línea 1640
ORA-06512: en línea 1
09/02/2020 06:09:19 p.m.: [Método: Oracle.DataAccess.Client.OracleDataReader ExecuteReader(Boolean, Boolean, System.Data.CommandBehavior), Línea: 0] - ORA-01747: especificación no válida de usuario.tabla.columna, tabla.columna o columna
ORA-06512: en "MRVMM.PKG_MRV_INICIATIVA_MITIGACION", línea 1640
ORA-06512: en línea 1
09/02/2020 06:09:19 p.m.: [Método: System.Data.Common.DbDataReader ExecuteDbDataReader(System.Data.CommandBehavior), Línea: 0] - ORA-01747: especificación no válida de usuario.tabla.columna, tabla.columna o columna
ORA-06512: en "MRVMM.PKG_MRV_INICIATIVA_MITIGACION", línea 1640
ORA-06512: en línea 1
09/02/2020 06:09:19 p.m.: [Método: System.Data.IDataReader System.Data.IDbCommand.ExecuteReader(System.Data.CommandBehavior), Línea: 0] - ORA-01747: especificación no válida de usuario.tabla.columna, tabla.columna o columna
ORA-06512: en "MRVMM.PKG_MRV_INICIATIVA_MITIGACION", línea 1640
ORA-06512: en línea 1
09/02/2020 06:09:19 p.m.: [Método: System.Data.IDataReader ExecuteReaderWithFlagsFallback(System.Data.IDbCommand, Boolean, System.Data.CommandBehavior), Línea: 0] - ORA-01747: especificación no válida de usuario.tabla.columna, tabla.columna o columna
ORA-06512: en "MRVMM.PKG_MRV_INICIATIVA_MITIGACION", línea 1640
ORA-06512: en línea 1
09/02/2020 06:09:19 p.m.: [Método: Boolean MoveNext(), Línea: 0] - ORA-01747: especificación no válida de usuario.tabla.columna, tabla.columna o columna
ORA-06512: en "MRVMM.PKG_MRV_INICIATIVA_MITIGACION", línea 1640
ORA-06512: en línea 1
09/02/2020 06:09:19 p.m.: [Método: Void .ctor(System.Collections.Generic.IEnumerable`1[T]), Línea: 0] - ORA-01747: especificación no válida de usuario.tabla.columna, tabla.columna o columna
ORA-06512: en "MRVMM.PKG_MRV_INICIATIVA_MITIGACION", línea 1640
ORA-06512: en línea 1
09/02/2020 06:09:19 p.m.: [Método: System.Collections.Generic.List`1[TSource] ToList[TSource](System.Collections.Generic.IEnumerable`1[TSource]), Línea: 0] - ORA-01747: especificación no válida de usuario.tabla.columna, tabla.columna o columna
ORA-06512: en "MRVMM.PKG_MRV_INICIATIVA_MITIGACION", línea 1640
ORA-06512: en línea 1
09/02/2020 06:09:19 p.m.: [Método: System.Collections.Generic.IEnumerable`1[T] Query[T](System.Data.IDbConnection, System.String, System.Object, System.Data.IDbTransaction, Boolean, System.Nullable`1[System.Int32], System.Nullable`1[System.Data.CommandType]), Línea: 0] - ORA-01747: especificación no válida de usuario.tabla.columna, tabla.columna o columna
ORA-06512: en "MRVMM.PKG_MRV_INICIATIVA_MITIGACION", línea 1640
ORA-06512: en línea 1
09/02/2020 06:09:19 p.m.: [Método: System.Collections.Generic.List`1[entidad.minem.gob.pe.IniciativaBE] ListaBusquedaSimplePrivado(entidad.minem.gob.pe.IniciativaBE), Línea: 1322] - ORA-01747: especificación no válida de usuario.tabla.columna, tabla.columna o columna
ORA-06512: en "MRVMM.PKG_MRV_INICIATIVA_MITIGACION", línea 1640
ORA-06512: en línea 1
09/02/2020 06:09:45 p.m.: [Método: Void HandleErrorHelper(Int32, Oracle.DataAccess.Client.OracleConnection, IntPtr, Oracle.DataAccess.Client.OpoSqlValCtx*, System.Object, System.String, Boolean, Int32, Oracle.DataAccess.Client.OracleLogicalTransaction), Línea: 0] - ORA-01747: especificación no válida de usuario.tabla.columna, tabla.columna o columna
ORA-06512: en "MRVMM.PKG_MRV_INICIATIVA_MITIGACION", línea 1640
ORA-06512: en línea 1
09/02/2020 06:09:45 p.m.: [Método: Void HandleError(Int32, Oracle.DataAccess.Client.OracleConnection, System.String, IntPtr, Oracle.DataAccess.Client.OpoSqlValCtx*, System.Object, Boolean, Oracle.DataAccess.Client.OracleLogicalTransaction), Línea: 0] - ORA-01747: especificación no válida de usuario.tabla.columna, tabla.columna o columna
ORA-06512: en "MRVMM.PKG_MRV_INICIATIVA_MITIGACION", línea 1640
ORA-06512: en línea 1
09/02/2020 06:09:45 p.m.: [Método: Oracle.DataAccess.Client.OracleDataReader ExecuteReader(Boolean, Boolean, System.Data.CommandBehavior), Línea: 0] - ORA-01747: especificación no válida de usuario.tabla.columna, tabla.columna o columna
ORA-06512: en "MRVMM.PKG_MRV_INICIATIVA_MITIGACION", línea 1640
ORA-06512: en línea 1
09/02/2020 06:09:45 p.m.: [Método: System.Data.Common.DbDataReader ExecuteDbDataReader(System.Data.CommandBehavior), Línea: 0] - ORA-01747: especificación no válida de usuario.tabla.columna, tabla.columna o columna
ORA-06512: en "MRVMM.PKG_MRV_INICIATIVA_MITIGACION", línea 1640
ORA-06512: en línea 1
09/02/2020 06:09:45 p.m.: [Método: System.Data.IDataReader System.Data.IDbCommand.ExecuteReader(System.Data.CommandBehavior), Línea: 0] - ORA-01747: especificación no válida de usuario.tabla.columna, tabla.columna o columna
ORA-06512: en "MRVMM.PKG_MRV_INICIATIVA_MITIGACION", línea 1640
ORA-06512: en línea 1
09/02/2020 06:09:45 p.m.: [Método: System.Data.IDataReader ExecuteReaderWithFlagsFallback(System.Data.IDbCommand, Boolean, System.Data.CommandBehavior), Línea: 0] - ORA-01747: especificación no válida de usuario.tabla.columna, tabla.columna o columna
ORA-06512: en "MRVMM.PKG_MRV_INICIATIVA_MITIGACION", línea 1640
ORA-06512: en línea 1
09/02/2020 06:09:45 p.m.: [Método: Boolean MoveNext(), Línea: 0] - ORA-01747: especificación no válida de usuario.tabla.columna, tabla.columna o columna
ORA-06512: en "MRVMM.PKG_MRV_INICIATIVA_MITIGACION", línea 1640
ORA-06512: en línea 1
09/02/2020 06:09:45 p.m.: [Método: Void .ctor(System.Collections.Generic.IEnumerable`1[T]), Línea: 0] - ORA-01747: especificación no válida de usuario.tabla.columna, tabla.columna o columna
ORA-06512: en "MRVMM.PKG_MRV_INICIATIVA_MITIGACION", línea 1640
ORA-06512: en línea 1
09/02/2020 06:09:45 p.m.: [Método: System.Collections.Generic.List`1[TSource] ToList[TSource](System.Collections.Generic.IEnumerable`1[TSource]), Línea: 0] - ORA-01747: especificación no válida de usuario.tabla.columna, tabla.columna o columna
ORA-06512: en "MRVMM.PKG_MRV_INICIATIVA_MITIGACION", línea 1640
ORA-06512: en línea 1
09/02/2020 06:09:45 p.m.: [Método: System.Collections.Generic.IEnumerable`1[T] Query[T](System.Data.IDbConnection, System.String, System.Object, System.Data.IDbTransaction, Boolean, System.Nullable`1[System.Int32], System.Nullable`1[System.Data.CommandType]), Línea: 0] - ORA-01747: especificación no válida de usuario.tabla.columna, tabla.columna o columna
ORA-06512: en "MRVMM.PKG_MRV_INICIATIVA_MITIGACION", línea 1640
ORA-06512: en línea 1
09/02/2020 06:09:45 p.m.: [Método: System.Collections.Generic.List`1[entidad.minem.gob.pe.IniciativaBE] ListaBusquedaSimplePrivado(entidad.minem.gob.pe.IniciativaBE), Línea: 1322] - ORA-01747: especificación no válida de usuario.tabla.columna, tabla.columna o columna
ORA-06512: en "MRVMM.PKG_MRV_INICIATIVA_MITIGACION", línea 1640
ORA-06512: en línea 1
09/02/2020 06:18:09 p.m.: [Método: Void HandleErrorHelper(Int32, Oracle.DataAccess.Client.OracleConnection, IntPtr, Oracle.DataAccess.Client.OpoSqlValCtx*, System.Object, System.String, Boolean, Int32, Oracle.DataAccess.Client.OracleLogicalTransaction), Línea: 0] - ORA-00907: falta el paréntesis derecho
ORA-06512: en "MRVMM.PKG_MRV_INICIATIVA_MITIGACION", línea 1640
ORA-06512: en línea 1
09/02/2020 06:18:09 p.m.: [Método: Void HandleError(Int32, Oracle.DataAccess.Client.OracleConnection, System.String, IntPtr, Oracle.DataAccess.Client.OpoSqlValCtx*, System.Object, Boolean, Oracle.DataAccess.Client.OracleLogicalTransaction), Línea: 0] - ORA-00907: falta el paréntesis derecho
ORA-06512: en "MRVMM.PKG_MRV_INICIATIVA_MITIGACION", línea 1640
ORA-06512: en línea 1
09/02/2020 06:18:09 p.m.: [Método: Oracle.DataAccess.Client.OracleDataReader ExecuteReader(Boolean, Boolean, System.Data.CommandBehavior), Línea: 0] - ORA-00907: falta el paréntesis derecho
ORA-06512: en "MRVMM.PKG_MRV_INICIATIVA_MITIGACION", línea 1640
ORA-06512: en línea 1
09/02/2020 06:18:09 p.m.: [Método: System.Data.Common.DbDataReader ExecuteDbDataReader(System.Data.CommandBehavior), Línea: 0] - ORA-00907: falta el paréntesis derecho
ORA-06512: en "MRVMM.PKG_MRV_INICIATIVA_MITIGACION", línea 1640
ORA-06512: en línea 1
09/02/2020 06:18:09 p.m.: [Método: System.Data.IDataReader System.Data.IDbCommand.ExecuteReader(System.Data.CommandBehavior), Línea: 0] - ORA-00907: falta el paréntesis derecho
ORA-06512: en "MRVMM.PKG_MRV_INICIATIVA_MITIGACION", línea 1640
ORA-06512: en línea 1
09/02/2020 06:18:09 p.m.: [Método: System.Data.IDataReader ExecuteReaderWithFlagsFallback(System.Data.IDbCommand, Boolean, System.Data.CommandBehavior), Línea: 0] - ORA-00907: falta el paréntesis derecho
ORA-06512: en "MRVMM.PKG_MRV_INICIATIVA_MITIGACION", línea 1640
ORA-06512: en línea 1
09/02/2020 06:18:09 p.m.: [Método: Boolean MoveNext(), Línea: 0] - ORA-00907: falta el paréntesis derecho
ORA-06512: en "MRVMM.PKG_MRV_INICIATIVA_MITIGACION", línea 1640
ORA-06512: en línea 1
09/02/2020 06:18:09 p.m.: [Método: Void .ctor(System.Collections.Generic.IEnumerable`1[T]), Línea: 0] - ORA-00907: falta el paréntesis derecho
ORA-06512: en "MRVMM.PKG_MRV_INICIATIVA_MITIGACION", línea 1640
ORA-06512: en línea 1
09/02/2020 06:18:09 p.m.: [Método: System.Collections.Generic.List`1[TSource] ToList[TSource](System.Collections.Generic.IEnumerable`1[TSource]), Línea: 0] - ORA-00907: falta el paréntesis derecho
ORA-06512: en "MRVMM.PKG_MRV_INICIATIVA_MITIGACION", línea 1640
ORA-06512: en línea 1
09/02/2020 06:18:09 p.m.: [Método: System.Collections.Generic.IEnumerable`1[T] Query[T](System.Data.IDbConnection, System.String, System.Object, System.Data.IDbTransaction, Boolean, System.Nullable`1[System.Int32], System.Nullable`1[System.Data.CommandType]), Línea: 0] - ORA-00907: falta el paréntesis derecho
ORA-06512: en "MRVMM.PKG_MRV_INICIATIVA_MITIGACION", línea 1640
ORA-06512: en línea 1
09/02/2020 06:18:09 p.m.: [Método: System.Collections.Generic.List`1[entidad.minem.gob.pe.IniciativaBE] ListaBusquedaSimplePrivado(entidad.minem.gob.pe.IniciativaBE), Línea: 0] - ORA-00907: falta el paréntesis derecho
ORA-06512: en "MRVMM.PKG_MRV_INICIATIVA_MITIGACION", línea 1640
ORA-06512: en línea 1
09/02/2020 09:26:46 p.m.: [Método: Void WinIOError(Int32, System.String), Línea: 0] - No se puede encontrar una parte de la ruta de acceso 'C:\inetpub\wwwroot\mrv-minem\Archivos\Sustentatorios\ca9f7394-fb04-4a44-8a31-a2d22e4907ef.pdf'.
09/02/2020 09:26:46 p.m.: [Método: Void Init(System.String, System.IO.FileMode, System.IO.FileAccess, Int32, Boolean, System.IO.FileShare, Int32, System.IO.FileOptions, SECURITY_ATTRIBUTES, System.String, Boolean, Boolean, Boolean), Línea: 0] - No se puede encontrar una parte de la ruta de acceso 'C:\inetpub\wwwroot\mrv-minem\Archivos\Sustentatorios\ca9f7394-fb04-4a44-8a31-a2d22e4907ef.pdf'.
09/02/2020 09:26:46 p.m.: [Método: Void .ctor(System.String, System.IO.FileMode, System.IO.FileAccess, System.IO.FileShare, Int32, System.IO.FileOptions, System.String, Boolean), Línea: 0] - No se puede encontrar una parte de la ruta de acceso 'C:\inetpub\wwwroot\mrv-minem\Archivos\Sustentatorios\ca9f7394-fb04-4a44-8a31-a2d22e4907ef.pdf'.
09/02/2020 09:26:46 p.m.: [Método: Void .ctor(System.String, System.IO.FileMode), Línea: 0] - No se puede encontrar una parte de la ruta de acceso 'C:\inetpub\wwwroot\mrv-minem\Archivos\Sustentatorios\ca9f7394-fb04-4a44-8a31-a2d22e4907ef.pdf'.
09/02/2020 09:26:46 p.m.: [Método: Void SaveAs(System.String), Línea: 0] - No se puede encontrar una parte de la ruta de acceso 'C:\inetpub\wwwroot\mrv-minem\Archivos\Sustentatorios\ca9f7394-fb04-4a44-8a31-a2d22e4907ef.pdf'.
09/02/2020 09:26:46 p.m.: [Método: Void SaveAs(System.String), Línea: 0] - No se puede encontrar una parte de la ruta de acceso 'C:\inetpub\wwwroot\mrv-minem\Archivos\Sustentatorios\ca9f7394-fb04-4a44-8a31-a2d22e4907ef.pdf'.
09/02/2020 09:26:46 p.m.: [Método: System.Web.Mvc.JsonResult RegistrarDetalleIndicador2(System.Web.HttpPostedFileBase[], System.Web.HttpPostedFileBase[], entidad.minem.gob.pe.IniciativaBE), Línea: 1218] - No se puede encontrar una parte de la ruta de acceso 'C:\inetpub\wwwroot\mrv-minem\Archivos\Sustentatorios\ca9f7394-fb04-4a44-8a31-a2d22e4907ef.pdf'.
