19/02/2020 06:19:43 a.m.: [Método: Void HandleErrorHelper(Int32, Oracle.DataAccess.Client.OracleConnection, IntPtr, Oracle.DataAccess.Client.OpoSqlValCtx*, System.Object, System.String, Boolean, Int32, Oracle.DataAccess.Client.OracleLogicalTransaction), Línea: 0] - ORA-06550: línea 1, columna 32:
PLS-00302: el componente 'USP_SEL_ALL_MEDMIT' se debe declarar
ORA-06550: línea 1, columna 7:
PL/SQL: Statement ignored
19/02/2020 06:19:43 a.m.: [Método: Void HandleError(Int32, Oracle.DataAccess.Client.OracleConnection, System.String, IntPtr, Oracle.DataAccess.Client.OpoSqlValCtx*, System.Object, Boolean, Oracle.DataAccess.Client.OracleLogicalTransaction), Línea: 0] - ORA-06550: línea 1, columna 32:
PLS-00302: el componente 'USP_SEL_ALL_MEDMIT' se debe declarar
ORA-06550: línea 1, columna 7:
PL/SQL: Statement ignored
19/02/2020 06:19:43 a.m.: [Método: Oracle.DataAccess.Client.OracleDataReader ExecuteReader(Boolean, Boolean, System.Data.CommandBehavior), Línea: 0] - ORA-06550: línea 1, columna 32:
PLS-00302: el componente 'USP_SEL_ALL_MEDMIT' se debe declarar
ORA-06550: línea 1, columna 7:
PL/SQL: Statement ignored
19/02/2020 06:19:43 a.m.: [Método: System.Data.Common.DbDataReader ExecuteDbDataReader(System.Data.CommandBehavior), Línea: 0] - ORA-06550: línea 1, columna 32:
PLS-00302: el componente 'USP_SEL_ALL_MEDMIT' se debe declarar
ORA-06550: línea 1, columna 7:
PL/SQL: Statement ignored
19/02/2020 06:19:43 a.m.: [Método: System.Data.IDataReader System.Data.IDbCommand.ExecuteReader(System.Data.CommandBehavior), Línea: 0] - ORA-06550: línea 1, columna 32:
PLS-00302: el componente 'USP_SEL_ALL_MEDMIT' se debe declarar
ORA-06550: línea 1, columna 7:
PL/SQL: Statement ignored
19/02/2020 06:19:43 a.m.: [Método: System.Data.IDataReader ExecuteReaderWithFlagsFallback(System.Data.IDbCommand, Boolean, System.Data.CommandBehavior), Línea: 0] - ORA-06550: línea 1, columna 32:
PLS-00302: el componente 'USP_SEL_ALL_MEDMIT' se debe declarar
ORA-06550: línea 1, columna 7:
PL/SQL: Statement ignored
19/02/2020 06:19:43 a.m.: [Método: Boolean MoveNext(), Línea: 0] - ORA-06550: línea 1, columna 32:
PLS-00302: el componente 'USP_SEL_ALL_MEDMIT' se debe declarar
ORA-06550: línea 1, columna 7:
PL/SQL: Statement ignored
19/02/2020 06:19:43 a.m.: [Método: Void .ctor(System.Collections.Generic.IEnumerable`1[T]), Línea: 0] - ORA-06550: línea 1, columna 32:
PLS-00302: el componente 'USP_SEL_ALL_MEDMIT' se debe declarar
ORA-06550: línea 1, columna 7:
PL/SQL: Statement ignored
19/02/2020 06:19:43 a.m.: [Método: System.Collections.Generic.List`1[TSource] ToList[TSource](System.Collections.Generic.IEnumerable`1[TSource]), Línea: 0] - ORA-06550: línea 1, columna 32:
PLS-00302: el componente 'USP_SEL_ALL_MEDMIT' se debe declarar
ORA-06550: línea 1, columna 7:
PL/SQL: Statement ignored
19/02/2020 06:19:43 a.m.: [Método: System.Collections.Generic.IEnumerable`1[T] Query[T](System.Data.IDbConnection, System.String, System.Object, System.Data.IDbTransaction, Boolean, System.Nullable`1[System.Int32], System.Nullable`1[System.Data.CommandType]), Línea: 0] - ORA-06550: línea 1, columna 32:
PLS-00302: el componente 'USP_SEL_ALL_MEDMIT' se debe declarar
ORA-06550: línea 1, columna 7:
PL/SQL: Statement ignored
19/02/2020 06:19:43 a.m.: [Método: System.Collections.Generic.List`1[entidad.minem.gob.pe.FactorBE] ListaMedidaFactor(), Línea: 97] - ORA-06550: línea 1, columna 32:
PLS-00302: el componente 'USP_SEL_ALL_MEDMIT' se debe declarar
ORA-06550: línea 1, columna 7:
PL/SQL: Statement ignored
19/02/2020 10:18:18 a.m.: [Método: Void HandleErrorHelper(Int32, Oracle.DataAccess.Client.OracleConnection, IntPtr, Oracle.DataAccess.Client.OpoSqlValCtx*, System.Object, System.String, Boolean, Int32, Oracle.DataAccess.Client.OracleLogicalTransaction), Línea: 0] - ORA-06550: línea 1, columna 41:
PLS-00302: el componente 'USP_SEL_CABECERA_FACTOR' se debe declarar
ORA-06550: línea 1, columna 7:
PL/SQL: Statement ignored
19/02/2020 10:18:18 a.m.: [Método: Void HandleError(Int32, Oracle.DataAccess.Client.OracleConnection, System.String, IntPtr, Oracle.DataAccess.Client.OpoSqlValCtx*, System.Object, Boolean, Oracle.DataAccess.Client.OracleLogicalTransaction), Línea: 0] - ORA-06550: línea 1, columna 41:
PLS-00302: el componente 'USP_SEL_CABECERA_FACTOR' se debe declarar
ORA-06550: línea 1, columna 7:
PL/SQL: Statement ignored
19/02/2020 10:18:18 a.m.: [Método: Oracle.DataAccess.Client.OracleDataReader ExecuteReader(Boolean, Boolean, System.Data.CommandBehavior), Línea: 0] - ORA-06550: línea 1, columna 41:
PLS-00302: el componente 'USP_SEL_CABECERA_FACTOR' se debe declarar
ORA-06550: línea 1, columna 7:
PL/SQL: Statement ignored
19/02/2020 10:18:18 a.m.: [Método: System.Data.Common.DbDataReader ExecuteDbDataReader(System.Data.CommandBehavior), Línea: 0] - ORA-06550: línea 1, columna 41:
PLS-00302: el componente 'USP_SEL_CABECERA_FACTOR' se debe declarar
ORA-06550: línea 1, columna 7:
PL/SQL: Statement ignored
19/02/2020 10:18:18 a.m.: [Método: System.Data.IDataReader System.Data.IDbCommand.ExecuteReader(System.Data.CommandBehavior), Línea: 0] - ORA-06550: línea 1, columna 41:
PLS-00302: el componente 'USP_SEL_CABECERA_FACTOR' se debe declarar
ORA-06550: línea 1, columna 7:
PL/SQL: Statement ignored
19/02/2020 10:18:18 a.m.: [Método: System.Data.IDataReader ExecuteReaderWithFlagsFallback(System.Data.IDbCommand, Boolean, System.Data.CommandBehavior), Línea: 0] - ORA-06550: línea 1, columna 41:
PLS-00302: el componente 'USP_SEL_CABECERA_FACTOR' se debe declarar
ORA-06550: línea 1, columna 7:
PL/SQL: Statement ignored
19/02/2020 10:18:18 a.m.: [Método: Boolean MoveNext(), Línea: 0] - ORA-06550: línea 1, columna 41:
PLS-00302: el componente 'USP_SEL_CABECERA_FACTOR' se debe declarar
ORA-06550: línea 1, columna 7:
PL/SQL: Statement ignored
19/02/2020 10:18:18 a.m.: [Método: Void .ctor(System.Collections.Generic.IEnumerable`1[T]), Línea: 0] - ORA-06550: línea 1, columna 41:
PLS-00302: el componente 'USP_SEL_CABECERA_FACTOR' se debe declarar
ORA-06550: línea 1, columna 7:
PL/SQL: Statement ignored
19/02/2020 10:18:18 a.m.: [Método: System.Collections.Generic.List`1[TSource] ToList[TSource](System.Collections.Generic.IEnumerable`1[TSource]), Línea: 0] - ORA-06550: línea 1, columna 41:
PLS-00302: el componente 'USP_SEL_CABECERA_FACTOR' se debe declarar
ORA-06550: línea 1, columna 7:
PL/SQL: Statement ignored
19/02/2020 10:18:18 a.m.: [Método: System.Collections.Generic.IEnumerable`1[T] Query[T](System.Data.IDbConnection, System.String, System.Object, System.Data.IDbTransaction, Boolean, System.Nullable`1[System.Int32], System.Nullable`1[System.Data.CommandType]), Línea: 0] - ORA-06550: línea 1, columna 41:
PLS-00302: el componente 'USP_SEL_CABECERA_FACTOR' se debe declarar
ORA-06550: línea 1, columna 7:
PL/SQL: Statement ignored
19/02/2020 10:18:18 a.m.: [Método: System.Collections.Generic.List`1[entidad.minem.gob.pe.FactorParametroBE] listarCabeceraFactor(entidad.minem.gob.pe.FactorParametroBE), Línea: 149] - ORA-06550: línea 1, columna 41:
PLS-00302: el componente 'USP_SEL_CABECERA_FACTOR' se debe declarar
ORA-06550: línea 1, columna 7:
PL/SQL: Statement ignored
19/02/2020 10:18:22 a.m.: [Método: Void HandleErrorHelper(Int32, Oracle.DataAccess.Client.OracleConnection, IntPtr, Oracle.DataAccess.Client.OpoSqlValCtx*, System.Object, System.String, Boolean, Int32, Oracle.DataAccess.Client.OracleLogicalTransaction), Línea: 0] - ORA-06550: línea 1, columna 41:
PLS-00302: el componente 'USP_SEL_CABECERA_FACTOR' se debe declarar
ORA-06550: línea 1, columna 7:
PL/SQL: Statement ignored
19/02/2020 10:18:22 a.m.: [Método: Void HandleError(Int32, Oracle.DataAccess.Client.OracleConnection, System.String, IntPtr, Oracle.DataAccess.Client.OpoSqlValCtx*, System.Object, Boolean, Oracle.DataAccess.Client.OracleLogicalTransaction), Línea: 0] - ORA-06550: línea 1, columna 41:
PLS-00302: el componente 'USP_SEL_CABECERA_FACTOR' se debe declarar
ORA-06550: línea 1, columna 7:
PL/SQL: Statement ignored
19/02/2020 10:18:22 a.m.: [Método: Oracle.DataAccess.Client.OracleDataReader ExecuteReader(Boolean, Boolean, System.Data.CommandBehavior), Línea: 0] - ORA-06550: línea 1, columna 41:
PLS-00302: el componente 'USP_SEL_CABECERA_FACTOR' se debe declarar
ORA-06550: línea 1, columna 7:
PL/SQL: Statement ignored
19/02/2020 10:18:22 a.m.: [Método: System.Data.Common.DbDataReader ExecuteDbDataReader(System.Data.CommandBehavior), Línea: 0] - ORA-06550: línea 1, columna 41:
PLS-00302: el componente 'USP_SEL_CABECERA_FACTOR' se debe declarar
ORA-06550: línea 1, columna 7:
PL/SQL: Statement ignored
19/02/2020 10:18:22 a.m.: [Método: System.Data.IDataReader System.Data.IDbCommand.ExecuteReader(System.Data.CommandBehavior), Línea: 0] - ORA-06550: línea 1, columna 41:
PLS-00302: el componente 'USP_SEL_CABECERA_FACTOR' se debe declarar
ORA-06550: línea 1, columna 7:
PL/SQL: Statement ignored
19/02/2020 10:18:22 a.m.: [Método: System.Data.IDataReader ExecuteReaderWithFlagsFallback(System.Data.IDbCommand, Boolean, System.Data.CommandBehavior), Línea: 0] - ORA-06550: línea 1, columna 41:
PLS-00302: el componente 'USP_SEL_CABECERA_FACTOR' se debe declarar
ORA-06550: línea 1, columna 7:
PL/SQL: Statement ignored
19/02/2020 10:18:22 a.m.: [Método: Boolean MoveNext(), Línea: 0] - ORA-06550: línea 1, columna 41:
PLS-00302: el componente 'USP_SEL_CABECERA_FACTOR' se debe declarar
ORA-06550: línea 1, columna 7:
PL/SQL: Statement ignored
19/02/2020 10:18:22 a.m.: [Método: Void .ctor(System.Collections.Generic.IEnumerable`1[T]), Línea: 0] - ORA-06550: línea 1, columna 41:
PLS-00302: el componente 'USP_SEL_CABECERA_FACTOR' se debe declarar
ORA-06550: línea 1, columna 7:
PL/SQL: Statement ignored
19/02/2020 10:18:22 a.m.: [Método: System.Collections.Generic.List`1[TSource] ToList[TSource](System.Collections.Generic.IEnumerable`1[TSource]), Línea: 0] - ORA-06550: línea 1, columna 41:
PLS-00302: el componente 'USP_SEL_CABECERA_FACTOR' se debe declarar
ORA-06550: línea 1, columna 7:
PL/SQL: Statement ignored
19/02/2020 10:18:22 a.m.: [Método: System.Collections.Generic.IEnumerable`1[T] Query[T](System.Data.IDbConnection, System.String, System.Object, System.Data.IDbTransaction, Boolean, System.Nullable`1[System.Int32], System.Nullable`1[System.Data.CommandType]), Línea: 0] - ORA-06550: línea 1, columna 41:
PLS-00302: el componente 'USP_SEL_CABECERA_FACTOR' se debe declarar
ORA-06550: línea 1, columna 7:
PL/SQL: Statement ignored
19/02/2020 10:18:22 a.m.: [Método: System.Collections.Generic.List`1[entidad.minem.gob.pe.FactorParametroBE] listarCabeceraFactor(entidad.minem.gob.pe.FactorParametroBE), Línea: 149] - ORA-06550: línea 1, columna 41:
PLS-00302: el componente 'USP_SEL_CABECERA_FACTOR' se debe declarar
ORA-06550: línea 1, columna 7:
PL/SQL: Statement ignored
19/02/2020 12:57:15 p.m.: [Método: Void HandleErrorHelper(Int32, Oracle.DataAccess.Client.OracleConnection, IntPtr, Oracle.DataAccess.Client.OpoSqlValCtx*, System.Object, System.String, Boolean, Int32, Oracle.DataAccess.Client.OracleLogicalTransaction), Línea: 0] - ORA-06550: línea 1, columna 32:
PLS-00302: el componente 'USP_SEL_GET_FACTOR_DATA' se debe declarar
ORA-06550: línea 1, columna 7:
PL/SQL: Statement ignored
19/02/2020 12:57:15 p.m.: [Método: Void HandleError(Int32, Oracle.DataAccess.Client.OracleConnection, System.String, IntPtr, Oracle.DataAccess.Client.OpoSqlValCtx*, System.Object, Boolean, Oracle.DataAccess.Client.OracleLogicalTransaction), Línea: 0] - ORA-06550: línea 1, columna 32:
PLS-00302: el componente 'USP_SEL_GET_FACTOR_DATA' se debe declarar
ORA-06550: línea 1, columna 7:
PL/SQL: Statement ignored
19/02/2020 12:57:15 p.m.: [Método: Oracle.DataAccess.Client.OracleDataReader ExecuteReader(Boolean, Boolean, System.Data.CommandBehavior), Línea: 0] - ORA-06550: línea 1, columna 32:
PLS-00302: el componente 'USP_SEL_GET_FACTOR_DATA' se debe declarar
ORA-06550: línea 1, columna 7:
PL/SQL: Statement ignored
19/02/2020 12:57:15 p.m.: [Método: System.Data.Common.DbDataReader ExecuteDbDataReader(System.Data.CommandBehavior), Línea: 0] - ORA-06550: línea 1, columna 32:
PLS-00302: el componente 'USP_SEL_GET_FACTOR_DATA' se debe declarar
ORA-06550: línea 1, columna 7:
PL/SQL: Statement ignored
19/02/2020 12:57:15 p.m.: [Método: System.Data.IDataReader System.Data.IDbCommand.ExecuteReader(System.Data.CommandBehavior), Línea: 0] - ORA-06550: línea 1, columna 32:
PLS-00302: el componente 'USP_SEL_GET_FACTOR_DATA' se debe declarar
ORA-06550: línea 1, columna 7:
PL/SQL: Statement ignored
19/02/2020 12:57:15 p.m.: [Método: System.Data.IDataReader ExecuteReaderWithFlagsFallback(System.Data.IDbCommand, Boolean, System.Data.CommandBehavior), Línea: 0] - ORA-06550: línea 1, columna 32:
PLS-00302: el componente 'USP_SEL_GET_FACTOR_DATA' se debe declarar
ORA-06550: línea 1, columna 7:
PL/SQL: Statement ignored
19/02/2020 12:57:15 p.m.: [Método: Boolean MoveNext(), Línea: 0] - ORA-06550: línea 1, columna 32:
PLS-00302: el componente 'USP_SEL_GET_FACTOR_DATA' se debe declarar
ORA-06550: línea 1, columna 7:
PL/SQL: Statement ignored
19/02/2020 12:57:15 p.m.: [Método: Void .ctor(System.Collections.Generic.IEnumerable`1[T]), Línea: 0] - ORA-06550: línea 1, columna 32:
PLS-00302: el componente 'USP_SEL_GET_FACTOR_DATA' se debe declarar
ORA-06550: línea 1, columna 7:
PL/SQL: Statement ignored
19/02/2020 12:57:15 p.m.: [Método: System.Collections.Generic.List`1[TSource] ToList[TSource](System.Collections.Generic.IEnumerable`1[TSource]), Línea: 0] - ORA-06550: línea 1, columna 32:
PLS-00302: el componente 'USP_SEL_GET_FACTOR_DATA' se debe declarar
ORA-06550: línea 1, columna 7:
PL/SQL: Statement ignored
19/02/2020 12:57:15 p.m.: [Método: System.Collections.Generic.IEnumerable`1[T] Query[T](System.Data.IDbConnection, System.String, System.Object, System.Data.IDbTransaction, Boolean, System.Nullable`1[System.Int32], System.Nullable`1[System.Data.CommandType]), Línea: 0] - ORA-06550: línea 1, columna 32:
PLS-00302: el componente 'USP_SEL_GET_FACTOR_DATA' se debe declarar
ORA-06550: línea 1, columna 7:
PL/SQL: Statement ignored
19/02/2020 12:57:15 p.m.: [Método: System.Collections.Generic.List`1[entidad.minem.gob.pe.FactorParametroDataBE] ListarDatosFactorData(entidad.minem.gob.pe.FactorParametroDataBE), Línea: 224] - ORA-06550: línea 1, columna 32:
PLS-00302: el componente 'USP_SEL_GET_FACTOR_DATA' se debe declarar
ORA-06550: línea 1, columna 7:
PL/SQL: Statement ignored
19/02/2020 12:57:15 p.m.: [Método: Void HandleErrorHelper(Int32, Oracle.DataAccess.Client.OracleConnection, IntPtr, Oracle.DataAccess.Client.OpoSqlValCtx*, System.Object, System.String, Boolean, Int32, Oracle.DataAccess.Client.OracleLogicalTransaction), Línea: 0] - ORA-06550: línea 1, columna 41:
PLS-00302: el componente 'USP_SEL_CUERPO_FACTOR' se debe declarar
ORA-06550: línea 1, columna 7:
PL/SQL: Statement ignored
19/02/2020 12:57:15 p.m.: [Método: Void HandleError(Int32, Oracle.DataAccess.Client.OracleConnection, System.String, IntPtr, Oracle.DataAccess.Client.OpoSqlValCtx*, System.Object, Boolean, Oracle.DataAccess.Client.OracleLogicalTransaction), Línea: 0] - ORA-06550: línea 1, columna 41:
PLS-00302: el componente 'USP_SEL_CUERPO_FACTOR' se debe declarar
ORA-06550: línea 1, columna 7:
PL/SQL: Statement ignored
19/02/2020 12:57:15 p.m.: [Método: Oracle.DataAccess.Client.OracleDataReader ExecuteReader(Boolean, Boolean, System.Data.CommandBehavior), Línea: 0] - ORA-06550: línea 1, columna 41:
PLS-00302: el componente 'USP_SEL_CUERPO_FACTOR' se debe declarar
ORA-06550: línea 1, columna 7:
PL/SQL: Statement ignored
19/02/2020 12:57:15 p.m.: [Método: System.Data.Common.DbDataReader ExecuteDbDataReader(System.Data.CommandBehavior), Línea: 0] - ORA-06550: línea 1, columna 41:
PLS-00302: el componente 'USP_SEL_CUERPO_FACTOR' se debe declarar
ORA-06550: línea 1, columna 7:
PL/SQL: Statement ignored
19/02/2020 12:57:15 p.m.: [Método: System.Data.IDataReader System.Data.IDbCommand.ExecuteReader(System.Data.CommandBehavior), Línea: 0] - ORA-06550: línea 1, columna 41:
PLS-00302: el componente 'USP_SEL_CUERPO_FACTOR' se debe declarar
ORA-06550: línea 1, columna 7:
PL/SQL: Statement ignored
19/02/2020 12:57:15 p.m.: [Método: System.Data.IDataReader ExecuteReaderWithFlagsFallback(System.Data.IDbCommand, Boolean, System.Data.CommandBehavior), Línea: 0] - ORA-06550: línea 1, columna 41:
PLS-00302: el componente 'USP_SEL_CUERPO_FACTOR' se debe declarar
ORA-06550: línea 1, columna 7:
PL/SQL: Statement ignored
19/02/2020 12:57:15 p.m.: [Método: Boolean MoveNext(), Línea: 0] - ORA-06550: línea 1, columna 41:
PLS-00302: el componente 'USP_SEL_CUERPO_FACTOR' se debe declarar
ORA-06550: línea 1, columna 7:
PL/SQL: Statement ignored
19/02/2020 12:57:15 p.m.: [Método: Void .ctor(System.Collections.Generic.IEnumerable`1[T]), Línea: 0] - ORA-06550: línea 1, columna 41:
PLS-00302: el componente 'USP_SEL_CUERPO_FACTOR' se debe declarar
ORA-06550: línea 1, columna 7:
PL/SQL: Statement ignored
19/02/2020 12:57:15 p.m.: [Método: System.Collections.Generic.List`1[TSource] ToList[TSource](System.Collections.Generic.IEnumerable`1[TSource]), Línea: 0] - ORA-06550: línea 1, columna 41:
PLS-00302: el componente 'USP_SEL_CUERPO_FACTOR' se debe declarar
ORA-06550: línea 1, columna 7:
PL/SQL: Statement ignored
19/02/2020 12:57:15 p.m.: [Método: System.Collections.Generic.IEnumerable`1[T] Query[T](System.Data.IDbConnection, System.String, System.Object, System.Data.IDbTransaction, Boolean, System.Nullable`1[System.Int32], System.Nullable`1[System.Data.CommandType]), Línea: 0] - ORA-06550: línea 1, columna 41:
PLS-00302: el componente 'USP_SEL_CUERPO_FACTOR' se debe declarar
ORA-06550: línea 1, columna 7:
PL/SQL: Statement ignored
19/02/2020 12:57:15 p.m.: [Método: System.Collections.Generic.List`1[entidad.minem.gob.pe.FactorParametroBE] listarCuerpoFactor(entidad.minem.gob.pe.FactorParametroBE), Línea: 172] - ORA-06550: línea 1, columna 41:
PLS-00302: el componente 'USP_SEL_CUERPO_FACTOR' se debe declarar
ORA-06550: línea 1, columna 7:
PL/SQL: Statement ignored
19/02/2020 12:57:29 p.m.: [Método: Void HandleErrorHelper(Int32, Oracle.DataAccess.Client.OracleConnection, IntPtr, Oracle.DataAccess.Client.OpoSqlValCtx*, System.Object, System.String, Boolean, Int32, Oracle.DataAccess.Client.OracleLogicalTransaction), Línea: 0] - ORA-06550: línea 1, columna 32:
PLS-00302: el componente 'USP_SEL_GET_FACTOR_DATA' se debe declarar
ORA-06550: línea 1, columna 7:
PL/SQL: Statement ignored
19/02/2020 12:57:29 p.m.: [Método: Void HandleError(Int32, Oracle.DataAccess.Client.OracleConnection, System.String, IntPtr, Oracle.DataAccess.Client.OpoSqlValCtx*, System.Object, Boolean, Oracle.DataAccess.Client.OracleLogicalTransaction), Línea: 0] - ORA-06550: línea 1, columna 32:
PLS-00302: el componente 'USP_SEL_GET_FACTOR_DATA' se debe declarar
ORA-06550: línea 1, columna 7:
PL/SQL: Statement ignored
19/02/2020 12:57:29 p.m.: [Método: Oracle.DataAccess.Client.OracleDataReader ExecuteReader(Boolean, Boolean, System.Data.CommandBehavior), Línea: 0] - ORA-06550: línea 1, columna 32:
PLS-00302: el componente 'USP_SEL_GET_FACTOR_DATA' se debe declarar
ORA-06550: línea 1, columna 7:
PL/SQL: Statement ignored
19/02/2020 12:57:29 p.m.: [Método: System.Data.Common.DbDataReader ExecuteDbDataReader(System.Data.CommandBehavior), Línea: 0] - ORA-06550: línea 1, columna 32:
PLS-00302: el componente 'USP_SEL_GET_FACTOR_DATA' se debe declarar
ORA-06550: línea 1, columna 7:
PL/SQL: Statement ignored
19/02/2020 12:57:29 p.m.: [Método: System.Data.IDataReader System.Data.IDbCommand.ExecuteReader(System.Data.CommandBehavior), Línea: 0] - ORA-06550: línea 1, columna 32:
PLS-00302: el componente 'USP_SEL_GET_FACTOR_DATA' se debe declarar
ORA-06550: línea 1, columna 7:
PL/SQL: Statement ignored
19/02/2020 12:57:29 p.m.: [Método: System.Data.IDataReader ExecuteReaderWithFlagsFallback(System.Data.IDbCommand, Boolean, System.Data.CommandBehavior), Línea: 0] - ORA-06550: línea 1, columna 32:
PLS-00302: el componente 'USP_SEL_GET_FACTOR_DATA' se debe declarar
ORA-06550: línea 1, columna 7:
PL/SQL: Statement ignored
19/02/2020 12:57:29 p.m.: [Método: Boolean MoveNext(), Línea: 0] - ORA-06550: línea 1, columna 32:
PLS-00302: el componente 'USP_SEL_GET_FACTOR_DATA' se debe declarar
ORA-06550: línea 1, columna 7:
PL/SQL: Statement ignored
19/02/2020 12:57:29 p.m.: [Método: Void .ctor(System.Collections.Generic.IEnumerable`1[T]), Línea: 0] - ORA-06550: línea 1, columna 32:
PLS-00302: el componente 'USP_SEL_GET_FACTOR_DATA' se debe declarar
ORA-06550: línea 1, columna 7:
PL/SQL: Statement ignored
19/02/2020 12:57:29 p.m.: [Método: System.Collections.Generic.List`1[TSource] ToList[TSource](System.Collections.Generic.IEnumerable`1[TSource]), Línea: 0] - ORA-06550: línea 1, columna 32:
PLS-00302: el componente 'USP_SEL_GET_FACTOR_DATA' se debe declarar
ORA-06550: línea 1, columna 7:
PL/SQL: Statement ignored
19/02/2020 12:57:29 p.m.: [Método: System.Collections.Generic.IEnumerable`1[T] Query[T](System.Data.IDbConnection, System.String, System.Object, System.Data.IDbTransaction, Boolean, System.Nullable`1[System.Int32], System.Nullable`1[System.Data.CommandType]), Línea: 0] - ORA-06550: línea 1, columna 32:
PLS-00302: el componente 'USP_SEL_GET_FACTOR_DATA' se debe declarar
ORA-06550: línea 1, columna 7:
PL/SQL: Statement ignored
19/02/2020 12:57:29 p.m.: [Método: System.Collections.Generic.List`1[entidad.minem.gob.pe.FactorParametroDataBE] ListarDatosFactorData(entidad.minem.gob.pe.FactorParametroDataBE), Línea: 224] - ORA-06550: línea 1, columna 32:
PLS-00302: el componente 'USP_SEL_GET_FACTOR_DATA' se debe declarar
ORA-06550: línea 1, columna 7:
PL/SQL: Statement ignored
19/02/2020 12:57:29 p.m.: [Método: Void HandleErrorHelper(Int32, Oracle.DataAccess.Client.OracleConnection, IntPtr, Oracle.DataAccess.Client.OpoSqlValCtx*, System.Object, System.String, Boolean, Int32, Oracle.DataAccess.Client.OracleLogicalTransaction), Línea: 0] - ORA-06550: línea 1, columna 41:
PLS-00302: el componente 'USP_SEL_CUERPO_FACTOR' se debe declarar
ORA-06550: línea 1, columna 7:
PL/SQL: Statement ignored
19/02/2020 12:57:29 p.m.: [Método: Void HandleError(Int32, Oracle.DataAccess.Client.OracleConnection, System.String, IntPtr, Oracle.DataAccess.Client.OpoSqlValCtx*, System.Object, Boolean, Oracle.DataAccess.Client.OracleLogicalTransaction), Línea: 0] - ORA-06550: línea 1, columna 41:
PLS-00302: el componente 'USP_SEL_CUERPO_FACTOR' se debe declarar
ORA-06550: línea 1, columna 7:
PL/SQL: Statement ignored
19/02/2020 12:57:29 p.m.: [Método: Oracle.DataAccess.Client.OracleDataReader ExecuteReader(Boolean, Boolean, System.Data.CommandBehavior), Línea: 0] - ORA-06550: línea 1, columna 41:
PLS-00302: el componente 'USP_SEL_CUERPO_FACTOR' se debe declarar
ORA-06550: línea 1, columna 7:
PL/SQL: Statement ignored
19/02/2020 12:57:29 p.m.: [Método: System.Data.Common.DbDataReader ExecuteDbDataReader(System.Data.CommandBehavior), Línea: 0] - ORA-06550: línea 1, columna 41:
PLS-00302: el componente 'USP_SEL_CUERPO_FACTOR' se debe declarar
ORA-06550: línea 1, columna 7:
PL/SQL: Statement ignored
19/02/2020 12:57:29 p.m.: [Método: System.Data.IDataReader System.Data.IDbCommand.ExecuteReader(System.Data.CommandBehavior), Línea: 0] - ORA-06550: línea 1, columna 41:
PLS-00302: el componente 'USP_SEL_CUERPO_FACTOR' se debe declarar
ORA-06550: línea 1, columna 7:
PL/SQL: Statement ignored
19/02/2020 12:57:29 p.m.: [Método: System.Data.IDataReader ExecuteReaderWithFlagsFallback(System.Data.IDbCommand, Boolean, System.Data.CommandBehavior), Línea: 0] - ORA-06550: línea 1, columna 41:
PLS-00302: el componente 'USP_SEL_CUERPO_FACTOR' se debe declarar
ORA-06550: línea 1, columna 7:
PL/SQL: Statement ignored
19/02/2020 12:57:29 p.m.: [Método: Boolean MoveNext(), Línea: 0] - ORA-06550: línea 1, columna 41:
PLS-00302: el componente 'USP_SEL_CUERPO_FACTOR' se debe declarar
ORA-06550: línea 1, columna 7:
PL/SQL: Statement ignored
19/02/2020 12:57:29 p.m.: [Método: Void .ctor(System.Collections.Generic.IEnumerable`1[T]), Línea: 0] - ORA-06550: línea 1, columna 41:
PLS-00302: el componente 'USP_SEL_CUERPO_FACTOR' se debe declarar
ORA-06550: línea 1, columna 7:
PL/SQL: Statement ignored
19/02/2020 12:57:29 p.m.: [Método: System.Collections.Generic.List`1[TSource] ToList[TSource](System.Collections.Generic.IEnumerable`1[TSource]), Línea: 0] - ORA-06550: línea 1, columna 41:
PLS-00302: el componente 'USP_SEL_CUERPO_FACTOR' se debe declarar
ORA-06550: línea 1, columna 7:
PL/SQL: Statement ignored
19/02/2020 12:57:29 p.m.: [Método: System.Collections.Generic.IEnumerable`1[T] Query[T](System.Data.IDbConnection, System.String, System.Object, System.Data.IDbTransaction, Boolean, System.Nullable`1[System.Int32], System.Nullable`1[System.Data.CommandType]), Línea: 0] - ORA-06550: línea 1, columna 41:
PLS-00302: el componente 'USP_SEL_CUERPO_FACTOR' se debe declarar
ORA-06550: línea 1, columna 7:
PL/SQL: Statement ignored
19/02/2020 12:57:29 p.m.: [Método: System.Collections.Generic.List`1[entidad.minem.gob.pe.FactorParametroBE] listarCuerpoFactor(entidad.minem.gob.pe.FactorParametroBE), Línea: 172] - ORA-06550: línea 1, columna 41:
PLS-00302: el componente 'USP_SEL_CUERPO_FACTOR' se debe declarar
ORA-06550: línea 1, columna 7:
PL/SQL: Statement ignored
19/02/2020 12:57:38 p.m.: [Método: Void HandleErrorHelper(Int32, Oracle.DataAccess.Client.OracleConnection, IntPtr, Oracle.DataAccess.Client.OpoSqlValCtx*, System.Object, System.String, Boolean, Int32, Oracle.DataAccess.Client.OracleLogicalTransaction), Línea: 0] - ORA-06550: línea 1, columna 32:
PLS-00302: el componente 'USP_SEL_GET_FACTOR_DATA' se debe declarar
ORA-06550: línea 1, columna 7:
PL/SQL: Statement ignored
19/02/2020 12:57:38 p.m.: [Método: Void HandleError(Int32, Oracle.DataAccess.Client.OracleConnection, System.String, IntPtr, Oracle.DataAccess.Client.OpoSqlValCtx*, System.Object, Boolean, Oracle.DataAccess.Client.OracleLogicalTransaction), Línea: 0] - ORA-06550: línea 1, columna 32:
PLS-00302: el componente 'USP_SEL_GET_FACTOR_DATA' se debe declarar
ORA-06550: línea 1, columna 7:
PL/SQL: Statement ignored
19/02/2020 12:57:38 p.m.: [Método: Oracle.DataAccess.Client.OracleDataReader ExecuteReader(Boolean, Boolean, System.Data.CommandBehavior), Línea: 0] - ORA-06550: línea 1, columna 32:
PLS-00302: el componente 'USP_SEL_GET_FACTOR_DATA' se debe declarar
ORA-06550: línea 1, columna 7:
PL/SQL: Statement ignored
19/02/2020 12:57:38 p.m.: [Método: System.Data.Common.DbDataReader ExecuteDbDataReader(System.Data.CommandBehavior), Línea: 0] - ORA-06550: línea 1, columna 32:
PLS-00302: el componente 'USP_SEL_GET_FACTOR_DATA' se debe declarar
ORA-06550: línea 1, columna 7:
PL/SQL: Statement ignored
19/02/2020 12:57:38 p.m.: [Método: System.Data.IDataReader System.Data.IDbCommand.ExecuteReader(System.Data.CommandBehavior), Línea: 0] - ORA-06550: línea 1, columna 32:
PLS-00302: el componente 'USP_SEL_GET_FACTOR_DATA' se debe declarar
ORA-06550: línea 1, columna 7:
PL/SQL: Statement ignored
19/02/2020 12:57:38 p.m.: [Método: System.Data.IDataReader ExecuteReaderWithFlagsFallback(System.Data.IDbCommand, Boolean, System.Data.CommandBehavior), Línea: 0] - ORA-06550: línea 1, columna 32:
PLS-00302: el componente 'USP_SEL_GET_FACTOR_DATA' se debe declarar
ORA-06550: línea 1, columna 7:
PL/SQL: Statement ignored
19/02/2020 12:57:38 p.m.: [Método: Boolean MoveNext(), Línea: 0] - ORA-06550: línea 1, columna 32:
PLS-00302: el componente 'USP_SEL_GET_FACTOR_DATA' se debe declarar
ORA-06550: línea 1, columna 7:
PL/SQL: Statement ignored
19/02/2020 12:57:38 p.m.: [Método: Void .ctor(System.Collections.Generic.IEnumerable`1[T]), Línea: 0] - ORA-06550: línea 1, columna 32:
PLS-00302: el componente 'USP_SEL_GET_FACTOR_DATA' se debe declarar
ORA-06550: línea 1, columna 7:
PL/SQL: Statement ignored
19/02/2020 12:57:38 p.m.: [Método: System.Collections.Generic.List`1[TSource] ToList[TSource](System.Collections.Generic.IEnumerable`1[TSource]), Línea: 0] - ORA-06550: línea 1, columna 32:
PLS-00302: el componente 'USP_SEL_GET_FACTOR_DATA' se debe declarar
ORA-06550: línea 1, columna 7:
PL/SQL: Statement ignored
19/02/2020 12:57:38 p.m.: [Método: System.Collections.Generic.IEnumerable`1[T] Query[T](System.Data.IDbConnection, System.String, System.Object, System.Data.IDbTransaction, Boolean, System.Nullable`1[System.Int32], System.Nullable`1[System.Data.CommandType]), Línea: 0] - ORA-06550: línea 1, columna 32:
PLS-00302: el componente 'USP_SEL_GET_FACTOR_DATA' se debe declarar
ORA-06550: línea 1, columna 7:
PL/SQL: Statement ignored
19/02/2020 12:57:38 p.m.: [Método: System.Collections.Generic.List`1[entidad.minem.gob.pe.FactorParametroDataBE] ListarDatosFactorData(entidad.minem.gob.pe.FactorParametroDataBE), Línea: 224] - ORA-06550: línea 1, columna 32:
PLS-00302: el componente 'USP_SEL_GET_FACTOR_DATA' se debe declarar
ORA-06550: línea 1, columna 7:
PL/SQL: Statement ignored
19/02/2020 12:57:38 p.m.: [Método: Void HandleErrorHelper(Int32, Oracle.DataAccess.Client.OracleConnection, IntPtr, Oracle.DataAccess.Client.OpoSqlValCtx*, System.Object, System.String, Boolean, Int32, Oracle.DataAccess.Client.OracleLogicalTransaction), Línea: 0] - ORA-06550: línea 1, columna 41:
PLS-00302: el componente 'USP_SEL_CUERPO_FACTOR' se debe declarar
ORA-06550: línea 1, columna 7:
PL/SQL: Statement ignored
19/02/2020 12:57:38 p.m.: [Método: Void HandleError(Int32, Oracle.DataAccess.Client.OracleConnection, System.String, IntPtr, Oracle.DataAccess.Client.OpoSqlValCtx*, System.Object, Boolean, Oracle.DataAccess.Client.OracleLogicalTransaction), Línea: 0] - ORA-06550: línea 1, columna 41:
PLS-00302: el componente 'USP_SEL_CUERPO_FACTOR' se debe declarar
ORA-06550: línea 1, columna 7:
PL/SQL: Statement ignored
19/02/2020 12:57:38 p.m.: [Método: Oracle.DataAccess.Client.OracleDataReader ExecuteReader(Boolean, Boolean, System.Data.CommandBehavior), Línea: 0] - ORA-06550: línea 1, columna 41:
PLS-00302: el componente 'USP_SEL_CUERPO_FACTOR' se debe declarar
ORA-06550: línea 1, columna 7:
PL/SQL: Statement ignored
19/02/2020 12:57:38 p.m.: [Método: System.Data.Common.DbDataReader ExecuteDbDataReader(System.Data.CommandBehavior), Línea: 0] - ORA-06550: línea 1, columna 41:
PLS-00302: el componente 'USP_SEL_CUERPO_FACTOR' se debe declarar
ORA-06550: línea 1, columna 7:
PL/SQL: Statement ignored
19/02/2020 12:57:38 p.m.: [Método: System.Data.IDataReader System.Data.IDbCommand.ExecuteReader(System.Data.CommandBehavior), Línea: 0] - ORA-06550: línea 1, columna 41:
PLS-00302: el componente 'USP_SEL_CUERPO_FACTOR' se debe declarar
ORA-06550: línea 1, columna 7:
PL/SQL: Statement ignored
19/02/2020 12:57:38 p.m.: [Método: System.Data.IDataReader ExecuteReaderWithFlagsFallback(System.Data.IDbCommand, Boolean, System.Data.CommandBehavior), Línea: 0] - ORA-06550: línea 1, columna 41:
PLS-00302: el componente 'USP_SEL_CUERPO_FACTOR' se debe declarar
ORA-06550: línea 1, columna 7:
PL/SQL: Statement ignored
19/02/2020 12:57:38 p.m.: [Método: Boolean MoveNext(), Línea: 0] - ORA-06550: línea 1, columna 41:
PLS-00302: el componente 'USP_SEL_CUERPO_FACTOR' se debe declarar
ORA-06550: línea 1, columna 7:
PL/SQL: Statement ignored
19/02/2020 12:57:38 p.m.: [Método: Void .ctor(System.Collections.Generic.IEnumerable`1[T]), Línea: 0] - ORA-06550: línea 1, columna 41:
PLS-00302: el componente 'USP_SEL_CUERPO_FACTOR' se debe declarar
ORA-06550: línea 1, columna 7:
PL/SQL: Statement ignored
19/02/2020 12:57:38 p.m.: [Método: System.Collections.Generic.List`1[TSource] ToList[TSource](System.Collections.Generic.IEnumerable`1[TSource]), Línea: 0] - ORA-06550: línea 1, columna 41:
PLS-00302: el componente 'USP_SEL_CUERPO_FACTOR' se debe declarar
ORA-06550: línea 1, columna 7:
PL/SQL: Statement ignored
19/02/2020 12:57:38 p.m.: [Método: System.Collections.Generic.IEnumerable`1[T] Query[T](System.Data.IDbConnection, System.String, System.Object, System.Data.IDbTransaction, Boolean, System.Nullable`1[System.Int32], System.Nullable`1[System.Data.CommandType]), Línea: 0] - ORA-06550: línea 1, columna 41:
PLS-00302: el componente 'USP_SEL_CUERPO_FACTOR' se debe declarar
ORA-06550: línea 1, columna 7:
PL/SQL: Statement ignored
19/02/2020 12:57:38 p.m.: [Método: System.Collections.Generic.List`1[entidad.minem.gob.pe.FactorParametroBE] listarCuerpoFactor(entidad.minem.gob.pe.FactorParametroBE), Línea: 172] - ORA-06550: línea 1, columna 41:
PLS-00302: el componente 'USP_SEL_CUERPO_FACTOR' se debe declarar
ORA-06550: línea 1, columna 7:
PL/SQL: Statement ignored
19/02/2020 12:58:44 p.m.: [Método: Void HandleErrorHelper(Int32, Oracle.DataAccess.Client.OracleConnection, IntPtr, Oracle.DataAccess.Client.OpoSqlValCtx*, System.Object, System.String, Boolean, Int32, Oracle.DataAccess.Client.OracleLogicalTransaction), Línea: 0] - ORA-06550: línea 1, columna 32:
PLS-00302: el componente 'USP_SEL_GET_FACTOR_DATA' se debe declarar
ORA-06550: línea 1, columna 7:
PL/SQL: Statement ignored
19/02/2020 12:58:44 p.m.: [Método: Void HandleError(Int32, Oracle.DataAccess.Client.OracleConnection, System.String, IntPtr, Oracle.DataAccess.Client.OpoSqlValCtx*, System.Object, Boolean, Oracle.DataAccess.Client.OracleLogicalTransaction), Línea: 0] - ORA-06550: línea 1, columna 32:
PLS-00302: el componente 'USP_SEL_GET_FACTOR_DATA' se debe declarar
ORA-06550: línea 1, columna 7:
PL/SQL: Statement ignored
19/02/2020 12:58:44 p.m.: [Método: Oracle.DataAccess.Client.OracleDataReader ExecuteReader(Boolean, Boolean, System.Data.CommandBehavior), Línea: 0] - ORA-06550: línea 1, columna 32:
PLS-00302: el componente 'USP_SEL_GET_FACTOR_DATA' se debe declarar
ORA-06550: línea 1, columna 7:
PL/SQL: Statement ignored
19/02/2020 12:58:44 p.m.: [Método: System.Data.Common.DbDataReader ExecuteDbDataReader(System.Data.CommandBehavior), Línea: 0] - ORA-06550: línea 1, columna 32:
PLS-00302: el componente 'USP_SEL_GET_FACTOR_DATA' se debe declarar
ORA-06550: línea 1, columna 7:
PL/SQL: Statement ignored
19/02/2020 12:58:44 p.m.: [Método: System.Data.IDataReader System.Data.IDbCommand.ExecuteReader(System.Data.CommandBehavior), Línea: 0] - ORA-06550: línea 1, columna 32:
PLS-00302: el componente 'USP_SEL_GET_FACTOR_DATA' se debe declarar
ORA-06550: línea 1, columna 7:
PL/SQL: Statement ignored
19/02/2020 12:58:44 p.m.: [Método: System.Data.IDataReader ExecuteReaderWithFlagsFallback(System.Data.IDbCommand, Boolean, System.Data.CommandBehavior), Línea: 0] - ORA-06550: línea 1, columna 32:
PLS-00302: el componente 'USP_SEL_GET_FACTOR_DATA' se debe declarar
ORA-06550: línea 1, columna 7:
PL/SQL: Statement ignored
19/02/2020 12:58:44 p.m.: [Método: Boolean MoveNext(), Línea: 0] - ORA-06550: línea 1, columna 32:
PLS-00302: el componente 'USP_SEL_GET_FACTOR_DATA' se debe declarar
ORA-06550: línea 1, columna 7:
PL/SQL: Statement ignored
19/02/2020 12:58:44 p.m.: [Método: Void .ctor(System.Collections.Generic.IEnumerable`1[T]), Línea: 0] - ORA-06550: línea 1, columna 32:
PLS-00302: el componente 'USP_SEL_GET_FACTOR_DATA' se debe declarar
ORA-06550: línea 1, columna 7:
PL/SQL: Statement ignored
19/02/2020 12:58:44 p.m.: [Método: System.Collections.Generic.List`1[TSource] ToList[TSource](System.Collections.Generic.IEnumerable`1[TSource]), Línea: 0] - ORA-06550: línea 1, columna 32:
PLS-00302: el componente 'USP_SEL_GET_FACTOR_DATA' se debe declarar
ORA-06550: línea 1, columna 7:
PL/SQL: Statement ignored
19/02/2020 12:58:44 p.m.: [Método: System.Collections.Generic.IEnumerable`1[T] Query[T](System.Data.IDbConnection, System.String, System.Object, System.Data.IDbTransaction, Boolean, System.Nullable`1[System.Int32], System.Nullable`1[System.Data.CommandType]), Línea: 0] - ORA-06550: línea 1, columna 32:
PLS-00302: el componente 'USP_SEL_GET_FACTOR_DATA' se debe declarar
ORA-06550: línea 1, columna 7:
PL/SQL: Statement ignored
19/02/2020 12:58:44 p.m.: [Método: System.Collections.Generic.List`1[entidad.minem.gob.pe.FactorParametroDataBE] ListarDatosFactorData(entidad.minem.gob.pe.FactorParametroDataBE), Línea: 0] - ORA-06550: línea 1, columna 32:
PLS-00302: el componente 'USP_SEL_GET_FACTOR_DATA' se debe declarar
ORA-06550: línea 1, columna 7:
PL/SQL: Statement ignored
19/02/2020 12:58:44 p.m.: [Método: Void HandleErrorHelper(Int32, Oracle.DataAccess.Client.OracleConnection, IntPtr, Oracle.DataAccess.Client.OpoSqlValCtx*, System.Object, System.String, Boolean, Int32, Oracle.DataAccess.Client.OracleLogicalTransaction), Línea: 0] - ORA-06550: línea 1, columna 41:
PLS-00302: el componente 'USP_SEL_CUERPO_FACTOR' se debe declarar
ORA-06550: línea 1, columna 7:
PL/SQL: Statement ignored
19/02/2020 12:58:44 p.m.: [Método: Void HandleError(Int32, Oracle.DataAccess.Client.OracleConnection, System.String, IntPtr, Oracle.DataAccess.Client.OpoSqlValCtx*, System.Object, Boolean, Oracle.DataAccess.Client.OracleLogicalTransaction), Línea: 0] - ORA-06550: línea 1, columna 41:
PLS-00302: el componente 'USP_SEL_CUERPO_FACTOR' se debe declarar
ORA-06550: línea 1, columna 7:
PL/SQL: Statement ignored
19/02/2020 12:58:44 p.m.: [Método: Oracle.DataAccess.Client.OracleDataReader ExecuteReader(Boolean, Boolean, System.Data.CommandBehavior), Línea: 0] - ORA-06550: línea 1, columna 41:
PLS-00302: el componente 'USP_SEL_CUERPO_FACTOR' se debe declarar
ORA-06550: línea 1, columna 7:
PL/SQL: Statement ignored
19/02/2020 12:58:44 p.m.: [Método: System.Data.Common.DbDataReader ExecuteDbDataReader(System.Data.CommandBehavior), Línea: 0] - ORA-06550: línea 1, columna 41:
PLS-00302: el componente 'USP_SEL_CUERPO_FACTOR' se debe declarar
ORA-06550: línea 1, columna 7:
PL/SQL: Statement ignored
19/02/2020 12:58:44 p.m.: [Método: System.Data.IDataReader System.Data.IDbCommand.ExecuteReader(System.Data.CommandBehavior), Línea: 0] - ORA-06550: línea 1, columna 41:
PLS-00302: el componente 'USP_SEL_CUERPO_FACTOR' se debe declarar
ORA-06550: línea 1, columna 7:
PL/SQL: Statement ignored
19/02/2020 12:58:44 p.m.: [Método: System.Data.IDataReader ExecuteReaderWithFlagsFallback(System.Data.IDbCommand, Boolean, System.Data.CommandBehavior), Línea: 0] - ORA-06550: línea 1, columna 41:
PLS-00302: el componente 'USP_SEL_CUERPO_FACTOR' se debe declarar
ORA-06550: línea 1, columna 7:
PL/SQL: Statement ignored
19/02/2020 12:58:44 p.m.: [Método: Boolean MoveNext(), Línea: 0] - ORA-06550: línea 1, columna 41:
PLS-00302: el componente 'USP_SEL_CUERPO_FACTOR' se debe declarar
ORA-06550: línea 1, columna 7:
PL/SQL: Statement ignored
19/02/2020 12:58:44 p.m.: [Método: Void .ctor(System.Collections.Generic.IEnumerable`1[T]), Línea: 0] - ORA-06550: línea 1, columna 41:
PLS-00302: el componente 'USP_SEL_CUERPO_FACTOR' se debe declarar
ORA-06550: línea 1, columna 7:
PL/SQL: Statement ignored
19/02/2020 12:58:44 p.m.: [Método: System.Collections.Generic.List`1[TSource] ToList[TSource](System.Collections.Generic.IEnumerable`1[TSource]), Línea: 0] - ORA-06550: línea 1, columna 41:
PLS-00302: el componente 'USP_SEL_CUERPO_FACTOR' se debe declarar
ORA-06550: línea 1, columna 7:
PL/SQL: Statement ignored
19/02/2020 12:58:44 p.m.: [Método: System.Collections.Generic.IEnumerable`1[T] Query[T](System.Data.IDbConnection, System.String, System.Object, System.Data.IDbTransaction, Boolean, System.Nullable`1[System.Int32], System.Nullable`1[System.Data.CommandType]), Línea: 0] - ORA-06550: línea 1, columna 41:
PLS-00302: el componente 'USP_SEL_CUERPO_FACTOR' se debe declarar
ORA-06550: línea 1, columna 7:
PL/SQL: Statement ignored
19/02/2020 12:58:44 p.m.: [Método: System.Collections.Generic.List`1[entidad.minem.gob.pe.FactorParametroBE] listarCuerpoFactor(entidad.minem.gob.pe.FactorParametroBE), Línea: 0] - ORA-06550: línea 1, columna 41:
PLS-00302: el componente 'USP_SEL_CUERPO_FACTOR' se debe declarar
ORA-06550: línea 1, columna 7:
PL/SQL: Statement ignored
19/02/2020 12:58:57 p.m.: [Método: Void HandleErrorHelper(Int32, Oracle.DataAccess.Client.OracleConnection, IntPtr, Oracle.DataAccess.Client.OpoSqlValCtx*, System.Object, System.String, Boolean, Int32, Oracle.DataAccess.Client.OracleLogicalTransaction), Línea: 0] - ORA-01722: número no válido
19/02/2020 12:58:57 p.m.: [Método: Boolean Read(), Línea: 0] - ORA-01722: número no válido
19/02/2020 12:58:57 p.m.: [Método: Boolean MoveNext(), Línea: 0] - ORA-01722: número no válido
19/02/2020 12:58:57 p.m.: [Método: Void .ctor(System.Collections.Generic.IEnumerable`1[T]), Línea: 0] - ORA-01722: número no válido
19/02/2020 12:58:57 p.m.: [Método: System.Collections.Generic.List`1[TSource] ToList[TSource](System.Collections.Generic.IEnumerable`1[TSource]), Línea: 0] - ORA-01722: número no válido
19/02/2020 12:58:57 p.m.: [Método: System.Collections.Generic.IEnumerable`1[T] Query[T](System.Data.IDbConnection, System.String, System.Object, System.Data.IDbTransaction, Boolean, System.Nullable`1[System.Int32], System.Nullable`1[System.Data.CommandType]), Línea: 0] - ORA-01722: número no válido
19/02/2020 12:58:57 p.m.: [Método: System.Collections.Generic.List`1[entidad.minem.gob.pe.FactorParametroDataBE] ListarDatosFactorData(entidad.minem.gob.pe.FactorParametroDataBE), Línea: 0] - ORA-01722: número no válido
19/02/2020 12:58:57 p.m.: [Método: Void HandleErrorHelper(Int32, Oracle.DataAccess.Client.OracleConnection, IntPtr, Oracle.DataAccess.Client.OpoSqlValCtx*, System.Object, System.String, Boolean, Int32, Oracle.DataAccess.Client.OracleLogicalTransaction), Línea: 0] - ORA-06550: línea 1, columna 41:
PLS-00302: el componente 'USP_SEL_CUERPO_FACTOR' se debe declarar
ORA-06550: línea 1, columna 7:
PL/SQL: Statement ignored
19/02/2020 12:58:57 p.m.: [Método: Void HandleError(Int32, Oracle.DataAccess.Client.OracleConnection, System.String, IntPtr, Oracle.DataAccess.Client.OpoSqlValCtx*, System.Object, Boolean, Oracle.DataAccess.Client.OracleLogicalTransaction), Línea: 0] - ORA-06550: línea 1, columna 41:
PLS-00302: el componente 'USP_SEL_CUERPO_FACTOR' se debe declarar
ORA-06550: línea 1, columna 7:
PL/SQL: Statement ignored
19/02/2020 12:58:57 p.m.: [Método: Oracle.DataAccess.Client.OracleDataReader ExecuteReader(Boolean, Boolean, System.Data.CommandBehavior), Línea: 0] - ORA-06550: línea 1, columna 41:
PLS-00302: el componente 'USP_SEL_CUERPO_FACTOR' se debe declarar
ORA-06550: línea 1, columna 7:
PL/SQL: Statement ignored
19/02/2020 12:58:57 p.m.: [Método: System.Data.Common.DbDataReader ExecuteDbDataReader(System.Data.CommandBehavior), Línea: 0] - ORA-06550: línea 1, columna 41:
PLS-00302: el componente 'USP_SEL_CUERPO_FACTOR' se debe declarar
ORA-06550: línea 1, columna 7:
PL/SQL: Statement ignored
19/02/2020 12:58:57 p.m.: [Método: System.Data.IDataReader System.Data.IDbCommand.ExecuteReader(System.Data.CommandBehavior), Línea: 0] - ORA-06550: línea 1, columna 41:
PLS-00302: el componente 'USP_SEL_CUERPO_FACTOR' se debe declarar
ORA-06550: línea 1, columna 7:
PL/SQL: Statement ignored
19/02/2020 12:58:57 p.m.: [Método: System.Data.IDataReader ExecuteReaderWithFlagsFallback(System.Data.IDbCommand, Boolean, System.Data.CommandBehavior), Línea: 0] - ORA-06550: línea 1, columna 41:
PLS-00302: el componente 'USP_SEL_CUERPO_FACTOR' se debe declarar
ORA-06550: línea 1, columna 7:
PL/SQL: Statement ignored
19/02/2020 12:58:57 p.m.: [Método: Boolean MoveNext(), Línea: 0] - ORA-06550: línea 1, columna 41:
PLS-00302: el componente 'USP_SEL_CUERPO_FACTOR' se debe declarar
ORA-06550: línea 1, columna 7:
PL/SQL: Statement ignored
19/02/2020 12:58:57 p.m.: [Método: Void .ctor(System.Collections.Generic.IEnumerable`1[T]), Línea: 0] - ORA-06550: línea 1, columna 41:
PLS-00302: el componente 'USP_SEL_CUERPO_FACTOR' se debe declarar
ORA-06550: línea 1, columna 7:
PL/SQL: Statement ignored
19/02/2020 12:58:57 p.m.: [Método: System.Collections.Generic.List`1[TSource] ToList[TSource](System.Collections.Generic.IEnumerable`1[TSource]), Línea: 0] - ORA-06550: línea 1, columna 41:
PLS-00302: el componente 'USP_SEL_CUERPO_FACTOR' se debe declarar
ORA-06550: línea 1, columna 7:
PL/SQL: Statement ignored
19/02/2020 12:58:57 p.m.: [Método: System.Collections.Generic.IEnumerable`1[T] Query[T](System.Data.IDbConnection, System.String, System.Object, System.Data.IDbTransaction, Boolean, System.Nullable`1[System.Int32], System.Nullable`1[System.Data.CommandType]), Línea: 0] - ORA-06550: línea 1, columna 41:
PLS-00302: el componente 'USP_SEL_CUERPO_FACTOR' se debe declarar
ORA-06550: línea 1, columna 7:
PL/SQL: Statement ignored
19/02/2020 12:58:57 p.m.: [Método: System.Collections.Generic.List`1[entidad.minem.gob.pe.FactorParametroBE] listarCuerpoFactor(entidad.minem.gob.pe.FactorParametroBE), Línea: 0] - ORA-06550: línea 1, columna 41:
PLS-00302: el componente 'USP_SEL_CUERPO_FACTOR' se debe declarar
ORA-06550: línea 1, columna 7:
PL/SQL: Statement ignored
19/02/2020 01:04:21 p.m.: [Método: Void HandleErrorHelper(Int32, Oracle.DataAccess.Client.OracleConnection, IntPtr, Oracle.DataAccess.Client.OpoSqlValCtx*, System.Object, System.String, Boolean, Int32, Oracle.DataAccess.Client.OracleLogicalTransaction), Línea: 0] - ORA-01722: número no válido
19/02/2020 01:04:21 p.m.: [Método: Boolean Read(), Línea: 0] - ORA-01722: número no válido
19/02/2020 01:04:21 p.m.: [Método: Boolean MoveNext(), Línea: 0] - ORA-01722: número no válido
19/02/2020 01:04:21 p.m.: [Método: Void .ctor(System.Collections.Generic.IEnumerable`1[T]), Línea: 0] - ORA-01722: número no válido
19/02/2020 01:04:21 p.m.: [Método: System.Collections.Generic.List`1[TSource] ToList[TSource](System.Collections.Generic.IEnumerable`1[TSource]), Línea: 0] - ORA-01722: número no válido
19/02/2020 01:04:21 p.m.: [Método: System.Collections.Generic.IEnumerable`1[T] Query[T](System.Data.IDbConnection, System.String, System.Object, System.Data.IDbTransaction, Boolean, System.Nullable`1[System.Int32], System.Nullable`1[System.Data.CommandType]), Línea: 0] - ORA-01722: número no válido
19/02/2020 01:04:21 p.m.: [Método: System.Collections.Generic.List`1[entidad.minem.gob.pe.FactorParametroDataBE] ListarDatosFactorData(entidad.minem.gob.pe.FactorParametroDataBE), Línea: 0] - ORA-01722: número no válido
19/02/2020 01:04:21 p.m.: [Método: Void HandleErrorHelper(Int32, Oracle.DataAccess.Client.OracleConnection, IntPtr, Oracle.DataAccess.Client.OpoSqlValCtx*, System.Object, System.String, Boolean, Int32, Oracle.DataAccess.Client.OracleLogicalTransaction), Línea: 0] - ORA-06550: línea 1, columna 41:
PLS-00302: el componente 'USP_SEL_CUERPO_FACTOR' se debe declarar
ORA-06550: línea 1, columna 7:
PL/SQL: Statement ignored
19/02/2020 01:04:21 p.m.: [Método: Void HandleError(Int32, Oracle.DataAccess.Client.OracleConnection, System.String, IntPtr, Oracle.DataAccess.Client.OpoSqlValCtx*, System.Object, Boolean, Oracle.DataAccess.Client.OracleLogicalTransaction), Línea: 0] - ORA-06550: línea 1, columna 41:
PLS-00302: el componente 'USP_SEL_CUERPO_FACTOR' se debe declarar
ORA-06550: línea 1, columna 7:
PL/SQL: Statement ignored
19/02/2020 01:04:21 p.m.: [Método: Oracle.DataAccess.Client.OracleDataReader ExecuteReader(Boolean, Boolean, System.Data.CommandBehavior), Línea: 0] - ORA-06550: línea 1, columna 41:
PLS-00302: el componente 'USP_SEL_CUERPO_FACTOR' se debe declarar
ORA-06550: línea 1, columna 7:
PL/SQL: Statement ignored
19/02/2020 01:04:21 p.m.: [Método: System.Data.Common.DbDataReader ExecuteDbDataReader(System.Data.CommandBehavior), Línea: 0] - ORA-06550: línea 1, columna 41:
PLS-00302: el componente 'USP_SEL_CUERPO_FACTOR' se debe declarar
ORA-06550: línea 1, columna 7:
PL/SQL: Statement ignored
19/02/2020 01:04:21 p.m.: [Método: System.Data.IDataReader System.Data.IDbCommand.ExecuteReader(System.Data.CommandBehavior), Línea: 0] - ORA-06550: línea 1, columna 41:
PLS-00302: el componente 'USP_SEL_CUERPO_FACTOR' se debe declarar
ORA-06550: línea 1, columna 7:
PL/SQL: Statement ignored
19/02/2020 01:04:21 p.m.: [Método: System.Data.IDataReader ExecuteReaderWithFlagsFallback(System.Data.IDbCommand, Boolean, System.Data.CommandBehavior), Línea: 0] - ORA-06550: línea 1, columna 41:
PLS-00302: el componente 'USP_SEL_CUERPO_FACTOR' se debe declarar
ORA-06550: línea 1, columna 7:
PL/SQL: Statement ignored
19/02/2020 01:04:21 p.m.: [Método: Boolean MoveNext(), Línea: 0] - ORA-06550: línea 1, columna 41:
PLS-00302: el componente 'USP_SEL_CUERPO_FACTOR' se debe declarar
ORA-06550: línea 1, columna 7:
PL/SQL: Statement ignored
19/02/2020 01:04:21 p.m.: [Método: Void .ctor(System.Collections.Generic.IEnumerable`1[T]), Línea: 0] - ORA-06550: línea 1, columna 41:
PLS-00302: el componente 'USP_SEL_CUERPO_FACTOR' se debe declarar
ORA-06550: línea 1, columna 7:
PL/SQL: Statement ignored
19/02/2020 01:04:21 p.m.: [Método: System.Collections.Generic.List`1[TSource] ToList[TSource](System.Collections.Generic.IEnumerable`1[TSource]), Línea: 0] - ORA-06550: línea 1, columna 41:
PLS-00302: el componente 'USP_SEL_CUERPO_FACTOR' se debe declarar
ORA-06550: línea 1, columna 7:
PL/SQL: Statement ignored
19/02/2020 01:04:21 p.m.: [Método: System.Collections.Generic.IEnumerable`1[T] Query[T](System.Data.IDbConnection, System.String, System.Object, System.Data.IDbTransaction, Boolean, System.Nullable`1[System.Int32], System.Nullable`1[System.Data.CommandType]), Línea: 0] - ORA-06550: línea 1, columna 41:
PLS-00302: el componente 'USP_SEL_CUERPO_FACTOR' se debe declarar
ORA-06550: línea 1, columna 7:
PL/SQL: Statement ignored
19/02/2020 01:04:21 p.m.: [Método: System.Collections.Generic.List`1[entidad.minem.gob.pe.FactorParametroBE] listarCuerpoFactor(entidad.minem.gob.pe.FactorParametroBE), Línea: 0] - ORA-06550: línea 1, columna 41:
PLS-00302: el componente 'USP_SEL_CUERPO_FACTOR' se debe declarar
ORA-06550: línea 1, columna 7:
PL/SQL: Statement ignored
19/02/2020 01:04:43 p.m.: [Método: Void HandleErrorHelper(Int32, Oracle.DataAccess.Client.OracleConnection, IntPtr, Oracle.DataAccess.Client.OpoSqlValCtx*, System.Object, System.String, Boolean, Int32, Oracle.DataAccess.Client.OracleLogicalTransaction), Línea: 0] - ORA-06550: línea 1, columna 7:
PLS-00306: número o tipos de argumentos erróneos al llamar a 'USP_SEL_ID_PARAMETRO'
ORA-06550: línea 1, columna 7:
PL/SQL: Statement ignored
19/02/2020 01:04:43 p.m.: [Método: Void HandleError(Int32, Oracle.DataAccess.Client.OracleConnection, System.String, IntPtr, Oracle.DataAccess.Client.OpoSqlValCtx*, System.Object, Boolean, Oracle.DataAccess.Client.OracleLogicalTransaction), Línea: 0] - ORA-06550: línea 1, columna 7:
PLS-00306: número o tipos de argumentos erróneos al llamar a 'USP_SEL_ID_PARAMETRO'
ORA-06550: línea 1, columna 7:
PL/SQL: Statement ignored
19/02/2020 01:04:43 p.m.: [Método: Oracle.DataAccess.Client.OracleDataReader ExecuteReader(Boolean, Boolean, System.Data.CommandBehavior), Línea: 0] - ORA-06550: línea 1, columna 7:
PLS-00306: número o tipos de argumentos erróneos al llamar a 'USP_SEL_ID_PARAMETRO'
ORA-06550: línea 1, columna 7:
PL/SQL: Statement ignored
19/02/2020 01:04:43 p.m.: [Método: System.Data.Common.DbDataReader ExecuteDbDataReader(System.Data.CommandBehavior), Línea: 0] - ORA-06550: línea 1, columna 7:
PLS-00306: número o tipos de argumentos erróneos al llamar a 'USP_SEL_ID_PARAMETRO'
ORA-06550: línea 1, columna 7:
PL/SQL: Statement ignored
19/02/2020 01:04:43 p.m.: [Método: System.Data.IDataReader System.Data.IDbCommand.ExecuteReader(System.Data.CommandBehavior), Línea: 0] - ORA-06550: línea 1, columna 7:
PLS-00306: número o tipos de argumentos erróneos al llamar a 'USP_SEL_ID_PARAMETRO'
ORA-06550: línea 1, columna 7:
PL/SQL: Statement ignored
19/02/2020 01:04:43 p.m.: [Método: System.Data.IDataReader ExecuteReaderWithFlagsFallback(System.Data.IDbCommand, Boolean, System.Data.CommandBehavior), Línea: 0] - ORA-06550: línea 1, columna 7:
PLS-00306: número o tipos de argumentos erróneos al llamar a 'USP_SEL_ID_PARAMETRO'
ORA-06550: línea 1, columna 7:
PL/SQL: Statement ignored
19/02/2020 01:04:43 p.m.: [Método: Boolean MoveNext(), Línea: 0] - ORA-06550: línea 1, columna 7:
PLS-00306: número o tipos de argumentos erróneos al llamar a 'USP_SEL_ID_PARAMETRO'
ORA-06550: línea 1, columna 7:
PL/SQL: Statement ignored
19/02/2020 01:04:43 p.m.: [Método: Void .ctor(System.Collections.Generic.IEnumerable`1[T]), Línea: 0] - ORA-06550: línea 1, columna 7:
PLS-00306: número o tipos de argumentos erróneos al llamar a 'USP_SEL_ID_PARAMETRO'
ORA-06550: línea 1, columna 7:
PL/SQL: Statement ignored
19/02/2020 01:04:43 p.m.: [Método: System.Collections.Generic.List`1[TSource] ToList[TSource](System.Collections.Generic.IEnumerable`1[TSource]), Línea: 0] - ORA-06550: línea 1, columna 7:
PLS-00306: número o tipos de argumentos erróneos al llamar a 'USP_SEL_ID_PARAMETRO'
ORA-06550: línea 1, columna 7:
PL/SQL: Statement ignored
19/02/2020 01:04:43 p.m.: [Método: System.Collections.Generic.IEnumerable`1[T] Query[T](System.Data.IDbConnection, System.String, System.Object, System.Data.IDbTransaction, Boolean, System.Nullable`1[System.Int32], System.Nullable`1[System.Data.CommandType]), Línea: 0] - ORA-06550: línea 1, columna 7:
PLS-00306: número o tipos de argumentos erróneos al llamar a 'USP_SEL_ID_PARAMETRO'
ORA-06550: línea 1, columna 7:
PL/SQL: Statement ignored
19/02/2020 01:04:43 p.m.: [Método: entidad.minem.gob.pe.ParametroBE FactorParametro(Int32), Línea: 0] - ORA-06550: línea 1, columna 7:
PLS-00306: número o tipos de argumentos erróneos al llamar a 'USP_SEL_ID_PARAMETRO'
ORA-06550: línea 1, columna 7:
PL/SQL: Statement ignored
19/02/2020 01:06:13 p.m.: [Método: Void HandleErrorHelper(Int32, Oracle.DataAccess.Client.OracleConnection, IntPtr, Oracle.DataAccess.Client.OpoSqlValCtx*, System.Object, System.String, Boolean, Int32, Oracle.DataAccess.Client.OracleLogicalTransaction), Línea: 0] - ORA-06550: línea 1, columna 41:
PLS-00302: el componente 'USP_SEL_CUERPO_FACTOR' se debe declarar
ORA-06550: línea 1, columna 7:
PL/SQL: Statement ignored
19/02/2020 01:06:13 p.m.: [Método: Void HandleError(Int32, Oracle.DataAccess.Client.OracleConnection, System.String, IntPtr, Oracle.DataAccess.Client.OpoSqlValCtx*, System.Object, Boolean, Oracle.DataAccess.Client.OracleLogicalTransaction), Línea: 0] - ORA-06550: línea 1, columna 41:
PLS-00302: el componente 'USP_SEL_CUERPO_FACTOR' se debe declarar
ORA-06550: línea 1, columna 7:
PL/SQL: Statement ignored
19/02/2020 01:06:13 p.m.: [Método: Oracle.DataAccess.Client.OracleDataReader ExecuteReader(Boolean, Boolean, System.Data.CommandBehavior), Línea: 0] - ORA-06550: línea 1, columna 41:
PLS-00302: el componente 'USP_SEL_CUERPO_FACTOR' se debe declarar
ORA-06550: línea 1, columna 7:
PL/SQL: Statement ignored
19/02/2020 01:06:13 p.m.: [Método: System.Data.Common.DbDataReader ExecuteDbDataReader(System.Data.CommandBehavior), Línea: 0] - ORA-06550: línea 1, columna 41:
PLS-00302: el componente 'USP_SEL_CUERPO_FACTOR' se debe declarar
ORA-06550: línea 1, columna 7:
PL/SQL: Statement ignored
19/02/2020 01:06:13 p.m.: [Método: System.Data.IDataReader System.Data.IDbCommand.ExecuteReader(System.Data.CommandBehavior), Línea: 0] - ORA-06550: línea 1, columna 41:
PLS-00302: el componente 'USP_SEL_CUERPO_FACTOR' se debe declarar
ORA-06550: línea 1, columna 7:
PL/SQL: Statement ignored
19/02/2020 01:06:13 p.m.: [Método: System.Data.IDataReader ExecuteReaderWithFlagsFallback(System.Data.IDbCommand, Boolean, System.Data.CommandBehavior), Línea: 0] - ORA-06550: línea 1, columna 41:
PLS-00302: el componente 'USP_SEL_CUERPO_FACTOR' se debe declarar
ORA-06550: línea 1, columna 7:
PL/SQL: Statement ignored
19/02/2020 01:06:13 p.m.: [Método: Boolean MoveNext(), Línea: 0] - ORA-06550: línea 1, columna 41:
PLS-00302: el componente 'USP_SEL_CUERPO_FACTOR' se debe declarar
ORA-06550: línea 1, columna 7:
PL/SQL: Statement ignored
19/02/2020 01:06:13 p.m.: [Método: Void .ctor(System.Collections.Generic.IEnumerable`1[T]), Línea: 0] - ORA-06550: línea 1, columna 41:
PLS-00302: el componente 'USP_SEL_CUERPO_FACTOR' se debe declarar
ORA-06550: línea 1, columna 7:
PL/SQL: Statement ignored
19/02/2020 01:06:13 p.m.: [Método: System.Collections.Generic.List`1[TSource] ToList[TSource](System.Collections.Generic.IEnumerable`1[TSource]), Línea: 0] - ORA-06550: línea 1, columna 41:
PLS-00302: el componente 'USP_SEL_CUERPO_FACTOR' se debe declarar
ORA-06550: línea 1, columna 7:
PL/SQL: Statement ignored
19/02/2020 01:06:13 p.m.: [Método: System.Collections.Generic.IEnumerable`1[T] Query[T](System.Data.IDbConnection, System.String, System.Object, System.Data.IDbTransaction, Boolean, System.Nullable`1[System.Int32], System.Nullable`1[System.Data.CommandType]), Línea: 0] - ORA-06550: línea 1, columna 41:
PLS-00302: el componente 'USP_SEL_CUERPO_FACTOR' se debe declarar
ORA-06550: línea 1, columna 7:
PL/SQL: Statement ignored
19/02/2020 01:06:13 p.m.: [Método: System.Collections.Generic.List`1[entidad.minem.gob.pe.FactorParametroBE] listarCuerpoFactor(entidad.minem.gob.pe.FactorParametroBE), Línea: 0] - ORA-06550: línea 1, columna 41:
PLS-00302: el componente 'USP_SEL_CUERPO_FACTOR' se debe declarar
ORA-06550: línea 1, columna 7:
PL/SQL: Statement ignored
19/02/2020 01:09:13 p.m.: [Método: Void HandleErrorHelper(Int32, Oracle.DataAccess.Client.OracleConnection, IntPtr, Oracle.DataAccess.Client.OpoSqlValCtx*, System.Object, System.String, Boolean, Int32, Oracle.DataAccess.Client.OracleLogicalTransaction), Línea: 0] - ORA-06550: línea 1, columna 41:
PLS-00302: el componente 'USP_SEL_CUERPO_FACTOR' se debe declarar
ORA-06550: línea 1, columna 7:
PL/SQL: Statement ignored
19/02/2020 01:09:13 p.m.: [Método: Void HandleError(Int32, Oracle.DataAccess.Client.OracleConnection, System.String, IntPtr, Oracle.DataAccess.Client.OpoSqlValCtx*, System.Object, Boolean, Oracle.DataAccess.Client.OracleLogicalTransaction), Línea: 0] - ORA-06550: línea 1, columna 41:
PLS-00302: el componente 'USP_SEL_CUERPO_FACTOR' se debe declarar
ORA-06550: línea 1, columna 7:
PL/SQL: Statement ignored
19/02/2020 01:09:13 p.m.: [Método: Oracle.DataAccess.Client.OracleDataReader ExecuteReader(Boolean, Boolean, System.Data.CommandBehavior), Línea: 0] - ORA-06550: línea 1, columna 41:
PLS-00302: el componente 'USP_SEL_CUERPO_FACTOR' se debe declarar
ORA-06550: línea 1, columna 7:
PL/SQL: Statement ignored
19/02/2020 01:09:13 p.m.: [Método: System.Data.Common.DbDataReader ExecuteDbDataReader(System.Data.CommandBehavior), Línea: 0] - ORA-06550: línea 1, columna 41:
PLS-00302: el componente 'USP_SEL_CUERPO_FACTOR' se debe declarar
ORA-06550: línea 1, columna 7:
PL/SQL: Statement ignored
19/02/2020 01:09:13 p.m.: [Método: System.Data.IDataReader System.Data.IDbCommand.ExecuteReader(System.Data.CommandBehavior), Línea: 0] - ORA-06550: línea 1, columna 41:
PLS-00302: el componente 'USP_SEL_CUERPO_FACTOR' se debe declarar
ORA-06550: línea 1, columna 7:
PL/SQL: Statement ignored
19/02/2020 01:09:13 p.m.: [Método: System.Data.IDataReader ExecuteReaderWithFlagsFallback(System.Data.IDbCommand, Boolean, System.Data.CommandBehavior), Línea: 0] - ORA-06550: línea 1, columna 41:
PLS-00302: el componente 'USP_SEL_CUERPO_FACTOR' se debe declarar
ORA-06550: línea 1, columna 7:
PL/SQL: Statement ignored
19/02/2020 01:09:13 p.m.: [Método: Boolean MoveNext(), Línea: 0] - ORA-06550: línea 1, columna 41:
PLS-00302: el componente 'USP_SEL_CUERPO_FACTOR' se debe declarar
ORA-06550: línea 1, columna 7:
PL/SQL: Statement ignored
19/02/2020 01:09:13 p.m.: [Método: Void .ctor(System.Collections.Generic.IEnumerable`1[T]), Línea: 0] - ORA-06550: línea 1, columna 41:
PLS-00302: el componente 'USP_SEL_CUERPO_FACTOR' se debe declarar
ORA-06550: línea 1, columna 7:
PL/SQL: Statement ignored
19/02/2020 01:09:13 p.m.: [Método: System.Collections.Generic.List`1[TSource] ToList[TSource](System.Collections.Generic.IEnumerable`1[TSource]), Línea: 0] - ORA-06550: línea 1, columna 41:
PLS-00302: el componente 'USP_SEL_CUERPO_FACTOR' se debe declarar
ORA-06550: línea 1, columna 7:
PL/SQL: Statement ignored
19/02/2020 01:09:13 p.m.: [Método: System.Collections.Generic.IEnumerable`1[T] Query[T](System.Data.IDbConnection, System.String, System.Object, System.Data.IDbTransaction, Boolean, System.Nullable`1[System.Int32], System.Nullable`1[System.Data.CommandType]), Línea: 0] - ORA-06550: línea 1, columna 41:
PLS-00302: el componente 'USP_SEL_CUERPO_FACTOR' se debe declarar
ORA-06550: línea 1, columna 7:
PL/SQL: Statement ignored
19/02/2020 01:09:13 p.m.: [Método: System.Collections.Generic.List`1[entidad.minem.gob.pe.FactorParametroBE] listarCuerpoFactor(entidad.minem.gob.pe.FactorParametroBE), Línea: 0] - ORA-06550: línea 1, columna 41:
PLS-00302: el componente 'USP_SEL_CUERPO_FACTOR' se debe declarar
ORA-06550: línea 1, columna 7:
PL/SQL: Statement ignored
19/02/2020 01:11:10 p.m.: [Método: Void HandleErrorHelper(Int32, Oracle.DataAccess.Client.OracleConnection, IntPtr, Oracle.DataAccess.Client.OpoSqlValCtx*, System.Object, System.String, Boolean, Int32, Oracle.DataAccess.Client.OracleLogicalTransaction), Línea: 0] - ORA-06550: línea 1, columna 41:
PLS-00302: el componente 'USP_SEL_CUERPO_FACTOR' se debe declarar
ORA-06550: línea 1, columna 7:
PL/SQL: Statement ignored
19/02/2020 01:11:10 p.m.: [Método: Void HandleError(Int32, Oracle.DataAccess.Client.OracleConnection, System.String, IntPtr, Oracle.DataAccess.Client.OpoSqlValCtx*, System.Object, Boolean, Oracle.DataAccess.Client.OracleLogicalTransaction), Línea: 0] - ORA-06550: línea 1, columna 41:
PLS-00302: el componente 'USP_SEL_CUERPO_FACTOR' se debe declarar
ORA-06550: línea 1, columna 7:
PL/SQL: Statement ignored
19/02/2020 01:11:10 p.m.: [Método: Oracle.DataAccess.Client.OracleDataReader ExecuteReader(Boolean, Boolean, System.Data.CommandBehavior), Línea: 0] - ORA-06550: línea 1, columna 41:
PLS-00302: el componente 'USP_SEL_CUERPO_FACTOR' se debe declarar
ORA-06550: línea 1, columna 7:
PL/SQL: Statement ignored
19/02/2020 01:11:10 p.m.: [Método: System.Data.Common.DbDataReader ExecuteDbDataReader(System.Data.CommandBehavior), Línea: 0] - ORA-06550: línea 1, columna 41:
PLS-00302: el componente 'USP_SEL_CUERPO_FACTOR' se debe declarar
ORA-06550: línea 1, columna 7:
PL/SQL: Statement ignored
19/02/2020 01:11:10 p.m.: [Método: System.Data.IDataReader System.Data.IDbCommand.ExecuteReader(System.Data.CommandBehavior), Línea: 0] - ORA-06550: línea 1, columna 41:
PLS-00302: el componente 'USP_SEL_CUERPO_FACTOR' se debe declarar
ORA-06550: línea 1, columna 7:
PL/SQL: Statement ignored
19/02/2020 01:11:10 p.m.: [Método: System.Data.IDataReader ExecuteReaderWithFlagsFallback(System.Data.IDbCommand, Boolean, System.Data.CommandBehavior), Línea: 0] - ORA-06550: línea 1, columna 41:
PLS-00302: el componente 'USP_SEL_CUERPO_FACTOR' se debe declarar
ORA-06550: línea 1, columna 7:
PL/SQL: Statement ignored
19/02/2020 01:11:10 p.m.: [Método: Boolean MoveNext(), Línea: 0] - ORA-06550: línea 1, columna 41:
PLS-00302: el componente 'USP_SEL_CUERPO_FACTOR' se debe declarar
ORA-06550: línea 1, columna 7:
PL/SQL: Statement ignored
19/02/2020 01:11:10 p.m.: [Método: Void .ctor(System.Collections.Generic.IEnumerable`1[T]), Línea: 0] - ORA-06550: línea 1, columna 41:
PLS-00302: el componente 'USP_SEL_CUERPO_FACTOR' se debe declarar
ORA-06550: línea 1, columna 7:
PL/SQL: Statement ignored
19/02/2020 01:11:10 p.m.: [Método: System.Collections.Generic.List`1[TSource] ToList[TSource](System.Collections.Generic.IEnumerable`1[TSource]), Línea: 0] - ORA-06550: línea 1, columna 41:
PLS-00302: el componente 'USP_SEL_CUERPO_FACTOR' se debe declarar
ORA-06550: línea 1, columna 7:
PL/SQL: Statement ignored
19/02/2020 01:11:10 p.m.: [Método: System.Collections.Generic.IEnumerable`1[T] Query[T](System.Data.IDbConnection, System.String, System.Object, System.Data.IDbTransaction, Boolean, System.Nullable`1[System.Int32], System.Nullable`1[System.Data.CommandType]), Línea: 0] - ORA-06550: línea 1, columna 41:
PLS-00302: el componente 'USP_SEL_CUERPO_FACTOR' se debe declarar
ORA-06550: línea 1, columna 7:
PL/SQL: Statement ignored
19/02/2020 01:11:10 p.m.: [Método: System.Collections.Generic.List`1[entidad.minem.gob.pe.FactorParametroBE] listarCuerpoFactor(entidad.minem.gob.pe.FactorParametroBE), Línea: 0] - ORA-06550: línea 1, columna 41:
PLS-00302: el componente 'USP_SEL_CUERPO_FACTOR' se debe declarar
ORA-06550: línea 1, columna 7:
PL/SQL: Statement ignored
19/02/2020 03:43:20 p.m.: [Método: Void HandleErrorHelper(Int32, Oracle.DataAccess.Client.OracleConnection, IntPtr, Oracle.DataAccess.Client.OpoSqlValCtx*, System.Object, System.String, Boolean, Int32, Oracle.DataAccess.Client.OracleLogicalTransaction), Línea: 0] - ORA-00936: falta una expresión
ORA-06512: en "MRVMM.PKG_MRV_MANTENIMIENTO", línea 1910
ORA-06512: en línea 1
19/02/2020 03:43:20 p.m.: [Método: Void HandleError(Int32, Oracle.DataAccess.Client.OracleConnection, System.String, IntPtr, Oracle.DataAccess.Client.OpoSqlValCtx*, System.Object, Boolean, Oracle.DataAccess.Client.OracleLogicalTransaction), Línea: 0] - ORA-00936: falta una expresión
ORA-06512: en "MRVMM.PKG_MRV_MANTENIMIENTO", línea 1910
ORA-06512: en línea 1
19/02/2020 03:43:20 p.m.: [Método: Int32 ExecuteNonQuery(), Línea: 0] - ORA-00936: falta una expresión
ORA-06512: en "MRVMM.PKG_MRV_MANTENIMIENTO", línea 1910
ORA-06512: en línea 1
19/02/2020 03:43:20 p.m.: [Método: Int32 ExecuteCommand(System.Data.IDbConnection, Dapper.CommandDefinition ByRef, System.Action`2[System.Data.IDbCommand,System.Object]), Línea: 0] - ORA-00936: falta una expresión
ORA-06512: en "MRVMM.PKG_MRV_MANTENIMIENTO", línea 1910
ORA-06512: en línea 1
19/02/2020 03:43:20 p.m.: [Método: Int32 ExecuteImpl(System.Data.IDbConnection, Dapper.CommandDefinition ByRef), Línea: 0] - ORA-00936: falta una expresión
ORA-06512: en "MRVMM.PKG_MRV_MANTENIMIENTO", línea 1910
ORA-06512: en línea 1
19/02/2020 03:43:20 p.m.: [Método: Int32 Execute(System.Data.IDbConnection, System.String, System.Object, System.Data.IDbTransaction, System.Nullable`1[System.Int32], System.Nullable`1[System.Data.CommandType]), Línea: 0] - ORA-00936: falta una expresión
ORA-06512: en "MRVMM.PKG_MRV_MANTENIMIENTO", línea 1910
ORA-06512: en línea 1
19/02/2020 03:43:20 p.m.: [Método: entidad.minem.gob.pe.FactorBE EliminarFactores(entidad.minem.gob.pe.FactorBE), Línea: 318] - ORA-00936: falta una expresión
ORA-06512: en "MRVMM.PKG_MRV_MANTENIMIENTO", línea 1910
ORA-06512: en línea 1
19/02/2020 03:43:40 p.m.: [Método: Void HandleErrorHelper(Int32, Oracle.DataAccess.Client.OracleConnection, IntPtr, Oracle.DataAccess.Client.OpoSqlValCtx*, System.Object, System.String, Boolean, Int32, Oracle.DataAccess.Client.OracleLogicalTransaction), Línea: 0] - ORA-00936: falta una expresión
ORA-06512: en "MRVMM.PKG_MRV_MANTENIMIENTO", línea 1910
ORA-06512: en línea 1
19/02/2020 03:43:40 p.m.: [Método: Void HandleError(Int32, Oracle.DataAccess.Client.OracleConnection, System.String, IntPtr, Oracle.DataAccess.Client.OpoSqlValCtx*, System.Object, Boolean, Oracle.DataAccess.Client.OracleLogicalTransaction), Línea: 0] - ORA-00936: falta una expresión
ORA-06512: en "MRVMM.PKG_MRV_MANTENIMIENTO", línea 1910
ORA-06512: en línea 1
19/02/2020 03:43:40 p.m.: [Método: Int32 ExecuteNonQuery(), Línea: 0] - ORA-00936: falta una expresión
ORA-06512: en "MRVMM.PKG_MRV_MANTENIMIENTO", línea 1910
ORA-06512: en línea 1
19/02/2020 03:43:40 p.m.: [Método: Int32 ExecuteCommand(System.Data.IDbConnection, Dapper.CommandDefinition ByRef, System.Action`2[System.Data.IDbCommand,System.Object]), Línea: 0] - ORA-00936: falta una expresión
ORA-06512: en "MRVMM.PKG_MRV_MANTENIMIENTO", línea 1910
ORA-06512: en línea 1
19/02/2020 03:43:40 p.m.: [Método: Int32 ExecuteImpl(System.Data.IDbConnection, Dapper.CommandDefinition ByRef), Línea: 0] - ORA-00936: falta una expresión
ORA-06512: en "MRVMM.PKG_MRV_MANTENIMIENTO", línea 1910
ORA-06512: en línea 1
19/02/2020 03:43:40 p.m.: [Método: Int32 Execute(System.Data.IDbConnection, System.String, System.Object, System.Data.IDbTransaction, System.Nullable`1[System.Int32], System.Nullable`1[System.Data.CommandType]), Línea: 0] - ORA-00936: falta una expresión
ORA-06512: en "MRVMM.PKG_MRV_MANTENIMIENTO", línea 1910
ORA-06512: en línea 1
19/02/2020 03:43:40 p.m.: [Método: entidad.minem.gob.pe.FactorBE EliminarFactores(entidad.minem.gob.pe.FactorBE), Línea: 318] - ORA-00936: falta una expresión
ORA-06512: en "MRVMM.PKG_MRV_MANTENIMIENTO", línea 1910
ORA-06512: en línea 1
19/02/2020 03:44:33 p.m.: [Método: Void HandleErrorHelper(Int32, Oracle.DataAccess.Client.OracleConnection, IntPtr, Oracle.DataAccess.Client.OpoSqlValCtx*, System.Object, System.String, Boolean, Int32, Oracle.DataAccess.Client.OracleLogicalTransaction), Línea: 0] - ORA-00936: falta una expresión
ORA-06512: en "MRVMM.PKG_MRV_MANTENIMIENTO", línea 1910
ORA-06512: en línea 1
19/02/2020 03:44:33 p.m.: [Método: Void HandleError(Int32, Oracle.DataAccess.Client.OracleConnection, System.String, IntPtr, Oracle.DataAccess.Client.OpoSqlValCtx*, System.Object, Boolean, Oracle.DataAccess.Client.OracleLogicalTransaction), Línea: 0] - ORA-00936: falta una expresión
ORA-06512: en "MRVMM.PKG_MRV_MANTENIMIENTO", línea 1910
ORA-06512: en línea 1
19/02/2020 03:44:33 p.m.: [Método: Int32 ExecuteNonQuery(), Línea: 0] - ORA-00936: falta una expresión
ORA-06512: en "MRVMM.PKG_MRV_MANTENIMIENTO", línea 1910
ORA-06512: en línea 1
19/02/2020 03:44:33 p.m.: [Método: Int32 ExecuteCommand(System.Data.IDbConnection, Dapper.CommandDefinition ByRef, System.Action`2[System.Data.IDbCommand,System.Object]), Línea: 0] - ORA-00936: falta una expresión
ORA-06512: en "MRVMM.PKG_MRV_MANTENIMIENTO", línea 1910
ORA-06512: en línea 1
19/02/2020 03:44:33 p.m.: [Método: Int32 ExecuteImpl(System.Data.IDbConnection, Dapper.CommandDefinition ByRef), Línea: 0] - ORA-00936: falta una expresión
ORA-06512: en "MRVMM.PKG_MRV_MANTENIMIENTO", línea 1910
ORA-06512: en línea 1
19/02/2020 03:44:33 p.m.: [Método: Int32 Execute(System.Data.IDbConnection, System.String, System.Object, System.Data.IDbTransaction, System.Nullable`1[System.Int32], System.Nullable`1[System.Data.CommandType]), Línea: 0] - ORA-00936: falta una expresión
ORA-06512: en "MRVMM.PKG_MRV_MANTENIMIENTO", línea 1910
ORA-06512: en línea 1
19/02/2020 03:44:33 p.m.: [Método: entidad.minem.gob.pe.FactorBE EliminarFactores(entidad.minem.gob.pe.FactorBE), Línea: 318] - ORA-00936: falta una expresión
ORA-06512: en "MRVMM.PKG_MRV_MANTENIMIENTO", línea 1910
ORA-06512: en línea 1
19/02/2020 03:45:04 p.m.: [Método: Void HandleErrorHelper(Int32, Oracle.DataAccess.Client.OracleConnection, IntPtr, Oracle.DataAccess.Client.OpoSqlValCtx*, System.Object, System.String, Boolean, Int32, Oracle.DataAccess.Client.OracleLogicalTransaction), Línea: 0] - ORA-00936: falta una expresión
ORA-06512: en "MRVMM.PKG_MRV_MANTENIMIENTO", línea 1910
ORA-06512: en línea 1
19/02/2020 03:45:04 p.m.: [Método: Void HandleError(Int32, Oracle.DataAccess.Client.OracleConnection, System.String, IntPtr, Oracle.DataAccess.Client.OpoSqlValCtx*, System.Object, Boolean, Oracle.DataAccess.Client.OracleLogicalTransaction), Línea: 0] - ORA-00936: falta una expresión
ORA-06512: en "MRVMM.PKG_MRV_MANTENIMIENTO", línea 1910
ORA-06512: en línea 1
19/02/2020 03:45:04 p.m.: [Método: Int32 ExecuteNonQuery(), Línea: 0] - ORA-00936: falta una expresión
ORA-06512: en "MRVMM.PKG_MRV_MANTENIMIENTO", línea 1910
ORA-06512: en línea 1
19/02/2020 03:45:04 p.m.: [Método: Int32 ExecuteCommand(System.Data.IDbConnection, Dapper.CommandDefinition ByRef, System.Action`2[System.Data.IDbCommand,System.Object]), Línea: 0] - ORA-00936: falta una expresión
ORA-06512: en "MRVMM.PKG_MRV_MANTENIMIENTO", línea 1910
ORA-06512: en línea 1
19/02/2020 03:45:04 p.m.: [Método: Int32 ExecuteImpl(System.Data.IDbConnection, Dapper.CommandDefinition ByRef), Línea: 0] - ORA-00936: falta una expresión
ORA-06512: en "MRVMM.PKG_MRV_MANTENIMIENTO", línea 1910
ORA-06512: en línea 1
19/02/2020 03:45:04 p.m.: [Método: Int32 Execute(System.Data.IDbConnection, System.String, System.Object, System.Data.IDbTransaction, System.Nullable`1[System.Int32], System.Nullable`1[System.Data.CommandType]), Línea: 0] - ORA-00936: falta una expresión
ORA-06512: en "MRVMM.PKG_MRV_MANTENIMIENTO", línea 1910
ORA-06512: en línea 1
19/02/2020 03:45:04 p.m.: [Método: entidad.minem.gob.pe.FactorBE EliminarFactores(entidad.minem.gob.pe.FactorBE), Línea: 318] - ORA-00936: falta una expresión
ORA-06512: en "MRVMM.PKG_MRV_MANTENIMIENTO", línea 1910
ORA-06512: en línea 1
19/02/2020 03:46:11 p.m.: [Método: Void HandleErrorHelper(Int32, Oracle.DataAccess.Client.OracleConnection, IntPtr, Oracle.DataAccess.Client.OpoSqlValCtx*, System.Object, System.String, Boolean, Int32, Oracle.DataAccess.Client.OracleLogicalTransaction), Línea: 0] - ORA-00936: falta una expresión
ORA-06512: en "MRVMM.PKG_MRV_MANTENIMIENTO", línea 1910
ORA-06512: en línea 1
19/02/2020 03:46:11 p.m.: [Método: Void HandleError(Int32, Oracle.DataAccess.Client.OracleConnection, System.String, IntPtr, Oracle.DataAccess.Client.OpoSqlValCtx*, System.Object, Boolean, Oracle.DataAccess.Client.OracleLogicalTransaction), Línea: 0] - ORA-00936: falta una expresión
ORA-06512: en "MRVMM.PKG_MRV_MANTENIMIENTO", línea 1910
ORA-06512: en línea 1
19/02/2020 03:46:11 p.m.: [Método: Int32 ExecuteNonQuery(), Línea: 0] - ORA-00936: falta una expresión
ORA-06512: en "MRVMM.PKG_MRV_MANTENIMIENTO", línea 1910
ORA-06512: en línea 1
19/02/2020 03:46:11 p.m.: [Método: Int32 ExecuteCommand(System.Data.IDbConnection, Dapper.CommandDefinition ByRef, System.Action`2[System.Data.IDbCommand,System.Object]), Línea: 0] - ORA-00936: falta una expresión
ORA-06512: en "MRVMM.PKG_MRV_MANTENIMIENTO", línea 1910
ORA-06512: en línea 1
19/02/2020 03:46:11 p.m.: [Método: Int32 ExecuteImpl(System.Data.IDbConnection, Dapper.CommandDefinition ByRef), Línea: 0] - ORA-00936: falta una expresión
ORA-06512: en "MRVMM.PKG_MRV_MANTENIMIENTO", línea 1910
ORA-06512: en línea 1
19/02/2020 03:46:11 p.m.: [Método: Int32 Execute(System.Data.IDbConnection, System.String, System.Object, System.Data.IDbTransaction, System.Nullable`1[System.Int32], System.Nullable`1[System.Data.CommandType]), Línea: 0] - ORA-00936: falta una expresión
ORA-06512: en "MRVMM.PKG_MRV_MANTENIMIENTO", línea 1910
ORA-06512: en línea 1
19/02/2020 03:46:11 p.m.: [Método: entidad.minem.gob.pe.FactorBE EliminarFactores(entidad.minem.gob.pe.FactorBE), Línea: 318] - ORA-00936: falta una expresión
ORA-06512: en "MRVMM.PKG_MRV_MANTENIMIENTO", línea 1910
ORA-06512: en línea 1
19/02/2020 05:48:30 p.m.: [Método: Void HandleErrorHelper(Int32, Oracle.DataAccess.Client.OracleConnection, IntPtr, Oracle.DataAccess.Client.OpoSqlValCtx*, System.Object, System.String, Boolean, Int32, Oracle.DataAccess.Client.OracleLogicalTransaction), Línea: 0] - ORA-03135: connection lost contact
Process ID: 19376
Session ID: 246 Serial number: 61761
19/02/2020 05:48:30 p.m.: [Método: Void HandleError(Int32, Oracle.DataAccess.Client.OracleConnection, System.String, IntPtr, Oracle.DataAccess.Client.OpoSqlValCtx*, System.Object, Boolean, Oracle.DataAccess.Client.OracleLogicalTransaction), Línea: 0] - ORA-03135: connection lost contact
Process ID: 19376
Session ID: 246 Serial number: 61761
19/02/2020 05:48:30 p.m.: [Método: Oracle.DataAccess.Client.OracleDataReader ExecuteReader(Boolean, Boolean, System.Data.CommandBehavior), Línea: 0] - ORA-03135: connection lost contact
Process ID: 19376
Session ID: 246 Serial number: 61761
19/02/2020 05:48:30 p.m.: [Método: System.Data.Common.DbDataReader ExecuteDbDataReader(System.Data.CommandBehavior), Línea: 0] - ORA-03135: connection lost contact
Process ID: 19376
Session ID: 246 Serial number: 61761
19/02/2020 05:48:30 p.m.: [Método: System.Data.IDataReader System.Data.IDbCommand.ExecuteReader(System.Data.CommandBehavior), Línea: 0] - ORA-03135: connection lost contact
Process ID: 19376
Session ID: 246 Serial number: 61761
19/02/2020 05:48:30 p.m.: [Método: System.Data.IDataReader ExecuteReaderWithFlagsFallback(System.Data.IDbCommand, Boolean, System.Data.CommandBehavior), Línea: 0] - ORA-03135: connection lost contact
Process ID: 19376
Session ID: 246 Serial number: 61761
19/02/2020 05:48:30 p.m.: [Método: Boolean MoveNext(), Línea: 0] - ORA-03135: connection lost contact
Process ID: 19376
Session ID: 246 Serial number: 61761
19/02/2020 05:48:30 p.m.: [Método: Void .ctor(System.Collections.Generic.IEnumerable`1[T]), Línea: 0] - ORA-03135: connection lost contact
Process ID: 19376
Session ID: 246 Serial number: 61761
19/02/2020 05:48:30 p.m.: [Método: System.Collections.Generic.List`1[TSource] ToList[TSource](System.Collections.Generic.IEnumerable`1[TSource]), Línea: 0] - ORA-03135: connection lost contact
Process ID: 19376
Session ID: 246 Serial number: 61761
19/02/2020 05:48:30 p.m.: [Método: System.Collections.Generic.IEnumerable`1[T] Query[T](System.Data.IDbConnection, System.String, System.Object, System.Data.IDbTransaction, Boolean, System.Nullable`1[System.Int32], System.Nullable`1[System.Data.CommandType]), Línea: 0] - ORA-03135: connection lost contact
Process ID: 19376
Session ID: 246 Serial number: 61761
19/02/2020 05:48:30 p.m.: [Método: System.Collections.Generic.List`1[entidad.minem.gob.pe.MedidaMitigacionBE] ListarMedidaMitigacion(entidad.minem.gob.pe.MedidaMitigacionBE), Línea: 29] - ORA-03135: connection lost contact
Process ID: 19376
Session ID: 246 Serial number: 61761
19/02/2020 07:41:13 p.m.: [Método: Void .ctor(System.String), Línea: 0] - Se produjo una excepción en el inicializador de tipo de 'Oracle.DataAccess.Client.OracleConnection'.
19/02/2020 07:41:13 p.m.: [Método: entidad.minem.gob.pe.UsuarioBE ObtenerPassword(entidad.minem.gob.pe.UsuarioBE), Línea: 219] - Se produjo una excepción en el inicializador de tipo de 'Oracle.DataAccess.Client.OracleConnection'.
19/02/2020 07:41:23 p.m.: [Método: Void .ctor(System.String), Línea: 0] - Se produjo una excepción en el inicializador de tipo de 'Oracle.DataAccess.Client.OracleConnection'.
19/02/2020 07:41:23 p.m.: [Método: entidad.minem.gob.pe.UsuarioBE ObtenerPassword(entidad.minem.gob.pe.UsuarioBE), Línea: 219] - Se produjo una excepción en el inicializador de tipo de 'Oracle.DataAccess.Client.OracleConnection'.
19/02/2020 08:32:37 p.m.: [Método: Void HandleErrorHelper(Int32, Oracle.DataAccess.Client.OracleConnection, IntPtr, Oracle.DataAccess.Client.OpoSqlValCtx*, System.Object, System.String, Boolean, Int32, Oracle.DataAccess.Client.OracleLogicalTransaction), Línea: 0] - ORA-04063: package body "MRVMM.PKG_MRV_MANTENIMIENTO" has errors
ORA-06508: PL/SQL: could not find program unit being called: "MRVMM.PKG_MRV_MANTENIMIENTO"
ORA-06512: at line 1
19/02/2020 08:32:37 p.m.: [Método: Void HandleError(Int32, Oracle.DataAccess.Client.OracleConnection, System.String, IntPtr, Oracle.DataAccess.Client.OpoSqlValCtx*, System.Object, Boolean, Oracle.DataAccess.Client.OracleLogicalTransaction), Línea: 0] - ORA-04063: package body "MRVMM.PKG_MRV_MANTENIMIENTO" has errors
ORA-06508: PL/SQL: could not find program unit being called: "MRVMM.PKG_MRV_MANTENIMIENTO"
ORA-06512: at line 1
19/02/2020 08:32:37 p.m.: [Método: Oracle.DataAccess.Client.OracleDataReader ExecuteReader(Boolean, Boolean, System.Data.CommandBehavior), Línea: 0] - ORA-04063: package body "MRVMM.PKG_MRV_MANTENIMIENTO" has errors
ORA-06508: PL/SQL: could not find program unit being called: "MRVMM.PKG_MRV_MANTENIMIENTO"
ORA-06512: at line 1
19/02/2020 08:32:37 p.m.: [Método: System.Data.Common.DbDataReader ExecuteDbDataReader(System.Data.CommandBehavior), Línea: 0] - ORA-04063: package body "MRVMM.PKG_MRV_MANTENIMIENTO" has errors
ORA-06508: PL/SQL: could not find program unit being called: "MRVMM.PKG_MRV_MANTENIMIENTO"
ORA-06512: at line 1
19/02/2020 08:32:37 p.m.: [Método: System.Data.IDataReader System.Data.IDbCommand.ExecuteReader(System.Data.CommandBehavior), Línea: 0] - ORA-04063: package body "MRVMM.PKG_MRV_MANTENIMIENTO" has errors
ORA-06508: PL/SQL: could not find program unit being called: "MRVMM.PKG_MRV_MANTENIMIENTO"
ORA-06512: at line 1
19/02/2020 08:32:37 p.m.: [Método: System.Data.IDataReader ExecuteReaderWithFlagsFallback(System.Data.IDbCommand, Boolean, System.Data.CommandBehavior), Línea: 0] - ORA-04063: package body "MRVMM.PKG_MRV_MANTENIMIENTO" has errors
ORA-06508: PL/SQL: could not find program unit being called: "MRVMM.PKG_MRV_MANTENIMIENTO"
ORA-06512: at line 1
19/02/2020 08:32:37 p.m.: [Método: Boolean MoveNext(), Línea: 0] - ORA-04063: package body "MRVMM.PKG_MRV_MANTENIMIENTO" has errors
ORA-06508: PL/SQL: could not find program unit being called: "MRVMM.PKG_MRV_MANTENIMIENTO"
ORA-06512: at line 1
19/02/2020 08:32:37 p.m.: [Método: Void .ctor(System.Collections.Generic.IEnumerable`1[T]), Línea: 0] - ORA-04063: package body "MRVMM.PKG_MRV_MANTENIMIENTO" has errors
ORA-06508: PL/SQL: could not find program unit being called: "MRVMM.PKG_MRV_MANTENIMIENTO"
ORA-06512: at line 1
19/02/2020 08:32:37 p.m.: [Método: System.Collections.Generic.List`1[TSource] ToList[TSource](System.Collections.Generic.IEnumerable`1[TSource]), Línea: 0] - ORA-04063: package body "MRVMM.PKG_MRV_MANTENIMIENTO" has errors
ORA-06508: PL/SQL: could not find program unit being called: "MRVMM.PKG_MRV_MANTENIMIENTO"
ORA-06512: at line 1
19/02/2020 08:32:37 p.m.: [Método: System.Collections.Generic.IEnumerable`1[T] Query[T](System.Data.IDbConnection, System.String, System.Object, System.Data.IDbTransaction, Boolean, System.Nullable`1[System.Int32], System.Nullable`1[System.Data.CommandType]), Línea: 0] - ORA-04063: package body "MRVMM.PKG_MRV_MANTENIMIENTO" has errors
ORA-06508: PL/SQL: could not find program unit being called: "MRVMM.PKG_MRV_MANTENIMIENTO"
ORA-06512: at line 1
19/02/2020 08:32:37 p.m.: [Método: System.Collections.Generic.List`1[entidad.minem.gob.pe.FactorBE] ListaMedidaFactor(), Línea: 99] - ORA-04063: package body "MRVMM.PKG_MRV_MANTENIMIENTO" has errors
ORA-06508: PL/SQL: could not find program unit being called: "MRVMM.PKG_MRV_MANTENIMIENTO"
ORA-06512: at line 1
19/02/2020 08:34:06 p.m.: [Método: Void HandleErrorHelper(Int32, Oracle.DataAccess.Client.OracleConnection, IntPtr, Oracle.DataAccess.Client.OpoSqlValCtx*, System.Object, System.String, Boolean, Int32, Oracle.DataAccess.Client.OracleLogicalTransaction), Línea: 0] - ORA-04063: package body "MRVMM.PKG_MRV_MANTENIMIENTO" has errors
ORA-06508: PL/SQL: could not find program unit being called: "MRVMM.PKG_MRV_MANTENIMIENTO"
ORA-06512: at line 1
19/02/2020 08:34:06 p.m.: [Método: Void HandleError(Int32, Oracle.DataAccess.Client.OracleConnection, System.String, IntPtr, Oracle.DataAccess.Client.OpoSqlValCtx*, System.Object, Boolean, Oracle.DataAccess.Client.OracleLogicalTransaction), Línea: 0] - ORA-04063: package body "MRVMM.PKG_MRV_MANTENIMIENTO" has errors
ORA-06508: PL/SQL: could not find program unit being called: "MRVMM.PKG_MRV_MANTENIMIENTO"
ORA-06512: at line 1
19/02/2020 08:34:06 p.m.: [Método: Oracle.DataAccess.Client.OracleDataReader ExecuteReader(Boolean, Boolean, System.Data.CommandBehavior), Línea: 0] - ORA-04063: package body "MRVMM.PKG_MRV_MANTENIMIENTO" has errors
ORA-06508: PL/SQL: could not find program unit being called: "MRVMM.PKG_MRV_MANTENIMIENTO"
ORA-06512: at line 1
19/02/2020 08:34:06 p.m.: [Método: System.Data.Common.DbDataReader ExecuteDbDataReader(System.Data.CommandBehavior), Línea: 0] - ORA-04063: package body "MRVMM.PKG_MRV_MANTENIMIENTO" has errors
ORA-06508: PL/SQL: could not find program unit being called: "MRVMM.PKG_MRV_MANTENIMIENTO"
ORA-06512: at line 1
19/02/2020 08:34:06 p.m.: [Método: System.Data.IDataReader System.Data.IDbCommand.ExecuteReader(System.Data.CommandBehavior), Línea: 0] - ORA-04063: package body "MRVMM.PKG_MRV_MANTENIMIENTO" has errors
ORA-06508: PL/SQL: could not find program unit being called: "MRVMM.PKG_MRV_MANTENIMIENTO"
ORA-06512: at line 1
19/02/2020 08:34:06 p.m.: [Método: System.Data.IDataReader ExecuteReaderWithFlagsFallback(System.Data.IDbCommand, Boolean, System.Data.CommandBehavior), Línea: 0] - ORA-04063: package body "MRVMM.PKG_MRV_MANTENIMIENTO" has errors
ORA-06508: PL/SQL: could not find program unit being called: "MRVMM.PKG_MRV_MANTENIMIENTO"
ORA-06512: at line 1
19/02/2020 08:34:06 p.m.: [Método: Boolean MoveNext(), Línea: 0] - ORA-04063: package body "MRVMM.PKG_MRV_MANTENIMIENTO" has errors
ORA-06508: PL/SQL: could not find program unit being called: "MRVMM.PKG_MRV_MANTENIMIENTO"
ORA-06512: at line 1
19/02/2020 08:34:06 p.m.: [Método: Void .ctor(System.Collections.Generic.IEnumerable`1[T]), Línea: 0] - ORA-04063: package body "MRVMM.PKG_MRV_MANTENIMIENTO" has errors
ORA-06508: PL/SQL: could not find program unit being called: "MRVMM.PKG_MRV_MANTENIMIENTO"
ORA-06512: at line 1
19/02/2020 08:34:06 p.m.: [Método: System.Collections.Generic.List`1[TSource] ToList[TSource](System.Collections.Generic.IEnumerable`1[TSource]), Línea: 0] - ORA-04063: package body "MRVMM.PKG_MRV_MANTENIMIENTO" has errors
ORA-06508: PL/SQL: could not find program unit being called: "MRVMM.PKG_MRV_MANTENIMIENTO"
ORA-06512: at line 1
19/02/2020 08:34:06 p.m.: [Método: System.Collections.Generic.IEnumerable`1[T] Query[T](System.Data.IDbConnection, System.String, System.Object, System.Data.IDbTransaction, Boolean, System.Nullable`1[System.Int32], System.Nullable`1[System.Data.CommandType]), Línea: 0] - ORA-04063: package body "MRVMM.PKG_MRV_MANTENIMIENTO" has errors
ORA-06508: PL/SQL: could not find program unit being called: "MRVMM.PKG_MRV_MANTENIMIENTO"
ORA-06512: at line 1
19/02/2020 08:34:06 p.m.: [Método: System.Collections.Generic.List`1[entidad.minem.gob.pe.FactorBE] ListaMedidaFactor(), Línea: 99] - ORA-04063: package body "MRVMM.PKG_MRV_MANTENIMIENTO" has errors
ORA-06508: PL/SQL: could not find program unit being called: "MRVMM.PKG_MRV_MANTENIMIENTO"
ORA-06512: at line 1
19/02/2020 08:34:27 p.m.: [Método: Void HandleErrorHelper(Int32, Oracle.DataAccess.Client.OracleConnection, IntPtr, Oracle.DataAccess.Client.OpoSqlValCtx*, System.Object, System.String, Boolean, Int32, Oracle.DataAccess.Client.OracleLogicalTransaction), Línea: 0] - ORA-04063: package body "MRVMM.PKG_MRV_MANTENIMIENTO" has errors
ORA-06508: PL/SQL: could not find program unit being called: "MRVMM.PKG_MRV_MANTENIMIENTO"
ORA-06512: at line 1
19/02/2020 08:34:27 p.m.: [Método: Void HandleError(Int32, Oracle.DataAccess.Client.OracleConnection, System.String, IntPtr, Oracle.DataAccess.Client.OpoSqlValCtx*, System.Object, Boolean, Oracle.DataAccess.Client.OracleLogicalTransaction), Línea: 0] - ORA-04063: package body "MRVMM.PKG_MRV_MANTENIMIENTO" has errors
ORA-06508: PL/SQL: could not find program unit being called: "MRVMM.PKG_MRV_MANTENIMIENTO"
ORA-06512: at line 1
19/02/2020 08:34:27 p.m.: [Método: Oracle.DataAccess.Client.OracleDataReader ExecuteReader(Boolean, Boolean, System.Data.CommandBehavior), Línea: 0] - ORA-04063: package body "MRVMM.PKG_MRV_MANTENIMIENTO" has errors
ORA-06508: PL/SQL: could not find program unit being called: "MRVMM.PKG_MRV_MANTENIMIENTO"
ORA-06512: at line 1
19/02/2020 08:34:27 p.m.: [Método: System.Data.Common.DbDataReader ExecuteDbDataReader(System.Data.CommandBehavior), Línea: 0] - ORA-04063: package body "MRVMM.PKG_MRV_MANTENIMIENTO" has errors
ORA-06508: PL/SQL: could not find program unit being called: "MRVMM.PKG_MRV_MANTENIMIENTO"
ORA-06512: at line 1
19/02/2020 08:34:27 p.m.: [Método: System.Data.IDataReader System.Data.IDbCommand.ExecuteReader(System.Data.CommandBehavior), Línea: 0] - ORA-04063: package body "MRVMM.PKG_MRV_MANTENIMIENTO" has errors
ORA-06508: PL/SQL: could not find program unit being called: "MRVMM.PKG_MRV_MANTENIMIENTO"
ORA-06512: at line 1
19/02/2020 08:34:27 p.m.: [Método: System.Data.IDataReader ExecuteReaderWithFlagsFallback(System.Data.IDbCommand, Boolean, System.Data.CommandBehavior), Línea: 0] - ORA-04063: package body "MRVMM.PKG_MRV_MANTENIMIENTO" has errors
ORA-06508: PL/SQL: could not find program unit being called: "MRVMM.PKG_MRV_MANTENIMIENTO"
ORA-06512: at line 1
19/02/2020 08:34:27 p.m.: [Método: Boolean MoveNext(), Línea: 0] - ORA-04063: package body "MRVMM.PKG_MRV_MANTENIMIENTO" has errors
ORA-06508: PL/SQL: could not find program unit being called: "MRVMM.PKG_MRV_MANTENIMIENTO"
ORA-06512: at line 1
19/02/2020 08:34:27 p.m.: [Método: Void .ctor(System.Collections.Generic.IEnumerable`1[T]), Línea: 0] - ORA-04063: package body "MRVMM.PKG_MRV_MANTENIMIENTO" has errors
ORA-06508: PL/SQL: could not find program unit being called: "MRVMM.PKG_MRV_MANTENIMIENTO"
ORA-06512: at line 1
19/02/2020 08:34:27 p.m.: [Método: System.Collections.Generic.List`1[TSource] ToList[TSource](System.Collections.Generic.IEnumerable`1[TSource]), Línea: 0] - ORA-04063: package body "MRVMM.PKG_MRV_MANTENIMIENTO" has errors
ORA-06508: PL/SQL: could not find program unit being called: "MRVMM.PKG_MRV_MANTENIMIENTO"
ORA-06512: at line 1
19/02/2020 08:34:27 p.m.: [Método: System.Collections.Generic.IEnumerable`1[T] Query[T](System.Data.IDbConnection, System.String, System.Object, System.Data.IDbTransaction, Boolean, System.Nullable`1[System.Int32], System.Nullable`1[System.Data.CommandType]), Línea: 0] - ORA-04063: package body "MRVMM.PKG_MRV_MANTENIMIENTO" has errors
ORA-06508: PL/SQL: could not find program unit being called: "MRVMM.PKG_MRV_MANTENIMIENTO"
ORA-06512: at line 1
19/02/2020 08:34:27 p.m.: [Método: System.Collections.Generic.List`1[entidad.minem.gob.pe.FactorBE] ListaMedidaFactor(), Línea: 99] - ORA-04063: package body "MRVMM.PKG_MRV_MANTENIMIENTO" has errors
ORA-06508: PL/SQL: could not find program unit being called: "MRVMM.PKG_MRV_MANTENIMIENTO"
ORA-06512: at line 1
19/02/2020 08:38:45 p.m.: [Método: Void HandleErrorHelper(Int32, Oracle.DataAccess.Client.OracleConnection, IntPtr, Oracle.DataAccess.Client.OpoSqlValCtx*, System.Object, System.String, Boolean, Int32, Oracle.DataAccess.Client.OracleLogicalTransaction), Línea: 0] - ORA-04063: package body "MRVMM.PKG_MRV_MANTENIMIENTO" has errors
ORA-06508: PL/SQL: could not find program unit being called: "MRVMM.PKG_MRV_MANTENIMIENTO"
ORA-06512: at line 1
19/02/2020 08:38:45 p.m.: [Método: Void HandleError(Int32, Oracle.DataAccess.Client.OracleConnection, System.String, IntPtr, Oracle.DataAccess.Client.OpoSqlValCtx*, System.Object, Boolean, Oracle.DataAccess.Client.OracleLogicalTransaction), Línea: 0] - ORA-04063: package body "MRVMM.PKG_MRV_MANTENIMIENTO" has errors
ORA-06508: PL/SQL: could not find program unit being called: "MRVMM.PKG_MRV_MANTENIMIENTO"
ORA-06512: at line 1
19/02/2020 08:38:45 p.m.: [Método: Oracle.DataAccess.Client.OracleDataReader ExecuteReader(Boolean, Boolean, System.Data.CommandBehavior), Línea: 0] - ORA-04063: package body "MRVMM.PKG_MRV_MANTENIMIENTO" has errors
ORA-06508: PL/SQL: could not find program unit being called: "MRVMM.PKG_MRV_MANTENIMIENTO"
ORA-06512: at line 1
19/02/2020 08:38:45 p.m.: [Método: System.Data.Common.DbDataReader ExecuteDbDataReader(System.Data.CommandBehavior), Línea: 0] - ORA-04063: package body "MRVMM.PKG_MRV_MANTENIMIENTO" has errors
ORA-06508: PL/SQL: could not find program unit being called: "MRVMM.PKG_MRV_MANTENIMIENTO"
ORA-06512: at line 1
19/02/2020 08:38:45 p.m.: [Método: System.Data.IDataReader System.Data.IDbCommand.ExecuteReader(System.Data.CommandBehavior), Línea: 0] - ORA-04063: package body "MRVMM.PKG_MRV_MANTENIMIENTO" has errors
ORA-06508: PL/SQL: could not find program unit being called: "MRVMM.PKG_MRV_MANTENIMIENTO"
ORA-06512: at line 1
19/02/2020 08:38:45 p.m.: [Método: System.Data.IDataReader ExecuteReaderWithFlagsFallback(System.Data.IDbCommand, Boolean, System.Data.CommandBehavior), Línea: 0] - ORA-04063: package body "MRVMM.PKG_MRV_MANTENIMIENTO" has errors
ORA-06508: PL/SQL: could not find program unit being called: "MRVMM.PKG_MRV_MANTENIMIENTO"
ORA-06512: at line 1
19/02/2020 08:38:45 p.m.: [Método: Boolean MoveNext(), Línea: 0] - ORA-04063: package body "MRVMM.PKG_MRV_MANTENIMIENTO" has errors
ORA-06508: PL/SQL: could not find program unit being called: "MRVMM.PKG_MRV_MANTENIMIENTO"
ORA-06512: at line 1
19/02/2020 08:38:45 p.m.: [Método: Void .ctor(System.Collections.Generic.IEnumerable`1[T]), Línea: 0] - ORA-04063: package body "MRVMM.PKG_MRV_MANTENIMIENTO" has errors
ORA-06508: PL/SQL: could not find program unit being called: "MRVMM.PKG_MRV_MANTENIMIENTO"
ORA-06512: at line 1
19/02/2020 08:38:45 p.m.: [Método: System.Collections.Generic.List`1[TSource] ToList[TSource](System.Collections.Generic.IEnumerable`1[TSource]), Línea: 0] - ORA-04063: package body "MRVMM.PKG_MRV_MANTENIMIENTO" has errors
ORA-06508: PL/SQL: could not find program unit being called: "MRVMM.PKG_MRV_MANTENIMIENTO"
ORA-06512: at line 1
19/02/2020 08:38:45 p.m.: [Método: System.Collections.Generic.IEnumerable`1[T] Query[T](System.Data.IDbConnection, System.String, System.Object, System.Data.IDbTransaction, Boolean, System.Nullable`1[System.Int32], System.Nullable`1[System.Data.CommandType]), Línea: 0] - ORA-04063: package body "MRVMM.PKG_MRV_MANTENIMIENTO" has errors
ORA-06508: PL/SQL: could not find program unit being called: "MRVMM.PKG_MRV_MANTENIMIENTO"
ORA-06512: at line 1
19/02/2020 08:38:45 p.m.: [Método: System.Collections.Generic.List`1[entidad.minem.gob.pe.FactorBE] ListaMedidaFactor(), Línea: 99] - ORA-04063: package body "MRVMM.PKG_MRV_MANTENIMIENTO" has errors
ORA-06508: PL/SQL: could not find program unit being called: "MRVMM.PKG_MRV_MANTENIMIENTO"
ORA-06512: at line 1
