27/02/2020 01:35:35: [Método: Void HandleErrorHelper(Int32, Oracle.DataAccess.Client.OracleConnection, IntPtr, Oracle.DataAccess.Client.OpoSqlValCtx*, System.Object, System.String, Boolean, Int32, Oracle.DataAccess.Client.OracleLogicalTransaction), Línea: 0] - ORA-00001: unique constraint (MRVMM.PK_FACTOR) violated
ORA-06512: at "MRVMM.PKG_MRV_PARAMETROS", line 130
ORA-06512: at line 1
27/02/2020 01:35:35: [Método: Void HandleError(Int32, Oracle.DataAccess.Client.OracleConnection, System.String, IntPtr, Oracle.DataAccess.Client.OpoSqlValCtx*, System.Object, Boolean, Oracle.DataAccess.Client.OracleLogicalTransaction), Línea: 0] - ORA-00001: unique constraint (MRVMM.PK_FACTOR) violated
ORA-06512: at "MRVMM.PKG_MRV_PARAMETROS", line 130
ORA-06512: at line 1
27/02/2020 01:35:35: [Método: Int32 ExecuteNonQuery(), Línea: 0] - ORA-00001: unique constraint (MRVMM.PK_FACTOR) violated
ORA-06512: at "MRVMM.PKG_MRV_PARAMETROS", line 130
ORA-06512: at line 1
27/02/2020 01:35:35: [Método: Int32 ExecuteNonQuery(Oracle.DataAccess.Client.OracleConnection, System.Data.CommandType, System.String, Oracle.DataAccess.Client.OracleParameter[]), Línea: 255] - ORA-00001: unique constraint (MRVMM.PK_FACTOR) violated
ORA-06512: at "MRVMM.PKG_MRV_PARAMETROS", line 130
ORA-06512: at line 1
27/02/2020 01:35:35: [Método: Int32 ExecuteNonQuery(System.String, System.Data.CommandType, System.String, Oracle.DataAccess.Client.OracleParameter[]), Línea: 178] - ORA-00001: unique constraint (MRVMM.PK_FACTOR) violated
ORA-06512: at "MRVMM.PKG_MRV_PARAMETROS", line 130
ORA-06512: at line 1
27/02/2020 01:35:35: [Método: entidad.minem.gob.pe.FactorBE RegistraFactor(entidad.minem.gob.pe.FactorBE), Línea: 395] - ORA-00001: unique constraint (MRVMM.PK_FACTOR) violated
ORA-06512: at "MRVMM.PKG_MRV_PARAMETROS", line 130
ORA-06512: at line 1
27/02/2020 01:35:40: [Método: Void HandleErrorHelper(Int32, Oracle.DataAccess.Client.OracleConnection, IntPtr, Oracle.DataAccess.Client.OpoSqlValCtx*, System.Object, System.String, Boolean, Int32, Oracle.DataAccess.Client.OracleLogicalTransaction), Línea: 0] - ORA-00001: unique constraint (MRVMM.PK_FACTOR) violated
ORA-06512: at "MRVMM.PKG_MRV_PARAMETROS", line 130
ORA-06512: at line 1
27/02/2020 01:35:40: [Método: Void HandleError(Int32, Oracle.DataAccess.Client.OracleConnection, System.String, IntPtr, Oracle.DataAccess.Client.OpoSqlValCtx*, System.Object, Boolean, Oracle.DataAccess.Client.OracleLogicalTransaction), Línea: 0] - ORA-00001: unique constraint (MRVMM.PK_FACTOR) violated
ORA-06512: at "MRVMM.PKG_MRV_PARAMETROS", line 130
ORA-06512: at line 1
27/02/2020 01:35:40: [Método: Int32 ExecuteNonQuery(), Línea: 0] - ORA-00001: unique constraint (MRVMM.PK_FACTOR) violated
ORA-06512: at "MRVMM.PKG_MRV_PARAMETROS", line 130
ORA-06512: at line 1
27/02/2020 01:35:40: [Método: Int32 ExecuteNonQuery(Oracle.DataAccess.Client.OracleConnection, System.Data.CommandType, System.String, Oracle.DataAccess.Client.OracleParameter[]), Línea: 255] - ORA-00001: unique constraint (MRVMM.PK_FACTOR) violated
ORA-06512: at "MRVMM.PKG_MRV_PARAMETROS", line 130
ORA-06512: at line 1
27/02/2020 01:35:40: [Método: Int32 ExecuteNonQuery(System.String, System.Data.CommandType, System.String, Oracle.DataAccess.Client.OracleParameter[]), Línea: 178] - ORA-00001: unique constraint (MRVMM.PK_FACTOR) violated
ORA-06512: at "MRVMM.PKG_MRV_PARAMETROS", line 130
ORA-06512: at line 1
27/02/2020 01:35:40: [Método: entidad.minem.gob.pe.FactorBE RegistraFactor(entidad.minem.gob.pe.FactorBE), Línea: 395] - ORA-00001: unique constraint (MRVMM.PK_FACTOR) violated
ORA-06512: at "MRVMM.PKG_MRV_PARAMETROS", line 130
ORA-06512: at line 1
27/02/2020 01:35:44: [Método: Void HandleErrorHelper(Int32, Oracle.DataAccess.Client.OracleConnection, IntPtr, Oracle.DataAccess.Client.OpoSqlValCtx*, System.Object, System.String, Boolean, Int32, Oracle.DataAccess.Client.OracleLogicalTransaction), Línea: 0] - ORA-00001: unique constraint (MRVMM.PK_FACTOR) violated
ORA-06512: at "MRVMM.PKG_MRV_PARAMETROS", line 130
ORA-06512: at line 1
27/02/2020 01:35:44: [Método: Void HandleError(Int32, Oracle.DataAccess.Client.OracleConnection, System.String, IntPtr, Oracle.DataAccess.Client.OpoSqlValCtx*, System.Object, Boolean, Oracle.DataAccess.Client.OracleLogicalTransaction), Línea: 0] - ORA-00001: unique constraint (MRVMM.PK_FACTOR) violated
ORA-06512: at "MRVMM.PKG_MRV_PARAMETROS", line 130
ORA-06512: at line 1
27/02/2020 01:35:44: [Método: Int32 ExecuteNonQuery(), Línea: 0] - ORA-00001: unique constraint (MRVMM.PK_FACTOR) violated
ORA-06512: at "MRVMM.PKG_MRV_PARAMETROS", line 130
ORA-06512: at line 1
27/02/2020 01:35:44: [Método: Int32 ExecuteNonQuery(Oracle.DataAccess.Client.OracleConnection, System.Data.CommandType, System.String, Oracle.DataAccess.Client.OracleParameter[]), Línea: 255] - ORA-00001: unique constraint (MRVMM.PK_FACTOR) violated
ORA-06512: at "MRVMM.PKG_MRV_PARAMETROS", line 130
ORA-06512: at line 1
27/02/2020 01:35:44: [Método: Int32 ExecuteNonQuery(System.String, System.Data.CommandType, System.String, Oracle.DataAccess.Client.OracleParameter[]), Línea: 178] - ORA-00001: unique constraint (MRVMM.PK_FACTOR) violated
ORA-06512: at "MRVMM.PKG_MRV_PARAMETROS", line 130
ORA-06512: at line 1
27/02/2020 01:35:44: [Método: entidad.minem.gob.pe.FactorBE RegistraFactor(entidad.minem.gob.pe.FactorBE), Línea: 395] - ORA-00001: unique constraint (MRVMM.PK_FACTOR) violated
ORA-06512: at "MRVMM.PKG_MRV_PARAMETROS", line 130
ORA-06512: at line 1
27/02/2020 01:35:45: [Método: Void HandleErrorHelper(Int32, Oracle.DataAccess.Client.OracleConnection, IntPtr, Oracle.DataAccess.Client.OpoSqlValCtx*, System.Object, System.String, Boolean, Int32, Oracle.DataAccess.Client.OracleLogicalTransaction), Línea: 0] - ORA-00001: unique constraint (MRVMM.PK_FACTOR) violated
ORA-06512: at "MRVMM.PKG_MRV_PARAMETROS", line 130
ORA-06512: at line 1
27/02/2020 01:35:45: [Método: Void HandleError(Int32, Oracle.DataAccess.Client.OracleConnection, System.String, IntPtr, Oracle.DataAccess.Client.OpoSqlValCtx*, System.Object, Boolean, Oracle.DataAccess.Client.OracleLogicalTransaction), Línea: 0] - ORA-00001: unique constraint (MRVMM.PK_FACTOR) violated
ORA-06512: at "MRVMM.PKG_MRV_PARAMETROS", line 130
ORA-06512: at line 1
27/02/2020 01:35:45: [Método: Int32 ExecuteNonQuery(), Línea: 0] - ORA-00001: unique constraint (MRVMM.PK_FACTOR) violated
ORA-06512: at "MRVMM.PKG_MRV_PARAMETROS", line 130
ORA-06512: at line 1
27/02/2020 01:35:45: [Método: Int32 ExecuteNonQuery(Oracle.DataAccess.Client.OracleConnection, System.Data.CommandType, System.String, Oracle.DataAccess.Client.OracleParameter[]), Línea: 255] - ORA-00001: unique constraint (MRVMM.PK_FACTOR) violated
ORA-06512: at "MRVMM.PKG_MRV_PARAMETROS", line 130
ORA-06512: at line 1
27/02/2020 01:35:45: [Método: Int32 ExecuteNonQuery(System.String, System.Data.CommandType, System.String, Oracle.DataAccess.Client.OracleParameter[]), Línea: 178] - ORA-00001: unique constraint (MRVMM.PK_FACTOR) violated
ORA-06512: at "MRVMM.PKG_MRV_PARAMETROS", line 130
ORA-06512: at line 1
27/02/2020 01:35:45: [Método: entidad.minem.gob.pe.FactorBE RegistraFactor(entidad.minem.gob.pe.FactorBE), Línea: 395] - ORA-00001: unique constraint (MRVMM.PK_FACTOR) violated
ORA-06512: at "MRVMM.PKG_MRV_PARAMETROS", line 130
ORA-06512: at line 1
27/02/2020 01:35:45: [Método: Void HandleErrorHelper(Int32, Oracle.DataAccess.Client.OracleConnection, IntPtr, Oracle.DataAccess.Client.OpoSqlValCtx*, System.Object, System.String, Boolean, Int32, Oracle.DataAccess.Client.OracleLogicalTransaction), Línea: 0] - ORA-00001: unique constraint (MRVMM.PK_FACTOR) violated
ORA-06512: at "MRVMM.PKG_MRV_PARAMETROS", line 130
ORA-06512: at line 1
27/02/2020 01:35:45: [Método: Void HandleError(Int32, Oracle.DataAccess.Client.OracleConnection, System.String, IntPtr, Oracle.DataAccess.Client.OpoSqlValCtx*, System.Object, Boolean, Oracle.DataAccess.Client.OracleLogicalTransaction), Línea: 0] - ORA-00001: unique constraint (MRVMM.PK_FACTOR) violated
ORA-06512: at "MRVMM.PKG_MRV_PARAMETROS", line 130
ORA-06512: at line 1
27/02/2020 01:35:45: [Método: Int32 ExecuteNonQuery(), Línea: 0] - ORA-00001: unique constraint (MRVMM.PK_FACTOR) violated
ORA-06512: at "MRVMM.PKG_MRV_PARAMETROS", line 130
ORA-06512: at line 1
27/02/2020 01:35:45: [Método: Int32 ExecuteNonQuery(Oracle.DataAccess.Client.OracleConnection, System.Data.CommandType, System.String, Oracle.DataAccess.Client.OracleParameter[]), Línea: 255] - ORA-00001: unique constraint (MRVMM.PK_FACTOR) violated
ORA-06512: at "MRVMM.PKG_MRV_PARAMETROS", line 130
ORA-06512: at line 1
27/02/2020 01:35:45: [Método: Int32 ExecuteNonQuery(System.String, System.Data.CommandType, System.String, Oracle.DataAccess.Client.OracleParameter[]), Línea: 178] - ORA-00001: unique constraint (MRVMM.PK_FACTOR) violated
ORA-06512: at "MRVMM.PKG_MRV_PARAMETROS", line 130
ORA-06512: at line 1
27/02/2020 01:35:45: [Método: entidad.minem.gob.pe.FactorBE RegistraFactor(entidad.minem.gob.pe.FactorBE), Línea: 395] - ORA-00001: unique constraint (MRVMM.PK_FACTOR) violated
ORA-06512: at "MRVMM.PKG_MRV_PARAMETROS", line 130
ORA-06512: at line 1
27/02/2020 01:35:46: [Método: Void HandleErrorHelper(Int32, Oracle.DataAccess.Client.OracleConnection, IntPtr, Oracle.DataAccess.Client.OpoSqlValCtx*, System.Object, System.String, Boolean, Int32, Oracle.DataAccess.Client.OracleLogicalTransaction), Línea: 0] - ORA-00001: unique constraint (MRVMM.PK_FACTOR) violated
ORA-06512: at "MRVMM.PKG_MRV_PARAMETROS", line 130
ORA-06512: at line 1
27/02/2020 01:35:46: [Método: Void HandleError(Int32, Oracle.DataAccess.Client.OracleConnection, System.String, IntPtr, Oracle.DataAccess.Client.OpoSqlValCtx*, System.Object, Boolean, Oracle.DataAccess.Client.OracleLogicalTransaction), Línea: 0] - ORA-00001: unique constraint (MRVMM.PK_FACTOR) violated
ORA-06512: at "MRVMM.PKG_MRV_PARAMETROS", line 130
ORA-06512: at line 1
27/02/2020 01:35:46: [Método: Int32 ExecuteNonQuery(), Línea: 0] - ORA-00001: unique constraint (MRVMM.PK_FACTOR) violated
ORA-06512: at "MRVMM.PKG_MRV_PARAMETROS", line 130
ORA-06512: at line 1
27/02/2020 01:35:46: [Método: Int32 ExecuteNonQuery(Oracle.DataAccess.Client.OracleConnection, System.Data.CommandType, System.String, Oracle.DataAccess.Client.OracleParameter[]), Línea: 255] - ORA-00001: unique constraint (MRVMM.PK_FACTOR) violated
ORA-06512: at "MRVMM.PKG_MRV_PARAMETROS", line 130
ORA-06512: at line 1
27/02/2020 01:35:46: [Método: Int32 ExecuteNonQuery(System.String, System.Data.CommandType, System.String, Oracle.DataAccess.Client.OracleParameter[]), Línea: 178] - ORA-00001: unique constraint (MRVMM.PK_FACTOR) violated
ORA-06512: at "MRVMM.PKG_MRV_PARAMETROS", line 130
ORA-06512: at line 1
27/02/2020 01:35:46: [Método: entidad.minem.gob.pe.FactorBE RegistraFactor(entidad.minem.gob.pe.FactorBE), Línea: 395] - ORA-00001: unique constraint (MRVMM.PK_FACTOR) violated
ORA-06512: at "MRVMM.PKG_MRV_PARAMETROS", line 130
ORA-06512: at line 1
27/02/2020 01:35:46: [Método: Void HandleErrorHelper(Int32, Oracle.DataAccess.Client.OracleConnection, IntPtr, Oracle.DataAccess.Client.OpoSqlValCtx*, System.Object, System.String, Boolean, Int32, Oracle.DataAccess.Client.OracleLogicalTransaction), Línea: 0] - ORA-00001: unique constraint (MRVMM.PK_FACTOR) violated
ORA-06512: at "MRVMM.PKG_MRV_PARAMETROS", line 130
ORA-06512: at line 1
27/02/2020 01:35:46: [Método: Void HandleError(Int32, Oracle.DataAccess.Client.OracleConnection, System.String, IntPtr, Oracle.DataAccess.Client.OpoSqlValCtx*, System.Object, Boolean, Oracle.DataAccess.Client.OracleLogicalTransaction), Línea: 0] - ORA-00001: unique constraint (MRVMM.PK_FACTOR) violated
ORA-06512: at "MRVMM.PKG_MRV_PARAMETROS", line 130
ORA-06512: at line 1
27/02/2020 01:35:46: [Método: Int32 ExecuteNonQuery(), Línea: 0] - ORA-00001: unique constraint (MRVMM.PK_FACTOR) violated
ORA-06512: at "MRVMM.PKG_MRV_PARAMETROS", line 130
ORA-06512: at line 1
27/02/2020 01:35:46: [Método: Int32 ExecuteNonQuery(Oracle.DataAccess.Client.OracleConnection, System.Data.CommandType, System.String, Oracle.DataAccess.Client.OracleParameter[]), Línea: 255] - ORA-00001: unique constraint (MRVMM.PK_FACTOR) violated
ORA-06512: at "MRVMM.PKG_MRV_PARAMETROS", line 130
ORA-06512: at line 1
27/02/2020 01:35:46: [Método: Int32 ExecuteNonQuery(System.String, System.Data.CommandType, System.String, Oracle.DataAccess.Client.OracleParameter[]), Línea: 178] - ORA-00001: unique constraint (MRVMM.PK_FACTOR) violated
ORA-06512: at "MRVMM.PKG_MRV_PARAMETROS", line 130
ORA-06512: at line 1
27/02/2020 01:35:46: [Método: entidad.minem.gob.pe.FactorBE RegistraFactor(entidad.minem.gob.pe.FactorBE), Línea: 395] - ORA-00001: unique constraint (MRVMM.PK_FACTOR) violated
ORA-06512: at "MRVMM.PKG_MRV_PARAMETROS", line 130
ORA-06512: at line 1
27/02/2020 01:35:47: [Método: Void HandleErrorHelper(Int32, Oracle.DataAccess.Client.OracleConnection, IntPtr, Oracle.DataAccess.Client.OpoSqlValCtx*, System.Object, System.String, Boolean, Int32, Oracle.DataAccess.Client.OracleLogicalTransaction), Línea: 0] - ORA-00001: unique constraint (MRVMM.PK_FACTOR) violated
ORA-06512: at "MRVMM.PKG_MRV_PARAMETROS", line 130
ORA-06512: at line 1
27/02/2020 01:35:47: [Método: Void HandleError(Int32, Oracle.DataAccess.Client.OracleConnection, System.String, IntPtr, Oracle.DataAccess.Client.OpoSqlValCtx*, System.Object, Boolean, Oracle.DataAccess.Client.OracleLogicalTransaction), Línea: 0] - ORA-00001: unique constraint (MRVMM.PK_FACTOR) violated
ORA-06512: at "MRVMM.PKG_MRV_PARAMETROS", line 130
ORA-06512: at line 1
27/02/2020 01:35:47: [Método: Int32 ExecuteNonQuery(), Línea: 0] - ORA-00001: unique constraint (MRVMM.PK_FACTOR) violated
ORA-06512: at "MRVMM.PKG_MRV_PARAMETROS", line 130
ORA-06512: at line 1
27/02/2020 01:35:47: [Método: Int32 ExecuteNonQuery(Oracle.DataAccess.Client.OracleConnection, System.Data.CommandType, System.String, Oracle.DataAccess.Client.OracleParameter[]), Línea: 255] - ORA-00001: unique constraint (MRVMM.PK_FACTOR) violated
ORA-06512: at "MRVMM.PKG_MRV_PARAMETROS", line 130
ORA-06512: at line 1
27/02/2020 01:35:47: [Método: Int32 ExecuteNonQuery(System.String, System.Data.CommandType, System.String, Oracle.DataAccess.Client.OracleParameter[]), Línea: 178] - ORA-00001: unique constraint (MRVMM.PK_FACTOR) violated
ORA-06512: at "MRVMM.PKG_MRV_PARAMETROS", line 130
ORA-06512: at line 1
27/02/2020 01:35:47: [Método: entidad.minem.gob.pe.FactorBE RegistraFactor(entidad.minem.gob.pe.FactorBE), Línea: 395] - ORA-00001: unique constraint (MRVMM.PK_FACTOR) violated
ORA-06512: at "MRVMM.PKG_MRV_PARAMETROS", line 130
ORA-06512: at line 1
27/02/2020 01:35:58: [Método: Void HandleErrorHelper(Int32, Oracle.DataAccess.Client.OracleConnection, IntPtr, Oracle.DataAccess.Client.OpoSqlValCtx*, System.Object, System.String, Boolean, Int32, Oracle.DataAccess.Client.OracleLogicalTransaction), Línea: 0] - ORA-00001: unique constraint (MRVMM.PK_FACTOR) violated
ORA-06512: at "MRVMM.PKG_MRV_PARAMETROS", line 130
ORA-06512: at line 1
27/02/2020 01:35:58: [Método: Void HandleError(Int32, Oracle.DataAccess.Client.OracleConnection, System.String, IntPtr, Oracle.DataAccess.Client.OpoSqlValCtx*, System.Object, Boolean, Oracle.DataAccess.Client.OracleLogicalTransaction), Línea: 0] - ORA-00001: unique constraint (MRVMM.PK_FACTOR) violated
ORA-06512: at "MRVMM.PKG_MRV_PARAMETROS", line 130
ORA-06512: at line 1
27/02/2020 01:35:58: [Método: Int32 ExecuteNonQuery(), Línea: 0] - ORA-00001: unique constraint (MRVMM.PK_FACTOR) violated
ORA-06512: at "MRVMM.PKG_MRV_PARAMETROS", line 130
ORA-06512: at line 1
27/02/2020 01:35:58: [Método: Int32 ExecuteNonQuery(Oracle.DataAccess.Client.OracleConnection, System.Data.CommandType, System.String, Oracle.DataAccess.Client.OracleParameter[]), Línea: 255] - ORA-00001: unique constraint (MRVMM.PK_FACTOR) violated
ORA-06512: at "MRVMM.PKG_MRV_PARAMETROS", line 130
ORA-06512: at line 1
27/02/2020 01:35:58: [Método: Int32 ExecuteNonQuery(System.String, System.Data.CommandType, System.String, Oracle.DataAccess.Client.OracleParameter[]), Línea: 178] - ORA-00001: unique constraint (MRVMM.PK_FACTOR) violated
ORA-06512: at "MRVMM.PKG_MRV_PARAMETROS", line 130
ORA-06512: at line 1
27/02/2020 01:35:58: [Método: entidad.minem.gob.pe.FactorBE RegistraFactor(entidad.minem.gob.pe.FactorBE), Línea: 395] - ORA-00001: unique constraint (MRVMM.PK_FACTOR) violated
ORA-06512: at "MRVMM.PKG_MRV_PARAMETROS", line 130
ORA-06512: at line 1
27/02/2020 01:35:59: [Método: Void HandleErrorHelper(Int32, Oracle.DataAccess.Client.OracleConnection, IntPtr, Oracle.DataAccess.Client.OpoSqlValCtx*, System.Object, System.String, Boolean, Int32, Oracle.DataAccess.Client.OracleLogicalTransaction), Línea: 0] - ORA-00001: unique constraint (MRVMM.PK_FACTOR) violated
ORA-06512: at "MRVMM.PKG_MRV_PARAMETROS", line 130
ORA-06512: at line 1
27/02/2020 01:35:59: [Método: Void HandleError(Int32, Oracle.DataAccess.Client.OracleConnection, System.String, IntPtr, Oracle.DataAccess.Client.OpoSqlValCtx*, System.Object, Boolean, Oracle.DataAccess.Client.OracleLogicalTransaction), Línea: 0] - ORA-00001: unique constraint (MRVMM.PK_FACTOR) violated
ORA-06512: at "MRVMM.PKG_MRV_PARAMETROS", line 130
ORA-06512: at line 1
27/02/2020 01:35:59: [Método: Int32 ExecuteNonQuery(), Línea: 0] - ORA-00001: unique constraint (MRVMM.PK_FACTOR) violated
ORA-06512: at "MRVMM.PKG_MRV_PARAMETROS", line 130
ORA-06512: at line 1
27/02/2020 01:35:59: [Método: Int32 ExecuteNonQuery(Oracle.DataAccess.Client.OracleConnection, System.Data.CommandType, System.String, Oracle.DataAccess.Client.OracleParameter[]), Línea: 255] - ORA-00001: unique constraint (MRVMM.PK_FACTOR) violated
ORA-06512: at "MRVMM.PKG_MRV_PARAMETROS", line 130
ORA-06512: at line 1
27/02/2020 01:35:59: [Método: Int32 ExecuteNonQuery(System.String, System.Data.CommandType, System.String, Oracle.DataAccess.Client.OracleParameter[]), Línea: 178] - ORA-00001: unique constraint (MRVMM.PK_FACTOR) violated
ORA-06512: at "MRVMM.PKG_MRV_PARAMETROS", line 130
ORA-06512: at line 1
27/02/2020 01:35:59: [Método: entidad.minem.gob.pe.FactorBE RegistraFactor(entidad.minem.gob.pe.FactorBE), Línea: 395] - ORA-00001: unique constraint (MRVMM.PK_FACTOR) violated
ORA-06512: at "MRVMM.PKG_MRV_PARAMETROS", line 130
ORA-06512: at line 1
27/02/2020 01:35:59: [Método: Void HandleErrorHelper(Int32, Oracle.DataAccess.Client.OracleConnection, IntPtr, Oracle.DataAccess.Client.OpoSqlValCtx*, System.Object, System.String, Boolean, Int32, Oracle.DataAccess.Client.OracleLogicalTransaction), Línea: 0] - ORA-00001: unique constraint (MRVMM.PK_FACTOR) violated
ORA-06512: at "MRVMM.PKG_MRV_PARAMETROS", line 130
ORA-06512: at line 1
27/02/2020 01:35:59: [Método: Void HandleError(Int32, Oracle.DataAccess.Client.OracleConnection, System.String, IntPtr, Oracle.DataAccess.Client.OpoSqlValCtx*, System.Object, Boolean, Oracle.DataAccess.Client.OracleLogicalTransaction), Línea: 0] - ORA-00001: unique constraint (MRVMM.PK_FACTOR) violated
ORA-06512: at "MRVMM.PKG_MRV_PARAMETROS", line 130
ORA-06512: at line 1
27/02/2020 01:35:59: [Método: Int32 ExecuteNonQuery(), Línea: 0] - ORA-00001: unique constraint (MRVMM.PK_FACTOR) violated
ORA-06512: at "MRVMM.PKG_MRV_PARAMETROS", line 130
ORA-06512: at line 1
27/02/2020 01:35:59: [Método: Int32 ExecuteNonQuery(Oracle.DataAccess.Client.OracleConnection, System.Data.CommandType, System.String, Oracle.DataAccess.Client.OracleParameter[]), Línea: 255] - ORA-00001: unique constraint (MRVMM.PK_FACTOR) violated
ORA-06512: at "MRVMM.PKG_MRV_PARAMETROS", line 130
ORA-06512: at line 1
27/02/2020 01:35:59: [Método: Int32 ExecuteNonQuery(System.String, System.Data.CommandType, System.String, Oracle.DataAccess.Client.OracleParameter[]), Línea: 178] - ORA-00001: unique constraint (MRVMM.PK_FACTOR) violated
ORA-06512: at "MRVMM.PKG_MRV_PARAMETROS", line 130
ORA-06512: at line 1
27/02/2020 01:35:59: [Método: entidad.minem.gob.pe.FactorBE RegistraFactor(entidad.minem.gob.pe.FactorBE), Línea: 395] - ORA-00001: unique constraint (MRVMM.PK_FACTOR) violated
ORA-06512: at "MRVMM.PKG_MRV_PARAMETROS", line 130
ORA-06512: at line 1
27/02/2020 01:35:59: [Método: Void HandleErrorHelper(Int32, Oracle.DataAccess.Client.OracleConnection, IntPtr, Oracle.DataAccess.Client.OpoSqlValCtx*, System.Object, System.String, Boolean, Int32, Oracle.DataAccess.Client.OracleLogicalTransaction), Línea: 0] - ORA-00001: unique constraint (MRVMM.PK_FACTOR) violated
ORA-06512: at "MRVMM.PKG_MRV_PARAMETROS", line 130
ORA-06512: at line 1
27/02/2020 01:35:59: [Método: Void HandleError(Int32, Oracle.DataAccess.Client.OracleConnection, System.String, IntPtr, Oracle.DataAccess.Client.OpoSqlValCtx*, System.Object, Boolean, Oracle.DataAccess.Client.OracleLogicalTransaction), Línea: 0] - ORA-00001: unique constraint (MRVMM.PK_FACTOR) violated
ORA-06512: at "MRVMM.PKG_MRV_PARAMETROS", line 130
ORA-06512: at line 1
27/02/2020 01:35:59: [Método: Int32 ExecuteNonQuery(), Línea: 0] - ORA-00001: unique constraint (MRVMM.PK_FACTOR) violated
ORA-06512: at "MRVMM.PKG_MRV_PARAMETROS", line 130
ORA-06512: at line 1
27/02/2020 01:35:59: [Método: Int32 ExecuteNonQuery(Oracle.DataAccess.Client.OracleConnection, System.Data.CommandType, System.String, Oracle.DataAccess.Client.OracleParameter[]), Línea: 255] - ORA-00001: unique constraint (MRVMM.PK_FACTOR) violated
ORA-06512: at "MRVMM.PKG_MRV_PARAMETROS", line 130
ORA-06512: at line 1
27/02/2020 01:35:59: [Método: Int32 ExecuteNonQuery(System.String, System.Data.CommandType, System.String, Oracle.DataAccess.Client.OracleParameter[]), Línea: 178] - ORA-00001: unique constraint (MRVMM.PK_FACTOR) violated
ORA-06512: at "MRVMM.PKG_MRV_PARAMETROS", line 130
ORA-06512: at line 1
27/02/2020 01:35:59: [Método: entidad.minem.gob.pe.FactorBE RegistraFactor(entidad.minem.gob.pe.FactorBE), Línea: 395] - ORA-00001: unique constraint (MRVMM.PK_FACTOR) violated
ORA-06512: at "MRVMM.PKG_MRV_PARAMETROS", line 130
ORA-06512: at line 1
27/02/2020 01:35:59: [Método: Void HandleErrorHelper(Int32, Oracle.DataAccess.Client.OracleConnection, IntPtr, Oracle.DataAccess.Client.OpoSqlValCtx*, System.Object, System.String, Boolean, Int32, Oracle.DataAccess.Client.OracleLogicalTransaction), Línea: 0] - ORA-00001: unique constraint (MRVMM.PK_FACTOR) violated
ORA-06512: at "MRVMM.PKG_MRV_PARAMETROS", line 130
ORA-06512: at line 1
27/02/2020 01:35:59: [Método: Void HandleError(Int32, Oracle.DataAccess.Client.OracleConnection, System.String, IntPtr, Oracle.DataAccess.Client.OpoSqlValCtx*, System.Object, Boolean, Oracle.DataAccess.Client.OracleLogicalTransaction), Línea: 0] - ORA-00001: unique constraint (MRVMM.PK_FACTOR) violated
ORA-06512: at "MRVMM.PKG_MRV_PARAMETROS", line 130
ORA-06512: at line 1
27/02/2020 01:35:59: [Método: Int32 ExecuteNonQuery(), Línea: 0] - ORA-00001: unique constraint (MRVMM.PK_FACTOR) violated
ORA-06512: at "MRVMM.PKG_MRV_PARAMETROS", line 130
ORA-06512: at line 1
27/02/2020 01:35:59: [Método: Int32 ExecuteNonQuery(Oracle.DataAccess.Client.OracleConnection, System.Data.CommandType, System.String, Oracle.DataAccess.Client.OracleParameter[]), Línea: 255] - ORA-00001: unique constraint (MRVMM.PK_FACTOR) violated
ORA-06512: at "MRVMM.PKG_MRV_PARAMETROS", line 130
ORA-06512: at line 1
27/02/2020 01:35:59: [Método: Int32 ExecuteNonQuery(System.String, System.Data.CommandType, System.String, Oracle.DataAccess.Client.OracleParameter[]), Línea: 178] - ORA-00001: unique constraint (MRVMM.PK_FACTOR) violated
ORA-06512: at "MRVMM.PKG_MRV_PARAMETROS", line 130
ORA-06512: at line 1
27/02/2020 01:35:59: [Método: entidad.minem.gob.pe.FactorBE RegistraFactor(entidad.minem.gob.pe.FactorBE), Línea: 395] - ORA-00001: unique constraint (MRVMM.PK_FACTOR) violated
ORA-06512: at "MRVMM.PKG_MRV_PARAMETROS", line 130
ORA-06512: at line 1
27/02/2020 01:36:00: [Método: Void HandleErrorHelper(Int32, Oracle.DataAccess.Client.OracleConnection, IntPtr, Oracle.DataAccess.Client.OpoSqlValCtx*, System.Object, System.String, Boolean, Int32, Oracle.DataAccess.Client.OracleLogicalTransaction), Línea: 0] - ORA-00001: unique constraint (MRVMM.PK_FACTOR) violated
ORA-06512: at "MRVMM.PKG_MRV_PARAMETROS", line 130
ORA-06512: at line 1
27/02/2020 01:36:00: [Método: Void HandleError(Int32, Oracle.DataAccess.Client.OracleConnection, System.String, IntPtr, Oracle.DataAccess.Client.OpoSqlValCtx*, System.Object, Boolean, Oracle.DataAccess.Client.OracleLogicalTransaction), Línea: 0] - ORA-00001: unique constraint (MRVMM.PK_FACTOR) violated
ORA-06512: at "MRVMM.PKG_MRV_PARAMETROS", line 130
ORA-06512: at line 1
27/02/2020 01:36:00: [Método: Int32 ExecuteNonQuery(), Línea: 0] - ORA-00001: unique constraint (MRVMM.PK_FACTOR) violated
ORA-06512: at "MRVMM.PKG_MRV_PARAMETROS", line 130
ORA-06512: at line 1
27/02/2020 01:36:00: [Método: Int32 ExecuteNonQuery(Oracle.DataAccess.Client.OracleConnection, System.Data.CommandType, System.String, Oracle.DataAccess.Client.OracleParameter[]), Línea: 255] - ORA-00001: unique constraint (MRVMM.PK_FACTOR) violated
ORA-06512: at "MRVMM.PKG_MRV_PARAMETROS", line 130
ORA-06512: at line 1
27/02/2020 01:36:00: [Método: Int32 ExecuteNonQuery(System.String, System.Data.CommandType, System.String, Oracle.DataAccess.Client.OracleParameter[]), Línea: 178] - ORA-00001: unique constraint (MRVMM.PK_FACTOR) violated
ORA-06512: at "MRVMM.PKG_MRV_PARAMETROS", line 130
ORA-06512: at line 1
27/02/2020 01:36:00: [Método: entidad.minem.gob.pe.FactorBE RegistraFactor(entidad.minem.gob.pe.FactorBE), Línea: 395] - ORA-00001: unique constraint (MRVMM.PK_FACTOR) violated
ORA-06512: at "MRVMM.PKG_MRV_PARAMETROS", line 130
ORA-06512: at line 1
27/02/2020 01:36:00: [Método: Void HandleErrorHelper(Int32, Oracle.DataAccess.Client.OracleConnection, IntPtr, Oracle.DataAccess.Client.OpoSqlValCtx*, System.Object, System.String, Boolean, Int32, Oracle.DataAccess.Client.OracleLogicalTransaction), Línea: 0] - ORA-00001: unique constraint (MRVMM.PK_FACTOR) violated
ORA-06512: at "MRVMM.PKG_MRV_PARAMETROS", line 130
ORA-06512: at line 1
27/02/2020 01:36:00: [Método: Void HandleError(Int32, Oracle.DataAccess.Client.OracleConnection, System.String, IntPtr, Oracle.DataAccess.Client.OpoSqlValCtx*, System.Object, Boolean, Oracle.DataAccess.Client.OracleLogicalTransaction), Línea: 0] - ORA-00001: unique constraint (MRVMM.PK_FACTOR) violated
ORA-06512: at "MRVMM.PKG_MRV_PARAMETROS", line 130
ORA-06512: at line 1
27/02/2020 01:36:00: [Método: Int32 ExecuteNonQuery(), Línea: 0] - ORA-00001: unique constraint (MRVMM.PK_FACTOR) violated
ORA-06512: at "MRVMM.PKG_MRV_PARAMETROS", line 130
ORA-06512: at line 1
27/02/2020 01:36:00: [Método: Int32 ExecuteNonQuery(Oracle.DataAccess.Client.OracleConnection, System.Data.CommandType, System.String, Oracle.DataAccess.Client.OracleParameter[]), Línea: 255] - ORA-00001: unique constraint (MRVMM.PK_FACTOR) violated
ORA-06512: at "MRVMM.PKG_MRV_PARAMETROS", line 130
ORA-06512: at line 1
27/02/2020 01:36:00: [Método: Int32 ExecuteNonQuery(System.String, System.Data.CommandType, System.String, Oracle.DataAccess.Client.OracleParameter[]), Línea: 178] - ORA-00001: unique constraint (MRVMM.PK_FACTOR) violated
ORA-06512: at "MRVMM.PKG_MRV_PARAMETROS", line 130
ORA-06512: at line 1
27/02/2020 01:36:00: [Método: entidad.minem.gob.pe.FactorBE RegistraFactor(entidad.minem.gob.pe.FactorBE), Línea: 395] - ORA-00001: unique constraint (MRVMM.PK_FACTOR) violated
ORA-06512: at "MRVMM.PKG_MRV_PARAMETROS", line 130
ORA-06512: at line 1
27/02/2020 01:36:07: [Método: Void HandleErrorHelper(Int32, Oracle.DataAccess.Client.OracleConnection, IntPtr, Oracle.DataAccess.Client.OpoSqlValCtx*, System.Object, System.String, Boolean, Int32, Oracle.DataAccess.Client.OracleLogicalTransaction), Línea: 0] - ORA-00001: unique constraint (MRVMM.PK_FACTOR) violated
ORA-06512: at "MRVMM.PKG_MRV_PARAMETROS", line 130
ORA-06512: at line 1
27/02/2020 01:36:07: [Método: Void HandleError(Int32, Oracle.DataAccess.Client.OracleConnection, System.String, IntPtr, Oracle.DataAccess.Client.OpoSqlValCtx*, System.Object, Boolean, Oracle.DataAccess.Client.OracleLogicalTransaction), Línea: 0] - ORA-00001: unique constraint (MRVMM.PK_FACTOR) violated
ORA-06512: at "MRVMM.PKG_MRV_PARAMETROS", line 130
ORA-06512: at line 1
27/02/2020 01:36:07: [Método: Int32 ExecuteNonQuery(), Línea: 0] - ORA-00001: unique constraint (MRVMM.PK_FACTOR) violated
ORA-06512: at "MRVMM.PKG_MRV_PARAMETROS", line 130
ORA-06512: at line 1
27/02/2020 01:36:07: [Método: Int32 ExecuteNonQuery(Oracle.DataAccess.Client.OracleConnection, System.Data.CommandType, System.String, Oracle.DataAccess.Client.OracleParameter[]), Línea: 255] - ORA-00001: unique constraint (MRVMM.PK_FACTOR) violated
ORA-06512: at "MRVMM.PKG_MRV_PARAMETROS", line 130
ORA-06512: at line 1
27/02/2020 01:36:07: [Método: Int32 ExecuteNonQuery(System.String, System.Data.CommandType, System.String, Oracle.DataAccess.Client.OracleParameter[]), Línea: 178] - ORA-00001: unique constraint (MRVMM.PK_FACTOR) violated
ORA-06512: at "MRVMM.PKG_MRV_PARAMETROS", line 130
ORA-06512: at line 1
27/02/2020 01:36:07: [Método: entidad.minem.gob.pe.FactorBE RegistraFactor(entidad.minem.gob.pe.FactorBE), Línea: 395] - ORA-00001: unique constraint (MRVMM.PK_FACTOR) violated
ORA-06512: at "MRVMM.PKG_MRV_PARAMETROS", line 130
ORA-06512: at line 1
