11/03/2020 10:51:10 a.m.: [Método: System.Collections.Generic.List`1[entidad.minem.gob.pe.FactorBE] ListarFactoresVerificar(System.String), Línea: 805] - Referencia a objeto no establecida como instancia de un objeto.
11/03/2020 02:59:05 p.m.: [Método: Void HandleErrorHelper(Int32, Oracle.DataAccess.Client.OracleConnection, IntPtr, Oracle.DataAccess.Client.OpoSqlValCtx*, System.Object, System.String, Boolean, Int32, Oracle.DataAccess.Client.OracleLogicalTransaction), Línea: 0] - ORA-12541: TNS:no listener
11/03/2020 02:59:05 p.m.: [Método: Void HandleError(Int32, Oracle.DataAccess.Client.OracleConnection, IntPtr, System.Object, Oracle.DataAccess.Client.OracleLogicalTransaction), Línea: 0] - ORA-12541: TNS:no listener
11/03/2020 02:59:05 p.m.: [Método: Void Open(Oracle.DataAccess.Client.OracleConnection), Línea: 0] - ORA-12541: TNS:no listener
11/03/2020 02:59:05 p.m.: [Método: Void Open(), Línea: 0] - ORA-12541: TNS:no listener
11/03/2020 02:59:05 p.m.: [Método: Boolean MoveNext(), Línea: 0] - ORA-12541: TNS:no listener
11/03/2020 02:59:05 p.m.: [Método: Void .ctor(System.Collections.Generic.IEnumerable`1[T]), Línea: 0] - ORA-12541: TNS:no listener
11/03/2020 02:59:05 p.m.: [Método: System.Collections.Generic.List`1[TSource] ToList[TSource](System.Collections.Generic.IEnumerable`1[TSource]), Línea: 0] - ORA-12541: TNS:no listener
11/03/2020 02:59:05 p.m.: [Método: System.Collections.Generic.IEnumerable`1[T] Query[T](System.Data.IDbConnection, System.String, System.Object, System.Data.IDbTransaction, Boolean, System.Nullable`1[System.Int32], System.Nullable`1[System.Data.CommandType]), Línea: 0] - ORA-12541: TNS:no listener
11/03/2020 02:59:05 p.m.: [Método: System.Collections.Generic.List`1[entidad.minem.gob.pe.IniciativaBE] MostrarGeiporAnio(entidad.minem.gob.pe.IniciativaBE), Línea: 1432] - ORA-12541: TNS:no listener
11/03/2020 03:12:24 p.m.: [Método: Void HandleErrorHelper(Int32, Oracle.DataAccess.Client.OracleConnection, IntPtr, Oracle.DataAccess.Client.OpoSqlValCtx*, System.Object, System.String, Boolean, Int32, Oracle.DataAccess.Client.OracleLogicalTransaction), Línea: 0] - ORA-12547: TNS:lost contact
11/03/2020 03:12:24 p.m.: [Método: Void HandleError(Int32, Oracle.DataAccess.Client.OracleConnection, IntPtr, System.Object, Oracle.DataAccess.Client.OracleLogicalTransaction), Línea: 0] - ORA-12547: TNS:lost contact
11/03/2020 03:12:24 p.m.: [Método: Void Open(Oracle.DataAccess.Client.OracleConnection), Línea: 0] - ORA-12547: TNS:lost contact
11/03/2020 03:12:24 p.m.: [Método: Void Open(), Línea: 0] - ORA-12547: TNS:lost contact
11/03/2020 03:12:24 p.m.: [Método: Boolean MoveNext(), Línea: 0] - ORA-12547: TNS:lost contact
11/03/2020 03:12:24 p.m.: [Método: Void .ctor(System.Collections.Generic.IEnumerable`1[T]), Línea: 0] - ORA-12547: TNS:lost contact
11/03/2020 03:12:24 p.m.: [Método: System.Collections.Generic.List`1[TSource] ToList[TSource](System.Collections.Generic.IEnumerable`1[TSource]), Línea: 0] - ORA-12547: TNS:lost contact
11/03/2020 03:12:24 p.m.: [Método: System.Collections.Generic.IEnumerable`1[T] Query[T](System.Data.IDbConnection, System.String, System.Object, System.Data.IDbTransaction, Boolean, System.Nullable`1[System.Int32], System.Nullable`1[System.Data.CommandType]), Línea: 0] - ORA-12547: TNS:lost contact
11/03/2020 03:12:24 p.m.: [Método: entidad.minem.gob.pe.UsuarioBE ObtenerPassword(entidad.minem.gob.pe.UsuarioBE), Línea: 230] - ORA-12547: TNS:lost contact
11/03/2020 03:12:38 p.m.: [Método: Void HandleErrorHelper(Int32, Oracle.DataAccess.Client.OracleConnection, IntPtr, Oracle.DataAccess.Client.OpoSqlValCtx*, System.Object, System.String, Boolean, Int32, Oracle.DataAccess.Client.OracleLogicalTransaction), Línea: 0] - ORA-12541: TNS:no listener
11/03/2020 03:12:38 p.m.: [Método: Void HandleError(Int32, Oracle.DataAccess.Client.OracleConnection, IntPtr, System.Object, Oracle.DataAccess.Client.OracleLogicalTransaction), Línea: 0] - ORA-12541: TNS:no listener
11/03/2020 03:12:38 p.m.: [Método: Void Open(Oracle.DataAccess.Client.OracleConnection), Línea: 0] - ORA-12541: TNS:no listener
11/03/2020 03:12:38 p.m.: [Método: Void Open(), Línea: 0] - ORA-12541: TNS:no listener
11/03/2020 03:12:38 p.m.: [Método: Boolean MoveNext(), Línea: 0] - ORA-12541: TNS:no listener
11/03/2020 03:12:38 p.m.: [Método: Void .ctor(System.Collections.Generic.IEnumerable`1[T]), Línea: 0] - ORA-12541: TNS:no listener
11/03/2020 03:12:38 p.m.: [Método: System.Collections.Generic.List`1[TSource] ToList[TSource](System.Collections.Generic.IEnumerable`1[TSource]), Línea: 0] - ORA-12541: TNS:no listener
11/03/2020 03:12:38 p.m.: [Método: System.Collections.Generic.IEnumerable`1[T] Query[T](System.Data.IDbConnection, System.String, System.Object, System.Data.IDbTransaction, Boolean, System.Nullable`1[System.Int32], System.Nullable`1[System.Data.CommandType]), Línea: 0] - ORA-12541: TNS:no listener
11/03/2020 03:12:38 p.m.: [Método: System.Collections.Generic.List`1[entidad.minem.gob.pe.SectorInstitucionBE] ListaSectorInstitucion(entidad.minem.gob.pe.SectorInstitucionBE), Línea: 33] - ORA-12541: TNS:no listener
11/03/2020 03:47:15 p.m.: [Método: Void HandleErrorHelper(Int32, Oracle.DataAccess.Client.OracleConnection, IntPtr, Oracle.DataAccess.Client.OpoSqlValCtx*, System.Object, System.String, Boolean, Int32, Oracle.DataAccess.Client.OracleLogicalTransaction), Línea: 0] - ORA-12541: TNS:no listener
11/03/2020 03:47:15 p.m.: [Método: Void HandleError(Int32, Oracle.DataAccess.Client.OracleConnection, IntPtr, System.Object, Oracle.DataAccess.Client.OracleLogicalTransaction), Línea: 0] - ORA-12541: TNS:no listener
11/03/2020 03:47:15 p.m.: [Método: Void Open(Oracle.DataAccess.Client.OracleConnection), Línea: 0] - ORA-12541: TNS:no listener
11/03/2020 03:47:15 p.m.: [Método: Void Open(), Línea: 0] - ORA-12541: TNS:no listener
11/03/2020 03:47:15 p.m.: [Método: Boolean MoveNext(), Línea: 0] - ORA-12541: TNS:no listener
11/03/2020 03:47:15 p.m.: [Método: Void .ctor(System.Collections.Generic.IEnumerable`1[T]), Línea: 0] - ORA-12541: TNS:no listener
11/03/2020 03:47:15 p.m.: [Método: System.Collections.Generic.List`1[TSource] ToList[TSource](System.Collections.Generic.IEnumerable`1[TSource]), Línea: 0] - ORA-12541: TNS:no listener
11/03/2020 03:47:15 p.m.: [Método: System.Collections.Generic.IEnumerable`1[T] Query[T](System.Data.IDbConnection, System.String, System.Object, System.Data.IDbTransaction, Boolean, System.Nullable`1[System.Int32], System.Nullable`1[System.Data.CommandType]), Línea: 0] - ORA-12541: TNS:no listener
11/03/2020 03:47:15 p.m.: [Método: System.Collections.Generic.List`1[entidad.minem.gob.pe.IniciativaBE] ListaBusquedaSimplePrivado(entidad.minem.gob.pe.IniciativaBE), Línea: 1409] - ORA-12541: TNS:no listener
11/03/2020 03:47:35 p.m.: [Método: Void HandleErrorHelper(Int32, Oracle.DataAccess.Client.OracleConnection, IntPtr, Oracle.DataAccess.Client.OpoSqlValCtx*, System.Object, System.String, Boolean, Int32, Oracle.DataAccess.Client.OracleLogicalTransaction), Línea: 0] - ORA-12170: TNS:Connect timeout occurred
11/03/2020 03:47:35 p.m.: [Método: Void HandleError(Int32, Oracle.DataAccess.Client.OracleConnection, IntPtr, System.Object, Oracle.DataAccess.Client.OracleLogicalTransaction), Línea: 0] - ORA-12170: TNS:Connect timeout occurred
11/03/2020 03:47:35 p.m.: [Método: Void Open(Oracle.DataAccess.Client.OracleConnection), Línea: 0] - ORA-12170: TNS:Connect timeout occurred
11/03/2020 03:47:35 p.m.: [Método: Void Open(), Línea: 0] - ORA-12170: TNS:Connect timeout occurred
11/03/2020 03:47:35 p.m.: [Método: Boolean MoveNext(), Línea: 0] - ORA-12170: TNS:Connect timeout occurred
11/03/2020 03:47:35 p.m.: [Método: Void .ctor(System.Collections.Generic.IEnumerable`1[T]), Línea: 0] - ORA-12170: TNS:Connect timeout occurred
11/03/2020 03:47:35 p.m.: [Método: System.Collections.Generic.List`1[TSource] ToList[TSource](System.Collections.Generic.IEnumerable`1[TSource]), Línea: 0] - ORA-12170: TNS:Connect timeout occurred
11/03/2020 03:47:35 p.m.: [Método: System.Collections.Generic.IEnumerable`1[T] Query[T](System.Data.IDbConnection, System.String, System.Object, System.Data.IDbTransaction, Boolean, System.Nullable`1[System.Int32], System.Nullable`1[System.Data.CommandType]), Línea: 0] - ORA-12170: TNS:Connect timeout occurred
11/03/2020 03:47:35 p.m.: [Método: System.Collections.Generic.List`1[entidad.minem.gob.pe.IniciativaBE] ListaBusquedaSimplePrivado(entidad.minem.gob.pe.IniciativaBE), Línea: 1409] - ORA-12170: TNS:Connect timeout occurred
11/03/2020 03:47:37 p.m.: [Método: Void HandleErrorHelper(Int32, Oracle.DataAccess.Client.OracleConnection, IntPtr, Oracle.DataAccess.Client.OpoSqlValCtx*, System.Object, System.String, Boolean, Int32, Oracle.DataAccess.Client.OracleLogicalTransaction), Línea: 0] - ORA-12541: TNS:no listener
11/03/2020 03:47:37 p.m.: [Método: Void HandleError(Int32, Oracle.DataAccess.Client.OracleConnection, IntPtr, System.Object, Oracle.DataAccess.Client.OracleLogicalTransaction), Línea: 0] - ORA-12541: TNS:no listener
11/03/2020 03:47:37 p.m.: [Método: Void Open(Oracle.DataAccess.Client.OracleConnection), Línea: 0] - ORA-12541: TNS:no listener
11/03/2020 03:47:37 p.m.: [Método: Void Open(), Línea: 0] - ORA-12541: TNS:no listener
11/03/2020 03:47:37 p.m.: [Método: Boolean MoveNext(), Línea: 0] - ORA-12541: TNS:no listener
11/03/2020 03:47:37 p.m.: [Método: Void .ctor(System.Collections.Generic.IEnumerable`1[T]), Línea: 0] - ORA-12541: TNS:no listener
11/03/2020 03:47:37 p.m.: [Método: System.Collections.Generic.List`1[TSource] ToList[TSource](System.Collections.Generic.IEnumerable`1[TSource]), Línea: 0] - ORA-12541: TNS:no listener
11/03/2020 03:47:37 p.m.: [Método: System.Collections.Generic.IEnumerable`1[T] Query[T](System.Data.IDbConnection, System.String, System.Object, System.Data.IDbTransaction, Boolean, System.Nullable`1[System.Int32], System.Nullable`1[System.Data.CommandType]), Línea: 0] - ORA-12541: TNS:no listener
11/03/2020 03:47:37 p.m.: [Método: System.Collections.Generic.List`1[entidad.minem.gob.pe.IniciativaBE] ListaBusquedaSimplePrivado(entidad.minem.gob.pe.IniciativaBE), Línea: 1409] - ORA-12541: TNS:no listener
11/03/2020 03:47:55 p.m.: [Método: Void HandleErrorHelper(Int32, Oracle.DataAccess.Client.OracleConnection, IntPtr, Oracle.DataAccess.Client.OpoSqlValCtx*, System.Object, System.String, Boolean, Int32, Oracle.DataAccess.Client.OracleLogicalTransaction), Línea: 0] - ORA-12170: TNS:Connect timeout occurred
11/03/2020 03:47:55 p.m.: [Método: Void HandleError(Int32, Oracle.DataAccess.Client.OracleConnection, IntPtr, System.Object, Oracle.DataAccess.Client.OracleLogicalTransaction), Línea: 0] - ORA-12170: TNS:Connect timeout occurred
11/03/2020 03:47:55 p.m.: [Método: Void Open(Oracle.DataAccess.Client.OracleConnection), Línea: 0] - ORA-12170: TNS:Connect timeout occurred
11/03/2020 03:47:55 p.m.: [Método: Void Open(), Línea: 0] - ORA-12170: TNS:Connect timeout occurred
11/03/2020 03:47:55 p.m.: [Método: Boolean MoveNext(), Línea: 0] - ORA-12170: TNS:Connect timeout occurred
11/03/2020 03:47:55 p.m.: [Método: Void .ctor(System.Collections.Generic.IEnumerable`1[T]), Línea: 0] - ORA-12170: TNS:Connect timeout occurred
11/03/2020 03:47:55 p.m.: [Método: System.Collections.Generic.List`1[TSource] ToList[TSource](System.Collections.Generic.IEnumerable`1[TSource]), Línea: 0] - ORA-12170: TNS:Connect timeout occurred
11/03/2020 03:47:55 p.m.: [Método: System.Collections.Generic.IEnumerable`1[T] Query[T](System.Data.IDbConnection, System.String, System.Object, System.Data.IDbTransaction, Boolean, System.Nullable`1[System.Int32], System.Nullable`1[System.Data.CommandType]), Línea: 0] - ORA-12170: TNS:Connect timeout occurred
11/03/2020 03:47:55 p.m.: [Método: entidad.minem.gob.pe.UsuarioBE ObtenerPassword(entidad.minem.gob.pe.UsuarioBE), Línea: 230] - ORA-12170: TNS:Connect timeout occurred
11/03/2020 06:10:27 p.m.: [Método: Void HandleErrorHelper(Int32, Oracle.DataAccess.Client.OracleConnection, IntPtr, Oracle.DataAccess.Client.OpoSqlValCtx*, System.Object, System.String, Boolean, Int32, Oracle.DataAccess.Client.OracleLogicalTransaction), Línea: 0] - ORA-00933: SQL command not properly ended
ORA-06512: at "MRVMM.PKG_MRV_INICIATIVA_MITIGACION", line 5001
ORA-06512: at line 1
11/03/2020 06:10:27 p.m.: [Método: Void HandleError(Int32, Oracle.DataAccess.Client.OracleConnection, System.String, IntPtr, Oracle.DataAccess.Client.OpoSqlValCtx*, System.Object, Boolean, Oracle.DataAccess.Client.OracleLogicalTransaction), Línea: 0] - ORA-00933: SQL command not properly ended
ORA-06512: at "MRVMM.PKG_MRV_INICIATIVA_MITIGACION", line 5001
ORA-06512: at line 1
11/03/2020 06:10:27 p.m.: [Método: Int32 ExecuteNonQuery(), Línea: 0] - ORA-00933: SQL command not properly ended
ORA-06512: at "MRVMM.PKG_MRV_INICIATIVA_MITIGACION", line 5001
ORA-06512: at line 1
11/03/2020 06:10:27 p.m.: [Método: Int32 ExecuteCommand(System.Data.IDbConnection, Dapper.CommandDefinition ByRef, System.Action`2[System.Data.IDbCommand,System.Object]), Línea: 0] - ORA-00933: SQL command not properly ended
ORA-06512: at "MRVMM.PKG_MRV_INICIATIVA_MITIGACION", line 5001
ORA-06512: at line 1
11/03/2020 06:10:27 p.m.: [Método: Int32 ExecuteImpl(System.Data.IDbConnection, Dapper.CommandDefinition ByRef), Línea: 0] - ORA-00933: SQL command not properly ended
ORA-06512: at "MRVMM.PKG_MRV_INICIATIVA_MITIGACION", line 5001
ORA-06512: at line 1
11/03/2020 06:10:27 p.m.: [Método: Int32 Execute(System.Data.IDbConnection, System.String, System.Object, System.Data.IDbTransaction, System.Nullable`1[System.Int32], System.Nullable`1[System.Data.CommandType]), Línea: 0] - ORA-00933: SQL command not properly ended
ORA-06512: at "MRVMM.PKG_MRV_INICIATIVA_MITIGACION", line 5001
ORA-06512: at line 1
11/03/2020 06:10:27 p.m.: [Método: entidad.minem.gob.pe.IniciativaBE AsignarIniciativaMasivo(entidad.minem.gob.pe.IniciativaBE), Línea: 2114] - ORA-00933: SQL command not properly ended
ORA-06512: at "MRVMM.PKG_MRV_INICIATIVA_MITIGACION", line 5001
ORA-06512: at line 1
11/03/2020 06:14:44 p.m.: [Método: Void HandleErrorHelper(Int32, Oracle.DataAccess.Client.OracleConnection, IntPtr, Oracle.DataAccess.Client.OpoSqlValCtx*, System.Object, System.String, Boolean, Int32, Oracle.DataAccess.Client.OracleLogicalTransaction), Línea: 0] - ORA-00933: SQL command not properly ended
ORA-06512: at "MRVMM.PKG_MRV_INICIATIVA_MITIGACION", line 5002
ORA-06512: at line 1
11/03/2020 06:14:44 p.m.: [Método: Void HandleError(Int32, Oracle.DataAccess.Client.OracleConnection, System.String, IntPtr, Oracle.DataAccess.Client.OpoSqlValCtx*, System.Object, Boolean, Oracle.DataAccess.Client.OracleLogicalTransaction), Línea: 0] - ORA-00933: SQL command not properly ended
ORA-06512: at "MRVMM.PKG_MRV_INICIATIVA_MITIGACION", line 5002
ORA-06512: at line 1
11/03/2020 06:14:44 p.m.: [Método: Int32 ExecuteNonQuery(), Línea: 0] - ORA-00933: SQL command not properly ended
ORA-06512: at "MRVMM.PKG_MRV_INICIATIVA_MITIGACION", line 5002
ORA-06512: at line 1
11/03/2020 06:14:44 p.m.: [Método: Int32 ExecuteCommand(System.Data.IDbConnection, Dapper.CommandDefinition ByRef, System.Action`2[System.Data.IDbCommand,System.Object]), Línea: 0] - ORA-00933: SQL command not properly ended
ORA-06512: at "MRVMM.PKG_MRV_INICIATIVA_MITIGACION", line 5002
ORA-06512: at line 1
11/03/2020 06:14:44 p.m.: [Método: Int32 ExecuteImpl(System.Data.IDbConnection, Dapper.CommandDefinition ByRef), Línea: 0] - ORA-00933: SQL command not properly ended
ORA-06512: at "MRVMM.PKG_MRV_INICIATIVA_MITIGACION", line 5002
ORA-06512: at line 1
11/03/2020 06:14:44 p.m.: [Método: Int32 Execute(System.Data.IDbConnection, System.String, System.Object, System.Data.IDbTransaction, System.Nullable`1[System.Int32], System.Nullable`1[System.Data.CommandType]), Línea: 0] - ORA-00933: SQL command not properly ended
ORA-06512: at "MRVMM.PKG_MRV_INICIATIVA_MITIGACION", line 5002
ORA-06512: at line 1
11/03/2020 06:14:44 p.m.: [Método: entidad.minem.gob.pe.IniciativaBE AsignarIniciativaMasivo(entidad.minem.gob.pe.IniciativaBE), Línea: 2114] - ORA-00933: SQL command not properly ended
ORA-06512: at "MRVMM.PKG_MRV_INICIATIVA_MITIGACION", line 5002
ORA-06512: at line 1
11/03/2020 06:15:01 p.m.: [Método: Void HandleErrorHelper(Int32, Oracle.DataAccess.Client.OracleConnection, IntPtr, Oracle.DataAccess.Client.OpoSqlValCtx*, System.Object, System.String, Boolean, Int32, Oracle.DataAccess.Client.OracleLogicalTransaction), Línea: 0] - ORA-00933: SQL command not properly ended
ORA-06512: at "MRVMM.PKG_MRV_INICIATIVA_MITIGACION", line 5002
ORA-06512: at line 1
11/03/2020 06:15:01 p.m.: [Método: Void HandleError(Int32, Oracle.DataAccess.Client.OracleConnection, System.String, IntPtr, Oracle.DataAccess.Client.OpoSqlValCtx*, System.Object, Boolean, Oracle.DataAccess.Client.OracleLogicalTransaction), Línea: 0] - ORA-00933: SQL command not properly ended
ORA-06512: at "MRVMM.PKG_MRV_INICIATIVA_MITIGACION", line 5002
ORA-06512: at line 1
11/03/2020 06:15:01 p.m.: [Método: Int32 ExecuteNonQuery(), Línea: 0] - ORA-00933: SQL command not properly ended
ORA-06512: at "MRVMM.PKG_MRV_INICIATIVA_MITIGACION", line 5002
ORA-06512: at line 1
11/03/2020 06:15:01 p.m.: [Método: Int32 ExecuteCommand(System.Data.IDbConnection, Dapper.CommandDefinition ByRef, System.Action`2[System.Data.IDbCommand,System.Object]), Línea: 0] - ORA-00933: SQL command not properly ended
ORA-06512: at "MRVMM.PKG_MRV_INICIATIVA_MITIGACION", line 5002
ORA-06512: at line 1
11/03/2020 06:15:01 p.m.: [Método: Int32 ExecuteImpl(System.Data.IDbConnection, Dapper.CommandDefinition ByRef), Línea: 0] - ORA-00933: SQL command not properly ended
ORA-06512: at "MRVMM.PKG_MRV_INICIATIVA_MITIGACION", line 5002
ORA-06512: at line 1
11/03/2020 06:15:01 p.m.: [Método: Int32 Execute(System.Data.IDbConnection, System.String, System.Object, System.Data.IDbTransaction, System.Nullable`1[System.Int32], System.Nullable`1[System.Data.CommandType]), Línea: 0] - ORA-00933: SQL command not properly ended
ORA-06512: at "MRVMM.PKG_MRV_INICIATIVA_MITIGACION", line 5002
ORA-06512: at line 1
11/03/2020 06:15:01 p.m.: [Método: entidad.minem.gob.pe.IniciativaBE AsignarIniciativaMasivo(entidad.minem.gob.pe.IniciativaBE), Línea: 2114] - ORA-00933: SQL command not properly ended
ORA-06512: at "MRVMM.PKG_MRV_INICIATIVA_MITIGACION", line 5002
ORA-06512: at line 1
11/03/2020 06:17:38 p.m.: [Método: Void HandleErrorHelper(Int32, Oracle.DataAccess.Client.OracleConnection, IntPtr, Oracle.DataAccess.Client.OpoSqlValCtx*, System.Object, System.String, Boolean, Int32, Oracle.DataAccess.Client.OracleLogicalTransaction), Línea: 0] - ORA-00933: SQL command not properly ended
ORA-06512: at "MRVMM.PKG_MRV_INICIATIVA_MITIGACION", line 5002
ORA-06512: at line 1
11/03/2020 06:17:38 p.m.: [Método: Void HandleError(Int32, Oracle.DataAccess.Client.OracleConnection, System.String, IntPtr, Oracle.DataAccess.Client.OpoSqlValCtx*, System.Object, Boolean, Oracle.DataAccess.Client.OracleLogicalTransaction), Línea: 0] - ORA-00933: SQL command not properly ended
ORA-06512: at "MRVMM.PKG_MRV_INICIATIVA_MITIGACION", line 5002
ORA-06512: at line 1
11/03/2020 06:17:38 p.m.: [Método: Int32 ExecuteNonQuery(), Línea: 0] - ORA-00933: SQL command not properly ended
ORA-06512: at "MRVMM.PKG_MRV_INICIATIVA_MITIGACION", line 5002
ORA-06512: at line 1
11/03/2020 06:17:38 p.m.: [Método: Int32 ExecuteCommand(System.Data.IDbConnection, Dapper.CommandDefinition ByRef, System.Action`2[System.Data.IDbCommand,System.Object]), Línea: 0] - ORA-00933: SQL command not properly ended
ORA-06512: at "MRVMM.PKG_MRV_INICIATIVA_MITIGACION", line 5002
ORA-06512: at line 1
11/03/2020 06:17:38 p.m.: [Método: Int32 ExecuteImpl(System.Data.IDbConnection, Dapper.CommandDefinition ByRef), Línea: 0] - ORA-00933: SQL command not properly ended
ORA-06512: at "MRVMM.PKG_MRV_INICIATIVA_MITIGACION", line 5002
ORA-06512: at line 1
11/03/2020 06:17:38 p.m.: [Método: Int32 Execute(System.Data.IDbConnection, System.String, System.Object, System.Data.IDbTransaction, System.Nullable`1[System.Int32], System.Nullable`1[System.Data.CommandType]), Línea: 0] - ORA-00933: SQL command not properly ended
ORA-06512: at "MRVMM.PKG_MRV_INICIATIVA_MITIGACION", line 5002
ORA-06512: at line 1
11/03/2020 06:17:38 p.m.: [Método: entidad.minem.gob.pe.IniciativaBE AsignarIniciativaMasivo(entidad.minem.gob.pe.IniciativaBE), Línea: 2114] - ORA-00933: SQL command not properly ended
ORA-06512: at "MRVMM.PKG_MRV_INICIATIVA_MITIGACION", line 5002
ORA-06512: at line 1
11/03/2020 06:19:29 p.m.: [Método: Void HandleErrorHelper(Int32, Oracle.DataAccess.Client.OracleConnection, IntPtr, Oracle.DataAccess.Client.OpoSqlValCtx*, System.Object, System.String, Boolean, Int32, Oracle.DataAccess.Client.OracleLogicalTransaction), Línea: 0] - ORA-00933: SQL command not properly ended
ORA-06512: at "MRVMM.PKG_MRV_INICIATIVA_MITIGACION", line 5002
ORA-06512: at line 1
11/03/2020 06:19:29 p.m.: [Método: Void HandleError(Int32, Oracle.DataAccess.Client.OracleConnection, System.String, IntPtr, Oracle.DataAccess.Client.OpoSqlValCtx*, System.Object, Boolean, Oracle.DataAccess.Client.OracleLogicalTransaction), Línea: 0] - ORA-00933: SQL command not properly ended
ORA-06512: at "MRVMM.PKG_MRV_INICIATIVA_MITIGACION", line 5002
ORA-06512: at line 1
11/03/2020 06:19:29 p.m.: [Método: Int32 ExecuteNonQuery(), Línea: 0] - ORA-00933: SQL command not properly ended
ORA-06512: at "MRVMM.PKG_MRV_INICIATIVA_MITIGACION", line 5002
ORA-06512: at line 1
11/03/2020 06:19:29 p.m.: [Método: Int32 ExecuteCommand(System.Data.IDbConnection, Dapper.CommandDefinition ByRef, System.Action`2[System.Data.IDbCommand,System.Object]), Línea: 0] - ORA-00933: SQL command not properly ended
ORA-06512: at "MRVMM.PKG_MRV_INICIATIVA_MITIGACION", line 5002
ORA-06512: at line 1
11/03/2020 06:19:29 p.m.: [Método: Int32 ExecuteImpl(System.Data.IDbConnection, Dapper.CommandDefinition ByRef), Línea: 0] - ORA-00933: SQL command not properly ended
ORA-06512: at "MRVMM.PKG_MRV_INICIATIVA_MITIGACION", line 5002
ORA-06512: at line 1
11/03/2020 06:19:29 p.m.: [Método: Int32 Execute(System.Data.IDbConnection, System.String, System.Object, System.Data.IDbTransaction, System.Nullable`1[System.Int32], System.Nullable`1[System.Data.CommandType]), Línea: 0] - ORA-00933: SQL command not properly ended
ORA-06512: at "MRVMM.PKG_MRV_INICIATIVA_MITIGACION", line 5002
ORA-06512: at line 1
11/03/2020 06:19:29 p.m.: [Método: entidad.minem.gob.pe.IniciativaBE AsignarIniciativaMasivo(entidad.minem.gob.pe.IniciativaBE), Línea: 2114] - ORA-00933: SQL command not properly ended
ORA-06512: at "MRVMM.PKG_MRV_INICIATIVA_MITIGACION", line 5002
ORA-06512: at line 1
11/03/2020 07:24:33 p.m.: [Método: Void HandleErrorHelper(Int32, Oracle.DataAccess.Client.OracleConnection, IntPtr, Oracle.DataAccess.Client.OpoSqlValCtx*, System.Object, System.String, Boolean, Int32, Oracle.DataAccess.Client.OracleLogicalTransaction), Línea: 0] - ORA-00936: missing expression
ORA-06512: at "MRVMM.PKG_MRV_INICIATIVA_MITIGACION", line 4428
ORA-06512: at line 1
11/03/2020 07:24:33 p.m.: [Método: Void HandleError(Int32, Oracle.DataAccess.Client.OracleConnection, System.String, IntPtr, Oracle.DataAccess.Client.OpoSqlValCtx*, System.Object, Boolean, Oracle.DataAccess.Client.OracleLogicalTransaction), Línea: 0] - ORA-00936: missing expression
ORA-06512: at "MRVMM.PKG_MRV_INICIATIVA_MITIGACION", line 4428
ORA-06512: at line 1
11/03/2020 07:24:33 p.m.: [Método: Oracle.DataAccess.Client.OracleDataReader ExecuteReader(Boolean, Boolean, System.Data.CommandBehavior), Línea: 0] - ORA-00936: missing expression
ORA-06512: at "MRVMM.PKG_MRV_INICIATIVA_MITIGACION", line 4428
ORA-06512: at line 1
11/03/2020 07:24:33 p.m.: [Método: System.Data.Common.DbDataReader ExecuteDbDataReader(System.Data.CommandBehavior), Línea: 0] - ORA-00936: missing expression
ORA-06512: at "MRVMM.PKG_MRV_INICIATIVA_MITIGACION", line 4428
ORA-06512: at line 1
11/03/2020 07:24:33 p.m.: [Método: System.Data.IDataReader System.Data.IDbCommand.ExecuteReader(System.Data.CommandBehavior), Línea: 0] - ORA-00936: missing expression
ORA-06512: at "MRVMM.PKG_MRV_INICIATIVA_MITIGACION", line 4428
ORA-06512: at line 1
11/03/2020 07:24:33 p.m.: [Método: System.Data.IDataReader ExecuteReaderWithFlagsFallback(System.Data.IDbCommand, Boolean, System.Data.CommandBehavior), Línea: 0] - ORA-00936: missing expression
ORA-06512: at "MRVMM.PKG_MRV_INICIATIVA_MITIGACION", line 4428
ORA-06512: at line 1
11/03/2020 07:24:33 p.m.: [Método: Boolean MoveNext(), Línea: 0] - ORA-00936: missing expression
ORA-06512: at "MRVMM.PKG_MRV_INICIATIVA_MITIGACION", line 4428
ORA-06512: at line 1
11/03/2020 07:24:33 p.m.: [Método: Void .ctor(System.Collections.Generic.IEnumerable`1[T]), Línea: 0] - ORA-00936: missing expression
ORA-06512: at "MRVMM.PKG_MRV_INICIATIVA_MITIGACION", line 4428
ORA-06512: at line 1
11/03/2020 07:24:33 p.m.: [Método: System.Collections.Generic.List`1[TSource] ToList[TSource](System.Collections.Generic.IEnumerable`1[TSource]), Línea: 0] - ORA-00936: missing expression
ORA-06512: at "MRVMM.PKG_MRV_INICIATIVA_MITIGACION", line 4428
ORA-06512: at line 1
11/03/2020 07:24:33 p.m.: [Método: System.Collections.Generic.IEnumerable`1[T] Query[T](System.Data.IDbConnection, System.String, System.Object, System.Data.IDbTransaction, Boolean, System.Nullable`1[System.Int32], System.Nullable`1[System.Data.CommandType]), Línea: 0] - ORA-00936: missing expression
ORA-06512: at "MRVMM.PKG_MRV_INICIATIVA_MITIGACION", line 4428
ORA-06512: at line 1
11/03/2020 07:24:33 p.m.: [Método: System.Collections.Generic.List`1[entidad.minem.gob.pe.IniciativaBE] ListaBusquedaSimplePrivado(entidad.minem.gob.pe.IniciativaBE), Línea: 0] - ORA-00936: missing expression
ORA-06512: at "MRVMM.PKG_MRV_INICIATIVA_MITIGACION", line 4428
ORA-06512: at line 1
11/03/2020 07:26:07 p.m.: [Método: Void HandleErrorHelper(Int32, Oracle.DataAccess.Client.OracleConnection, IntPtr, Oracle.DataAccess.Client.OpoSqlValCtx*, System.Object, System.String, Boolean, Int32, Oracle.DataAccess.Client.OracleLogicalTransaction), Línea: 0] - ORA-00936: missing expression
ORA-06512: at "MRVMM.PKG_MRV_INICIATIVA_MITIGACION", line 4428
ORA-06512: at line 1
11/03/2020 07:26:07 p.m.: [Método: Void HandleError(Int32, Oracle.DataAccess.Client.OracleConnection, System.String, IntPtr, Oracle.DataAccess.Client.OpoSqlValCtx*, System.Object, Boolean, Oracle.DataAccess.Client.OracleLogicalTransaction), Línea: 0] - ORA-00936: missing expression
ORA-06512: at "MRVMM.PKG_MRV_INICIATIVA_MITIGACION", line 4428
ORA-06512: at line 1
11/03/2020 07:26:07 p.m.: [Método: Oracle.DataAccess.Client.OracleDataReader ExecuteReader(Boolean, Boolean, System.Data.CommandBehavior), Línea: 0] - ORA-00936: missing expression
ORA-06512: at "MRVMM.PKG_MRV_INICIATIVA_MITIGACION", line 4428
ORA-06512: at line 1
11/03/2020 07:26:07 p.m.: [Método: System.Data.Common.DbDataReader ExecuteDbDataReader(System.Data.CommandBehavior), Línea: 0] - ORA-00936: missing expression
ORA-06512: at "MRVMM.PKG_MRV_INICIATIVA_MITIGACION", line 4428
ORA-06512: at line 1
11/03/2020 07:26:07 p.m.: [Método: System.Data.IDataReader System.Data.IDbCommand.ExecuteReader(System.Data.CommandBehavior), Línea: 0] - ORA-00936: missing expression
ORA-06512: at "MRVMM.PKG_MRV_INICIATIVA_MITIGACION", line 4428
ORA-06512: at line 1
11/03/2020 07:26:07 p.m.: [Método: System.Data.IDataReader ExecuteReaderWithFlagsFallback(System.Data.IDbCommand, Boolean, System.Data.CommandBehavior), Línea: 0] - ORA-00936: missing expression
ORA-06512: at "MRVMM.PKG_MRV_INICIATIVA_MITIGACION", line 4428
ORA-06512: at line 1
11/03/2020 07:26:07 p.m.: [Método: Boolean MoveNext(), Línea: 0] - ORA-00936: missing expression
ORA-06512: at "MRVMM.PKG_MRV_INICIATIVA_MITIGACION", line 4428
ORA-06512: at line 1
11/03/2020 07:26:07 p.m.: [Método: Void .ctor(System.Collections.Generic.IEnumerable`1[T]), Línea: 0] - ORA-00936: missing expression
ORA-06512: at "MRVMM.PKG_MRV_INICIATIVA_MITIGACION", line 4428
ORA-06512: at line 1
11/03/2020 07:26:07 p.m.: [Método: System.Collections.Generic.List`1[TSource] ToList[TSource](System.Collections.Generic.IEnumerable`1[TSource]), Línea: 0] - ORA-00936: missing expression
ORA-06512: at "MRVMM.PKG_MRV_INICIATIVA_MITIGACION", line 4428
ORA-06512: at line 1
11/03/2020 07:26:07 p.m.: [Método: System.Collections.Generic.IEnumerable`1[T] Query[T](System.Data.IDbConnection, System.String, System.Object, System.Data.IDbTransaction, Boolean, System.Nullable`1[System.Int32], System.Nullable`1[System.Data.CommandType]), Línea: 0] - ORA-00936: missing expression
ORA-06512: at "MRVMM.PKG_MRV_INICIATIVA_MITIGACION", line 4428
ORA-06512: at line 1
11/03/2020 07:26:07 p.m.: [Método: System.Collections.Generic.List`1[entidad.minem.gob.pe.IniciativaBE] ListaBusquedaSimplePrivado(entidad.minem.gob.pe.IniciativaBE), Línea: 0] - ORA-00936: missing expression
ORA-06512: at "MRVMM.PKG_MRV_INICIATIVA_MITIGACION", line 4428
ORA-06512: at line 1
11/03/2020 07:30:55 p.m.: [Método: System.Collections.Generic.List`1[entidad.minem.gob.pe.FactorBE] ListarFactoresVerificar(System.String), Línea: 0] - Referencia a objeto no establecida como instancia de un objeto.
11/03/2020 07:46:35 p.m.: [Método: Void HandleErrorHelper(Int32, Oracle.DataAccess.Client.OracleConnection, IntPtr, Oracle.DataAccess.Client.OpoSqlValCtx*, System.Object, System.String, Boolean, Int32, Oracle.DataAccess.Client.OracleLogicalTransaction), Línea: 0] - ORA-00933: SQL command not properly ended
ORA-06512: at "MRVMM.PKG_MRV_INICIATIVA_MITIGACION", line 4360
ORA-06512: at line 1
11/03/2020 07:46:35 p.m.: [Método: Void HandleError(Int32, Oracle.DataAccess.Client.OracleConnection, System.String, IntPtr, Oracle.DataAccess.Client.OpoSqlValCtx*, System.Object, Boolean, Oracle.DataAccess.Client.OracleLogicalTransaction), Línea: 0] - ORA-00933: SQL command not properly ended
ORA-06512: at "MRVMM.PKG_MRV_INICIATIVA_MITIGACION", line 4360
ORA-06512: at line 1
11/03/2020 07:46:35 p.m.: [Método: Oracle.DataAccess.Client.OracleDataReader ExecuteReader(Boolean, Boolean, System.Data.CommandBehavior), Línea: 0] - ORA-00933: SQL command not properly ended
ORA-06512: at "MRVMM.PKG_MRV_INICIATIVA_MITIGACION", line 4360
ORA-06512: at line 1
11/03/2020 07:46:35 p.m.: [Método: System.Data.Common.DbDataReader ExecuteDbDataReader(System.Data.CommandBehavior), Línea: 0] - ORA-00933: SQL command not properly ended
ORA-06512: at "MRVMM.PKG_MRV_INICIATIVA_MITIGACION", line 4360
ORA-06512: at line 1
11/03/2020 07:46:35 p.m.: [Método: System.Data.IDataReader System.Data.IDbCommand.ExecuteReader(System.Data.CommandBehavior), Línea: 0] - ORA-00933: SQL command not properly ended
ORA-06512: at "MRVMM.PKG_MRV_INICIATIVA_MITIGACION", line 4360
ORA-06512: at line 1
11/03/2020 07:46:35 p.m.: [Método: System.Data.IDataReader ExecuteReaderWithFlagsFallback(System.Data.IDbCommand, Boolean, System.Data.CommandBehavior), Línea: 0] - ORA-00933: SQL command not properly ended
ORA-06512: at "MRVMM.PKG_MRV_INICIATIVA_MITIGACION", line 4360
ORA-06512: at line 1
11/03/2020 07:46:35 p.m.: [Método: Boolean MoveNext(), Línea: 0] - ORA-00933: SQL command not properly ended
ORA-06512: at "MRVMM.PKG_MRV_INICIATIVA_MITIGACION", line 4360
ORA-06512: at line 1
11/03/2020 07:46:35 p.m.: [Método: Void .ctor(System.Collections.Generic.IEnumerable`1[T]), Línea: 0] - ORA-00933: SQL command not properly ended
ORA-06512: at "MRVMM.PKG_MRV_INICIATIVA_MITIGACION", line 4360
ORA-06512: at line 1
11/03/2020 07:46:35 p.m.: [Método: System.Collections.Generic.List`1[TSource] ToList[TSource](System.Collections.Generic.IEnumerable`1[TSource]), Línea: 0] - ORA-00933: SQL command not properly ended
ORA-06512: at "MRVMM.PKG_MRV_INICIATIVA_MITIGACION", line 4360
ORA-06512: at line 1
11/03/2020 07:46:35 p.m.: [Método: System.Collections.Generic.IEnumerable`1[T] Query[T](System.Data.IDbConnection, System.String, System.Object, System.Data.IDbTransaction, Boolean, System.Nullable`1[System.Int32], System.Nullable`1[System.Data.CommandType]), Línea: 0] - ORA-00933: SQL command not properly ended
ORA-06512: at "MRVMM.PKG_MRV_INICIATIVA_MITIGACION", line 4360
ORA-06512: at line 1
11/03/2020 07:46:35 p.m.: [Método: System.Collections.Generic.List`1[entidad.minem.gob.pe.IniciativaBE] ListaBusquedaSimplePrivado(entidad.minem.gob.pe.IniciativaBE), Línea: 0] - ORA-00933: SQL command not properly ended
ORA-06512: at "MRVMM.PKG_MRV_INICIATIVA_MITIGACION", line 4360
ORA-06512: at line 1
11/03/2020 07:47:44 p.m.: [Método: Void HandleErrorHelper(Int32, Oracle.DataAccess.Client.OracleConnection, IntPtr, Oracle.DataAccess.Client.OpoSqlValCtx*, System.Object, System.String, Boolean, Int32, Oracle.DataAccess.Client.OracleLogicalTransaction), Línea: 0] - ORA-00933: SQL command not properly ended
ORA-06512: at "MRVMM.PKG_MRV_INICIATIVA_MITIGACION", line 4360
ORA-06512: at line 1
11/03/2020 07:47:44 p.m.: [Método: Void HandleError(Int32, Oracle.DataAccess.Client.OracleConnection, System.String, IntPtr, Oracle.DataAccess.Client.OpoSqlValCtx*, System.Object, Boolean, Oracle.DataAccess.Client.OracleLogicalTransaction), Línea: 0] - ORA-00933: SQL command not properly ended
ORA-06512: at "MRVMM.PKG_MRV_INICIATIVA_MITIGACION", line 4360
ORA-06512: at line 1
11/03/2020 07:47:44 p.m.: [Método: Oracle.DataAccess.Client.OracleDataReader ExecuteReader(Boolean, Boolean, System.Data.CommandBehavior), Línea: 0] - ORA-00933: SQL command not properly ended
ORA-06512: at "MRVMM.PKG_MRV_INICIATIVA_MITIGACION", line 4360
ORA-06512: at line 1
11/03/2020 07:47:44 p.m.: [Método: System.Data.Common.DbDataReader ExecuteDbDataReader(System.Data.CommandBehavior), Línea: 0] - ORA-00933: SQL command not properly ended
ORA-06512: at "MRVMM.PKG_MRV_INICIATIVA_MITIGACION", line 4360
ORA-06512: at line 1
11/03/2020 07:47:44 p.m.: [Método: System.Data.IDataReader System.Data.IDbCommand.ExecuteReader(System.Data.CommandBehavior), Línea: 0] - ORA-00933: SQL command not properly ended
ORA-06512: at "MRVMM.PKG_MRV_INICIATIVA_MITIGACION", line 4360
ORA-06512: at line 1
11/03/2020 07:47:44 p.m.: [Método: System.Data.IDataReader ExecuteReaderWithFlagsFallback(System.Data.IDbCommand, Boolean, System.Data.CommandBehavior), Línea: 0] - ORA-00933: SQL command not properly ended
ORA-06512: at "MRVMM.PKG_MRV_INICIATIVA_MITIGACION", line 4360
ORA-06512: at line 1
11/03/2020 07:47:44 p.m.: [Método: Boolean MoveNext(), Línea: 0] - ORA-00933: SQL command not properly ended
ORA-06512: at "MRVMM.PKG_MRV_INICIATIVA_MITIGACION", line 4360
ORA-06512: at line 1
11/03/2020 07:47:44 p.m.: [Método: Void .ctor(System.Collections.Generic.IEnumerable`1[T]), Línea: 0] - ORA-00933: SQL command not properly ended
ORA-06512: at "MRVMM.PKG_MRV_INICIATIVA_MITIGACION", line 4360
ORA-06512: at line 1
11/03/2020 07:47:44 p.m.: [Método: System.Collections.Generic.List`1[TSource] ToList[TSource](System.Collections.Generic.IEnumerable`1[TSource]), Línea: 0] - ORA-00933: SQL command not properly ended
ORA-06512: at "MRVMM.PKG_MRV_INICIATIVA_MITIGACION", line 4360
ORA-06512: at line 1
11/03/2020 07:47:44 p.m.: [Método: System.Collections.Generic.IEnumerable`1[T] Query[T](System.Data.IDbConnection, System.String, System.Object, System.Data.IDbTransaction, Boolean, System.Nullable`1[System.Int32], System.Nullable`1[System.Data.CommandType]), Línea: 0] - ORA-00933: SQL command not properly ended
ORA-06512: at "MRVMM.PKG_MRV_INICIATIVA_MITIGACION", line 4360
ORA-06512: at line 1
11/03/2020 07:47:44 p.m.: [Método: System.Collections.Generic.List`1[entidad.minem.gob.pe.IniciativaBE] ListaBusquedaSimplePrivado(entidad.minem.gob.pe.IniciativaBE), Línea: 0] - ORA-00933: SQL command not properly ended
ORA-06512: at "MRVMM.PKG_MRV_INICIATIVA_MITIGACION", line 4360
ORA-06512: at line 1
11/03/2020 07:52:08 p.m.: [Método: System.Collections.Generic.List`1[entidad.minem.gob.pe.FactorBE] ListarFactoresVerificar(System.String), Línea: 0] - Referencia a objeto no establecida como instancia de un objeto.
11/03/2020 08:36:19 p.m.: [Método: Void ThrowDataException(System.Exception, Int32, System.Data.IDataReader, System.Object), Línea: 0] - Error parsing column 13 (DIAS=4 - Decimal)
11/03/2020 08:36:19 p.m.: [Método: entidad.minem.gob.pe.IniciativaBE Deserialize7e9604f0-b028-439b-a1c8-edb6084e8d17(System.Data.IDataReader), Línea: 0] - Error parsing column 13 (DIAS=4 - Decimal)
11/03/2020 08:36:19 p.m.: [Método: Boolean MoveNext(), Línea: 0] - Error parsing column 13 (DIAS=4 - Decimal)
11/03/2020 08:36:19 p.m.: [Método: Void .ctor(System.Collections.Generic.IEnumerable`1[T]), Línea: 0] - Error parsing column 13 (DIAS=4 - Decimal)
11/03/2020 08:36:19 p.m.: [Método: System.Collections.Generic.List`1[TSource] ToList[TSource](System.Collections.Generic.IEnumerable`1[TSource]), Línea: 0] - Error parsing column 13 (DIAS=4 - Decimal)
11/03/2020 08:36:19 p.m.: [Método: System.Collections.Generic.IEnumerable`1[T] Query[T](System.Data.IDbConnection, System.String, System.Object, System.Data.IDbTransaction, Boolean, System.Nullable`1[System.Int32], System.Nullable`1[System.Data.CommandType]), Línea: 0] - Error parsing column 13 (DIAS=4 - Decimal)
11/03/2020 08:36:19 p.m.: [Método: System.Collections.Generic.List`1[entidad.minem.gob.pe.IniciativaBE] ListaBusquedaSimplePrivado(entidad.minem.gob.pe.IniciativaBE), Línea: 1419] - Error parsing column 13 (DIAS=4 - Decimal)
11/03/2020 08:39:37 p.m.: [Método: Void ThrowDataException(System.Exception, Int32, System.Data.IDataReader, System.Object), Línea: 0] - Error parsing column 13 (DIAS=4 - Decimal)
11/03/2020 08:39:37 p.m.: [Método: entidad.minem.gob.pe.IniciativaBE Deserialize7e9604f0-b028-439b-a1c8-edb6084e8d17(System.Data.IDataReader), Línea: 0] - Error parsing column 13 (DIAS=4 - Decimal)
11/03/2020 08:39:37 p.m.: [Método: Boolean MoveNext(), Línea: 0] - Error parsing column 13 (DIAS=4 - Decimal)
11/03/2020 08:39:37 p.m.: [Método: Void .ctor(System.Collections.Generic.IEnumerable`1[T]), Línea: 0] - Error parsing column 13 (DIAS=4 - Decimal)
11/03/2020 08:39:37 p.m.: [Método: System.Collections.Generic.List`1[TSource] ToList[TSource](System.Collections.Generic.IEnumerable`1[TSource]), Línea: 0] - Error parsing column 13 (DIAS=4 - Decimal)
11/03/2020 08:39:37 p.m.: [Método: System.Collections.Generic.IEnumerable`1[T] Query[T](System.Data.IDbConnection, System.String, System.Object, System.Data.IDbTransaction, Boolean, System.Nullable`1[System.Int32], System.Nullable`1[System.Data.CommandType]), Línea: 0] - Error parsing column 13 (DIAS=4 - Decimal)
11/03/2020 08:39:37 p.m.: [Método: System.Collections.Generic.List`1[entidad.minem.gob.pe.IniciativaBE] ListaBusquedaSimplePrivado(entidad.minem.gob.pe.IniciativaBE), Línea: 1419] - Error parsing column 13 (DIAS=4 - Decimal)
11/03/2020 08:53:54 p.m.: [Método: Void HandleErrorHelper(Int32, Oracle.DataAccess.Client.OracleConnection, IntPtr, Oracle.DataAccess.Client.OpoSqlValCtx*, System.Object, System.String, Boolean, Int32, Oracle.DataAccess.Client.OracleLogicalTransaction), Línea: 0] - ORA-00936: missing expression
ORA-06512: at "MRVMM.PKG_MRV_INICIATIVA_MITIGACION", line 4360
ORA-06512: at line 1
11/03/2020 08:53:54 p.m.: [Método: Void HandleError(Int32, Oracle.DataAccess.Client.OracleConnection, System.String, IntPtr, Oracle.DataAccess.Client.OpoSqlValCtx*, System.Object, Boolean, Oracle.DataAccess.Client.OracleLogicalTransaction), Línea: 0] - ORA-00936: missing expression
ORA-06512: at "MRVMM.PKG_MRV_INICIATIVA_MITIGACION", line 4360
ORA-06512: at line 1
11/03/2020 08:53:54 p.m.: [Método: Oracle.DataAccess.Client.OracleDataReader ExecuteReader(Boolean, Boolean, System.Data.CommandBehavior), Línea: 0] - ORA-00936: missing expression
ORA-06512: at "MRVMM.PKG_MRV_INICIATIVA_MITIGACION", line 4360
ORA-06512: at line 1
11/03/2020 08:53:54 p.m.: [Método: System.Data.Common.DbDataReader ExecuteDbDataReader(System.Data.CommandBehavior), Línea: 0] - ORA-00936: missing expression
ORA-06512: at "MRVMM.PKG_MRV_INICIATIVA_MITIGACION", line 4360
ORA-06512: at line 1
11/03/2020 08:53:54 p.m.: [Método: System.Data.IDataReader System.Data.IDbCommand.ExecuteReader(System.Data.CommandBehavior), Línea: 0] - ORA-00936: missing expression
ORA-06512: at "MRVMM.PKG_MRV_INICIATIVA_MITIGACION", line 4360
ORA-06512: at line 1
11/03/2020 08:53:54 p.m.: [Método: System.Data.IDataReader ExecuteReaderWithFlagsFallback(System.Data.IDbCommand, Boolean, System.Data.CommandBehavior), Línea: 0] - ORA-00936: missing expression
ORA-06512: at "MRVMM.PKG_MRV_INICIATIVA_MITIGACION", line 4360
ORA-06512: at line 1
11/03/2020 08:53:54 p.m.: [Método: Boolean MoveNext(), Línea: 0] - ORA-00936: missing expression
ORA-06512: at "MRVMM.PKG_MRV_INICIATIVA_MITIGACION", line 4360
ORA-06512: at line 1
11/03/2020 08:53:54 p.m.: [Método: Void .ctor(System.Collections.Generic.IEnumerable`1[T]), Línea: 0] - ORA-00936: missing expression
ORA-06512: at "MRVMM.PKG_MRV_INICIATIVA_MITIGACION", line 4360
ORA-06512: at line 1
11/03/2020 08:53:54 p.m.: [Método: System.Collections.Generic.List`1[TSource] ToList[TSource](System.Collections.Generic.IEnumerable`1[TSource]), Línea: 0] - ORA-00936: missing expression
ORA-06512: at "MRVMM.PKG_MRV_INICIATIVA_MITIGACION", line 4360
ORA-06512: at line 1
11/03/2020 08:53:54 p.m.: [Método: System.Collections.Generic.IEnumerable`1[T] Query[T](System.Data.IDbConnection, System.String, System.Object, System.Data.IDbTransaction, Boolean, System.Nullable`1[System.Int32], System.Nullable`1[System.Data.CommandType]), Línea: 0] - ORA-00936: missing expression
ORA-06512: at "MRVMM.PKG_MRV_INICIATIVA_MITIGACION", line 4360
ORA-06512: at line 1
11/03/2020 08:53:54 p.m.: [Método: System.Collections.Generic.List`1[entidad.minem.gob.pe.IniciativaBE] ListaBusquedaSimplePrivado(entidad.minem.gob.pe.IniciativaBE), Línea: 1419] - ORA-00936: missing expression
ORA-06512: at "MRVMM.PKG_MRV_INICIATIVA_MITIGACION", line 4360
ORA-06512: at line 1
11/03/2020 08:54:04 p.m.: [Método: Void HandleErrorHelper(Int32, Oracle.DataAccess.Client.OracleConnection, IntPtr, Oracle.DataAccess.Client.OpoSqlValCtx*, System.Object, System.String, Boolean, Int32, Oracle.DataAccess.Client.OracleLogicalTransaction), Línea: 0] - ORA-00936: missing expression
ORA-06512: at "MRVMM.PKG_MRV_INICIATIVA_MITIGACION", line 4583
ORA-06512: at line 1
11/03/2020 08:54:04 p.m.: [Método: Void HandleError(Int32, Oracle.DataAccess.Client.OracleConnection, System.String, IntPtr, Oracle.DataAccess.Client.OpoSqlValCtx*, System.Object, Boolean, Oracle.DataAccess.Client.OracleLogicalTransaction), Línea: 0] - ORA-00936: missing expression
ORA-06512: at "MRVMM.PKG_MRV_INICIATIVA_MITIGACION", line 4583
ORA-06512: at line 1
11/03/2020 08:54:04 p.m.: [Método: Oracle.DataAccess.Client.OracleDataReader ExecuteReader(Boolean, Boolean, System.Data.CommandBehavior), Línea: 0] - ORA-00936: missing expression
ORA-06512: at "MRVMM.PKG_MRV_INICIATIVA_MITIGACION", line 4583
ORA-06512: at line 1
11/03/2020 08:54:04 p.m.: [Método: System.Data.Common.DbDataReader ExecuteDbDataReader(System.Data.CommandBehavior), Línea: 0] - ORA-00936: missing expression
ORA-06512: at "MRVMM.PKG_MRV_INICIATIVA_MITIGACION", line 4583
ORA-06512: at line 1
11/03/2020 08:54:04 p.m.: [Método: System.Data.IDataReader System.Data.IDbCommand.ExecuteReader(System.Data.CommandBehavior), Línea: 0] - ORA-00936: missing expression
ORA-06512: at "MRVMM.PKG_MRV_INICIATIVA_MITIGACION", line 4583
ORA-06512: at line 1
11/03/2020 08:54:04 p.m.: [Método: System.Data.IDataReader ExecuteReaderWithFlagsFallback(System.Data.IDbCommand, Boolean, System.Data.CommandBehavior), Línea: 0] - ORA-00936: missing expression
ORA-06512: at "MRVMM.PKG_MRV_INICIATIVA_MITIGACION", line 4583
ORA-06512: at line 1
11/03/2020 08:54:04 p.m.: [Método: Boolean MoveNext(), Línea: 0] - ORA-00936: missing expression
ORA-06512: at "MRVMM.PKG_MRV_INICIATIVA_MITIGACION", line 4583
ORA-06512: at line 1
11/03/2020 08:54:04 p.m.: [Método: Void .ctor(System.Collections.Generic.IEnumerable`1[T]), Línea: 0] - ORA-00936: missing expression
ORA-06512: at "MRVMM.PKG_MRV_INICIATIVA_MITIGACION", line 4583
ORA-06512: at line 1
11/03/2020 08:54:04 p.m.: [Método: System.Collections.Generic.List`1[TSource] ToList[TSource](System.Collections.Generic.IEnumerable`1[TSource]), Línea: 0] - ORA-00936: missing expression
ORA-06512: at "MRVMM.PKG_MRV_INICIATIVA_MITIGACION", line 4583
ORA-06512: at line 1
11/03/2020 08:54:04 p.m.: [Método: System.Collections.Generic.IEnumerable`1[T] Query[T](System.Data.IDbConnection, System.String, System.Object, System.Data.IDbTransaction, Boolean, System.Nullable`1[System.Int32], System.Nullable`1[System.Data.CommandType]), Línea: 0] - ORA-00936: missing expression
ORA-06512: at "MRVMM.PKG_MRV_INICIATIVA_MITIGACION", line 4583
ORA-06512: at line 1
11/03/2020 08:54:04 p.m.: [Método: System.Collections.Generic.List`1[entidad.minem.gob.pe.IniciativaBE] ListaBusquedaSimplePublico(entidad.minem.gob.pe.IniciativaBE), Línea: 1794] - ORA-00936: missing expression
ORA-06512: at "MRVMM.PKG_MRV_INICIATIVA_MITIGACION", line 4583
ORA-06512: at line 1
