03/11/2020 09:43:40: [Método: System.Object ExtractParameterFromDictionary(System.Reflection.ParameterInfo, System.Collections.Generic.IDictionary`2[System.String,System.Object], System.Reflection.MethodInfo), Línea: 0] - El diccionario de parámetros contiene una entrada NULL para el parámetro 'ini' del tipo que no acepta valores NULL 'System.Int32' del método 'System.Web.Mvc.ActionResult VerMasIniciativaDetalle(Int32)' en 'MRVMinem.Controllers.PortalController'. Un parámetro opcional debe ser un tipo de referencia, un tipo que acepte valores NULL o debe declararse como parámetro opcional.
Nombre del parámetro: parameters
03/11/2020 09:43:40: [Método: System.Object Execute(System.Web.Mvc.ControllerContext, System.Collections.Generic.IDictionary`2[System.String,System.Object]), Línea: 0] - El diccionario de parámetros contiene una entrada NULL para el parámetro 'ini' del tipo que no acepta valores NULL 'System.Int32' del método 'System.Web.Mvc.ActionResult VerMasIniciativaDetalle(Int32)' en 'MRVMinem.Controllers.PortalController'. Un parámetro opcional debe ser un tipo de referencia, un tipo que acepte valores NULL o debe declararse como parámetro opcional.
Nombre del parámetro: parameters
03/11/2020 09:43:40: [Método: System.Web.Mvc.ActionResult InvokeActionMethod(System.Web.Mvc.ControllerContext, System.Web.Mvc.ActionDescriptor, System.Collections.Generic.IDictionary`2[System.String,System.Object]), Línea: 0] - El diccionario de parámetros contiene una entrada NULL para el parámetro 'ini' del tipo que no acepta valores NULL 'System.Int32' del método 'System.Web.Mvc.ActionResult VerMasIniciativaDetalle(Int32)' en 'MRVMinem.Controllers.PortalController'. Un parámetro opcional debe ser un tipo de referencia, un tipo que acepte valores NULL o debe declararse como parámetro opcional.
Nombre del parámetro: parameters
03/11/2020 09:43:40: [Método: System.Web.Mvc.ActionResult <BeginInvokeSynchronousActionMethod>b__39(System.IAsyncResult, ActionInvocation), Línea: 0] - El diccionario de parámetros contiene una entrada NULL para el parámetro 'ini' del tipo que no acepta valores NULL 'System.Int32' del método 'System.Web.Mvc.ActionResult VerMasIniciativaDetalle(Int32)' en 'MRVMinem.Controllers.PortalController'. Un parámetro opcional debe ser un tipo de referencia, un tipo que acepte valores NULL o debe declararse como parámetro opcional.
Nombre del parámetro: parameters
03/11/2020 09:43:40: [Método: TResult CallEndDelegate(System.IAsyncResult), Línea: 0] - El diccionario de parámetros contiene una entrada NULL para el parámetro 'ini' del tipo que no acepta valores NULL 'System.Int32' del método 'System.Web.Mvc.ActionResult VerMasIniciativaDetalle(Int32)' en 'MRVMinem.Controllers.PortalController'. Un parámetro opcional debe ser un tipo de referencia, un tipo que acepte valores NULL o debe declararse como parámetro opcional.
Nombre del parámetro: parameters
03/11/2020 09:43:40: [Método: TResult End(), Línea: 0] - El diccionario de parámetros contiene una entrada NULL para el parámetro 'ini' del tipo que no acepta valores NULL 'System.Int32' del método 'System.Web.Mvc.ActionResult VerMasIniciativaDetalle(Int32)' en 'MRVMinem.Controllers.PortalController'. Un parámetro opcional debe ser un tipo de referencia, un tipo que acepte valores NULL o debe declararse como parámetro opcional.
Nombre del parámetro: parameters
03/11/2020 09:43:40: [Método: System.Web.Mvc.ActionResult EndInvokeActionMethod(System.IAsyncResult), Línea: 0] - El diccionario de parámetros contiene una entrada NULL para el parámetro 'ini' del tipo que no acepta valores NULL 'System.Int32' del método 'System.Web.Mvc.ActionResult VerMasIniciativaDetalle(Int32)' en 'MRVMinem.Controllers.PortalController'. Un parámetro opcional debe ser un tipo de referencia, un tipo que acepte valores NULL o debe declararse como parámetro opcional.
Nombre del parámetro: parameters
03/11/2020 09:43:40: [Método: System.Web.Mvc.ActionExecutedContext <InvokeActionMethodFilterAsynchronouslyRecursive>b__3d(), Línea: 0] - El diccionario de parámetros contiene una entrada NULL para el parámetro 'ini' del tipo que no acepta valores NULL 'System.Int32' del método 'System.Web.Mvc.ActionResult VerMasIniciativaDetalle(Int32)' en 'MRVMinem.Controllers.PortalController'. Un parámetro opcional debe ser un tipo de referencia, un tipo que acepte valores NULL o debe declararse como parámetro opcional.
Nombre del parámetro: parameters
03/11/2020 09:43:40: [Método: System.Web.Mvc.ActionExecutedContext <InvokeActionMethodFilterAsynchronouslyRecursive>b__3f(), Línea: 0] - El diccionario de parámetros contiene una entrada NULL para el parámetro 'ini' del tipo que no acepta valores NULL 'System.Int32' del método 'System.Web.Mvc.ActionResult VerMasIniciativaDetalle(Int32)' en 'MRVMinem.Controllers.PortalController'. Un parámetro opcional debe ser un tipo de referencia, un tipo que acepte valores NULL o debe declararse como parámetro opcional.
Nombre del parámetro: parameters
03/11/2020 09:43:40: [Método: System.Web.Mvc.ActionExecutedContext <BeginInvokeActionMethodWithFilters>b__32(System.IAsyncResult), Línea: 0] - El diccionario de parámetros contiene una entrada NULL para el parámetro 'ini' del tipo que no acepta valores NULL 'System.Int32' del método 'System.Web.Mvc.ActionResult VerMasIniciativaDetalle(Int32)' en 'MRVMinem.Controllers.PortalController'. Un parámetro opcional debe ser un tipo de referencia, un tipo que acepte valores NULL o debe declararse como parámetro opcional.
Nombre del parámetro: parameters
03/11/2020 09:43:40: [Método: TResult CallEndDelegate(System.IAsyncResult), Línea: 0] - El diccionario de parámetros contiene una entrada NULL para el parámetro 'ini' del tipo que no acepta valores NULL 'System.Int32' del método 'System.Web.Mvc.ActionResult VerMasIniciativaDetalle(Int32)' en 'MRVMinem.Controllers.PortalController'. Un parámetro opcional debe ser un tipo de referencia, un tipo que acepte valores NULL o debe declararse como parámetro opcional.
Nombre del parámetro: parameters
03/11/2020 09:43:40: [Método: TResult End(), Línea: 0] - El diccionario de parámetros contiene una entrada NULL para el parámetro 'ini' del tipo que no acepta valores NULL 'System.Int32' del método 'System.Web.Mvc.ActionResult VerMasIniciativaDetalle(Int32)' en 'MRVMinem.Controllers.PortalController'. Un parámetro opcional debe ser un tipo de referencia, un tipo que acepte valores NULL o debe declararse como parámetro opcional.
Nombre del parámetro: parameters
03/11/2020 09:43:40: [Método: System.Web.Mvc.ActionExecutedContext EndInvokeActionMethodWithFilters(System.IAsyncResult), Línea: 0] - El diccionario de parámetros contiene una entrada NULL para el parámetro 'ini' del tipo que no acepta valores NULL 'System.Int32' del método 'System.Web.Mvc.ActionResult VerMasIniciativaDetalle(Int32)' en 'MRVMinem.Controllers.PortalController'. Un parámetro opcional debe ser un tipo de referencia, un tipo que acepte valores NULL o debe declararse como parámetro opcional.
Nombre del parámetro: parameters
03/11/2020 09:43:40: [Método: Void <BeginInvokeAction>b__1c(), Línea: 0] - El diccionario de parámetros contiene una entrada NULL para el parámetro 'ini' del tipo que no acepta valores NULL 'System.Int32' del método 'System.Web.Mvc.ActionResult VerMasIniciativaDetalle(Int32)' en 'MRVMinem.Controllers.PortalController'. Un parámetro opcional debe ser un tipo de referencia, un tipo que acepte valores NULL o debe declararse como parámetro opcional.
Nombre del parámetro: parameters
03/11/2020 09:43:40: [Método: Boolean <BeginInvokeAction>b__1e(System.IAsyncResult), Línea: 0] - El diccionario de parámetros contiene una entrada NULL para el parámetro 'ini' del tipo que no acepta valores NULL 'System.Int32' del método 'System.Web.Mvc.ActionResult VerMasIniciativaDetalle(Int32)' en 'MRVMinem.Controllers.PortalController'. Un parámetro opcional debe ser un tipo de referencia, un tipo que acepte valores NULL o debe declararse como parámetro opcional.
Nombre del parámetro: parameters
03/11/2020 09:43:40: [Método: TResult CallEndDelegate(System.IAsyncResult), Línea: 0] - El diccionario de parámetros contiene una entrada NULL para el parámetro 'ini' del tipo que no acepta valores NULL 'System.Int32' del método 'System.Web.Mvc.ActionResult VerMasIniciativaDetalle(Int32)' en 'MRVMinem.Controllers.PortalController'. Un parámetro opcional debe ser un tipo de referencia, un tipo que acepte valores NULL o debe declararse como parámetro opcional.
Nombre del parámetro: parameters
03/11/2020 09:43:40: [Método: TResult End(), Línea: 0] - El diccionario de parámetros contiene una entrada NULL para el parámetro 'ini' del tipo que no acepta valores NULL 'System.Int32' del método 'System.Web.Mvc.ActionResult VerMasIniciativaDetalle(Int32)' en 'MRVMinem.Controllers.PortalController'. Un parámetro opcional debe ser un tipo de referencia, un tipo que acepte valores NULL o debe declararse como parámetro opcional.
Nombre del parámetro: parameters
03/11/2020 09:43:40: [Método: Boolean EndInvokeAction(System.IAsyncResult), Línea: 0] - El diccionario de parámetros contiene una entrada NULL para el parámetro 'ini' del tipo que no acepta valores NULL 'System.Int32' del método 'System.Web.Mvc.ActionResult VerMasIniciativaDetalle(Int32)' en 'MRVMinem.Controllers.PortalController'. Un parámetro opcional debe ser un tipo de referencia, un tipo que acepte valores NULL o debe declararse como parámetro opcional.
Nombre del parámetro: parameters
03/11/2020 09:43:40: [Método: Void <BeginExecuteCore>b__1d(System.IAsyncResult, ExecuteCoreState), Línea: 0] - El diccionario de parámetros contiene una entrada NULL para el parámetro 'ini' del tipo que no acepta valores NULL 'System.Int32' del método 'System.Web.Mvc.ActionResult VerMasIniciativaDetalle(Int32)' en 'MRVMinem.Controllers.PortalController'. Un parámetro opcional debe ser un tipo de referencia, un tipo que acepte valores NULL o debe declararse como parámetro opcional.
Nombre del parámetro: parameters
03/11/2020 09:43:40: [Método: System.Web.Mvc.Async.AsyncVoid CallEndDelegate(System.IAsyncResult), Línea: 0] - El diccionario de parámetros contiene una entrada NULL para el parámetro 'ini' del tipo que no acepta valores NULL 'System.Int32' del método 'System.Web.Mvc.ActionResult VerMasIniciativaDetalle(Int32)' en 'MRVMinem.Controllers.PortalController'. Un parámetro opcional debe ser un tipo de referencia, un tipo que acepte valores NULL o debe declararse como parámetro opcional.
Nombre del parámetro: parameters
03/11/2020 09:43:40: [Método: TResult End(), Línea: 0] - El diccionario de parámetros contiene una entrada NULL para el parámetro 'ini' del tipo que no acepta valores NULL 'System.Int32' del método 'System.Web.Mvc.ActionResult VerMasIniciativaDetalle(Int32)' en 'MRVMinem.Controllers.PortalController'. Un parámetro opcional debe ser un tipo de referencia, un tipo que acepte valores NULL o debe declararse como parámetro opcional.
Nombre del parámetro: parameters
03/11/2020 09:43:40: [Método: Void EndExecuteCore(System.IAsyncResult), Línea: 0] - El diccionario de parámetros contiene una entrada NULL para el parámetro 'ini' del tipo que no acepta valores NULL 'System.Int32' del método 'System.Web.Mvc.ActionResult VerMasIniciativaDetalle(Int32)' en 'MRVMinem.Controllers.PortalController'. Un parámetro opcional debe ser un tipo de referencia, un tipo que acepte valores NULL o debe declararse como parámetro opcional.
Nombre del parámetro: parameters
03/11/2020 09:43:40: [Método: Void <BeginExecute>b__15(System.IAsyncResult, System.Web.Mvc.Controller), Línea: 0] - El diccionario de parámetros contiene una entrada NULL para el parámetro 'ini' del tipo que no acepta valores NULL 'System.Int32' del método 'System.Web.Mvc.ActionResult VerMasIniciativaDetalle(Int32)' en 'MRVMinem.Controllers.PortalController'. Un parámetro opcional debe ser un tipo de referencia, un tipo que acepte valores NULL o debe declararse como parámetro opcional.
Nombre del parámetro: parameters
03/11/2020 09:43:40: [Método: System.Web.Mvc.Async.AsyncVoid CallEndDelegate(System.IAsyncResult), Línea: 0] - El diccionario de parámetros contiene una entrada NULL para el parámetro 'ini' del tipo que no acepta valores NULL 'System.Int32' del método 'System.Web.Mvc.ActionResult VerMasIniciativaDetalle(Int32)' en 'MRVMinem.Controllers.PortalController'. Un parámetro opcional debe ser un tipo de referencia, un tipo que acepte valores NULL o debe declararse como parámetro opcional.
Nombre del parámetro: parameters
03/11/2020 09:43:40: [Método: TResult End(), Línea: 0] - El diccionario de parámetros contiene una entrada NULL para el parámetro 'ini' del tipo que no acepta valores NULL 'System.Int32' del método 'System.Web.Mvc.ActionResult VerMasIniciativaDetalle(Int32)' en 'MRVMinem.Controllers.PortalController'. Un parámetro opcional debe ser un tipo de referencia, un tipo que acepte valores NULL o debe declararse como parámetro opcional.
Nombre del parámetro: parameters
03/11/2020 09:43:40: [Método: Void EndExecute(System.IAsyncResult), Línea: 0] - El diccionario de parámetros contiene una entrada NULL para el parámetro 'ini' del tipo que no acepta valores NULL 'System.Int32' del método 'System.Web.Mvc.ActionResult VerMasIniciativaDetalle(Int32)' en 'MRVMinem.Controllers.PortalController'. Un parámetro opcional debe ser un tipo de referencia, un tipo que acepte valores NULL o debe declararse como parámetro opcional.
Nombre del parámetro: parameters
03/11/2020 09:43:40: [Método: Void System.Web.Mvc.Async.IAsyncController.EndExecute(System.IAsyncResult), Línea: 0] - El diccionario de parámetros contiene una entrada NULL para el parámetro 'ini' del tipo que no acepta valores NULL 'System.Int32' del método 'System.Web.Mvc.ActionResult VerMasIniciativaDetalle(Int32)' en 'MRVMinem.Controllers.PortalController'. Un parámetro opcional debe ser un tipo de referencia, un tipo que acepte valores NULL o debe declararse como parámetro opcional.
Nombre del parámetro: parameters
03/11/2020 09:43:40: [Método: Void <BeginProcessRequest>b__5(System.IAsyncResult, ProcessRequestState), Línea: 0] - El diccionario de parámetros contiene una entrada NULL para el parámetro 'ini' del tipo que no acepta valores NULL 'System.Int32' del método 'System.Web.Mvc.ActionResult VerMasIniciativaDetalle(Int32)' en 'MRVMinem.Controllers.PortalController'. Un parámetro opcional debe ser un tipo de referencia, un tipo que acepte valores NULL o debe declararse como parámetro opcional.
Nombre del parámetro: parameters
03/11/2020 09:43:40: [Método: System.Web.Mvc.Async.AsyncVoid CallEndDelegate(System.IAsyncResult), Línea: 0] - El diccionario de parámetros contiene una entrada NULL para el parámetro 'ini' del tipo que no acepta valores NULL 'System.Int32' del método 'System.Web.Mvc.ActionResult VerMasIniciativaDetalle(Int32)' en 'MRVMinem.Controllers.PortalController'. Un parámetro opcional debe ser un tipo de referencia, un tipo que acepte valores NULL o debe declararse como parámetro opcional.
Nombre del parámetro: parameters
03/11/2020 09:43:40: [Método: TResult End(), Línea: 0] - El diccionario de parámetros contiene una entrada NULL para el parámetro 'ini' del tipo que no acepta valores NULL 'System.Int32' del método 'System.Web.Mvc.ActionResult VerMasIniciativaDetalle(Int32)' en 'MRVMinem.Controllers.PortalController'. Un parámetro opcional debe ser un tipo de referencia, un tipo que acepte valores NULL o debe declararse como parámetro opcional.
Nombre del parámetro: parameters
03/11/2020 09:43:40: [Método: Void EndProcessRequest(System.IAsyncResult), Línea: 0] - El diccionario de parámetros contiene una entrada NULL para el parámetro 'ini' del tipo que no acepta valores NULL 'System.Int32' del método 'System.Web.Mvc.ActionResult VerMasIniciativaDetalle(Int32)' en 'MRVMinem.Controllers.PortalController'. Un parámetro opcional debe ser un tipo de referencia, un tipo que acepte valores NULL o debe declararse como parámetro opcional.
Nombre del parámetro: parameters
03/11/2020 09:43:40: [Método: Void System.Web.IHttpAsyncHandler.EndProcessRequest(System.IAsyncResult), Línea: 0] - El diccionario de parámetros contiene una entrada NULL para el parámetro 'ini' del tipo que no acepta valores NULL 'System.Int32' del método 'System.Web.Mvc.ActionResult VerMasIniciativaDetalle(Int32)' en 'MRVMinem.Controllers.PortalController'. Un parámetro opcional debe ser un tipo de referencia, un tipo que acepte valores NULL o debe declararse como parámetro opcional.
Nombre del parámetro: parameters
03/11/2020 09:43:40: [Método: Void System.Web.HttpApplication.IExecutionStep.Execute(), Línea: 0] - El diccionario de parámetros contiene una entrada NULL para el parámetro 'ini' del tipo que no acepta valores NULL 'System.Int32' del método 'System.Web.Mvc.ActionResult VerMasIniciativaDetalle(Int32)' en 'MRVMinem.Controllers.PortalController'. Un parámetro opcional debe ser un tipo de referencia, un tipo que acepte valores NULL o debe declararse como parámetro opcional.
Nombre del parámetro: parameters
03/11/2020 09:43:40: [Método: Void ExecuteStepImpl(IExecutionStep), Línea: 0] - El diccionario de parámetros contiene una entrada NULL para el parámetro 'ini' del tipo que no acepta valores NULL 'System.Int32' del método 'System.Web.Mvc.ActionResult VerMasIniciativaDetalle(Int32)' en 'MRVMinem.Controllers.PortalController'. Un parámetro opcional debe ser un tipo de referencia, un tipo que acepte valores NULL o debe declararse como parámetro opcional.
Nombre del parámetro: parameters
03/11/2020 09:43:40: [Método: System.Exception ExecuteStep(IExecutionStep, Boolean ByRef), Línea: 0] - El diccionario de parámetros contiene una entrada NULL para el parámetro 'ini' del tipo que no acepta valores NULL 'System.Int32' del método 'System.Web.Mvc.ActionResult VerMasIniciativaDetalle(Int32)' en 'MRVMinem.Controllers.PortalController'. Un parámetro opcional debe ser un tipo de referencia, un tipo que acepte valores NULL o debe declararse como parámetro opcional.
Nombre del parámetro: parameters
03/11/2020 10:03:56: [Método: System.Collections.Generic.List`1[entidad.minem.gob.pe.IndicadorDataBE] MostrarAcumulado(entidad.minem.gob.pe.IniciativaBE), Línea: 660] - Referencia a objeto no establecida como instancia de un objeto.
03/11/2020 10:03:56: [Método: System.Web.Mvc.JsonResult MostrarAcumulado(entidad.minem.gob.pe.IniciativaBE), Línea: 944] - Referencia a objeto no establecida como instancia de un objeto.
03/11/2020 10:03:56: [Método: System.Object lambda_method(System.Runtime.CompilerServices.Closure, System.Web.Mvc.ControllerBase, System.Object[]), Línea: 0] - Referencia a objeto no establecida como instancia de un objeto.
03/11/2020 10:03:56: [Método: System.Object Execute(System.Web.Mvc.ControllerBase, System.Object[]), Línea: 0] - Referencia a objeto no establecida como instancia de un objeto.
03/11/2020 10:03:56: [Método: System.Object Execute(System.Web.Mvc.ControllerContext, System.Collections.Generic.IDictionary`2[System.String,System.Object]), Línea: 0] - Referencia a objeto no establecida como instancia de un objeto.
03/11/2020 10:03:56: [Método: System.Web.Mvc.ActionResult InvokeActionMethod(System.Web.Mvc.ControllerContext, System.Web.Mvc.ActionDescriptor, System.Collections.Generic.IDictionary`2[System.String,System.Object]), Línea: 0] - Referencia a objeto no establecida como instancia de un objeto.
03/11/2020 10:03:56: [Método: System.Web.Mvc.ActionResult <BeginInvokeSynchronousActionMethod>b__39(System.IAsyncResult, ActionInvocation), Línea: 0] - Referencia a objeto no establecida como instancia de un objeto.
03/11/2020 10:03:56: [Método: TResult CallEndDelegate(System.IAsyncResult), Línea: 0] - Referencia a objeto no establecida como instancia de un objeto.
03/11/2020 10:03:56: [Método: TResult End(), Línea: 0] - Referencia a objeto no establecida como instancia de un objeto.
03/11/2020 10:03:56: [Método: System.Web.Mvc.ActionResult EndInvokeActionMethod(System.IAsyncResult), Línea: 0] - Referencia a objeto no establecida como instancia de un objeto.
03/11/2020 10:03:56: [Método: System.Web.Mvc.ActionExecutedContext <InvokeActionMethodFilterAsynchronouslyRecursive>b__3d(), Línea: 0] - Referencia a objeto no establecida como instancia de un objeto.
03/11/2020 10:03:56: [Método: System.Web.Mvc.ActionExecutedContext <InvokeActionMethodFilterAsynchronouslyRecursive>b__3f(), Línea: 0] - Referencia a objeto no establecida como instancia de un objeto.
03/11/2020 10:03:56: [Método: System.Web.Mvc.ActionExecutedContext <BeginInvokeActionMethodWithFilters>b__32(System.IAsyncResult), Línea: 0] - Referencia a objeto no establecida como instancia de un objeto.
03/11/2020 10:03:56: [Método: TResult CallEndDelegate(System.IAsyncResult), Línea: 0] - Referencia a objeto no establecida como instancia de un objeto.
03/11/2020 10:03:56: [Método: TResult End(), Línea: 0] - Referencia a objeto no establecida como instancia de un objeto.
03/11/2020 10:03:56: [Método: System.Web.Mvc.ActionExecutedContext EndInvokeActionMethodWithFilters(System.IAsyncResult), Línea: 0] - Referencia a objeto no establecida como instancia de un objeto.
03/11/2020 10:03:56: [Método: Void <BeginInvokeAction>b__1c(), Línea: 0] - Referencia a objeto no establecida como instancia de un objeto.
03/11/2020 10:03:56: [Método: Boolean <BeginInvokeAction>b__1e(System.IAsyncResult), Línea: 0] - Referencia a objeto no establecida como instancia de un objeto.
03/11/2020 10:03:56: [Método: TResult CallEndDelegate(System.IAsyncResult), Línea: 0] - Referencia a objeto no establecida como instancia de un objeto.
03/11/2020 10:03:56: [Método: TResult End(), Línea: 0] - Referencia a objeto no establecida como instancia de un objeto.
03/11/2020 10:03:56: [Método: Boolean EndInvokeAction(System.IAsyncResult), Línea: 0] - Referencia a objeto no establecida como instancia de un objeto.
03/11/2020 10:03:56: [Método: Void <BeginExecuteCore>b__1d(System.IAsyncResult, ExecuteCoreState), Línea: 0] - Referencia a objeto no establecida como instancia de un objeto.
03/11/2020 10:03:56: [Método: System.Web.Mvc.Async.AsyncVoid CallEndDelegate(System.IAsyncResult), Línea: 0] - Referencia a objeto no establecida como instancia de un objeto.
03/11/2020 10:03:56: [Método: TResult End(), Línea: 0] - Referencia a objeto no establecida como instancia de un objeto.
03/11/2020 10:03:56: [Método: Void EndExecuteCore(System.IAsyncResult), Línea: 0] - Referencia a objeto no establecida como instancia de un objeto.
03/11/2020 10:03:56: [Método: Void <BeginExecute>b__15(System.IAsyncResult, System.Web.Mvc.Controller), Línea: 0] - Referencia a objeto no establecida como instancia de un objeto.
03/11/2020 10:03:56: [Método: System.Web.Mvc.Async.AsyncVoid CallEndDelegate(System.IAsyncResult), Línea: 0] - Referencia a objeto no establecida como instancia de un objeto.
03/11/2020 10:03:56: [Método: TResult End(), Línea: 0] - Referencia a objeto no establecida como instancia de un objeto.
03/11/2020 10:03:56: [Método: Void EndExecute(System.IAsyncResult), Línea: 0] - Referencia a objeto no establecida como instancia de un objeto.
03/11/2020 10:03:56: [Método: Void System.Web.Mvc.Async.IAsyncController.EndExecute(System.IAsyncResult), Línea: 0] - Referencia a objeto no establecida como instancia de un objeto.
03/11/2020 10:03:56: [Método: Void <BeginProcessRequest>b__5(System.IAsyncResult, ProcessRequestState), Línea: 0] - Referencia a objeto no establecida como instancia de un objeto.
03/11/2020 10:03:56: [Método: System.Web.Mvc.Async.AsyncVoid CallEndDelegate(System.IAsyncResult), Línea: 0] - Referencia a objeto no establecida como instancia de un objeto.
03/11/2020 10:03:56: [Método: TResult End(), Línea: 0] - Referencia a objeto no establecida como instancia de un objeto.
03/11/2020 10:03:56: [Método: Void EndProcessRequest(System.IAsyncResult), Línea: 0] - Referencia a objeto no establecida como instancia de un objeto.
03/11/2020 10:03:56: [Método: Void System.Web.IHttpAsyncHandler.EndProcessRequest(System.IAsyncResult), Línea: 0] - Referencia a objeto no establecida como instancia de un objeto.
03/11/2020 10:03:56: [Método: Void System.Web.HttpApplication.IExecutionStep.Execute(), Línea: 0] - Referencia a objeto no establecida como instancia de un objeto.
03/11/2020 10:03:56: [Método: Void ExecuteStepImpl(IExecutionStep), Línea: 0] - Referencia a objeto no establecida como instancia de un objeto.
03/11/2020 10:03:56: [Método: System.Exception ExecuteStep(IExecutionStep, Boolean ByRef), Línea: 0] - Referencia a objeto no establecida como instancia de un objeto.
03/11/2020 11:32:13: [Método: System.Object ExtractParameterFromDictionary(System.Reflection.ParameterInfo, System.Collections.Generic.IDictionary`2[System.String,System.Object], System.Reflection.MethodInfo), Línea: 0] - El diccionario de parámetros contiene una entrada NULL para el parámetro 'IdIndicador' del tipo que no acepta valores NULL 'System.Int32' del método 'System.Web.Mvc.ActionResult FileDelete(Int32, Int32)' en 'MRVMinem.Controllers.GestionController'. Un parámetro opcional debe ser un tipo de referencia, un tipo que acepte valores NULL o debe declararse como parámetro opcional.
Nombre del parámetro: parameters
03/11/2020 11:32:13: [Método: System.Object Execute(System.Web.Mvc.ControllerContext, System.Collections.Generic.IDictionary`2[System.String,System.Object]), Línea: 0] - El diccionario de parámetros contiene una entrada NULL para el parámetro 'IdIndicador' del tipo que no acepta valores NULL 'System.Int32' del método 'System.Web.Mvc.ActionResult FileDelete(Int32, Int32)' en 'MRVMinem.Controllers.GestionController'. Un parámetro opcional debe ser un tipo de referencia, un tipo que acepte valores NULL o debe declararse como parámetro opcional.
Nombre del parámetro: parameters
03/11/2020 11:32:13: [Método: System.Web.Mvc.ActionResult InvokeActionMethod(System.Web.Mvc.ControllerContext, System.Web.Mvc.ActionDescriptor, System.Collections.Generic.IDictionary`2[System.String,System.Object]), Línea: 0] - El diccionario de parámetros contiene una entrada NULL para el parámetro 'IdIndicador' del tipo que no acepta valores NULL 'System.Int32' del método 'System.Web.Mvc.ActionResult FileDelete(Int32, Int32)' en 'MRVMinem.Controllers.GestionController'. Un parámetro opcional debe ser un tipo de referencia, un tipo que acepte valores NULL o debe declararse como parámetro opcional.
Nombre del parámetro: parameters
03/11/2020 11:32:13: [Método: System.Web.Mvc.ActionResult <BeginInvokeSynchronousActionMethod>b__39(System.IAsyncResult, ActionInvocation), Línea: 0] - El diccionario de parámetros contiene una entrada NULL para el parámetro 'IdIndicador' del tipo que no acepta valores NULL 'System.Int32' del método 'System.Web.Mvc.ActionResult FileDelete(Int32, Int32)' en 'MRVMinem.Controllers.GestionController'. Un parámetro opcional debe ser un tipo de referencia, un tipo que acepte valores NULL o debe declararse como parámetro opcional.
Nombre del parámetro: parameters
03/11/2020 11:32:13: [Método: TResult CallEndDelegate(System.IAsyncResult), Línea: 0] - El diccionario de parámetros contiene una entrada NULL para el parámetro 'IdIndicador' del tipo que no acepta valores NULL 'System.Int32' del método 'System.Web.Mvc.ActionResult FileDelete(Int32, Int32)' en 'MRVMinem.Controllers.GestionController'. Un parámetro opcional debe ser un tipo de referencia, un tipo que acepte valores NULL o debe declararse como parámetro opcional.
Nombre del parámetro: parameters
03/11/2020 11:32:13: [Método: TResult End(), Línea: 0] - El diccionario de parámetros contiene una entrada NULL para el parámetro 'IdIndicador' del tipo que no acepta valores NULL 'System.Int32' del método 'System.Web.Mvc.ActionResult FileDelete(Int32, Int32)' en 'MRVMinem.Controllers.GestionController'. Un parámetro opcional debe ser un tipo de referencia, un tipo que acepte valores NULL o debe declararse como parámetro opcional.
Nombre del parámetro: parameters
03/11/2020 11:32:13: [Método: System.Web.Mvc.ActionResult EndInvokeActionMethod(System.IAsyncResult), Línea: 0] - El diccionario de parámetros contiene una entrada NULL para el parámetro 'IdIndicador' del tipo que no acepta valores NULL 'System.Int32' del método 'System.Web.Mvc.ActionResult FileDelete(Int32, Int32)' en 'MRVMinem.Controllers.GestionController'. Un parámetro opcional debe ser un tipo de referencia, un tipo que acepte valores NULL o debe declararse como parámetro opcional.
Nombre del parámetro: parameters
03/11/2020 11:32:13: [Método: System.Web.Mvc.ActionExecutedContext <InvokeActionMethodFilterAsynchronouslyRecursive>b__3d(), Línea: 0] - El diccionario de parámetros contiene una entrada NULL para el parámetro 'IdIndicador' del tipo que no acepta valores NULL 'System.Int32' del método 'System.Web.Mvc.ActionResult FileDelete(Int32, Int32)' en 'MRVMinem.Controllers.GestionController'. Un parámetro opcional debe ser un tipo de referencia, un tipo que acepte valores NULL o debe declararse como parámetro opcional.
Nombre del parámetro: parameters
03/11/2020 11:32:13: [Método: System.Web.Mvc.ActionExecutedContext <InvokeActionMethodFilterAsynchronouslyRecursive>b__3f(), Línea: 0] - El diccionario de parámetros contiene una entrada NULL para el parámetro 'IdIndicador' del tipo que no acepta valores NULL 'System.Int32' del método 'System.Web.Mvc.ActionResult FileDelete(Int32, Int32)' en 'MRVMinem.Controllers.GestionController'. Un parámetro opcional debe ser un tipo de referencia, un tipo que acepte valores NULL o debe declararse como parámetro opcional.
Nombre del parámetro: parameters
03/11/2020 11:32:13: [Método: System.Web.Mvc.ActionExecutedContext <InvokeActionMethodFilterAsynchronouslyRecursive>b__3f(), Línea: 0] - El diccionario de parámetros contiene una entrada NULL para el parámetro 'IdIndicador' del tipo que no acepta valores NULL 'System.Int32' del método 'System.Web.Mvc.ActionResult FileDelete(Int32, Int32)' en 'MRVMinem.Controllers.GestionController'. Un parámetro opcional debe ser un tipo de referencia, un tipo que acepte valores NULL o debe declararse como parámetro opcional.
Nombre del parámetro: parameters
03/11/2020 11:32:13: [Método: System.Web.Mvc.ActionExecutedContext <BeginInvokeActionMethodWithFilters>b__32(System.IAsyncResult), Línea: 0] - El diccionario de parámetros contiene una entrada NULL para el parámetro 'IdIndicador' del tipo que no acepta valores NULL 'System.Int32' del método 'System.Web.Mvc.ActionResult FileDelete(Int32, Int32)' en 'MRVMinem.Controllers.GestionController'. Un parámetro opcional debe ser un tipo de referencia, un tipo que acepte valores NULL o debe declararse como parámetro opcional.
Nombre del parámetro: parameters
03/11/2020 11:32:13: [Método: TResult CallEndDelegate(System.IAsyncResult), Línea: 0] - El diccionario de parámetros contiene una entrada NULL para el parámetro 'IdIndicador' del tipo que no acepta valores NULL 'System.Int32' del método 'System.Web.Mvc.ActionResult FileDelete(Int32, Int32)' en 'MRVMinem.Controllers.GestionController'. Un parámetro opcional debe ser un tipo de referencia, un tipo que acepte valores NULL o debe declararse como parámetro opcional.
Nombre del parámetro: parameters
03/11/2020 11:32:13: [Método: TResult End(), Línea: 0] - El diccionario de parámetros contiene una entrada NULL para el parámetro 'IdIndicador' del tipo que no acepta valores NULL 'System.Int32' del método 'System.Web.Mvc.ActionResult FileDelete(Int32, Int32)' en 'MRVMinem.Controllers.GestionController'. Un parámetro opcional debe ser un tipo de referencia, un tipo que acepte valores NULL o debe declararse como parámetro opcional.
Nombre del parámetro: parameters
03/11/2020 11:32:13: [Método: System.Web.Mvc.ActionExecutedContext EndInvokeActionMethodWithFilters(System.IAsyncResult), Línea: 0] - El diccionario de parámetros contiene una entrada NULL para el parámetro 'IdIndicador' del tipo que no acepta valores NULL 'System.Int32' del método 'System.Web.Mvc.ActionResult FileDelete(Int32, Int32)' en 'MRVMinem.Controllers.GestionController'. Un parámetro opcional debe ser un tipo de referencia, un tipo que acepte valores NULL o debe declararse como parámetro opcional.
Nombre del parámetro: parameters
03/11/2020 11:32:13: [Método: Void <BeginInvokeAction>b__1c(), Línea: 0] - El diccionario de parámetros contiene una entrada NULL para el parámetro 'IdIndicador' del tipo que no acepta valores NULL 'System.Int32' del método 'System.Web.Mvc.ActionResult FileDelete(Int32, Int32)' en 'MRVMinem.Controllers.GestionController'. Un parámetro opcional debe ser un tipo de referencia, un tipo que acepte valores NULL o debe declararse como parámetro opcional.
Nombre del parámetro: parameters
03/11/2020 11:32:13: [Método: Boolean <BeginInvokeAction>b__1e(System.IAsyncResult), Línea: 0] - El diccionario de parámetros contiene una entrada NULL para el parámetro 'IdIndicador' del tipo que no acepta valores NULL 'System.Int32' del método 'System.Web.Mvc.ActionResult FileDelete(Int32, Int32)' en 'MRVMinem.Controllers.GestionController'. Un parámetro opcional debe ser un tipo de referencia, un tipo que acepte valores NULL o debe declararse como parámetro opcional.
Nombre del parámetro: parameters
03/11/2020 11:32:13: [Método: TResult CallEndDelegate(System.IAsyncResult), Línea: 0] - El diccionario de parámetros contiene una entrada NULL para el parámetro 'IdIndicador' del tipo que no acepta valores NULL 'System.Int32' del método 'System.Web.Mvc.ActionResult FileDelete(Int32, Int32)' en 'MRVMinem.Controllers.GestionController'. Un parámetro opcional debe ser un tipo de referencia, un tipo que acepte valores NULL o debe declararse como parámetro opcional.
Nombre del parámetro: parameters
03/11/2020 11:32:13: [Método: TResult End(), Línea: 0] - El diccionario de parámetros contiene una entrada NULL para el parámetro 'IdIndicador' del tipo que no acepta valores NULL 'System.Int32' del método 'System.Web.Mvc.ActionResult FileDelete(Int32, Int32)' en 'MRVMinem.Controllers.GestionController'. Un parámetro opcional debe ser un tipo de referencia, un tipo que acepte valores NULL o debe declararse como parámetro opcional.
Nombre del parámetro: parameters
03/11/2020 11:32:13: [Método: Boolean EndInvokeAction(System.IAsyncResult), Línea: 0] - El diccionario de parámetros contiene una entrada NULL para el parámetro 'IdIndicador' del tipo que no acepta valores NULL 'System.Int32' del método 'System.Web.Mvc.ActionResult FileDelete(Int32, Int32)' en 'MRVMinem.Controllers.GestionController'. Un parámetro opcional debe ser un tipo de referencia, un tipo que acepte valores NULL o debe declararse como parámetro opcional.
Nombre del parámetro: parameters
03/11/2020 11:32:13: [Método: Void <BeginExecuteCore>b__1d(System.IAsyncResult, ExecuteCoreState), Línea: 0] - El diccionario de parámetros contiene una entrada NULL para el parámetro 'IdIndicador' del tipo que no acepta valores NULL 'System.Int32' del método 'System.Web.Mvc.ActionResult FileDelete(Int32, Int32)' en 'MRVMinem.Controllers.GestionController'. Un parámetro opcional debe ser un tipo de referencia, un tipo que acepte valores NULL o debe declararse como parámetro opcional.
Nombre del parámetro: parameters
03/11/2020 11:32:13: [Método: System.Web.Mvc.Async.AsyncVoid CallEndDelegate(System.IAsyncResult), Línea: 0] - El diccionario de parámetros contiene una entrada NULL para el parámetro 'IdIndicador' del tipo que no acepta valores NULL 'System.Int32' del método 'System.Web.Mvc.ActionResult FileDelete(Int32, Int32)' en 'MRVMinem.Controllers.GestionController'. Un parámetro opcional debe ser un tipo de referencia, un tipo que acepte valores NULL o debe declararse como parámetro opcional.
Nombre del parámetro: parameters
03/11/2020 11:32:13: [Método: TResult End(), Línea: 0] - El diccionario de parámetros contiene una entrada NULL para el parámetro 'IdIndicador' del tipo que no acepta valores NULL 'System.Int32' del método 'System.Web.Mvc.ActionResult FileDelete(Int32, Int32)' en 'MRVMinem.Controllers.GestionController'. Un parámetro opcional debe ser un tipo de referencia, un tipo que acepte valores NULL o debe declararse como parámetro opcional.
Nombre del parámetro: parameters
03/11/2020 11:32:13: [Método: Void EndExecuteCore(System.IAsyncResult), Línea: 0] - El diccionario de parámetros contiene una entrada NULL para el parámetro 'IdIndicador' del tipo que no acepta valores NULL 'System.Int32' del método 'System.Web.Mvc.ActionResult FileDelete(Int32, Int32)' en 'MRVMinem.Controllers.GestionController'. Un parámetro opcional debe ser un tipo de referencia, un tipo que acepte valores NULL o debe declararse como parámetro opcional.
Nombre del parámetro: parameters
03/11/2020 11:32:13: [Método: Void <BeginExecute>b__15(System.IAsyncResult, System.Web.Mvc.Controller), Línea: 0] - El diccionario de parámetros contiene una entrada NULL para el parámetro 'IdIndicador' del tipo que no acepta valores NULL 'System.Int32' del método 'System.Web.Mvc.ActionResult FileDelete(Int32, Int32)' en 'MRVMinem.Controllers.GestionController'. Un parámetro opcional debe ser un tipo de referencia, un tipo que acepte valores NULL o debe declararse como parámetro opcional.
Nombre del parámetro: parameters
03/11/2020 11:32:13: [Método: System.Web.Mvc.Async.AsyncVoid CallEndDelegate(System.IAsyncResult), Línea: 0] - El diccionario de parámetros contiene una entrada NULL para el parámetro 'IdIndicador' del tipo que no acepta valores NULL 'System.Int32' del método 'System.Web.Mvc.ActionResult FileDelete(Int32, Int32)' en 'MRVMinem.Controllers.GestionController'. Un parámetro opcional debe ser un tipo de referencia, un tipo que acepte valores NULL o debe declararse como parámetro opcional.
Nombre del parámetro: parameters
03/11/2020 11:32:13: [Método: TResult End(), Línea: 0] - El diccionario de parámetros contiene una entrada NULL para el parámetro 'IdIndicador' del tipo que no acepta valores NULL 'System.Int32' del método 'System.Web.Mvc.ActionResult FileDelete(Int32, Int32)' en 'MRVMinem.Controllers.GestionController'. Un parámetro opcional debe ser un tipo de referencia, un tipo que acepte valores NULL o debe declararse como parámetro opcional.
Nombre del parámetro: parameters
03/11/2020 11:32:13: [Método: Void EndExecute(System.IAsyncResult), Línea: 0] - El diccionario de parámetros contiene una entrada NULL para el parámetro 'IdIndicador' del tipo que no acepta valores NULL 'System.Int32' del método 'System.Web.Mvc.ActionResult FileDelete(Int32, Int32)' en 'MRVMinem.Controllers.GestionController'. Un parámetro opcional debe ser un tipo de referencia, un tipo que acepte valores NULL o debe declararse como parámetro opcional.
Nombre del parámetro: parameters
03/11/2020 11:32:13: [Método: Void System.Web.Mvc.Async.IAsyncController.EndExecute(System.IAsyncResult), Línea: 0] - El diccionario de parámetros contiene una entrada NULL para el parámetro 'IdIndicador' del tipo que no acepta valores NULL 'System.Int32' del método 'System.Web.Mvc.ActionResult FileDelete(Int32, Int32)' en 'MRVMinem.Controllers.GestionController'. Un parámetro opcional debe ser un tipo de referencia, un tipo que acepte valores NULL o debe declararse como parámetro opcional.
Nombre del parámetro: parameters
03/11/2020 11:32:13: [Método: Void <BeginProcessRequest>b__5(System.IAsyncResult, ProcessRequestState), Línea: 0] - El diccionario de parámetros contiene una entrada NULL para el parámetro 'IdIndicador' del tipo que no acepta valores NULL 'System.Int32' del método 'System.Web.Mvc.ActionResult FileDelete(Int32, Int32)' en 'MRVMinem.Controllers.GestionController'. Un parámetro opcional debe ser un tipo de referencia, un tipo que acepte valores NULL o debe declararse como parámetro opcional.
Nombre del parámetro: parameters
03/11/2020 11:32:13: [Método: System.Web.Mvc.Async.AsyncVoid CallEndDelegate(System.IAsyncResult), Línea: 0] - El diccionario de parámetros contiene una entrada NULL para el parámetro 'IdIndicador' del tipo que no acepta valores NULL 'System.Int32' del método 'System.Web.Mvc.ActionResult FileDelete(Int32, Int32)' en 'MRVMinem.Controllers.GestionController'. Un parámetro opcional debe ser un tipo de referencia, un tipo que acepte valores NULL o debe declararse como parámetro opcional.
Nombre del parámetro: parameters
03/11/2020 11:32:13: [Método: TResult End(), Línea: 0] - El diccionario de parámetros contiene una entrada NULL para el parámetro 'IdIndicador' del tipo que no acepta valores NULL 'System.Int32' del método 'System.Web.Mvc.ActionResult FileDelete(Int32, Int32)' en 'MRVMinem.Controllers.GestionController'. Un parámetro opcional debe ser un tipo de referencia, un tipo que acepte valores NULL o debe declararse como parámetro opcional.
Nombre del parámetro: parameters
03/11/2020 11:32:13: [Método: Void EndProcessRequest(System.IAsyncResult), Línea: 0] - El diccionario de parámetros contiene una entrada NULL para el parámetro 'IdIndicador' del tipo que no acepta valores NULL 'System.Int32' del método 'System.Web.Mvc.ActionResult FileDelete(Int32, Int32)' en 'MRVMinem.Controllers.GestionController'. Un parámetro opcional debe ser un tipo de referencia, un tipo que acepte valores NULL o debe declararse como parámetro opcional.
Nombre del parámetro: parameters
03/11/2020 11:32:13: [Método: Void System.Web.IHttpAsyncHandler.EndProcessRequest(System.IAsyncResult), Línea: 0] - El diccionario de parámetros contiene una entrada NULL para el parámetro 'IdIndicador' del tipo que no acepta valores NULL 'System.Int32' del método 'System.Web.Mvc.ActionResult FileDelete(Int32, Int32)' en 'MRVMinem.Controllers.GestionController'. Un parámetro opcional debe ser un tipo de referencia, un tipo que acepte valores NULL o debe declararse como parámetro opcional.
Nombre del parámetro: parameters
03/11/2020 11:32:13: [Método: Void System.Web.HttpApplication.IExecutionStep.Execute(), Línea: 0] - El diccionario de parámetros contiene una entrada NULL para el parámetro 'IdIndicador' del tipo que no acepta valores NULL 'System.Int32' del método 'System.Web.Mvc.ActionResult FileDelete(Int32, Int32)' en 'MRVMinem.Controllers.GestionController'. Un parámetro opcional debe ser un tipo de referencia, un tipo que acepte valores NULL o debe declararse como parámetro opcional.
Nombre del parámetro: parameters
03/11/2020 11:32:13: [Método: Void ExecuteStepImpl(IExecutionStep), Línea: 0] - El diccionario de parámetros contiene una entrada NULL para el parámetro 'IdIndicador' del tipo que no acepta valores NULL 'System.Int32' del método 'System.Web.Mvc.ActionResult FileDelete(Int32, Int32)' en 'MRVMinem.Controllers.GestionController'. Un parámetro opcional debe ser un tipo de referencia, un tipo que acepte valores NULL o debe declararse como parámetro opcional.
Nombre del parámetro: parameters
03/11/2020 11:32:13: [Método: System.Exception ExecuteStep(IExecutionStep, Boolean ByRef), Línea: 0] - El diccionario de parámetros contiene una entrada NULL para el parámetro 'IdIndicador' del tipo que no acepta valores NULL 'System.Int32' del método 'System.Web.Mvc.ActionResult FileDelete(Int32, Int32)' en 'MRVMinem.Controllers.GestionController'. Un parámetro opcional debe ser un tipo de referencia, un tipo que acepte valores NULL o debe declararse como parámetro opcional.
Nombre del parámetro: parameters
