17/04/2020 12:03:06: [Método: Void ThrowForNonSuccess(System.Threading.Tasks.Task), Línea: 0] - Error al enviar la solicitud.
17/04/2020 12:03:06: [Método: Void HandleNonSuccessAndDebuggerNotification(System.Threading.Tasks.Task), Línea: 0] - Error al enviar la solicitud.
17/04/2020 12:03:06: [Método: TResult GetResult(), Línea: 0] - Error al enviar la solicitud.
17/04/2020 12:03:06: [Método: Void MoveNext(), Línea: 108] - Error al enviar la solicitud.
17/04/2020 12:03:57: [Método: Void ThrowForNonSuccess(System.Threading.Tasks.Task), Línea: 0] - Error al enviar la solicitud.
17/04/2020 12:03:57: [Método: Void HandleNonSuccessAndDebuggerNotification(System.Threading.Tasks.Task), Línea: 0] - Error al enviar la solicitud.
17/04/2020 12:03:57: [Método: TResult GetResult(), Línea: 0] - Error al enviar la solicitud.
17/04/2020 12:03:57: [Método: Void MoveNext(), Línea: 108] - Error al enviar la solicitud.
17/04/2020 22:58:09: [Método: Void WinIOError(Int32, System.String), Línea: 0] - No se pudo encontrar el archivo 'C:\Users\Pc\Desktop\git-res\back-end\Web Dinamico 2\MRVMinem\Archivos\Temp\682-1-f16a5c06-f3d7-44b0-bf13-129cea6919f7.TXT'.
17/04/2020 22:58:09: [Método: Void InternalMove(System.String, System.String, Boolean), Línea: 0] - No se pudo encontrar el archivo 'C:\Users\Pc\Desktop\git-res\back-end\Web Dinamico 2\MRVMinem\Archivos\Temp\682-1-f16a5c06-f3d7-44b0-bf13-129cea6919f7.TXT'.
17/04/2020 22:58:09: [Método: Void Move(System.String, System.String), Línea: 0] - No se pudo encontrar el archivo 'C:\Users\Pc\Desktop\git-res\back-end\Web Dinamico 2\MRVMinem\Archivos\Temp\682-1-f16a5c06-f3d7-44b0-bf13-129cea6919f7.TXT'.
17/04/2020 22:58:09: [Método: entidad.minem.gob.pe.IndicadorDataBE RegistraTodosIndicadoresData(entidad.minem.gob.pe.IniciativaBE, System.Collections.Generic.List`1[entidad.minem.gob.pe.IndicadorDataBE]), Línea: 152] - No se pudo encontrar el archivo 'C:\Users\Pc\Desktop\git-res\back-end\Web Dinamico 2\MRVMinem\Archivos\Temp\682-1-f16a5c06-f3d7-44b0-bf13-129cea6919f7.TXT'.
17/04/2020 22:58:09: [Método: System.Web.Mvc.JsonResult RegistrarDetalleIndicador(System.Web.HttpPostedFileBase[], System.Web.HttpPostedFileBase[], entidad.minem.gob.pe.IniciativaBE), Línea: 1020] - No se pudo encontrar el archivo 'C:\Users\Pc\Desktop\git-res\back-end\Web Dinamico 2\MRVMinem\Archivos\Temp\682-1-f16a5c06-f3d7-44b0-bf13-129cea6919f7.TXT'.
17/04/2020 22:58:49: [Método: Void WinIOError(Int32, System.String), Línea: 0] - No se pudo encontrar el archivo 'C:\Users\Pc\Desktop\git-res\back-end\Web Dinamico 2\MRVMinem\Archivos\Temp\682-1-f16a5c06-f3d7-44b0-bf13-129cea6919f7.TXT'.
17/04/2020 22:58:49: [Método: Void InternalMove(System.String, System.String, Boolean), Línea: 0] - No se pudo encontrar el archivo 'C:\Users\Pc\Desktop\git-res\back-end\Web Dinamico 2\MRVMinem\Archivos\Temp\682-1-f16a5c06-f3d7-44b0-bf13-129cea6919f7.TXT'.
17/04/2020 22:58:49: [Método: Void Move(System.String, System.String), Línea: 0] - No se pudo encontrar el archivo 'C:\Users\Pc\Desktop\git-res\back-end\Web Dinamico 2\MRVMinem\Archivos\Temp\682-1-f16a5c06-f3d7-44b0-bf13-129cea6919f7.TXT'.
17/04/2020 22:58:49: [Método: entidad.minem.gob.pe.IndicadorDataBE RegistraTodosIndicadoresData(entidad.minem.gob.pe.IniciativaBE, System.Collections.Generic.List`1[entidad.minem.gob.pe.IndicadorDataBE]), Línea: 152] - No se pudo encontrar el archivo 'C:\Users\Pc\Desktop\git-res\back-end\Web Dinamico 2\MRVMinem\Archivos\Temp\682-1-f16a5c06-f3d7-44b0-bf13-129cea6919f7.TXT'.
17/04/2020 22:58:49: [Método: System.Web.Mvc.JsonResult RegistrarDetalleIndicador(System.Web.HttpPostedFileBase[], System.Web.HttpPostedFileBase[], entidad.minem.gob.pe.IniciativaBE), Línea: 1020] - No se pudo encontrar el archivo 'C:\Users\Pc\Desktop\git-res\back-end\Web Dinamico 2\MRVMinem\Archivos\Temp\682-1-f16a5c06-f3d7-44b0-bf13-129cea6919f7.TXT'.
17/04/2020 23:08:51: [Método: Void WinIOError(Int32, System.String), Línea: 0] - No se pudo encontrar el archivo 'C:\Users\Pc\Desktop\git-res\back-end\Web Dinamico 2\MRVMinem\Archivos\Temp\682-1-f16a5c06-f3d7-44b0-bf13-129cea6919f7.TXT'.
17/04/2020 23:08:51: [Método: Void InternalMove(System.String, System.String, Boolean), Línea: 0] - No se pudo encontrar el archivo 'C:\Users\Pc\Desktop\git-res\back-end\Web Dinamico 2\MRVMinem\Archivos\Temp\682-1-f16a5c06-f3d7-44b0-bf13-129cea6919f7.TXT'.
17/04/2020 23:08:51: [Método: Void Move(System.String, System.String), Línea: 0] - No se pudo encontrar el archivo 'C:\Users\Pc\Desktop\git-res\back-end\Web Dinamico 2\MRVMinem\Archivos\Temp\682-1-f16a5c06-f3d7-44b0-bf13-129cea6919f7.TXT'.
17/04/2020 23:08:51: [Método: entidad.minem.gob.pe.IndicadorDataBE RegistraTodosIndicadoresData(entidad.minem.gob.pe.IniciativaBE, System.Collections.Generic.List`1[entidad.minem.gob.pe.IndicadorDataBE]), Línea: 152] - No se pudo encontrar el archivo 'C:\Users\Pc\Desktop\git-res\back-end\Web Dinamico 2\MRVMinem\Archivos\Temp\682-1-f16a5c06-f3d7-44b0-bf13-129cea6919f7.TXT'.
17/04/2020 23:08:51: [Método: System.Web.Mvc.JsonResult RegistrarDetalleIndicador(System.Web.HttpPostedFileBase[], System.Web.HttpPostedFileBase[], entidad.minem.gob.pe.IniciativaBE), Línea: 1020] - No se pudo encontrar el archivo 'C:\Users\Pc\Desktop\git-res\back-end\Web Dinamico 2\MRVMinem\Archivos\Temp\682-1-f16a5c06-f3d7-44b0-bf13-129cea6919f7.TXT'.
17/04/2020 23:12:53: [Método: Void WinIOError(Int32, System.String), Línea: 0] - No se pudo encontrar el archivo 'C:\Users\Pc\Desktop\git-res\back-end\Web Dinamico 2\MRVMinem\Archivos\Temp\682-1-f16a5c06-f3d7-44b0-bf13-129cea6919f7.TXT'.
17/04/2020 23:12:53: [Método: Void InternalMove(System.String, System.String, Boolean), Línea: 0] - No se pudo encontrar el archivo 'C:\Users\Pc\Desktop\git-res\back-end\Web Dinamico 2\MRVMinem\Archivos\Temp\682-1-f16a5c06-f3d7-44b0-bf13-129cea6919f7.TXT'.
17/04/2020 23:12:53: [Método: Void Move(System.String, System.String), Línea: 0] - No se pudo encontrar el archivo 'C:\Users\Pc\Desktop\git-res\back-end\Web Dinamico 2\MRVMinem\Archivos\Temp\682-1-f16a5c06-f3d7-44b0-bf13-129cea6919f7.TXT'.
17/04/2020 23:12:53: [Método: entidad.minem.gob.pe.IndicadorDataBE RegistraTodosIndicadoresData(entidad.minem.gob.pe.IniciativaBE, System.Collections.Generic.List`1[entidad.minem.gob.pe.IndicadorDataBE]), Línea: 152] - No se pudo encontrar el archivo 'C:\Users\Pc\Desktop\git-res\back-end\Web Dinamico 2\MRVMinem\Archivos\Temp\682-1-f16a5c06-f3d7-44b0-bf13-129cea6919f7.TXT'.
17/04/2020 23:12:53: [Método: System.Web.Mvc.JsonResult RegistrarDetalleIndicador(System.Web.HttpPostedFileBase[], System.Web.HttpPostedFileBase[], entidad.minem.gob.pe.IniciativaBE), Línea: 1020] - No se pudo encontrar el archivo 'C:\Users\Pc\Desktop\git-res\back-end\Web Dinamico 2\MRVMinem\Archivos\Temp\682-1-f16a5c06-f3d7-44b0-bf13-129cea6919f7.TXT'.
17/04/2020 23:24:01: [Método: Void WinIOError(Int32, System.String), Línea: 0] - No se pudo encontrar el archivo 'C:\Users\Pc\Desktop\git-res\back-end\Web Dinamico 2\MRVMinem\Archivos\Temp\682-1-f16a5c06-f3d7-44b0-bf13-129cea6919f7.TXT'.
17/04/2020 23:24:01: [Método: Void InternalMove(System.String, System.String, Boolean), Línea: 0] - No se pudo encontrar el archivo 'C:\Users\Pc\Desktop\git-res\back-end\Web Dinamico 2\MRVMinem\Archivos\Temp\682-1-f16a5c06-f3d7-44b0-bf13-129cea6919f7.TXT'.
17/04/2020 23:24:01: [Método: Void Move(System.String, System.String), Línea: 0] - No se pudo encontrar el archivo 'C:\Users\Pc\Desktop\git-res\back-end\Web Dinamico 2\MRVMinem\Archivos\Temp\682-1-f16a5c06-f3d7-44b0-bf13-129cea6919f7.TXT'.
17/04/2020 23:24:01: [Método: entidad.minem.gob.pe.IndicadorDataBE RegistraTodosIndicadoresData(entidad.minem.gob.pe.IniciativaBE, System.Collections.Generic.List`1[entidad.minem.gob.pe.IndicadorDataBE]), Línea: 152] - No se pudo encontrar el archivo 'C:\Users\Pc\Desktop\git-res\back-end\Web Dinamico 2\MRVMinem\Archivos\Temp\682-1-f16a5c06-f3d7-44b0-bf13-129cea6919f7.TXT'.
17/04/2020 23:24:01: [Método: System.Web.Mvc.JsonResult RegistrarDetalleIndicador(System.Web.HttpPostedFileBase[], System.Web.HttpPostedFileBase[], entidad.minem.gob.pe.IniciativaBE), Línea: 1020] - No se pudo encontrar el archivo 'C:\Users\Pc\Desktop\git-res\back-end\Web Dinamico 2\MRVMinem\Archivos\Temp\682-1-f16a5c06-f3d7-44b0-bf13-129cea6919f7.TXT'.
17/04/2020 23:31:50: [Método: Void WinIOError(Int32, System.String), Línea: 0] - No se pudo encontrar el archivo 'C:\Users\Pc\Desktop\git-res\back-end\Web Dinamico 2\MRVMinem\Archivos\Temp\682-1-f16a5c06-f3d7-44b0-bf13-129cea6919f7.TXT'.
17/04/2020 23:31:50: [Método: Void InternalMove(System.String, System.String, Boolean), Línea: 0] - No se pudo encontrar el archivo 'C:\Users\Pc\Desktop\git-res\back-end\Web Dinamico 2\MRVMinem\Archivos\Temp\682-1-f16a5c06-f3d7-44b0-bf13-129cea6919f7.TXT'.
17/04/2020 23:31:50: [Método: Void Move(System.String, System.String), Línea: 0] - No se pudo encontrar el archivo 'C:\Users\Pc\Desktop\git-res\back-end\Web Dinamico 2\MRVMinem\Archivos\Temp\682-1-f16a5c06-f3d7-44b0-bf13-129cea6919f7.TXT'.
17/04/2020 23:31:50: [Método: entidad.minem.gob.pe.IndicadorDataBE RegistraTodosIndicadoresData(entidad.minem.gob.pe.IniciativaBE, System.Collections.Generic.List`1[entidad.minem.gob.pe.IndicadorDataBE]), Línea: 152] - No se pudo encontrar el archivo 'C:\Users\Pc\Desktop\git-res\back-end\Web Dinamico 2\MRVMinem\Archivos\Temp\682-1-f16a5c06-f3d7-44b0-bf13-129cea6919f7.TXT'.
17/04/2020 23:31:50: [Método: System.Web.Mvc.JsonResult RegistrarDetalleIndicador(System.Web.HttpPostedFileBase[], System.Web.HttpPostedFileBase[], entidad.minem.gob.pe.IniciativaBE), Línea: 1020] - No se pudo encontrar el archivo 'C:\Users\Pc\Desktop\git-res\back-end\Web Dinamico 2\MRVMinem\Archivos\Temp\682-1-f16a5c06-f3d7-44b0-bf13-129cea6919f7.TXT'.
