03/07/2020 23:09:24: [Método: System.Object ExtractParameterFromDictionary(System.Reflection.ParameterInfo, System.Collections.Generic.IDictionary`2[System.String,System.Object], System.Reflection.MethodInfo), Línea: 0] - El diccionario de parámetros contiene una entrada NULL para el parámetro 'ini' del tipo que no acepta valores NULL 'System.Int32' del método 'System.Web.Mvc.ActionResult VerMasIniciativaDetalle(Int32)' en 'MRVMinem.Controllers.PortalController'. Un parámetro opcional debe ser un tipo de referencia, un tipo que acepte valores NULL o debe declararse como parámetro opcional.
Nombre del parámetro: parameters
03/07/2020 23:09:24: [Método: System.Object Execute(System.Web.Mvc.ControllerContext, System.Collections.Generic.IDictionary`2[System.String,System.Object]), Línea: 0] - El diccionario de parámetros contiene una entrada NULL para el parámetro 'ini' del tipo que no acepta valores NULL 'System.Int32' del método 'System.Web.Mvc.ActionResult VerMasIniciativaDetalle(Int32)' en 'MRVMinem.Controllers.PortalController'. Un parámetro opcional debe ser un tipo de referencia, un tipo que acepte valores NULL o debe declararse como parámetro opcional.
Nombre del parámetro: parameters
03/07/2020 23:09:24: [Método: System.Web.Mvc.ActionResult InvokeActionMethod(System.Web.Mvc.ControllerContext, System.Web.Mvc.ActionDescriptor, System.Collections.Generic.IDictionary`2[System.String,System.Object]), Línea: 0] - El diccionario de parámetros contiene una entrada NULL para el parámetro 'ini' del tipo que no acepta valores NULL 'System.Int32' del método 'System.Web.Mvc.ActionResult VerMasIniciativaDetalle(Int32)' en 'MRVMinem.Controllers.PortalController'. Un parámetro opcional debe ser un tipo de referencia, un tipo que acepte valores NULL o debe declararse como parámetro opcional.
Nombre del parámetro: parameters
03/07/2020 23:09:24: [Método: System.Web.Mvc.ActionResult <BeginInvokeSynchronousActionMethod>b__39(System.IAsyncResult, ActionInvocation), Línea: 0] - El diccionario de parámetros contiene una entrada NULL para el parámetro 'ini' del tipo que no acepta valores NULL 'System.Int32' del método 'System.Web.Mvc.ActionResult VerMasIniciativaDetalle(Int32)' en 'MRVMinem.Controllers.PortalController'. Un parámetro opcional debe ser un tipo de referencia, un tipo que acepte valores NULL o debe declararse como parámetro opcional.
Nombre del parámetro: parameters
03/07/2020 23:09:24: [Método: TResult CallEndDelegate(System.IAsyncResult), Línea: 0] - El diccionario de parámetros contiene una entrada NULL para el parámetro 'ini' del tipo que no acepta valores NULL 'System.Int32' del método 'System.Web.Mvc.ActionResult VerMasIniciativaDetalle(Int32)' en 'MRVMinem.Controllers.PortalController'. Un parámetro opcional debe ser un tipo de referencia, un tipo que acepte valores NULL o debe declararse como parámetro opcional.
Nombre del parámetro: parameters
03/07/2020 23:09:24: [Método: TResult End(), Línea: 0] - El diccionario de parámetros contiene una entrada NULL para el parámetro 'ini' del tipo que no acepta valores NULL 'System.Int32' del método 'System.Web.Mvc.ActionResult VerMasIniciativaDetalle(Int32)' en 'MRVMinem.Controllers.PortalController'. Un parámetro opcional debe ser un tipo de referencia, un tipo que acepte valores NULL o debe declararse como parámetro opcional.
Nombre del parámetro: parameters
03/07/2020 23:09:24: [Método: System.Web.Mvc.ActionResult EndInvokeActionMethod(System.IAsyncResult), Línea: 0] - El diccionario de parámetros contiene una entrada NULL para el parámetro 'ini' del tipo que no acepta valores NULL 'System.Int32' del método 'System.Web.Mvc.ActionResult VerMasIniciativaDetalle(Int32)' en 'MRVMinem.Controllers.PortalController'. Un parámetro opcional debe ser un tipo de referencia, un tipo que acepte valores NULL o debe declararse como parámetro opcional.
Nombre del parámetro: parameters
03/07/2020 23:09:24: [Método: System.Web.Mvc.ActionExecutedContext <InvokeActionMethodFilterAsynchronouslyRecursive>b__3d(), Línea: 0] - El diccionario de parámetros contiene una entrada NULL para el parámetro 'ini' del tipo que no acepta valores NULL 'System.Int32' del método 'System.Web.Mvc.ActionResult VerMasIniciativaDetalle(Int32)' en 'MRVMinem.Controllers.PortalController'. Un parámetro opcional debe ser un tipo de referencia, un tipo que acepte valores NULL o debe declararse como parámetro opcional.
Nombre del parámetro: parameters
03/07/2020 23:09:24: [Método: System.Web.Mvc.ActionExecutedContext <InvokeActionMethodFilterAsynchronouslyRecursive>b__3f(), Línea: 0] - El diccionario de parámetros contiene una entrada NULL para el parámetro 'ini' del tipo que no acepta valores NULL 'System.Int32' del método 'System.Web.Mvc.ActionResult VerMasIniciativaDetalle(Int32)' en 'MRVMinem.Controllers.PortalController'. Un parámetro opcional debe ser un tipo de referencia, un tipo que acepte valores NULL o debe declararse como parámetro opcional.
Nombre del parámetro: parameters
03/07/2020 23:09:24: [Método: System.Web.Mvc.ActionExecutedContext <BeginInvokeActionMethodWithFilters>b__32(System.IAsyncResult), Línea: 0] - El diccionario de parámetros contiene una entrada NULL para el parámetro 'ini' del tipo que no acepta valores NULL 'System.Int32' del método 'System.Web.Mvc.ActionResult VerMasIniciativaDetalle(Int32)' en 'MRVMinem.Controllers.PortalController'. Un parámetro opcional debe ser un tipo de referencia, un tipo que acepte valores NULL o debe declararse como parámetro opcional.
Nombre del parámetro: parameters
03/07/2020 23:09:24: [Método: TResult CallEndDelegate(System.IAsyncResult), Línea: 0] - El diccionario de parámetros contiene una entrada NULL para el parámetro 'ini' del tipo que no acepta valores NULL 'System.Int32' del método 'System.Web.Mvc.ActionResult VerMasIniciativaDetalle(Int32)' en 'MRVMinem.Controllers.PortalController'. Un parámetro opcional debe ser un tipo de referencia, un tipo que acepte valores NULL o debe declararse como parámetro opcional.
Nombre del parámetro: parameters
03/07/2020 23:09:24: [Método: TResult End(), Línea: 0] - El diccionario de parámetros contiene una entrada NULL para el parámetro 'ini' del tipo que no acepta valores NULL 'System.Int32' del método 'System.Web.Mvc.ActionResult VerMasIniciativaDetalle(Int32)' en 'MRVMinem.Controllers.PortalController'. Un parámetro opcional debe ser un tipo de referencia, un tipo que acepte valores NULL o debe declararse como parámetro opcional.
Nombre del parámetro: parameters
03/07/2020 23:09:24: [Método: System.Web.Mvc.ActionExecutedContext EndInvokeActionMethodWithFilters(System.IAsyncResult), Línea: 0] - El diccionario de parámetros contiene una entrada NULL para el parámetro 'ini' del tipo que no acepta valores NULL 'System.Int32' del método 'System.Web.Mvc.ActionResult VerMasIniciativaDetalle(Int32)' en 'MRVMinem.Controllers.PortalController'. Un parámetro opcional debe ser un tipo de referencia, un tipo que acepte valores NULL o debe declararse como parámetro opcional.
Nombre del parámetro: parameters
03/07/2020 23:09:24: [Método: Void <BeginInvokeAction>b__1c(), Línea: 0] - El diccionario de parámetros contiene una entrada NULL para el parámetro 'ini' del tipo que no acepta valores NULL 'System.Int32' del método 'System.Web.Mvc.ActionResult VerMasIniciativaDetalle(Int32)' en 'MRVMinem.Controllers.PortalController'. Un parámetro opcional debe ser un tipo de referencia, un tipo que acepte valores NULL o debe declararse como parámetro opcional.
Nombre del parámetro: parameters
03/07/2020 23:09:24: [Método: Boolean <BeginInvokeAction>b__1e(System.IAsyncResult), Línea: 0] - El diccionario de parámetros contiene una entrada NULL para el parámetro 'ini' del tipo que no acepta valores NULL 'System.Int32' del método 'System.Web.Mvc.ActionResult VerMasIniciativaDetalle(Int32)' en 'MRVMinem.Controllers.PortalController'. Un parámetro opcional debe ser un tipo de referencia, un tipo que acepte valores NULL o debe declararse como parámetro opcional.
Nombre del parámetro: parameters
03/07/2020 23:09:24: [Método: TResult CallEndDelegate(System.IAsyncResult), Línea: 0] - El diccionario de parámetros contiene una entrada NULL para el parámetro 'ini' del tipo que no acepta valores NULL 'System.Int32' del método 'System.Web.Mvc.ActionResult VerMasIniciativaDetalle(Int32)' en 'MRVMinem.Controllers.PortalController'. Un parámetro opcional debe ser un tipo de referencia, un tipo que acepte valores NULL o debe declararse como parámetro opcional.
Nombre del parámetro: parameters
03/07/2020 23:09:24: [Método: TResult End(), Línea: 0] - El diccionario de parámetros contiene una entrada NULL para el parámetro 'ini' del tipo que no acepta valores NULL 'System.Int32' del método 'System.Web.Mvc.ActionResult VerMasIniciativaDetalle(Int32)' en 'MRVMinem.Controllers.PortalController'. Un parámetro opcional debe ser un tipo de referencia, un tipo que acepte valores NULL o debe declararse como parámetro opcional.
Nombre del parámetro: parameters
03/07/2020 23:09:24: [Método: Boolean EndInvokeAction(System.IAsyncResult), Línea: 0] - El diccionario de parámetros contiene una entrada NULL para el parámetro 'ini' del tipo que no acepta valores NULL 'System.Int32' del método 'System.Web.Mvc.ActionResult VerMasIniciativaDetalle(Int32)' en 'MRVMinem.Controllers.PortalController'. Un parámetro opcional debe ser un tipo de referencia, un tipo que acepte valores NULL o debe declararse como parámetro opcional.
Nombre del parámetro: parameters
03/07/2020 23:09:24: [Método: Void <BeginExecuteCore>b__1d(System.IAsyncResult, ExecuteCoreState), Línea: 0] - El diccionario de parámetros contiene una entrada NULL para el parámetro 'ini' del tipo que no acepta valores NULL 'System.Int32' del método 'System.Web.Mvc.ActionResult VerMasIniciativaDetalle(Int32)' en 'MRVMinem.Controllers.PortalController'. Un parámetro opcional debe ser un tipo de referencia, un tipo que acepte valores NULL o debe declararse como parámetro opcional.
Nombre del parámetro: parameters
03/07/2020 23:09:24: [Método: System.Web.Mvc.Async.AsyncVoid CallEndDelegate(System.IAsyncResult), Línea: 0] - El diccionario de parámetros contiene una entrada NULL para el parámetro 'ini' del tipo que no acepta valores NULL 'System.Int32' del método 'System.Web.Mvc.ActionResult VerMasIniciativaDetalle(Int32)' en 'MRVMinem.Controllers.PortalController'. Un parámetro opcional debe ser un tipo de referencia, un tipo que acepte valores NULL o debe declararse como parámetro opcional.
Nombre del parámetro: parameters
03/07/2020 23:09:24: [Método: TResult End(), Línea: 0] - El diccionario de parámetros contiene una entrada NULL para el parámetro 'ini' del tipo que no acepta valores NULL 'System.Int32' del método 'System.Web.Mvc.ActionResult VerMasIniciativaDetalle(Int32)' en 'MRVMinem.Controllers.PortalController'. Un parámetro opcional debe ser un tipo de referencia, un tipo que acepte valores NULL o debe declararse como parámetro opcional.
Nombre del parámetro: parameters
03/07/2020 23:09:24: [Método: Void EndExecuteCore(System.IAsyncResult), Línea: 0] - El diccionario de parámetros contiene una entrada NULL para el parámetro 'ini' del tipo que no acepta valores NULL 'System.Int32' del método 'System.Web.Mvc.ActionResult VerMasIniciativaDetalle(Int32)' en 'MRVMinem.Controllers.PortalController'. Un parámetro opcional debe ser un tipo de referencia, un tipo que acepte valores NULL o debe declararse como parámetro opcional.
Nombre del parámetro: parameters
03/07/2020 23:09:24: [Método: Void <BeginExecute>b__15(System.IAsyncResult, System.Web.Mvc.Controller), Línea: 0] - El diccionario de parámetros contiene una entrada NULL para el parámetro 'ini' del tipo que no acepta valores NULL 'System.Int32' del método 'System.Web.Mvc.ActionResult VerMasIniciativaDetalle(Int32)' en 'MRVMinem.Controllers.PortalController'. Un parámetro opcional debe ser un tipo de referencia, un tipo que acepte valores NULL o debe declararse como parámetro opcional.
Nombre del parámetro: parameters
03/07/2020 23:09:24: [Método: System.Web.Mvc.Async.AsyncVoid CallEndDelegate(System.IAsyncResult), Línea: 0] - El diccionario de parámetros contiene una entrada NULL para el parámetro 'ini' del tipo que no acepta valores NULL 'System.Int32' del método 'System.Web.Mvc.ActionResult VerMasIniciativaDetalle(Int32)' en 'MRVMinem.Controllers.PortalController'. Un parámetro opcional debe ser un tipo de referencia, un tipo que acepte valores NULL o debe declararse como parámetro opcional.
Nombre del parámetro: parameters
03/07/2020 23:09:24: [Método: TResult End(), Línea: 0] - El diccionario de parámetros contiene una entrada NULL para el parámetro 'ini' del tipo que no acepta valores NULL 'System.Int32' del método 'System.Web.Mvc.ActionResult VerMasIniciativaDetalle(Int32)' en 'MRVMinem.Controllers.PortalController'. Un parámetro opcional debe ser un tipo de referencia, un tipo que acepte valores NULL o debe declararse como parámetro opcional.
Nombre del parámetro: parameters
03/07/2020 23:09:24: [Método: Void EndExecute(System.IAsyncResult), Línea: 0] - El diccionario de parámetros contiene una entrada NULL para el parámetro 'ini' del tipo que no acepta valores NULL 'System.Int32' del método 'System.Web.Mvc.ActionResult VerMasIniciativaDetalle(Int32)' en 'MRVMinem.Controllers.PortalController'. Un parámetro opcional debe ser un tipo de referencia, un tipo que acepte valores NULL o debe declararse como parámetro opcional.
Nombre del parámetro: parameters
03/07/2020 23:09:24: [Método: Void System.Web.Mvc.Async.IAsyncController.EndExecute(System.IAsyncResult), Línea: 0] - El diccionario de parámetros contiene una entrada NULL para el parámetro 'ini' del tipo que no acepta valores NULL 'System.Int32' del método 'System.Web.Mvc.ActionResult VerMasIniciativaDetalle(Int32)' en 'MRVMinem.Controllers.PortalController'. Un parámetro opcional debe ser un tipo de referencia, un tipo que acepte valores NULL o debe declararse como parámetro opcional.
Nombre del parámetro: parameters
03/07/2020 23:09:24: [Método: Void <BeginProcessRequest>b__5(System.IAsyncResult, ProcessRequestState), Línea: 0] - El diccionario de parámetros contiene una entrada NULL para el parámetro 'ini' del tipo que no acepta valores NULL 'System.Int32' del método 'System.Web.Mvc.ActionResult VerMasIniciativaDetalle(Int32)' en 'MRVMinem.Controllers.PortalController'. Un parámetro opcional debe ser un tipo de referencia, un tipo que acepte valores NULL o debe declararse como parámetro opcional.
Nombre del parámetro: parameters
03/07/2020 23:09:24: [Método: System.Web.Mvc.Async.AsyncVoid CallEndDelegate(System.IAsyncResult), Línea: 0] - El diccionario de parámetros contiene una entrada NULL para el parámetro 'ini' del tipo que no acepta valores NULL 'System.Int32' del método 'System.Web.Mvc.ActionResult VerMasIniciativaDetalle(Int32)' en 'MRVMinem.Controllers.PortalController'. Un parámetro opcional debe ser un tipo de referencia, un tipo que acepte valores NULL o debe declararse como parámetro opcional.
Nombre del parámetro: parameters
03/07/2020 23:09:24: [Método: TResult End(), Línea: 0] - El diccionario de parámetros contiene una entrada NULL para el parámetro 'ini' del tipo que no acepta valores NULL 'System.Int32' del método 'System.Web.Mvc.ActionResult VerMasIniciativaDetalle(Int32)' en 'MRVMinem.Controllers.PortalController'. Un parámetro opcional debe ser un tipo de referencia, un tipo que acepte valores NULL o debe declararse como parámetro opcional.
Nombre del parámetro: parameters
03/07/2020 23:09:24: [Método: Void EndProcessRequest(System.IAsyncResult), Línea: 0] - El diccionario de parámetros contiene una entrada NULL para el parámetro 'ini' del tipo que no acepta valores NULL 'System.Int32' del método 'System.Web.Mvc.ActionResult VerMasIniciativaDetalle(Int32)' en 'MRVMinem.Controllers.PortalController'. Un parámetro opcional debe ser un tipo de referencia, un tipo que acepte valores NULL o debe declararse como parámetro opcional.
Nombre del parámetro: parameters
03/07/2020 23:09:24: [Método: Void System.Web.IHttpAsyncHandler.EndProcessRequest(System.IAsyncResult), Línea: 0] - El diccionario de parámetros contiene una entrada NULL para el parámetro 'ini' del tipo que no acepta valores NULL 'System.Int32' del método 'System.Web.Mvc.ActionResult VerMasIniciativaDetalle(Int32)' en 'MRVMinem.Controllers.PortalController'. Un parámetro opcional debe ser un tipo de referencia, un tipo que acepte valores NULL o debe declararse como parámetro opcional.
Nombre del parámetro: parameters
03/07/2020 23:09:24: [Método: Void System.Web.HttpApplication.IExecutionStep.Execute(), Línea: 0] - El diccionario de parámetros contiene una entrada NULL para el parámetro 'ini' del tipo que no acepta valores NULL 'System.Int32' del método 'System.Web.Mvc.ActionResult VerMasIniciativaDetalle(Int32)' en 'MRVMinem.Controllers.PortalController'. Un parámetro opcional debe ser un tipo de referencia, un tipo que acepte valores NULL o debe declararse como parámetro opcional.
Nombre del parámetro: parameters
03/07/2020 23:09:24: [Método: Void ExecuteStepImpl(IExecutionStep), Línea: 0] - El diccionario de parámetros contiene una entrada NULL para el parámetro 'ini' del tipo que no acepta valores NULL 'System.Int32' del método 'System.Web.Mvc.ActionResult VerMasIniciativaDetalle(Int32)' en 'MRVMinem.Controllers.PortalController'. Un parámetro opcional debe ser un tipo de referencia, un tipo que acepte valores NULL o debe declararse como parámetro opcional.
Nombre del parámetro: parameters
03/07/2020 23:09:24: [Método: System.Exception ExecuteStep(IExecutionStep, Boolean ByRef), Línea: 0] - El diccionario de parámetros contiene una entrada NULL para el parámetro 'ini' del tipo que no acepta valores NULL 'System.Int32' del método 'System.Web.Mvc.ActionResult VerMasIniciativaDetalle(Int32)' en 'MRVMinem.Controllers.PortalController'. Un parámetro opcional debe ser un tipo de referencia, un tipo que acepte valores NULL o debe declararse como parámetro opcional.
Nombre del parámetro: parameters
03/07/2020 23:40:24: [Método: Void HandleErrorHelper(Int32, Oracle.DataAccess.Client.OracleConnection, IntPtr, Oracle.DataAccess.Client.OpoSqlValCtx*, System.Object, System.String, Boolean, Int32, Oracle.DataAccess.Client.OracleLogicalTransaction), Línea: 0] - ORA-00936: falta una expresión
ORA-06512: en "MRVMM.PKG_MRV_DETALLE_INDICADORES", línea 1166
ORA-06512: en línea 1
03/07/2020 23:40:24: [Método: Void HandleError(Int32, Oracle.DataAccess.Client.OracleConnection, System.String, IntPtr, Oracle.DataAccess.Client.OpoSqlValCtx*, System.Object, Boolean, Oracle.DataAccess.Client.OracleLogicalTransaction), Línea: 0] - ORA-00936: falta una expresión
ORA-06512: en "MRVMM.PKG_MRV_DETALLE_INDICADORES", línea 1166
ORA-06512: en línea 1
03/07/2020 23:40:24: [Método: Int32 ExecuteNonQuery(), Línea: 0] - ORA-00936: falta una expresión
ORA-06512: en "MRVMM.PKG_MRV_DETALLE_INDICADORES", línea 1166
ORA-06512: en línea 1
03/07/2020 23:40:24: [Método: Int32 ExecuteCommand(System.Data.IDbConnection, Dapper.CommandDefinition ByRef, System.Action`2[System.Data.IDbCommand,System.Object]), Línea: 0] - ORA-00936: falta una expresión
ORA-06512: en "MRVMM.PKG_MRV_DETALLE_INDICADORES", línea 1166
ORA-06512: en línea 1
03/07/2020 23:40:24: [Método: Int32 ExecuteImpl(System.Data.IDbConnection, Dapper.CommandDefinition ByRef), Línea: 0] - ORA-00936: falta una expresión
ORA-06512: en "MRVMM.PKG_MRV_DETALLE_INDICADORES", línea 1166
ORA-06512: en línea 1
03/07/2020 23:40:24: [Método: Int32 Execute(System.Data.IDbConnection, System.String, System.Object, System.Data.IDbTransaction, System.Nullable`1[System.Int32], System.Nullable`1[System.Data.CommandType]), Línea: 0] - ORA-00936: falta una expresión
ORA-06512: en "MRVMM.PKG_MRV_DETALLE_INDICADORES", línea 1166
ORA-06512: en línea 1
03/07/2020 23:40:24: [Método: entidad.minem.gob.pe.IniciativaBE EliminarIndicadoresFile(entidad.minem.gob.pe.IniciativaBE), Línea: 652] - ORA-00936: falta una expresión
ORA-06512: en "MRVMM.PKG_MRV_DETALLE_INDICADORES", línea 1166
ORA-06512: en línea 1
