23/10/2020 15:30:13: [Método: System.Web.Mvc.JsonResult ProcesarExcel(System.Web.HttpPostedFileBase, entidad.minem.gob.pe.ParametroBE), Línea: 153] - Referencia a objeto no establecida como instancia de un objeto.
23/10/2020 15:54:05: [Método: Void HandleErrorHelper(Int32, Oracle.DataAccess.Client.OracleConnection, IntPtr, Oracle.DataAccess.Client.OpoSqlValCtx*, System.Object, System.String, Boolean, Int32, Oracle.DataAccess.Client.OracleLogicalTransaction), Línea: 0] - ORA-01403: No se ha encontrado ningún dato
ORA-06512: en "SRES.PKG_MRV_REPORTES", línea 1486
ORA-06512: en "SRES.PKG_MRV_REPORTES", línea 1682
ORA-06512: en "SRES.PKG_MRV_REPORTES", línea 1682
ORA-06512: en línea 1
23/10/2020 15:54:05: [Método: Void HandleError(Int32, Oracle.DataAccess.Client.OracleConnection, System.String, IntPtr, Oracle.DataAccess.Client.OpoSqlValCtx*, System.Object, Boolean, Oracle.DataAccess.Client.OracleLogicalTransaction), Línea: 0] - ORA-01403: No se ha encontrado ningún dato
ORA-06512: en "SRES.PKG_MRV_REPORTES", línea 1486
ORA-06512: en "SRES.PKG_MRV_REPORTES", línea 1682
ORA-06512: en "SRES.PKG_MRV_REPORTES", línea 1682
ORA-06512: en línea 1
23/10/2020 15:54:05: [Método: Oracle.DataAccess.Client.OracleDataReader ExecuteReader(Boolean, Boolean, System.Data.CommandBehavior), Línea: 0] - ORA-01403: No se ha encontrado ningún dato
ORA-06512: en "SRES.PKG_MRV_REPORTES", línea 1486
ORA-06512: en "SRES.PKG_MRV_REPORTES", línea 1682
ORA-06512: en "SRES.PKG_MRV_REPORTES", línea 1682
ORA-06512: en línea 1
23/10/2020 15:54:05: [Método: System.Data.Common.DbDataReader ExecuteDbDataReader(System.Data.CommandBehavior), Línea: 0] - ORA-01403: No se ha encontrado ningún dato
ORA-06512: en "SRES.PKG_MRV_REPORTES", línea 1486
ORA-06512: en "SRES.PKG_MRV_REPORTES", línea 1682
ORA-06512: en "SRES.PKG_MRV_REPORTES", línea 1682
ORA-06512: en línea 1
23/10/2020 15:54:05: [Método: System.Data.IDataReader System.Data.IDbCommand.ExecuteReader(System.Data.CommandBehavior), Línea: 0] - ORA-01403: No se ha encontrado ningún dato
ORA-06512: en "SRES.PKG_MRV_REPORTES", línea 1486
ORA-06512: en "SRES.PKG_MRV_REPORTES", línea 1682
ORA-06512: en "SRES.PKG_MRV_REPORTES", línea 1682
ORA-06512: en línea 1
23/10/2020 15:54:05: [Método: System.Data.IDataReader ExecuteReaderWithFlagsFallback(System.Data.IDbCommand, Boolean, System.Data.CommandBehavior), Línea: 0] - ORA-01403: No se ha encontrado ningún dato
ORA-06512: en "SRES.PKG_MRV_REPORTES", línea 1486
ORA-06512: en "SRES.PKG_MRV_REPORTES", línea 1682
ORA-06512: en "SRES.PKG_MRV_REPORTES", línea 1682
ORA-06512: en línea 1
23/10/2020 15:54:05: [Método: Boolean MoveNext(), Línea: 0] - ORA-01403: No se ha encontrado ningún dato
ORA-06512: en "SRES.PKG_MRV_REPORTES", línea 1486
ORA-06512: en "SRES.PKG_MRV_REPORTES", línea 1682
ORA-06512: en "SRES.PKG_MRV_REPORTES", línea 1682
ORA-06512: en línea 1
23/10/2020 15:54:05: [Método: Void .ctor(System.Collections.Generic.IEnumerable`1[T]), Línea: 0] - ORA-01403: No se ha encontrado ningún dato
ORA-06512: en "SRES.PKG_MRV_REPORTES", línea 1486
ORA-06512: en "SRES.PKG_MRV_REPORTES", línea 1682
ORA-06512: en "SRES.PKG_MRV_REPORTES", línea 1682
ORA-06512: en línea 1
23/10/2020 15:54:05: [Método: System.Collections.Generic.List`1[TSource] ToList[TSource](System.Collections.Generic.IEnumerable`1[TSource]), Línea: 0] - ORA-01403: No se ha encontrado ningún dato
ORA-06512: en "SRES.PKG_MRV_REPORTES", línea 1486
ORA-06512: en "SRES.PKG_MRV_REPORTES", línea 1682
ORA-06512: en "SRES.PKG_MRV_REPORTES", línea 1682
ORA-06512: en línea 1
23/10/2020 15:54:05: [Método: System.Collections.Generic.IEnumerable`1[T] Query[T](System.Data.IDbConnection, System.String, System.Object, System.Data.IDbTransaction, Boolean, System.Nullable`1[System.Int32], System.Nullable`1[System.Data.CommandType]), Línea: 0] - ORA-01403: No se ha encontrado ningún dato
ORA-06512: en "SRES.PKG_MRV_REPORTES", línea 1486
ORA-06512: en "SRES.PKG_MRV_REPORTES", línea 1682
ORA-06512: en "SRES.PKG_MRV_REPORTES", línea 1682
ORA-06512: en línea 1
23/10/2020 15:54:05: [Método: entidad.minem.gob.pe.AcumuladoBE ObtenerAcumulado(entidad.minem.gob.pe.IniciativaBE), Línea: 2588] - ORA-01403: No se ha encontrado ningún dato
ORA-06512: en "SRES.PKG_MRV_REPORTES", línea 1486
ORA-06512: en "SRES.PKG_MRV_REPORTES", línea 1682
ORA-06512: en "SRES.PKG_MRV_REPORTES", línea 1682
ORA-06512: en línea 1
23/10/2020 15:54:13: [Método: Void HandleErrorHelper(Int32, Oracle.DataAccess.Client.OracleConnection, IntPtr, Oracle.DataAccess.Client.OpoSqlValCtx*, System.Object, System.String, Boolean, Int32, Oracle.DataAccess.Client.OracleLogicalTransaction), Línea: 0] - ORA-01403: No se ha encontrado ningún dato
ORA-06512: en "SRES.PKG_MRV_REPORTES", línea 1486
ORA-06512: en "SRES.PKG_MRV_REPORTES", línea 1334
ORA-06512: en "SRES.PKG_MRV_REPORTES", línea 1334
ORA-06512: en "SRES.PKG_MRV_DETALLE_INDICADORES", línea 1689
ORA-06512: en "SRES.PKG_MRV_DETALLE_INDICADORES", línea 1605
ORA-06512: en "SRES.PKG_MRV_DETALLE_INDICADORES", línea 1605
ORA-06512: en "SRES.PKG_MRV_DETALLE_INDICADORES", línea 542
ORA-06512: en línea 1
23/10/2020 15:54:13: [Método: Void HandleError(Int32, Oracle.DataAccess.Client.OracleConnection, System.String, IntPtr, Oracle.DataAccess.Client.OpoSqlValCtx*, System.Object, Boolean, Oracle.DataAccess.Client.OracleLogicalTransaction), Línea: 0] - ORA-01403: No se ha encontrado ningún dato
ORA-06512: en "SRES.PKG_MRV_REPORTES", línea 1486
ORA-06512: en "SRES.PKG_MRV_REPORTES", línea 1334
ORA-06512: en "SRES.PKG_MRV_REPORTES", línea 1334
ORA-06512: en "SRES.PKG_MRV_DETALLE_INDICADORES", línea 1689
ORA-06512: en "SRES.PKG_MRV_DETALLE_INDICADORES", línea 1605
ORA-06512: en "SRES.PKG_MRV_DETALLE_INDICADORES", línea 1605
ORA-06512: en "SRES.PKG_MRV_DETALLE_INDICADORES", línea 542
ORA-06512: en línea 1
23/10/2020 15:54:13: [Método: Int32 ExecuteNonQuery(), Línea: 0] - ORA-01403: No se ha encontrado ningún dato
ORA-06512: en "SRES.PKG_MRV_REPORTES", línea 1486
ORA-06512: en "SRES.PKG_MRV_REPORTES", línea 1334
ORA-06512: en "SRES.PKG_MRV_REPORTES", línea 1334
ORA-06512: en "SRES.PKG_MRV_DETALLE_INDICADORES", línea 1689
ORA-06512: en "SRES.PKG_MRV_DETALLE_INDICADORES", línea 1605
ORA-06512: en "SRES.PKG_MRV_DETALLE_INDICADORES", línea 1605
ORA-06512: en "SRES.PKG_MRV_DETALLE_INDICADORES", línea 542
ORA-06512: en línea 1
23/10/2020 15:54:13: [Método: Int32 ExecuteCommand(System.Data.IDbConnection, Dapper.CommandDefinition ByRef, System.Action`2[System.Data.IDbCommand,System.Object]), Línea: 0] - ORA-01403: No se ha encontrado ningún dato
ORA-06512: en "SRES.PKG_MRV_REPORTES", línea 1486
ORA-06512: en "SRES.PKG_MRV_REPORTES", línea 1334
ORA-06512: en "SRES.PKG_MRV_REPORTES", línea 1334
ORA-06512: en "SRES.PKG_MRV_DETALLE_INDICADORES", línea 1689
ORA-06512: en "SRES.PKG_MRV_DETALLE_INDICADORES", línea 1605
ORA-06512: en "SRES.PKG_MRV_DETALLE_INDICADORES", línea 1605
ORA-06512: en "SRES.PKG_MRV_DETALLE_INDICADORES", línea 542
ORA-06512: en línea 1
23/10/2020 15:54:13: [Método: Int32 ExecuteImpl(System.Data.IDbConnection, Dapper.CommandDefinition ByRef), Línea: 0] - ORA-01403: No se ha encontrado ningún dato
ORA-06512: en "SRES.PKG_MRV_REPORTES", línea 1486
ORA-06512: en "SRES.PKG_MRV_REPORTES", línea 1334
ORA-06512: en "SRES.PKG_MRV_REPORTES", línea 1334
ORA-06512: en "SRES.PKG_MRV_DETALLE_INDICADORES", línea 1689
ORA-06512: en "SRES.PKG_MRV_DETALLE_INDICADORES", línea 1605
ORA-06512: en "SRES.PKG_MRV_DETALLE_INDICADORES", línea 1605
ORA-06512: en "SRES.PKG_MRV_DETALLE_INDICADORES", línea 542
ORA-06512: en línea 1
23/10/2020 15:54:13: [Método: Int32 Execute(System.Data.IDbConnection, System.String, System.Object, System.Data.IDbTransaction, System.Nullable`1[System.Int32], System.Nullable`1[System.Data.CommandType]), Línea: 0] - ORA-01403: No se ha encontrado ningún dato
ORA-06512: en "SRES.PKG_MRV_REPORTES", línea 1486
ORA-06512: en "SRES.PKG_MRV_REPORTES", línea 1334
ORA-06512: en "SRES.PKG_MRV_REPORTES", línea 1334
ORA-06512: en "SRES.PKG_MRV_DETALLE_INDICADORES", línea 1689
ORA-06512: en "SRES.PKG_MRV_DETALLE_INDICADORES", línea 1605
ORA-06512: en "SRES.PKG_MRV_DETALLE_INDICADORES", línea 1605
ORA-06512: en "SRES.PKG_MRV_DETALLE_INDICADORES", línea 542
ORA-06512: en línea 1
23/10/2020 15:54:13: [Método: entidad.minem.gob.pe.IndicadorBE AprobarDetalleIndicador(entidad.minem.gob.pe.IndicadorBE), Línea: 365] - ORA-01403: No se ha encontrado ningún dato
ORA-06512: en "SRES.PKG_MRV_REPORTES", línea 1486
ORA-06512: en "SRES.PKG_MRV_REPORTES", línea 1334
ORA-06512: en "SRES.PKG_MRV_REPORTES", línea 1334
ORA-06512: en "SRES.PKG_MRV_DETALLE_INDICADORES", línea 1689
ORA-06512: en "SRES.PKG_MRV_DETALLE_INDICADORES", línea 1605
ORA-06512: en "SRES.PKG_MRV_DETALLE_INDICADORES", línea 1605
ORA-06512: en "SRES.PKG_MRV_DETALLE_INDICADORES", línea 542
ORA-06512: en línea 1
23/10/2020 15:54:25: [Método: Void HandleErrorHelper(Int32, Oracle.DataAccess.Client.OracleConnection, IntPtr, Oracle.DataAccess.Client.OpoSqlValCtx*, System.Object, System.String, Boolean, Int32, Oracle.DataAccess.Client.OracleLogicalTransaction), Línea: 0] - ORA-01403: No se ha encontrado ningún dato
ORA-06512: en "SRES.PKG_MRV_REPORTES", línea 1486
ORA-06512: en "SRES.PKG_MRV_REPORTES", línea 1682
ORA-06512: en "SRES.PKG_MRV_REPORTES", línea 1682
ORA-06512: en línea 1
23/10/2020 15:54:25: [Método: Void HandleError(Int32, Oracle.DataAccess.Client.OracleConnection, System.String, IntPtr, Oracle.DataAccess.Client.OpoSqlValCtx*, System.Object, Boolean, Oracle.DataAccess.Client.OracleLogicalTransaction), Línea: 0] - ORA-01403: No se ha encontrado ningún dato
ORA-06512: en "SRES.PKG_MRV_REPORTES", línea 1486
ORA-06512: en "SRES.PKG_MRV_REPORTES", línea 1682
ORA-06512: en "SRES.PKG_MRV_REPORTES", línea 1682
ORA-06512: en línea 1
23/10/2020 15:54:25: [Método: Oracle.DataAccess.Client.OracleDataReader ExecuteReader(Boolean, Boolean, System.Data.CommandBehavior), Línea: 0] - ORA-01403: No se ha encontrado ningún dato
ORA-06512: en "SRES.PKG_MRV_REPORTES", línea 1486
ORA-06512: en "SRES.PKG_MRV_REPORTES", línea 1682
ORA-06512: en "SRES.PKG_MRV_REPORTES", línea 1682
ORA-06512: en línea 1
23/10/2020 15:54:25: [Método: System.Data.Common.DbDataReader ExecuteDbDataReader(System.Data.CommandBehavior), Línea: 0] - ORA-01403: No se ha encontrado ningún dato
ORA-06512: en "SRES.PKG_MRV_REPORTES", línea 1486
ORA-06512: en "SRES.PKG_MRV_REPORTES", línea 1682
ORA-06512: en "SRES.PKG_MRV_REPORTES", línea 1682
ORA-06512: en línea 1
23/10/2020 15:54:25: [Método: System.Data.IDataReader System.Data.IDbCommand.ExecuteReader(System.Data.CommandBehavior), Línea: 0] - ORA-01403: No se ha encontrado ningún dato
ORA-06512: en "SRES.PKG_MRV_REPORTES", línea 1486
ORA-06512: en "SRES.PKG_MRV_REPORTES", línea 1682
ORA-06512: en "SRES.PKG_MRV_REPORTES", línea 1682
ORA-06512: en línea 1
23/10/2020 15:54:25: [Método: System.Data.IDataReader ExecuteReaderWithFlagsFallback(System.Data.IDbCommand, Boolean, System.Data.CommandBehavior), Línea: 0] - ORA-01403: No se ha encontrado ningún dato
ORA-06512: en "SRES.PKG_MRV_REPORTES", línea 1486
ORA-06512: en "SRES.PKG_MRV_REPORTES", línea 1682
ORA-06512: en "SRES.PKG_MRV_REPORTES", línea 1682
ORA-06512: en línea 1
23/10/2020 15:54:25: [Método: Boolean MoveNext(), Línea: 0] - ORA-01403: No se ha encontrado ningún dato
ORA-06512: en "SRES.PKG_MRV_REPORTES", línea 1486
ORA-06512: en "SRES.PKG_MRV_REPORTES", línea 1682
ORA-06512: en "SRES.PKG_MRV_REPORTES", línea 1682
ORA-06512: en línea 1
23/10/2020 15:54:25: [Método: Void .ctor(System.Collections.Generic.IEnumerable`1[T]), Línea: 0] - ORA-01403: No se ha encontrado ningún dato
ORA-06512: en "SRES.PKG_MRV_REPORTES", línea 1486
ORA-06512: en "SRES.PKG_MRV_REPORTES", línea 1682
ORA-06512: en "SRES.PKG_MRV_REPORTES", línea 1682
ORA-06512: en línea 1
23/10/2020 15:54:25: [Método: System.Collections.Generic.List`1[TSource] ToList[TSource](System.Collections.Generic.IEnumerable`1[TSource]), Línea: 0] - ORA-01403: No se ha encontrado ningún dato
ORA-06512: en "SRES.PKG_MRV_REPORTES", línea 1486
ORA-06512: en "SRES.PKG_MRV_REPORTES", línea 1682
ORA-06512: en "SRES.PKG_MRV_REPORTES", línea 1682
ORA-06512: en línea 1
23/10/2020 15:54:25: [Método: System.Collections.Generic.IEnumerable`1[T] Query[T](System.Data.IDbConnection, System.String, System.Object, System.Data.IDbTransaction, Boolean, System.Nullable`1[System.Int32], System.Nullable`1[System.Data.CommandType]), Línea: 0] - ORA-01403: No se ha encontrado ningún dato
ORA-06512: en "SRES.PKG_MRV_REPORTES", línea 1486
ORA-06512: en "SRES.PKG_MRV_REPORTES", línea 1682
ORA-06512: en "SRES.PKG_MRV_REPORTES", línea 1682
ORA-06512: en línea 1
23/10/2020 15:54:25: [Método: entidad.minem.gob.pe.AcumuladoBE ObtenerAcumulado(entidad.minem.gob.pe.IniciativaBE), Línea: 2588] - ORA-01403: No se ha encontrado ningún dato
ORA-06512: en "SRES.PKG_MRV_REPORTES", línea 1486
ORA-06512: en "SRES.PKG_MRV_REPORTES", línea 1682
ORA-06512: en "SRES.PKG_MRV_REPORTES", línea 1682
ORA-06512: en línea 1
23/10/2020 15:54:38: [Método: Void HandleErrorHelper(Int32, Oracle.DataAccess.Client.OracleConnection, IntPtr, Oracle.DataAccess.Client.OpoSqlValCtx*, System.Object, System.String, Boolean, Int32, Oracle.DataAccess.Client.OracleLogicalTransaction), Línea: 0] - ORA-01403: No se ha encontrado ningún dato
ORA-06512: en "SRES.PKG_MRV_REPORTES", línea 1486
ORA-06512: en "SRES.PKG_MRV_REPORTES", línea 1334
ORA-06512: en "SRES.PKG_MRV_REPORTES", línea 1334
ORA-06512: en "SRES.PKG_MRV_DETALLE_INDICADORES", línea 1689
ORA-06512: en "SRES.PKG_MRV_DETALLE_INDICADORES", línea 1605
ORA-06512: en "SRES.PKG_MRV_DETALLE_INDICADORES", línea 1605
ORA-06512: en "SRES.PKG_MRV_DETALLE_INDICADORES", línea 542
ORA-06512: en línea 1
23/10/2020 15:54:38: [Método: Void HandleError(Int32, Oracle.DataAccess.Client.OracleConnection, System.String, IntPtr, Oracle.DataAccess.Client.OpoSqlValCtx*, System.Object, Boolean, Oracle.DataAccess.Client.OracleLogicalTransaction), Línea: 0] - ORA-01403: No se ha encontrado ningún dato
ORA-06512: en "SRES.PKG_MRV_REPORTES", línea 1486
ORA-06512: en "SRES.PKG_MRV_REPORTES", línea 1334
ORA-06512: en "SRES.PKG_MRV_REPORTES", línea 1334
ORA-06512: en "SRES.PKG_MRV_DETALLE_INDICADORES", línea 1689
ORA-06512: en "SRES.PKG_MRV_DETALLE_INDICADORES", línea 1605
ORA-06512: en "SRES.PKG_MRV_DETALLE_INDICADORES", línea 1605
ORA-06512: en "SRES.PKG_MRV_DETALLE_INDICADORES", línea 542
ORA-06512: en línea 1
23/10/2020 15:54:38: [Método: Int32 ExecuteNonQuery(), Línea: 0] - ORA-01403: No se ha encontrado ningún dato
ORA-06512: en "SRES.PKG_MRV_REPORTES", línea 1486
ORA-06512: en "SRES.PKG_MRV_REPORTES", línea 1334
ORA-06512: en "SRES.PKG_MRV_REPORTES", línea 1334
ORA-06512: en "SRES.PKG_MRV_DETALLE_INDICADORES", línea 1689
ORA-06512: en "SRES.PKG_MRV_DETALLE_INDICADORES", línea 1605
ORA-06512: en "SRES.PKG_MRV_DETALLE_INDICADORES", línea 1605
ORA-06512: en "SRES.PKG_MRV_DETALLE_INDICADORES", línea 542
ORA-06512: en línea 1
23/10/2020 15:54:38: [Método: Int32 ExecuteCommand(System.Data.IDbConnection, Dapper.CommandDefinition ByRef, System.Action`2[System.Data.IDbCommand,System.Object]), Línea: 0] - ORA-01403: No se ha encontrado ningún dato
ORA-06512: en "SRES.PKG_MRV_REPORTES", línea 1486
ORA-06512: en "SRES.PKG_MRV_REPORTES", línea 1334
ORA-06512: en "SRES.PKG_MRV_REPORTES", línea 1334
ORA-06512: en "SRES.PKG_MRV_DETALLE_INDICADORES", línea 1689
ORA-06512: en "SRES.PKG_MRV_DETALLE_INDICADORES", línea 1605
ORA-06512: en "SRES.PKG_MRV_DETALLE_INDICADORES", línea 1605
ORA-06512: en "SRES.PKG_MRV_DETALLE_INDICADORES", línea 542
ORA-06512: en línea 1
23/10/2020 15:54:38: [Método: Int32 ExecuteImpl(System.Data.IDbConnection, Dapper.CommandDefinition ByRef), Línea: 0] - ORA-01403: No se ha encontrado ningún dato
ORA-06512: en "SRES.PKG_MRV_REPORTES", línea 1486
ORA-06512: en "SRES.PKG_MRV_REPORTES", línea 1334
ORA-06512: en "SRES.PKG_MRV_REPORTES", línea 1334
ORA-06512: en "SRES.PKG_MRV_DETALLE_INDICADORES", línea 1689
ORA-06512: en "SRES.PKG_MRV_DETALLE_INDICADORES", línea 1605
ORA-06512: en "SRES.PKG_MRV_DETALLE_INDICADORES", línea 1605
ORA-06512: en "SRES.PKG_MRV_DETALLE_INDICADORES", línea 542
ORA-06512: en línea 1
23/10/2020 15:54:38: [Método: Int32 Execute(System.Data.IDbConnection, System.String, System.Object, System.Data.IDbTransaction, System.Nullable`1[System.Int32], System.Nullable`1[System.Data.CommandType]), Línea: 0] - ORA-01403: No se ha encontrado ningún dato
ORA-06512: en "SRES.PKG_MRV_REPORTES", línea 1486
ORA-06512: en "SRES.PKG_MRV_REPORTES", línea 1334
ORA-06512: en "SRES.PKG_MRV_REPORTES", línea 1334
ORA-06512: en "SRES.PKG_MRV_DETALLE_INDICADORES", línea 1689
ORA-06512: en "SRES.PKG_MRV_DETALLE_INDICADORES", línea 1605
ORA-06512: en "SRES.PKG_MRV_DETALLE_INDICADORES", línea 1605
ORA-06512: en "SRES.PKG_MRV_DETALLE_INDICADORES", línea 542
ORA-06512: en línea 1
23/10/2020 15:54:38: [Método: entidad.minem.gob.pe.IndicadorBE AprobarDetalleIndicador(entidad.minem.gob.pe.IndicadorBE), Línea: 365] - ORA-01403: No se ha encontrado ningún dato
ORA-06512: en "SRES.PKG_MRV_REPORTES", línea 1486
ORA-06512: en "SRES.PKG_MRV_REPORTES", línea 1334
ORA-06512: en "SRES.PKG_MRV_REPORTES", línea 1334
ORA-06512: en "SRES.PKG_MRV_DETALLE_INDICADORES", línea 1689
ORA-06512: en "SRES.PKG_MRV_DETALLE_INDICADORES", línea 1605
ORA-06512: en "SRES.PKG_MRV_DETALLE_INDICADORES", línea 1605
ORA-06512: en "SRES.PKG_MRV_DETALLE_INDICADORES", línea 542
ORA-06512: en línea 1
23/10/2020 15:54:47: [Método: Void HandleErrorHelper(Int32, Oracle.DataAccess.Client.OracleConnection, IntPtr, Oracle.DataAccess.Client.OpoSqlValCtx*, System.Object, System.String, Boolean, Int32, Oracle.DataAccess.Client.OracleLogicalTransaction), Línea: 0] - ORA-01403: No se ha encontrado ningún dato
ORA-06512: en "SRES.PKG_MRV_REPORTES", línea 1486
ORA-06512: en "SRES.PKG_MRV_REPORTES", línea 1334
ORA-06512: en "SRES.PKG_MRV_REPORTES", línea 1334
ORA-06512: en "SRES.PKG_MRV_DETALLE_INDICADORES", línea 1689
ORA-06512: en "SRES.PKG_MRV_DETALLE_INDICADORES", línea 1605
ORA-06512: en "SRES.PKG_MRV_DETALLE_INDICADORES", línea 1605
ORA-06512: en "SRES.PKG_MRV_DETALLE_INDICADORES", línea 542
ORA-06512: en línea 1
23/10/2020 15:54:47: [Método: Void HandleError(Int32, Oracle.DataAccess.Client.OracleConnection, System.String, IntPtr, Oracle.DataAccess.Client.OpoSqlValCtx*, System.Object, Boolean, Oracle.DataAccess.Client.OracleLogicalTransaction), Línea: 0] - ORA-01403: No se ha encontrado ningún dato
ORA-06512: en "SRES.PKG_MRV_REPORTES", línea 1486
ORA-06512: en "SRES.PKG_MRV_REPORTES", línea 1334
ORA-06512: en "SRES.PKG_MRV_REPORTES", línea 1334
ORA-06512: en "SRES.PKG_MRV_DETALLE_INDICADORES", línea 1689
ORA-06512: en "SRES.PKG_MRV_DETALLE_INDICADORES", línea 1605
ORA-06512: en "SRES.PKG_MRV_DETALLE_INDICADORES", línea 1605
ORA-06512: en "SRES.PKG_MRV_DETALLE_INDICADORES", línea 542
ORA-06512: en línea 1
23/10/2020 15:54:47: [Método: Int32 ExecuteNonQuery(), Línea: 0] - ORA-01403: No se ha encontrado ningún dato
ORA-06512: en "SRES.PKG_MRV_REPORTES", línea 1486
ORA-06512: en "SRES.PKG_MRV_REPORTES", línea 1334
ORA-06512: en "SRES.PKG_MRV_REPORTES", línea 1334
ORA-06512: en "SRES.PKG_MRV_DETALLE_INDICADORES", línea 1689
ORA-06512: en "SRES.PKG_MRV_DETALLE_INDICADORES", línea 1605
ORA-06512: en "SRES.PKG_MRV_DETALLE_INDICADORES", línea 1605
ORA-06512: en "SRES.PKG_MRV_DETALLE_INDICADORES", línea 542
ORA-06512: en línea 1
23/10/2020 15:54:47: [Método: Int32 ExecuteCommand(System.Data.IDbConnection, Dapper.CommandDefinition ByRef, System.Action`2[System.Data.IDbCommand,System.Object]), Línea: 0] - ORA-01403: No se ha encontrado ningún dato
ORA-06512: en "SRES.PKG_MRV_REPORTES", línea 1486
ORA-06512: en "SRES.PKG_MRV_REPORTES", línea 1334
ORA-06512: en "SRES.PKG_MRV_REPORTES", línea 1334
ORA-06512: en "SRES.PKG_MRV_DETALLE_INDICADORES", línea 1689
ORA-06512: en "SRES.PKG_MRV_DETALLE_INDICADORES", línea 1605
ORA-06512: en "SRES.PKG_MRV_DETALLE_INDICADORES", línea 1605
ORA-06512: en "SRES.PKG_MRV_DETALLE_INDICADORES", línea 542
ORA-06512: en línea 1
23/10/2020 15:54:47: [Método: Int32 ExecuteImpl(System.Data.IDbConnection, Dapper.CommandDefinition ByRef), Línea: 0] - ORA-01403: No se ha encontrado ningún dato
ORA-06512: en "SRES.PKG_MRV_REPORTES", línea 1486
ORA-06512: en "SRES.PKG_MRV_REPORTES", línea 1334
ORA-06512: en "SRES.PKG_MRV_REPORTES", línea 1334
ORA-06512: en "SRES.PKG_MRV_DETALLE_INDICADORES", línea 1689
ORA-06512: en "SRES.PKG_MRV_DETALLE_INDICADORES", línea 1605
ORA-06512: en "SRES.PKG_MRV_DETALLE_INDICADORES", línea 1605
ORA-06512: en "SRES.PKG_MRV_DETALLE_INDICADORES", línea 542
ORA-06512: en línea 1
23/10/2020 15:54:47: [Método: Int32 Execute(System.Data.IDbConnection, System.String, System.Object, System.Data.IDbTransaction, System.Nullable`1[System.Int32], System.Nullable`1[System.Data.CommandType]), Línea: 0] - ORA-01403: No se ha encontrado ningún dato
ORA-06512: en "SRES.PKG_MRV_REPORTES", línea 1486
ORA-06512: en "SRES.PKG_MRV_REPORTES", línea 1334
ORA-06512: en "SRES.PKG_MRV_REPORTES", línea 1334
ORA-06512: en "SRES.PKG_MRV_DETALLE_INDICADORES", línea 1689
ORA-06512: en "SRES.PKG_MRV_DETALLE_INDICADORES", línea 1605
ORA-06512: en "SRES.PKG_MRV_DETALLE_INDICADORES", línea 1605
ORA-06512: en "SRES.PKG_MRV_DETALLE_INDICADORES", línea 542
ORA-06512: en línea 1
23/10/2020 15:54:47: [Método: entidad.minem.gob.pe.IndicadorBE AprobarDetalleIndicador(entidad.minem.gob.pe.IndicadorBE), Línea: 365] - ORA-01403: No se ha encontrado ningún dato
ORA-06512: en "SRES.PKG_MRV_REPORTES", línea 1486
ORA-06512: en "SRES.PKG_MRV_REPORTES", línea 1334
ORA-06512: en "SRES.PKG_MRV_REPORTES", línea 1334
ORA-06512: en "SRES.PKG_MRV_DETALLE_INDICADORES", línea 1689
ORA-06512: en "SRES.PKG_MRV_DETALLE_INDICADORES", línea 1605
ORA-06512: en "SRES.PKG_MRV_DETALLE_INDICADORES", línea 1605
ORA-06512: en "SRES.PKG_MRV_DETALLE_INDICADORES", línea 542
ORA-06512: en línea 1
23/10/2020 15:59:26: [Método: Void HandleErrorHelper(Int32, Oracle.DataAccess.Client.OracleConnection, IntPtr, Oracle.DataAccess.Client.OpoSqlValCtx*, System.Object, System.String, Boolean, Int32, Oracle.DataAccess.Client.OracleLogicalTransaction), Línea: 0] - ORA-01403: No se ha encontrado ningún dato
ORA-06512: en "SRES.PKG_MRV_REPORTES", línea 1486
ORA-06512: en "SRES.PKG_MRV_REPORTES", línea 1334
ORA-06512: en "SRES.PKG_MRV_REPORTES", línea 1334
ORA-06512: en "SRES.PKG_MRV_DETALLE_INDICADORES", línea 1689
ORA-06512: en "SRES.PKG_MRV_DETALLE_INDICADORES", línea 1605
ORA-06512: en "SRES.PKG_MRV_DETALLE_INDICADORES", línea 1605
ORA-06512: en "SRES.PKG_MRV_DETALLE_INDICADORES", línea 542
ORA-06512: en línea 1
23/10/2020 15:59:26: [Método: Void HandleError(Int32, Oracle.DataAccess.Client.OracleConnection, System.String, IntPtr, Oracle.DataAccess.Client.OpoSqlValCtx*, System.Object, Boolean, Oracle.DataAccess.Client.OracleLogicalTransaction), Línea: 0] - ORA-01403: No se ha encontrado ningún dato
ORA-06512: en "SRES.PKG_MRV_REPORTES", línea 1486
ORA-06512: en "SRES.PKG_MRV_REPORTES", línea 1334
ORA-06512: en "SRES.PKG_MRV_REPORTES", línea 1334
ORA-06512: en "SRES.PKG_MRV_DETALLE_INDICADORES", línea 1689
ORA-06512: en "SRES.PKG_MRV_DETALLE_INDICADORES", línea 1605
ORA-06512: en "SRES.PKG_MRV_DETALLE_INDICADORES", línea 1605
ORA-06512: en "SRES.PKG_MRV_DETALLE_INDICADORES", línea 542
ORA-06512: en línea 1
23/10/2020 15:59:26: [Método: Int32 ExecuteNonQuery(), Línea: 0] - ORA-01403: No se ha encontrado ningún dato
ORA-06512: en "SRES.PKG_MRV_REPORTES", línea 1486
ORA-06512: en "SRES.PKG_MRV_REPORTES", línea 1334
ORA-06512: en "SRES.PKG_MRV_REPORTES", línea 1334
ORA-06512: en "SRES.PKG_MRV_DETALLE_INDICADORES", línea 1689
ORA-06512: en "SRES.PKG_MRV_DETALLE_INDICADORES", línea 1605
ORA-06512: en "SRES.PKG_MRV_DETALLE_INDICADORES", línea 1605
ORA-06512: en "SRES.PKG_MRV_DETALLE_INDICADORES", línea 542
ORA-06512: en línea 1
23/10/2020 15:59:26: [Método: Int32 ExecuteCommand(System.Data.IDbConnection, Dapper.CommandDefinition ByRef, System.Action`2[System.Data.IDbCommand,System.Object]), Línea: 0] - ORA-01403: No se ha encontrado ningún dato
ORA-06512: en "SRES.PKG_MRV_REPORTES", línea 1486
ORA-06512: en "SRES.PKG_MRV_REPORTES", línea 1334
ORA-06512: en "SRES.PKG_MRV_REPORTES", línea 1334
ORA-06512: en "SRES.PKG_MRV_DETALLE_INDICADORES", línea 1689
ORA-06512: en "SRES.PKG_MRV_DETALLE_INDICADORES", línea 1605
ORA-06512: en "SRES.PKG_MRV_DETALLE_INDICADORES", línea 1605
ORA-06512: en "SRES.PKG_MRV_DETALLE_INDICADORES", línea 542
ORA-06512: en línea 1
23/10/2020 15:59:26: [Método: Int32 ExecuteImpl(System.Data.IDbConnection, Dapper.CommandDefinition ByRef), Línea: 0] - ORA-01403: No se ha encontrado ningún dato
ORA-06512: en "SRES.PKG_MRV_REPORTES", línea 1486
ORA-06512: en "SRES.PKG_MRV_REPORTES", línea 1334
ORA-06512: en "SRES.PKG_MRV_REPORTES", línea 1334
ORA-06512: en "SRES.PKG_MRV_DETALLE_INDICADORES", línea 1689
ORA-06512: en "SRES.PKG_MRV_DETALLE_INDICADORES", línea 1605
ORA-06512: en "SRES.PKG_MRV_DETALLE_INDICADORES", línea 1605
ORA-06512: en "SRES.PKG_MRV_DETALLE_INDICADORES", línea 542
ORA-06512: en línea 1
23/10/2020 15:59:26: [Método: Int32 Execute(System.Data.IDbConnection, System.String, System.Object, System.Data.IDbTransaction, System.Nullable`1[System.Int32], System.Nullable`1[System.Data.CommandType]), Línea: 0] - ORA-01403: No se ha encontrado ningún dato
ORA-06512: en "SRES.PKG_MRV_REPORTES", línea 1486
ORA-06512: en "SRES.PKG_MRV_REPORTES", línea 1334
ORA-06512: en "SRES.PKG_MRV_REPORTES", línea 1334
ORA-06512: en "SRES.PKG_MRV_DETALLE_INDICADORES", línea 1689
ORA-06512: en "SRES.PKG_MRV_DETALLE_INDICADORES", línea 1605
ORA-06512: en "SRES.PKG_MRV_DETALLE_INDICADORES", línea 1605
ORA-06512: en "SRES.PKG_MRV_DETALLE_INDICADORES", línea 542
ORA-06512: en línea 1
23/10/2020 15:59:26: [Método: entidad.minem.gob.pe.IndicadorBE AprobarDetalleIndicador(entidad.minem.gob.pe.IndicadorBE), Línea: 365] - ORA-01403: No se ha encontrado ningún dato
ORA-06512: en "SRES.PKG_MRV_REPORTES", línea 1486
ORA-06512: en "SRES.PKG_MRV_REPORTES", línea 1334
ORA-06512: en "SRES.PKG_MRV_REPORTES", línea 1334
ORA-06512: en "SRES.PKG_MRV_DETALLE_INDICADORES", línea 1689
ORA-06512: en "SRES.PKG_MRV_DETALLE_INDICADORES", línea 1605
ORA-06512: en "SRES.PKG_MRV_DETALLE_INDICADORES", línea 1605
ORA-06512: en "SRES.PKG_MRV_DETALLE_INDICADORES", línea 542
ORA-06512: en línea 1
23/10/2020 16:49:24: [Método: Void HandleErrorHelper(Int32, Oracle.DataAccess.Client.OracleConnection, IntPtr, Oracle.DataAccess.Client.OpoSqlValCtx*, System.Object, System.String, Boolean, Int32, Oracle.DataAccess.Client.OracleLogicalTransaction), Línea: 0] - ORA-01403: No se ha encontrado ningún dato
ORA-06512: en "SRES.PKG_MRV_REPORTES", línea 1486
ORA-06512: en "SRES.PKG_MRV_REPORTES", línea 1682
ORA-06512: en "SRES.PKG_MRV_REPORTES", línea 1682
ORA-06512: en línea 1
23/10/2020 16:49:24: [Método: Void HandleError(Int32, Oracle.DataAccess.Client.OracleConnection, System.String, IntPtr, Oracle.DataAccess.Client.OpoSqlValCtx*, System.Object, Boolean, Oracle.DataAccess.Client.OracleLogicalTransaction), Línea: 0] - ORA-01403: No se ha encontrado ningún dato
ORA-06512: en "SRES.PKG_MRV_REPORTES", línea 1486
ORA-06512: en "SRES.PKG_MRV_REPORTES", línea 1682
ORA-06512: en "SRES.PKG_MRV_REPORTES", línea 1682
ORA-06512: en línea 1
23/10/2020 16:49:24: [Método: Oracle.DataAccess.Client.OracleDataReader ExecuteReader(Boolean, Boolean, System.Data.CommandBehavior), Línea: 0] - ORA-01403: No se ha encontrado ningún dato
ORA-06512: en "SRES.PKG_MRV_REPORTES", línea 1486
ORA-06512: en "SRES.PKG_MRV_REPORTES", línea 1682
ORA-06512: en "SRES.PKG_MRV_REPORTES", línea 1682
ORA-06512: en línea 1
23/10/2020 16:49:24: [Método: System.Data.Common.DbDataReader ExecuteDbDataReader(System.Data.CommandBehavior), Línea: 0] - ORA-01403: No se ha encontrado ningún dato
ORA-06512: en "SRES.PKG_MRV_REPORTES", línea 1486
ORA-06512: en "SRES.PKG_MRV_REPORTES", línea 1682
ORA-06512: en "SRES.PKG_MRV_REPORTES", línea 1682
ORA-06512: en línea 1
23/10/2020 16:49:24: [Método: System.Data.IDataReader System.Data.IDbCommand.ExecuteReader(System.Data.CommandBehavior), Línea: 0] - ORA-01403: No se ha encontrado ningún dato
ORA-06512: en "SRES.PKG_MRV_REPORTES", línea 1486
ORA-06512: en "SRES.PKG_MRV_REPORTES", línea 1682
ORA-06512: en "SRES.PKG_MRV_REPORTES", línea 1682
ORA-06512: en línea 1
23/10/2020 16:49:24: [Método: System.Data.IDataReader ExecuteReaderWithFlagsFallback(System.Data.IDbCommand, Boolean, System.Data.CommandBehavior), Línea: 0] - ORA-01403: No se ha encontrado ningún dato
ORA-06512: en "SRES.PKG_MRV_REPORTES", línea 1486
ORA-06512: en "SRES.PKG_MRV_REPORTES", línea 1682
ORA-06512: en "SRES.PKG_MRV_REPORTES", línea 1682
ORA-06512: en línea 1
23/10/2020 16:49:24: [Método: Boolean MoveNext(), Línea: 0] - ORA-01403: No se ha encontrado ningún dato
ORA-06512: en "SRES.PKG_MRV_REPORTES", línea 1486
ORA-06512: en "SRES.PKG_MRV_REPORTES", línea 1682
ORA-06512: en "SRES.PKG_MRV_REPORTES", línea 1682
ORA-06512: en línea 1
23/10/2020 16:49:24: [Método: Void .ctor(System.Collections.Generic.IEnumerable`1[T]), Línea: 0] - ORA-01403: No se ha encontrado ningún dato
ORA-06512: en "SRES.PKG_MRV_REPORTES", línea 1486
ORA-06512: en "SRES.PKG_MRV_REPORTES", línea 1682
ORA-06512: en "SRES.PKG_MRV_REPORTES", línea 1682
ORA-06512: en línea 1
23/10/2020 16:49:24: [Método: System.Collections.Generic.List`1[TSource] ToList[TSource](System.Collections.Generic.IEnumerable`1[TSource]), Línea: 0] - ORA-01403: No se ha encontrado ningún dato
ORA-06512: en "SRES.PKG_MRV_REPORTES", línea 1486
ORA-06512: en "SRES.PKG_MRV_REPORTES", línea 1682
ORA-06512: en "SRES.PKG_MRV_REPORTES", línea 1682
ORA-06512: en línea 1
23/10/2020 16:49:24: [Método: System.Collections.Generic.IEnumerable`1[T] Query[T](System.Data.IDbConnection, System.String, System.Object, System.Data.IDbTransaction, Boolean, System.Nullable`1[System.Int32], System.Nullable`1[System.Data.CommandType]), Línea: 0] - ORA-01403: No se ha encontrado ningún dato
ORA-06512: en "SRES.PKG_MRV_REPORTES", línea 1486
ORA-06512: en "SRES.PKG_MRV_REPORTES", línea 1682
ORA-06512: en "SRES.PKG_MRV_REPORTES", línea 1682
ORA-06512: en línea 1
23/10/2020 16:49:24: [Método: entidad.minem.gob.pe.AcumuladoBE ObtenerAcumulado(entidad.minem.gob.pe.IniciativaBE), Línea: 2588] - ORA-01403: No se ha encontrado ningún dato
ORA-06512: en "SRES.PKG_MRV_REPORTES", línea 1486
ORA-06512: en "SRES.PKG_MRV_REPORTES", línea 1682
ORA-06512: en "SRES.PKG_MRV_REPORTES", línea 1682
ORA-06512: en línea 1
23/10/2020 16:49:28: [Método: Void HandleErrorHelper(Int32, Oracle.DataAccess.Client.OracleConnection, IntPtr, Oracle.DataAccess.Client.OpoSqlValCtx*, System.Object, System.String, Boolean, Int32, Oracle.DataAccess.Client.OracleLogicalTransaction), Línea: 0] - ORA-01403: No se ha encontrado ningún dato
ORA-06512: en "SRES.PKG_MRV_REPORTES", línea 1486
ORA-06512: en "SRES.PKG_MRV_REPORTES", línea 1334
ORA-06512: en "SRES.PKG_MRV_REPORTES", línea 1334
ORA-06512: en "SRES.PKG_MRV_DETALLE_INDICADORES", línea 1689
ORA-06512: en "SRES.PKG_MRV_DETALLE_INDICADORES", línea 1605
ORA-06512: en "SRES.PKG_MRV_DETALLE_INDICADORES", línea 1605
ORA-06512: en "SRES.PKG_MRV_DETALLE_INDICADORES", línea 542
ORA-06512: en línea 1
23/10/2020 16:49:28: [Método: Void HandleError(Int32, Oracle.DataAccess.Client.OracleConnection, System.String, IntPtr, Oracle.DataAccess.Client.OpoSqlValCtx*, System.Object, Boolean, Oracle.DataAccess.Client.OracleLogicalTransaction), Línea: 0] - ORA-01403: No se ha encontrado ningún dato
ORA-06512: en "SRES.PKG_MRV_REPORTES", línea 1486
ORA-06512: en "SRES.PKG_MRV_REPORTES", línea 1334
ORA-06512: en "SRES.PKG_MRV_REPORTES", línea 1334
ORA-06512: en "SRES.PKG_MRV_DETALLE_INDICADORES", línea 1689
ORA-06512: en "SRES.PKG_MRV_DETALLE_INDICADORES", línea 1605
ORA-06512: en "SRES.PKG_MRV_DETALLE_INDICADORES", línea 1605
ORA-06512: en "SRES.PKG_MRV_DETALLE_INDICADORES", línea 542
ORA-06512: en línea 1
23/10/2020 16:49:28: [Método: Int32 ExecuteNonQuery(), Línea: 0] - ORA-01403: No se ha encontrado ningún dato
ORA-06512: en "SRES.PKG_MRV_REPORTES", línea 1486
ORA-06512: en "SRES.PKG_MRV_REPORTES", línea 1334
ORA-06512: en "SRES.PKG_MRV_REPORTES", línea 1334
ORA-06512: en "SRES.PKG_MRV_DETALLE_INDICADORES", línea 1689
ORA-06512: en "SRES.PKG_MRV_DETALLE_INDICADORES", línea 1605
ORA-06512: en "SRES.PKG_MRV_DETALLE_INDICADORES", línea 1605
ORA-06512: en "SRES.PKG_MRV_DETALLE_INDICADORES", línea 542
ORA-06512: en línea 1
23/10/2020 16:49:28: [Método: Int32 ExecuteCommand(System.Data.IDbConnection, Dapper.CommandDefinition ByRef, System.Action`2[System.Data.IDbCommand,System.Object]), Línea: 0] - ORA-01403: No se ha encontrado ningún dato
ORA-06512: en "SRES.PKG_MRV_REPORTES", línea 1486
ORA-06512: en "SRES.PKG_MRV_REPORTES", línea 1334
ORA-06512: en "SRES.PKG_MRV_REPORTES", línea 1334
ORA-06512: en "SRES.PKG_MRV_DETALLE_INDICADORES", línea 1689
ORA-06512: en "SRES.PKG_MRV_DETALLE_INDICADORES", línea 1605
ORA-06512: en "SRES.PKG_MRV_DETALLE_INDICADORES", línea 1605
ORA-06512: en "SRES.PKG_MRV_DETALLE_INDICADORES", línea 542
ORA-06512: en línea 1
23/10/2020 16:49:28: [Método: Int32 ExecuteImpl(System.Data.IDbConnection, Dapper.CommandDefinition ByRef), Línea: 0] - ORA-01403: No se ha encontrado ningún dato
ORA-06512: en "SRES.PKG_MRV_REPORTES", línea 1486
ORA-06512: en "SRES.PKG_MRV_REPORTES", línea 1334
ORA-06512: en "SRES.PKG_MRV_REPORTES", línea 1334
ORA-06512: en "SRES.PKG_MRV_DETALLE_INDICADORES", línea 1689
ORA-06512: en "SRES.PKG_MRV_DETALLE_INDICADORES", línea 1605
ORA-06512: en "SRES.PKG_MRV_DETALLE_INDICADORES", línea 1605
ORA-06512: en "SRES.PKG_MRV_DETALLE_INDICADORES", línea 542
ORA-06512: en línea 1
23/10/2020 16:49:28: [Método: Int32 Execute(System.Data.IDbConnection, System.String, System.Object, System.Data.IDbTransaction, System.Nullable`1[System.Int32], System.Nullable`1[System.Data.CommandType]), Línea: 0] - ORA-01403: No se ha encontrado ningún dato
ORA-06512: en "SRES.PKG_MRV_REPORTES", línea 1486
ORA-06512: en "SRES.PKG_MRV_REPORTES", línea 1334
ORA-06512: en "SRES.PKG_MRV_REPORTES", línea 1334
ORA-06512: en "SRES.PKG_MRV_DETALLE_INDICADORES", línea 1689
ORA-06512: en "SRES.PKG_MRV_DETALLE_INDICADORES", línea 1605
ORA-06512: en "SRES.PKG_MRV_DETALLE_INDICADORES", línea 1605
ORA-06512: en "SRES.PKG_MRV_DETALLE_INDICADORES", línea 542
ORA-06512: en línea 1
23/10/2020 16:49:28: [Método: entidad.minem.gob.pe.IndicadorBE AprobarDetalleIndicador(entidad.minem.gob.pe.IndicadorBE), Línea: 365] - ORA-01403: No se ha encontrado ningún dato
ORA-06512: en "SRES.PKG_MRV_REPORTES", línea 1486
ORA-06512: en "SRES.PKG_MRV_REPORTES", línea 1334
ORA-06512: en "SRES.PKG_MRV_REPORTES", línea 1334
ORA-06512: en "SRES.PKG_MRV_DETALLE_INDICADORES", línea 1689
ORA-06512: en "SRES.PKG_MRV_DETALLE_INDICADORES", línea 1605
ORA-06512: en "SRES.PKG_MRV_DETALLE_INDICADORES", línea 1605
ORA-06512: en "SRES.PKG_MRV_DETALLE_INDICADORES", línea 542
ORA-06512: en línea 1
