20/05/2020 07:07:33: [Método: Void HandleErrorHelper(Int32, Oracle.DataAccess.Client.OracleConnection, IntPtr, Oracle.DataAccess.Client.OpoSqlValCtx*, System.Object, System.String, Boolean, Int32, Oracle.DataAccess.Client.OracleLogicalTransaction), Línea: 0] - ORA-12514: TNS:listener does not currently know of service requested in connect descriptor
20/05/2020 07:07:33: [Método: Void HandleError(Int32, Oracle.DataAccess.Client.OracleConnection, IntPtr, System.Object, Oracle.DataAccess.Client.OracleLogicalTransaction), Línea: 0] - ORA-12514: TNS:listener does not currently know of service requested in connect descriptor
20/05/2020 07:07:33: [Método: Void Open(Oracle.DataAccess.Client.OracleConnection), Línea: 0] - ORA-12514: TNS:listener does not currently know of service requested in connect descriptor
20/05/2020 07:07:33: [Método: Void Open(), Línea: 0] - ORA-12514: TNS:listener does not currently know of service requested in connect descriptor
20/05/2020 07:07:33: [Método: Boolean MoveNext(), Línea: 0] - ORA-12514: TNS:listener does not currently know of service requested in connect descriptor
20/05/2020 07:07:33: [Método: Void .ctor(System.Collections.Generic.IEnumerable`1[T]), Línea: 0] - ORA-12514: TNS:listener does not currently know of service requested in connect descriptor
20/05/2020 07:07:33: [Método: System.Collections.Generic.List`1[TSource] ToList[TSource](System.Collections.Generic.IEnumerable`1[TSource]), Línea: 0] - ORA-12514: TNS:listener does not currently know of service requested in connect descriptor
20/05/2020 07:07:33: [Método: System.Collections.Generic.IEnumerable`1[T] Query[T](System.Data.IDbConnection, System.String, System.Object, System.Data.IDbTransaction, Boolean, System.Nullable`1[System.Int32], System.Nullable`1[System.Data.CommandType]), Línea: 0] - ORA-12514: TNS:listener does not currently know of service requested in connect descriptor
20/05/2020 07:07:33: [Método: System.Collections.Generic.List`1[entidad.minem.gob.pe.MedidaMitigacionBE] ListarMedidaMitigacion(entidad.minem.gob.pe.MedidaMitigacionBE), Línea: 30] - ORA-12514: TNS:listener does not currently know of service requested in connect descriptor
20/05/2020 07:07:36: [Método: Void HandleErrorHelper(Int32, Oracle.DataAccess.Client.OracleConnection, IntPtr, Oracle.DataAccess.Client.OpoSqlValCtx*, System.Object, System.String, Boolean, Int32, Oracle.DataAccess.Client.OracleLogicalTransaction), Línea: 0] - ORA-12514: TNS:listener does not currently know of service requested in connect descriptor
20/05/2020 07:07:36: [Método: Void HandleError(Int32, Oracle.DataAccess.Client.OracleConnection, IntPtr, System.Object, Oracle.DataAccess.Client.OracleLogicalTransaction), Línea: 0] - ORA-12514: TNS:listener does not currently know of service requested in connect descriptor
20/05/2020 07:07:36: [Método: Void Open(Oracle.DataAccess.Client.OracleConnection), Línea: 0] - ORA-12514: TNS:listener does not currently know of service requested in connect descriptor
20/05/2020 07:07:36: [Método: Void Open(), Línea: 0] - ORA-12514: TNS:listener does not currently know of service requested in connect descriptor
20/05/2020 07:07:36: [Método: Boolean MoveNext(), Línea: 0] - ORA-12514: TNS:listener does not currently know of service requested in connect descriptor
20/05/2020 07:07:36: [Método: Void .ctor(System.Collections.Generic.IEnumerable`1[T]), Línea: 0] - ORA-12514: TNS:listener does not currently know of service requested in connect descriptor
20/05/2020 07:07:36: [Método: System.Collections.Generic.List`1[TSource] ToList[TSource](System.Collections.Generic.IEnumerable`1[TSource]), Línea: 0] - ORA-12514: TNS:listener does not currently know of service requested in connect descriptor
20/05/2020 07:07:36: [Método: System.Collections.Generic.IEnumerable`1[T] Query[T](System.Data.IDbConnection, System.String, System.Object, System.Data.IDbTransaction, Boolean, System.Nullable`1[System.Int32], System.Nullable`1[System.Data.CommandType]), Línea: 0] - ORA-12514: TNS:listener does not currently know of service requested in connect descriptor
20/05/2020 07:07:36: [Método: System.Collections.Generic.List`1[entidad.minem.gob.pe.IniciativaBE] MostrarGeiporAnio(entidad.minem.gob.pe.IniciativaBE), Línea: 1455] - ORA-12514: TNS:listener does not currently know of service requested in connect descriptor
20/05/2020 07:07:43: [Método: Void HandleErrorHelper(Int32, Oracle.DataAccess.Client.OracleConnection, IntPtr, Oracle.DataAccess.Client.OpoSqlValCtx*, System.Object, System.String, Boolean, Int32, Oracle.DataAccess.Client.OracleLogicalTransaction), Línea: 0] - ORA-12514: TNS:listener does not currently know of service requested in connect descriptor
20/05/2020 07:07:43: [Método: Void HandleError(Int32, Oracle.DataAccess.Client.OracleConnection, IntPtr, System.Object, Oracle.DataAccess.Client.OracleLogicalTransaction), Línea: 0] - ORA-12514: TNS:listener does not currently know of service requested in connect descriptor
20/05/2020 07:07:43: [Método: Void Open(Oracle.DataAccess.Client.OracleConnection), Línea: 0] - ORA-12514: TNS:listener does not currently know of service requested in connect descriptor
20/05/2020 07:07:43: [Método: Void Open(), Línea: 0] - ORA-12514: TNS:listener does not currently know of service requested in connect descriptor
20/05/2020 07:07:43: [Método: Boolean MoveNext(), Línea: 0] - ORA-12514: TNS:listener does not currently know of service requested in connect descriptor
20/05/2020 07:07:43: [Método: Void .ctor(System.Collections.Generic.IEnumerable`1[T]), Línea: 0] - ORA-12514: TNS:listener does not currently know of service requested in connect descriptor
20/05/2020 07:07:43: [Método: System.Collections.Generic.List`1[TSource] ToList[TSource](System.Collections.Generic.IEnumerable`1[TSource]), Línea: 0] - ORA-12514: TNS:listener does not currently know of service requested in connect descriptor
20/05/2020 07:07:43: [Método: System.Collections.Generic.IEnumerable`1[T] Query[T](System.Data.IDbConnection, System.String, System.Object, System.Data.IDbTransaction, Boolean, System.Nullable`1[System.Int32], System.Nullable`1[System.Data.CommandType]), Línea: 0] - ORA-12514: TNS:listener does not currently know of service requested in connect descriptor
20/05/2020 07:07:43: [Método: entidad.minem.gob.pe.UsuarioBE ObtenerPassword(entidad.minem.gob.pe.UsuarioBE), Línea: 230] - ORA-12514: TNS:listener does not currently know of service requested in connect descriptor
20/05/2020 07:21:14: [Método: Void StringToNumber(System.String, System.Globalization.NumberStyles, NumberBuffer ByRef, System.Globalization.NumberFormatInfo, Boolean), Línea: 0] - La cadena de entrada no tiene el formato correcto.
20/05/2020 07:21:14: [Método: System.Decimal ParseDecimal(System.String, System.Globalization.NumberStyles, System.Globalization.NumberFormatInfo), Línea: 0] - La cadena de entrada no tiene el formato correcto.
20/05/2020 07:21:14: [Método: System.Decimal Parse(System.String), Línea: 0] - La cadena de entrada no tiene el formato correcto.
20/05/2020 07:21:14: [Método: System.String VerificaOperando(System.String, System.Collections.Generic.List`1[entidad.minem.gob.pe.IndicadorDataBE]), Línea: 482] - La cadena de entrada no tiene el formato correcto.
20/05/2020 07:21:14: [Método: System.Collections.Generic.List`1[entidad.minem.gob.pe.IndicadorDataBE] CalculoIndicador(System.Collections.Generic.List`1[entidad.minem.gob.pe.IndicadorDataBE]), Línea: 397] - La cadena de entrada no tiene el formato correcto.
20/05/2020 07:21:14: [Método: System.Web.Mvc.JsonResult CalcularIndicadorDinamico(System.String), Línea: 2177] - La cadena de entrada no tiene el formato correcto.
20/05/2020 07:24:35: [Método: Void StringToNumber(System.String, System.Globalization.NumberStyles, NumberBuffer ByRef, System.Globalization.NumberFormatInfo, Boolean), Línea: 0] - La cadena de entrada no tiene el formato correcto.
20/05/2020 07:24:35: [Método: System.Decimal ParseDecimal(System.String, System.Globalization.NumberStyles, System.Globalization.NumberFormatInfo), Línea: 0] - La cadena de entrada no tiene el formato correcto.
20/05/2020 07:24:35: [Método: System.Decimal Parse(System.String), Línea: 0] - La cadena de entrada no tiene el formato correcto.
20/05/2020 07:24:35: [Método: System.String VerificaOperando(System.String, System.Collections.Generic.List`1[entidad.minem.gob.pe.IndicadorDataBE]), Línea: 482] - La cadena de entrada no tiene el formato correcto.
20/05/2020 07:24:35: [Método: System.Collections.Generic.List`1[entidad.minem.gob.pe.IndicadorDataBE] CalculoIndicador(System.Collections.Generic.List`1[entidad.minem.gob.pe.IndicadorDataBE]), Línea: 397] - La cadena de entrada no tiene el formato correcto.
20/05/2020 07:24:35: [Método: System.Web.Mvc.JsonResult CalcularAcumulado(System.String), Línea: 2223] - La cadena de entrada no tiene el formato correcto.
20/05/2020 08:53:14: [Método: Void WinIOError(Int32, System.String), Línea: 0] - No se puede encontrar una parte de la ruta de acceso 'D:\DGEE\mrv-minem\back-end\Web Dinamico 2\MRVMinem\Archivos\sustentatorios\bf6d8206-80a1-4a1a-ab1f-8d5409b79408.docx'.
20/05/2020 08:53:14: [Método: Void Init(System.String, System.IO.FileMode, System.IO.FileAccess, Int32, Boolean, System.IO.FileShare, Int32, System.IO.FileOptions, SECURITY_ATTRIBUTES, System.String, Boolean, Boolean, Boolean), Línea: 0] - No se puede encontrar una parte de la ruta de acceso 'D:\DGEE\mrv-minem\back-end\Web Dinamico 2\MRVMinem\Archivos\sustentatorios\bf6d8206-80a1-4a1a-ab1f-8d5409b79408.docx'.
20/05/2020 08:53:14: [Método: Void .ctor(System.String, System.IO.FileMode, System.IO.FileAccess, System.IO.FileShare, Int32, System.IO.FileOptions, System.String, Boolean), Línea: 0] - No se puede encontrar una parte de la ruta de acceso 'D:\DGEE\mrv-minem\back-end\Web Dinamico 2\MRVMinem\Archivos\sustentatorios\bf6d8206-80a1-4a1a-ab1f-8d5409b79408.docx'.
20/05/2020 08:53:14: [Método: Void .ctor(System.String, System.IO.FileMode), Línea: 0] - No se puede encontrar una parte de la ruta de acceso 'D:\DGEE\mrv-minem\back-end\Web Dinamico 2\MRVMinem\Archivos\sustentatorios\bf6d8206-80a1-4a1a-ab1f-8d5409b79408.docx'.
20/05/2020 08:53:14: [Método: Void SaveAs(System.String), Línea: 0] - No se puede encontrar una parte de la ruta de acceso 'D:\DGEE\mrv-minem\back-end\Web Dinamico 2\MRVMinem\Archivos\sustentatorios\bf6d8206-80a1-4a1a-ab1f-8d5409b79408.docx'.
20/05/2020 08:53:14: [Método: Void SaveAs(System.String), Línea: 0] - No se puede encontrar una parte de la ruta de acceso 'D:\DGEE\mrv-minem\back-end\Web Dinamico 2\MRVMinem\Archivos\sustentatorios\bf6d8206-80a1-4a1a-ab1f-8d5409b79408.docx'.
20/05/2020 08:53:14: [Método: System.Web.Mvc.JsonResult RegistrarDetalleIndicador(System.Web.HttpPostedFileBase[], System.Web.HttpPostedFileBase[], entidad.minem.gob.pe.IniciativaBE), Línea: 963] - No se puede encontrar una parte de la ruta de acceso 'D:\DGEE\mrv-minem\back-end\Web Dinamico 2\MRVMinem\Archivos\sustentatorios\bf6d8206-80a1-4a1a-ab1f-8d5409b79408.docx'.
20/05/2020 08:53:42: [Método: Void WinIOError(Int32, System.String), Línea: 0] - No se puede encontrar una parte de la ruta de acceso 'D:\DGEE\mrv-minem\back-end\Web Dinamico 2\MRVMinem\Archivos\sustentatorios\ea6b63a4-53d9-40a8-b8e4-c089d1c4bf9e.docx'.
20/05/2020 08:53:42: [Método: Void Init(System.String, System.IO.FileMode, System.IO.FileAccess, Int32, Boolean, System.IO.FileShare, Int32, System.IO.FileOptions, SECURITY_ATTRIBUTES, System.String, Boolean, Boolean, Boolean), Línea: 0] - No se puede encontrar una parte de la ruta de acceso 'D:\DGEE\mrv-minem\back-end\Web Dinamico 2\MRVMinem\Archivos\sustentatorios\ea6b63a4-53d9-40a8-b8e4-c089d1c4bf9e.docx'.
20/05/2020 08:53:42: [Método: Void .ctor(System.String, System.IO.FileMode, System.IO.FileAccess, System.IO.FileShare, Int32, System.IO.FileOptions, System.String, Boolean), Línea: 0] - No se puede encontrar una parte de la ruta de acceso 'D:\DGEE\mrv-minem\back-end\Web Dinamico 2\MRVMinem\Archivos\sustentatorios\ea6b63a4-53d9-40a8-b8e4-c089d1c4bf9e.docx'.
20/05/2020 08:53:42: [Método: Void .ctor(System.String, System.IO.FileMode), Línea: 0] - No se puede encontrar una parte de la ruta de acceso 'D:\DGEE\mrv-minem\back-end\Web Dinamico 2\MRVMinem\Archivos\sustentatorios\ea6b63a4-53d9-40a8-b8e4-c089d1c4bf9e.docx'.
20/05/2020 08:53:42: [Método: Void SaveAs(System.String), Línea: 0] - No se puede encontrar una parte de la ruta de acceso 'D:\DGEE\mrv-minem\back-end\Web Dinamico 2\MRVMinem\Archivos\sustentatorios\ea6b63a4-53d9-40a8-b8e4-c089d1c4bf9e.docx'.
20/05/2020 08:53:42: [Método: Void SaveAs(System.String), Línea: 0] - No se puede encontrar una parte de la ruta de acceso 'D:\DGEE\mrv-minem\back-end\Web Dinamico 2\MRVMinem\Archivos\sustentatorios\ea6b63a4-53d9-40a8-b8e4-c089d1c4bf9e.docx'.
20/05/2020 08:53:42: [Método: System.Web.Mvc.JsonResult RegistrarDetalleIndicador(System.Web.HttpPostedFileBase[], System.Web.HttpPostedFileBase[], entidad.minem.gob.pe.IniciativaBE), Línea: 963] - No se puede encontrar una parte de la ruta de acceso 'D:\DGEE\mrv-minem\back-end\Web Dinamico 2\MRVMinem\Archivos\sustentatorios\ea6b63a4-53d9-40a8-b8e4-c089d1c4bf9e.docx'.
20/05/2020 08:54:51: [Método: Void WinIOError(Int32, System.String), Línea: 0] - No se puede encontrar una parte de la ruta de acceso 'D:\DGEE\mrv-minem\back-end\Web Dinamico 2\MRVMinem\Archivos\sustentatorios\607b2ec4-12b8-498a-a5d9-ab1ae5ab9db1.docx'.
20/05/2020 08:54:51: [Método: Void Init(System.String, System.IO.FileMode, System.IO.FileAccess, Int32, Boolean, System.IO.FileShare, Int32, System.IO.FileOptions, SECURITY_ATTRIBUTES, System.String, Boolean, Boolean, Boolean), Línea: 0] - No se puede encontrar una parte de la ruta de acceso 'D:\DGEE\mrv-minem\back-end\Web Dinamico 2\MRVMinem\Archivos\sustentatorios\607b2ec4-12b8-498a-a5d9-ab1ae5ab9db1.docx'.
20/05/2020 08:54:51: [Método: Void .ctor(System.String, System.IO.FileMode, System.IO.FileAccess, System.IO.FileShare, Int32, System.IO.FileOptions, System.String, Boolean), Línea: 0] - No se puede encontrar una parte de la ruta de acceso 'D:\DGEE\mrv-minem\back-end\Web Dinamico 2\MRVMinem\Archivos\sustentatorios\607b2ec4-12b8-498a-a5d9-ab1ae5ab9db1.docx'.
20/05/2020 08:54:51: [Método: Void .ctor(System.String, System.IO.FileMode), Línea: 0] - No se puede encontrar una parte de la ruta de acceso 'D:\DGEE\mrv-minem\back-end\Web Dinamico 2\MRVMinem\Archivos\sustentatorios\607b2ec4-12b8-498a-a5d9-ab1ae5ab9db1.docx'.
20/05/2020 08:54:51: [Método: Void SaveAs(System.String), Línea: 0] - No se puede encontrar una parte de la ruta de acceso 'D:\DGEE\mrv-minem\back-end\Web Dinamico 2\MRVMinem\Archivos\sustentatorios\607b2ec4-12b8-498a-a5d9-ab1ae5ab9db1.docx'.
20/05/2020 08:54:51: [Método: Void SaveAs(System.String), Línea: 0] - No se puede encontrar una parte de la ruta de acceso 'D:\DGEE\mrv-minem\back-end\Web Dinamico 2\MRVMinem\Archivos\sustentatorios\607b2ec4-12b8-498a-a5d9-ab1ae5ab9db1.docx'.
20/05/2020 08:54:51: [Método: System.Web.Mvc.JsonResult RegistrarDetalleIndicador(System.Web.HttpPostedFileBase[], System.Web.HttpPostedFileBase[], entidad.minem.gob.pe.IniciativaBE), Línea: 963] - No se puede encontrar una parte de la ruta de acceso 'D:\DGEE\mrv-minem\back-end\Web Dinamico 2\MRVMinem\Archivos\sustentatorios\607b2ec4-12b8-498a-a5d9-ab1ae5ab9db1.docx'.
20/05/2020 08:55:06: [Método: Void WinIOError(Int32, System.String), Línea: 0] - No se puede encontrar una parte de la ruta de acceso 'D:\DGEE\mrv-minem\back-end\Web Dinamico 2\MRVMinem\Archivos\sustentatorios\2fb9ed71-3b9f-4765-9528-59dbed7f68ca.xlsx'.
20/05/2020 08:55:06: [Método: Void Init(System.String, System.IO.FileMode, System.IO.FileAccess, Int32, Boolean, System.IO.FileShare, Int32, System.IO.FileOptions, SECURITY_ATTRIBUTES, System.String, Boolean, Boolean, Boolean), Línea: 0] - No se puede encontrar una parte de la ruta de acceso 'D:\DGEE\mrv-minem\back-end\Web Dinamico 2\MRVMinem\Archivos\sustentatorios\2fb9ed71-3b9f-4765-9528-59dbed7f68ca.xlsx'.
20/05/2020 08:55:06: [Método: Void .ctor(System.String, System.IO.FileMode, System.IO.FileAccess, System.IO.FileShare, Int32, System.IO.FileOptions, System.String, Boolean), Línea: 0] - No se puede encontrar una parte de la ruta de acceso 'D:\DGEE\mrv-minem\back-end\Web Dinamico 2\MRVMinem\Archivos\sustentatorios\2fb9ed71-3b9f-4765-9528-59dbed7f68ca.xlsx'.
20/05/2020 08:55:06: [Método: Void .ctor(System.String, System.IO.FileMode), Línea: 0] - No se puede encontrar una parte de la ruta de acceso 'D:\DGEE\mrv-minem\back-end\Web Dinamico 2\MRVMinem\Archivos\sustentatorios\2fb9ed71-3b9f-4765-9528-59dbed7f68ca.xlsx'.
20/05/2020 08:55:06: [Método: Void SaveAs(System.String), Línea: 0] - No se puede encontrar una parte de la ruta de acceso 'D:\DGEE\mrv-minem\back-end\Web Dinamico 2\MRVMinem\Archivos\sustentatorios\2fb9ed71-3b9f-4765-9528-59dbed7f68ca.xlsx'.
20/05/2020 08:55:06: [Método: Void SaveAs(System.String), Línea: 0] - No se puede encontrar una parte de la ruta de acceso 'D:\DGEE\mrv-minem\back-end\Web Dinamico 2\MRVMinem\Archivos\sustentatorios\2fb9ed71-3b9f-4765-9528-59dbed7f68ca.xlsx'.
20/05/2020 08:55:06: [Método: System.Web.Mvc.JsonResult RegistrarDetalleIndicador(System.Web.HttpPostedFileBase[], System.Web.HttpPostedFileBase[], entidad.minem.gob.pe.IniciativaBE), Línea: 963] - No se puede encontrar una parte de la ruta de acceso 'D:\DGEE\mrv-minem\back-end\Web Dinamico 2\MRVMinem\Archivos\sustentatorios\2fb9ed71-3b9f-4765-9528-59dbed7f68ca.xlsx'.
