07/06/2020 20:21:15: [Método: Void HandleErrorHelper(Int32, Oracle.DataAccess.Client.OracleConnection, IntPtr, Oracle.DataAccess.Client.OpoSqlValCtx*, System.Object, System.String, Boolean, Int32, Oracle.DataAccess.Client.OracleLogicalTransaction), Línea: 0] - ORA-00001: restricción única (MRVMM.T_GENM_INSTITUCION_PK) violada
ORA-06512: en "MRVMM.PKG_MRV_ADMIN_SISTEMA", línea 69
ORA-06512: en línea 1
07/06/2020 20:21:15: [Método: Void HandleError(Int32, Oracle.DataAccess.Client.OracleConnection, System.String, IntPtr, Oracle.DataAccess.Client.OpoSqlValCtx*, System.Object, Boolean, Oracle.DataAccess.Client.OracleLogicalTransaction), Línea: 0] - ORA-00001: restricción única (MRVMM.T_GENM_INSTITUCION_PK) violada
ORA-06512: en "MRVMM.PKG_MRV_ADMIN_SISTEMA", línea 69
ORA-06512: en línea 1
07/06/2020 20:21:15: [Método: Int32 ExecuteNonQuery(), Línea: 0] - ORA-00001: restricción única (MRVMM.T_GENM_INSTITUCION_PK) violada
ORA-06512: en "MRVMM.PKG_MRV_ADMIN_SISTEMA", línea 69
ORA-06512: en línea 1
07/06/2020 20:21:15: [Método: Int32 ExecuteNonQuery(Oracle.DataAccess.Client.OracleConnection, System.Data.CommandType, System.String, Oracle.DataAccess.Client.OracleParameter[]), Línea: 255] - ORA-00001: restricción única (MRVMM.T_GENM_INSTITUCION_PK) violada
ORA-06512: en "MRVMM.PKG_MRV_ADMIN_SISTEMA", línea 69
ORA-06512: en línea 1
07/06/2020 20:21:15: [Método: Int32 ExecuteNonQuery(System.String, System.Data.CommandType, System.String, Oracle.DataAccess.Client.OracleParameter[]), Línea: 178] - ORA-00001: restricción única (MRVMM.T_GENM_INSTITUCION_PK) violada
ORA-06512: en "MRVMM.PKG_MRV_ADMIN_SISTEMA", línea 69
ORA-06512: en línea 1
07/06/2020 20:21:15: [Método: entidad.minem.gob.pe.InstitucionBE registrarInstitucion(entidad.minem.gob.pe.InstitucionBE), Línea: 130] - ORA-00001: restricción única (MRVMM.T_GENM_INSTITUCION_PK) violada
ORA-06512: en "MRVMM.PKG_MRV_ADMIN_SISTEMA", línea 69
ORA-06512: en línea 1
07/06/2020 20:21:38: [Método: Void HandleErrorHelper(Int32, Oracle.DataAccess.Client.OracleConnection, IntPtr, Oracle.DataAccess.Client.OpoSqlValCtx*, System.Object, System.String, Boolean, Int32, Oracle.DataAccess.Client.OracleLogicalTransaction), Línea: 0] - ORA-00001: restricción única (MRVMM.T_GENM_INSTITUCION_PK) violada
ORA-06512: en "MRVMM.PKG_MRV_ADMIN_SISTEMA", línea 69
ORA-06512: en línea 1
07/06/2020 20:21:38: [Método: Void HandleError(Int32, Oracle.DataAccess.Client.OracleConnection, System.String, IntPtr, Oracle.DataAccess.Client.OpoSqlValCtx*, System.Object, Boolean, Oracle.DataAccess.Client.OracleLogicalTransaction), Línea: 0] - ORA-00001: restricción única (MRVMM.T_GENM_INSTITUCION_PK) violada
ORA-06512: en "MRVMM.PKG_MRV_ADMIN_SISTEMA", línea 69
ORA-06512: en línea 1
07/06/2020 20:21:38: [Método: Int32 ExecuteNonQuery(), Línea: 0] - ORA-00001: restricción única (MRVMM.T_GENM_INSTITUCION_PK) violada
ORA-06512: en "MRVMM.PKG_MRV_ADMIN_SISTEMA", línea 69
ORA-06512: en línea 1
07/06/2020 20:21:38: [Método: Int32 ExecuteNonQuery(Oracle.DataAccess.Client.OracleConnection, System.Data.CommandType, System.String, Oracle.DataAccess.Client.OracleParameter[]), Línea: 255] - ORA-00001: restricción única (MRVMM.T_GENM_INSTITUCION_PK) violada
ORA-06512: en "MRVMM.PKG_MRV_ADMIN_SISTEMA", línea 69
ORA-06512: en línea 1
07/06/2020 20:21:38: [Método: Int32 ExecuteNonQuery(System.String, System.Data.CommandType, System.String, Oracle.DataAccess.Client.OracleParameter[]), Línea: 178] - ORA-00001: restricción única (MRVMM.T_GENM_INSTITUCION_PK) violada
ORA-06512: en "MRVMM.PKG_MRV_ADMIN_SISTEMA", línea 69
ORA-06512: en línea 1
07/06/2020 20:21:38: [Método: entidad.minem.gob.pe.InstitucionBE registrarInstitucion(entidad.minem.gob.pe.InstitucionBE), Línea: 130] - ORA-00001: restricción única (MRVMM.T_GENM_INSTITUCION_PK) violada
ORA-06512: en "MRVMM.PKG_MRV_ADMIN_SISTEMA", línea 69
ORA-06512: en línea 1
07/06/2020 20:38:24: [Método: Void HandleErrorHelper(Int32, Oracle.DataAccess.Client.OracleConnection, IntPtr, Oracle.DataAccess.Client.OpoSqlValCtx*, System.Object, System.String, Boolean, Int32, Oracle.DataAccess.Client.OracleLogicalTransaction), Línea: 0] - ORA-00001: restricción única (MRVMM.T_GENM_INSTITUCION_PK) violada
ORA-06512: en "MRVMM.PKG_MRV_ADMIN_SISTEMA", línea 69
ORA-06512: en línea 1
07/06/2020 20:38:24: [Método: Void HandleError(Int32, Oracle.DataAccess.Client.OracleConnection, System.String, IntPtr, Oracle.DataAccess.Client.OpoSqlValCtx*, System.Object, Boolean, Oracle.DataAccess.Client.OracleLogicalTransaction), Línea: 0] - ORA-00001: restricción única (MRVMM.T_GENM_INSTITUCION_PK) violada
ORA-06512: en "MRVMM.PKG_MRV_ADMIN_SISTEMA", línea 69
ORA-06512: en línea 1
07/06/2020 20:38:24: [Método: Int32 ExecuteNonQuery(), Línea: 0] - ORA-00001: restricción única (MRVMM.T_GENM_INSTITUCION_PK) violada
ORA-06512: en "MRVMM.PKG_MRV_ADMIN_SISTEMA", línea 69
ORA-06512: en línea 1
07/06/2020 20:38:24: [Método: Int32 ExecuteNonQuery(Oracle.DataAccess.Client.OracleConnection, System.Data.CommandType, System.String, Oracle.DataAccess.Client.OracleParameter[]), Línea: 255] - ORA-00001: restricción única (MRVMM.T_GENM_INSTITUCION_PK) violada
ORA-06512: en "MRVMM.PKG_MRV_ADMIN_SISTEMA", línea 69
ORA-06512: en línea 1
07/06/2020 20:38:24: [Método: Int32 ExecuteNonQuery(System.String, System.Data.CommandType, System.String, Oracle.DataAccess.Client.OracleParameter[]), Línea: 178] - ORA-00001: restricción única (MRVMM.T_GENM_INSTITUCION_PK) violada
ORA-06512: en "MRVMM.PKG_MRV_ADMIN_SISTEMA", línea 69
ORA-06512: en línea 1
07/06/2020 20:38:24: [Método: entidad.minem.gob.pe.InstitucionBE registrarInstitucion(entidad.minem.gob.pe.InstitucionBE), Línea: 130] - ORA-00001: restricción única (MRVMM.T_GENM_INSTITUCION_PK) violada
ORA-06512: en "MRVMM.PKG_MRV_ADMIN_SISTEMA", línea 69
ORA-06512: en línea 1
07/06/2020 20:44:29: [Método: Void HandleErrorHelper(Int32, Oracle.DataAccess.Client.OracleConnection, IntPtr, Oracle.DataAccess.Client.OpoSqlValCtx*, System.Object, System.String, Boolean, Int32, Oracle.DataAccess.Client.OracleLogicalTransaction), Línea: 0] - ORA-00001: restricción única (MRVMM.T_GENM_INSTITUCION_PK) violada
ORA-06512: en "MRVMM.PKG_MRV_ADMIN_SISTEMA", línea 69
ORA-06512: en línea 1
07/06/2020 20:44:29: [Método: Void HandleError(Int32, Oracle.DataAccess.Client.OracleConnection, System.String, IntPtr, Oracle.DataAccess.Client.OpoSqlValCtx*, System.Object, Boolean, Oracle.DataAccess.Client.OracleLogicalTransaction), Línea: 0] - ORA-00001: restricción única (MRVMM.T_GENM_INSTITUCION_PK) violada
ORA-06512: en "MRVMM.PKG_MRV_ADMIN_SISTEMA", línea 69
ORA-06512: en línea 1
07/06/2020 20:44:29: [Método: Int32 ExecuteNonQuery(), Línea: 0] - ORA-00001: restricción única (MRVMM.T_GENM_INSTITUCION_PK) violada
ORA-06512: en "MRVMM.PKG_MRV_ADMIN_SISTEMA", línea 69
ORA-06512: en línea 1
07/06/2020 20:44:29: [Método: Int32 ExecuteNonQuery(Oracle.DataAccess.Client.OracleConnection, System.Data.CommandType, System.String, Oracle.DataAccess.Client.OracleParameter[]), Línea: 255] - ORA-00001: restricción única (MRVMM.T_GENM_INSTITUCION_PK) violada
ORA-06512: en "MRVMM.PKG_MRV_ADMIN_SISTEMA", línea 69
ORA-06512: en línea 1
07/06/2020 20:44:29: [Método: Int32 ExecuteNonQuery(System.String, System.Data.CommandType, System.String, Oracle.DataAccess.Client.OracleParameter[]), Línea: 178] - ORA-00001: restricción única (MRVMM.T_GENM_INSTITUCION_PK) violada
ORA-06512: en "MRVMM.PKG_MRV_ADMIN_SISTEMA", línea 69
ORA-06512: en línea 1
07/06/2020 20:44:29: [Método: entidad.minem.gob.pe.InstitucionBE registrarInstitucion(entidad.minem.gob.pe.InstitucionBE), Línea: 130] - ORA-00001: restricción única (MRVMM.T_GENM_INSTITUCION_PK) violada
ORA-06512: en "MRVMM.PKG_MRV_ADMIN_SISTEMA", línea 69
ORA-06512: en línea 1
