08/03/2020 12:32:00 a.m.: [Método: Void HandleErrorHelper(Int32, Oracle.DataAccess.Client.OracleConnection, IntPtr, Oracle.DataAccess.Client.OpoSqlValCtx*, System.Object, System.String, Boolean, Int32, Oracle.DataAccess.Client.OracleLogicalTransaction), Línea: 0] - ORA-00904: "DESCRIPCION": identificador no válido
ORA-06512: en "MRVMM.PKG_MRV_MANTENIMIENTO", línea 2899
ORA-06512: en línea 1
08/03/2020 12:32:00 a.m.: [Método: Void HandleError(Int32, Oracle.DataAccess.Client.OracleConnection, System.String, IntPtr, Oracle.DataAccess.Client.OpoSqlValCtx*, System.Object, Boolean, Oracle.DataAccess.Client.OracleLogicalTransaction), Línea: 0] - ORA-00904: "DESCRIPCION": identificador no válido
ORA-06512: en "MRVMM.PKG_MRV_MANTENIMIENTO", línea 2899
ORA-06512: en línea 1
08/03/2020 12:32:00 a.m.: [Método: Oracle.DataAccess.Client.OracleDataReader ExecuteReader(Boolean, Boolean, System.Data.CommandBehavior), Línea: 0] - ORA-00904: "DESCRIPCION": identificador no válido
ORA-06512: en "MRVMM.PKG_MRV_MANTENIMIENTO", línea 2899
ORA-06512: en línea 1
08/03/2020 12:32:00 a.m.: [Método: System.Data.Common.DbDataReader ExecuteDbDataReader(System.Data.CommandBehavior), Línea: 0] - ORA-00904: "DESCRIPCION": identificador no válido
ORA-06512: en "MRVMM.PKG_MRV_MANTENIMIENTO", línea 2899
ORA-06512: en línea 1
08/03/2020 12:32:00 a.m.: [Método: System.Data.IDataReader System.Data.IDbCommand.ExecuteReader(System.Data.CommandBehavior), Línea: 0] - ORA-00904: "DESCRIPCION": identificador no válido
ORA-06512: en "MRVMM.PKG_MRV_MANTENIMIENTO", línea 2899
ORA-06512: en línea 1
08/03/2020 12:32:00 a.m.: [Método: System.Data.IDataReader ExecuteReaderWithFlagsFallback(System.Data.IDbCommand, Boolean, System.Data.CommandBehavior), Línea: 0] - ORA-00904: "DESCRIPCION": identificador no válido
ORA-06512: en "MRVMM.PKG_MRV_MANTENIMIENTO", línea 2899
ORA-06512: en línea 1
08/03/2020 12:32:00 a.m.: [Método: Boolean MoveNext(), Línea: 0] - ORA-00904: "DESCRIPCION": identificador no válido
ORA-06512: en "MRVMM.PKG_MRV_MANTENIMIENTO", línea 2899
ORA-06512: en línea 1
08/03/2020 12:32:00 a.m.: [Método: Void .ctor(System.Collections.Generic.IEnumerable`1[T]), Línea: 0] - ORA-00904: "DESCRIPCION": identificador no válido
ORA-06512: en "MRVMM.PKG_MRV_MANTENIMIENTO", línea 2899
ORA-06512: en línea 1
08/03/2020 12:32:00 a.m.: [Método: System.Collections.Generic.List`1[TSource] ToList[TSource](System.Collections.Generic.IEnumerable`1[TSource]), Línea: 0] - ORA-00904: "DESCRIPCION": identificador no válido
ORA-06512: en "MRVMM.PKG_MRV_MANTENIMIENTO", línea 2899
ORA-06512: en línea 1
08/03/2020 12:32:00 a.m.: [Método: System.Collections.Generic.IEnumerable`1[T] Query[T](System.Data.IDbConnection, System.String, System.Object, System.Data.IDbTransaction, Boolean, System.Nullable`1[System.Int32], System.Nullable`1[System.Data.CommandType]), Línea: 0] - ORA-00904: "DESCRIPCION": identificador no válido
ORA-06512: en "MRVMM.PKG_MRV_MANTENIMIENTO", línea 2899
ORA-06512: en línea 1
08/03/2020 12:32:00 a.m.: [Método: System.Collections.Generic.List`1[entidad.minem.gob.pe.IPCCBE] ListarIPCCPaginado(entidad.minem.gob.pe.IPCCBE), Línea: 58] - ORA-00904: "DESCRIPCION": identificador no válido
ORA-06512: en "MRVMM.PKG_MRV_MANTENIMIENTO", línea 2899
ORA-06512: en línea 1
08/03/2020 12:33:43 a.m.: [Método: Void HandleErrorHelper(Int32, Oracle.DataAccess.Client.OracleConnection, IntPtr, Oracle.DataAccess.Client.OpoSqlValCtx*, System.Object, System.String, Boolean, Int32, Oracle.DataAccess.Client.OracleLogicalTransaction), Línea: 0] - ORA-00904: "DESCRIPCION": identificador no válido
ORA-06512: en "MRVMM.PKG_MRV_MANTENIMIENTO", línea 2899
ORA-06512: en línea 1
08/03/2020 12:33:43 a.m.: [Método: Void HandleError(Int32, Oracle.DataAccess.Client.OracleConnection, System.String, IntPtr, Oracle.DataAccess.Client.OpoSqlValCtx*, System.Object, Boolean, Oracle.DataAccess.Client.OracleLogicalTransaction), Línea: 0] - ORA-00904: "DESCRIPCION": identificador no válido
ORA-06512: en "MRVMM.PKG_MRV_MANTENIMIENTO", línea 2899
ORA-06512: en línea 1
08/03/2020 12:33:43 a.m.: [Método: Oracle.DataAccess.Client.OracleDataReader ExecuteReader(Boolean, Boolean, System.Data.CommandBehavior), Línea: 0] - ORA-00904: "DESCRIPCION": identificador no válido
ORA-06512: en "MRVMM.PKG_MRV_MANTENIMIENTO", línea 2899
ORA-06512: en línea 1
08/03/2020 12:33:43 a.m.: [Método: System.Data.Common.DbDataReader ExecuteDbDataReader(System.Data.CommandBehavior), Línea: 0] - ORA-00904: "DESCRIPCION": identificador no válido
ORA-06512: en "MRVMM.PKG_MRV_MANTENIMIENTO", línea 2899
ORA-06512: en línea 1
08/03/2020 12:33:43 a.m.: [Método: System.Data.IDataReader System.Data.IDbCommand.ExecuteReader(System.Data.CommandBehavior), Línea: 0] - ORA-00904: "DESCRIPCION": identificador no válido
ORA-06512: en "MRVMM.PKG_MRV_MANTENIMIENTO", línea 2899
ORA-06512: en línea 1
08/03/2020 12:33:43 a.m.: [Método: System.Data.IDataReader ExecuteReaderWithFlagsFallback(System.Data.IDbCommand, Boolean, System.Data.CommandBehavior), Línea: 0] - ORA-00904: "DESCRIPCION": identificador no válido
ORA-06512: en "MRVMM.PKG_MRV_MANTENIMIENTO", línea 2899
ORA-06512: en línea 1
08/03/2020 12:33:43 a.m.: [Método: Boolean MoveNext(), Línea: 0] - ORA-00904: "DESCRIPCION": identificador no válido
ORA-06512: en "MRVMM.PKG_MRV_MANTENIMIENTO", línea 2899
ORA-06512: en línea 1
08/03/2020 12:33:43 a.m.: [Método: Void .ctor(System.Collections.Generic.IEnumerable`1[T]), Línea: 0] - ORA-00904: "DESCRIPCION": identificador no válido
ORA-06512: en "MRVMM.PKG_MRV_MANTENIMIENTO", línea 2899
ORA-06512: en línea 1
08/03/2020 12:33:43 a.m.: [Método: System.Collections.Generic.List`1[TSource] ToList[TSource](System.Collections.Generic.IEnumerable`1[TSource]), Línea: 0] - ORA-00904: "DESCRIPCION": identificador no válido
ORA-06512: en "MRVMM.PKG_MRV_MANTENIMIENTO", línea 2899
ORA-06512: en línea 1
08/03/2020 12:33:43 a.m.: [Método: System.Collections.Generic.IEnumerable`1[T] Query[T](System.Data.IDbConnection, System.String, System.Object, System.Data.IDbTransaction, Boolean, System.Nullable`1[System.Int32], System.Nullable`1[System.Data.CommandType]), Línea: 0] - ORA-00904: "DESCRIPCION": identificador no válido
ORA-06512: en "MRVMM.PKG_MRV_MANTENIMIENTO", línea 2899
ORA-06512: en línea 1
08/03/2020 12:33:43 a.m.: [Método: System.Collections.Generic.List`1[entidad.minem.gob.pe.IPCCBE] ListarIPCCPaginado(entidad.minem.gob.pe.IPCCBE), Línea: 58] - ORA-00904: "DESCRIPCION": identificador no válido
ORA-06512: en "MRVMM.PKG_MRV_MANTENIMIENTO", línea 2899
ORA-06512: en línea 1
08/03/2020 12:36:38 a.m.: [Método: Void HandleErrorHelper(Int32, Oracle.DataAccess.Client.OracleConnection, IntPtr, Oracle.DataAccess.Client.OpoSqlValCtx*, System.Object, System.String, Boolean, Int32, Oracle.DataAccess.Client.OracleLogicalTransaction), Línea: 0] - ORA-00904: "DESCRIPCION": identificador no válido
ORA-06512: en "MRVMM.PKG_MRV_MANTENIMIENTO", línea 2899
ORA-06512: en línea 1
08/03/2020 12:36:38 a.m.: [Método: Void HandleError(Int32, Oracle.DataAccess.Client.OracleConnection, System.String, IntPtr, Oracle.DataAccess.Client.OpoSqlValCtx*, System.Object, Boolean, Oracle.DataAccess.Client.OracleLogicalTransaction), Línea: 0] - ORA-00904: "DESCRIPCION": identificador no válido
ORA-06512: en "MRVMM.PKG_MRV_MANTENIMIENTO", línea 2899
ORA-06512: en línea 1
08/03/2020 12:36:38 a.m.: [Método: Oracle.DataAccess.Client.OracleDataReader ExecuteReader(Boolean, Boolean, System.Data.CommandBehavior), Línea: 0] - ORA-00904: "DESCRIPCION": identificador no válido
ORA-06512: en "MRVMM.PKG_MRV_MANTENIMIENTO", línea 2899
ORA-06512: en línea 1
08/03/2020 12:36:38 a.m.: [Método: System.Data.Common.DbDataReader ExecuteDbDataReader(System.Data.CommandBehavior), Línea: 0] - ORA-00904: "DESCRIPCION": identificador no válido
ORA-06512: en "MRVMM.PKG_MRV_MANTENIMIENTO", línea 2899
ORA-06512: en línea 1
08/03/2020 12:36:38 a.m.: [Método: System.Data.IDataReader System.Data.IDbCommand.ExecuteReader(System.Data.CommandBehavior), Línea: 0] - ORA-00904: "DESCRIPCION": identificador no válido
ORA-06512: en "MRVMM.PKG_MRV_MANTENIMIENTO", línea 2899
ORA-06512: en línea 1
08/03/2020 12:36:38 a.m.: [Método: System.Data.IDataReader ExecuteReaderWithFlagsFallback(System.Data.IDbCommand, Boolean, System.Data.CommandBehavior), Línea: 0] - ORA-00904: "DESCRIPCION": identificador no válido
ORA-06512: en "MRVMM.PKG_MRV_MANTENIMIENTO", línea 2899
ORA-06512: en línea 1
08/03/2020 12:36:38 a.m.: [Método: Boolean MoveNext(), Línea: 0] - ORA-00904: "DESCRIPCION": identificador no válido
ORA-06512: en "MRVMM.PKG_MRV_MANTENIMIENTO", línea 2899
ORA-06512: en línea 1
08/03/2020 12:36:38 a.m.: [Método: Void .ctor(System.Collections.Generic.IEnumerable`1[T]), Línea: 0] - ORA-00904: "DESCRIPCION": identificador no válido
ORA-06512: en "MRVMM.PKG_MRV_MANTENIMIENTO", línea 2899
ORA-06512: en línea 1
08/03/2020 12:36:38 a.m.: [Método: System.Collections.Generic.List`1[TSource] ToList[TSource](System.Collections.Generic.IEnumerable`1[TSource]), Línea: 0] - ORA-00904: "DESCRIPCION": identificador no válido
ORA-06512: en "MRVMM.PKG_MRV_MANTENIMIENTO", línea 2899
ORA-06512: en línea 1
08/03/2020 12:36:38 a.m.: [Método: System.Collections.Generic.IEnumerable`1[T] Query[T](System.Data.IDbConnection, System.String, System.Object, System.Data.IDbTransaction, Boolean, System.Nullable`1[System.Int32], System.Nullable`1[System.Data.CommandType]), Línea: 0] - ORA-00904: "DESCRIPCION": identificador no válido
ORA-06512: en "MRVMM.PKG_MRV_MANTENIMIENTO", línea 2899
ORA-06512: en línea 1
08/03/2020 12:36:38 a.m.: [Método: System.Collections.Generic.List`1[entidad.minem.gob.pe.IPCCBE] ListarIPCCPaginado(entidad.minem.gob.pe.IPCCBE), Línea: 58] - ORA-00904: "DESCRIPCION": identificador no válido
ORA-06512: en "MRVMM.PKG_MRV_MANTENIMIENTO", línea 2899
ORA-06512: en línea 1
08/03/2020 01:40:38 a.m.: [Método: Void HandleErrorHelper(Int32, Oracle.DataAccess.Client.OracleConnection, IntPtr, Oracle.DataAccess.Client.OpoSqlValCtx*, System.Object, System.String, Boolean, Int32, Oracle.DataAccess.Client.OracleLogicalTransaction), Línea: 0] - ORA-00904: "FLAG_ESTADO": identificador no válido
ORA-06512: en "MRVMM.PKG_MRV_MANTENIMIENTO", línea 3018
ORA-06512: en línea 1
08/03/2020 01:40:38 a.m.: [Método: Void HandleError(Int32, Oracle.DataAccess.Client.OracleConnection, System.String, IntPtr, Oracle.DataAccess.Client.OpoSqlValCtx*, System.Object, Boolean, Oracle.DataAccess.Client.OracleLogicalTransaction), Línea: 0] - ORA-00904: "FLAG_ESTADO": identificador no válido
ORA-06512: en "MRVMM.PKG_MRV_MANTENIMIENTO", línea 3018
ORA-06512: en línea 1
08/03/2020 01:40:38 a.m.: [Método: Oracle.DataAccess.Client.OracleDataReader ExecuteReader(Boolean, Boolean, System.Data.CommandBehavior), Línea: 0] - ORA-00904: "FLAG_ESTADO": identificador no válido
ORA-06512: en "MRVMM.PKG_MRV_MANTENIMIENTO", línea 3018
ORA-06512: en línea 1
08/03/2020 01:40:38 a.m.: [Método: System.Data.Common.DbDataReader ExecuteDbDataReader(System.Data.CommandBehavior), Línea: 0] - ORA-00904: "FLAG_ESTADO": identificador no válido
ORA-06512: en "MRVMM.PKG_MRV_MANTENIMIENTO", línea 3018
ORA-06512: en línea 1
08/03/2020 01:40:38 a.m.: [Método: System.Data.IDataReader System.Data.IDbCommand.ExecuteReader(System.Data.CommandBehavior), Línea: 0] - ORA-00904: "FLAG_ESTADO": identificador no válido
ORA-06512: en "MRVMM.PKG_MRV_MANTENIMIENTO", línea 3018
ORA-06512: en línea 1
08/03/2020 01:40:39 a.m.: [Método: System.Data.IDataReader ExecuteReaderWithFlagsFallback(System.Data.IDbCommand, Boolean, System.Data.CommandBehavior), Línea: 0] - ORA-00904: "FLAG_ESTADO": identificador no válido
ORA-06512: en "MRVMM.PKG_MRV_MANTENIMIENTO", línea 3018
ORA-06512: en línea 1
08/03/2020 01:40:39 a.m.: [Método: Boolean MoveNext(), Línea: 0] - ORA-00904: "FLAG_ESTADO": identificador no válido
ORA-06512: en "MRVMM.PKG_MRV_MANTENIMIENTO", línea 3018
ORA-06512: en línea 1
08/03/2020 01:40:39 a.m.: [Método: Void .ctor(System.Collections.Generic.IEnumerable`1[T]), Línea: 0] - ORA-00904: "FLAG_ESTADO": identificador no válido
ORA-06512: en "MRVMM.PKG_MRV_MANTENIMIENTO", línea 3018
ORA-06512: en línea 1
08/03/2020 01:40:39 a.m.: [Método: System.Collections.Generic.List`1[TSource] ToList[TSource](System.Collections.Generic.IEnumerable`1[TSource]), Línea: 0] - ORA-00904: "FLAG_ESTADO": identificador no válido
ORA-06512: en "MRVMM.PKG_MRV_MANTENIMIENTO", línea 3018
ORA-06512: en línea 1
08/03/2020 01:40:39 a.m.: [Método: System.Collections.Generic.IEnumerable`1[T] Query[T](System.Data.IDbConnection, System.String, System.Object, System.Data.IDbTransaction, Boolean, System.Nullable`1[System.Int32], System.Nullable`1[System.Data.CommandType]), Línea: 0] - ORA-00904: "FLAG_ESTADO": identificador no válido
ORA-06512: en "MRVMM.PKG_MRV_MANTENIMIENTO", línea 3018
ORA-06512: en línea 1
08/03/2020 01:40:39 a.m.: [Método: System.Collections.Generic.List`1[entidad.minem.gob.pe.NamaBE] ListarNamaPaginado(entidad.minem.gob.pe.NamaBE), Línea: 58] - ORA-00904: "FLAG_ESTADO": identificador no válido
ORA-06512: en "MRVMM.PKG_MRV_MANTENIMIENTO", línea 3018
ORA-06512: en línea 1
08/03/2020 01:43:30 a.m.: [Método: Void HandleErrorHelper(Int32, Oracle.DataAccess.Client.OracleConnection, IntPtr, Oracle.DataAccess.Client.OpoSqlValCtx*, System.Object, System.String, Boolean, Int32, Oracle.DataAccess.Client.OracleLogicalTransaction), Línea: 0] - ORA-00904: "FLAG_ESTADO": identificador no válido
ORA-06512: en "MRVMM.PKG_MRV_MANTENIMIENTO", línea 3018
ORA-06512: en línea 1
08/03/2020 01:43:30 a.m.: [Método: Void HandleError(Int32, Oracle.DataAccess.Client.OracleConnection, System.String, IntPtr, Oracle.DataAccess.Client.OpoSqlValCtx*, System.Object, Boolean, Oracle.DataAccess.Client.OracleLogicalTransaction), Línea: 0] - ORA-00904: "FLAG_ESTADO": identificador no válido
ORA-06512: en "MRVMM.PKG_MRV_MANTENIMIENTO", línea 3018
ORA-06512: en línea 1
08/03/2020 01:43:30 a.m.: [Método: Oracle.DataAccess.Client.OracleDataReader ExecuteReader(Boolean, Boolean, System.Data.CommandBehavior), Línea: 0] - ORA-00904: "FLAG_ESTADO": identificador no válido
ORA-06512: en "MRVMM.PKG_MRV_MANTENIMIENTO", línea 3018
ORA-06512: en línea 1
08/03/2020 01:43:30 a.m.: [Método: System.Data.Common.DbDataReader ExecuteDbDataReader(System.Data.CommandBehavior), Línea: 0] - ORA-00904: "FLAG_ESTADO": identificador no válido
ORA-06512: en "MRVMM.PKG_MRV_MANTENIMIENTO", línea 3018
ORA-06512: en línea 1
08/03/2020 01:43:30 a.m.: [Método: System.Data.IDataReader System.Data.IDbCommand.ExecuteReader(System.Data.CommandBehavior), Línea: 0] - ORA-00904: "FLAG_ESTADO": identificador no válido
ORA-06512: en "MRVMM.PKG_MRV_MANTENIMIENTO", línea 3018
ORA-06512: en línea 1
08/03/2020 01:43:30 a.m.: [Método: System.Data.IDataReader ExecuteReaderWithFlagsFallback(System.Data.IDbCommand, Boolean, System.Data.CommandBehavior), Línea: 0] - ORA-00904: "FLAG_ESTADO": identificador no válido
ORA-06512: en "MRVMM.PKG_MRV_MANTENIMIENTO", línea 3018
ORA-06512: en línea 1
08/03/2020 01:43:30 a.m.: [Método: Boolean MoveNext(), Línea: 0] - ORA-00904: "FLAG_ESTADO": identificador no válido
ORA-06512: en "MRVMM.PKG_MRV_MANTENIMIENTO", línea 3018
ORA-06512: en línea 1
08/03/2020 01:43:30 a.m.: [Método: Void .ctor(System.Collections.Generic.IEnumerable`1[T]), Línea: 0] - ORA-00904: "FLAG_ESTADO": identificador no válido
ORA-06512: en "MRVMM.PKG_MRV_MANTENIMIENTO", línea 3018
ORA-06512: en línea 1
08/03/2020 01:43:30 a.m.: [Método: System.Collections.Generic.List`1[TSource] ToList[TSource](System.Collections.Generic.IEnumerable`1[TSource]), Línea: 0] - ORA-00904: "FLAG_ESTADO": identificador no válido
ORA-06512: en "MRVMM.PKG_MRV_MANTENIMIENTO", línea 3018
ORA-06512: en línea 1
08/03/2020 01:43:30 a.m.: [Método: System.Collections.Generic.IEnumerable`1[T] Query[T](System.Data.IDbConnection, System.String, System.Object, System.Data.IDbTransaction, Boolean, System.Nullable`1[System.Int32], System.Nullable`1[System.Data.CommandType]), Línea: 0] - ORA-00904: "FLAG_ESTADO": identificador no válido
ORA-06512: en "MRVMM.PKG_MRV_MANTENIMIENTO", línea 3018
ORA-06512: en línea 1
08/03/2020 01:43:30 a.m.: [Método: System.Collections.Generic.List`1[entidad.minem.gob.pe.NamaBE] ListarNamaPaginado(entidad.minem.gob.pe.NamaBE), Línea: 58] - ORA-00904: "FLAG_ESTADO": identificador no válido
ORA-06512: en "MRVMM.PKG_MRV_MANTENIMIENTO", línea 3018
ORA-06512: en línea 1
