20/03/2020 06:44:16 p.m.: [Método: Void HandleErrorHelper(Int32, Oracle.DataAccess.Client.OracleConnection, IntPtr, Oracle.DataAccess.Client.OpoSqlValCtx*, System.Object, System.String, Boolean, Int32, Oracle.DataAccess.Client.OracleLogicalTransaction), Línea: 0] - ORA-02291: restricción de integridad (MRVMM.FK_TIPO_DATO) violada - clave principal no encontrada
ORA-06512: en "MRVMM.PKG_MRV_MANTENIMIENTO", línea 3346
ORA-06512: en línea 1
20/03/2020 06:44:18 p.m.: [Método: Void HandleError(Int32, Oracle.DataAccess.Client.OracleConnection, System.String, IntPtr, Oracle.DataAccess.Client.OpoSqlValCtx*, System.Object, Boolean, Oracle.DataAccess.Client.OracleLogicalTransaction), Línea: 0] - ORA-02291: restricción de integridad (MRVMM.FK_TIPO_DATO) violada - clave principal no encontrada
ORA-06512: en "MRVMM.PKG_MRV_MANTENIMIENTO", línea 3346
ORA-06512: en línea 1
20/03/2020 06:44:19 p.m.: [Método: Oracle.DataAccess.Client.OracleDataReader ExecuteReader(Boolean, Boolean, System.Data.CommandBehavior), Línea: 0] - ORA-02291: restricción de integridad (MRVMM.FK_TIPO_DATO) violada - clave principal no encontrada
ORA-06512: en "MRVMM.PKG_MRV_MANTENIMIENTO", línea 3346
ORA-06512: en línea 1
20/03/2020 06:44:20 p.m.: [Método: Oracle.DataAccess.Client.OracleDataReader ExecuteReader(), Línea: 0] - ORA-02291: restricción de integridad (MRVMM.FK_TIPO_DATO) violada - clave principal no encontrada
ORA-06512: en "MRVMM.PKG_MRV_MANTENIMIENTO", línea 3346
ORA-06512: en línea 1
20/03/2020 06:44:21 p.m.: [Método: System.Object ExecuteScalar(), Línea: 0] - ORA-02291: restricción de integridad (MRVMM.FK_TIPO_DATO) violada - clave principal no encontrada
ORA-06512: en "MRVMM.PKG_MRV_MANTENIMIENTO", línea 3346
ORA-06512: en línea 1
20/03/2020 06:44:22 p.m.: [Método: T ExecuteScalarImpl[T](System.Data.IDbConnection, Dapper.CommandDefinition ByRef), Línea: 0] - ORA-02291: restricción de integridad (MRVMM.FK_TIPO_DATO) violada - clave principal no encontrada
ORA-06512: en "MRVMM.PKG_MRV_MANTENIMIENTO", línea 3346
ORA-06512: en línea 1
20/03/2020 06:44:28 p.m.: [Método: System.Object ExecuteScalar(System.Data.IDbConnection, System.String, System.Object, System.Data.IDbTransaction, System.Nullable`1[System.Int32], System.Nullable`1[System.Data.CommandType]), Línea: 0] - ORA-02291: restricción de integridad (MRVMM.FK_TIPO_DATO) violada - clave principal no encontrada
ORA-06512: en "MRVMM.PKG_MRV_MANTENIMIENTO", línea 3346
ORA-06512: en línea 1
20/03/2020 06:44:29 p.m.: [Método: entidad.minem.gob.pe.ParametroBE RegistrarParametro(entidad.minem.gob.pe.ParametroBE), Línea: 316] - ORA-02291: restricción de integridad (MRVMM.FK_TIPO_DATO) violada - clave principal no encontrada
ORA-06512: en "MRVMM.PKG_MRV_MANTENIMIENTO", línea 3346
ORA-06512: en línea 1
