18/12/2020 01:19:07: [Método: Void HandleErrorHelper(Int32, Oracle.DataAccess.Client.OracleConnection, IntPtr, Oracle.DataAccess.Client.OpoSqlValCtx*, System.Object, System.String, Boolean, Int32, Oracle.DataAccess.Client.OracleLogicalTransaction), Línea: 0] - ORA-04063: package body "MRVMM_P.PKG_MRV_REPORTES" tiene errores
ORA-06508: PL/SQL: no se ha encontrado la unidad de programa llamada : "MRVMM_P.PKG_MRV_REPORTES"
ORA-06512: en línea 1
18/12/2020 01:19:07: [Método: Void HandleError(Int32, Oracle.DataAccess.Client.OracleConnection, System.String, IntPtr, Oracle.DataAccess.Client.OpoSqlValCtx*, System.Object, Boolean, Oracle.DataAccess.Client.OracleLogicalTransaction), Línea: 0] - ORA-04063: package body "MRVMM_P.PKG_MRV_REPORTES" tiene errores
ORA-06508: PL/SQL: no se ha encontrado la unidad de programa llamada : "MRVMM_P.PKG_MRV_REPORTES"
ORA-06512: en línea 1
18/12/2020 01:19:07: [Método: Oracle.DataAccess.Client.OracleDataReader ExecuteReader(Boolean, Boolean, System.Data.CommandBehavior), Línea: 0] - ORA-04063: package body "MRVMM_P.PKG_MRV_REPORTES" tiene errores
ORA-06508: PL/SQL: no se ha encontrado la unidad de programa llamada : "MRVMM_P.PKG_MRV_REPORTES"
ORA-06512: en línea 1
18/12/2020 01:19:07: [Método: System.Data.Common.DbDataReader ExecuteDbDataReader(System.Data.CommandBehavior), Línea: 0] - ORA-04063: package body "MRVMM_P.PKG_MRV_REPORTES" tiene errores
ORA-06508: PL/SQL: no se ha encontrado la unidad de programa llamada : "MRVMM_P.PKG_MRV_REPORTES"
ORA-06512: en línea 1
18/12/2020 01:19:07: [Método: System.Data.IDataReader System.Data.IDbCommand.ExecuteReader(System.Data.CommandBehavior), Línea: 0] - ORA-04063: package body "MRVMM_P.PKG_MRV_REPORTES" tiene errores
ORA-06508: PL/SQL: no se ha encontrado la unidad de programa llamada : "MRVMM_P.PKG_MRV_REPORTES"
ORA-06512: en línea 1
18/12/2020 01:19:07: [Método: System.Data.IDataReader ExecuteReaderWithFlagsFallback(System.Data.IDbCommand, Boolean, System.Data.CommandBehavior), Línea: 0] - ORA-04063: package body "MRVMM_P.PKG_MRV_REPORTES" tiene errores
ORA-06508: PL/SQL: no se ha encontrado la unidad de programa llamada : "MRVMM_P.PKG_MRV_REPORTES"
ORA-06512: en línea 1
18/12/2020 01:19:07: [Método: Boolean MoveNext(), Línea: 0] - ORA-04063: package body "MRVMM_P.PKG_MRV_REPORTES" tiene errores
ORA-06508: PL/SQL: no se ha encontrado la unidad de programa llamada : "MRVMM_P.PKG_MRV_REPORTES"
ORA-06512: en línea 1
18/12/2020 01:19:07: [Método: Void .ctor(System.Collections.Generic.IEnumerable`1[T]), Línea: 0] - ORA-04063: package body "MRVMM_P.PKG_MRV_REPORTES" tiene errores
ORA-06508: PL/SQL: no se ha encontrado la unidad de programa llamada : "MRVMM_P.PKG_MRV_REPORTES"
ORA-06512: en línea 1
18/12/2020 01:19:07: [Método: System.Collections.Generic.List`1[TSource] ToList[TSource](System.Collections.Generic.IEnumerable`1[TSource]), Línea: 0] - ORA-04063: package body "MRVMM_P.PKG_MRV_REPORTES" tiene errores
ORA-06508: PL/SQL: no se ha encontrado la unidad de programa llamada : "MRVMM_P.PKG_MRV_REPORTES"
ORA-06512: en línea 1
18/12/2020 01:19:07: [Método: System.Collections.Generic.IEnumerable`1[T] Query[T](System.Data.IDbConnection, System.String, System.Object, System.Data.IDbTransaction, Boolean, System.Nullable`1[System.Int32], System.Nullable`1[System.Data.CommandType]), Línea: 0] - ORA-04063: package body "MRVMM_P.PKG_MRV_REPORTES" tiene errores
ORA-06508: PL/SQL: no se ha encontrado la unidad de programa llamada : "MRVMM_P.PKG_MRV_REPORTES"
ORA-06512: en línea 1
18/12/2020 01:19:07: [Método: System.Collections.Generic.List`1[entidad.minem.gob.pe.IniciativaBE] MostrarGeiporAnio(entidad.minem.gob.pe.IniciativaBE), Línea: 1460] - ORA-04063: package body "MRVMM_P.PKG_MRV_REPORTES" tiene errores
ORA-06508: PL/SQL: no se ha encontrado la unidad de programa llamada : "MRVMM_P.PKG_MRV_REPORTES"
ORA-06512: en línea 1
18/12/2020 01:47:44: [Método: Void HandleErrorHelper(Int32, Oracle.DataAccess.Client.OracleConnection, IntPtr, Oracle.DataAccess.Client.OpoSqlValCtx*, System.Object, System.String, Boolean, Int32, Oracle.DataAccess.Client.OracleLogicalTransaction), Línea: 0] - ORA-04063: package body "MRVMM_P.PKG_MRV_REPORTES" tiene errores
ORA-06508: PL/SQL: no se ha encontrado la unidad de programa llamada : "MRVMM_P.PKG_MRV_REPORTES"
ORA-06512: en línea 1
18/12/2020 01:47:44: [Método: Void HandleError(Int32, Oracle.DataAccess.Client.OracleConnection, System.String, IntPtr, Oracle.DataAccess.Client.OpoSqlValCtx*, System.Object, Boolean, Oracle.DataAccess.Client.OracleLogicalTransaction), Línea: 0] - ORA-04063: package body "MRVMM_P.PKG_MRV_REPORTES" tiene errores
ORA-06508: PL/SQL: no se ha encontrado la unidad de programa llamada : "MRVMM_P.PKG_MRV_REPORTES"
ORA-06512: en línea 1
18/12/2020 01:47:44: [Método: Oracle.DataAccess.Client.OracleDataReader ExecuteReader(Boolean, Boolean, System.Data.CommandBehavior), Línea: 0] - ORA-04063: package body "MRVMM_P.PKG_MRV_REPORTES" tiene errores
ORA-06508: PL/SQL: no se ha encontrado la unidad de programa llamada : "MRVMM_P.PKG_MRV_REPORTES"
ORA-06512: en línea 1
18/12/2020 01:47:44: [Método: System.Data.Common.DbDataReader ExecuteDbDataReader(System.Data.CommandBehavior), Línea: 0] - ORA-04063: package body "MRVMM_P.PKG_MRV_REPORTES" tiene errores
ORA-06508: PL/SQL: no se ha encontrado la unidad de programa llamada : "MRVMM_P.PKG_MRV_REPORTES"
ORA-06512: en línea 1
18/12/2020 01:47:44: [Método: System.Data.IDataReader System.Data.IDbCommand.ExecuteReader(System.Data.CommandBehavior), Línea: 0] - ORA-04063: package body "MRVMM_P.PKG_MRV_REPORTES" tiene errores
ORA-06508: PL/SQL: no se ha encontrado la unidad de programa llamada : "MRVMM_P.PKG_MRV_REPORTES"
ORA-06512: en línea 1
18/12/2020 01:47:44: [Método: System.Data.IDataReader ExecuteReaderWithFlagsFallback(System.Data.IDbCommand, Boolean, System.Data.CommandBehavior), Línea: 0] - ORA-04063: package body "MRVMM_P.PKG_MRV_REPORTES" tiene errores
ORA-06508: PL/SQL: no se ha encontrado la unidad de programa llamada : "MRVMM_P.PKG_MRV_REPORTES"
ORA-06512: en línea 1
18/12/2020 01:47:44: [Método: Boolean MoveNext(), Línea: 0] - ORA-04063: package body "MRVMM_P.PKG_MRV_REPORTES" tiene errores
ORA-06508: PL/SQL: no se ha encontrado la unidad de programa llamada : "MRVMM_P.PKG_MRV_REPORTES"
ORA-06512: en línea 1
18/12/2020 01:47:44: [Método: Void .ctor(System.Collections.Generic.IEnumerable`1[T]), Línea: 0] - ORA-04063: package body "MRVMM_P.PKG_MRV_REPORTES" tiene errores
ORA-06508: PL/SQL: no se ha encontrado la unidad de programa llamada : "MRVMM_P.PKG_MRV_REPORTES"
ORA-06512: en línea 1
18/12/2020 01:47:44: [Método: System.Collections.Generic.List`1[TSource] ToList[TSource](System.Collections.Generic.IEnumerable`1[TSource]), Línea: 0] - ORA-04063: package body "MRVMM_P.PKG_MRV_REPORTES" tiene errores
ORA-06508: PL/SQL: no se ha encontrado la unidad de programa llamada : "MRVMM_P.PKG_MRV_REPORTES"
ORA-06512: en línea 1
18/12/2020 01:47:44: [Método: System.Collections.Generic.IEnumerable`1[T] Query[T](System.Data.IDbConnection, System.String, System.Object, System.Data.IDbTransaction, Boolean, System.Nullable`1[System.Int32], System.Nullable`1[System.Data.CommandType]), Línea: 0] - ORA-04063: package body "MRVMM_P.PKG_MRV_REPORTES" tiene errores
ORA-06508: PL/SQL: no se ha encontrado la unidad de programa llamada : "MRVMM_P.PKG_MRV_REPORTES"
ORA-06512: en línea 1
18/12/2020 01:47:44: [Método: System.Collections.Generic.List`1[entidad.minem.gob.pe.IniciativaBE] MostrarGeiporAnio(entidad.minem.gob.pe.IniciativaBE), Línea: 1460] - ORA-04063: package body "MRVMM_P.PKG_MRV_REPORTES" tiene errores
ORA-06508: PL/SQL: no se ha encontrado la unidad de programa llamada : "MRVMM_P.PKG_MRV_REPORTES"
ORA-06512: en línea 1
18/12/2020 01:50:46: [Método: Void HandleErrorHelper(Int32, Oracle.DataAccess.Client.OracleConnection, IntPtr, Oracle.DataAccess.Client.OpoSqlValCtx*, System.Object, System.String, Boolean, Int32, Oracle.DataAccess.Client.OracleLogicalTransaction), Línea: 0] - ORA-00001: restricción única (MRVMM_P.PK_FACTOR) violada
ORA-06512: en "MRVMM_P.PKG_MRV_PARAMETROS", línea 130
ORA-06512: en línea 1
18/12/2020 01:50:46: [Método: Void HandleError(Int32, Oracle.DataAccess.Client.OracleConnection, System.String, IntPtr, Oracle.DataAccess.Client.OpoSqlValCtx*, System.Object, Boolean, Oracle.DataAccess.Client.OracleLogicalTransaction), Línea: 0] - ORA-00001: restricción única (MRVMM_P.PK_FACTOR) violada
ORA-06512: en "MRVMM_P.PKG_MRV_PARAMETROS", línea 130
ORA-06512: en línea 1
18/12/2020 01:50:46: [Método: Int32 ExecuteNonQuery(), Línea: 0] - ORA-00001: restricción única (MRVMM_P.PK_FACTOR) violada
ORA-06512: en "MRVMM_P.PKG_MRV_PARAMETROS", línea 130
ORA-06512: en línea 1
18/12/2020 01:50:46: [Método: Int32 ExecuteNonQuery(Oracle.DataAccess.Client.OracleConnection, System.Data.CommandType, System.String, Oracle.DataAccess.Client.OracleParameter[]), Línea: 255] - ORA-00001: restricción única (MRVMM_P.PK_FACTOR) violada
ORA-06512: en "MRVMM_P.PKG_MRV_PARAMETROS", línea 130
ORA-06512: en línea 1
18/12/2020 01:50:46: [Método: Int32 ExecuteNonQuery(System.String, System.Data.CommandType, System.String, Oracle.DataAccess.Client.OracleParameter[]), Línea: 178] - ORA-00001: restricción única (MRVMM_P.PK_FACTOR) violada
ORA-06512: en "MRVMM_P.PKG_MRV_PARAMETROS", línea 130
ORA-06512: en línea 1
18/12/2020 01:50:46: [Método: entidad.minem.gob.pe.FactorBE RegistraFactor(entidad.minem.gob.pe.FactorBE), Línea: 397] - ORA-00001: restricción única (MRVMM_P.PK_FACTOR) violada
ORA-06512: en "MRVMM_P.PKG_MRV_PARAMETROS", línea 130
ORA-06512: en línea 1
18/12/2020 01:51:37: [Método: Void HandleErrorHelper(Int32, Oracle.DataAccess.Client.OracleConnection, IntPtr, Oracle.DataAccess.Client.OpoSqlValCtx*, System.Object, System.String, Boolean, Int32, Oracle.DataAccess.Client.OracleLogicalTransaction), Línea: 0] - ORA-00001: restricción única (MRVMM_P.PK_FACTOR) violada
ORA-06512: en "MRVMM_P.PKG_MRV_PARAMETROS", línea 130
ORA-06512: en línea 1
18/12/2020 01:51:37: [Método: Void HandleError(Int32, Oracle.DataAccess.Client.OracleConnection, System.String, IntPtr, Oracle.DataAccess.Client.OpoSqlValCtx*, System.Object, Boolean, Oracle.DataAccess.Client.OracleLogicalTransaction), Línea: 0] - ORA-00001: restricción única (MRVMM_P.PK_FACTOR) violada
ORA-06512: en "MRVMM_P.PKG_MRV_PARAMETROS", línea 130
ORA-06512: en línea 1
18/12/2020 01:51:37: [Método: Int32 ExecuteNonQuery(), Línea: 0] - ORA-00001: restricción única (MRVMM_P.PK_FACTOR) violada
ORA-06512: en "MRVMM_P.PKG_MRV_PARAMETROS", línea 130
ORA-06512: en línea 1
18/12/2020 01:51:37: [Método: Int32 ExecuteNonQuery(Oracle.DataAccess.Client.OracleConnection, System.Data.CommandType, System.String, Oracle.DataAccess.Client.OracleParameter[]), Línea: 255] - ORA-00001: restricción única (MRVMM_P.PK_FACTOR) violada
ORA-06512: en "MRVMM_P.PKG_MRV_PARAMETROS", línea 130
ORA-06512: en línea 1
18/12/2020 01:51:37: [Método: Int32 ExecuteNonQuery(System.String, System.Data.CommandType, System.String, Oracle.DataAccess.Client.OracleParameter[]), Línea: 178] - ORA-00001: restricción única (MRVMM_P.PK_FACTOR) violada
ORA-06512: en "MRVMM_P.PKG_MRV_PARAMETROS", línea 130
ORA-06512: en línea 1
18/12/2020 01:51:37: [Método: entidad.minem.gob.pe.FactorBE RegistraFactor(entidad.minem.gob.pe.FactorBE), Línea: 397] - ORA-00001: restricción única (MRVMM_P.PK_FACTOR) violada
ORA-06512: en "MRVMM_P.PKG_MRV_PARAMETROS", línea 130
ORA-06512: en línea 1
18/12/2020 01:51:52: [Método: Void HandleErrorHelper(Int32, Oracle.DataAccess.Client.OracleConnection, IntPtr, Oracle.DataAccess.Client.OpoSqlValCtx*, System.Object, System.String, Boolean, Int32, Oracle.DataAccess.Client.OracleLogicalTransaction), Línea: 0] - ORA-00001: restricción única (MRVMM_P.PK_FACTOR) violada
ORA-06512: en "MRVMM_P.PKG_MRV_PARAMETROS", línea 130
ORA-06512: en línea 1
18/12/2020 01:51:52: [Método: Void HandleError(Int32, Oracle.DataAccess.Client.OracleConnection, System.String, IntPtr, Oracle.DataAccess.Client.OpoSqlValCtx*, System.Object, Boolean, Oracle.DataAccess.Client.OracleLogicalTransaction), Línea: 0] - ORA-00001: restricción única (MRVMM_P.PK_FACTOR) violada
ORA-06512: en "MRVMM_P.PKG_MRV_PARAMETROS", línea 130
ORA-06512: en línea 1
18/12/2020 01:51:52: [Método: Int32 ExecuteNonQuery(), Línea: 0] - ORA-00001: restricción única (MRVMM_P.PK_FACTOR) violada
ORA-06512: en "MRVMM_P.PKG_MRV_PARAMETROS", línea 130
ORA-06512: en línea 1
18/12/2020 01:51:52: [Método: Int32 ExecuteNonQuery(Oracle.DataAccess.Client.OracleConnection, System.Data.CommandType, System.String, Oracle.DataAccess.Client.OracleParameter[]), Línea: 255] - ORA-00001: restricción única (MRVMM_P.PK_FACTOR) violada
ORA-06512: en "MRVMM_P.PKG_MRV_PARAMETROS", línea 130
ORA-06512: en línea 1
18/12/2020 01:51:52: [Método: Int32 ExecuteNonQuery(System.String, System.Data.CommandType, System.String, Oracle.DataAccess.Client.OracleParameter[]), Línea: 178] - ORA-00001: restricción única (MRVMM_P.PK_FACTOR) violada
ORA-06512: en "MRVMM_P.PKG_MRV_PARAMETROS", línea 130
ORA-06512: en línea 1
18/12/2020 01:51:52: [Método: entidad.minem.gob.pe.FactorBE RegistraFactor(entidad.minem.gob.pe.FactorBE), Línea: 397] - ORA-00001: restricción única (MRVMM_P.PK_FACTOR) violada
ORA-06512: en "MRVMM_P.PKG_MRV_PARAMETROS", línea 130
ORA-06512: en línea 1
18/12/2020 01:51:54: [Método: Void HandleErrorHelper(Int32, Oracle.DataAccess.Client.OracleConnection, IntPtr, Oracle.DataAccess.Client.OpoSqlValCtx*, System.Object, System.String, Boolean, Int32, Oracle.DataAccess.Client.OracleLogicalTransaction), Línea: 0] - ORA-00001: restricción única (MRVMM_P.PK_FACTOR) violada
ORA-06512: en "MRVMM_P.PKG_MRV_PARAMETROS", línea 130
ORA-06512: en línea 1
18/12/2020 01:51:54: [Método: Void HandleError(Int32, Oracle.DataAccess.Client.OracleConnection, System.String, IntPtr, Oracle.DataAccess.Client.OpoSqlValCtx*, System.Object, Boolean, Oracle.DataAccess.Client.OracleLogicalTransaction), Línea: 0] - ORA-00001: restricción única (MRVMM_P.PK_FACTOR) violada
ORA-06512: en "MRVMM_P.PKG_MRV_PARAMETROS", línea 130
ORA-06512: en línea 1
18/12/2020 01:51:54: [Método: Int32 ExecuteNonQuery(), Línea: 0] - ORA-00001: restricción única (MRVMM_P.PK_FACTOR) violada
ORA-06512: en "MRVMM_P.PKG_MRV_PARAMETROS", línea 130
ORA-06512: en línea 1
18/12/2020 01:51:54: [Método: Int32 ExecuteNonQuery(Oracle.DataAccess.Client.OracleConnection, System.Data.CommandType, System.String, Oracle.DataAccess.Client.OracleParameter[]), Línea: 255] - ORA-00001: restricción única (MRVMM_P.PK_FACTOR) violada
ORA-06512: en "MRVMM_P.PKG_MRV_PARAMETROS", línea 130
ORA-06512: en línea 1
18/12/2020 01:51:54: [Método: Int32 ExecuteNonQuery(System.String, System.Data.CommandType, System.String, Oracle.DataAccess.Client.OracleParameter[]), Línea: 178] - ORA-00001: restricción única (MRVMM_P.PK_FACTOR) violada
ORA-06512: en "MRVMM_P.PKG_MRV_PARAMETROS", línea 130
ORA-06512: en línea 1
18/12/2020 01:51:54: [Método: entidad.minem.gob.pe.FactorBE RegistraFactor(entidad.minem.gob.pe.FactorBE), Línea: 397] - ORA-00001: restricción única (MRVMM_P.PK_FACTOR) violada
ORA-06512: en "MRVMM_P.PKG_MRV_PARAMETROS", línea 130
ORA-06512: en línea 1
18/12/2020 01:52:39: [Método: Void HandleErrorHelper(Int32, Oracle.DataAccess.Client.OracleConnection, IntPtr, Oracle.DataAccess.Client.OpoSqlValCtx*, System.Object, System.String, Boolean, Int32, Oracle.DataAccess.Client.OracleLogicalTransaction), Línea: 0] - ORA-00001: restricción única (MRVMM_P.PK_FACTOR) violada
ORA-06512: en "MRVMM_P.PKG_MRV_PARAMETROS", línea 130
ORA-06512: en línea 1
18/12/2020 01:52:39: [Método: Void HandleError(Int32, Oracle.DataAccess.Client.OracleConnection, System.String, IntPtr, Oracle.DataAccess.Client.OpoSqlValCtx*, System.Object, Boolean, Oracle.DataAccess.Client.OracleLogicalTransaction), Línea: 0] - ORA-00001: restricción única (MRVMM_P.PK_FACTOR) violada
ORA-06512: en "MRVMM_P.PKG_MRV_PARAMETROS", línea 130
ORA-06512: en línea 1
18/12/2020 01:52:39: [Método: Int32 ExecuteNonQuery(), Línea: 0] - ORA-00001: restricción única (MRVMM_P.PK_FACTOR) violada
ORA-06512: en "MRVMM_P.PKG_MRV_PARAMETROS", línea 130
ORA-06512: en línea 1
18/12/2020 01:52:39: [Método: Int32 ExecuteNonQuery(Oracle.DataAccess.Client.OracleConnection, System.Data.CommandType, System.String, Oracle.DataAccess.Client.OracleParameter[]), Línea: 255] - ORA-00001: restricción única (MRVMM_P.PK_FACTOR) violada
ORA-06512: en "MRVMM_P.PKG_MRV_PARAMETROS", línea 130
ORA-06512: en línea 1
18/12/2020 01:52:39: [Método: Int32 ExecuteNonQuery(System.String, System.Data.CommandType, System.String, Oracle.DataAccess.Client.OracleParameter[]), Línea: 178] - ORA-00001: restricción única (MRVMM_P.PK_FACTOR) violada
ORA-06512: en "MRVMM_P.PKG_MRV_PARAMETROS", línea 130
ORA-06512: en línea 1
18/12/2020 01:52:39: [Método: entidad.minem.gob.pe.FactorBE RegistraFactor(entidad.minem.gob.pe.FactorBE), Línea: 397] - ORA-00001: restricción única (MRVMM_P.PK_FACTOR) violada
ORA-06512: en "MRVMM_P.PKG_MRV_PARAMETROS", línea 130
ORA-06512: en línea 1
18/12/2020 01:53:31: [Método: Void HandleErrorHelper(Int32, Oracle.DataAccess.Client.OracleConnection, IntPtr, Oracle.DataAccess.Client.OpoSqlValCtx*, System.Object, System.String, Boolean, Int32, Oracle.DataAccess.Client.OracleLogicalTransaction), Línea: 0] - ORA-00001: restricción única (MRVMM_P.PK_FACTOR) violada
ORA-06512: en "MRVMM_P.PKG_MRV_PARAMETROS", línea 130
ORA-06512: en línea 1
18/12/2020 01:53:31: [Método: Void HandleError(Int32, Oracle.DataAccess.Client.OracleConnection, System.String, IntPtr, Oracle.DataAccess.Client.OpoSqlValCtx*, System.Object, Boolean, Oracle.DataAccess.Client.OracleLogicalTransaction), Línea: 0] - ORA-00001: restricción única (MRVMM_P.PK_FACTOR) violada
ORA-06512: en "MRVMM_P.PKG_MRV_PARAMETROS", línea 130
ORA-06512: en línea 1
18/12/2020 01:53:31: [Método: Int32 ExecuteNonQuery(), Línea: 0] - ORA-00001: restricción única (MRVMM_P.PK_FACTOR) violada
ORA-06512: en "MRVMM_P.PKG_MRV_PARAMETROS", línea 130
ORA-06512: en línea 1
18/12/2020 01:53:31: [Método: Int32 ExecuteNonQuery(Oracle.DataAccess.Client.OracleConnection, System.Data.CommandType, System.String, Oracle.DataAccess.Client.OracleParameter[]), Línea: 255] - ORA-00001: restricción única (MRVMM_P.PK_FACTOR) violada
ORA-06512: en "MRVMM_P.PKG_MRV_PARAMETROS", línea 130
ORA-06512: en línea 1
18/12/2020 01:53:31: [Método: Int32 ExecuteNonQuery(System.String, System.Data.CommandType, System.String, Oracle.DataAccess.Client.OracleParameter[]), Línea: 178] - ORA-00001: restricción única (MRVMM_P.PK_FACTOR) violada
ORA-06512: en "MRVMM_P.PKG_MRV_PARAMETROS", línea 130
ORA-06512: en línea 1
18/12/2020 01:53:31: [Método: entidad.minem.gob.pe.FactorBE RegistraFactor(entidad.minem.gob.pe.FactorBE), Línea: 397] - ORA-00001: restricción única (MRVMM_P.PK_FACTOR) violada
ORA-06512: en "MRVMM_P.PKG_MRV_PARAMETROS", línea 130
ORA-06512: en línea 1
18/12/2020 01:53:37: [Método: Void HandleErrorHelper(Int32, Oracle.DataAccess.Client.OracleConnection, IntPtr, Oracle.DataAccess.Client.OpoSqlValCtx*, System.Object, System.String, Boolean, Int32, Oracle.DataAccess.Client.OracleLogicalTransaction), Línea: 0] - ORA-00001: restricción única (MRVMM_P.PK_FACTOR) violada
ORA-06512: en "MRVMM_P.PKG_MRV_PARAMETROS", línea 130
ORA-06512: en línea 1
18/12/2020 01:53:37: [Método: Void HandleError(Int32, Oracle.DataAccess.Client.OracleConnection, System.String, IntPtr, Oracle.DataAccess.Client.OpoSqlValCtx*, System.Object, Boolean, Oracle.DataAccess.Client.OracleLogicalTransaction), Línea: 0] - ORA-00001: restricción única (MRVMM_P.PK_FACTOR) violada
ORA-06512: en "MRVMM_P.PKG_MRV_PARAMETROS", línea 130
ORA-06512: en línea 1
18/12/2020 01:53:37: [Método: Int32 ExecuteNonQuery(), Línea: 0] - ORA-00001: restricción única (MRVMM_P.PK_FACTOR) violada
ORA-06512: en "MRVMM_P.PKG_MRV_PARAMETROS", línea 130
ORA-06512: en línea 1
18/12/2020 01:53:37: [Método: Int32 ExecuteNonQuery(Oracle.DataAccess.Client.OracleConnection, System.Data.CommandType, System.String, Oracle.DataAccess.Client.OracleParameter[]), Línea: 255] - ORA-00001: restricción única (MRVMM_P.PK_FACTOR) violada
ORA-06512: en "MRVMM_P.PKG_MRV_PARAMETROS", línea 130
ORA-06512: en línea 1
18/12/2020 01:53:37: [Método: Int32 ExecuteNonQuery(System.String, System.Data.CommandType, System.String, Oracle.DataAccess.Client.OracleParameter[]), Línea: 178] - ORA-00001: restricción única (MRVMM_P.PK_FACTOR) violada
ORA-06512: en "MRVMM_P.PKG_MRV_PARAMETROS", línea 130
ORA-06512: en línea 1
18/12/2020 01:53:37: [Método: entidad.minem.gob.pe.FactorBE RegistraFactor(entidad.minem.gob.pe.FactorBE), Línea: 397] - ORA-00001: restricción única (MRVMM_P.PK_FACTOR) violada
ORA-06512: en "MRVMM_P.PKG_MRV_PARAMETROS", línea 130
ORA-06512: en línea 1
18/12/2020 02:17:25: [Método: Void HandleErrorHelper(Int32, Oracle.DataAccess.Client.OracleConnection, IntPtr, Oracle.DataAccess.Client.OpoSqlValCtx*, System.Object, System.String, Boolean, Int32, Oracle.DataAccess.Client.OracleLogicalTransaction), Línea: 0] - ORA-04063: package body "MRVMM_P.PKG_MRV_REPORTES" tiene errores
ORA-06508: PL/SQL: no se ha encontrado la unidad de programa llamada : "MRVMM_P.PKG_MRV_REPORTES"
ORA-06512: en línea 1
18/12/2020 02:17:25: [Método: Void HandleError(Int32, Oracle.DataAccess.Client.OracleConnection, System.String, IntPtr, Oracle.DataAccess.Client.OpoSqlValCtx*, System.Object, Boolean, Oracle.DataAccess.Client.OracleLogicalTransaction), Línea: 0] - ORA-04063: package body "MRVMM_P.PKG_MRV_REPORTES" tiene errores
ORA-06508: PL/SQL: no se ha encontrado la unidad de programa llamada : "MRVMM_P.PKG_MRV_REPORTES"
ORA-06512: en línea 1
18/12/2020 02:17:25: [Método: Oracle.DataAccess.Client.OracleDataReader ExecuteReader(Boolean, Boolean, System.Data.CommandBehavior), Línea: 0] - ORA-04063: package body "MRVMM_P.PKG_MRV_REPORTES" tiene errores
ORA-06508: PL/SQL: no se ha encontrado la unidad de programa llamada : "MRVMM_P.PKG_MRV_REPORTES"
ORA-06512: en línea 1
18/12/2020 02:17:25: [Método: System.Data.Common.DbDataReader ExecuteDbDataReader(System.Data.CommandBehavior), Línea: 0] - ORA-04063: package body "MRVMM_P.PKG_MRV_REPORTES" tiene errores
ORA-06508: PL/SQL: no se ha encontrado la unidad de programa llamada : "MRVMM_P.PKG_MRV_REPORTES"
ORA-06512: en línea 1
18/12/2020 02:17:25: [Método: System.Data.IDataReader System.Data.IDbCommand.ExecuteReader(System.Data.CommandBehavior), Línea: 0] - ORA-04063: package body "MRVMM_P.PKG_MRV_REPORTES" tiene errores
ORA-06508: PL/SQL: no se ha encontrado la unidad de programa llamada : "MRVMM_P.PKG_MRV_REPORTES"
ORA-06512: en línea 1
18/12/2020 02:17:25: [Método: System.Data.IDataReader ExecuteReaderWithFlagsFallback(System.Data.IDbCommand, Boolean, System.Data.CommandBehavior), Línea: 0] - ORA-04063: package body "MRVMM_P.PKG_MRV_REPORTES" tiene errores
ORA-06508: PL/SQL: no se ha encontrado la unidad de programa llamada : "MRVMM_P.PKG_MRV_REPORTES"
ORA-06512: en línea 1
18/12/2020 02:17:25: [Método: Boolean MoveNext(), Línea: 0] - ORA-04063: package body "MRVMM_P.PKG_MRV_REPORTES" tiene errores
ORA-06508: PL/SQL: no se ha encontrado la unidad de programa llamada : "MRVMM_P.PKG_MRV_REPORTES"
ORA-06512: en línea 1
18/12/2020 02:17:25: [Método: Void .ctor(System.Collections.Generic.IEnumerable`1[T]), Línea: 0] - ORA-04063: package body "MRVMM_P.PKG_MRV_REPORTES" tiene errores
ORA-06508: PL/SQL: no se ha encontrado la unidad de programa llamada : "MRVMM_P.PKG_MRV_REPORTES"
ORA-06512: en línea 1
18/12/2020 02:17:25: [Método: System.Collections.Generic.List`1[TSource] ToList[TSource](System.Collections.Generic.IEnumerable`1[TSource]), Línea: 0] - ORA-04063: package body "MRVMM_P.PKG_MRV_REPORTES" tiene errores
ORA-06508: PL/SQL: no se ha encontrado la unidad de programa llamada : "MRVMM_P.PKG_MRV_REPORTES"
ORA-06512: en línea 1
18/12/2020 02:17:25: [Método: System.Collections.Generic.IEnumerable`1[T] Query[T](System.Data.IDbConnection, System.String, System.Object, System.Data.IDbTransaction, Boolean, System.Nullable`1[System.Int32], System.Nullable`1[System.Data.CommandType]), Línea: 0] - ORA-04063: package body "MRVMM_P.PKG_MRV_REPORTES" tiene errores
ORA-06508: PL/SQL: no se ha encontrado la unidad de programa llamada : "MRVMM_P.PKG_MRV_REPORTES"
ORA-06512: en línea 1
18/12/2020 02:17:25: [Método: System.Collections.Generic.List`1[entidad.minem.gob.pe.IniciativaBE] MostrarGeiporAnio(entidad.minem.gob.pe.IniciativaBE), Línea: 1460] - ORA-04063: package body "MRVMM_P.PKG_MRV_REPORTES" tiene errores
ORA-06508: PL/SQL: no se ha encontrado la unidad de programa llamada : "MRVMM_P.PKG_MRV_REPORTES"
ORA-06512: en línea 1
