26/01/2020 05:11:16 p.m.: [Método: Void Send(System.Net.Mail.MailMessage), Línea: 0] - Se excedió el tiempo de espera de la operación.
26/01/2020 05:11:16 p.m.: [Método: Boolean EnviarEmail(System.String, System.String, System.Collections.Generic.List`1[System.String], System.String, System.String, Boolean, System.Collections.Generic.List`1[System.String], System.Collections.Generic.List`1[System.String], System.Collections.Generic.List`1[System.Net.Mail.Attachment]), Línea: 103] - Se excedió el tiempo de espera de la operación.
26/01/2020 07:44:52 p.m.: [Método: Void Open(), Línea: 0] - No se puede obtener acceso al objeto desechado.
Nombre del objeto: 'OracleConnection'.
26/01/2020 07:44:52 p.m.: [Método: Boolean MoveNext(), Línea: 0] - No se puede obtener acceso al objeto desechado.
Nombre del objeto: 'OracleConnection'.
26/01/2020 07:44:52 p.m.: [Método: Void .ctor(System.Collections.Generic.IEnumerable`1[T]), Línea: 0] - No se puede obtener acceso al objeto desechado.
Nombre del objeto: 'OracleConnection'.
26/01/2020 07:44:52 p.m.: [Método: System.Collections.Generic.List`1[TSource] ToList[TSource](System.Collections.Generic.IEnumerable`1[TSource]), Línea: 0] - No se puede obtener acceso al objeto desechado.
Nombre del objeto: 'OracleConnection'.
26/01/2020 07:44:52 p.m.: [Método: System.Collections.Generic.IEnumerable`1[T] Query[T](System.Data.IDbConnection, System.String, System.Object, System.Data.IDbTransaction, Boolean, System.Nullable`1[System.Int32], System.Nullable`1[System.Data.CommandType]), Línea: 0] - No se puede obtener acceso al objeto desechado.
Nombre del objeto: 'OracleConnection'.
26/01/2020 07:44:52 p.m.: [Método: System.Collections.Generic.List`1[entidad.minem.gob.pe.IniciativaBE] ListaObservado(entidad.minem.gob.pe.IniciativaBE), Línea: 600] - No se puede obtener acceso al objeto desechado.
Nombre del objeto: 'OracleConnection'.
26/01/2020 09:32:22 p.m.: [Método: Void HandleErrorHelper(Int32, Oracle.DataAccess.Client.OracleConnection, IntPtr, Oracle.DataAccess.Client.OpoSqlValCtx*, System.Object, System.String, Boolean, Int32, Oracle.DataAccess.Client.OracleLogicalTransaction), Línea: 0] - ORA-00907: falta el paréntesis derecho
ORA-06512: en "USERMRV.PKG_MRV_INICIATIVA_MITIGACION", línea 623
ORA-06512: en línea 1
26/01/2020 09:32:22 p.m.: [Método: Void HandleError(Int32, Oracle.DataAccess.Client.OracleConnection, System.String, IntPtr, Oracle.DataAccess.Client.OpoSqlValCtx*, System.Object, Boolean, Oracle.DataAccess.Client.OracleLogicalTransaction), Línea: 0] - ORA-00907: falta el paréntesis derecho
ORA-06512: en "USERMRV.PKG_MRV_INICIATIVA_MITIGACION", línea 623
ORA-06512: en línea 1
26/01/2020 09:32:22 p.m.: [Método: Oracle.DataAccess.Client.OracleDataReader ExecuteReader(Boolean, Boolean, System.Data.CommandBehavior), Línea: 0] - ORA-00907: falta el paréntesis derecho
ORA-06512: en "USERMRV.PKG_MRV_INICIATIVA_MITIGACION", línea 623
ORA-06512: en línea 1
26/01/2020 09:32:22 p.m.: [Método: System.Data.Common.DbDataReader ExecuteDbDataReader(System.Data.CommandBehavior), Línea: 0] - ORA-00907: falta el paréntesis derecho
ORA-06512: en "USERMRV.PKG_MRV_INICIATIVA_MITIGACION", línea 623
ORA-06512: en línea 1
26/01/2020 09:32:22 p.m.: [Método: System.Data.IDataReader System.Data.IDbCommand.ExecuteReader(System.Data.CommandBehavior), Línea: 0] - ORA-00907: falta el paréntesis derecho
ORA-06512: en "USERMRV.PKG_MRV_INICIATIVA_MITIGACION", línea 623
ORA-06512: en línea 1
26/01/2020 09:32:22 p.m.: [Método: System.Data.IDataReader ExecuteReaderWithFlagsFallback(System.Data.IDbCommand, Boolean, System.Data.CommandBehavior), Línea: 0] - ORA-00907: falta el paréntesis derecho
ORA-06512: en "USERMRV.PKG_MRV_INICIATIVA_MITIGACION", línea 623
ORA-06512: en línea 1
26/01/2020 09:32:22 p.m.: [Método: Boolean MoveNext(), Línea: 0] - ORA-00907: falta el paréntesis derecho
ORA-06512: en "USERMRV.PKG_MRV_INICIATIVA_MITIGACION", línea 623
ORA-06512: en línea 1
26/01/2020 09:32:22 p.m.: [Método: Void .ctor(System.Collections.Generic.IEnumerable`1[T]), Línea: 0] - ORA-00907: falta el paréntesis derecho
ORA-06512: en "USERMRV.PKG_MRV_INICIATIVA_MITIGACION", línea 623
ORA-06512: en línea 1
26/01/2020 09:32:22 p.m.: [Método: System.Collections.Generic.List`1[TSource] ToList[TSource](System.Collections.Generic.IEnumerable`1[TSource]), Línea: 0] - ORA-00907: falta el paréntesis derecho
ORA-06512: en "USERMRV.PKG_MRV_INICIATIVA_MITIGACION", línea 623
ORA-06512: en línea 1
26/01/2020 09:32:23 p.m.: [Método: System.Collections.Generic.IEnumerable`1[T] Query[T](System.Data.IDbConnection, System.String, System.Object, System.Data.IDbTransaction, Boolean, System.Nullable`1[System.Int32], System.Nullable`1[System.Data.CommandType]), Línea: 0] - ORA-00907: falta el paréntesis derecho
ORA-06512: en "USERMRV.PKG_MRV_INICIATIVA_MITIGACION", línea 623
ORA-06512: en línea 1
26/01/2020 09:32:23 p.m.: [Método: System.Collections.Generic.List`1[entidad.minem.gob.pe.IniciativaBE] ListaIniciativaGeneral(entidad.minem.gob.pe.IniciativaBE), Línea: 96] - ORA-00907: falta el paréntesis derecho
ORA-06512: en "USERMRV.PKG_MRV_INICIATIVA_MITIGACION", línea 623
ORA-06512: en línea 1
26/01/2020 09:32:31 p.m.: [Método: Void HandleErrorHelper(Int32, Oracle.DataAccess.Client.OracleConnection, IntPtr, Oracle.DataAccess.Client.OpoSqlValCtx*, System.Object, System.String, Boolean, Int32, Oracle.DataAccess.Client.OracleLogicalTransaction), Línea: 0] - ORA-00907: falta el paréntesis derecho
ORA-06512: en "USERMRV.PKG_MRV_INICIATIVA_MITIGACION", línea 623
ORA-06512: en línea 1
26/01/2020 09:32:31 p.m.: [Método: Void HandleError(Int32, Oracle.DataAccess.Client.OracleConnection, System.String, IntPtr, Oracle.DataAccess.Client.OpoSqlValCtx*, System.Object, Boolean, Oracle.DataAccess.Client.OracleLogicalTransaction), Línea: 0] - ORA-00907: falta el paréntesis derecho
ORA-06512: en "USERMRV.PKG_MRV_INICIATIVA_MITIGACION", línea 623
ORA-06512: en línea 1
26/01/2020 09:32:31 p.m.: [Método: Oracle.DataAccess.Client.OracleDataReader ExecuteReader(Boolean, Boolean, System.Data.CommandBehavior), Línea: 0] - ORA-00907: falta el paréntesis derecho
ORA-06512: en "USERMRV.PKG_MRV_INICIATIVA_MITIGACION", línea 623
ORA-06512: en línea 1
26/01/2020 09:32:31 p.m.: [Método: System.Data.Common.DbDataReader ExecuteDbDataReader(System.Data.CommandBehavior), Línea: 0] - ORA-00907: falta el paréntesis derecho
ORA-06512: en "USERMRV.PKG_MRV_INICIATIVA_MITIGACION", línea 623
ORA-06512: en línea 1
26/01/2020 09:32:31 p.m.: [Método: System.Data.IDataReader System.Data.IDbCommand.ExecuteReader(System.Data.CommandBehavior), Línea: 0] - ORA-00907: falta el paréntesis derecho
ORA-06512: en "USERMRV.PKG_MRV_INICIATIVA_MITIGACION", línea 623
ORA-06512: en línea 1
26/01/2020 09:32:31 p.m.: [Método: System.Data.IDataReader ExecuteReaderWithFlagsFallback(System.Data.IDbCommand, Boolean, System.Data.CommandBehavior), Línea: 0] - ORA-00907: falta el paréntesis derecho
ORA-06512: en "USERMRV.PKG_MRV_INICIATIVA_MITIGACION", línea 623
ORA-06512: en línea 1
26/01/2020 09:32:31 p.m.: [Método: Boolean MoveNext(), Línea: 0] - ORA-00907: falta el paréntesis derecho
ORA-06512: en "USERMRV.PKG_MRV_INICIATIVA_MITIGACION", línea 623
ORA-06512: en línea 1
26/01/2020 09:32:31 p.m.: [Método: Void .ctor(System.Collections.Generic.IEnumerable`1[T]), Línea: 0] - ORA-00907: falta el paréntesis derecho
ORA-06512: en "USERMRV.PKG_MRV_INICIATIVA_MITIGACION", línea 623
ORA-06512: en línea 1
26/01/2020 09:32:31 p.m.: [Método: System.Collections.Generic.List`1[TSource] ToList[TSource](System.Collections.Generic.IEnumerable`1[TSource]), Línea: 0] - ORA-00907: falta el paréntesis derecho
ORA-06512: en "USERMRV.PKG_MRV_INICIATIVA_MITIGACION", línea 623
ORA-06512: en línea 1
26/01/2020 09:32:31 p.m.: [Método: System.Collections.Generic.IEnumerable`1[T] Query[T](System.Data.IDbConnection, System.String, System.Object, System.Data.IDbTransaction, Boolean, System.Nullable`1[System.Int32], System.Nullable`1[System.Data.CommandType]), Línea: 0] - ORA-00907: falta el paréntesis derecho
ORA-06512: en "USERMRV.PKG_MRV_INICIATIVA_MITIGACION", línea 623
ORA-06512: en línea 1
26/01/2020 09:32:31 p.m.: [Método: System.Collections.Generic.List`1[entidad.minem.gob.pe.IniciativaBE] ListaIniciativaGeneral(entidad.minem.gob.pe.IniciativaBE), Línea: 96] - ORA-00907: falta el paréntesis derecho
ORA-06512: en "USERMRV.PKG_MRV_INICIATIVA_MITIGACION", línea 623
ORA-06512: en línea 1
26/01/2020 09:32:37 p.m.: [Método: Void HandleErrorHelper(Int32, Oracle.DataAccess.Client.OracleConnection, IntPtr, Oracle.DataAccess.Client.OpoSqlValCtx*, System.Object, System.String, Boolean, Int32, Oracle.DataAccess.Client.OracleLogicalTransaction), Línea: 0] - ORA-00907: falta el paréntesis derecho
ORA-06512: en "USERMRV.PKG_MRV_INICIATIVA_MITIGACION", línea 623
ORA-06512: en línea 1
26/01/2020 09:32:37 p.m.: [Método: Void HandleError(Int32, Oracle.DataAccess.Client.OracleConnection, System.String, IntPtr, Oracle.DataAccess.Client.OpoSqlValCtx*, System.Object, Boolean, Oracle.DataAccess.Client.OracleLogicalTransaction), Línea: 0] - ORA-00907: falta el paréntesis derecho
ORA-06512: en "USERMRV.PKG_MRV_INICIATIVA_MITIGACION", línea 623
ORA-06512: en línea 1
26/01/2020 09:32:37 p.m.: [Método: Oracle.DataAccess.Client.OracleDataReader ExecuteReader(Boolean, Boolean, System.Data.CommandBehavior), Línea: 0] - ORA-00907: falta el paréntesis derecho
ORA-06512: en "USERMRV.PKG_MRV_INICIATIVA_MITIGACION", línea 623
ORA-06512: en línea 1
26/01/2020 09:32:37 p.m.: [Método: System.Data.Common.DbDataReader ExecuteDbDataReader(System.Data.CommandBehavior), Línea: 0] - ORA-00907: falta el paréntesis derecho
ORA-06512: en "USERMRV.PKG_MRV_INICIATIVA_MITIGACION", línea 623
ORA-06512: en línea 1
26/01/2020 09:32:37 p.m.: [Método: System.Data.IDataReader System.Data.IDbCommand.ExecuteReader(System.Data.CommandBehavior), Línea: 0] - ORA-00907: falta el paréntesis derecho
ORA-06512: en "USERMRV.PKG_MRV_INICIATIVA_MITIGACION", línea 623
ORA-06512: en línea 1
26/01/2020 09:32:37 p.m.: [Método: System.Data.IDataReader ExecuteReaderWithFlagsFallback(System.Data.IDbCommand, Boolean, System.Data.CommandBehavior), Línea: 0] - ORA-00907: falta el paréntesis derecho
ORA-06512: en "USERMRV.PKG_MRV_INICIATIVA_MITIGACION", línea 623
ORA-06512: en línea 1
26/01/2020 09:32:37 p.m.: [Método: Boolean MoveNext(), Línea: 0] - ORA-00907: falta el paréntesis derecho
ORA-06512: en "USERMRV.PKG_MRV_INICIATIVA_MITIGACION", línea 623
ORA-06512: en línea 1
26/01/2020 09:32:37 p.m.: [Método: Void .ctor(System.Collections.Generic.IEnumerable`1[T]), Línea: 0] - ORA-00907: falta el paréntesis derecho
ORA-06512: en "USERMRV.PKG_MRV_INICIATIVA_MITIGACION", línea 623
ORA-06512: en línea 1
26/01/2020 09:32:37 p.m.: [Método: System.Collections.Generic.List`1[TSource] ToList[TSource](System.Collections.Generic.IEnumerable`1[TSource]), Línea: 0] - ORA-00907: falta el paréntesis derecho
ORA-06512: en "USERMRV.PKG_MRV_INICIATIVA_MITIGACION", línea 623
ORA-06512: en línea 1
26/01/2020 09:32:37 p.m.: [Método: System.Collections.Generic.IEnumerable`1[T] Query[T](System.Data.IDbConnection, System.String, System.Object, System.Data.IDbTransaction, Boolean, System.Nullable`1[System.Int32], System.Nullable`1[System.Data.CommandType]), Línea: 0] - ORA-00907: falta el paréntesis derecho
ORA-06512: en "USERMRV.PKG_MRV_INICIATIVA_MITIGACION", línea 623
ORA-06512: en línea 1
26/01/2020 09:32:37 p.m.: [Método: System.Collections.Generic.List`1[entidad.minem.gob.pe.IniciativaBE] ListaIniciativaGeneral(entidad.minem.gob.pe.IniciativaBE), Línea: 96] - ORA-00907: falta el paréntesis derecho
ORA-06512: en "USERMRV.PKG_MRV_INICIATIVA_MITIGACION", línea 623
ORA-06512: en línea 1
26/01/2020 09:32:41 p.m.: [Método: Void HandleErrorHelper(Int32, Oracle.DataAccess.Client.OracleConnection, IntPtr, Oracle.DataAccess.Client.OpoSqlValCtx*, System.Object, System.String, Boolean, Int32, Oracle.DataAccess.Client.OracleLogicalTransaction), Línea: 0] - ORA-00907: falta el paréntesis derecho
ORA-06512: en "USERMRV.PKG_MRV_INICIATIVA_MITIGACION", línea 623
ORA-06512: en línea 1
26/01/2020 09:32:41 p.m.: [Método: Void HandleError(Int32, Oracle.DataAccess.Client.OracleConnection, System.String, IntPtr, Oracle.DataAccess.Client.OpoSqlValCtx*, System.Object, Boolean, Oracle.DataAccess.Client.OracleLogicalTransaction), Línea: 0] - ORA-00907: falta el paréntesis derecho
ORA-06512: en "USERMRV.PKG_MRV_INICIATIVA_MITIGACION", línea 623
ORA-06512: en línea 1
26/01/2020 09:32:41 p.m.: [Método: Oracle.DataAccess.Client.OracleDataReader ExecuteReader(Boolean, Boolean, System.Data.CommandBehavior), Línea: 0] - ORA-00907: falta el paréntesis derecho
ORA-06512: en "USERMRV.PKG_MRV_INICIATIVA_MITIGACION", línea 623
ORA-06512: en línea 1
26/01/2020 09:32:41 p.m.: [Método: System.Data.Common.DbDataReader ExecuteDbDataReader(System.Data.CommandBehavior), Línea: 0] - ORA-00907: falta el paréntesis derecho
ORA-06512: en "USERMRV.PKG_MRV_INICIATIVA_MITIGACION", línea 623
ORA-06512: en línea 1
26/01/2020 09:32:41 p.m.: [Método: System.Data.IDataReader System.Data.IDbCommand.ExecuteReader(System.Data.CommandBehavior), Línea: 0] - ORA-00907: falta el paréntesis derecho
ORA-06512: en "USERMRV.PKG_MRV_INICIATIVA_MITIGACION", línea 623
ORA-06512: en línea 1
26/01/2020 09:32:41 p.m.: [Método: System.Data.IDataReader ExecuteReaderWithFlagsFallback(System.Data.IDbCommand, Boolean, System.Data.CommandBehavior), Línea: 0] - ORA-00907: falta el paréntesis derecho
ORA-06512: en "USERMRV.PKG_MRV_INICIATIVA_MITIGACION", línea 623
ORA-06512: en línea 1
26/01/2020 09:32:41 p.m.: [Método: Boolean MoveNext(), Línea: 0] - ORA-00907: falta el paréntesis derecho
ORA-06512: en "USERMRV.PKG_MRV_INICIATIVA_MITIGACION", línea 623
ORA-06512: en línea 1
26/01/2020 09:32:41 p.m.: [Método: Void .ctor(System.Collections.Generic.IEnumerable`1[T]), Línea: 0] - ORA-00907: falta el paréntesis derecho
ORA-06512: en "USERMRV.PKG_MRV_INICIATIVA_MITIGACION", línea 623
ORA-06512: en línea 1
26/01/2020 09:32:41 p.m.: [Método: System.Collections.Generic.List`1[TSource] ToList[TSource](System.Collections.Generic.IEnumerable`1[TSource]), Línea: 0] - ORA-00907: falta el paréntesis derecho
ORA-06512: en "USERMRV.PKG_MRV_INICIATIVA_MITIGACION", línea 623
ORA-06512: en línea 1
26/01/2020 09:32:41 p.m.: [Método: System.Collections.Generic.IEnumerable`1[T] Query[T](System.Data.IDbConnection, System.String, System.Object, System.Data.IDbTransaction, Boolean, System.Nullable`1[System.Int32], System.Nullable`1[System.Data.CommandType]), Línea: 0] - ORA-00907: falta el paréntesis derecho
ORA-06512: en "USERMRV.PKG_MRV_INICIATIVA_MITIGACION", línea 623
ORA-06512: en línea 1
26/01/2020 09:32:41 p.m.: [Método: System.Collections.Generic.List`1[entidad.minem.gob.pe.IniciativaBE] ListaIniciativaGeneral(entidad.minem.gob.pe.IniciativaBE), Línea: 96] - ORA-00907: falta el paréntesis derecho
ORA-06512: en "USERMRV.PKG_MRV_INICIATIVA_MITIGACION", línea 623
ORA-06512: en línea 1
26/01/2020 09:32:46 p.m.: [Método: Void HandleErrorHelper(Int32, Oracle.DataAccess.Client.OracleConnection, IntPtr, Oracle.DataAccess.Client.OpoSqlValCtx*, System.Object, System.String, Boolean, Int32, Oracle.DataAccess.Client.OracleLogicalTransaction), Línea: 0] - ORA-00907: falta el paréntesis derecho
ORA-06512: en "USERMRV.PKG_MRV_INICIATIVA_MITIGACION", línea 623
ORA-06512: en línea 1
26/01/2020 09:32:46 p.m.: [Método: Void HandleError(Int32, Oracle.DataAccess.Client.OracleConnection, System.String, IntPtr, Oracle.DataAccess.Client.OpoSqlValCtx*, System.Object, Boolean, Oracle.DataAccess.Client.OracleLogicalTransaction), Línea: 0] - ORA-00907: falta el paréntesis derecho
ORA-06512: en "USERMRV.PKG_MRV_INICIATIVA_MITIGACION", línea 623
ORA-06512: en línea 1
26/01/2020 09:32:46 p.m.: [Método: Oracle.DataAccess.Client.OracleDataReader ExecuteReader(Boolean, Boolean, System.Data.CommandBehavior), Línea: 0] - ORA-00907: falta el paréntesis derecho
ORA-06512: en "USERMRV.PKG_MRV_INICIATIVA_MITIGACION", línea 623
ORA-06512: en línea 1
26/01/2020 09:32:46 p.m.: [Método: System.Data.Common.DbDataReader ExecuteDbDataReader(System.Data.CommandBehavior), Línea: 0] - ORA-00907: falta el paréntesis derecho
ORA-06512: en "USERMRV.PKG_MRV_INICIATIVA_MITIGACION", línea 623
ORA-06512: en línea 1
26/01/2020 09:32:46 p.m.: [Método: System.Data.IDataReader System.Data.IDbCommand.ExecuteReader(System.Data.CommandBehavior), Línea: 0] - ORA-00907: falta el paréntesis derecho
ORA-06512: en "USERMRV.PKG_MRV_INICIATIVA_MITIGACION", línea 623
ORA-06512: en línea 1
26/01/2020 09:32:46 p.m.: [Método: System.Data.IDataReader ExecuteReaderWithFlagsFallback(System.Data.IDbCommand, Boolean, System.Data.CommandBehavior), Línea: 0] - ORA-00907: falta el paréntesis derecho
ORA-06512: en "USERMRV.PKG_MRV_INICIATIVA_MITIGACION", línea 623
ORA-06512: en línea 1
26/01/2020 09:32:46 p.m.: [Método: Boolean MoveNext(), Línea: 0] - ORA-00907: falta el paréntesis derecho
ORA-06512: en "USERMRV.PKG_MRV_INICIATIVA_MITIGACION", línea 623
ORA-06512: en línea 1
26/01/2020 09:32:46 p.m.: [Método: Void .ctor(System.Collections.Generic.IEnumerable`1[T]), Línea: 0] - ORA-00907: falta el paréntesis derecho
ORA-06512: en "USERMRV.PKG_MRV_INICIATIVA_MITIGACION", línea 623
ORA-06512: en línea 1
26/01/2020 09:32:46 p.m.: [Método: System.Collections.Generic.List`1[TSource] ToList[TSource](System.Collections.Generic.IEnumerable`1[TSource]), Línea: 0] - ORA-00907: falta el paréntesis derecho
ORA-06512: en "USERMRV.PKG_MRV_INICIATIVA_MITIGACION", línea 623
ORA-06512: en línea 1
26/01/2020 09:32:46 p.m.: [Método: System.Collections.Generic.IEnumerable`1[T] Query[T](System.Data.IDbConnection, System.String, System.Object, System.Data.IDbTransaction, Boolean, System.Nullable`1[System.Int32], System.Nullable`1[System.Data.CommandType]), Línea: 0] - ORA-00907: falta el paréntesis derecho
ORA-06512: en "USERMRV.PKG_MRV_INICIATIVA_MITIGACION", línea 623
ORA-06512: en línea 1
26/01/2020 09:32:46 p.m.: [Método: System.Collections.Generic.List`1[entidad.minem.gob.pe.IniciativaBE] ListaIniciativaGeneral(entidad.minem.gob.pe.IniciativaBE), Línea: 96] - ORA-00907: falta el paréntesis derecho
ORA-06512: en "USERMRV.PKG_MRV_INICIATIVA_MITIGACION", línea 623
ORA-06512: en línea 1
26/01/2020 09:32:48 p.m.: [Método: Void HandleErrorHelper(Int32, Oracle.DataAccess.Client.OracleConnection, IntPtr, Oracle.DataAccess.Client.OpoSqlValCtx*, System.Object, System.String, Boolean, Int32, Oracle.DataAccess.Client.OracleLogicalTransaction), Línea: 0] - ORA-00907: falta el paréntesis derecho
ORA-06512: en "USERMRV.PKG_MRV_INICIATIVA_MITIGACION", línea 623
ORA-06512: en línea 1
26/01/2020 09:32:48 p.m.: [Método: Void HandleError(Int32, Oracle.DataAccess.Client.OracleConnection, System.String, IntPtr, Oracle.DataAccess.Client.OpoSqlValCtx*, System.Object, Boolean, Oracle.DataAccess.Client.OracleLogicalTransaction), Línea: 0] - ORA-00907: falta el paréntesis derecho
ORA-06512: en "USERMRV.PKG_MRV_INICIATIVA_MITIGACION", línea 623
ORA-06512: en línea 1
26/01/2020 09:32:48 p.m.: [Método: Oracle.DataAccess.Client.OracleDataReader ExecuteReader(Boolean, Boolean, System.Data.CommandBehavior), Línea: 0] - ORA-00907: falta el paréntesis derecho
ORA-06512: en "USERMRV.PKG_MRV_INICIATIVA_MITIGACION", línea 623
ORA-06512: en línea 1
26/01/2020 09:32:48 p.m.: [Método: System.Data.Common.DbDataReader ExecuteDbDataReader(System.Data.CommandBehavior), Línea: 0] - ORA-00907: falta el paréntesis derecho
ORA-06512: en "USERMRV.PKG_MRV_INICIATIVA_MITIGACION", línea 623
ORA-06512: en línea 1
26/01/2020 09:32:48 p.m.: [Método: System.Data.IDataReader System.Data.IDbCommand.ExecuteReader(System.Data.CommandBehavior), Línea: 0] - ORA-00907: falta el paréntesis derecho
ORA-06512: en "USERMRV.PKG_MRV_INICIATIVA_MITIGACION", línea 623
ORA-06512: en línea 1
26/01/2020 09:32:48 p.m.: [Método: System.Data.IDataReader ExecuteReaderWithFlagsFallback(System.Data.IDbCommand, Boolean, System.Data.CommandBehavior), Línea: 0] - ORA-00907: falta el paréntesis derecho
ORA-06512: en "USERMRV.PKG_MRV_INICIATIVA_MITIGACION", línea 623
ORA-06512: en línea 1
26/01/2020 09:32:48 p.m.: [Método: Boolean MoveNext(), Línea: 0] - ORA-00907: falta el paréntesis derecho
ORA-06512: en "USERMRV.PKG_MRV_INICIATIVA_MITIGACION", línea 623
ORA-06512: en línea 1
26/01/2020 09:32:48 p.m.: [Método: Void .ctor(System.Collections.Generic.IEnumerable`1[T]), Línea: 0] - ORA-00907: falta el paréntesis derecho
ORA-06512: en "USERMRV.PKG_MRV_INICIATIVA_MITIGACION", línea 623
ORA-06512: en línea 1
26/01/2020 09:32:48 p.m.: [Método: System.Collections.Generic.List`1[TSource] ToList[TSource](System.Collections.Generic.IEnumerable`1[TSource]), Línea: 0] - ORA-00907: falta el paréntesis derecho
ORA-06512: en "USERMRV.PKG_MRV_INICIATIVA_MITIGACION", línea 623
ORA-06512: en línea 1
26/01/2020 09:32:48 p.m.: [Método: System.Collections.Generic.IEnumerable`1[T] Query[T](System.Data.IDbConnection, System.String, System.Object, System.Data.IDbTransaction, Boolean, System.Nullable`1[System.Int32], System.Nullable`1[System.Data.CommandType]), Línea: 0] - ORA-00907: falta el paréntesis derecho
ORA-06512: en "USERMRV.PKG_MRV_INICIATIVA_MITIGACION", línea 623
ORA-06512: en línea 1
26/01/2020 09:32:48 p.m.: [Método: System.Collections.Generic.List`1[entidad.minem.gob.pe.IniciativaBE] ListaIniciativaGeneral(entidad.minem.gob.pe.IniciativaBE), Línea: 96] - ORA-00907: falta el paréntesis derecho
ORA-06512: en "USERMRV.PKG_MRV_INICIATIVA_MITIGACION", línea 623
ORA-06512: en línea 1
