10/03/2020 12:17:50 a.m.: [Método: Void StringToNumber(System.String, System.Globalization.NumberStyles, NumberBuffer ByRef, System.Globalization.NumberFormatInfo, Boolean), Línea: 0] - La cadena de entrada no tiene el formato correcto.
10/03/2020 12:17:50 a.m.: [Método: Int32 ParseInt32(System.String, System.Globalization.NumberStyles, System.Globalization.NumberFormatInfo), Línea: 0] - La cadena de entrada no tiene el formato correcto.
10/03/2020 12:17:50 a.m.: [Método: Int32 ToInt32(System.String), Línea: 0] - La cadena de entrada no tiene el formato correcto.
10/03/2020 12:17:50 a.m.: [Método: System.Collections.Generic.List`1[entidad.minem.gob.pe.FactorBE] ListarFactoresVerificar(System.String), Línea: 809] - La cadena de entrada no tiene el formato correcto.
10/03/2020 12:02:02 p.m.: [Método: Void HandleErrorHelper(Int32, Oracle.DataAccess.Client.OracleConnection, IntPtr, Oracle.DataAccess.Client.OpoSqlValCtx*, System.Object, System.String, Boolean, Int32, Oracle.DataAccess.Client.OracleLogicalTransaction), Línea: 0] - ORA-06502: PL/SQL: error : error de conversión de carácter a número numérico o de valor
ORA-06512: en línea 1
10/03/2020 12:02:02 p.m.: [Método: Void HandleError(Int32, Oracle.DataAccess.Client.OracleConnection, System.String, IntPtr, Oracle.DataAccess.Client.OpoSqlValCtx*, System.Object, Boolean, Oracle.DataAccess.Client.OracleLogicalTransaction), Línea: 0] - ORA-06502: PL/SQL: error : error de conversión de carácter a número numérico o de valor
ORA-06512: en línea 1
10/03/2020 12:02:02 p.m.: [Método: Oracle.DataAccess.Client.OracleDataReader ExecuteReader(Boolean, Boolean, System.Data.CommandBehavior), Línea: 0] - ORA-06502: PL/SQL: error : error de conversión de carácter a número numérico o de valor
ORA-06512: en línea 1
10/03/2020 12:02:02 p.m.: [Método: Oracle.DataAccess.Client.OracleDataReader ExecuteReader(), Línea: 0] - ORA-06502: PL/SQL: error : error de conversión de carácter a número numérico o de valor
ORA-06512: en línea 1
10/03/2020 12:02:02 p.m.: [Método: System.Object ExecuteScalar(), Línea: 0] - ORA-06502: PL/SQL: error : error de conversión de carácter a número numérico o de valor
ORA-06512: en línea 1
10/03/2020 12:02:02 p.m.: [Método: T ExecuteScalarImpl[T](System.Data.IDbConnection, Dapper.CommandDefinition ByRef), Línea: 0] - ORA-06502: PL/SQL: error : error de conversión de carácter a número numérico o de valor
ORA-06512: en línea 1
10/03/2020 12:02:02 p.m.: [Método: System.Object ExecuteScalar(System.Data.IDbConnection, System.String, System.Object, System.Data.IDbTransaction, System.Nullable`1[System.Int32], System.Nullable`1[System.Data.CommandType]), Línea: 0] - ORA-06502: PL/SQL: error : error de conversión de carácter a número numérico o de valor
ORA-06512: en línea 1
10/03/2020 12:02:02 p.m.: [Método: Int32 VerificarIniciativaMitigacion(entidad.minem.gob.pe.IniciativaBE), Línea: 2049] - ORA-06502: PL/SQL: error : error de conversión de carácter a número numérico o de valor
ORA-06512: en línea 1
10/03/2020 02:03:39 p.m.: [Método: Void HandleErrorHelper(Int32, Oracle.DataAccess.Client.OracleConnection, IntPtr, Oracle.DataAccess.Client.OpoSqlValCtx*, System.Object, System.String, Boolean, Int32, Oracle.DataAccess.Client.OracleLogicalTransaction), Línea: 0] - ORA-00936: falta una expresión
ORA-06512: en "MRVMM.PKG_MRV_INICIATIVA_MITIGACION", línea 4360
ORA-06512: en línea 1
10/03/2020 02:03:39 p.m.: [Método: Void HandleError(Int32, Oracle.DataAccess.Client.OracleConnection, System.String, IntPtr, Oracle.DataAccess.Client.OpoSqlValCtx*, System.Object, Boolean, Oracle.DataAccess.Client.OracleLogicalTransaction), Línea: 0] - ORA-00936: falta una expresión
ORA-06512: en "MRVMM.PKG_MRV_INICIATIVA_MITIGACION", línea 4360
ORA-06512: en línea 1
10/03/2020 02:03:39 p.m.: [Método: Oracle.DataAccess.Client.OracleDataReader ExecuteReader(Boolean, Boolean, System.Data.CommandBehavior), Línea: 0] - ORA-00936: falta una expresión
ORA-06512: en "MRVMM.PKG_MRV_INICIATIVA_MITIGACION", línea 4360
ORA-06512: en línea 1
10/03/2020 02:03:39 p.m.: [Método: System.Data.Common.DbDataReader ExecuteDbDataReader(System.Data.CommandBehavior), Línea: 0] - ORA-00936: falta una expresión
ORA-06512: en "MRVMM.PKG_MRV_INICIATIVA_MITIGACION", línea 4360
ORA-06512: en línea 1
10/03/2020 02:03:39 p.m.: [Método: System.Data.IDataReader System.Data.IDbCommand.ExecuteReader(System.Data.CommandBehavior), Línea: 0] - ORA-00936: falta una expresión
ORA-06512: en "MRVMM.PKG_MRV_INICIATIVA_MITIGACION", línea 4360
ORA-06512: en línea 1
10/03/2020 02:03:39 p.m.: [Método: System.Data.IDataReader ExecuteReaderWithFlagsFallback(System.Data.IDbCommand, Boolean, System.Data.CommandBehavior), Línea: 0] - ORA-00936: falta una expresión
ORA-06512: en "MRVMM.PKG_MRV_INICIATIVA_MITIGACION", línea 4360
ORA-06512: en línea 1
10/03/2020 02:03:39 p.m.: [Método: Boolean MoveNext(), Línea: 0] - ORA-00936: falta una expresión
ORA-06512: en "MRVMM.PKG_MRV_INICIATIVA_MITIGACION", línea 4360
ORA-06512: en línea 1
10/03/2020 02:03:39 p.m.: [Método: Void .ctor(System.Collections.Generic.IEnumerable`1[T]), Línea: 0] - ORA-00936: falta una expresión
ORA-06512: en "MRVMM.PKG_MRV_INICIATIVA_MITIGACION", línea 4360
ORA-06512: en línea 1
10/03/2020 02:03:39 p.m.: [Método: System.Collections.Generic.List`1[TSource] ToList[TSource](System.Collections.Generic.IEnumerable`1[TSource]), Línea: 0] - ORA-00936: falta una expresión
ORA-06512: en "MRVMM.PKG_MRV_INICIATIVA_MITIGACION", línea 4360
ORA-06512: en línea 1
10/03/2020 02:03:39 p.m.: [Método: System.Collections.Generic.IEnumerable`1[T] Query[T](System.Data.IDbConnection, System.String, System.Object, System.Data.IDbTransaction, Boolean, System.Nullable`1[System.Int32], System.Nullable`1[System.Data.CommandType]), Línea: 0] - ORA-00936: falta una expresión
ORA-06512: en "MRVMM.PKG_MRV_INICIATIVA_MITIGACION", línea 4360
ORA-06512: en línea 1
10/03/2020 02:03:39 p.m.: [Método: System.Collections.Generic.List`1[entidad.minem.gob.pe.IniciativaBE] ListaBusquedaSimplePrivado(entidad.minem.gob.pe.IniciativaBE), Línea: 1409] - ORA-00936: falta una expresión
ORA-06512: en "MRVMM.PKG_MRV_INICIATIVA_MITIGACION", línea 4360
ORA-06512: en línea 1
10/03/2020 02:04:37 p.m.: [Método: Void HandleErrorHelper(Int32, Oracle.DataAccess.Client.OracleConnection, IntPtr, Oracle.DataAccess.Client.OpoSqlValCtx*, System.Object, System.String, Boolean, Int32, Oracle.DataAccess.Client.OracleLogicalTransaction), Línea: 0] - ORA-00936: falta una expresión
ORA-06512: en "MRVMM.PKG_MRV_INICIATIVA_MITIGACION", línea 4360
ORA-06512: en línea 1
10/03/2020 02:04:37 p.m.: [Método: Void HandleError(Int32, Oracle.DataAccess.Client.OracleConnection, System.String, IntPtr, Oracle.DataAccess.Client.OpoSqlValCtx*, System.Object, Boolean, Oracle.DataAccess.Client.OracleLogicalTransaction), Línea: 0] - ORA-00936: falta una expresión
ORA-06512: en "MRVMM.PKG_MRV_INICIATIVA_MITIGACION", línea 4360
ORA-06512: en línea 1
10/03/2020 02:04:37 p.m.: [Método: Oracle.DataAccess.Client.OracleDataReader ExecuteReader(Boolean, Boolean, System.Data.CommandBehavior), Línea: 0] - ORA-00936: falta una expresión
ORA-06512: en "MRVMM.PKG_MRV_INICIATIVA_MITIGACION", línea 4360
ORA-06512: en línea 1
10/03/2020 02:04:37 p.m.: [Método: System.Data.Common.DbDataReader ExecuteDbDataReader(System.Data.CommandBehavior), Línea: 0] - ORA-00936: falta una expresión
ORA-06512: en "MRVMM.PKG_MRV_INICIATIVA_MITIGACION", línea 4360
ORA-06512: en línea 1
10/03/2020 02:04:37 p.m.: [Método: System.Data.IDataReader System.Data.IDbCommand.ExecuteReader(System.Data.CommandBehavior), Línea: 0] - ORA-00936: falta una expresión
ORA-06512: en "MRVMM.PKG_MRV_INICIATIVA_MITIGACION", línea 4360
ORA-06512: en línea 1
10/03/2020 02:04:37 p.m.: [Método: System.Data.IDataReader ExecuteReaderWithFlagsFallback(System.Data.IDbCommand, Boolean, System.Data.CommandBehavior), Línea: 0] - ORA-00936: falta una expresión
ORA-06512: en "MRVMM.PKG_MRV_INICIATIVA_MITIGACION", línea 4360
ORA-06512: en línea 1
10/03/2020 02:04:37 p.m.: [Método: Boolean MoveNext(), Línea: 0] - ORA-00936: falta una expresión
ORA-06512: en "MRVMM.PKG_MRV_INICIATIVA_MITIGACION", línea 4360
ORA-06512: en línea 1
10/03/2020 02:04:37 p.m.: [Método: Void .ctor(System.Collections.Generic.IEnumerable`1[T]), Línea: 0] - ORA-00936: falta una expresión
ORA-06512: en "MRVMM.PKG_MRV_INICIATIVA_MITIGACION", línea 4360
ORA-06512: en línea 1
10/03/2020 02:04:37 p.m.: [Método: System.Collections.Generic.List`1[TSource] ToList[TSource](System.Collections.Generic.IEnumerable`1[TSource]), Línea: 0] - ORA-00936: falta una expresión
ORA-06512: en "MRVMM.PKG_MRV_INICIATIVA_MITIGACION", línea 4360
ORA-06512: en línea 1
10/03/2020 02:04:37 p.m.: [Método: System.Collections.Generic.IEnumerable`1[T] Query[T](System.Data.IDbConnection, System.String, System.Object, System.Data.IDbTransaction, Boolean, System.Nullable`1[System.Int32], System.Nullable`1[System.Data.CommandType]), Línea: 0] - ORA-00936: falta una expresión
ORA-06512: en "MRVMM.PKG_MRV_INICIATIVA_MITIGACION", línea 4360
ORA-06512: en línea 1
10/03/2020 02:04:37 p.m.: [Método: System.Collections.Generic.List`1[entidad.minem.gob.pe.IniciativaBE] ListaBusquedaSimplePrivado(entidad.minem.gob.pe.IniciativaBE), Línea: 1409] - ORA-00936: falta una expresión
ORA-06512: en "MRVMM.PKG_MRV_INICIATIVA_MITIGACION", línea 4360
ORA-06512: en línea 1
10/03/2020 02:04:47 p.m.: [Método: Void HandleErrorHelper(Int32, Oracle.DataAccess.Client.OracleConnection, IntPtr, Oracle.DataAccess.Client.OpoSqlValCtx*, System.Object, System.String, Boolean, Int32, Oracle.DataAccess.Client.OracleLogicalTransaction), Línea: 0] - ORA-00936: falta una expresión
ORA-06512: en "MRVMM.PKG_MRV_INICIATIVA_MITIGACION", línea 4360
ORA-06512: en línea 1
10/03/2020 02:04:47 p.m.: [Método: Void HandleError(Int32, Oracle.DataAccess.Client.OracleConnection, System.String, IntPtr, Oracle.DataAccess.Client.OpoSqlValCtx*, System.Object, Boolean, Oracle.DataAccess.Client.OracleLogicalTransaction), Línea: 0] - ORA-00936: falta una expresión
ORA-06512: en "MRVMM.PKG_MRV_INICIATIVA_MITIGACION", línea 4360
ORA-06512: en línea 1
10/03/2020 02:04:47 p.m.: [Método: Oracle.DataAccess.Client.OracleDataReader ExecuteReader(Boolean, Boolean, System.Data.CommandBehavior), Línea: 0] - ORA-00936: falta una expresión
ORA-06512: en "MRVMM.PKG_MRV_INICIATIVA_MITIGACION", línea 4360
ORA-06512: en línea 1
10/03/2020 02:04:47 p.m.: [Método: System.Data.Common.DbDataReader ExecuteDbDataReader(System.Data.CommandBehavior), Línea: 0] - ORA-00936: falta una expresión
ORA-06512: en "MRVMM.PKG_MRV_INICIATIVA_MITIGACION", línea 4360
ORA-06512: en línea 1
10/03/2020 02:04:47 p.m.: [Método: System.Data.IDataReader System.Data.IDbCommand.ExecuteReader(System.Data.CommandBehavior), Línea: 0] - ORA-00936: falta una expresión
ORA-06512: en "MRVMM.PKG_MRV_INICIATIVA_MITIGACION", línea 4360
ORA-06512: en línea 1
10/03/2020 02:04:47 p.m.: [Método: System.Data.IDataReader ExecuteReaderWithFlagsFallback(System.Data.IDbCommand, Boolean, System.Data.CommandBehavior), Línea: 0] - ORA-00936: falta una expresión
ORA-06512: en "MRVMM.PKG_MRV_INICIATIVA_MITIGACION", línea 4360
ORA-06512: en línea 1
10/03/2020 02:04:47 p.m.: [Método: Boolean MoveNext(), Línea: 0] - ORA-00936: falta una expresión
ORA-06512: en "MRVMM.PKG_MRV_INICIATIVA_MITIGACION", línea 4360
ORA-06512: en línea 1
10/03/2020 02:04:47 p.m.: [Método: Void .ctor(System.Collections.Generic.IEnumerable`1[T]), Línea: 0] - ORA-00936: falta una expresión
ORA-06512: en "MRVMM.PKG_MRV_INICIATIVA_MITIGACION", línea 4360
ORA-06512: en línea 1
10/03/2020 02:04:47 p.m.: [Método: System.Collections.Generic.List`1[TSource] ToList[TSource](System.Collections.Generic.IEnumerable`1[TSource]), Línea: 0] - ORA-00936: falta una expresión
ORA-06512: en "MRVMM.PKG_MRV_INICIATIVA_MITIGACION", línea 4360
ORA-06512: en línea 1
10/03/2020 02:04:47 p.m.: [Método: System.Collections.Generic.IEnumerable`1[T] Query[T](System.Data.IDbConnection, System.String, System.Object, System.Data.IDbTransaction, Boolean, System.Nullable`1[System.Int32], System.Nullable`1[System.Data.CommandType]), Línea: 0] - ORA-00936: falta una expresión
ORA-06512: en "MRVMM.PKG_MRV_INICIATIVA_MITIGACION", línea 4360
ORA-06512: en línea 1
10/03/2020 02:04:47 p.m.: [Método: System.Collections.Generic.List`1[entidad.minem.gob.pe.IniciativaBE] ListaBusquedaSimplePrivado(entidad.minem.gob.pe.IniciativaBE), Línea: 1409] - ORA-00936: falta una expresión
ORA-06512: en "MRVMM.PKG_MRV_INICIATIVA_MITIGACION", línea 4360
ORA-06512: en línea 1
10/03/2020 02:22:40 p.m.: [Método: Void HandleErrorHelper(Int32, Oracle.DataAccess.Client.OracleConnection, IntPtr, Oracle.DataAccess.Client.OpoSqlValCtx*, System.Object, System.String, Boolean, Int32, Oracle.DataAccess.Client.OracleLogicalTransaction), Línea: 0] - ORA-00904: "I"."ID_INICIATIVA": identificador no válido
ORA-06512: en "MRVMM.PKG_MRV_INICIATIVA_MITIGACION", línea 4965
ORA-06512: en línea 1
10/03/2020 02:22:40 p.m.: [Método: Void HandleError(Int32, Oracle.DataAccess.Client.OracleConnection, System.String, IntPtr, Oracle.DataAccess.Client.OpoSqlValCtx*, System.Object, Boolean, Oracle.DataAccess.Client.OracleLogicalTransaction), Línea: 0] - ORA-00904: "I"."ID_INICIATIVA": identificador no válido
ORA-06512: en "MRVMM.PKG_MRV_INICIATIVA_MITIGACION", línea 4965
ORA-06512: en línea 1
10/03/2020 02:22:40 p.m.: [Método: Oracle.DataAccess.Client.OracleDataReader ExecuteReader(Boolean, Boolean, System.Data.CommandBehavior), Línea: 0] - ORA-00904: "I"."ID_INICIATIVA": identificador no válido
ORA-06512: en "MRVMM.PKG_MRV_INICIATIVA_MITIGACION", línea 4965
ORA-06512: en línea 1
10/03/2020 02:22:40 p.m.: [Método: Oracle.DataAccess.Client.OracleDataReader ExecuteReader(), Línea: 0] - ORA-00904: "I"."ID_INICIATIVA": identificador no válido
ORA-06512: en "MRVMM.PKG_MRV_INICIATIVA_MITIGACION", línea 4965
ORA-06512: en línea 1
10/03/2020 02:22:40 p.m.: [Método: System.Object ExecuteScalar(), Línea: 0] - ORA-00904: "I"."ID_INICIATIVA": identificador no válido
ORA-06512: en "MRVMM.PKG_MRV_INICIATIVA_MITIGACION", línea 4965
ORA-06512: en línea 1
10/03/2020 02:22:40 p.m.: [Método: T ExecuteScalarImpl[T](System.Data.IDbConnection, Dapper.CommandDefinition ByRef), Línea: 0] - ORA-00904: "I"."ID_INICIATIVA": identificador no válido
ORA-06512: en "MRVMM.PKG_MRV_INICIATIVA_MITIGACION", línea 4965
ORA-06512: en línea 1
10/03/2020 02:22:40 p.m.: [Método: System.Object ExecuteScalar(System.Data.IDbConnection, System.String, System.Object, System.Data.IDbTransaction, System.Nullable`1[System.Int32], System.Nullable`1[System.Data.CommandType]), Línea: 0] - ORA-00904: "I"."ID_INICIATIVA": identificador no válido
ORA-06512: en "MRVMM.PKG_MRV_INICIATIVA_MITIGACION", línea 4965
ORA-06512: en línea 1
10/03/2020 02:22:40 p.m.: [Método: entidad.minem.gob.pe.IniciativaBE VerificarIniciativaMitigacion(entidad.minem.gob.pe.IniciativaBE), Línea: 2050] - ORA-00904: "I"."ID_INICIATIVA": identificador no válido
ORA-06512: en "MRVMM.PKG_MRV_INICIATIVA_MITIGACION", línea 4965
ORA-06512: en línea 1
10/03/2020 02:40:18 p.m.: [Método: Void HandleErrorHelper(Int32, Oracle.DataAccess.Client.OracleConnection, IntPtr, Oracle.DataAccess.Client.OpoSqlValCtx*, System.Object, System.String, Boolean, Int32, Oracle.DataAccess.Client.OracleLogicalTransaction), Línea: 0] - ORA-00904: "I"."ID_INICIATIVA": identificador no válido
ORA-06512: en "MRVMM.PKG_MRV_INICIATIVA_MITIGACION", línea 4965
ORA-06512: en línea 1
10/03/2020 02:40:18 p.m.: [Método: Void HandleError(Int32, Oracle.DataAccess.Client.OracleConnection, System.String, IntPtr, Oracle.DataAccess.Client.OpoSqlValCtx*, System.Object, Boolean, Oracle.DataAccess.Client.OracleLogicalTransaction), Línea: 0] - ORA-00904: "I"."ID_INICIATIVA": identificador no válido
ORA-06512: en "MRVMM.PKG_MRV_INICIATIVA_MITIGACION", línea 4965
ORA-06512: en línea 1
10/03/2020 02:40:18 p.m.: [Método: Oracle.DataAccess.Client.OracleDataReader ExecuteReader(Boolean, Boolean, System.Data.CommandBehavior), Línea: 0] - ORA-00904: "I"."ID_INICIATIVA": identificador no válido
ORA-06512: en "MRVMM.PKG_MRV_INICIATIVA_MITIGACION", línea 4965
ORA-06512: en línea 1
10/03/2020 02:40:18 p.m.: [Método: Oracle.DataAccess.Client.OracleDataReader ExecuteReader(), Línea: 0] - ORA-00904: "I"."ID_INICIATIVA": identificador no válido
ORA-06512: en "MRVMM.PKG_MRV_INICIATIVA_MITIGACION", línea 4965
ORA-06512: en línea 1
10/03/2020 02:40:18 p.m.: [Método: System.Object ExecuteScalar(), Línea: 0] - ORA-00904: "I"."ID_INICIATIVA": identificador no válido
ORA-06512: en "MRVMM.PKG_MRV_INICIATIVA_MITIGACION", línea 4965
ORA-06512: en línea 1
10/03/2020 02:40:18 p.m.: [Método: T ExecuteScalarImpl[T](System.Data.IDbConnection, Dapper.CommandDefinition ByRef), Línea: 0] - ORA-00904: "I"."ID_INICIATIVA": identificador no válido
ORA-06512: en "MRVMM.PKG_MRV_INICIATIVA_MITIGACION", línea 4965
ORA-06512: en línea 1
10/03/2020 02:40:18 p.m.: [Método: System.Object ExecuteScalar(System.Data.IDbConnection, System.String, System.Object, System.Data.IDbTransaction, System.Nullable`1[System.Int32], System.Nullable`1[System.Data.CommandType]), Línea: 0] - ORA-00904: "I"."ID_INICIATIVA": identificador no válido
ORA-06512: en "MRVMM.PKG_MRV_INICIATIVA_MITIGACION", línea 4965
ORA-06512: en línea 1
10/03/2020 02:40:18 p.m.: [Método: entidad.minem.gob.pe.IniciativaBE VerificarIniciativaMitigacion(entidad.minem.gob.pe.IniciativaBE), Línea: 2050] - ORA-00904: "I"."ID_INICIATIVA": identificador no válido
ORA-06512: en "MRVMM.PKG_MRV_INICIATIVA_MITIGACION", línea 4965
ORA-06512: en línea 1
10/03/2020 03:12:27 p.m.: [Método: Void HandleErrorHelper(Int32, Oracle.DataAccess.Client.OracleConnection, IntPtr, Oracle.DataAccess.Client.OpoSqlValCtx*, System.Object, System.String, Boolean, Int32, Oracle.DataAccess.Client.OracleLogicalTransaction), Línea: 0] - ORA-06550: línea 1, columna 41:
PLS-00302: el componente 'USP_SEL_VALIDAR_INI_REV' se debe declarar
ORA-06550: línea 1, columna 7:
PL/SQL: Statement ignored
10/03/2020 03:12:27 p.m.: [Método: Void HandleError(Int32, Oracle.DataAccess.Client.OracleConnection, System.String, IntPtr, Oracle.DataAccess.Client.OpoSqlValCtx*, System.Object, Boolean, Oracle.DataAccess.Client.OracleLogicalTransaction), Línea: 0] - ORA-06550: línea 1, columna 41:
PLS-00302: el componente 'USP_SEL_VALIDAR_INI_REV' se debe declarar
ORA-06550: línea 1, columna 7:
PL/SQL: Statement ignored
10/03/2020 03:12:27 p.m.: [Método: Oracle.DataAccess.Client.OracleDataReader ExecuteReader(Boolean, Boolean, System.Data.CommandBehavior), Línea: 0] - ORA-06550: línea 1, columna 41:
PLS-00302: el componente 'USP_SEL_VALIDAR_INI_REV' se debe declarar
ORA-06550: línea 1, columna 7:
PL/SQL: Statement ignored
10/03/2020 03:12:27 p.m.: [Método: Oracle.DataAccess.Client.OracleDataReader ExecuteReader(), Línea: 0] - ORA-06550: línea 1, columna 41:
PLS-00302: el componente 'USP_SEL_VALIDAR_INI_REV' se debe declarar
ORA-06550: línea 1, columna 7:
PL/SQL: Statement ignored
10/03/2020 03:12:27 p.m.: [Método: System.Object ExecuteScalar(), Línea: 0] - ORA-06550: línea 1, columna 41:
PLS-00302: el componente 'USP_SEL_VALIDAR_INI_REV' se debe declarar
ORA-06550: línea 1, columna 7:
PL/SQL: Statement ignored
10/03/2020 03:12:27 p.m.: [Método: T ExecuteScalarImpl[T](System.Data.IDbConnection, Dapper.CommandDefinition ByRef), Línea: 0] - ORA-06550: línea 1, columna 41:
PLS-00302: el componente 'USP_SEL_VALIDAR_INI_REV' se debe declarar
ORA-06550: línea 1, columna 7:
PL/SQL: Statement ignored
10/03/2020 03:12:27 p.m.: [Método: System.Object ExecuteScalar(System.Data.IDbConnection, System.String, System.Object, System.Data.IDbTransaction, System.Nullable`1[System.Int32], System.Nullable`1[System.Data.CommandType]), Línea: 0] - ORA-06550: línea 1, columna 41:
PLS-00302: el componente 'USP_SEL_VALIDAR_INI_REV' se debe declarar
ORA-06550: línea 1, columna 7:
PL/SQL: Statement ignored
10/03/2020 03:12:27 p.m.: [Método: entidad.minem.gob.pe.IniciativaBE VerificarRevisionIniciativaMitigacion(entidad.minem.gob.pe.IniciativaBE), Línea: 0] - ORA-06550: línea 1, columna 41:
PLS-00302: el componente 'USP_SEL_VALIDAR_INI_REV' se debe declarar
ORA-06550: línea 1, columna 7:
PL/SQL: Statement ignored
10/03/2020 04:26:05 p.m.: [Método: Void WinIOError(Int32, System.String), Línea: 0] - No se puede encontrar una parte de la ruta de acceso 'C:\inetpub\wwwroot\mrv-minem\Archivos\Sustentatorios\0a193495-da9d-4612-99a7-408f9192195b.xlsm'.
10/03/2020 04:26:05 p.m.: [Método: Void Init(System.String, System.IO.FileMode, System.IO.FileAccess, Int32, Boolean, System.IO.FileShare, Int32, System.IO.FileOptions, SECURITY_ATTRIBUTES, System.String, Boolean, Boolean, Boolean), Línea: 0] - No se puede encontrar una parte de la ruta de acceso 'C:\inetpub\wwwroot\mrv-minem\Archivos\Sustentatorios\0a193495-da9d-4612-99a7-408f9192195b.xlsm'.
10/03/2020 04:26:05 p.m.: [Método: Void .ctor(System.String, System.IO.FileMode, System.IO.FileAccess, System.IO.FileShare, Int32, System.IO.FileOptions, System.String, Boolean), Línea: 0] - No se puede encontrar una parte de la ruta de acceso 'C:\inetpub\wwwroot\mrv-minem\Archivos\Sustentatorios\0a193495-da9d-4612-99a7-408f9192195b.xlsm'.
10/03/2020 04:26:05 p.m.: [Método: Void .ctor(System.String, System.IO.FileMode), Línea: 0] - No se puede encontrar una parte de la ruta de acceso 'C:\inetpub\wwwroot\mrv-minem\Archivos\Sustentatorios\0a193495-da9d-4612-99a7-408f9192195b.xlsm'.
10/03/2020 04:26:05 p.m.: [Método: Void SaveAs(System.String), Línea: 0] - No se puede encontrar una parte de la ruta de acceso 'C:\inetpub\wwwroot\mrv-minem\Archivos\Sustentatorios\0a193495-da9d-4612-99a7-408f9192195b.xlsm'.
10/03/2020 04:26:05 p.m.: [Método: Void SaveAs(System.String), Línea: 0] - No se puede encontrar una parte de la ruta de acceso 'C:\inetpub\wwwroot\mrv-minem\Archivos\Sustentatorios\0a193495-da9d-4612-99a7-408f9192195b.xlsm'.
10/03/2020 04:26:05 p.m.: [Método: System.Web.Mvc.JsonResult RegistrarDetalleIndicador(System.Web.HttpPostedFileBase[], System.Web.HttpPostedFileBase[], entidad.minem.gob.pe.IniciativaBE), Línea: 755] - No se puede encontrar una parte de la ruta de acceso 'C:\inetpub\wwwroot\mrv-minem\Archivos\Sustentatorios\0a193495-da9d-4612-99a7-408f9192195b.xlsm'.
10/03/2020 04:26:26 p.m.: [Método: Void WinIOError(Int32, System.String), Línea: 0] - No se puede encontrar una parte de la ruta de acceso 'C:\inetpub\wwwroot\mrv-minem\Archivos\Sustentatorios\08ba65e7-58fd-49c7-bff9-286933aca8e9.xlsm'.
10/03/2020 04:26:26 p.m.: [Método: Void Init(System.String, System.IO.FileMode, System.IO.FileAccess, Int32, Boolean, System.IO.FileShare, Int32, System.IO.FileOptions, SECURITY_ATTRIBUTES, System.String, Boolean, Boolean, Boolean), Línea: 0] - No se puede encontrar una parte de la ruta de acceso 'C:\inetpub\wwwroot\mrv-minem\Archivos\Sustentatorios\08ba65e7-58fd-49c7-bff9-286933aca8e9.xlsm'.
10/03/2020 04:26:26 p.m.: [Método: Void .ctor(System.String, System.IO.FileMode, System.IO.FileAccess, System.IO.FileShare, Int32, System.IO.FileOptions, System.String, Boolean), Línea: 0] - No se puede encontrar una parte de la ruta de acceso 'C:\inetpub\wwwroot\mrv-minem\Archivos\Sustentatorios\08ba65e7-58fd-49c7-bff9-286933aca8e9.xlsm'.
10/03/2020 04:26:26 p.m.: [Método: Void .ctor(System.String, System.IO.FileMode), Línea: 0] - No se puede encontrar una parte de la ruta de acceso 'C:\inetpub\wwwroot\mrv-minem\Archivos\Sustentatorios\08ba65e7-58fd-49c7-bff9-286933aca8e9.xlsm'.
10/03/2020 04:26:26 p.m.: [Método: Void SaveAs(System.String), Línea: 0] - No se puede encontrar una parte de la ruta de acceso 'C:\inetpub\wwwroot\mrv-minem\Archivos\Sustentatorios\08ba65e7-58fd-49c7-bff9-286933aca8e9.xlsm'.
10/03/2020 04:26:26 p.m.: [Método: Void SaveAs(System.String), Línea: 0] - No se puede encontrar una parte de la ruta de acceso 'C:\inetpub\wwwroot\mrv-minem\Archivos\Sustentatorios\08ba65e7-58fd-49c7-bff9-286933aca8e9.xlsm'.
10/03/2020 04:26:26 p.m.: [Método: System.Web.Mvc.JsonResult RegistrarDetalleIndicador(System.Web.HttpPostedFileBase[], System.Web.HttpPostedFileBase[], entidad.minem.gob.pe.IniciativaBE), Línea: 755] - No se puede encontrar una parte de la ruta de acceso 'C:\inetpub\wwwroot\mrv-minem\Archivos\Sustentatorios\08ba65e7-58fd-49c7-bff9-286933aca8e9.xlsm'.
10/03/2020 04:26:33 p.m.: [Método: Void WinIOError(Int32, System.String), Línea: 0] - No se puede encontrar una parte de la ruta de acceso 'C:\inetpub\wwwroot\mrv-minem\Archivos\Sustentatorios\6d999717-8978-4010-8325-e6fef339d5ea.xlsm'.
10/03/2020 04:26:33 p.m.: [Método: Void Init(System.String, System.IO.FileMode, System.IO.FileAccess, Int32, Boolean, System.IO.FileShare, Int32, System.IO.FileOptions, SECURITY_ATTRIBUTES, System.String, Boolean, Boolean, Boolean), Línea: 0] - No se puede encontrar una parte de la ruta de acceso 'C:\inetpub\wwwroot\mrv-minem\Archivos\Sustentatorios\6d999717-8978-4010-8325-e6fef339d5ea.xlsm'.
10/03/2020 04:26:33 p.m.: [Método: Void .ctor(System.String, System.IO.FileMode, System.IO.FileAccess, System.IO.FileShare, Int32, System.IO.FileOptions, System.String, Boolean), Línea: 0] - No se puede encontrar una parte de la ruta de acceso 'C:\inetpub\wwwroot\mrv-minem\Archivos\Sustentatorios\6d999717-8978-4010-8325-e6fef339d5ea.xlsm'.
10/03/2020 04:26:33 p.m.: [Método: Void .ctor(System.String, System.IO.FileMode), Línea: 0] - No se puede encontrar una parte de la ruta de acceso 'C:\inetpub\wwwroot\mrv-minem\Archivos\Sustentatorios\6d999717-8978-4010-8325-e6fef339d5ea.xlsm'.
10/03/2020 04:26:33 p.m.: [Método: Void SaveAs(System.String), Línea: 0] - No se puede encontrar una parte de la ruta de acceso 'C:\inetpub\wwwroot\mrv-minem\Archivos\Sustentatorios\6d999717-8978-4010-8325-e6fef339d5ea.xlsm'.
10/03/2020 04:26:33 p.m.: [Método: Void SaveAs(System.String), Línea: 0] - No se puede encontrar una parte de la ruta de acceso 'C:\inetpub\wwwroot\mrv-minem\Archivos\Sustentatorios\6d999717-8978-4010-8325-e6fef339d5ea.xlsm'.
10/03/2020 04:26:33 p.m.: [Método: System.Web.Mvc.JsonResult RegistrarDetalleIndicador(System.Web.HttpPostedFileBase[], System.Web.HttpPostedFileBase[], entidad.minem.gob.pe.IniciativaBE), Línea: 755] - No se puede encontrar una parte de la ruta de acceso 'C:\inetpub\wwwroot\mrv-minem\Archivos\Sustentatorios\6d999717-8978-4010-8325-e6fef339d5ea.xlsm'.
