8/12/2020 08:27:05: [Método: Void HandleErrorHelper(Int32, Oracle.DataAccess.Client.OracleConnection, IntPtr, Oracle.DataAccess.Client.OpoSqlValCtx*, System.Object, System.String, Boolean, Int32, Oracle.DataAccess.Client.OracleLogicalTransaction), Línea: 0] - ORA-00936: falta una expresión
ORA-06512: en "MRVMM.PKG_MRV_DETALLE_INDICADORES", línea 1338
ORA-06512: en línea 1
8/12/2020 08:27:05: [Método: Void HandleError(Int32, Oracle.DataAccess.Client.OracleConnection, System.String, IntPtr, Oracle.DataAccess.Client.OpoSqlValCtx*, System.Object, Boolean, Oracle.DataAccess.Client.OracleLogicalTransaction), Línea: 0] - ORA-00936: falta una expresión
ORA-06512: en "MRVMM.PKG_MRV_DETALLE_INDICADORES", línea 1338
ORA-06512: en línea 1
8/12/2020 08:27:05: [Método: Oracle.DataAccess.Client.OracleDataReader ExecuteReader(Boolean, Boolean, System.Data.CommandBehavior), Línea: 0] - ORA-00936: falta una expresión
ORA-06512: en "MRVMM.PKG_MRV_DETALLE_INDICADORES", línea 1338
ORA-06512: en línea 1
8/12/2020 08:27:05: [Método: System.Data.Common.DbDataReader ExecuteDbDataReader(System.Data.CommandBehavior), Línea: 0] - ORA-00936: falta una expresión
ORA-06512: en "MRVMM.PKG_MRV_DETALLE_INDICADORES", línea 1338
ORA-06512: en línea 1
8/12/2020 08:27:05: [Método: System.Data.IDataReader System.Data.IDbCommand.ExecuteReader(System.Data.CommandBehavior), Línea: 0] - ORA-00936: falta una expresión
ORA-06512: en "MRVMM.PKG_MRV_DETALLE_INDICADORES", línea 1338
ORA-06512: en línea 1
8/12/2020 08:27:05: [Método: System.Data.IDataReader ExecuteReaderWithFlagsFallback(System.Data.IDbCommand, Boolean, System.Data.CommandBehavior), Línea: 0] - ORA-00936: falta una expresión
ORA-06512: en "MRVMM.PKG_MRV_DETALLE_INDICADORES", línea 1338
ORA-06512: en línea 1
8/12/2020 08:27:05: [Método: Boolean MoveNext(), Línea: 0] - ORA-00936: falta una expresión
ORA-06512: en "MRVMM.PKG_MRV_DETALLE_INDICADORES", línea 1338
ORA-06512: en línea 1
8/12/2020 08:27:05: [Método: Void .ctor(System.Collections.Generic.IEnumerable`1[T]), Línea: 0] - ORA-00936: falta una expresión
ORA-06512: en "MRVMM.PKG_MRV_DETALLE_INDICADORES", línea 1338
ORA-06512: en línea 1
8/12/2020 08:27:05: [Método: System.Collections.Generic.List`1[TSource] ToList[TSource](System.Collections.Generic.IEnumerable`1[TSource]), Línea: 0] - ORA-00936: falta una expresión
ORA-06512: en "MRVMM.PKG_MRV_DETALLE_INDICADORES", línea 1338
ORA-06512: en línea 1
8/12/2020 08:27:05: [Método: System.Collections.Generic.IEnumerable`1[T] Query[T](System.Data.IDbConnection, System.String, System.Object, System.Data.IDbTransaction, Boolean, System.Nullable`1[System.Int32], System.Nullable`1[System.Data.CommandType]), Línea: 0] - ORA-00936: falta una expresión
ORA-06512: en "MRVMM.PKG_MRV_DETALLE_INDICADORES", línea 1338
ORA-06512: en línea 1
8/12/2020 08:27:05: [Método: System.Collections.Generic.List`1[entidad.minem.gob.pe.IndicadorDataBE] ListarDatosIndicadorData(entidad.minem.gob.pe.IndicadorDataBE), Línea: 872] - ORA-00936: falta una expresión
ORA-06512: en "MRVMM.PKG_MRV_DETALLE_INDICADORES", línea 1338
ORA-06512: en línea 1
8/12/2020 08:39:57: [Método: Void HandleErrorHelper(Int32, Oracle.DataAccess.Client.OracleConnection, IntPtr, Oracle.DataAccess.Client.OpoSqlValCtx*, System.Object, System.String, Boolean, Int32, Oracle.DataAccess.Client.OracleLogicalTransaction), Línea: 0] - ORA-00936: falta una expresión
ORA-06512: en "MRVMM.PKG_MRV_DETALLE_INDICADORES", línea 1338
ORA-06512: en línea 1
8/12/2020 08:39:57: [Método: Void HandleError(Int32, Oracle.DataAccess.Client.OracleConnection, System.String, IntPtr, Oracle.DataAccess.Client.OpoSqlValCtx*, System.Object, Boolean, Oracle.DataAccess.Client.OracleLogicalTransaction), Línea: 0] - ORA-00936: falta una expresión
ORA-06512: en "MRVMM.PKG_MRV_DETALLE_INDICADORES", línea 1338
ORA-06512: en línea 1
8/12/2020 08:39:57: [Método: Oracle.DataAccess.Client.OracleDataReader ExecuteReader(Boolean, Boolean, System.Data.CommandBehavior), Línea: 0] - ORA-00936: falta una expresión
ORA-06512: en "MRVMM.PKG_MRV_DETALLE_INDICADORES", línea 1338
ORA-06512: en línea 1
8/12/2020 08:39:57: [Método: System.Data.Common.DbDataReader ExecuteDbDataReader(System.Data.CommandBehavior), Línea: 0] - ORA-00936: falta una expresión
ORA-06512: en "MRVMM.PKG_MRV_DETALLE_INDICADORES", línea 1338
ORA-06512: en línea 1
8/12/2020 08:39:57: [Método: System.Data.IDataReader System.Data.IDbCommand.ExecuteReader(System.Data.CommandBehavior), Línea: 0] - ORA-00936: falta una expresión
ORA-06512: en "MRVMM.PKG_MRV_DETALLE_INDICADORES", línea 1338
ORA-06512: en línea 1
8/12/2020 08:39:57: [Método: System.Data.IDataReader ExecuteReaderWithFlagsFallback(System.Data.IDbCommand, Boolean, System.Data.CommandBehavior), Línea: 0] - ORA-00936: falta una expresión
ORA-06512: en "MRVMM.PKG_MRV_DETALLE_INDICADORES", línea 1338
ORA-06512: en línea 1
8/12/2020 08:39:57: [Método: Boolean MoveNext(), Línea: 0] - ORA-00936: falta una expresión
ORA-06512: en "MRVMM.PKG_MRV_DETALLE_INDICADORES", línea 1338
ORA-06512: en línea 1
8/12/2020 08:39:57: [Método: Void .ctor(System.Collections.Generic.IEnumerable`1[T]), Línea: 0] - ORA-00936: falta una expresión
ORA-06512: en "MRVMM.PKG_MRV_DETALLE_INDICADORES", línea 1338
ORA-06512: en línea 1
8/12/2020 08:39:57: [Método: System.Collections.Generic.List`1[TSource] ToList[TSource](System.Collections.Generic.IEnumerable`1[TSource]), Línea: 0] - ORA-00936: falta una expresión
ORA-06512: en "MRVMM.PKG_MRV_DETALLE_INDICADORES", línea 1338
ORA-06512: en línea 1
8/12/2020 08:39:57: [Método: System.Collections.Generic.IEnumerable`1[T] Query[T](System.Data.IDbConnection, System.String, System.Object, System.Data.IDbTransaction, Boolean, System.Nullable`1[System.Int32], System.Nullable`1[System.Data.CommandType]), Línea: 0] - ORA-00936: falta una expresión
ORA-06512: en "MRVMM.PKG_MRV_DETALLE_INDICADORES", línea 1338
ORA-06512: en línea 1
8/12/2020 08:39:57: [Método: System.Collections.Generic.List`1[entidad.minem.gob.pe.IndicadorDataBE] ListarDatosIndicadorData(entidad.minem.gob.pe.IndicadorDataBE), Línea: 872] - ORA-00936: falta una expresión
ORA-06512: en "MRVMM.PKG_MRV_DETALLE_INDICADORES", línea 1338
ORA-06512: en línea 1
8/12/2020 09:08:36: [Método: Void HandleErrorHelper(Int32, Oracle.DataAccess.Client.OracleConnection, IntPtr, Oracle.DataAccess.Client.OpoSqlValCtx*, System.Object, System.String, Boolean, Int32, Oracle.DataAccess.Client.OracleLogicalTransaction), Línea: 0] - ORA-00936: falta una expresión
ORA-06512: en "MRVMM.PKG_MRV_DETALLE_INDICADORES", línea 1338
ORA-06512: en línea 1
8/12/2020 09:08:36: [Método: Void HandleError(Int32, Oracle.DataAccess.Client.OracleConnection, System.String, IntPtr, Oracle.DataAccess.Client.OpoSqlValCtx*, System.Object, Boolean, Oracle.DataAccess.Client.OracleLogicalTransaction), Línea: 0] - ORA-00936: falta una expresión
ORA-06512: en "MRVMM.PKG_MRV_DETALLE_INDICADORES", línea 1338
ORA-06512: en línea 1
8/12/2020 09:08:36: [Método: Oracle.DataAccess.Client.OracleDataReader ExecuteReader(Boolean, Boolean, System.Data.CommandBehavior), Línea: 0] - ORA-00936: falta una expresión
ORA-06512: en "MRVMM.PKG_MRV_DETALLE_INDICADORES", línea 1338
ORA-06512: en línea 1
8/12/2020 09:08:36: [Método: System.Data.Common.DbDataReader ExecuteDbDataReader(System.Data.CommandBehavior), Línea: 0] - ORA-00936: falta una expresión
ORA-06512: en "MRVMM.PKG_MRV_DETALLE_INDICADORES", línea 1338
ORA-06512: en línea 1
8/12/2020 09:08:36: [Método: System.Data.IDataReader System.Data.IDbCommand.ExecuteReader(System.Data.CommandBehavior), Línea: 0] - ORA-00936: falta una expresión
ORA-06512: en "MRVMM.PKG_MRV_DETALLE_INDICADORES", línea 1338
ORA-06512: en línea 1
8/12/2020 09:08:36: [Método: System.Data.IDataReader ExecuteReaderWithFlagsFallback(System.Data.IDbCommand, Boolean, System.Data.CommandBehavior), Línea: 0] - ORA-00936: falta una expresión
ORA-06512: en "MRVMM.PKG_MRV_DETALLE_INDICADORES", línea 1338
ORA-06512: en línea 1
8/12/2020 09:08:36: [Método: Boolean MoveNext(), Línea: 0] - ORA-00936: falta una expresión
ORA-06512: en "MRVMM.PKG_MRV_DETALLE_INDICADORES", línea 1338
ORA-06512: en línea 1
8/12/2020 09:08:36: [Método: Void .ctor(System.Collections.Generic.IEnumerable`1[T]), Línea: 0] - ORA-00936: falta una expresión
ORA-06512: en "MRVMM.PKG_MRV_DETALLE_INDICADORES", línea 1338
ORA-06512: en línea 1
8/12/2020 09:08:36: [Método: System.Collections.Generic.List`1[TSource] ToList[TSource](System.Collections.Generic.IEnumerable`1[TSource]), Línea: 0] - ORA-00936: falta una expresión
ORA-06512: en "MRVMM.PKG_MRV_DETALLE_INDICADORES", línea 1338
ORA-06512: en línea 1
8/12/2020 09:08:36: [Método: System.Collections.Generic.IEnumerable`1[T] Query[T](System.Data.IDbConnection, System.String, System.Object, System.Data.IDbTransaction, Boolean, System.Nullable`1[System.Int32], System.Nullable`1[System.Data.CommandType]), Línea: 0] - ORA-00936: falta una expresión
ORA-06512: en "MRVMM.PKG_MRV_DETALLE_INDICADORES", línea 1338
ORA-06512: en línea 1
8/12/2020 09:08:36: [Método: System.Collections.Generic.List`1[entidad.minem.gob.pe.IndicadorDataBE] ListarDatosIndicadorData(entidad.minem.gob.pe.IndicadorDataBE), Línea: 872] - ORA-00936: falta una expresión
ORA-06512: en "MRVMM.PKG_MRV_DETALLE_INDICADORES", línea 1338
ORA-06512: en línea 1
8/12/2020 10:24:57: [Método: Void HandleErrorHelper(Int32, Oracle.DataAccess.Client.OracleConnection, IntPtr, Oracle.DataAccess.Client.OpoSqlValCtx*, System.Object, System.String, Boolean, Int32, Oracle.DataAccess.Client.OracleLogicalTransaction), Línea: 0] - ORA-00936: falta una expresión
ORA-06512: en "MRVMM.PKG_MRV_DETALLE_INDICADORES", línea 1338
ORA-06512: en línea 1
8/12/2020 10:24:57: [Método: Void HandleError(Int32, Oracle.DataAccess.Client.OracleConnection, System.String, IntPtr, Oracle.DataAccess.Client.OpoSqlValCtx*, System.Object, Boolean, Oracle.DataAccess.Client.OracleLogicalTransaction), Línea: 0] - ORA-00936: falta una expresión
ORA-06512: en "MRVMM.PKG_MRV_DETALLE_INDICADORES", línea 1338
ORA-06512: en línea 1
8/12/2020 10:24:57: [Método: Oracle.DataAccess.Client.OracleDataReader ExecuteReader(Boolean, Boolean, System.Data.CommandBehavior), Línea: 0] - ORA-00936: falta una expresión
ORA-06512: en "MRVMM.PKG_MRV_DETALLE_INDICADORES", línea 1338
ORA-06512: en línea 1
8/12/2020 10:24:57: [Método: System.Data.Common.DbDataReader ExecuteDbDataReader(System.Data.CommandBehavior), Línea: 0] - ORA-00936: falta una expresión
ORA-06512: en "MRVMM.PKG_MRV_DETALLE_INDICADORES", línea 1338
ORA-06512: en línea 1
8/12/2020 10:24:57: [Método: System.Data.IDataReader System.Data.IDbCommand.ExecuteReader(System.Data.CommandBehavior), Línea: 0] - ORA-00936: falta una expresión
ORA-06512: en "MRVMM.PKG_MRV_DETALLE_INDICADORES", línea 1338
ORA-06512: en línea 1
8/12/2020 10:24:57: [Método: System.Data.IDataReader ExecuteReaderWithFlagsFallback(System.Data.IDbCommand, Boolean, System.Data.CommandBehavior), Línea: 0] - ORA-00936: falta una expresión
ORA-06512: en "MRVMM.PKG_MRV_DETALLE_INDICADORES", línea 1338
ORA-06512: en línea 1
8/12/2020 10:24:57: [Método: Boolean MoveNext(), Línea: 0] - ORA-00936: falta una expresión
ORA-06512: en "MRVMM.PKG_MRV_DETALLE_INDICADORES", línea 1338
ORA-06512: en línea 1
8/12/2020 10:24:57: [Método: Void .ctor(System.Collections.Generic.IEnumerable`1[T]), Línea: 0] - ORA-00936: falta una expresión
ORA-06512: en "MRVMM.PKG_MRV_DETALLE_INDICADORES", línea 1338
ORA-06512: en línea 1
8/12/2020 10:24:57: [Método: System.Collections.Generic.List`1[TSource] ToList[TSource](System.Collections.Generic.IEnumerable`1[TSource]), Línea: 0] - ORA-00936: falta una expresión
ORA-06512: en "MRVMM.PKG_MRV_DETALLE_INDICADORES", línea 1338
ORA-06512: en línea 1
8/12/2020 10:24:57: [Método: System.Collections.Generic.IEnumerable`1[T] Query[T](System.Data.IDbConnection, System.String, System.Object, System.Data.IDbTransaction, Boolean, System.Nullable`1[System.Int32], System.Nullable`1[System.Data.CommandType]), Línea: 0] - ORA-00936: falta una expresión
ORA-06512: en "MRVMM.PKG_MRV_DETALLE_INDICADORES", línea 1338
ORA-06512: en línea 1
8/12/2020 10:24:57: [Método: System.Collections.Generic.List`1[entidad.minem.gob.pe.IndicadorDataBE] ListarDatosIndicadorData(entidad.minem.gob.pe.IndicadorDataBE), Línea: 872] - ORA-00936: falta una expresión
ORA-06512: en "MRVMM.PKG_MRV_DETALLE_INDICADORES", línea 1338
ORA-06512: en línea 1
8/12/2020 10:25:00: [Método: Void HandleErrorHelper(Int32, Oracle.DataAccess.Client.OracleConnection, IntPtr, Oracle.DataAccess.Client.OpoSqlValCtx*, System.Object, System.String, Boolean, Int32, Oracle.DataAccess.Client.OracleLogicalTransaction), Línea: 0] - ORA-00936: falta una expresión
ORA-06512: en "MRVMM.PKG_MRV_DETALLE_INDICADORES", línea 1338
ORA-06512: en línea 1
8/12/2020 10:25:00: [Método: Void HandleError(Int32, Oracle.DataAccess.Client.OracleConnection, System.String, IntPtr, Oracle.DataAccess.Client.OpoSqlValCtx*, System.Object, Boolean, Oracle.DataAccess.Client.OracleLogicalTransaction), Línea: 0] - ORA-00936: falta una expresión
ORA-06512: en "MRVMM.PKG_MRV_DETALLE_INDICADORES", línea 1338
ORA-06512: en línea 1
8/12/2020 10:25:00: [Método: Oracle.DataAccess.Client.OracleDataReader ExecuteReader(Boolean, Boolean, System.Data.CommandBehavior), Línea: 0] - ORA-00936: falta una expresión
ORA-06512: en "MRVMM.PKG_MRV_DETALLE_INDICADORES", línea 1338
ORA-06512: en línea 1
8/12/2020 10:25:00: [Método: System.Data.Common.DbDataReader ExecuteDbDataReader(System.Data.CommandBehavior), Línea: 0] - ORA-00936: falta una expresión
ORA-06512: en "MRVMM.PKG_MRV_DETALLE_INDICADORES", línea 1338
ORA-06512: en línea 1
8/12/2020 10:25:00: [Método: System.Data.IDataReader System.Data.IDbCommand.ExecuteReader(System.Data.CommandBehavior), Línea: 0] - ORA-00936: falta una expresión
ORA-06512: en "MRVMM.PKG_MRV_DETALLE_INDICADORES", línea 1338
ORA-06512: en línea 1
8/12/2020 10:25:00: [Método: System.Data.IDataReader ExecuteReaderWithFlagsFallback(System.Data.IDbCommand, Boolean, System.Data.CommandBehavior), Línea: 0] - ORA-00936: falta una expresión
ORA-06512: en "MRVMM.PKG_MRV_DETALLE_INDICADORES", línea 1338
ORA-06512: en línea 1
8/12/2020 10:25:00: [Método: Boolean MoveNext(), Línea: 0] - ORA-00936: falta una expresión
ORA-06512: en "MRVMM.PKG_MRV_DETALLE_INDICADORES", línea 1338
ORA-06512: en línea 1
8/12/2020 10:25:00: [Método: Void .ctor(System.Collections.Generic.IEnumerable`1[T]), Línea: 0] - ORA-00936: falta una expresión
ORA-06512: en "MRVMM.PKG_MRV_DETALLE_INDICADORES", línea 1338
ORA-06512: en línea 1
8/12/2020 10:25:00: [Método: System.Collections.Generic.List`1[TSource] ToList[TSource](System.Collections.Generic.IEnumerable`1[TSource]), Línea: 0] - ORA-00936: falta una expresión
ORA-06512: en "MRVMM.PKG_MRV_DETALLE_INDICADORES", línea 1338
ORA-06512: en línea 1
8/12/2020 10:25:00: [Método: System.Collections.Generic.IEnumerable`1[T] Query[T](System.Data.IDbConnection, System.String, System.Object, System.Data.IDbTransaction, Boolean, System.Nullable`1[System.Int32], System.Nullable`1[System.Data.CommandType]), Línea: 0] - ORA-00936: falta una expresión
ORA-06512: en "MRVMM.PKG_MRV_DETALLE_INDICADORES", línea 1338
ORA-06512: en línea 1
8/12/2020 10:25:00: [Método: System.Collections.Generic.List`1[entidad.minem.gob.pe.IndicadorDataBE] ListarDatosIndicadorData(entidad.minem.gob.pe.IndicadorDataBE), Línea: 872] - ORA-00936: falta una expresión
ORA-06512: en "MRVMM.PKG_MRV_DETALLE_INDICADORES", línea 1338
ORA-06512: en línea 1
8/12/2020 10:26:22: [Método: Void HandleErrorHelper(Int32, Oracle.DataAccess.Client.OracleConnection, IntPtr, Oracle.DataAccess.Client.OpoSqlValCtx*, System.Object, System.String, Boolean, Int32, Oracle.DataAccess.Client.OracleLogicalTransaction), Línea: 0] - ORA-00936: falta una expresión
ORA-06512: en "MRVMM.PKG_MRV_DETALLE_INDICADORES", línea 1338
ORA-06512: en línea 1
8/12/2020 10:26:22: [Método: Void HandleError(Int32, Oracle.DataAccess.Client.OracleConnection, System.String, IntPtr, Oracle.DataAccess.Client.OpoSqlValCtx*, System.Object, Boolean, Oracle.DataAccess.Client.OracleLogicalTransaction), Línea: 0] - ORA-00936: falta una expresión
ORA-06512: en "MRVMM.PKG_MRV_DETALLE_INDICADORES", línea 1338
ORA-06512: en línea 1
8/12/2020 10:26:22: [Método: Oracle.DataAccess.Client.OracleDataReader ExecuteReader(Boolean, Boolean, System.Data.CommandBehavior), Línea: 0] - ORA-00936: falta una expresión
ORA-06512: en "MRVMM.PKG_MRV_DETALLE_INDICADORES", línea 1338
ORA-06512: en línea 1
8/12/2020 10:26:22: [Método: System.Data.Common.DbDataReader ExecuteDbDataReader(System.Data.CommandBehavior), Línea: 0] - ORA-00936: falta una expresión
ORA-06512: en "MRVMM.PKG_MRV_DETALLE_INDICADORES", línea 1338
ORA-06512: en línea 1
8/12/2020 10:26:22: [Método: System.Data.IDataReader System.Data.IDbCommand.ExecuteReader(System.Data.CommandBehavior), Línea: 0] - ORA-00936: falta una expresión
ORA-06512: en "MRVMM.PKG_MRV_DETALLE_INDICADORES", línea 1338
ORA-06512: en línea 1
8/12/2020 10:26:22: [Método: System.Data.IDataReader ExecuteReaderWithFlagsFallback(System.Data.IDbCommand, Boolean, System.Data.CommandBehavior), Línea: 0] - ORA-00936: falta una expresión
ORA-06512: en "MRVMM.PKG_MRV_DETALLE_INDICADORES", línea 1338
ORA-06512: en línea 1
8/12/2020 10:26:22: [Método: Boolean MoveNext(), Línea: 0] - ORA-00936: falta una expresión
ORA-06512: en "MRVMM.PKG_MRV_DETALLE_INDICADORES", línea 1338
ORA-06512: en línea 1
8/12/2020 10:26:22: [Método: Void .ctor(System.Collections.Generic.IEnumerable`1[T]), Línea: 0] - ORA-00936: falta una expresión
ORA-06512: en "MRVMM.PKG_MRV_DETALLE_INDICADORES", línea 1338
ORA-06512: en línea 1
8/12/2020 10:26:22: [Método: System.Collections.Generic.List`1[TSource] ToList[TSource](System.Collections.Generic.IEnumerable`1[TSource]), Línea: 0] - ORA-00936: falta una expresión
ORA-06512: en "MRVMM.PKG_MRV_DETALLE_INDICADORES", línea 1338
ORA-06512: en línea 1
8/12/2020 10:26:22: [Método: System.Collections.Generic.IEnumerable`1[T] Query[T](System.Data.IDbConnection, System.String, System.Object, System.Data.IDbTransaction, Boolean, System.Nullable`1[System.Int32], System.Nullable`1[System.Data.CommandType]), Línea: 0] - ORA-00936: falta una expresión
ORA-06512: en "MRVMM.PKG_MRV_DETALLE_INDICADORES", línea 1338
ORA-06512: en línea 1
8/12/2020 10:26:22: [Método: System.Collections.Generic.List`1[entidad.minem.gob.pe.IndicadorDataBE] ListarDatosIndicadorData(entidad.minem.gob.pe.IndicadorDataBE), Línea: 872] - ORA-00936: falta una expresión
ORA-06512: en "MRVMM.PKG_MRV_DETALLE_INDICADORES", línea 1338
ORA-06512: en línea 1
8/12/2020 10:33:29: [Método: Void HandleErrorHelper(Int32, Oracle.DataAccess.Client.OracleConnection, IntPtr, Oracle.DataAccess.Client.OpoSqlValCtx*, System.Object, System.String, Boolean, Int32, Oracle.DataAccess.Client.OracleLogicalTransaction), Línea: 0] - ORA-00936: falta una expresión
ORA-06512: en "MRVMM.PKG_MRV_DETALLE_INDICADORES", línea 1338
ORA-06512: en línea 1
8/12/2020 10:33:29: [Método: Void HandleError(Int32, Oracle.DataAccess.Client.OracleConnection, System.String, IntPtr, Oracle.DataAccess.Client.OpoSqlValCtx*, System.Object, Boolean, Oracle.DataAccess.Client.OracleLogicalTransaction), Línea: 0] - ORA-00936: falta una expresión
ORA-06512: en "MRVMM.PKG_MRV_DETALLE_INDICADORES", línea 1338
ORA-06512: en línea 1
8/12/2020 10:33:29: [Método: Oracle.DataAccess.Client.OracleDataReader ExecuteReader(Boolean, Boolean, System.Data.CommandBehavior), Línea: 0] - ORA-00936: falta una expresión
ORA-06512: en "MRVMM.PKG_MRV_DETALLE_INDICADORES", línea 1338
ORA-06512: en línea 1
8/12/2020 10:33:29: [Método: System.Data.Common.DbDataReader ExecuteDbDataReader(System.Data.CommandBehavior), Línea: 0] - ORA-00936: falta una expresión
ORA-06512: en "MRVMM.PKG_MRV_DETALLE_INDICADORES", línea 1338
ORA-06512: en línea 1
8/12/2020 10:33:29: [Método: System.Data.IDataReader System.Data.IDbCommand.ExecuteReader(System.Data.CommandBehavior), Línea: 0] - ORA-00936: falta una expresión
ORA-06512: en "MRVMM.PKG_MRV_DETALLE_INDICADORES", línea 1338
ORA-06512: en línea 1
8/12/2020 10:33:29: [Método: System.Data.IDataReader ExecuteReaderWithFlagsFallback(System.Data.IDbCommand, Boolean, System.Data.CommandBehavior), Línea: 0] - ORA-00936: falta una expresión
ORA-06512: en "MRVMM.PKG_MRV_DETALLE_INDICADORES", línea 1338
ORA-06512: en línea 1
8/12/2020 10:33:29: [Método: Boolean MoveNext(), Línea: 0] - ORA-00936: falta una expresión
ORA-06512: en "MRVMM.PKG_MRV_DETALLE_INDICADORES", línea 1338
ORA-06512: en línea 1
8/12/2020 10:33:29: [Método: Void .ctor(System.Collections.Generic.IEnumerable`1[T]), Línea: 0] - ORA-00936: falta una expresión
ORA-06512: en "MRVMM.PKG_MRV_DETALLE_INDICADORES", línea 1338
ORA-06512: en línea 1
8/12/2020 10:33:29: [Método: System.Collections.Generic.List`1[TSource] ToList[TSource](System.Collections.Generic.IEnumerable`1[TSource]), Línea: 0] - ORA-00936: falta una expresión
ORA-06512: en "MRVMM.PKG_MRV_DETALLE_INDICADORES", línea 1338
ORA-06512: en línea 1
8/12/2020 10:33:29: [Método: System.Collections.Generic.IEnumerable`1[T] Query[T](System.Data.IDbConnection, System.String, System.Object, System.Data.IDbTransaction, Boolean, System.Nullable`1[System.Int32], System.Nullable`1[System.Data.CommandType]), Línea: 0] - ORA-00936: falta una expresión
ORA-06512: en "MRVMM.PKG_MRV_DETALLE_INDICADORES", línea 1338
ORA-06512: en línea 1
8/12/2020 10:33:29: [Método: System.Collections.Generic.List`1[entidad.minem.gob.pe.IndicadorDataBE] ListarDatosIndicadorData(entidad.minem.gob.pe.IndicadorDataBE), Línea: 872] - ORA-00936: falta una expresión
ORA-06512: en "MRVMM.PKG_MRV_DETALLE_INDICADORES", línea 1338
ORA-06512: en línea 1
8/12/2020 10:33:34: [Método: Void HandleErrorHelper(Int32, Oracle.DataAccess.Client.OracleConnection, IntPtr, Oracle.DataAccess.Client.OpoSqlValCtx*, System.Object, System.String, Boolean, Int32, Oracle.DataAccess.Client.OracleLogicalTransaction), Línea: 0] - ORA-00936: falta una expresión
ORA-06512: en "MRVMM.PKG_MRV_DETALLE_INDICADORES", línea 1338
ORA-06512: en línea 1
8/12/2020 10:33:34: [Método: Void HandleError(Int32, Oracle.DataAccess.Client.OracleConnection, System.String, IntPtr, Oracle.DataAccess.Client.OpoSqlValCtx*, System.Object, Boolean, Oracle.DataAccess.Client.OracleLogicalTransaction), Línea: 0] - ORA-00936: falta una expresión
ORA-06512: en "MRVMM.PKG_MRV_DETALLE_INDICADORES", línea 1338
ORA-06512: en línea 1
8/12/2020 10:33:34: [Método: Oracle.DataAccess.Client.OracleDataReader ExecuteReader(Boolean, Boolean, System.Data.CommandBehavior), Línea: 0] - ORA-00936: falta una expresión
ORA-06512: en "MRVMM.PKG_MRV_DETALLE_INDICADORES", línea 1338
ORA-06512: en línea 1
8/12/2020 10:33:34: [Método: System.Data.Common.DbDataReader ExecuteDbDataReader(System.Data.CommandBehavior), Línea: 0] - ORA-00936: falta una expresión
ORA-06512: en "MRVMM.PKG_MRV_DETALLE_INDICADORES", línea 1338
ORA-06512: en línea 1
8/12/2020 10:33:34: [Método: System.Data.IDataReader System.Data.IDbCommand.ExecuteReader(System.Data.CommandBehavior), Línea: 0] - ORA-00936: falta una expresión
ORA-06512: en "MRVMM.PKG_MRV_DETALLE_INDICADORES", línea 1338
ORA-06512: en línea 1
8/12/2020 10:33:34: [Método: System.Data.IDataReader ExecuteReaderWithFlagsFallback(System.Data.IDbCommand, Boolean, System.Data.CommandBehavior), Línea: 0] - ORA-00936: falta una expresión
ORA-06512: en "MRVMM.PKG_MRV_DETALLE_INDICADORES", línea 1338
ORA-06512: en línea 1
8/12/2020 10:33:34: [Método: Boolean MoveNext(), Línea: 0] - ORA-00936: falta una expresión
ORA-06512: en "MRVMM.PKG_MRV_DETALLE_INDICADORES", línea 1338
ORA-06512: en línea 1
8/12/2020 10:33:34: [Método: Void .ctor(System.Collections.Generic.IEnumerable`1[T]), Línea: 0] - ORA-00936: falta una expresión
ORA-06512: en "MRVMM.PKG_MRV_DETALLE_INDICADORES", línea 1338
ORA-06512: en línea 1
8/12/2020 10:33:34: [Método: System.Collections.Generic.List`1[TSource] ToList[TSource](System.Collections.Generic.IEnumerable`1[TSource]), Línea: 0] - ORA-00936: falta una expresión
ORA-06512: en "MRVMM.PKG_MRV_DETALLE_INDICADORES", línea 1338
ORA-06512: en línea 1
8/12/2020 10:33:34: [Método: System.Collections.Generic.IEnumerable`1[T] Query[T](System.Data.IDbConnection, System.String, System.Object, System.Data.IDbTransaction, Boolean, System.Nullable`1[System.Int32], System.Nullable`1[System.Data.CommandType]), Línea: 0] - ORA-00936: falta una expresión
ORA-06512: en "MRVMM.PKG_MRV_DETALLE_INDICADORES", línea 1338
ORA-06512: en línea 1
8/12/2020 10:33:34: [Método: System.Collections.Generic.List`1[entidad.minem.gob.pe.IndicadorDataBE] ListarDatosIndicadorData(entidad.minem.gob.pe.IndicadorDataBE), Línea: 872] - ORA-00936: falta una expresión
ORA-06512: en "MRVMM.PKG_MRV_DETALLE_INDICADORES", línea 1338
ORA-06512: en línea 1
8/12/2020 11:20:07: [Método: Void HandleErrorHelper(Int32, Oracle.DataAccess.Client.OracleConnection, IntPtr, Oracle.DataAccess.Client.OpoSqlValCtx*, System.Object, System.String, Boolean, Int32, Oracle.DataAccess.Client.OracleLogicalTransaction), Línea: 0] - ORA-00936: falta una expresión
ORA-06512: en "MRVMM.PKG_MRV_DETALLE_INDICADORES", línea 1338
ORA-06512: en línea 1
8/12/2020 11:20:07: [Método: Void HandleError(Int32, Oracle.DataAccess.Client.OracleConnection, System.String, IntPtr, Oracle.DataAccess.Client.OpoSqlValCtx*, System.Object, Boolean, Oracle.DataAccess.Client.OracleLogicalTransaction), Línea: 0] - ORA-00936: falta una expresión
ORA-06512: en "MRVMM.PKG_MRV_DETALLE_INDICADORES", línea 1338
ORA-06512: en línea 1
8/12/2020 11:20:07: [Método: Oracle.DataAccess.Client.OracleDataReader ExecuteReader(Boolean, Boolean, System.Data.CommandBehavior), Línea: 0] - ORA-00936: falta una expresión
ORA-06512: en "MRVMM.PKG_MRV_DETALLE_INDICADORES", línea 1338
ORA-06512: en línea 1
8/12/2020 11:20:07: [Método: System.Data.Common.DbDataReader ExecuteDbDataReader(System.Data.CommandBehavior), Línea: 0] - ORA-00936: falta una expresión
ORA-06512: en "MRVMM.PKG_MRV_DETALLE_INDICADORES", línea 1338
ORA-06512: en línea 1
8/12/2020 11:20:07: [Método: System.Data.IDataReader System.Data.IDbCommand.ExecuteReader(System.Data.CommandBehavior), Línea: 0] - ORA-00936: falta una expresión
ORA-06512: en "MRVMM.PKG_MRV_DETALLE_INDICADORES", línea 1338
ORA-06512: en línea 1
8/12/2020 11:20:07: [Método: System.Data.IDataReader ExecuteReaderWithFlagsFallback(System.Data.IDbCommand, Boolean, System.Data.CommandBehavior), Línea: 0] - ORA-00936: falta una expresión
ORA-06512: en "MRVMM.PKG_MRV_DETALLE_INDICADORES", línea 1338
ORA-06512: en línea 1
8/12/2020 11:20:07: [Método: Boolean MoveNext(), Línea: 0] - ORA-00936: falta una expresión
ORA-06512: en "MRVMM.PKG_MRV_DETALLE_INDICADORES", línea 1338
ORA-06512: en línea 1
8/12/2020 11:20:07: [Método: Void .ctor(System.Collections.Generic.IEnumerable`1[T]), Línea: 0] - ORA-00936: falta una expresión
ORA-06512: en "MRVMM.PKG_MRV_DETALLE_INDICADORES", línea 1338
ORA-06512: en línea 1
8/12/2020 11:20:07: [Método: System.Collections.Generic.List`1[TSource] ToList[TSource](System.Collections.Generic.IEnumerable`1[TSource]), Línea: 0] - ORA-00936: falta una expresión
ORA-06512: en "MRVMM.PKG_MRV_DETALLE_INDICADORES", línea 1338
ORA-06512: en línea 1
8/12/2020 11:20:07: [Método: System.Collections.Generic.IEnumerable`1[T] Query[T](System.Data.IDbConnection, System.String, System.Object, System.Data.IDbTransaction, Boolean, System.Nullable`1[System.Int32], System.Nullable`1[System.Data.CommandType]), Línea: 0] - ORA-00936: falta una expresión
ORA-06512: en "MRVMM.PKG_MRV_DETALLE_INDICADORES", línea 1338
ORA-06512: en línea 1
8/12/2020 11:20:07: [Método: System.Collections.Generic.List`1[entidad.minem.gob.pe.IndicadorDataBE] ListarDatosIndicadorData(entidad.minem.gob.pe.IndicadorDataBE), Línea: 872] - ORA-00936: falta una expresión
ORA-06512: en "MRVMM.PKG_MRV_DETALLE_INDICADORES", línea 1338
ORA-06512: en línea 1
8/12/2020 11:20:11: [Método: Void HandleErrorHelper(Int32, Oracle.DataAccess.Client.OracleConnection, IntPtr, Oracle.DataAccess.Client.OpoSqlValCtx*, System.Object, System.String, Boolean, Int32, Oracle.DataAccess.Client.OracleLogicalTransaction), Línea: 0] - ORA-00936: falta una expresión
ORA-06512: en "MRVMM.PKG_MRV_DETALLE_INDICADORES", línea 1338
ORA-06512: en línea 1
8/12/2020 11:20:11: [Método: Void HandleError(Int32, Oracle.DataAccess.Client.OracleConnection, System.String, IntPtr, Oracle.DataAccess.Client.OpoSqlValCtx*, System.Object, Boolean, Oracle.DataAccess.Client.OracleLogicalTransaction), Línea: 0] - ORA-00936: falta una expresión
ORA-06512: en "MRVMM.PKG_MRV_DETALLE_INDICADORES", línea 1338
ORA-06512: en línea 1
8/12/2020 11:20:11: [Método: Oracle.DataAccess.Client.OracleDataReader ExecuteReader(Boolean, Boolean, System.Data.CommandBehavior), Línea: 0] - ORA-00936: falta una expresión
ORA-06512: en "MRVMM.PKG_MRV_DETALLE_INDICADORES", línea 1338
ORA-06512: en línea 1
8/12/2020 11:20:11: [Método: System.Data.Common.DbDataReader ExecuteDbDataReader(System.Data.CommandBehavior), Línea: 0] - ORA-00936: falta una expresión
ORA-06512: en "MRVMM.PKG_MRV_DETALLE_INDICADORES", línea 1338
ORA-06512: en línea 1
8/12/2020 11:20:11: [Método: System.Data.IDataReader System.Data.IDbCommand.ExecuteReader(System.Data.CommandBehavior), Línea: 0] - ORA-00936: falta una expresión
ORA-06512: en "MRVMM.PKG_MRV_DETALLE_INDICADORES", línea 1338
ORA-06512: en línea 1
8/12/2020 11:20:11: [Método: System.Data.IDataReader ExecuteReaderWithFlagsFallback(System.Data.IDbCommand, Boolean, System.Data.CommandBehavior), Línea: 0] - ORA-00936: falta una expresión
ORA-06512: en "MRVMM.PKG_MRV_DETALLE_INDICADORES", línea 1338
ORA-06512: en línea 1
8/12/2020 11:20:11: [Método: Boolean MoveNext(), Línea: 0] - ORA-00936: falta una expresión
ORA-06512: en "MRVMM.PKG_MRV_DETALLE_INDICADORES", línea 1338
ORA-06512: en línea 1
8/12/2020 11:20:11: [Método: Void .ctor(System.Collections.Generic.IEnumerable`1[T]), Línea: 0] - ORA-00936: falta una expresión
ORA-06512: en "MRVMM.PKG_MRV_DETALLE_INDICADORES", línea 1338
ORA-06512: en línea 1
8/12/2020 11:20:11: [Método: System.Collections.Generic.List`1[TSource] ToList[TSource](System.Collections.Generic.IEnumerable`1[TSource]), Línea: 0] - ORA-00936: falta una expresión
ORA-06512: en "MRVMM.PKG_MRV_DETALLE_INDICADORES", línea 1338
ORA-06512: en línea 1
8/12/2020 11:20:11: [Método: System.Collections.Generic.IEnumerable`1[T] Query[T](System.Data.IDbConnection, System.String, System.Object, System.Data.IDbTransaction, Boolean, System.Nullable`1[System.Int32], System.Nullable`1[System.Data.CommandType]), Línea: 0] - ORA-00936: falta una expresión
ORA-06512: en "MRVMM.PKG_MRV_DETALLE_INDICADORES", línea 1338
ORA-06512: en línea 1
8/12/2020 11:20:11: [Método: System.Collections.Generic.List`1[entidad.minem.gob.pe.IndicadorDataBE] ListarDatosIndicadorData(entidad.minem.gob.pe.IndicadorDataBE), Línea: 872] - ORA-00936: falta una expresión
ORA-06512: en "MRVMM.PKG_MRV_DETALLE_INDICADORES", línea 1338
ORA-06512: en línea 1
8/12/2020 11:20:14: [Método: Void HandleErrorHelper(Int32, Oracle.DataAccess.Client.OracleConnection, IntPtr, Oracle.DataAccess.Client.OpoSqlValCtx*, System.Object, System.String, Boolean, Int32, Oracle.DataAccess.Client.OracleLogicalTransaction), Línea: 0] - ORA-00936: falta una expresión
ORA-06512: en "MRVMM.PKG_MRV_DETALLE_INDICADORES", línea 1338
ORA-06512: en línea 1
8/12/2020 11:20:14: [Método: Void HandleError(Int32, Oracle.DataAccess.Client.OracleConnection, System.String, IntPtr, Oracle.DataAccess.Client.OpoSqlValCtx*, System.Object, Boolean, Oracle.DataAccess.Client.OracleLogicalTransaction), Línea: 0] - ORA-00936: falta una expresión
ORA-06512: en "MRVMM.PKG_MRV_DETALLE_INDICADORES", línea 1338
ORA-06512: en línea 1
8/12/2020 11:20:14: [Método: Oracle.DataAccess.Client.OracleDataReader ExecuteReader(Boolean, Boolean, System.Data.CommandBehavior), Línea: 0] - ORA-00936: falta una expresión
ORA-06512: en "MRVMM.PKG_MRV_DETALLE_INDICADORES", línea 1338
ORA-06512: en línea 1
8/12/2020 11:20:14: [Método: System.Data.Common.DbDataReader ExecuteDbDataReader(System.Data.CommandBehavior), Línea: 0] - ORA-00936: falta una expresión
ORA-06512: en "MRVMM.PKG_MRV_DETALLE_INDICADORES", línea 1338
ORA-06512: en línea 1
8/12/2020 11:20:14: [Método: System.Data.IDataReader System.Data.IDbCommand.ExecuteReader(System.Data.CommandBehavior), Línea: 0] - ORA-00936: falta una expresión
ORA-06512: en "MRVMM.PKG_MRV_DETALLE_INDICADORES", línea 1338
ORA-06512: en línea 1
8/12/2020 11:20:14: [Método: System.Data.IDataReader ExecuteReaderWithFlagsFallback(System.Data.IDbCommand, Boolean, System.Data.CommandBehavior), Línea: 0] - ORA-00936: falta una expresión
ORA-06512: en "MRVMM.PKG_MRV_DETALLE_INDICADORES", línea 1338
ORA-06512: en línea 1
8/12/2020 11:20:14: [Método: Boolean MoveNext(), Línea: 0] - ORA-00936: falta una expresión
ORA-06512: en "MRVMM.PKG_MRV_DETALLE_INDICADORES", línea 1338
ORA-06512: en línea 1
8/12/2020 11:20:14: [Método: Void .ctor(System.Collections.Generic.IEnumerable`1[T]), Línea: 0] - ORA-00936: falta una expresión
ORA-06512: en "MRVMM.PKG_MRV_DETALLE_INDICADORES", línea 1338
ORA-06512: en línea 1
8/12/2020 11:20:14: [Método: System.Collections.Generic.List`1[TSource] ToList[TSource](System.Collections.Generic.IEnumerable`1[TSource]), Línea: 0] - ORA-00936: falta una expresión
ORA-06512: en "MRVMM.PKG_MRV_DETALLE_INDICADORES", línea 1338
ORA-06512: en línea 1
8/12/2020 11:20:14: [Método: System.Collections.Generic.IEnumerable`1[T] Query[T](System.Data.IDbConnection, System.String, System.Object, System.Data.IDbTransaction, Boolean, System.Nullable`1[System.Int32], System.Nullable`1[System.Data.CommandType]), Línea: 0] - ORA-00936: falta una expresión
ORA-06512: en "MRVMM.PKG_MRV_DETALLE_INDICADORES", línea 1338
ORA-06512: en línea 1
8/12/2020 11:20:14: [Método: System.Collections.Generic.List`1[entidad.minem.gob.pe.IndicadorDataBE] ListarDatosIndicadorData(entidad.minem.gob.pe.IndicadorDataBE), Línea: 872] - ORA-00936: falta una expresión
ORA-06512: en "MRVMM.PKG_MRV_DETALLE_INDICADORES", línea 1338
ORA-06512: en línea 1
8/12/2020 12:38:23: [Método: Void HandleErrorHelper(Int32, Oracle.DataAccess.Client.OracleConnection, IntPtr, Oracle.DataAccess.Client.OpoSqlValCtx*, System.Object, System.String, Boolean, Int32, Oracle.DataAccess.Client.OracleLogicalTransaction), Línea: 0] - ORA-00936: falta una expresión
ORA-06512: en "MRVMM.PKG_MRV_DETALLE_INDICADORES", línea 1338
ORA-06512: en línea 1
8/12/2020 12:38:23: [Método: Void HandleError(Int32, Oracle.DataAccess.Client.OracleConnection, System.String, IntPtr, Oracle.DataAccess.Client.OpoSqlValCtx*, System.Object, Boolean, Oracle.DataAccess.Client.OracleLogicalTransaction), Línea: 0] - ORA-00936: falta una expresión
ORA-06512: en "MRVMM.PKG_MRV_DETALLE_INDICADORES", línea 1338
ORA-06512: en línea 1
8/12/2020 12:38:23: [Método: Oracle.DataAccess.Client.OracleDataReader ExecuteReader(Boolean, Boolean, System.Data.CommandBehavior), Línea: 0] - ORA-00936: falta una expresión
ORA-06512: en "MRVMM.PKG_MRV_DETALLE_INDICADORES", línea 1338
ORA-06512: en línea 1
8/12/2020 12:38:23: [Método: System.Data.Common.DbDataReader ExecuteDbDataReader(System.Data.CommandBehavior), Línea: 0] - ORA-00936: falta una expresión
ORA-06512: en "MRVMM.PKG_MRV_DETALLE_INDICADORES", línea 1338
ORA-06512: en línea 1
8/12/2020 12:38:23: [Método: System.Data.IDataReader System.Data.IDbCommand.ExecuteReader(System.Data.CommandBehavior), Línea: 0] - ORA-00936: falta una expresión
ORA-06512: en "MRVMM.PKG_MRV_DETALLE_INDICADORES", línea 1338
ORA-06512: en línea 1
8/12/2020 12:38:23: [Método: System.Data.IDataReader ExecuteReaderWithFlagsFallback(System.Data.IDbCommand, Boolean, System.Data.CommandBehavior), Línea: 0] - ORA-00936: falta una expresión
ORA-06512: en "MRVMM.PKG_MRV_DETALLE_INDICADORES", línea 1338
ORA-06512: en línea 1
8/12/2020 12:38:23: [Método: Boolean MoveNext(), Línea: 0] - ORA-00936: falta una expresión
ORA-06512: en "MRVMM.PKG_MRV_DETALLE_INDICADORES", línea 1338
ORA-06512: en línea 1
8/12/2020 12:38:23: [Método: Void .ctor(System.Collections.Generic.IEnumerable`1[T]), Línea: 0] - ORA-00936: falta una expresión
ORA-06512: en "MRVMM.PKG_MRV_DETALLE_INDICADORES", línea 1338
ORA-06512: en línea 1
8/12/2020 12:38:23: [Método: System.Collections.Generic.List`1[TSource] ToList[TSource](System.Collections.Generic.IEnumerable`1[TSource]), Línea: 0] - ORA-00936: falta una expresión
ORA-06512: en "MRVMM.PKG_MRV_DETALLE_INDICADORES", línea 1338
ORA-06512: en línea 1
8/12/2020 12:38:23: [Método: System.Collections.Generic.IEnumerable`1[T] Query[T](System.Data.IDbConnection, System.String, System.Object, System.Data.IDbTransaction, Boolean, System.Nullable`1[System.Int32], System.Nullable`1[System.Data.CommandType]), Línea: 0] - ORA-00936: falta una expresión
ORA-06512: en "MRVMM.PKG_MRV_DETALLE_INDICADORES", línea 1338
ORA-06512: en línea 1
8/12/2020 12:38:23: [Método: System.Collections.Generic.List`1[entidad.minem.gob.pe.IndicadorDataBE] ListarDatosIndicadorData(entidad.minem.gob.pe.IndicadorDataBE), Línea: 872] - ORA-00936: falta una expresión
ORA-06512: en "MRVMM.PKG_MRV_DETALLE_INDICADORES", línea 1338
ORA-06512: en línea 1
8/12/2020 14:51:17: [Método: Void HandleErrorHelper(Int32, Oracle.DataAccess.Client.OracleConnection, IntPtr, Oracle.DataAccess.Client.OpoSqlValCtx*, System.Object, System.String, Boolean, Int32, Oracle.DataAccess.Client.OracleLogicalTransaction), Línea: 0] - ORA-00936: falta una expresión
ORA-06512: en "MRVMM.PKG_MRV_DETALLE_INDICADORES", línea 1338
ORA-06512: en línea 1
8/12/2020 14:51:17: [Método: Void HandleError(Int32, Oracle.DataAccess.Client.OracleConnection, System.String, IntPtr, Oracle.DataAccess.Client.OpoSqlValCtx*, System.Object, Boolean, Oracle.DataAccess.Client.OracleLogicalTransaction), Línea: 0] - ORA-00936: falta una expresión
ORA-06512: en "MRVMM.PKG_MRV_DETALLE_INDICADORES", línea 1338
ORA-06512: en línea 1
8/12/2020 14:51:17: [Método: Oracle.DataAccess.Client.OracleDataReader ExecuteReader(Boolean, Boolean, System.Data.CommandBehavior), Línea: 0] - ORA-00936: falta una expresión
ORA-06512: en "MRVMM.PKG_MRV_DETALLE_INDICADORES", línea 1338
ORA-06512: en línea 1
8/12/2020 14:51:17: [Método: System.Data.Common.DbDataReader ExecuteDbDataReader(System.Data.CommandBehavior), Línea: 0] - ORA-00936: falta una expresión
ORA-06512: en "MRVMM.PKG_MRV_DETALLE_INDICADORES", línea 1338
ORA-06512: en línea 1
8/12/2020 14:51:17: [Método: System.Data.IDataReader System.Data.IDbCommand.ExecuteReader(System.Data.CommandBehavior), Línea: 0] - ORA-00936: falta una expresión
ORA-06512: en "MRVMM.PKG_MRV_DETALLE_INDICADORES", línea 1338
ORA-06512: en línea 1
8/12/2020 14:51:17: [Método: System.Data.IDataReader ExecuteReaderWithFlagsFallback(System.Data.IDbCommand, Boolean, System.Data.CommandBehavior), Línea: 0] - ORA-00936: falta una expresión
ORA-06512: en "MRVMM.PKG_MRV_DETALLE_INDICADORES", línea 1338
ORA-06512: en línea 1
8/12/2020 14:51:17: [Método: Boolean MoveNext(), Línea: 0] - ORA-00936: falta una expresión
ORA-06512: en "MRVMM.PKG_MRV_DETALLE_INDICADORES", línea 1338
ORA-06512: en línea 1
8/12/2020 14:51:17: [Método: Void .ctor(System.Collections.Generic.IEnumerable`1[T]), Línea: 0] - ORA-00936: falta una expresión
ORA-06512: en "MRVMM.PKG_MRV_DETALLE_INDICADORES", línea 1338
ORA-06512: en línea 1
8/12/2020 14:51:17: [Método: System.Collections.Generic.List`1[TSource] ToList[TSource](System.Collections.Generic.IEnumerable`1[TSource]), Línea: 0] - ORA-00936: falta una expresión
ORA-06512: en "MRVMM.PKG_MRV_DETALLE_INDICADORES", línea 1338
ORA-06512: en línea 1
8/12/2020 14:51:17: [Método: System.Collections.Generic.IEnumerable`1[T] Query[T](System.Data.IDbConnection, System.String, System.Object, System.Data.IDbTransaction, Boolean, System.Nullable`1[System.Int32], System.Nullable`1[System.Data.CommandType]), Línea: 0] - ORA-00936: falta una expresión
ORA-06512: en "MRVMM.PKG_MRV_DETALLE_INDICADORES", línea 1338
ORA-06512: en línea 1
8/12/2020 14:51:17: [Método: System.Collections.Generic.List`1[entidad.minem.gob.pe.IndicadorDataBE] ListarDatosIndicadorData(entidad.minem.gob.pe.IndicadorDataBE), Línea: 872] - ORA-00936: falta una expresión
ORA-06512: en "MRVMM.PKG_MRV_DETALLE_INDICADORES", línea 1338
ORA-06512: en línea 1
8/12/2020 14:51:22: [Método: Void HandleErrorHelper(Int32, Oracle.DataAccess.Client.OracleConnection, IntPtr, Oracle.DataAccess.Client.OpoSqlValCtx*, System.Object, System.String, Boolean, Int32, Oracle.DataAccess.Client.OracleLogicalTransaction), Línea: 0] - ORA-00936: falta una expresión
ORA-06512: en "MRVMM.PKG_MRV_DETALLE_INDICADORES", línea 1338
ORA-06512: en línea 1
8/12/2020 14:51:22: [Método: Void HandleError(Int32, Oracle.DataAccess.Client.OracleConnection, System.String, IntPtr, Oracle.DataAccess.Client.OpoSqlValCtx*, System.Object, Boolean, Oracle.DataAccess.Client.OracleLogicalTransaction), Línea: 0] - ORA-00936: falta una expresión
ORA-06512: en "MRVMM.PKG_MRV_DETALLE_INDICADORES", línea 1338
ORA-06512: en línea 1
8/12/2020 14:51:22: [Método: Oracle.DataAccess.Client.OracleDataReader ExecuteReader(Boolean, Boolean, System.Data.CommandBehavior), Línea: 0] - ORA-00936: falta una expresión
ORA-06512: en "MRVMM.PKG_MRV_DETALLE_INDICADORES", línea 1338
ORA-06512: en línea 1
8/12/2020 14:51:22: [Método: System.Data.Common.DbDataReader ExecuteDbDataReader(System.Data.CommandBehavior), Línea: 0] - ORA-00936: falta una expresión
ORA-06512: en "MRVMM.PKG_MRV_DETALLE_INDICADORES", línea 1338
ORA-06512: en línea 1
8/12/2020 14:51:22: [Método: System.Data.IDataReader System.Data.IDbCommand.ExecuteReader(System.Data.CommandBehavior), Línea: 0] - ORA-00936: falta una expresión
ORA-06512: en "MRVMM.PKG_MRV_DETALLE_INDICADORES", línea 1338
ORA-06512: en línea 1
8/12/2020 14:51:22: [Método: System.Data.IDataReader ExecuteReaderWithFlagsFallback(System.Data.IDbCommand, Boolean, System.Data.CommandBehavior), Línea: 0] - ORA-00936: falta una expresión
ORA-06512: en "MRVMM.PKG_MRV_DETALLE_INDICADORES", línea 1338
ORA-06512: en línea 1
8/12/2020 14:51:22: [Método: Boolean MoveNext(), Línea: 0] - ORA-00936: falta una expresión
ORA-06512: en "MRVMM.PKG_MRV_DETALLE_INDICADORES", línea 1338
ORA-06512: en línea 1
8/12/2020 14:51:22: [Método: Void .ctor(System.Collections.Generic.IEnumerable`1[T]), Línea: 0] - ORA-00936: falta una expresión
ORA-06512: en "MRVMM.PKG_MRV_DETALLE_INDICADORES", línea 1338
ORA-06512: en línea 1
8/12/2020 14:51:22: [Método: System.Collections.Generic.List`1[TSource] ToList[TSource](System.Collections.Generic.IEnumerable`1[TSource]), Línea: 0] - ORA-00936: falta una expresión
ORA-06512: en "MRVMM.PKG_MRV_DETALLE_INDICADORES", línea 1338
ORA-06512: en línea 1
8/12/2020 14:51:22: [Método: System.Collections.Generic.IEnumerable`1[T] Query[T](System.Data.IDbConnection, System.String, System.Object, System.Data.IDbTransaction, Boolean, System.Nullable`1[System.Int32], System.Nullable`1[System.Data.CommandType]), Línea: 0] - ORA-00936: falta una expresión
ORA-06512: en "MRVMM.PKG_MRV_DETALLE_INDICADORES", línea 1338
ORA-06512: en línea 1
8/12/2020 14:51:22: [Método: System.Collections.Generic.List`1[entidad.minem.gob.pe.IndicadorDataBE] ListarDatosIndicadorData(entidad.minem.gob.pe.IndicadorDataBE), Línea: 872] - ORA-00936: falta una expresión
ORA-06512: en "MRVMM.PKG_MRV_DETALLE_INDICADORES", línea 1338
ORA-06512: en línea 1
8/12/2020 15:45:07: [Método: Void HandleErrorHelper(Int32, Oracle.DataAccess.Client.OracleConnection, IntPtr, Oracle.DataAccess.Client.OpoSqlValCtx*, System.Object, System.String, Boolean, Int32, Oracle.DataAccess.Client.OracleLogicalTransaction), Línea: 0] - ORA-00936: falta una expresión
ORA-06512: en "MRVMM.PKG_MRV_DETALLE_INDICADORES", línea 1338
ORA-06512: en línea 1
8/12/2020 15:45:07: [Método: Void HandleError(Int32, Oracle.DataAccess.Client.OracleConnection, System.String, IntPtr, Oracle.DataAccess.Client.OpoSqlValCtx*, System.Object, Boolean, Oracle.DataAccess.Client.OracleLogicalTransaction), Línea: 0] - ORA-00936: falta una expresión
ORA-06512: en "MRVMM.PKG_MRV_DETALLE_INDICADORES", línea 1338
ORA-06512: en línea 1
8/12/2020 15:45:07: [Método: Oracle.DataAccess.Client.OracleDataReader ExecuteReader(Boolean, Boolean, System.Data.CommandBehavior), Línea: 0] - ORA-00936: falta una expresión
ORA-06512: en "MRVMM.PKG_MRV_DETALLE_INDICADORES", línea 1338
ORA-06512: en línea 1
8/12/2020 15:45:07: [Método: System.Data.Common.DbDataReader ExecuteDbDataReader(System.Data.CommandBehavior), Línea: 0] - ORA-00936: falta una expresión
ORA-06512: en "MRVMM.PKG_MRV_DETALLE_INDICADORES", línea 1338
ORA-06512: en línea 1
8/12/2020 15:45:07: [Método: System.Data.IDataReader System.Data.IDbCommand.ExecuteReader(System.Data.CommandBehavior), Línea: 0] - ORA-00936: falta una expresión
ORA-06512: en "MRVMM.PKG_MRV_DETALLE_INDICADORES", línea 1338
ORA-06512: en línea 1
8/12/2020 15:45:07: [Método: System.Data.IDataReader ExecuteReaderWithFlagsFallback(System.Data.IDbCommand, Boolean, System.Data.CommandBehavior), Línea: 0] - ORA-00936: falta una expresión
ORA-06512: en "MRVMM.PKG_MRV_DETALLE_INDICADORES", línea 1338
ORA-06512: en línea 1
8/12/2020 15:45:07: [Método: Boolean MoveNext(), Línea: 0] - ORA-00936: falta una expresión
ORA-06512: en "MRVMM.PKG_MRV_DETALLE_INDICADORES", línea 1338
ORA-06512: en línea 1
8/12/2020 15:45:07: [Método: Void .ctor(System.Collections.Generic.IEnumerable`1[T]), Línea: 0] - ORA-00936: falta una expresión
ORA-06512: en "MRVMM.PKG_MRV_DETALLE_INDICADORES", línea 1338
ORA-06512: en línea 1
8/12/2020 15:45:07: [Método: System.Collections.Generic.List`1[TSource] ToList[TSource](System.Collections.Generic.IEnumerable`1[TSource]), Línea: 0] - ORA-00936: falta una expresión
ORA-06512: en "MRVMM.PKG_MRV_DETALLE_INDICADORES", línea 1338
ORA-06512: en línea 1
8/12/2020 15:45:07: [Método: System.Collections.Generic.IEnumerable`1[T] Query[T](System.Data.IDbConnection, System.String, System.Object, System.Data.IDbTransaction, Boolean, System.Nullable`1[System.Int32], System.Nullable`1[System.Data.CommandType]), Línea: 0] - ORA-00936: falta una expresión
ORA-06512: en "MRVMM.PKG_MRV_DETALLE_INDICADORES", línea 1338
ORA-06512: en línea 1
8/12/2020 15:45:07: [Método: System.Collections.Generic.List`1[entidad.minem.gob.pe.IndicadorDataBE] ListarDatosIndicadorData(entidad.minem.gob.pe.IndicadorDataBE), Línea: 872] - ORA-00936: falta una expresión
ORA-06512: en "MRVMM.PKG_MRV_DETALLE_INDICADORES", línea 1338
ORA-06512: en línea 1
8/12/2020 15:46:38: [Método: System.Web.Mvc.JsonResult ProcesarExcel(System.Web.HttpPostedFileBase, entidad.minem.gob.pe.ParametroBE), Línea: 153] - Referencia a objeto no establecida como instancia de un objeto.
8/12/2020 16:37:22: [Método: Void HandleErrorHelper(Int32, Oracle.DataAccess.Client.OracleConnection, IntPtr, Oracle.DataAccess.Client.OpoSqlValCtx*, System.Object, System.String, Boolean, Int32, Oracle.DataAccess.Client.OracleLogicalTransaction), Línea: 0] - ORA-00936: falta una expresión
ORA-06512: en "MRVMM.PKG_MRV_DETALLE_INDICADORES", línea 1338
ORA-06512: en línea 1
8/12/2020 16:37:22: [Método: Void HandleError(Int32, Oracle.DataAccess.Client.OracleConnection, System.String, IntPtr, Oracle.DataAccess.Client.OpoSqlValCtx*, System.Object, Boolean, Oracle.DataAccess.Client.OracleLogicalTransaction), Línea: 0] - ORA-00936: falta una expresión
ORA-06512: en "MRVMM.PKG_MRV_DETALLE_INDICADORES", línea 1338
ORA-06512: en línea 1
8/12/2020 16:37:22: [Método: Oracle.DataAccess.Client.OracleDataReader ExecuteReader(Boolean, Boolean, System.Data.CommandBehavior), Línea: 0] - ORA-00936: falta una expresión
ORA-06512: en "MRVMM.PKG_MRV_DETALLE_INDICADORES", línea 1338
ORA-06512: en línea 1
8/12/2020 16:37:22: [Método: System.Data.Common.DbDataReader ExecuteDbDataReader(System.Data.CommandBehavior), Línea: 0] - ORA-00936: falta una expresión
ORA-06512: en "MRVMM.PKG_MRV_DETALLE_INDICADORES", línea 1338
ORA-06512: en línea 1
8/12/2020 16:37:22: [Método: System.Data.IDataReader System.Data.IDbCommand.ExecuteReader(System.Data.CommandBehavior), Línea: 0] - ORA-00936: falta una expresión
ORA-06512: en "MRVMM.PKG_MRV_DETALLE_INDICADORES", línea 1338
ORA-06512: en línea 1
8/12/2020 16:37:22: [Método: System.Data.IDataReader ExecuteReaderWithFlagsFallback(System.Data.IDbCommand, Boolean, System.Data.CommandBehavior), Línea: 0] - ORA-00936: falta una expresión
ORA-06512: en "MRVMM.PKG_MRV_DETALLE_INDICADORES", línea 1338
ORA-06512: en línea 1
8/12/2020 16:37:22: [Método: Boolean MoveNext(), Línea: 0] - ORA-00936: falta una expresión
ORA-06512: en "MRVMM.PKG_MRV_DETALLE_INDICADORES", línea 1338
ORA-06512: en línea 1
8/12/2020 16:37:22: [Método: Void .ctor(System.Collections.Generic.IEnumerable`1[T]), Línea: 0] - ORA-00936: falta una expresión
ORA-06512: en "MRVMM.PKG_MRV_DETALLE_INDICADORES", línea 1338
ORA-06512: en línea 1
8/12/2020 16:37:22: [Método: System.Collections.Generic.List`1[TSource] ToList[TSource](System.Collections.Generic.IEnumerable`1[TSource]), Línea: 0] - ORA-00936: falta una expresión
ORA-06512: en "MRVMM.PKG_MRV_DETALLE_INDICADORES", línea 1338
ORA-06512: en línea 1
8/12/2020 16:37:22: [Método: System.Collections.Generic.IEnumerable`1[T] Query[T](System.Data.IDbConnection, System.String, System.Object, System.Data.IDbTransaction, Boolean, System.Nullable`1[System.Int32], System.Nullable`1[System.Data.CommandType]), Línea: 0] - ORA-00936: falta una expresión
ORA-06512: en "MRVMM.PKG_MRV_DETALLE_INDICADORES", línea 1338
ORA-06512: en línea 1
8/12/2020 16:37:22: [Método: System.Collections.Generic.List`1[entidad.minem.gob.pe.IndicadorDataBE] ListarDatosIndicadorData(entidad.minem.gob.pe.IndicadorDataBE), Línea: 872] - ORA-00936: falta una expresión
ORA-06512: en "MRVMM.PKG_MRV_DETALLE_INDICADORES", línea 1338
ORA-06512: en línea 1
8/12/2020 16:45:47: [Método: Void HandleErrorHelper(Int32, Oracle.DataAccess.Client.OracleConnection, IntPtr, Oracle.DataAccess.Client.OpoSqlValCtx*, System.Object, System.String, Boolean, Int32, Oracle.DataAccess.Client.OracleLogicalTransaction), Línea: 0] - ORA-00936: falta una expresión
ORA-06512: en "MRVMM.PKG_MRV_DETALLE_INDICADORES", línea 1338
ORA-06512: en línea 1
8/12/2020 16:45:47: [Método: Void HandleError(Int32, Oracle.DataAccess.Client.OracleConnection, System.String, IntPtr, Oracle.DataAccess.Client.OpoSqlValCtx*, System.Object, Boolean, Oracle.DataAccess.Client.OracleLogicalTransaction), Línea: 0] - ORA-00936: falta una expresión
ORA-06512: en "MRVMM.PKG_MRV_DETALLE_INDICADORES", línea 1338
ORA-06512: en línea 1
8/12/2020 16:45:47: [Método: Oracle.DataAccess.Client.OracleDataReader ExecuteReader(Boolean, Boolean, System.Data.CommandBehavior), Línea: 0] - ORA-00936: falta una expresión
ORA-06512: en "MRVMM.PKG_MRV_DETALLE_INDICADORES", línea 1338
ORA-06512: en línea 1
8/12/2020 16:45:47: [Método: System.Data.Common.DbDataReader ExecuteDbDataReader(System.Data.CommandBehavior), Línea: 0] - ORA-00936: falta una expresión
ORA-06512: en "MRVMM.PKG_MRV_DETALLE_INDICADORES", línea 1338
ORA-06512: en línea 1
8/12/2020 16:45:47: [Método: System.Data.IDataReader System.Data.IDbCommand.ExecuteReader(System.Data.CommandBehavior), Línea: 0] - ORA-00936: falta una expresión
ORA-06512: en "MRVMM.PKG_MRV_DETALLE_INDICADORES", línea 1338
ORA-06512: en línea 1
8/12/2020 16:45:47: [Método: System.Data.IDataReader ExecuteReaderWithFlagsFallback(System.Data.IDbCommand, Boolean, System.Data.CommandBehavior), Línea: 0] - ORA-00936: falta una expresión
ORA-06512: en "MRVMM.PKG_MRV_DETALLE_INDICADORES", línea 1338
ORA-06512: en línea 1
8/12/2020 16:45:47: [Método: Boolean MoveNext(), Línea: 0] - ORA-00936: falta una expresión
ORA-06512: en "MRVMM.PKG_MRV_DETALLE_INDICADORES", línea 1338
ORA-06512: en línea 1
8/12/2020 16:45:47: [Método: Void .ctor(System.Collections.Generic.IEnumerable`1[T]), Línea: 0] - ORA-00936: falta una expresión
ORA-06512: en "MRVMM.PKG_MRV_DETALLE_INDICADORES", línea 1338
ORA-06512: en línea 1
8/12/2020 16:45:47: [Método: System.Collections.Generic.List`1[TSource] ToList[TSource](System.Collections.Generic.IEnumerable`1[TSource]), Línea: 0] - ORA-00936: falta una expresión
ORA-06512: en "MRVMM.PKG_MRV_DETALLE_INDICADORES", línea 1338
ORA-06512: en línea 1
8/12/2020 16:45:47: [Método: System.Collections.Generic.IEnumerable`1[T] Query[T](System.Data.IDbConnection, System.String, System.Object, System.Data.IDbTransaction, Boolean, System.Nullable`1[System.Int32], System.Nullable`1[System.Data.CommandType]), Línea: 0] - ORA-00936: falta una expresión
ORA-06512: en "MRVMM.PKG_MRV_DETALLE_INDICADORES", línea 1338
ORA-06512: en línea 1
8/12/2020 16:45:47: [Método: System.Collections.Generic.List`1[entidad.minem.gob.pe.IndicadorDataBE] ListarDatosIndicadorData(entidad.minem.gob.pe.IndicadorDataBE), Línea: 872] - ORA-00936: falta una expresión
ORA-06512: en "MRVMM.PKG_MRV_DETALLE_INDICADORES", línea 1338
ORA-06512: en línea 1
8/12/2020 16:47:31: [Método: Void HandleErrorHelper(Int32, Oracle.DataAccess.Client.OracleConnection, IntPtr, Oracle.DataAccess.Client.OpoSqlValCtx*, System.Object, System.String, Boolean, Int32, Oracle.DataAccess.Client.OracleLogicalTransaction), Línea: 0] - ORA-00936: falta una expresión
ORA-06512: en "MRVMM.PKG_MRV_DETALLE_INDICADORES", línea 1338
ORA-06512: en línea 1
8/12/2020 16:47:31: [Método: Void HandleError(Int32, Oracle.DataAccess.Client.OracleConnection, System.String, IntPtr, Oracle.DataAccess.Client.OpoSqlValCtx*, System.Object, Boolean, Oracle.DataAccess.Client.OracleLogicalTransaction), Línea: 0] - ORA-00936: falta una expresión
ORA-06512: en "MRVMM.PKG_MRV_DETALLE_INDICADORES", línea 1338
ORA-06512: en línea 1
8/12/2020 16:47:31: [Método: Oracle.DataAccess.Client.OracleDataReader ExecuteReader(Boolean, Boolean, System.Data.CommandBehavior), Línea: 0] - ORA-00936: falta una expresión
ORA-06512: en "MRVMM.PKG_MRV_DETALLE_INDICADORES", línea 1338
ORA-06512: en línea 1
8/12/2020 16:47:31: [Método: System.Data.Common.DbDataReader ExecuteDbDataReader(System.Data.CommandBehavior), Línea: 0] - ORA-00936: falta una expresión
ORA-06512: en "MRVMM.PKG_MRV_DETALLE_INDICADORES", línea 1338
ORA-06512: en línea 1
8/12/2020 16:47:31: [Método: System.Data.IDataReader System.Data.IDbCommand.ExecuteReader(System.Data.CommandBehavior), Línea: 0] - ORA-00936: falta una expresión
ORA-06512: en "MRVMM.PKG_MRV_DETALLE_INDICADORES", línea 1338
ORA-06512: en línea 1
8/12/2020 16:47:31: [Método: System.Data.IDataReader ExecuteReaderWithFlagsFallback(System.Data.IDbCommand, Boolean, System.Data.CommandBehavior), Línea: 0] - ORA-00936: falta una expresión
ORA-06512: en "MRVMM.PKG_MRV_DETALLE_INDICADORES", línea 1338
ORA-06512: en línea 1
8/12/2020 16:47:31: [Método: Boolean MoveNext(), Línea: 0] - ORA-00936: falta una expresión
ORA-06512: en "MRVMM.PKG_MRV_DETALLE_INDICADORES", línea 1338
ORA-06512: en línea 1
8/12/2020 16:47:31: [Método: Void .ctor(System.Collections.Generic.IEnumerable`1[T]), Línea: 0] - ORA-00936: falta una expresión
ORA-06512: en "MRVMM.PKG_MRV_DETALLE_INDICADORES", línea 1338
ORA-06512: en línea 1
8/12/2020 16:47:31: [Método: System.Collections.Generic.List`1[TSource] ToList[TSource](System.Collections.Generic.IEnumerable`1[TSource]), Línea: 0] - ORA-00936: falta una expresión
ORA-06512: en "MRVMM.PKG_MRV_DETALLE_INDICADORES", línea 1338
ORA-06512: en línea 1
8/12/2020 16:47:31: [Método: System.Collections.Generic.IEnumerable`1[T] Query[T](System.Data.IDbConnection, System.String, System.Object, System.Data.IDbTransaction, Boolean, System.Nullable`1[System.Int32], System.Nullable`1[System.Data.CommandType]), Línea: 0] - ORA-00936: falta una expresión
ORA-06512: en "MRVMM.PKG_MRV_DETALLE_INDICADORES", línea 1338
ORA-06512: en línea 1
8/12/2020 16:47:31: [Método: System.Collections.Generic.List`1[entidad.minem.gob.pe.IndicadorDataBE] ListarDatosIndicadorData(entidad.minem.gob.pe.IndicadorDataBE), Línea: 872] - ORA-00936: falta una expresión
ORA-06512: en "MRVMM.PKG_MRV_DETALLE_INDICADORES", línea 1338
ORA-06512: en línea 1
8/12/2020 17:32:28: [Método: Void HandleErrorHelper(Int32, Oracle.DataAccess.Client.OracleConnection, IntPtr, Oracle.DataAccess.Client.OpoSqlValCtx*, System.Object, System.String, Boolean, Int32, Oracle.DataAccess.Client.OracleLogicalTransaction), Línea: 0] - ORA-00936: falta una expresión
ORA-06512: en "MRVMM.PKG_MRV_DETALLE_INDICADORES", línea 1338
ORA-06512: en línea 1
8/12/2020 17:32:28: [Método: Void HandleError(Int32, Oracle.DataAccess.Client.OracleConnection, System.String, IntPtr, Oracle.DataAccess.Client.OpoSqlValCtx*, System.Object, Boolean, Oracle.DataAccess.Client.OracleLogicalTransaction), Línea: 0] - ORA-00936: falta una expresión
ORA-06512: en "MRVMM.PKG_MRV_DETALLE_INDICADORES", línea 1338
ORA-06512: en línea 1
8/12/2020 17:32:28: [Método: Oracle.DataAccess.Client.OracleDataReader ExecuteReader(Boolean, Boolean, System.Data.CommandBehavior), Línea: 0] - ORA-00936: falta una expresión
ORA-06512: en "MRVMM.PKG_MRV_DETALLE_INDICADORES", línea 1338
ORA-06512: en línea 1
8/12/2020 17:32:28: [Método: System.Data.Common.DbDataReader ExecuteDbDataReader(System.Data.CommandBehavior), Línea: 0] - ORA-00936: falta una expresión
ORA-06512: en "MRVMM.PKG_MRV_DETALLE_INDICADORES", línea 1338
ORA-06512: en línea 1
8/12/2020 17:32:28: [Método: System.Data.IDataReader System.Data.IDbCommand.ExecuteReader(System.Data.CommandBehavior), Línea: 0] - ORA-00936: falta una expresión
ORA-06512: en "MRVMM.PKG_MRV_DETALLE_INDICADORES", línea 1338
ORA-06512: en línea 1
8/12/2020 17:32:28: [Método: System.Data.IDataReader ExecuteReaderWithFlagsFallback(System.Data.IDbCommand, Boolean, System.Data.CommandBehavior), Línea: 0] - ORA-00936: falta una expresión
ORA-06512: en "MRVMM.PKG_MRV_DETALLE_INDICADORES", línea 1338
ORA-06512: en línea 1
8/12/2020 17:32:28: [Método: Boolean MoveNext(), Línea: 0] - ORA-00936: falta una expresión
ORA-06512: en "MRVMM.PKG_MRV_DETALLE_INDICADORES", línea 1338
ORA-06512: en línea 1
8/12/2020 17:32:28: [Método: Void .ctor(System.Collections.Generic.IEnumerable`1[T]), Línea: 0] - ORA-00936: falta una expresión
ORA-06512: en "MRVMM.PKG_MRV_DETALLE_INDICADORES", línea 1338
ORA-06512: en línea 1
8/12/2020 17:32:28: [Método: System.Collections.Generic.List`1[TSource] ToList[TSource](System.Collections.Generic.IEnumerable`1[TSource]), Línea: 0] - ORA-00936: falta una expresión
ORA-06512: en "MRVMM.PKG_MRV_DETALLE_INDICADORES", línea 1338
ORA-06512: en línea 1
8/12/2020 17:32:28: [Método: System.Collections.Generic.IEnumerable`1[T] Query[T](System.Data.IDbConnection, System.String, System.Object, System.Data.IDbTransaction, Boolean, System.Nullable`1[System.Int32], System.Nullable`1[System.Data.CommandType]), Línea: 0] - ORA-00936: falta una expresión
ORA-06512: en "MRVMM.PKG_MRV_DETALLE_INDICADORES", línea 1338
ORA-06512: en línea 1
8/12/2020 17:32:28: [Método: System.Collections.Generic.List`1[entidad.minem.gob.pe.IndicadorDataBE] ListarDatosIndicadorData(entidad.minem.gob.pe.IndicadorDataBE), Línea: 872] - ORA-00936: falta una expresión
ORA-06512: en "MRVMM.PKG_MRV_DETALLE_INDICADORES", línea 1338
ORA-06512: en línea 1
8/12/2020 17:48:16: [Método: Void HandleErrorHelper(Int32, Oracle.DataAccess.Client.OracleConnection, IntPtr, Oracle.DataAccess.Client.OpoSqlValCtx*, System.Object, System.String, Boolean, Int32, Oracle.DataAccess.Client.OracleLogicalTransaction), Línea: 0] - ORA-00936: falta una expresión
ORA-06512: en "MRVMM.PKG_MRV_DETALLE_INDICADORES", línea 1338
ORA-06512: en línea 1
8/12/2020 17:48:16: [Método: Void HandleError(Int32, Oracle.DataAccess.Client.OracleConnection, System.String, IntPtr, Oracle.DataAccess.Client.OpoSqlValCtx*, System.Object, Boolean, Oracle.DataAccess.Client.OracleLogicalTransaction), Línea: 0] - ORA-00936: falta una expresión
ORA-06512: en "MRVMM.PKG_MRV_DETALLE_INDICADORES", línea 1338
ORA-06512: en línea 1
8/12/2020 17:48:16: [Método: Oracle.DataAccess.Client.OracleDataReader ExecuteReader(Boolean, Boolean, System.Data.CommandBehavior), Línea: 0] - ORA-00936: falta una expresión
ORA-06512: en "MRVMM.PKG_MRV_DETALLE_INDICADORES", línea 1338
ORA-06512: en línea 1
8/12/2020 17:48:16: [Método: System.Data.Common.DbDataReader ExecuteDbDataReader(System.Data.CommandBehavior), Línea: 0] - ORA-00936: falta una expresión
ORA-06512: en "MRVMM.PKG_MRV_DETALLE_INDICADORES", línea 1338
ORA-06512: en línea 1
8/12/2020 17:48:16: [Método: System.Data.IDataReader System.Data.IDbCommand.ExecuteReader(System.Data.CommandBehavior), Línea: 0] - ORA-00936: falta una expresión
ORA-06512: en "MRVMM.PKG_MRV_DETALLE_INDICADORES", línea 1338
ORA-06512: en línea 1
8/12/2020 17:48:16: [Método: System.Data.IDataReader ExecuteReaderWithFlagsFallback(System.Data.IDbCommand, Boolean, System.Data.CommandBehavior), Línea: 0] - ORA-00936: falta una expresión
ORA-06512: en "MRVMM.PKG_MRV_DETALLE_INDICADORES", línea 1338
ORA-06512: en línea 1
8/12/2020 17:48:16: [Método: Boolean MoveNext(), Línea: 0] - ORA-00936: falta una expresión
ORA-06512: en "MRVMM.PKG_MRV_DETALLE_INDICADORES", línea 1338
ORA-06512: en línea 1
8/12/2020 17:48:16: [Método: Void .ctor(System.Collections.Generic.IEnumerable`1[T]), Línea: 0] - ORA-00936: falta una expresión
ORA-06512: en "MRVMM.PKG_MRV_DETALLE_INDICADORES", línea 1338
ORA-06512: en línea 1
8/12/2020 17:48:16: [Método: System.Collections.Generic.List`1[TSource] ToList[TSource](System.Collections.Generic.IEnumerable`1[TSource]), Línea: 0] - ORA-00936: falta una expresión
ORA-06512: en "MRVMM.PKG_MRV_DETALLE_INDICADORES", línea 1338
ORA-06512: en línea 1
8/12/2020 17:48:16: [Método: System.Collections.Generic.IEnumerable`1[T] Query[T](System.Data.IDbConnection, System.String, System.Object, System.Data.IDbTransaction, Boolean, System.Nullable`1[System.Int32], System.Nullable`1[System.Data.CommandType]), Línea: 0] - ORA-00936: falta una expresión
ORA-06512: en "MRVMM.PKG_MRV_DETALLE_INDICADORES", línea 1338
ORA-06512: en línea 1
8/12/2020 17:48:16: [Método: System.Collections.Generic.List`1[entidad.minem.gob.pe.IndicadorDataBE] ListarDatosIndicadorData(entidad.minem.gob.pe.IndicadorDataBE), Línea: 872] - ORA-00936: falta una expresión
ORA-06512: en "MRVMM.PKG_MRV_DETALLE_INDICADORES", línea 1338
ORA-06512: en línea 1
8/12/2020 17:59:14: [Método: Void HandleErrorHelper(Int32, Oracle.DataAccess.Client.OracleConnection, IntPtr, Oracle.DataAccess.Client.OpoSqlValCtx*, System.Object, System.String, Boolean, Int32, Oracle.DataAccess.Client.OracleLogicalTransaction), Línea: 0] - ORA-00936: falta una expresión
ORA-06512: en "MRVMM.PKG_MRV_DETALLE_INDICADORES", línea 1338
ORA-06512: en línea 1
8/12/2020 17:59:14: [Método: Void HandleError(Int32, Oracle.DataAccess.Client.OracleConnection, System.String, IntPtr, Oracle.DataAccess.Client.OpoSqlValCtx*, System.Object, Boolean, Oracle.DataAccess.Client.OracleLogicalTransaction), Línea: 0] - ORA-00936: falta una expresión
ORA-06512: en "MRVMM.PKG_MRV_DETALLE_INDICADORES", línea 1338
ORA-06512: en línea 1
8/12/2020 17:59:14: [Método: Oracle.DataAccess.Client.OracleDataReader ExecuteReader(Boolean, Boolean, System.Data.CommandBehavior), Línea: 0] - ORA-00936: falta una expresión
ORA-06512: en "MRVMM.PKG_MRV_DETALLE_INDICADORES", línea 1338
ORA-06512: en línea 1
8/12/2020 17:59:14: [Método: System.Data.Common.DbDataReader ExecuteDbDataReader(System.Data.CommandBehavior), Línea: 0] - ORA-00936: falta una expresión
ORA-06512: en "MRVMM.PKG_MRV_DETALLE_INDICADORES", línea 1338
ORA-06512: en línea 1
8/12/2020 17:59:14: [Método: System.Data.IDataReader System.Data.IDbCommand.ExecuteReader(System.Data.CommandBehavior), Línea: 0] - ORA-00936: falta una expresión
ORA-06512: en "MRVMM.PKG_MRV_DETALLE_INDICADORES", línea 1338
ORA-06512: en línea 1
8/12/2020 17:59:14: [Método: System.Data.IDataReader ExecuteReaderWithFlagsFallback(System.Data.IDbCommand, Boolean, System.Data.CommandBehavior), Línea: 0] - ORA-00936: falta una expresión
ORA-06512: en "MRVMM.PKG_MRV_DETALLE_INDICADORES", línea 1338
ORA-06512: en línea 1
8/12/2020 17:59:14: [Método: Boolean MoveNext(), Línea: 0] - ORA-00936: falta una expresión
ORA-06512: en "MRVMM.PKG_MRV_DETALLE_INDICADORES", línea 1338
ORA-06512: en línea 1
8/12/2020 17:59:14: [Método: Void .ctor(System.Collections.Generic.IEnumerable`1[T]), Línea: 0] - ORA-00936: falta una expresión
ORA-06512: en "MRVMM.PKG_MRV_DETALLE_INDICADORES", línea 1338
ORA-06512: en línea 1
8/12/2020 17:59:14: [Método: System.Collections.Generic.List`1[TSource] ToList[TSource](System.Collections.Generic.IEnumerable`1[TSource]), Línea: 0] - ORA-00936: falta una expresión
ORA-06512: en "MRVMM.PKG_MRV_DETALLE_INDICADORES", línea 1338
ORA-06512: en línea 1
8/12/2020 17:59:14: [Método: System.Collections.Generic.IEnumerable`1[T] Query[T](System.Data.IDbConnection, System.String, System.Object, System.Data.IDbTransaction, Boolean, System.Nullable`1[System.Int32], System.Nullable`1[System.Data.CommandType]), Línea: 0] - ORA-00936: falta una expresión
ORA-06512: en "MRVMM.PKG_MRV_DETALLE_INDICADORES", línea 1338
ORA-06512: en línea 1
8/12/2020 17:59:14: [Método: System.Collections.Generic.List`1[entidad.minem.gob.pe.IndicadorDataBE] ListarDatosIndicadorData(entidad.minem.gob.pe.IndicadorDataBE), Línea: 872] - ORA-00936: falta una expresión
ORA-06512: en "MRVMM.PKG_MRV_DETALLE_INDICADORES", línea 1338
ORA-06512: en línea 1
8/12/2020 18:06:53: [Método: Void HandleErrorHelper(Int32, Oracle.DataAccess.Client.OracleConnection, IntPtr, Oracle.DataAccess.Client.OpoSqlValCtx*, System.Object, System.String, Boolean, Int32, Oracle.DataAccess.Client.OracleLogicalTransaction), Línea: 0] - ORA-00936: falta una expresión
ORA-06512: en "MRVMM.PKG_MRV_DETALLE_INDICADORES", línea 1338
ORA-06512: en línea 1
8/12/2020 18:06:53: [Método: Void HandleError(Int32, Oracle.DataAccess.Client.OracleConnection, System.String, IntPtr, Oracle.DataAccess.Client.OpoSqlValCtx*, System.Object, Boolean, Oracle.DataAccess.Client.OracleLogicalTransaction), Línea: 0] - ORA-00936: falta una expresión
ORA-06512: en "MRVMM.PKG_MRV_DETALLE_INDICADORES", línea 1338
ORA-06512: en línea 1
8/12/2020 18:06:53: [Método: Oracle.DataAccess.Client.OracleDataReader ExecuteReader(Boolean, Boolean, System.Data.CommandBehavior), Línea: 0] - ORA-00936: falta una expresión
ORA-06512: en "MRVMM.PKG_MRV_DETALLE_INDICADORES", línea 1338
ORA-06512: en línea 1
8/12/2020 18:06:53: [Método: System.Data.Common.DbDataReader ExecuteDbDataReader(System.Data.CommandBehavior), Línea: 0] - ORA-00936: falta una expresión
ORA-06512: en "MRVMM.PKG_MRV_DETALLE_INDICADORES", línea 1338
ORA-06512: en línea 1
8/12/2020 18:06:53: [Método: System.Data.IDataReader System.Data.IDbCommand.ExecuteReader(System.Data.CommandBehavior), Línea: 0] - ORA-00936: falta una expresión
ORA-06512: en "MRVMM.PKG_MRV_DETALLE_INDICADORES", línea 1338
ORA-06512: en línea 1
8/12/2020 18:06:53: [Método: System.Data.IDataReader ExecuteReaderWithFlagsFallback(System.Data.IDbCommand, Boolean, System.Data.CommandBehavior), Línea: 0] - ORA-00936: falta una expresión
ORA-06512: en "MRVMM.PKG_MRV_DETALLE_INDICADORES", línea 1338
ORA-06512: en línea 1
8/12/2020 18:06:53: [Método: Boolean MoveNext(), Línea: 0] - ORA-00936: falta una expresión
ORA-06512: en "MRVMM.PKG_MRV_DETALLE_INDICADORES", línea 1338
ORA-06512: en línea 1
8/12/2020 18:06:53: [Método: Void .ctor(System.Collections.Generic.IEnumerable`1[T]), Línea: 0] - ORA-00936: falta una expresión
ORA-06512: en "MRVMM.PKG_MRV_DETALLE_INDICADORES", línea 1338
ORA-06512: en línea 1
8/12/2020 18:06:53: [Método: System.Collections.Generic.List`1[TSource] ToList[TSource](System.Collections.Generic.IEnumerable`1[TSource]), Línea: 0] - ORA-00936: falta una expresión
ORA-06512: en "MRVMM.PKG_MRV_DETALLE_INDICADORES", línea 1338
ORA-06512: en línea 1
8/12/2020 18:06:53: [Método: System.Collections.Generic.IEnumerable`1[T] Query[T](System.Data.IDbConnection, System.String, System.Object, System.Data.IDbTransaction, Boolean, System.Nullable`1[System.Int32], System.Nullable`1[System.Data.CommandType]), Línea: 0] - ORA-00936: falta una expresión
ORA-06512: en "MRVMM.PKG_MRV_DETALLE_INDICADORES", línea 1338
ORA-06512: en línea 1
8/12/2020 18:06:53: [Método: System.Collections.Generic.List`1[entidad.minem.gob.pe.IndicadorDataBE] ListarDatosIndicadorData(entidad.minem.gob.pe.IndicadorDataBE), Línea: 872] - ORA-00936: falta una expresión
ORA-06512: en "MRVMM.PKG_MRV_DETALLE_INDICADORES", línea 1338
ORA-06512: en línea 1
8/12/2020 18:07:37: [Método: System.Web.Mvc.JsonResult ProcesarExcel(System.Web.HttpPostedFileBase, entidad.minem.gob.pe.ParametroBE), Línea: 153] - Referencia a objeto no establecida como instancia de un objeto.
8/12/2020 18:50:38: [Método: Void HandleErrorHelper(Int32, Oracle.DataAccess.Client.OracleConnection, IntPtr, Oracle.DataAccess.Client.OpoSqlValCtx*, System.Object, System.String, Boolean, Int32, Oracle.DataAccess.Client.OracleLogicalTransaction), Línea: 0] - ORA-00936: falta una expresión
ORA-06512: en "MRVMM.PKG_MRV_DETALLE_INDICADORES", línea 1338
ORA-06512: en línea 1
8/12/2020 18:50:38: [Método: Void HandleError(Int32, Oracle.DataAccess.Client.OracleConnection, System.String, IntPtr, Oracle.DataAccess.Client.OpoSqlValCtx*, System.Object, Boolean, Oracle.DataAccess.Client.OracleLogicalTransaction), Línea: 0] - ORA-00936: falta una expresión
ORA-06512: en "MRVMM.PKG_MRV_DETALLE_INDICADORES", línea 1338
ORA-06512: en línea 1
8/12/2020 18:50:38: [Método: Oracle.DataAccess.Client.OracleDataReader ExecuteReader(Boolean, Boolean, System.Data.CommandBehavior), Línea: 0] - ORA-00936: falta una expresión
ORA-06512: en "MRVMM.PKG_MRV_DETALLE_INDICADORES", línea 1338
ORA-06512: en línea 1
8/12/2020 18:50:38: [Método: System.Data.Common.DbDataReader ExecuteDbDataReader(System.Data.CommandBehavior), Línea: 0] - ORA-00936: falta una expresión
ORA-06512: en "MRVMM.PKG_MRV_DETALLE_INDICADORES", línea 1338
ORA-06512: en línea 1
8/12/2020 18:50:38: [Método: System.Data.IDataReader System.Data.IDbCommand.ExecuteReader(System.Data.CommandBehavior), Línea: 0] - ORA-00936: falta una expresión
ORA-06512: en "MRVMM.PKG_MRV_DETALLE_INDICADORES", línea 1338
ORA-06512: en línea 1
8/12/2020 18:50:38: [Método: System.Data.IDataReader ExecuteReaderWithFlagsFallback(System.Data.IDbCommand, Boolean, System.Data.CommandBehavior), Línea: 0] - ORA-00936: falta una expresión
ORA-06512: en "MRVMM.PKG_MRV_DETALLE_INDICADORES", línea 1338
ORA-06512: en línea 1
8/12/2020 18:50:38: [Método: Boolean MoveNext(), Línea: 0] - ORA-00936: falta una expresión
ORA-06512: en "MRVMM.PKG_MRV_DETALLE_INDICADORES", línea 1338
ORA-06512: en línea 1
8/12/2020 18:50:38: [Método: Void .ctor(System.Collections.Generic.IEnumerable`1[T]), Línea: 0] - ORA-00936: falta una expresión
ORA-06512: en "MRVMM.PKG_MRV_DETALLE_INDICADORES", línea 1338
ORA-06512: en línea 1
8/12/2020 18:50:38: [Método: System.Collections.Generic.List`1[TSource] ToList[TSource](System.Collections.Generic.IEnumerable`1[TSource]), Línea: 0] - ORA-00936: falta una expresión
ORA-06512: en "MRVMM.PKG_MRV_DETALLE_INDICADORES", línea 1338
ORA-06512: en línea 1
8/12/2020 18:50:38: [Método: System.Collections.Generic.IEnumerable`1[T] Query[T](System.Data.IDbConnection, System.String, System.Object, System.Data.IDbTransaction, Boolean, System.Nullable`1[System.Int32], System.Nullable`1[System.Data.CommandType]), Línea: 0] - ORA-00936: falta una expresión
ORA-06512: en "MRVMM.PKG_MRV_DETALLE_INDICADORES", línea 1338
ORA-06512: en línea 1
8/12/2020 18:50:38: [Método: System.Collections.Generic.List`1[entidad.minem.gob.pe.IndicadorDataBE] ListarDatosIndicadorData(entidad.minem.gob.pe.IndicadorDataBE), Línea: 872] - ORA-00936: falta una expresión
ORA-06512: en "MRVMM.PKG_MRV_DETALLE_INDICADORES", línea 1338
ORA-06512: en línea 1
8/12/2020 19:38:20: [Método: Void HandleErrorHelper(Int32, Oracle.DataAccess.Client.OracleConnection, IntPtr, Oracle.DataAccess.Client.OpoSqlValCtx*, System.Object, System.String, Boolean, Int32, Oracle.DataAccess.Client.OracleLogicalTransaction), Línea: 0] - ORA-00936: falta una expresión
ORA-06512: en "MRVMM.PKG_MRV_DETALLE_INDICADORES", línea 1338
ORA-06512: en línea 1
8/12/2020 19:38:20: [Método: Void HandleError(Int32, Oracle.DataAccess.Client.OracleConnection, System.String, IntPtr, Oracle.DataAccess.Client.OpoSqlValCtx*, System.Object, Boolean, Oracle.DataAccess.Client.OracleLogicalTransaction), Línea: 0] - ORA-00936: falta una expresión
ORA-06512: en "MRVMM.PKG_MRV_DETALLE_INDICADORES", línea 1338
ORA-06512: en línea 1
8/12/2020 19:38:20: [Método: Oracle.DataAccess.Client.OracleDataReader ExecuteReader(Boolean, Boolean, System.Data.CommandBehavior), Línea: 0] - ORA-00936: falta una expresión
ORA-06512: en "MRVMM.PKG_MRV_DETALLE_INDICADORES", línea 1338
ORA-06512: en línea 1
8/12/2020 19:38:20: [Método: System.Data.Common.DbDataReader ExecuteDbDataReader(System.Data.CommandBehavior), Línea: 0] - ORA-00936: falta una expresión
ORA-06512: en "MRVMM.PKG_MRV_DETALLE_INDICADORES", línea 1338
ORA-06512: en línea 1
8/12/2020 19:38:20: [Método: System.Data.IDataReader System.Data.IDbCommand.ExecuteReader(System.Data.CommandBehavior), Línea: 0] - ORA-00936: falta una expresión
ORA-06512: en "MRVMM.PKG_MRV_DETALLE_INDICADORES", línea 1338
ORA-06512: en línea 1
8/12/2020 19:38:20: [Método: System.Data.IDataReader ExecuteReaderWithFlagsFallback(System.Data.IDbCommand, Boolean, System.Data.CommandBehavior), Línea: 0] - ORA-00936: falta una expresión
ORA-06512: en "MRVMM.PKG_MRV_DETALLE_INDICADORES", línea 1338
ORA-06512: en línea 1
8/12/2020 19:38:20: [Método: Boolean MoveNext(), Línea: 0] - ORA-00936: falta una expresión
ORA-06512: en "MRVMM.PKG_MRV_DETALLE_INDICADORES", línea 1338
ORA-06512: en línea 1
8/12/2020 19:38:20: [Método: Void .ctor(System.Collections.Generic.IEnumerable`1[T]), Línea: 0] - ORA-00936: falta una expresión
ORA-06512: en "MRVMM.PKG_MRV_DETALLE_INDICADORES", línea 1338
ORA-06512: en línea 1
8/12/2020 19:38:20: [Método: System.Collections.Generic.List`1[TSource] ToList[TSource](System.Collections.Generic.IEnumerable`1[TSource]), Línea: 0] - ORA-00936: falta una expresión
ORA-06512: en "MRVMM.PKG_MRV_DETALLE_INDICADORES", línea 1338
ORA-06512: en línea 1
8/12/2020 19:38:20: [Método: System.Collections.Generic.IEnumerable`1[T] Query[T](System.Data.IDbConnection, System.String, System.Object, System.Data.IDbTransaction, Boolean, System.Nullable`1[System.Int32], System.Nullable`1[System.Data.CommandType]), Línea: 0] - ORA-00936: falta una expresión
ORA-06512: en "MRVMM.PKG_MRV_DETALLE_INDICADORES", línea 1338
ORA-06512: en línea 1
8/12/2020 19:38:20: [Método: System.Collections.Generic.List`1[entidad.minem.gob.pe.IndicadorDataBE] ListarDatosIndicadorData(entidad.minem.gob.pe.IndicadorDataBE), Línea: 872] - ORA-00936: falta una expresión
ORA-06512: en "MRVMM.PKG_MRV_DETALLE_INDICADORES", línea 1338
ORA-06512: en línea 1
8/12/2020 19:45:59: [Método: Void HandleErrorHelper(Int32, Oracle.DataAccess.Client.OracleConnection, IntPtr, Oracle.DataAccess.Client.OpoSqlValCtx*, System.Object, System.String, Boolean, Int32, Oracle.DataAccess.Client.OracleLogicalTransaction), Línea: 0] - ORA-00936: falta una expresión
ORA-06512: en "MRVMM.PKG_MRV_DETALLE_INDICADORES", línea 1338
ORA-06512: en línea 1
8/12/2020 19:45:59: [Método: Void HandleError(Int32, Oracle.DataAccess.Client.OracleConnection, System.String, IntPtr, Oracle.DataAccess.Client.OpoSqlValCtx*, System.Object, Boolean, Oracle.DataAccess.Client.OracleLogicalTransaction), Línea: 0] - ORA-00936: falta una expresión
ORA-06512: en "MRVMM.PKG_MRV_DETALLE_INDICADORES", línea 1338
ORA-06512: en línea 1
8/12/2020 19:45:59: [Método: Oracle.DataAccess.Client.OracleDataReader ExecuteReader(Boolean, Boolean, System.Data.CommandBehavior), Línea: 0] - ORA-00936: falta una expresión
ORA-06512: en "MRVMM.PKG_MRV_DETALLE_INDICADORES", línea 1338
ORA-06512: en línea 1
8/12/2020 19:45:59: [Método: System.Data.Common.DbDataReader ExecuteDbDataReader(System.Data.CommandBehavior), Línea: 0] - ORA-00936: falta una expresión
ORA-06512: en "MRVMM.PKG_MRV_DETALLE_INDICADORES", línea 1338
ORA-06512: en línea 1
8/12/2020 19:45:59: [Método: System.Data.IDataReader System.Data.IDbCommand.ExecuteReader(System.Data.CommandBehavior), Línea: 0] - ORA-00936: falta una expresión
ORA-06512: en "MRVMM.PKG_MRV_DETALLE_INDICADORES", línea 1338
ORA-06512: en línea 1
8/12/2020 19:45:59: [Método: System.Data.IDataReader ExecuteReaderWithFlagsFallback(System.Data.IDbCommand, Boolean, System.Data.CommandBehavior), Línea: 0] - ORA-00936: falta una expresión
ORA-06512: en "MRVMM.PKG_MRV_DETALLE_INDICADORES", línea 1338
ORA-06512: en línea 1
8/12/2020 19:45:59: [Método: Boolean MoveNext(), Línea: 0] - ORA-00936: falta una expresión
ORA-06512: en "MRVMM.PKG_MRV_DETALLE_INDICADORES", línea 1338
ORA-06512: en línea 1
8/12/2020 19:45:59: [Método: Void .ctor(System.Collections.Generic.IEnumerable`1[T]), Línea: 0] - ORA-00936: falta una expresión
ORA-06512: en "MRVMM.PKG_MRV_DETALLE_INDICADORES", línea 1338
ORA-06512: en línea 1
8/12/2020 19:45:59: [Método: System.Collections.Generic.List`1[TSource] ToList[TSource](System.Collections.Generic.IEnumerable`1[TSource]), Línea: 0] - ORA-00936: falta una expresión
ORA-06512: en "MRVMM.PKG_MRV_DETALLE_INDICADORES", línea 1338
ORA-06512: en línea 1
8/12/2020 19:45:59: [Método: System.Collections.Generic.IEnumerable`1[T] Query[T](System.Data.IDbConnection, System.String, System.Object, System.Data.IDbTransaction, Boolean, System.Nullable`1[System.Int32], System.Nullable`1[System.Data.CommandType]), Línea: 0] - ORA-00936: falta una expresión
ORA-06512: en "MRVMM.PKG_MRV_DETALLE_INDICADORES", línea 1338
ORA-06512: en línea 1
8/12/2020 19:45:59: [Método: System.Collections.Generic.List`1[entidad.minem.gob.pe.IndicadorDataBE] ListarDatosIndicadorData(entidad.minem.gob.pe.IndicadorDataBE), Línea: 872] - ORA-00936: falta una expresión
ORA-06512: en "MRVMM.PKG_MRV_DETALLE_INDICADORES", línea 1338
ORA-06512: en línea 1
8/12/2020 22:48:42: [Método: Void HandleErrorHelper(Int32, Oracle.DataAccess.Client.OracleConnection, IntPtr, Oracle.DataAccess.Client.OpoSqlValCtx*, System.Object, System.String, Boolean, Int32, Oracle.DataAccess.Client.OracleLogicalTransaction), Línea: 0] - ORA-00936: falta una expresión
ORA-06512: en "MRVMM.PKG_MRV_DETALLE_INDICADORES", línea 1338
ORA-06512: en línea 1
8/12/2020 22:48:42: [Método: Void HandleError(Int32, Oracle.DataAccess.Client.OracleConnection, System.String, IntPtr, Oracle.DataAccess.Client.OpoSqlValCtx*, System.Object, Boolean, Oracle.DataAccess.Client.OracleLogicalTransaction), Línea: 0] - ORA-00936: falta una expresión
ORA-06512: en "MRVMM.PKG_MRV_DETALLE_INDICADORES", línea 1338
ORA-06512: en línea 1
8/12/2020 22:48:42: [Método: Oracle.DataAccess.Client.OracleDataReader ExecuteReader(Boolean, Boolean, System.Data.CommandBehavior), Línea: 0] - ORA-00936: falta una expresión
ORA-06512: en "MRVMM.PKG_MRV_DETALLE_INDICADORES", línea 1338
ORA-06512: en línea 1
8/12/2020 22:48:42: [Método: System.Data.Common.DbDataReader ExecuteDbDataReader(System.Data.CommandBehavior), Línea: 0] - ORA-00936: falta una expresión
ORA-06512: en "MRVMM.PKG_MRV_DETALLE_INDICADORES", línea 1338
ORA-06512: en línea 1
8/12/2020 22:48:42: [Método: System.Data.IDataReader System.Data.IDbCommand.ExecuteReader(System.Data.CommandBehavior), Línea: 0] - ORA-00936: falta una expresión
ORA-06512: en "MRVMM.PKG_MRV_DETALLE_INDICADORES", línea 1338
ORA-06512: en línea 1
8/12/2020 22:48:42: [Método: System.Data.IDataReader ExecuteReaderWithFlagsFallback(System.Data.IDbCommand, Boolean, System.Data.CommandBehavior), Línea: 0] - ORA-00936: falta una expresión
ORA-06512: en "MRVMM.PKG_MRV_DETALLE_INDICADORES", línea 1338
ORA-06512: en línea 1
8/12/2020 22:48:42: [Método: Boolean MoveNext(), Línea: 0] - ORA-00936: falta una expresión
ORA-06512: en "MRVMM.PKG_MRV_DETALLE_INDICADORES", línea 1338
ORA-06512: en línea 1
8/12/2020 22:48:42: [Método: Void .ctor(System.Collections.Generic.IEnumerable`1[T]), Línea: 0] - ORA-00936: falta una expresión
ORA-06512: en "MRVMM.PKG_MRV_DETALLE_INDICADORES", línea 1338
ORA-06512: en línea 1
8/12/2020 22:48:42: [Método: System.Collections.Generic.List`1[TSource] ToList[TSource](System.Collections.Generic.IEnumerable`1[TSource]), Línea: 0] - ORA-00936: falta una expresión
ORA-06512: en "MRVMM.PKG_MRV_DETALLE_INDICADORES", línea 1338
ORA-06512: en línea 1
8/12/2020 22:48:42: [Método: System.Collections.Generic.IEnumerable`1[T] Query[T](System.Data.IDbConnection, System.String, System.Object, System.Data.IDbTransaction, Boolean, System.Nullable`1[System.Int32], System.Nullable`1[System.Data.CommandType]), Línea: 0] - ORA-00936: falta una expresión
ORA-06512: en "MRVMM.PKG_MRV_DETALLE_INDICADORES", línea 1338
ORA-06512: en línea 1
8/12/2020 22:48:42: [Método: System.Collections.Generic.List`1[entidad.minem.gob.pe.IndicadorDataBE] ListarDatosIndicadorData(entidad.minem.gob.pe.IndicadorDataBE), Línea: 872] - ORA-00936: falta una expresión
ORA-06512: en "MRVMM.PKG_MRV_DETALLE_INDICADORES", línea 1338
ORA-06512: en línea 1
8/12/2020 22:50:32: [Método: Void HandleErrorHelper(Int32, Oracle.DataAccess.Client.OracleConnection, IntPtr, Oracle.DataAccess.Client.OpoSqlValCtx*, System.Object, System.String, Boolean, Int32, Oracle.DataAccess.Client.OracleLogicalTransaction), Línea: 0] - ORA-00936: falta una expresión
ORA-06512: en "MRVMM.PKG_MRV_DETALLE_INDICADORES", línea 1338
ORA-06512: en línea 1
8/12/2020 22:50:32: [Método: Void HandleError(Int32, Oracle.DataAccess.Client.OracleConnection, System.String, IntPtr, Oracle.DataAccess.Client.OpoSqlValCtx*, System.Object, Boolean, Oracle.DataAccess.Client.OracleLogicalTransaction), Línea: 0] - ORA-00936: falta una expresión
ORA-06512: en "MRVMM.PKG_MRV_DETALLE_INDICADORES", línea 1338
ORA-06512: en línea 1
8/12/2020 22:50:32: [Método: Oracle.DataAccess.Client.OracleDataReader ExecuteReader(Boolean, Boolean, System.Data.CommandBehavior), Línea: 0] - ORA-00936: falta una expresión
ORA-06512: en "MRVMM.PKG_MRV_DETALLE_INDICADORES", línea 1338
ORA-06512: en línea 1
8/12/2020 22:50:32: [Método: System.Data.Common.DbDataReader ExecuteDbDataReader(System.Data.CommandBehavior), Línea: 0] - ORA-00936: falta una expresión
ORA-06512: en "MRVMM.PKG_MRV_DETALLE_INDICADORES", línea 1338
ORA-06512: en línea 1
8/12/2020 22:50:32: [Método: System.Data.IDataReader System.Data.IDbCommand.ExecuteReader(System.Data.CommandBehavior), Línea: 0] - ORA-00936: falta una expresión
ORA-06512: en "MRVMM.PKG_MRV_DETALLE_INDICADORES", línea 1338
ORA-06512: en línea 1
8/12/2020 22:50:32: [Método: System.Data.IDataReader ExecuteReaderWithFlagsFallback(System.Data.IDbCommand, Boolean, System.Data.CommandBehavior), Línea: 0] - ORA-00936: falta una expresión
ORA-06512: en "MRVMM.PKG_MRV_DETALLE_INDICADORES", línea 1338
ORA-06512: en línea 1
8/12/2020 22:50:32: [Método: Boolean MoveNext(), Línea: 0] - ORA-00936: falta una expresión
ORA-06512: en "MRVMM.PKG_MRV_DETALLE_INDICADORES", línea 1338
ORA-06512: en línea 1
8/12/2020 22:50:32: [Método: Void .ctor(System.Collections.Generic.IEnumerable`1[T]), Línea: 0] - ORA-00936: falta una expresión
ORA-06512: en "MRVMM.PKG_MRV_DETALLE_INDICADORES", línea 1338
ORA-06512: en línea 1
8/12/2020 22:50:32: [Método: System.Collections.Generic.List`1[TSource] ToList[TSource](System.Collections.Generic.IEnumerable`1[TSource]), Línea: 0] - ORA-00936: falta una expresión
ORA-06512: en "MRVMM.PKG_MRV_DETALLE_INDICADORES", línea 1338
ORA-06512: en línea 1
8/12/2020 22:50:32: [Método: System.Collections.Generic.IEnumerable`1[T] Query[T](System.Data.IDbConnection, System.String, System.Object, System.Data.IDbTransaction, Boolean, System.Nullable`1[System.Int32], System.Nullable`1[System.Data.CommandType]), Línea: 0] - ORA-00936: falta una expresión
ORA-06512: en "MRVMM.PKG_MRV_DETALLE_INDICADORES", línea 1338
ORA-06512: en línea 1
8/12/2020 22:50:32: [Método: System.Collections.Generic.List`1[entidad.minem.gob.pe.IndicadorDataBE] ListarDatosIndicadorData(entidad.minem.gob.pe.IndicadorDataBE), Línea: 872] - ORA-00936: falta una expresión
ORA-06512: en "MRVMM.PKG_MRV_DETALLE_INDICADORES", línea 1338
ORA-06512: en línea 1
