16/06/2020 09:26:50: [Método: Void EnsureGeneratedCode(), Línea: 0] - El bloque código no tiene un carácter "}" de cierre. Asegúrese de tener un carácter "}" correspondiente para todos los caracteres "{" de este bloque y de que ninguno de los caracteres "}" se interpreta como marcado.

16/06/2020 09:26:50: [Método: System.Web.Compilation.CompilerType get_CodeCompilerType(), Línea: 0] - El bloque código no tiene un carácter "}" de cierre. Asegúrese de tener un carácter "}" correspondiente para todos los caracteres "{" de este bloque y de que ninguno de los caracteres "}" se interpreta como marcado.

16/06/2020 09:26:50: [Método: System.Web.Compilation.CompilerType GetCompilerTypeFromBuildProvider(System.Web.Compilation.BuildProvider), Línea: 0] - El bloque código no tiene un carácter "}" de cierre. Asegúrese de tener un carácter "}" correspondiente para todos los caracteres "{" de este bloque y de que ninguno de los caracteres "}" se interpreta como marcado.

16/06/2020 09:26:50: [Método: Void ProcessBuildProviders(), Línea: 0] - El bloque código no tiene un carácter "}" de cierre. Asegúrese de tener un carácter "}" correspondiente para todos los caracteres "{" de este bloque y de que ninguno de los caracteres "}" se interpreta como marcado.

16/06/2020 09:26:50: [Método: System.CodeDom.Compiler.CompilerResults PerformBuild(), Línea: 0] - El bloque código no tiene un carácter "}" de cierre. Asegúrese de tener un carácter "}" correspondiente para todos los caracteres "{" de este bloque y de que ninguno de los caracteres "}" se interpreta como marcado.

16/06/2020 09:26:50: [Método: System.Web.Compilation.BuildResult CompileWebFile(System.Web.VirtualPath), Línea: 0] - El bloque código no tiene un carácter "}" de cierre. Asegúrese de tener un carácter "}" correspondiente para todos los caracteres "{" de este bloque y de que ninguno de los caracteres "}" se interpreta como marcado.

16/06/2020 09:26:50: [Método: System.Web.Compilation.BuildResult GetVPathBuildResultInternal(System.Web.VirtualPath, Boolean, Boolean, Boolean, Boolean, Boolean), Línea: 0] - El bloque código no tiene un carácter "}" de cierre. Asegúrese de tener un carácter "}" correspondiente para todos los caracteres "{" de este bloque y de que ninguno de los caracteres "}" se interpreta como marcado.

16/06/2020 09:26:50: [Método: System.Web.Compilation.BuildResult GetVPathBuildResultWithNoAssert(System.Web.HttpContext, System.Web.VirtualPath, Boolean, Boolean, Boolean, Boolean, Boolean), Línea: 0] - El bloque código no tiene un carácter "}" de cierre. Asegúrese de tener un carácter "}" correspondiente para todos los caracteres "{" de este bloque y de que ninguno de los caracteres "}" se interpreta como marcado.

16/06/2020 09:26:50: [Método: System.Web.Util.ITypedWebObjectFactory GetVirtualPathObjectFactory(System.Web.VirtualPath, System.Web.HttpContext, Boolean, Boolean), Línea: 0] - El bloque código no tiene un carácter "}" de cierre. Asegúrese de tener un carácter "}" correspondiente para todos los caracteres "{" de este bloque y de que ninguno de los caracteres "}" se interpreta como marcado.

16/06/2020 09:26:50: [Método: System.Type GetCompiledType(System.Web.VirtualPath), Línea: 0] - El bloque código no tiene un carácter "}" de cierre. Asegúrese de tener un carácter "}" correspondiente para todos los caracteres "{" de este bloque y de que ninguno de los caracteres "}" se interpreta como marcado.

16/06/2020 09:26:50: [Método: System.Type GetCompiledType(System.String), Línea: 0] - El bloque código no tiene un carácter "}" de cierre. Asegúrese de tener un carácter "}" correspondiente para todos los caracteres "{" de este bloque y de que ninguno de los caracteres "}" se interpreta como marcado.

16/06/2020 09:26:50: [Método: System.Type System.Web.Mvc.IBuildManager.GetCompiledType(System.String), Línea: 0] - El bloque código no tiene un carácter "}" de cierre. Asegúrese de tener un carácter "}" correspondiente para todos los caracteres "{" de este bloque y de que ninguno de los caracteres "}" se interpreta como marcado.

16/06/2020 09:26:50: [Método: Void Render(System.Web.Mvc.ViewContext, System.IO.TextWriter), Línea: 0] - El bloque código no tiene un carácter "}" de cierre. Asegúrese de tener un carácter "}" correspondiente para todos los caracteres "{" de este bloque y de que ninguno de los caracteres "}" se interpreta como marcado.

16/06/2020 09:26:50: [Método: Void ExecuteResult(System.Web.Mvc.ControllerContext), Línea: 0] - El bloque código no tiene un carácter "}" de cierre. Asegúrese de tener un carácter "}" correspondiente para todos los caracteres "{" de este bloque y de que ninguno de los caracteres "}" se interpreta como marcado.

16/06/2020 09:26:50: [Método: Void InvokeActionResult(System.Web.Mvc.ControllerContext, System.Web.Mvc.ActionResult), Línea: 0] - El bloque código no tiene un carácter "}" de cierre. Asegúrese de tener un carácter "}" correspondiente para todos los caracteres "{" de este bloque y de que ninguno de los caracteres "}" se interpreta como marcado.

16/06/2020 09:26:50: [Método: System.Web.Mvc.ResultExecutedContext InvokeActionResultFilterRecursive(System.Collections.Generic.IList`1[System.Web.Mvc.IResultFilter], Int32, System.Web.Mvc.ResultExecutingContext, System.Web.Mvc.ControllerContext, System.Web.Mvc.ActionResult), Línea: 0] - El bloque código no tiene un carácter "}" de cierre. Asegúrese de tener un carácter "}" correspondiente para todos los caracteres "{" de este bloque y de que ninguno de los caracteres "}" se interpreta como marcado.

16/06/2020 09:26:50: [Método: System.Web.Mvc.ResultExecutedContext InvokeActionResultFilterRecursive(System.Collections.Generic.IList`1[System.Web.Mvc.IResultFilter], Int32, System.Web.Mvc.ResultExecutingContext, System.Web.Mvc.ControllerContext, System.Web.Mvc.ActionResult), Línea: 0] - El bloque código no tiene un carácter "}" de cierre. Asegúrese de tener un carácter "}" correspondiente para todos los caracteres "{" de este bloque y de que ninguno de los caracteres "}" se interpreta como marcado.

16/06/2020 09:26:50: [Método: System.Web.Mvc.ResultExecutedContext InvokeActionResultFilterRecursive(System.Collections.Generic.IList`1[System.Web.Mvc.IResultFilter], Int32, System.Web.Mvc.ResultExecutingContext, System.Web.Mvc.ControllerContext, System.Web.Mvc.ActionResult), Línea: 0] - El bloque código no tiene un carácter "}" de cierre. Asegúrese de tener un carácter "}" correspondiente para todos los caracteres "{" de este bloque y de que ninguno de los caracteres "}" se interpreta como marcado.

16/06/2020 09:26:50: [Método: System.Web.Mvc.ResultExecutedContext InvokeActionResultWithFilters(System.Web.Mvc.ControllerContext, System.Collections.Generic.IList`1[System.Web.Mvc.IResultFilter], System.Web.Mvc.ActionResult), Línea: 0] - El bloque código no tiene un carácter "}" de cierre. Asegúrese de tener un carácter "}" correspondiente para todos los caracteres "{" de este bloque y de que ninguno de los caracteres "}" se interpreta como marcado.

16/06/2020 09:26:50: [Método: Void <BeginInvokeAction>b__1c(), Línea: 0] - El bloque código no tiene un carácter "}" de cierre. Asegúrese de tener un carácter "}" correspondiente para todos los caracteres "{" de este bloque y de que ninguno de los caracteres "}" se interpreta como marcado.

16/06/2020 09:26:50: [Método: Boolean <BeginInvokeAction>b__1e(System.IAsyncResult), Línea: 0] - El bloque código no tiene un carácter "}" de cierre. Asegúrese de tener un carácter "}" correspondiente para todos los caracteres "{" de este bloque y de que ninguno de los caracteres "}" se interpreta como marcado.

16/06/2020 09:26:50: [Método: TResult CallEndDelegate(System.IAsyncResult), Línea: 0] - El bloque código no tiene un carácter "}" de cierre. Asegúrese de tener un carácter "}" correspondiente para todos los caracteres "{" de este bloque y de que ninguno de los caracteres "}" se interpreta como marcado.

16/06/2020 09:26:50: [Método: TResult End(), Línea: 0] - El bloque código no tiene un carácter "}" de cierre. Asegúrese de tener un carácter "}" correspondiente para todos los caracteres "{" de este bloque y de que ninguno de los caracteres "}" se interpreta como marcado.

16/06/2020 09:26:50: [Método: Boolean EndInvokeAction(System.IAsyncResult), Línea: 0] - El bloque código no tiene un carácter "}" de cierre. Asegúrese de tener un carácter "}" correspondiente para todos los caracteres "{" de este bloque y de que ninguno de los caracteres "}" se interpreta como marcado.

16/06/2020 09:26:50: [Método: Void <BeginExecuteCore>b__1d(System.IAsyncResult, ExecuteCoreState), Línea: 0] - El bloque código no tiene un carácter "}" de cierre. Asegúrese de tener un carácter "}" correspondiente para todos los caracteres "{" de este bloque y de que ninguno de los caracteres "}" se interpreta como marcado.

16/06/2020 09:26:50: [Método: System.Web.Mvc.Async.AsyncVoid CallEndDelegate(System.IAsyncResult), Línea: 0] - El bloque código no tiene un carácter "}" de cierre. Asegúrese de tener un carácter "}" correspondiente para todos los caracteres "{" de este bloque y de que ninguno de los caracteres "}" se interpreta como marcado.

16/06/2020 09:26:50: [Método: TResult End(), Línea: 0] - El bloque código no tiene un carácter "}" de cierre. Asegúrese de tener un carácter "}" correspondiente para todos los caracteres "{" de este bloque y de que ninguno de los caracteres "}" se interpreta como marcado.

16/06/2020 09:26:50: [Método: Void EndExecuteCore(System.IAsyncResult), Línea: 0] - El bloque código no tiene un carácter "}" de cierre. Asegúrese de tener un carácter "}" correspondiente para todos los caracteres "{" de este bloque y de que ninguno de los caracteres "}" se interpreta como marcado.

16/06/2020 09:26:50: [Método: Void <BeginExecute>b__15(System.IAsyncResult, System.Web.Mvc.Controller), Línea: 0] - El bloque código no tiene un carácter "}" de cierre. Asegúrese de tener un carácter "}" correspondiente para todos los caracteres "{" de este bloque y de que ninguno de los caracteres "}" se interpreta como marcado.

16/06/2020 09:26:50: [Método: System.Web.Mvc.Async.AsyncVoid CallEndDelegate(System.IAsyncResult), Línea: 0] - El bloque código no tiene un carácter "}" de cierre. Asegúrese de tener un carácter "}" correspondiente para todos los caracteres "{" de este bloque y de que ninguno de los caracteres "}" se interpreta como marcado.

16/06/2020 09:26:50: [Método: TResult End(), Línea: 0] - El bloque código no tiene un carácter "}" de cierre. Asegúrese de tener un carácter "}" correspondiente para todos los caracteres "{" de este bloque y de que ninguno de los caracteres "}" se interpreta como marcado.

16/06/2020 09:26:50: [Método: Void EndExecute(System.IAsyncResult), Línea: 0] - El bloque código no tiene un carácter "}" de cierre. Asegúrese de tener un carácter "}" correspondiente para todos los caracteres "{" de este bloque y de que ninguno de los caracteres "}" se interpreta como marcado.

16/06/2020 09:26:50: [Método: Void System.Web.Mvc.Async.IAsyncController.EndExecute(System.IAsyncResult), Línea: 0] - El bloque código no tiene un carácter "}" de cierre. Asegúrese de tener un carácter "}" correspondiente para todos los caracteres "{" de este bloque y de que ninguno de los caracteres "}" se interpreta como marcado.

16/06/2020 09:26:50: [Método: Void <BeginProcessRequest>b__5(System.IAsyncResult, ProcessRequestState), Línea: 0] - El bloque código no tiene un carácter "}" de cierre. Asegúrese de tener un carácter "}" correspondiente para todos los caracteres "{" de este bloque y de que ninguno de los caracteres "}" se interpreta como marcado.

16/06/2020 09:26:50: [Método: System.Web.Mvc.Async.AsyncVoid CallEndDelegate(System.IAsyncResult), Línea: 0] - El bloque código no tiene un carácter "}" de cierre. Asegúrese de tener un carácter "}" correspondiente para todos los caracteres "{" de este bloque y de que ninguno de los caracteres "}" se interpreta como marcado.

16/06/2020 09:26:50: [Método: TResult End(), Línea: 0] - El bloque código no tiene un carácter "}" de cierre. Asegúrese de tener un carácter "}" correspondiente para todos los caracteres "{" de este bloque y de que ninguno de los caracteres "}" se interpreta como marcado.

16/06/2020 09:26:50: [Método: Void EndProcessRequest(System.IAsyncResult), Línea: 0] - El bloque código no tiene un carácter "}" de cierre. Asegúrese de tener un carácter "}" correspondiente para todos los caracteres "{" de este bloque y de que ninguno de los caracteres "}" se interpreta como marcado.

16/06/2020 09:26:50: [Método: Void System.Web.IHttpAsyncHandler.EndProcessRequest(System.IAsyncResult), Línea: 0] - El bloque código no tiene un carácter "}" de cierre. Asegúrese de tener un carácter "}" correspondiente para todos los caracteres "{" de este bloque y de que ninguno de los caracteres "}" se interpreta como marcado.

16/06/2020 09:26:50: [Método: Void System.Web.HttpApplication.IExecutionStep.Execute(), Línea: 0] - El bloque código no tiene un carácter "}" de cierre. Asegúrese de tener un carácter "}" correspondiente para todos los caracteres "{" de este bloque y de que ninguno de los caracteres "}" se interpreta como marcado.

16/06/2020 09:26:50: [Método: Void ExecuteStepImpl(IExecutionStep), Línea: 0] - El bloque código no tiene un carácter "}" de cierre. Asegúrese de tener un carácter "}" correspondiente para todos los caracteres "{" de este bloque y de que ninguno de los caracteres "}" se interpreta como marcado.

16/06/2020 09:26:50: [Método: System.Exception ExecuteStep(IExecutionStep, Boolean ByRef), Línea: 0] - El bloque código no tiene un carácter "}" de cierre. Asegúrese de tener un carácter "}" correspondiente para todos los caracteres "{" de este bloque y de que ninguno de los caracteres "}" se interpreta como marcado.

16/06/2020 09:34:21: [Método: Void HandleErrorHelper(Int32, Oracle.DataAccess.Client.OracleConnection, IntPtr, Oracle.DataAccess.Client.OpoSqlValCtx*, System.Object, System.String, Boolean, Int32, Oracle.DataAccess.Client.OracleLogicalTransaction), Línea: 0] - ORA-00936: falta una expresión
ORA-06512: en "MRVMM.PKG_MRV_DETALLE_INDICADORES", línea 1166
ORA-06512: en línea 1
16/06/2020 09:34:21: [Método: Void HandleError(Int32, Oracle.DataAccess.Client.OracleConnection, System.String, IntPtr, Oracle.DataAccess.Client.OpoSqlValCtx*, System.Object, Boolean, Oracle.DataAccess.Client.OracleLogicalTransaction), Línea: 0] - ORA-00936: falta una expresión
ORA-06512: en "MRVMM.PKG_MRV_DETALLE_INDICADORES", línea 1166
ORA-06512: en línea 1
16/06/2020 09:34:21: [Método: Int32 ExecuteNonQuery(), Línea: 0] - ORA-00936: falta una expresión
ORA-06512: en "MRVMM.PKG_MRV_DETALLE_INDICADORES", línea 1166
ORA-06512: en línea 1
16/06/2020 09:34:21: [Método: Int32 ExecuteCommand(System.Data.IDbConnection, Dapper.CommandDefinition ByRef, System.Action`2[System.Data.IDbCommand,System.Object]), Línea: 0] - ORA-00936: falta una expresión
ORA-06512: en "MRVMM.PKG_MRV_DETALLE_INDICADORES", línea 1166
ORA-06512: en línea 1
16/06/2020 09:34:21: [Método: Int32 ExecuteImpl(System.Data.IDbConnection, Dapper.CommandDefinition ByRef), Línea: 0] - ORA-00936: falta una expresión
ORA-06512: en "MRVMM.PKG_MRV_DETALLE_INDICADORES", línea 1166
ORA-06512: en línea 1
16/06/2020 09:34:21: [Método: Int32 Execute(System.Data.IDbConnection, System.String, System.Object, System.Data.IDbTransaction, System.Nullable`1[System.Int32], System.Nullable`1[System.Data.CommandType]), Línea: 0] - ORA-00936: falta una expresión
ORA-06512: en "MRVMM.PKG_MRV_DETALLE_INDICADORES", línea 1166
ORA-06512: en línea 1
16/06/2020 09:34:21: [Método: entidad.minem.gob.pe.IniciativaBE EliminarIndicadoresFile(entidad.minem.gob.pe.IniciativaBE), Línea: 652] - ORA-00936: falta una expresión
ORA-06512: en "MRVMM.PKG_MRV_DETALLE_INDICADORES", línea 1166
ORA-06512: en línea 1
16/06/2020 09:42:30: [Método: Void HandleErrorHelper(Int32, Oracle.DataAccess.Client.OracleConnection, IntPtr, Oracle.DataAccess.Client.OpoSqlValCtx*, System.Object, System.String, Boolean, Int32, Oracle.DataAccess.Client.OracleLogicalTransaction), Línea: 0] - ORA-00936: falta una expresión
ORA-06512: en "MRVMM.PKG_MRV_DETALLE_INDICADORES", línea 1166
ORA-06512: en línea 1
16/06/2020 09:42:30: [Método: Void HandleError(Int32, Oracle.DataAccess.Client.OracleConnection, System.String, IntPtr, Oracle.DataAccess.Client.OpoSqlValCtx*, System.Object, Boolean, Oracle.DataAccess.Client.OracleLogicalTransaction), Línea: 0] - ORA-00936: falta una expresión
ORA-06512: en "MRVMM.PKG_MRV_DETALLE_INDICADORES", línea 1166
ORA-06512: en línea 1
16/06/2020 09:42:30: [Método: Int32 ExecuteNonQuery(), Línea: 0] - ORA-00936: falta una expresión
ORA-06512: en "MRVMM.PKG_MRV_DETALLE_INDICADORES", línea 1166
ORA-06512: en línea 1
16/06/2020 09:42:30: [Método: Int32 ExecuteCommand(System.Data.IDbConnection, Dapper.CommandDefinition ByRef, System.Action`2[System.Data.IDbCommand,System.Object]), Línea: 0] - ORA-00936: falta una expresión
ORA-06512: en "MRVMM.PKG_MRV_DETALLE_INDICADORES", línea 1166
ORA-06512: en línea 1
16/06/2020 09:42:30: [Método: Int32 ExecuteImpl(System.Data.IDbConnection, Dapper.CommandDefinition ByRef), Línea: 0] - ORA-00936: falta una expresión
ORA-06512: en "MRVMM.PKG_MRV_DETALLE_INDICADORES", línea 1166
ORA-06512: en línea 1
16/06/2020 09:42:30: [Método: Int32 Execute(System.Data.IDbConnection, System.String, System.Object, System.Data.IDbTransaction, System.Nullable`1[System.Int32], System.Nullable`1[System.Data.CommandType]), Línea: 0] - ORA-00936: falta una expresión
ORA-06512: en "MRVMM.PKG_MRV_DETALLE_INDICADORES", línea 1166
ORA-06512: en línea 1
16/06/2020 09:42:30: [Método: entidad.minem.gob.pe.IniciativaBE EliminarIndicadoresFile(entidad.minem.gob.pe.IniciativaBE), Línea: 652] - ORA-00936: falta una expresión
ORA-06512: en "MRVMM.PKG_MRV_DETALLE_INDICADORES", línea 1166
ORA-06512: en línea 1
16/06/2020 09:42:42: [Método: Void HandleErrorHelper(Int32, Oracle.DataAccess.Client.OracleConnection, IntPtr, Oracle.DataAccess.Client.OpoSqlValCtx*, System.Object, System.String, Boolean, Int32, Oracle.DataAccess.Client.OracleLogicalTransaction), Línea: 0] - ORA-00936: falta una expresión
ORA-06512: en "MRVMM.PKG_MRV_DETALLE_INDICADORES", línea 1166
ORA-06512: en línea 1
16/06/2020 09:42:42: [Método: Void HandleError(Int32, Oracle.DataAccess.Client.OracleConnection, System.String, IntPtr, Oracle.DataAccess.Client.OpoSqlValCtx*, System.Object, Boolean, Oracle.DataAccess.Client.OracleLogicalTransaction), Línea: 0] - ORA-00936: falta una expresión
ORA-06512: en "MRVMM.PKG_MRV_DETALLE_INDICADORES", línea 1166
ORA-06512: en línea 1
16/06/2020 09:42:42: [Método: Int32 ExecuteNonQuery(), Línea: 0] - ORA-00936: falta una expresión
ORA-06512: en "MRVMM.PKG_MRV_DETALLE_INDICADORES", línea 1166
ORA-06512: en línea 1
16/06/2020 09:42:42: [Método: Int32 ExecuteCommand(System.Data.IDbConnection, Dapper.CommandDefinition ByRef, System.Action`2[System.Data.IDbCommand,System.Object]), Línea: 0] - ORA-00936: falta una expresión
ORA-06512: en "MRVMM.PKG_MRV_DETALLE_INDICADORES", línea 1166
ORA-06512: en línea 1
16/06/2020 09:42:42: [Método: Int32 ExecuteImpl(System.Data.IDbConnection, Dapper.CommandDefinition ByRef), Línea: 0] - ORA-00936: falta una expresión
ORA-06512: en "MRVMM.PKG_MRV_DETALLE_INDICADORES", línea 1166
ORA-06512: en línea 1
16/06/2020 09:42:42: [Método: Int32 Execute(System.Data.IDbConnection, System.String, System.Object, System.Data.IDbTransaction, System.Nullable`1[System.Int32], System.Nullable`1[System.Data.CommandType]), Línea: 0] - ORA-00936: falta una expresión
ORA-06512: en "MRVMM.PKG_MRV_DETALLE_INDICADORES", línea 1166
ORA-06512: en línea 1
16/06/2020 09:42:42: [Método: entidad.minem.gob.pe.IniciativaBE EliminarIndicadoresFile(entidad.minem.gob.pe.IniciativaBE), Línea: 652] - ORA-00936: falta una expresión
ORA-06512: en "MRVMM.PKG_MRV_DETALLE_INDICADORES", línea 1166
ORA-06512: en línea 1
16/06/2020 09:42:53: [Método: Void HandleErrorHelper(Int32, Oracle.DataAccess.Client.OracleConnection, IntPtr, Oracle.DataAccess.Client.OpoSqlValCtx*, System.Object, System.String, Boolean, Int32, Oracle.DataAccess.Client.OracleLogicalTransaction), Línea: 0] - ORA-00936: falta una expresión
ORA-06512: en "MRVMM.PKG_MRV_DETALLE_INDICADORES", línea 1166
ORA-06512: en línea 1
16/06/2020 09:42:53: [Método: Void HandleError(Int32, Oracle.DataAccess.Client.OracleConnection, System.String, IntPtr, Oracle.DataAccess.Client.OpoSqlValCtx*, System.Object, Boolean, Oracle.DataAccess.Client.OracleLogicalTransaction), Línea: 0] - ORA-00936: falta una expresión
ORA-06512: en "MRVMM.PKG_MRV_DETALLE_INDICADORES", línea 1166
ORA-06512: en línea 1
16/06/2020 09:42:53: [Método: Int32 ExecuteNonQuery(), Línea: 0] - ORA-00936: falta una expresión
ORA-06512: en "MRVMM.PKG_MRV_DETALLE_INDICADORES", línea 1166
ORA-06512: en línea 1
16/06/2020 09:42:53: [Método: Int32 ExecuteCommand(System.Data.IDbConnection, Dapper.CommandDefinition ByRef, System.Action`2[System.Data.IDbCommand,System.Object]), Línea: 0] - ORA-00936: falta una expresión
ORA-06512: en "MRVMM.PKG_MRV_DETALLE_INDICADORES", línea 1166
ORA-06512: en línea 1
16/06/2020 09:42:53: [Método: Int32 ExecuteImpl(System.Data.IDbConnection, Dapper.CommandDefinition ByRef), Línea: 0] - ORA-00936: falta una expresión
ORA-06512: en "MRVMM.PKG_MRV_DETALLE_INDICADORES", línea 1166
ORA-06512: en línea 1
16/06/2020 09:42:53: [Método: Int32 Execute(System.Data.IDbConnection, System.String, System.Object, System.Data.IDbTransaction, System.Nullable`1[System.Int32], System.Nullable`1[System.Data.CommandType]), Línea: 0] - ORA-00936: falta una expresión
ORA-06512: en "MRVMM.PKG_MRV_DETALLE_INDICADORES", línea 1166
ORA-06512: en línea 1
16/06/2020 09:42:53: [Método: entidad.minem.gob.pe.IniciativaBE EliminarIndicadoresFile(entidad.minem.gob.pe.IniciativaBE), Línea: 652] - ORA-00936: falta una expresión
ORA-06512: en "MRVMM.PKG_MRV_DETALLE_INDICADORES", línea 1166
ORA-06512: en línea 1
16/06/2020 09:48:18: [Método: Void EnsureGeneratedCode(), Línea: 0] - El bloque código no tiene un carácter "}" de cierre. Asegúrese de tener un carácter "}" correspondiente para todos los caracteres "{" de este bloque y de que ninguno de los caracteres "}" se interpreta como marcado.

16/06/2020 09:48:18: [Método: System.Web.Compilation.CompilerType get_CodeCompilerType(), Línea: 0] - El bloque código no tiene un carácter "}" de cierre. Asegúrese de tener un carácter "}" correspondiente para todos los caracteres "{" de este bloque y de que ninguno de los caracteres "}" se interpreta como marcado.

16/06/2020 09:48:18: [Método: System.Web.Compilation.CompilerType GetCompilerTypeFromBuildProvider(System.Web.Compilation.BuildProvider), Línea: 0] - El bloque código no tiene un carácter "}" de cierre. Asegúrese de tener un carácter "}" correspondiente para todos los caracteres "{" de este bloque y de que ninguno de los caracteres "}" se interpreta como marcado.

16/06/2020 09:48:18: [Método: Void ProcessBuildProviders(), Línea: 0] - El bloque código no tiene un carácter "}" de cierre. Asegúrese de tener un carácter "}" correspondiente para todos los caracteres "{" de este bloque y de que ninguno de los caracteres "}" se interpreta como marcado.

16/06/2020 09:48:18: [Método: System.CodeDom.Compiler.CompilerResults PerformBuild(), Línea: 0] - El bloque código no tiene un carácter "}" de cierre. Asegúrese de tener un carácter "}" correspondiente para todos los caracteres "{" de este bloque y de que ninguno de los caracteres "}" se interpreta como marcado.

16/06/2020 09:48:18: [Método: System.Web.Compilation.BuildResult CompileWebFile(System.Web.VirtualPath), Línea: 0] - El bloque código no tiene un carácter "}" de cierre. Asegúrese de tener un carácter "}" correspondiente para todos los caracteres "{" de este bloque y de que ninguno de los caracteres "}" se interpreta como marcado.

16/06/2020 09:48:18: [Método: System.Web.Compilation.BuildResult GetVPathBuildResultInternal(System.Web.VirtualPath, Boolean, Boolean, Boolean, Boolean, Boolean), Línea: 0] - El bloque código no tiene un carácter "}" de cierre. Asegúrese de tener un carácter "}" correspondiente para todos los caracteres "{" de este bloque y de que ninguno de los caracteres "}" se interpreta como marcado.

16/06/2020 09:48:18: [Método: System.Web.Compilation.BuildResult GetVPathBuildResultWithNoAssert(System.Web.HttpContext, System.Web.VirtualPath, Boolean, Boolean, Boolean, Boolean, Boolean), Línea: 0] - El bloque código no tiene un carácter "}" de cierre. Asegúrese de tener un carácter "}" correspondiente para todos los caracteres "{" de este bloque y de que ninguno de los caracteres "}" se interpreta como marcado.

16/06/2020 09:48:18: [Método: System.Web.Util.ITypedWebObjectFactory GetVirtualPathObjectFactory(System.Web.VirtualPath, System.Web.HttpContext, Boolean, Boolean), Línea: 0] - El bloque código no tiene un carácter "}" de cierre. Asegúrese de tener un carácter "}" correspondiente para todos los caracteres "{" de este bloque y de que ninguno de los caracteres "}" se interpreta como marcado.

16/06/2020 09:48:18: [Método: System.Type GetCompiledType(System.Web.VirtualPath), Línea: 0] - El bloque código no tiene un carácter "}" de cierre. Asegúrese de tener un carácter "}" correspondiente para todos los caracteres "{" de este bloque y de que ninguno de los caracteres "}" se interpreta como marcado.

16/06/2020 09:48:18: [Método: System.Type GetCompiledType(System.String), Línea: 0] - El bloque código no tiene un carácter "}" de cierre. Asegúrese de tener un carácter "}" correspondiente para todos los caracteres "{" de este bloque y de que ninguno de los caracteres "}" se interpreta como marcado.

16/06/2020 09:48:18: [Método: System.Type System.Web.Mvc.IBuildManager.GetCompiledType(System.String), Línea: 0] - El bloque código no tiene un carácter "}" de cierre. Asegúrese de tener un carácter "}" correspondiente para todos los caracteres "{" de este bloque y de que ninguno de los caracteres "}" se interpreta como marcado.

16/06/2020 09:48:18: [Método: Void Render(System.Web.Mvc.ViewContext, System.IO.TextWriter), Línea: 0] - El bloque código no tiene un carácter "}" de cierre. Asegúrese de tener un carácter "}" correspondiente para todos los caracteres "{" de este bloque y de que ninguno de los caracteres "}" se interpreta como marcado.

16/06/2020 09:48:18: [Método: Void ExecuteResult(System.Web.Mvc.ControllerContext), Línea: 0] - El bloque código no tiene un carácter "}" de cierre. Asegúrese de tener un carácter "}" correspondiente para todos los caracteres "{" de este bloque y de que ninguno de los caracteres "}" se interpreta como marcado.

16/06/2020 09:48:18: [Método: Void InvokeActionResult(System.Web.Mvc.ControllerContext, System.Web.Mvc.ActionResult), Línea: 0] - El bloque código no tiene un carácter "}" de cierre. Asegúrese de tener un carácter "}" correspondiente para todos los caracteres "{" de este bloque y de que ninguno de los caracteres "}" se interpreta como marcado.

16/06/2020 09:48:18: [Método: System.Web.Mvc.ResultExecutedContext InvokeActionResultFilterRecursive(System.Collections.Generic.IList`1[System.Web.Mvc.IResultFilter], Int32, System.Web.Mvc.ResultExecutingContext, System.Web.Mvc.ControllerContext, System.Web.Mvc.ActionResult), Línea: 0] - El bloque código no tiene un carácter "}" de cierre. Asegúrese de tener un carácter "}" correspondiente para todos los caracteres "{" de este bloque y de que ninguno de los caracteres "}" se interpreta como marcado.

16/06/2020 09:48:18: [Método: System.Web.Mvc.ResultExecutedContext InvokeActionResultFilterRecursive(System.Collections.Generic.IList`1[System.Web.Mvc.IResultFilter], Int32, System.Web.Mvc.ResultExecutingContext, System.Web.Mvc.ControllerContext, System.Web.Mvc.ActionResult), Línea: 0] - El bloque código no tiene un carácter "}" de cierre. Asegúrese de tener un carácter "}" correspondiente para todos los caracteres "{" de este bloque y de que ninguno de los caracteres "}" se interpreta como marcado.

16/06/2020 09:48:18: [Método: System.Web.Mvc.ResultExecutedContext InvokeActionResultFilterRecursive(System.Collections.Generic.IList`1[System.Web.Mvc.IResultFilter], Int32, System.Web.Mvc.ResultExecutingContext, System.Web.Mvc.ControllerContext, System.Web.Mvc.ActionResult), Línea: 0] - El bloque código no tiene un carácter "}" de cierre. Asegúrese de tener un carácter "}" correspondiente para todos los caracteres "{" de este bloque y de que ninguno de los caracteres "}" se interpreta como marcado.

16/06/2020 09:48:18: [Método: System.Web.Mvc.ResultExecutedContext InvokeActionResultWithFilters(System.Web.Mvc.ControllerContext, System.Collections.Generic.IList`1[System.Web.Mvc.IResultFilter], System.Web.Mvc.ActionResult), Línea: 0] - El bloque código no tiene un carácter "}" de cierre. Asegúrese de tener un carácter "}" correspondiente para todos los caracteres "{" de este bloque y de que ninguno de los caracteres "}" se interpreta como marcado.

16/06/2020 09:48:18: [Método: Void <BeginInvokeAction>b__1c(), Línea: 0] - El bloque código no tiene un carácter "}" de cierre. Asegúrese de tener un carácter "}" correspondiente para todos los caracteres "{" de este bloque y de que ninguno de los caracteres "}" se interpreta como marcado.

16/06/2020 09:48:18: [Método: Boolean <BeginInvokeAction>b__1e(System.IAsyncResult), Línea: 0] - El bloque código no tiene un carácter "}" de cierre. Asegúrese de tener un carácter "}" correspondiente para todos los caracteres "{" de este bloque y de que ninguno de los caracteres "}" se interpreta como marcado.

16/06/2020 09:48:18: [Método: TResult CallEndDelegate(System.IAsyncResult), Línea: 0] - El bloque código no tiene un carácter "}" de cierre. Asegúrese de tener un carácter "}" correspondiente para todos los caracteres "{" de este bloque y de que ninguno de los caracteres "}" se interpreta como marcado.

16/06/2020 09:48:18: [Método: TResult End(), Línea: 0] - El bloque código no tiene un carácter "}" de cierre. Asegúrese de tener un carácter "}" correspondiente para todos los caracteres "{" de este bloque y de que ninguno de los caracteres "}" se interpreta como marcado.

16/06/2020 09:48:18: [Método: Boolean EndInvokeAction(System.IAsyncResult), Línea: 0] - El bloque código no tiene un carácter "}" de cierre. Asegúrese de tener un carácter "}" correspondiente para todos los caracteres "{" de este bloque y de que ninguno de los caracteres "}" se interpreta como marcado.

16/06/2020 09:48:18: [Método: Void <BeginExecuteCore>b__1d(System.IAsyncResult, ExecuteCoreState), Línea: 0] - El bloque código no tiene un carácter "}" de cierre. Asegúrese de tener un carácter "}" correspondiente para todos los caracteres "{" de este bloque y de que ninguno de los caracteres "}" se interpreta como marcado.

16/06/2020 09:48:18: [Método: System.Web.Mvc.Async.AsyncVoid CallEndDelegate(System.IAsyncResult), Línea: 0] - El bloque código no tiene un carácter "}" de cierre. Asegúrese de tener un carácter "}" correspondiente para todos los caracteres "{" de este bloque y de que ninguno de los caracteres "}" se interpreta como marcado.

16/06/2020 09:48:18: [Método: TResult End(), Línea: 0] - El bloque código no tiene un carácter "}" de cierre. Asegúrese de tener un carácter "}" correspondiente para todos los caracteres "{" de este bloque y de que ninguno de los caracteres "}" se interpreta como marcado.

16/06/2020 09:48:18: [Método: Void EndExecuteCore(System.IAsyncResult), Línea: 0] - El bloque código no tiene un carácter "}" de cierre. Asegúrese de tener un carácter "}" correspondiente para todos los caracteres "{" de este bloque y de que ninguno de los caracteres "}" se interpreta como marcado.

16/06/2020 09:48:18: [Método: Void <BeginExecute>b__15(System.IAsyncResult, System.Web.Mvc.Controller), Línea: 0] - El bloque código no tiene un carácter "}" de cierre. Asegúrese de tener un carácter "}" correspondiente para todos los caracteres "{" de este bloque y de que ninguno de los caracteres "}" se interpreta como marcado.

16/06/2020 09:48:18: [Método: System.Web.Mvc.Async.AsyncVoid CallEndDelegate(System.IAsyncResult), Línea: 0] - El bloque código no tiene un carácter "}" de cierre. Asegúrese de tener un carácter "}" correspondiente para todos los caracteres "{" de este bloque y de que ninguno de los caracteres "}" se interpreta como marcado.

16/06/2020 09:48:18: [Método: TResult End(), Línea: 0] - El bloque código no tiene un carácter "}" de cierre. Asegúrese de tener un carácter "}" correspondiente para todos los caracteres "{" de este bloque y de que ninguno de los caracteres "}" se interpreta como marcado.

16/06/2020 09:48:18: [Método: Void EndExecute(System.IAsyncResult), Línea: 0] - El bloque código no tiene un carácter "}" de cierre. Asegúrese de tener un carácter "}" correspondiente para todos los caracteres "{" de este bloque y de que ninguno de los caracteres "}" se interpreta como marcado.

16/06/2020 09:48:18: [Método: Void System.Web.Mvc.Async.IAsyncController.EndExecute(System.IAsyncResult), Línea: 0] - El bloque código no tiene un carácter "}" de cierre. Asegúrese de tener un carácter "}" correspondiente para todos los caracteres "{" de este bloque y de que ninguno de los caracteres "}" se interpreta como marcado.

16/06/2020 09:48:18: [Método: Void <BeginProcessRequest>b__5(System.IAsyncResult, ProcessRequestState), Línea: 0] - El bloque código no tiene un carácter "}" de cierre. Asegúrese de tener un carácter "}" correspondiente para todos los caracteres "{" de este bloque y de que ninguno de los caracteres "}" se interpreta como marcado.

16/06/2020 09:48:18: [Método: System.Web.Mvc.Async.AsyncVoid CallEndDelegate(System.IAsyncResult), Línea: 0] - El bloque código no tiene un carácter "}" de cierre. Asegúrese de tener un carácter "}" correspondiente para todos los caracteres "{" de este bloque y de que ninguno de los caracteres "}" se interpreta como marcado.

16/06/2020 09:48:18: [Método: TResult End(), Línea: 0] - El bloque código no tiene un carácter "}" de cierre. Asegúrese de tener un carácter "}" correspondiente para todos los caracteres "{" de este bloque y de que ninguno de los caracteres "}" se interpreta como marcado.

16/06/2020 09:48:18: [Método: Void EndProcessRequest(System.IAsyncResult), Línea: 0] - El bloque código no tiene un carácter "}" de cierre. Asegúrese de tener un carácter "}" correspondiente para todos los caracteres "{" de este bloque y de que ninguno de los caracteres "}" se interpreta como marcado.

16/06/2020 09:48:18: [Método: Void System.Web.IHttpAsyncHandler.EndProcessRequest(System.IAsyncResult), Línea: 0] - El bloque código no tiene un carácter "}" de cierre. Asegúrese de tener un carácter "}" correspondiente para todos los caracteres "{" de este bloque y de que ninguno de los caracteres "}" se interpreta como marcado.

16/06/2020 09:48:18: [Método: Void System.Web.HttpApplication.IExecutionStep.Execute(), Línea: 0] - El bloque código no tiene un carácter "}" de cierre. Asegúrese de tener un carácter "}" correspondiente para todos los caracteres "{" de este bloque y de que ninguno de los caracteres "}" se interpreta como marcado.

16/06/2020 09:48:18: [Método: Void ExecuteStepImpl(IExecutionStep), Línea: 0] - El bloque código no tiene un carácter "}" de cierre. Asegúrese de tener un carácter "}" correspondiente para todos los caracteres "{" de este bloque y de que ninguno de los caracteres "}" se interpreta como marcado.

16/06/2020 09:48:18: [Método: System.Exception ExecuteStep(IExecutionStep, Boolean ByRef), Línea: 0] - El bloque código no tiene un carácter "}" de cierre. Asegúrese de tener un carácter "}" correspondiente para todos los caracteres "{" de este bloque y de que ninguno de los caracteres "}" se interpreta como marcado.

16/06/2020 09:48:37: [Método: Void EnsureGeneratedCode(), Línea: 0] - El bloque código no tiene un carácter "}" de cierre. Asegúrese de tener un carácter "}" correspondiente para todos los caracteres "{" de este bloque y de que ninguno de los caracteres "}" se interpreta como marcado.

16/06/2020 09:48:37: [Método: System.Web.Compilation.CompilerType get_CodeCompilerType(), Línea: 0] - El bloque código no tiene un carácter "}" de cierre. Asegúrese de tener un carácter "}" correspondiente para todos los caracteres "{" de este bloque y de que ninguno de los caracteres "}" se interpreta como marcado.

16/06/2020 09:48:37: [Método: System.Web.Compilation.CompilerType GetCompilerTypeFromBuildProvider(System.Web.Compilation.BuildProvider), Línea: 0] - El bloque código no tiene un carácter "}" de cierre. Asegúrese de tener un carácter "}" correspondiente para todos los caracteres "{" de este bloque y de que ninguno de los caracteres "}" se interpreta como marcado.

16/06/2020 09:48:37: [Método: Void ProcessBuildProviders(), Línea: 0] - El bloque código no tiene un carácter "}" de cierre. Asegúrese de tener un carácter "}" correspondiente para todos los caracteres "{" de este bloque y de que ninguno de los caracteres "}" se interpreta como marcado.

16/06/2020 09:48:37: [Método: System.CodeDom.Compiler.CompilerResults PerformBuild(), Línea: 0] - El bloque código no tiene un carácter "}" de cierre. Asegúrese de tener un carácter "}" correspondiente para todos los caracteres "{" de este bloque y de que ninguno de los caracteres "}" se interpreta como marcado.

16/06/2020 09:48:37: [Método: System.Web.Compilation.BuildResult CompileWebFile(System.Web.VirtualPath), Línea: 0] - El bloque código no tiene un carácter "}" de cierre. Asegúrese de tener un carácter "}" correspondiente para todos los caracteres "{" de este bloque y de que ninguno de los caracteres "}" se interpreta como marcado.

16/06/2020 09:48:37: [Método: System.Web.Compilation.BuildResult GetVPathBuildResultInternal(System.Web.VirtualPath, Boolean, Boolean, Boolean, Boolean, Boolean), Línea: 0] - El bloque código no tiene un carácter "}" de cierre. Asegúrese de tener un carácter "}" correspondiente para todos los caracteres "{" de este bloque y de que ninguno de los caracteres "}" se interpreta como marcado.

16/06/2020 09:48:37: [Método: System.Web.Compilation.BuildResult GetVPathBuildResultWithNoAssert(System.Web.HttpContext, System.Web.VirtualPath, Boolean, Boolean, Boolean, Boolean, Boolean), Línea: 0] - El bloque código no tiene un carácter "}" de cierre. Asegúrese de tener un carácter "}" correspondiente para todos los caracteres "{" de este bloque y de que ninguno de los caracteres "}" se interpreta como marcado.

16/06/2020 09:48:37: [Método: System.Web.Util.ITypedWebObjectFactory GetVirtualPathObjectFactory(System.Web.VirtualPath, System.Web.HttpContext, Boolean, Boolean), Línea: 0] - El bloque código no tiene un carácter "}" de cierre. Asegúrese de tener un carácter "}" correspondiente para todos los caracteres "{" de este bloque y de que ninguno de los caracteres "}" se interpreta como marcado.

16/06/2020 09:48:37: [Método: System.Type GetCompiledType(System.Web.VirtualPath), Línea: 0] - El bloque código no tiene un carácter "}" de cierre. Asegúrese de tener un carácter "}" correspondiente para todos los caracteres "{" de este bloque y de que ninguno de los caracteres "}" se interpreta como marcado.

16/06/2020 09:48:37: [Método: System.Type GetCompiledType(System.String), Línea: 0] - El bloque código no tiene un carácter "}" de cierre. Asegúrese de tener un carácter "}" correspondiente para todos los caracteres "{" de este bloque y de que ninguno de los caracteres "}" se interpreta como marcado.

16/06/2020 09:48:37: [Método: System.Type System.Web.Mvc.IBuildManager.GetCompiledType(System.String), Línea: 0] - El bloque código no tiene un carácter "}" de cierre. Asegúrese de tener un carácter "}" correspondiente para todos los caracteres "{" de este bloque y de que ninguno de los caracteres "}" se interpreta como marcado.

16/06/2020 09:48:37: [Método: Void Render(System.Web.Mvc.ViewContext, System.IO.TextWriter), Línea: 0] - El bloque código no tiene un carácter "}" de cierre. Asegúrese de tener un carácter "}" correspondiente para todos los caracteres "{" de este bloque y de que ninguno de los caracteres "}" se interpreta como marcado.

16/06/2020 09:48:37: [Método: Void ExecuteResult(System.Web.Mvc.ControllerContext), Línea: 0] - El bloque código no tiene un carácter "}" de cierre. Asegúrese de tener un carácter "}" correspondiente para todos los caracteres "{" de este bloque y de que ninguno de los caracteres "}" se interpreta como marcado.

16/06/2020 09:48:37: [Método: Void InvokeActionResult(System.Web.Mvc.ControllerContext, System.Web.Mvc.ActionResult), Línea: 0] - El bloque código no tiene un carácter "}" de cierre. Asegúrese de tener un carácter "}" correspondiente para todos los caracteres "{" de este bloque y de que ninguno de los caracteres "}" se interpreta como marcado.

16/06/2020 09:48:37: [Método: System.Web.Mvc.ResultExecutedContext InvokeActionResultFilterRecursive(System.Collections.Generic.IList`1[System.Web.Mvc.IResultFilter], Int32, System.Web.Mvc.ResultExecutingContext, System.Web.Mvc.ControllerContext, System.Web.Mvc.ActionResult), Línea: 0] - El bloque código no tiene un carácter "}" de cierre. Asegúrese de tener un carácter "}" correspondiente para todos los caracteres "{" de este bloque y de que ninguno de los caracteres "}" se interpreta como marcado.

16/06/2020 09:48:37: [Método: System.Web.Mvc.ResultExecutedContext InvokeActionResultFilterRecursive(System.Collections.Generic.IList`1[System.Web.Mvc.IResultFilter], Int32, System.Web.Mvc.ResultExecutingContext, System.Web.Mvc.ControllerContext, System.Web.Mvc.ActionResult), Línea: 0] - El bloque código no tiene un carácter "}" de cierre. Asegúrese de tener un carácter "}" correspondiente para todos los caracteres "{" de este bloque y de que ninguno de los caracteres "}" se interpreta como marcado.

16/06/2020 09:48:37: [Método: System.Web.Mvc.ResultExecutedContext InvokeActionResultFilterRecursive(System.Collections.Generic.IList`1[System.Web.Mvc.IResultFilter], Int32, System.Web.Mvc.ResultExecutingContext, System.Web.Mvc.ControllerContext, System.Web.Mvc.ActionResult), Línea: 0] - El bloque código no tiene un carácter "}" de cierre. Asegúrese de tener un carácter "}" correspondiente para todos los caracteres "{" de este bloque y de que ninguno de los caracteres "}" se interpreta como marcado.

16/06/2020 09:48:37: [Método: System.Web.Mvc.ResultExecutedContext InvokeActionResultWithFilters(System.Web.Mvc.ControllerContext, System.Collections.Generic.IList`1[System.Web.Mvc.IResultFilter], System.Web.Mvc.ActionResult), Línea: 0] - El bloque código no tiene un carácter "}" de cierre. Asegúrese de tener un carácter "}" correspondiente para todos los caracteres "{" de este bloque y de que ninguno de los caracteres "}" se interpreta como marcado.

16/06/2020 09:48:37: [Método: Void <BeginInvokeAction>b__1c(), Línea: 0] - El bloque código no tiene un carácter "}" de cierre. Asegúrese de tener un carácter "}" correspondiente para todos los caracteres "{" de este bloque y de que ninguno de los caracteres "}" se interpreta como marcado.

16/06/2020 09:48:37: [Método: Boolean <BeginInvokeAction>b__1e(System.IAsyncResult), Línea: 0] - El bloque código no tiene un carácter "}" de cierre. Asegúrese de tener un carácter "}" correspondiente para todos los caracteres "{" de este bloque y de que ninguno de los caracteres "}" se interpreta como marcado.

16/06/2020 09:48:37: [Método: TResult CallEndDelegate(System.IAsyncResult), Línea: 0] - El bloque código no tiene un carácter "}" de cierre. Asegúrese de tener un carácter "}" correspondiente para todos los caracteres "{" de este bloque y de que ninguno de los caracteres "}" se interpreta como marcado.

16/06/2020 09:48:37: [Método: TResult End(), Línea: 0] - El bloque código no tiene un carácter "}" de cierre. Asegúrese de tener un carácter "}" correspondiente para todos los caracteres "{" de este bloque y de que ninguno de los caracteres "}" se interpreta como marcado.

16/06/2020 09:48:37: [Método: Boolean EndInvokeAction(System.IAsyncResult), Línea: 0] - El bloque código no tiene un carácter "}" de cierre. Asegúrese de tener un carácter "}" correspondiente para todos los caracteres "{" de este bloque y de que ninguno de los caracteres "}" se interpreta como marcado.

16/06/2020 09:48:37: [Método: Void <BeginExecuteCore>b__1d(System.IAsyncResult, ExecuteCoreState), Línea: 0] - El bloque código no tiene un carácter "}" de cierre. Asegúrese de tener un carácter "}" correspondiente para todos los caracteres "{" de este bloque y de que ninguno de los caracteres "}" se interpreta como marcado.

16/06/2020 09:48:37: [Método: System.Web.Mvc.Async.AsyncVoid CallEndDelegate(System.IAsyncResult), Línea: 0] - El bloque código no tiene un carácter "}" de cierre. Asegúrese de tener un carácter "}" correspondiente para todos los caracteres "{" de este bloque y de que ninguno de los caracteres "}" se interpreta como marcado.

16/06/2020 09:48:37: [Método: TResult End(), Línea: 0] - El bloque código no tiene un carácter "}" de cierre. Asegúrese de tener un carácter "}" correspondiente para todos los caracteres "{" de este bloque y de que ninguno de los caracteres "}" se interpreta como marcado.

16/06/2020 09:48:37: [Método: Void EndExecuteCore(System.IAsyncResult), Línea: 0] - El bloque código no tiene un carácter "}" de cierre. Asegúrese de tener un carácter "}" correspondiente para todos los caracteres "{" de este bloque y de que ninguno de los caracteres "}" se interpreta como marcado.

16/06/2020 09:48:37: [Método: Void <BeginExecute>b__15(System.IAsyncResult, System.Web.Mvc.Controller), Línea: 0] - El bloque código no tiene un carácter "}" de cierre. Asegúrese de tener un carácter "}" correspondiente para todos los caracteres "{" de este bloque y de que ninguno de los caracteres "}" se interpreta como marcado.

16/06/2020 09:48:37: [Método: System.Web.Mvc.Async.AsyncVoid CallEndDelegate(System.IAsyncResult), Línea: 0] - El bloque código no tiene un carácter "}" de cierre. Asegúrese de tener un carácter "}" correspondiente para todos los caracteres "{" de este bloque y de que ninguno de los caracteres "}" se interpreta como marcado.

16/06/2020 09:48:37: [Método: TResult End(), Línea: 0] - El bloque código no tiene un carácter "}" de cierre. Asegúrese de tener un carácter "}" correspondiente para todos los caracteres "{" de este bloque y de que ninguno de los caracteres "}" se interpreta como marcado.

16/06/2020 09:48:37: [Método: Void EndExecute(System.IAsyncResult), Línea: 0] - El bloque código no tiene un carácter "}" de cierre. Asegúrese de tener un carácter "}" correspondiente para todos los caracteres "{" de este bloque y de que ninguno de los caracteres "}" se interpreta como marcado.

16/06/2020 09:48:37: [Método: Void System.Web.Mvc.Async.IAsyncController.EndExecute(System.IAsyncResult), Línea: 0] - El bloque código no tiene un carácter "}" de cierre. Asegúrese de tener un carácter "}" correspondiente para todos los caracteres "{" de este bloque y de que ninguno de los caracteres "}" se interpreta como marcado.

16/06/2020 09:48:37: [Método: Void <BeginProcessRequest>b__5(System.IAsyncResult, ProcessRequestState), Línea: 0] - El bloque código no tiene un carácter "}" de cierre. Asegúrese de tener un carácter "}" correspondiente para todos los caracteres "{" de este bloque y de que ninguno de los caracteres "}" se interpreta como marcado.

16/06/2020 09:48:37: [Método: System.Web.Mvc.Async.AsyncVoid CallEndDelegate(System.IAsyncResult), Línea: 0] - El bloque código no tiene un carácter "}" de cierre. Asegúrese de tener un carácter "}" correspondiente para todos los caracteres "{" de este bloque y de que ninguno de los caracteres "}" se interpreta como marcado.

16/06/2020 09:48:37: [Método: TResult End(), Línea: 0] - El bloque código no tiene un carácter "}" de cierre. Asegúrese de tener un carácter "}" correspondiente para todos los caracteres "{" de este bloque y de que ninguno de los caracteres "}" se interpreta como marcado.

16/06/2020 09:48:37: [Método: Void EndProcessRequest(System.IAsyncResult), Línea: 0] - El bloque código no tiene un carácter "}" de cierre. Asegúrese de tener un carácter "}" correspondiente para todos los caracteres "{" de este bloque y de que ninguno de los caracteres "}" se interpreta como marcado.

16/06/2020 09:48:37: [Método: Void System.Web.IHttpAsyncHandler.EndProcessRequest(System.IAsyncResult), Línea: 0] - El bloque código no tiene un carácter "}" de cierre. Asegúrese de tener un carácter "}" correspondiente para todos los caracteres "{" de este bloque y de que ninguno de los caracteres "}" se interpreta como marcado.

16/06/2020 09:48:37: [Método: Void System.Web.HttpApplication.IExecutionStep.Execute(), Línea: 0] - El bloque código no tiene un carácter "}" de cierre. Asegúrese de tener un carácter "}" correspondiente para todos los caracteres "{" de este bloque y de que ninguno de los caracteres "}" se interpreta como marcado.

16/06/2020 09:48:37: [Método: Void ExecuteStepImpl(IExecutionStep), Línea: 0] - El bloque código no tiene un carácter "}" de cierre. Asegúrese de tener un carácter "}" correspondiente para todos los caracteres "{" de este bloque y de que ninguno de los caracteres "}" se interpreta como marcado.

16/06/2020 09:48:37: [Método: System.Exception ExecuteStep(IExecutionStep, Boolean ByRef), Línea: 0] - El bloque código no tiene un carácter "}" de cierre. Asegúrese de tener un carácter "}" correspondiente para todos los caracteres "{" de este bloque y de que ninguno de los caracteres "}" se interpreta como marcado.

16/06/2020 09:49:46: [Método: Void EnsureGeneratedCode(), Línea: 0] - El bloque código no tiene un carácter "}" de cierre. Asegúrese de tener un carácter "}" correspondiente para todos los caracteres "{" de este bloque y de que ninguno de los caracteres "}" se interpreta como marcado.

16/06/2020 09:49:46: [Método: System.Web.Compilation.CompilerType get_CodeCompilerType(), Línea: 0] - El bloque código no tiene un carácter "}" de cierre. Asegúrese de tener un carácter "}" correspondiente para todos los caracteres "{" de este bloque y de que ninguno de los caracteres "}" se interpreta como marcado.

16/06/2020 09:49:46: [Método: System.Web.Compilation.CompilerType GetCompilerTypeFromBuildProvider(System.Web.Compilation.BuildProvider), Línea: 0] - El bloque código no tiene un carácter "}" de cierre. Asegúrese de tener un carácter "}" correspondiente para todos los caracteres "{" de este bloque y de que ninguno de los caracteres "}" se interpreta como marcado.

16/06/2020 09:49:46: [Método: Void ProcessBuildProviders(), Línea: 0] - El bloque código no tiene un carácter "}" de cierre. Asegúrese de tener un carácter "}" correspondiente para todos los caracteres "{" de este bloque y de que ninguno de los caracteres "}" se interpreta como marcado.

16/06/2020 09:49:46: [Método: System.CodeDom.Compiler.CompilerResults PerformBuild(), Línea: 0] - El bloque código no tiene un carácter "}" de cierre. Asegúrese de tener un carácter "}" correspondiente para todos los caracteres "{" de este bloque y de que ninguno de los caracteres "}" se interpreta como marcado.

16/06/2020 09:49:46: [Método: System.Web.Compilation.BuildResult CompileWebFile(System.Web.VirtualPath), Línea: 0] - El bloque código no tiene un carácter "}" de cierre. Asegúrese de tener un carácter "}" correspondiente para todos los caracteres "{" de este bloque y de que ninguno de los caracteres "}" se interpreta como marcado.

16/06/2020 09:49:46: [Método: System.Web.Compilation.BuildResult GetVPathBuildResultInternal(System.Web.VirtualPath, Boolean, Boolean, Boolean, Boolean, Boolean), Línea: 0] - El bloque código no tiene un carácter "}" de cierre. Asegúrese de tener un carácter "}" correspondiente para todos los caracteres "{" de este bloque y de que ninguno de los caracteres "}" se interpreta como marcado.

16/06/2020 09:49:46: [Método: System.Web.Compilation.BuildResult GetVPathBuildResultWithNoAssert(System.Web.HttpContext, System.Web.VirtualPath, Boolean, Boolean, Boolean, Boolean, Boolean), Línea: 0] - El bloque código no tiene un carácter "}" de cierre. Asegúrese de tener un carácter "}" correspondiente para todos los caracteres "{" de este bloque y de que ninguno de los caracteres "}" se interpreta como marcado.

16/06/2020 09:49:46: [Método: System.Web.Util.ITypedWebObjectFactory GetVirtualPathObjectFactory(System.Web.VirtualPath, System.Web.HttpContext, Boolean, Boolean), Línea: 0] - El bloque código no tiene un carácter "}" de cierre. Asegúrese de tener un carácter "}" correspondiente para todos los caracteres "{" de este bloque y de que ninguno de los caracteres "}" se interpreta como marcado.

16/06/2020 09:49:46: [Método: System.Type GetCompiledType(System.Web.VirtualPath), Línea: 0] - El bloque código no tiene un carácter "}" de cierre. Asegúrese de tener un carácter "}" correspondiente para todos los caracteres "{" de este bloque y de que ninguno de los caracteres "}" se interpreta como marcado.

16/06/2020 09:49:46: [Método: System.Type GetCompiledType(System.String), Línea: 0] - El bloque código no tiene un carácter "}" de cierre. Asegúrese de tener un carácter "}" correspondiente para todos los caracteres "{" de este bloque y de que ninguno de los caracteres "}" se interpreta como marcado.

16/06/2020 09:49:46: [Método: System.Type System.Web.Mvc.IBuildManager.GetCompiledType(System.String), Línea: 0] - El bloque código no tiene un carácter "}" de cierre. Asegúrese de tener un carácter "}" correspondiente para todos los caracteres "{" de este bloque y de que ninguno de los caracteres "}" se interpreta como marcado.

16/06/2020 09:49:46: [Método: Void Render(System.Web.Mvc.ViewContext, System.IO.TextWriter), Línea: 0] - El bloque código no tiene un carácter "}" de cierre. Asegúrese de tener un carácter "}" correspondiente para todos los caracteres "{" de este bloque y de que ninguno de los caracteres "}" se interpreta como marcado.

16/06/2020 09:49:46: [Método: Void ExecuteResult(System.Web.Mvc.ControllerContext), Línea: 0] - El bloque código no tiene un carácter "}" de cierre. Asegúrese de tener un carácter "}" correspondiente para todos los caracteres "{" de este bloque y de que ninguno de los caracteres "}" se interpreta como marcado.

16/06/2020 09:49:46: [Método: Void InvokeActionResult(System.Web.Mvc.ControllerContext, System.Web.Mvc.ActionResult), Línea: 0] - El bloque código no tiene un carácter "}" de cierre. Asegúrese de tener un carácter "}" correspondiente para todos los caracteres "{" de este bloque y de que ninguno de los caracteres "}" se interpreta como marcado.

16/06/2020 09:49:46: [Método: System.Web.Mvc.ResultExecutedContext InvokeActionResultFilterRecursive(System.Collections.Generic.IList`1[System.Web.Mvc.IResultFilter], Int32, System.Web.Mvc.ResultExecutingContext, System.Web.Mvc.ControllerContext, System.Web.Mvc.ActionResult), Línea: 0] - El bloque código no tiene un carácter "}" de cierre. Asegúrese de tener un carácter "}" correspondiente para todos los caracteres "{" de este bloque y de que ninguno de los caracteres "}" se interpreta como marcado.

16/06/2020 09:49:46: [Método: System.Web.Mvc.ResultExecutedContext InvokeActionResultFilterRecursive(System.Collections.Generic.IList`1[System.Web.Mvc.IResultFilter], Int32, System.Web.Mvc.ResultExecutingContext, System.Web.Mvc.ControllerContext, System.Web.Mvc.ActionResult), Línea: 0] - El bloque código no tiene un carácter "}" de cierre. Asegúrese de tener un carácter "}" correspondiente para todos los caracteres "{" de este bloque y de que ninguno de los caracteres "}" se interpreta como marcado.

16/06/2020 09:49:46: [Método: System.Web.Mvc.ResultExecutedContext InvokeActionResultFilterRecursive(System.Collections.Generic.IList`1[System.Web.Mvc.IResultFilter], Int32, System.Web.Mvc.ResultExecutingContext, System.Web.Mvc.ControllerContext, System.Web.Mvc.ActionResult), Línea: 0] - El bloque código no tiene un carácter "}" de cierre. Asegúrese de tener un carácter "}" correspondiente para todos los caracteres "{" de este bloque y de que ninguno de los caracteres "}" se interpreta como marcado.

16/06/2020 09:49:46: [Método: System.Web.Mvc.ResultExecutedContext InvokeActionResultWithFilters(System.Web.Mvc.ControllerContext, System.Collections.Generic.IList`1[System.Web.Mvc.IResultFilter], System.Web.Mvc.ActionResult), Línea: 0] - El bloque código no tiene un carácter "}" de cierre. Asegúrese de tener un carácter "}" correspondiente para todos los caracteres "{" de este bloque y de que ninguno de los caracteres "}" se interpreta como marcado.

16/06/2020 09:49:46: [Método: Void <BeginInvokeAction>b__1c(), Línea: 0] - El bloque código no tiene un carácter "}" de cierre. Asegúrese de tener un carácter "}" correspondiente para todos los caracteres "{" de este bloque y de que ninguno de los caracteres "}" se interpreta como marcado.

16/06/2020 09:49:46: [Método: Boolean <BeginInvokeAction>b__1e(System.IAsyncResult), Línea: 0] - El bloque código no tiene un carácter "}" de cierre. Asegúrese de tener un carácter "}" correspondiente para todos los caracteres "{" de este bloque y de que ninguno de los caracteres "}" se interpreta como marcado.

16/06/2020 09:49:46: [Método: TResult CallEndDelegate(System.IAsyncResult), Línea: 0] - El bloque código no tiene un carácter "}" de cierre. Asegúrese de tener un carácter "}" correspondiente para todos los caracteres "{" de este bloque y de que ninguno de los caracteres "}" se interpreta como marcado.

16/06/2020 09:49:46: [Método: TResult End(), Línea: 0] - El bloque código no tiene un carácter "}" de cierre. Asegúrese de tener un carácter "}" correspondiente para todos los caracteres "{" de este bloque y de que ninguno de los caracteres "}" se interpreta como marcado.

16/06/2020 09:49:46: [Método: Boolean EndInvokeAction(System.IAsyncResult), Línea: 0] - El bloque código no tiene un carácter "}" de cierre. Asegúrese de tener un carácter "}" correspondiente para todos los caracteres "{" de este bloque y de que ninguno de los caracteres "}" se interpreta como marcado.

16/06/2020 09:49:46: [Método: Void <BeginExecuteCore>b__1d(System.IAsyncResult, ExecuteCoreState), Línea: 0] - El bloque código no tiene un carácter "}" de cierre. Asegúrese de tener un carácter "}" correspondiente para todos los caracteres "{" de este bloque y de que ninguno de los caracteres "}" se interpreta como marcado.

16/06/2020 09:49:46: [Método: System.Web.Mvc.Async.AsyncVoid CallEndDelegate(System.IAsyncResult), Línea: 0] - El bloque código no tiene un carácter "}" de cierre. Asegúrese de tener un carácter "}" correspondiente para todos los caracteres "{" de este bloque y de que ninguno de los caracteres "}" se interpreta como marcado.

16/06/2020 09:49:46: [Método: TResult End(), Línea: 0] - El bloque código no tiene un carácter "}" de cierre. Asegúrese de tener un carácter "}" correspondiente para todos los caracteres "{" de este bloque y de que ninguno de los caracteres "}" se interpreta como marcado.

16/06/2020 09:49:46: [Método: Void EndExecuteCore(System.IAsyncResult), Línea: 0] - El bloque código no tiene un carácter "}" de cierre. Asegúrese de tener un carácter "}" correspondiente para todos los caracteres "{" de este bloque y de que ninguno de los caracteres "}" se interpreta como marcado.

16/06/2020 09:49:46: [Método: Void <BeginExecute>b__15(System.IAsyncResult, System.Web.Mvc.Controller), Línea: 0] - El bloque código no tiene un carácter "}" de cierre. Asegúrese de tener un carácter "}" correspondiente para todos los caracteres "{" de este bloque y de que ninguno de los caracteres "}" se interpreta como marcado.

16/06/2020 09:49:46: [Método: System.Web.Mvc.Async.AsyncVoid CallEndDelegate(System.IAsyncResult), Línea: 0] - El bloque código no tiene un carácter "}" de cierre. Asegúrese de tener un carácter "}" correspondiente para todos los caracteres "{" de este bloque y de que ninguno de los caracteres "}" se interpreta como marcado.

16/06/2020 09:49:46: [Método: TResult End(), Línea: 0] - El bloque código no tiene un carácter "}" de cierre. Asegúrese de tener un carácter "}" correspondiente para todos los caracteres "{" de este bloque y de que ninguno de los caracteres "}" se interpreta como marcado.

16/06/2020 09:49:46: [Método: Void EndExecute(System.IAsyncResult), Línea: 0] - El bloque código no tiene un carácter "}" de cierre. Asegúrese de tener un carácter "}" correspondiente para todos los caracteres "{" de este bloque y de que ninguno de los caracteres "}" se interpreta como marcado.

16/06/2020 09:49:46: [Método: Void System.Web.Mvc.Async.IAsyncController.EndExecute(System.IAsyncResult), Línea: 0] - El bloque código no tiene un carácter "}" de cierre. Asegúrese de tener un carácter "}" correspondiente para todos los caracteres "{" de este bloque y de que ninguno de los caracteres "}" se interpreta como marcado.

16/06/2020 09:49:46: [Método: Void <BeginProcessRequest>b__5(System.IAsyncResult, ProcessRequestState), Línea: 0] - El bloque código no tiene un carácter "}" de cierre. Asegúrese de tener un carácter "}" correspondiente para todos los caracteres "{" de este bloque y de que ninguno de los caracteres "}" se interpreta como marcado.

16/06/2020 09:49:46: [Método: System.Web.Mvc.Async.AsyncVoid CallEndDelegate(System.IAsyncResult), Línea: 0] - El bloque código no tiene un carácter "}" de cierre. Asegúrese de tener un carácter "}" correspondiente para todos los caracteres "{" de este bloque y de que ninguno de los caracteres "}" se interpreta como marcado.

16/06/2020 09:49:46: [Método: TResult End(), Línea: 0] - El bloque código no tiene un carácter "}" de cierre. Asegúrese de tener un carácter "}" correspondiente para todos los caracteres "{" de este bloque y de que ninguno de los caracteres "}" se interpreta como marcado.

16/06/2020 09:49:46: [Método: Void EndProcessRequest(System.IAsyncResult), Línea: 0] - El bloque código no tiene un carácter "}" de cierre. Asegúrese de tener un carácter "}" correspondiente para todos los caracteres "{" de este bloque y de que ninguno de los caracteres "}" se interpreta como marcado.

16/06/2020 09:49:46: [Método: Void System.Web.IHttpAsyncHandler.EndProcessRequest(System.IAsyncResult), Línea: 0] - El bloque código no tiene un carácter "}" de cierre. Asegúrese de tener un carácter "}" correspondiente para todos los caracteres "{" de este bloque y de que ninguno de los caracteres "}" se interpreta como marcado.

16/06/2020 09:49:46: [Método: Void System.Web.HttpApplication.IExecutionStep.Execute(), Línea: 0] - El bloque código no tiene un carácter "}" de cierre. Asegúrese de tener un carácter "}" correspondiente para todos los caracteres "{" de este bloque y de que ninguno de los caracteres "}" se interpreta como marcado.

16/06/2020 09:49:46: [Método: Void ExecuteStepImpl(IExecutionStep), Línea: 0] - El bloque código no tiene un carácter "}" de cierre. Asegúrese de tener un carácter "}" correspondiente para todos los caracteres "{" de este bloque y de que ninguno de los caracteres "}" se interpreta como marcado.

16/06/2020 09:49:46: [Método: System.Exception ExecuteStep(IExecutionStep, Boolean ByRef), Línea: 0] - El bloque código no tiene un carácter "}" de cierre. Asegúrese de tener un carácter "}" correspondiente para todos los caracteres "{" de este bloque y de que ninguno de los caracteres "}" se interpreta como marcado.

16/06/2020 10:00:48: [Método: Void EnsureGeneratedCode(), Línea: 0] - El bloque código no tiene un carácter "}" de cierre. Asegúrese de tener un carácter "}" correspondiente para todos los caracteres "{" de este bloque y de que ninguno de los caracteres "}" se interpreta como marcado.

16/06/2020 10:00:48: [Método: System.Web.Compilation.CompilerType get_CodeCompilerType(), Línea: 0] - El bloque código no tiene un carácter "}" de cierre. Asegúrese de tener un carácter "}" correspondiente para todos los caracteres "{" de este bloque y de que ninguno de los caracteres "}" se interpreta como marcado.

16/06/2020 10:00:48: [Método: System.Web.Compilation.CompilerType GetCompilerTypeFromBuildProvider(System.Web.Compilation.BuildProvider), Línea: 0] - El bloque código no tiene un carácter "}" de cierre. Asegúrese de tener un carácter "}" correspondiente para todos los caracteres "{" de este bloque y de que ninguno de los caracteres "}" se interpreta como marcado.

16/06/2020 10:00:48: [Método: Void ProcessBuildProviders(), Línea: 0] - El bloque código no tiene un carácter "}" de cierre. Asegúrese de tener un carácter "}" correspondiente para todos los caracteres "{" de este bloque y de que ninguno de los caracteres "}" se interpreta como marcado.

16/06/2020 10:00:48: [Método: System.CodeDom.Compiler.CompilerResults PerformBuild(), Línea: 0] - El bloque código no tiene un carácter "}" de cierre. Asegúrese de tener un carácter "}" correspondiente para todos los caracteres "{" de este bloque y de que ninguno de los caracteres "}" se interpreta como marcado.

16/06/2020 10:00:48: [Método: System.Web.Compilation.BuildResult CompileWebFile(System.Web.VirtualPath), Línea: 0] - El bloque código no tiene un carácter "}" de cierre. Asegúrese de tener un carácter "}" correspondiente para todos los caracteres "{" de este bloque y de que ninguno de los caracteres "}" se interpreta como marcado.

16/06/2020 10:00:48: [Método: System.Web.Compilation.BuildResult GetVPathBuildResultInternal(System.Web.VirtualPath, Boolean, Boolean, Boolean, Boolean, Boolean), Línea: 0] - El bloque código no tiene un carácter "}" de cierre. Asegúrese de tener un carácter "}" correspondiente para todos los caracteres "{" de este bloque y de que ninguno de los caracteres "}" se interpreta como marcado.

16/06/2020 10:00:48: [Método: System.Web.Compilation.BuildResult GetVPathBuildResultWithNoAssert(System.Web.HttpContext, System.Web.VirtualPath, Boolean, Boolean, Boolean, Boolean, Boolean), Línea: 0] - El bloque código no tiene un carácter "}" de cierre. Asegúrese de tener un carácter "}" correspondiente para todos los caracteres "{" de este bloque y de que ninguno de los caracteres "}" se interpreta como marcado.

16/06/2020 10:00:48: [Método: System.Web.Util.ITypedWebObjectFactory GetVirtualPathObjectFactory(System.Web.VirtualPath, System.Web.HttpContext, Boolean, Boolean), Línea: 0] - El bloque código no tiene un carácter "}" de cierre. Asegúrese de tener un carácter "}" correspondiente para todos los caracteres "{" de este bloque y de que ninguno de los caracteres "}" se interpreta como marcado.

16/06/2020 10:00:48: [Método: System.Type GetCompiledType(System.Web.VirtualPath), Línea: 0] - El bloque código no tiene un carácter "}" de cierre. Asegúrese de tener un carácter "}" correspondiente para todos los caracteres "{" de este bloque y de que ninguno de los caracteres "}" se interpreta como marcado.

16/06/2020 10:00:48: [Método: System.Type GetCompiledType(System.String), Línea: 0] - El bloque código no tiene un carácter "}" de cierre. Asegúrese de tener un carácter "}" correspondiente para todos los caracteres "{" de este bloque y de que ninguno de los caracteres "}" se interpreta como marcado.

16/06/2020 10:00:48: [Método: System.Type System.Web.Mvc.IBuildManager.GetCompiledType(System.String), Línea: 0] - El bloque código no tiene un carácter "}" de cierre. Asegúrese de tener un carácter "}" correspondiente para todos los caracteres "{" de este bloque y de que ninguno de los caracteres "}" se interpreta como marcado.

16/06/2020 10:00:48: [Método: Void Render(System.Web.Mvc.ViewContext, System.IO.TextWriter), Línea: 0] - El bloque código no tiene un carácter "}" de cierre. Asegúrese de tener un carácter "}" correspondiente para todos los caracteres "{" de este bloque y de que ninguno de los caracteres "}" se interpreta como marcado.

16/06/2020 10:00:48: [Método: Void ExecuteResult(System.Web.Mvc.ControllerContext), Línea: 0] - El bloque código no tiene un carácter "}" de cierre. Asegúrese de tener un carácter "}" correspondiente para todos los caracteres "{" de este bloque y de que ninguno de los caracteres "}" se interpreta como marcado.

16/06/2020 10:00:48: [Método: Void InvokeActionResult(System.Web.Mvc.ControllerContext, System.Web.Mvc.ActionResult), Línea: 0] - El bloque código no tiene un carácter "}" de cierre. Asegúrese de tener un carácter "}" correspondiente para todos los caracteres "{" de este bloque y de que ninguno de los caracteres "}" se interpreta como marcado.

16/06/2020 10:00:48: [Método: System.Web.Mvc.ResultExecutedContext InvokeActionResultFilterRecursive(System.Collections.Generic.IList`1[System.Web.Mvc.IResultFilter], Int32, System.Web.Mvc.ResultExecutingContext, System.Web.Mvc.ControllerContext, System.Web.Mvc.ActionResult), Línea: 0] - El bloque código no tiene un carácter "}" de cierre. Asegúrese de tener un carácter "}" correspondiente para todos los caracteres "{" de este bloque y de que ninguno de los caracteres "}" se interpreta como marcado.

16/06/2020 10:00:48: [Método: System.Web.Mvc.ResultExecutedContext InvokeActionResultFilterRecursive(System.Collections.Generic.IList`1[System.Web.Mvc.IResultFilter], Int32, System.Web.Mvc.ResultExecutingContext, System.Web.Mvc.ControllerContext, System.Web.Mvc.ActionResult), Línea: 0] - El bloque código no tiene un carácter "}" de cierre. Asegúrese de tener un carácter "}" correspondiente para todos los caracteres "{" de este bloque y de que ninguno de los caracteres "}" se interpreta como marcado.

16/06/2020 10:00:48: [Método: System.Web.Mvc.ResultExecutedContext InvokeActionResultFilterRecursive(System.Collections.Generic.IList`1[System.Web.Mvc.IResultFilter], Int32, System.Web.Mvc.ResultExecutingContext, System.Web.Mvc.ControllerContext, System.Web.Mvc.ActionResult), Línea: 0] - El bloque código no tiene un carácter "}" de cierre. Asegúrese de tener un carácter "}" correspondiente para todos los caracteres "{" de este bloque y de que ninguno de los caracteres "}" se interpreta como marcado.

16/06/2020 10:00:48: [Método: System.Web.Mvc.ResultExecutedContext InvokeActionResultWithFilters(System.Web.Mvc.ControllerContext, System.Collections.Generic.IList`1[System.Web.Mvc.IResultFilter], System.Web.Mvc.ActionResult), Línea: 0] - El bloque código no tiene un carácter "}" de cierre. Asegúrese de tener un carácter "}" correspondiente para todos los caracteres "{" de este bloque y de que ninguno de los caracteres "}" se interpreta como marcado.

16/06/2020 10:00:48: [Método: Void <BeginInvokeAction>b__1c(), Línea: 0] - El bloque código no tiene un carácter "}" de cierre. Asegúrese de tener un carácter "}" correspondiente para todos los caracteres "{" de este bloque y de que ninguno de los caracteres "}" se interpreta como marcado.

16/06/2020 10:00:48: [Método: Boolean <BeginInvokeAction>b__1e(System.IAsyncResult), Línea: 0] - El bloque código no tiene un carácter "}" de cierre. Asegúrese de tener un carácter "}" correspondiente para todos los caracteres "{" de este bloque y de que ninguno de los caracteres "}" se interpreta como marcado.

16/06/2020 10:00:48: [Método: TResult CallEndDelegate(System.IAsyncResult), Línea: 0] - El bloque código no tiene un carácter "}" de cierre. Asegúrese de tener un carácter "}" correspondiente para todos los caracteres "{" de este bloque y de que ninguno de los caracteres "}" se interpreta como marcado.

16/06/2020 10:00:48: [Método: TResult End(), Línea: 0] - El bloque código no tiene un carácter "}" de cierre. Asegúrese de tener un carácter "}" correspondiente para todos los caracteres "{" de este bloque y de que ninguno de los caracteres "}" se interpreta como marcado.

16/06/2020 10:00:48: [Método: Boolean EndInvokeAction(System.IAsyncResult), Línea: 0] - El bloque código no tiene un carácter "}" de cierre. Asegúrese de tener un carácter "}" correspondiente para todos los caracteres "{" de este bloque y de que ninguno de los caracteres "}" se interpreta como marcado.

16/06/2020 10:00:48: [Método: Void <BeginExecuteCore>b__1d(System.IAsyncResult, ExecuteCoreState), Línea: 0] - El bloque código no tiene un carácter "}" de cierre. Asegúrese de tener un carácter "}" correspondiente para todos los caracteres "{" de este bloque y de que ninguno de los caracteres "}" se interpreta como marcado.

16/06/2020 10:00:48: [Método: System.Web.Mvc.Async.AsyncVoid CallEndDelegate(System.IAsyncResult), Línea: 0] - El bloque código no tiene un carácter "}" de cierre. Asegúrese de tener un carácter "}" correspondiente para todos los caracteres "{" de este bloque y de que ninguno de los caracteres "}" se interpreta como marcado.

16/06/2020 10:00:48: [Método: TResult End(), Línea: 0] - El bloque código no tiene un carácter "}" de cierre. Asegúrese de tener un carácter "}" correspondiente para todos los caracteres "{" de este bloque y de que ninguno de los caracteres "}" se interpreta como marcado.

16/06/2020 10:00:48: [Método: Void EndExecuteCore(System.IAsyncResult), Línea: 0] - El bloque código no tiene un carácter "}" de cierre. Asegúrese de tener un carácter "}" correspondiente para todos los caracteres "{" de este bloque y de que ninguno de los caracteres "}" se interpreta como marcado.

16/06/2020 10:00:48: [Método: Void <BeginExecute>b__15(System.IAsyncResult, System.Web.Mvc.Controller), Línea: 0] - El bloque código no tiene un carácter "}" de cierre. Asegúrese de tener un carácter "}" correspondiente para todos los caracteres "{" de este bloque y de que ninguno de los caracteres "}" se interpreta como marcado.

16/06/2020 10:00:48: [Método: System.Web.Mvc.Async.AsyncVoid CallEndDelegate(System.IAsyncResult), Línea: 0] - El bloque código no tiene un carácter "}" de cierre. Asegúrese de tener un carácter "}" correspondiente para todos los caracteres "{" de este bloque y de que ninguno de los caracteres "}" se interpreta como marcado.

16/06/2020 10:00:48: [Método: TResult End(), Línea: 0] - El bloque código no tiene un carácter "}" de cierre. Asegúrese de tener un carácter "}" correspondiente para todos los caracteres "{" de este bloque y de que ninguno de los caracteres "}" se interpreta como marcado.

16/06/2020 10:00:48: [Método: Void EndExecute(System.IAsyncResult), Línea: 0] - El bloque código no tiene un carácter "}" de cierre. Asegúrese de tener un carácter "}" correspondiente para todos los caracteres "{" de este bloque y de que ninguno de los caracteres "}" se interpreta como marcado.

16/06/2020 10:00:48: [Método: Void System.Web.Mvc.Async.IAsyncController.EndExecute(System.IAsyncResult), Línea: 0] - El bloque código no tiene un carácter "}" de cierre. Asegúrese de tener un carácter "}" correspondiente para todos los caracteres "{" de este bloque y de que ninguno de los caracteres "}" se interpreta como marcado.

16/06/2020 10:00:48: [Método: Void <BeginProcessRequest>b__5(System.IAsyncResult, ProcessRequestState), Línea: 0] - El bloque código no tiene un carácter "}" de cierre. Asegúrese de tener un carácter "}" correspondiente para todos los caracteres "{" de este bloque y de que ninguno de los caracteres "}" se interpreta como marcado.

16/06/2020 10:00:48: [Método: System.Web.Mvc.Async.AsyncVoid CallEndDelegate(System.IAsyncResult), Línea: 0] - El bloque código no tiene un carácter "}" de cierre. Asegúrese de tener un carácter "}" correspondiente para todos los caracteres "{" de este bloque y de que ninguno de los caracteres "}" se interpreta como marcado.

16/06/2020 10:00:48: [Método: TResult End(), Línea: 0] - El bloque código no tiene un carácter "}" de cierre. Asegúrese de tener un carácter "}" correspondiente para todos los caracteres "{" de este bloque y de que ninguno de los caracteres "}" se interpreta como marcado.

16/06/2020 10:00:48: [Método: Void EndProcessRequest(System.IAsyncResult), Línea: 0] - El bloque código no tiene un carácter "}" de cierre. Asegúrese de tener un carácter "}" correspondiente para todos los caracteres "{" de este bloque y de que ninguno de los caracteres "}" se interpreta como marcado.

16/06/2020 10:00:48: [Método: Void System.Web.IHttpAsyncHandler.EndProcessRequest(System.IAsyncResult), Línea: 0] - El bloque código no tiene un carácter "}" de cierre. Asegúrese de tener un carácter "}" correspondiente para todos los caracteres "{" de este bloque y de que ninguno de los caracteres "}" se interpreta como marcado.

16/06/2020 10:00:48: [Método: Void System.Web.HttpApplication.IExecutionStep.Execute(), Línea: 0] - El bloque código no tiene un carácter "}" de cierre. Asegúrese de tener un carácter "}" correspondiente para todos los caracteres "{" de este bloque y de que ninguno de los caracteres "}" se interpreta como marcado.

16/06/2020 10:00:48: [Método: Void ExecuteStepImpl(IExecutionStep), Línea: 0] - El bloque código no tiene un carácter "}" de cierre. Asegúrese de tener un carácter "}" correspondiente para todos los caracteres "{" de este bloque y de que ninguno de los caracteres "}" se interpreta como marcado.

16/06/2020 10:00:48: [Método: System.Exception ExecuteStep(IExecutionStep, Boolean ByRef), Línea: 0] - El bloque código no tiene un carácter "}" de cierre. Asegúrese de tener un carácter "}" correspondiente para todos los caracteres "{" de este bloque y de que ninguno de los caracteres "}" se interpreta como marcado.

16/06/2020 10:06:31: [Método: Void HandleErrorHelper(Int32, Oracle.DataAccess.Client.OracleConnection, IntPtr, Oracle.DataAccess.Client.OpoSqlValCtx*, System.Object, System.String, Boolean, Int32, Oracle.DataAccess.Client.OracleLogicalTransaction), Línea: 0] - ORA-00936: falta una expresión
ORA-06512: en "MRVMM.PKG_MRV_DETALLE_INDICADORES", línea 1166
ORA-06512: en línea 1
16/06/2020 10:06:31: [Método: Void HandleError(Int32, Oracle.DataAccess.Client.OracleConnection, System.String, IntPtr, Oracle.DataAccess.Client.OpoSqlValCtx*, System.Object, Boolean, Oracle.DataAccess.Client.OracleLogicalTransaction), Línea: 0] - ORA-00936: falta una expresión
ORA-06512: en "MRVMM.PKG_MRV_DETALLE_INDICADORES", línea 1166
ORA-06512: en línea 1
16/06/2020 10:06:31: [Método: Int32 ExecuteNonQuery(), Línea: 0] - ORA-00936: falta una expresión
ORA-06512: en "MRVMM.PKG_MRV_DETALLE_INDICADORES", línea 1166
ORA-06512: en línea 1
16/06/2020 10:06:31: [Método: Int32 ExecuteCommand(System.Data.IDbConnection, Dapper.CommandDefinition ByRef, System.Action`2[System.Data.IDbCommand,System.Object]), Línea: 0] - ORA-00936: falta una expresión
ORA-06512: en "MRVMM.PKG_MRV_DETALLE_INDICADORES", línea 1166
ORA-06512: en línea 1
16/06/2020 10:06:31: [Método: Int32 ExecuteImpl(System.Data.IDbConnection, Dapper.CommandDefinition ByRef), Línea: 0] - ORA-00936: falta una expresión
ORA-06512: en "MRVMM.PKG_MRV_DETALLE_INDICADORES", línea 1166
ORA-06512: en línea 1
16/06/2020 10:06:31: [Método: Int32 Execute(System.Data.IDbConnection, System.String, System.Object, System.Data.IDbTransaction, System.Nullable`1[System.Int32], System.Nullable`1[System.Data.CommandType]), Línea: 0] - ORA-00936: falta una expresión
ORA-06512: en "MRVMM.PKG_MRV_DETALLE_INDICADORES", línea 1166
ORA-06512: en línea 1
16/06/2020 10:06:31: [Método: entidad.minem.gob.pe.IniciativaBE EliminarIndicadoresFile(entidad.minem.gob.pe.IniciativaBE), Línea: 652] - ORA-00936: falta una expresión
ORA-06512: en "MRVMM.PKG_MRV_DETALLE_INDICADORES", línea 1166
ORA-06512: en línea 1
16/06/2020 10:06:55: [Método: Void HandleErrorHelper(Int32, Oracle.DataAccess.Client.OracleConnection, IntPtr, Oracle.DataAccess.Client.OpoSqlValCtx*, System.Object, System.String, Boolean, Int32, Oracle.DataAccess.Client.OracleLogicalTransaction), Línea: 0] - ORA-00936: falta una expresión
ORA-06512: en "MRVMM.PKG_MRV_DETALLE_INDICADORES", línea 1166
ORA-06512: en línea 1
16/06/2020 10:06:55: [Método: Void HandleError(Int32, Oracle.DataAccess.Client.OracleConnection, System.String, IntPtr, Oracle.DataAccess.Client.OpoSqlValCtx*, System.Object, Boolean, Oracle.DataAccess.Client.OracleLogicalTransaction), Línea: 0] - ORA-00936: falta una expresión
ORA-06512: en "MRVMM.PKG_MRV_DETALLE_INDICADORES", línea 1166
ORA-06512: en línea 1
16/06/2020 10:06:55: [Método: Int32 ExecuteNonQuery(), Línea: 0] - ORA-00936: falta una expresión
ORA-06512: en "MRVMM.PKG_MRV_DETALLE_INDICADORES", línea 1166
ORA-06512: en línea 1
16/06/2020 10:06:55: [Método: Int32 ExecuteCommand(System.Data.IDbConnection, Dapper.CommandDefinition ByRef, System.Action`2[System.Data.IDbCommand,System.Object]), Línea: 0] - ORA-00936: falta una expresión
ORA-06512: en "MRVMM.PKG_MRV_DETALLE_INDICADORES", línea 1166
ORA-06512: en línea 1
16/06/2020 10:06:55: [Método: Int32 ExecuteImpl(System.Data.IDbConnection, Dapper.CommandDefinition ByRef), Línea: 0] - ORA-00936: falta una expresión
ORA-06512: en "MRVMM.PKG_MRV_DETALLE_INDICADORES", línea 1166
ORA-06512: en línea 1
16/06/2020 10:06:55: [Método: Int32 Execute(System.Data.IDbConnection, System.String, System.Object, System.Data.IDbTransaction, System.Nullable`1[System.Int32], System.Nullable`1[System.Data.CommandType]), Línea: 0] - ORA-00936: falta una expresión
ORA-06512: en "MRVMM.PKG_MRV_DETALLE_INDICADORES", línea 1166
ORA-06512: en línea 1
16/06/2020 10:06:55: [Método: entidad.minem.gob.pe.IniciativaBE EliminarIndicadoresFile(entidad.minem.gob.pe.IniciativaBE), Línea: 652] - ORA-00936: falta una expresión
ORA-06512: en "MRVMM.PKG_MRV_DETALLE_INDICADORES", línea 1166
ORA-06512: en línea 1
16/06/2020 10:07:39: [Método: Void HandleErrorHelper(Int32, Oracle.DataAccess.Client.OracleConnection, IntPtr, Oracle.DataAccess.Client.OpoSqlValCtx*, System.Object, System.String, Boolean, Int32, Oracle.DataAccess.Client.OracleLogicalTransaction), Línea: 0] - ORA-00936: falta una expresión
ORA-06512: en "MRVMM.PKG_MRV_DETALLE_INDICADORES", línea 1166
ORA-06512: en línea 1
16/06/2020 10:07:39: [Método: Void HandleError(Int32, Oracle.DataAccess.Client.OracleConnection, System.String, IntPtr, Oracle.DataAccess.Client.OpoSqlValCtx*, System.Object, Boolean, Oracle.DataAccess.Client.OracleLogicalTransaction), Línea: 0] - ORA-00936: falta una expresión
ORA-06512: en "MRVMM.PKG_MRV_DETALLE_INDICADORES", línea 1166
ORA-06512: en línea 1
16/06/2020 10:07:39: [Método: Int32 ExecuteNonQuery(), Línea: 0] - ORA-00936: falta una expresión
ORA-06512: en "MRVMM.PKG_MRV_DETALLE_INDICADORES", línea 1166
ORA-06512: en línea 1
16/06/2020 10:07:39: [Método: Int32 ExecuteCommand(System.Data.IDbConnection, Dapper.CommandDefinition ByRef, System.Action`2[System.Data.IDbCommand,System.Object]), Línea: 0] - ORA-00936: falta una expresión
ORA-06512: en "MRVMM.PKG_MRV_DETALLE_INDICADORES", línea 1166
ORA-06512: en línea 1
16/06/2020 10:07:39: [Método: Int32 ExecuteImpl(System.Data.IDbConnection, Dapper.CommandDefinition ByRef), Línea: 0] - ORA-00936: falta una expresión
ORA-06512: en "MRVMM.PKG_MRV_DETALLE_INDICADORES", línea 1166
ORA-06512: en línea 1
16/06/2020 10:07:39: [Método: Int32 Execute(System.Data.IDbConnection, System.String, System.Object, System.Data.IDbTransaction, System.Nullable`1[System.Int32], System.Nullable`1[System.Data.CommandType]), Línea: 0] - ORA-00936: falta una expresión
ORA-06512: en "MRVMM.PKG_MRV_DETALLE_INDICADORES", línea 1166
ORA-06512: en línea 1
16/06/2020 10:07:39: [Método: entidad.minem.gob.pe.IniciativaBE EliminarIndicadoresFile(entidad.minem.gob.pe.IniciativaBE), Línea: 652] - ORA-00936: falta una expresión
ORA-06512: en "MRVMM.PKG_MRV_DETALLE_INDICADORES", línea 1166
ORA-06512: en línea 1
16/06/2020 10:08:54: [Método: Void HandleErrorHelper(Int32, Oracle.DataAccess.Client.OracleConnection, IntPtr, Oracle.DataAccess.Client.OpoSqlValCtx*, System.Object, System.String, Boolean, Int32, Oracle.DataAccess.Client.OracleLogicalTransaction), Línea: 0] - ORA-00936: falta una expresión
ORA-06512: en "MRVMM.PKG_MRV_DETALLE_INDICADORES", línea 1166
ORA-06512: en línea 1
16/06/2020 10:08:54: [Método: Void HandleError(Int32, Oracle.DataAccess.Client.OracleConnection, System.String, IntPtr, Oracle.DataAccess.Client.OpoSqlValCtx*, System.Object, Boolean, Oracle.DataAccess.Client.OracleLogicalTransaction), Línea: 0] - ORA-00936: falta una expresión
ORA-06512: en "MRVMM.PKG_MRV_DETALLE_INDICADORES", línea 1166
ORA-06512: en línea 1
16/06/2020 10:08:54: [Método: Int32 ExecuteNonQuery(), Línea: 0] - ORA-00936: falta una expresión
ORA-06512: en "MRVMM.PKG_MRV_DETALLE_INDICADORES", línea 1166
ORA-06512: en línea 1
16/06/2020 10:08:54: [Método: Int32 ExecuteCommand(System.Data.IDbConnection, Dapper.CommandDefinition ByRef, System.Action`2[System.Data.IDbCommand,System.Object]), Línea: 0] - ORA-00936: falta una expresión
ORA-06512: en "MRVMM.PKG_MRV_DETALLE_INDICADORES", línea 1166
ORA-06512: en línea 1
16/06/2020 10:08:54: [Método: Int32 ExecuteImpl(System.Data.IDbConnection, Dapper.CommandDefinition ByRef), Línea: 0] - ORA-00936: falta una expresión
ORA-06512: en "MRVMM.PKG_MRV_DETALLE_INDICADORES", línea 1166
ORA-06512: en línea 1
16/06/2020 10:08:54: [Método: Int32 Execute(System.Data.IDbConnection, System.String, System.Object, System.Data.IDbTransaction, System.Nullable`1[System.Int32], System.Nullable`1[System.Data.CommandType]), Línea: 0] - ORA-00936: falta una expresión
ORA-06512: en "MRVMM.PKG_MRV_DETALLE_INDICADORES", línea 1166
ORA-06512: en línea 1
16/06/2020 10:08:54: [Método: entidad.minem.gob.pe.IniciativaBE EliminarIndicadoresFile(entidad.minem.gob.pe.IniciativaBE), Línea: 652] - ORA-00936: falta una expresión
ORA-06512: en "MRVMM.PKG_MRV_DETALLE_INDICADORES", línea 1166
ORA-06512: en línea 1
16/06/2020 10:18:10: [Método: Void HandleErrorHelper(Int32, Oracle.DataAccess.Client.OracleConnection, IntPtr, Oracle.DataAccess.Client.OpoSqlValCtx*, System.Object, System.String, Boolean, Int32, Oracle.DataAccess.Client.OracleLogicalTransaction), Línea: 0] - ORA-00936: falta una expresión
ORA-06512: en "MRVMM.PKG_MRV_DETALLE_INDICADORES", línea 1166
ORA-06512: en línea 1
16/06/2020 10:18:10: [Método: Void HandleError(Int32, Oracle.DataAccess.Client.OracleConnection, System.String, IntPtr, Oracle.DataAccess.Client.OpoSqlValCtx*, System.Object, Boolean, Oracle.DataAccess.Client.OracleLogicalTransaction), Línea: 0] - ORA-00936: falta una expresión
ORA-06512: en "MRVMM.PKG_MRV_DETALLE_INDICADORES", línea 1166
ORA-06512: en línea 1
16/06/2020 10:18:10: [Método: Int32 ExecuteNonQuery(), Línea: 0] - ORA-00936: falta una expresión
ORA-06512: en "MRVMM.PKG_MRV_DETALLE_INDICADORES", línea 1166
ORA-06512: en línea 1
16/06/2020 10:18:10: [Método: Int32 ExecuteCommand(System.Data.IDbConnection, Dapper.CommandDefinition ByRef, System.Action`2[System.Data.IDbCommand,System.Object]), Línea: 0] - ORA-00936: falta una expresión
ORA-06512: en "MRVMM.PKG_MRV_DETALLE_INDICADORES", línea 1166
ORA-06512: en línea 1
16/06/2020 10:18:10: [Método: Int32 ExecuteImpl(System.Data.IDbConnection, Dapper.CommandDefinition ByRef), Línea: 0] - ORA-00936: falta una expresión
ORA-06512: en "MRVMM.PKG_MRV_DETALLE_INDICADORES", línea 1166
ORA-06512: en línea 1
16/06/2020 10:18:10: [Método: Int32 Execute(System.Data.IDbConnection, System.String, System.Object, System.Data.IDbTransaction, System.Nullable`1[System.Int32], System.Nullable`1[System.Data.CommandType]), Línea: 0] - ORA-00936: falta una expresión
ORA-06512: en "MRVMM.PKG_MRV_DETALLE_INDICADORES", línea 1166
ORA-06512: en línea 1
16/06/2020 10:18:10: [Método: entidad.minem.gob.pe.IniciativaBE EliminarIndicadoresFile(entidad.minem.gob.pe.IniciativaBE), Línea: 652] - ORA-00936: falta una expresión
ORA-06512: en "MRVMM.PKG_MRV_DETALLE_INDICADORES", línea 1166
ORA-06512: en línea 1
16/06/2020 10:20:17: [Método: Void HandleErrorHelper(Int32, Oracle.DataAccess.Client.OracleConnection, IntPtr, Oracle.DataAccess.Client.OpoSqlValCtx*, System.Object, System.String, Boolean, Int32, Oracle.DataAccess.Client.OracleLogicalTransaction), Línea: 0] - ORA-00936: falta una expresión
ORA-06512: en "MRVMM.PKG_MRV_DETALLE_INDICADORES", línea 1166
ORA-06512: en línea 1
16/06/2020 10:20:17: [Método: Void HandleError(Int32, Oracle.DataAccess.Client.OracleConnection, System.String, IntPtr, Oracle.DataAccess.Client.OpoSqlValCtx*, System.Object, Boolean, Oracle.DataAccess.Client.OracleLogicalTransaction), Línea: 0] - ORA-00936: falta una expresión
ORA-06512: en "MRVMM.PKG_MRV_DETALLE_INDICADORES", línea 1166
ORA-06512: en línea 1
16/06/2020 10:20:17: [Método: Int32 ExecuteNonQuery(), Línea: 0] - ORA-00936: falta una expresión
ORA-06512: en "MRVMM.PKG_MRV_DETALLE_INDICADORES", línea 1166
ORA-06512: en línea 1
16/06/2020 10:20:17: [Método: Int32 ExecuteCommand(System.Data.IDbConnection, Dapper.CommandDefinition ByRef, System.Action`2[System.Data.IDbCommand,System.Object]), Línea: 0] - ORA-00936: falta una expresión
ORA-06512: en "MRVMM.PKG_MRV_DETALLE_INDICADORES", línea 1166
ORA-06512: en línea 1
16/06/2020 10:20:17: [Método: Int32 ExecuteImpl(System.Data.IDbConnection, Dapper.CommandDefinition ByRef), Línea: 0] - ORA-00936: falta una expresión
ORA-06512: en "MRVMM.PKG_MRV_DETALLE_INDICADORES", línea 1166
ORA-06512: en línea 1
16/06/2020 10:20:17: [Método: Int32 Execute(System.Data.IDbConnection, System.String, System.Object, System.Data.IDbTransaction, System.Nullable`1[System.Int32], System.Nullable`1[System.Data.CommandType]), Línea: 0] - ORA-00936: falta una expresión
ORA-06512: en "MRVMM.PKG_MRV_DETALLE_INDICADORES", línea 1166
ORA-06512: en línea 1
16/06/2020 10:20:17: [Método: entidad.minem.gob.pe.IniciativaBE EliminarIndicadoresFile(entidad.minem.gob.pe.IniciativaBE), Línea: 652] - ORA-00936: falta una expresión
ORA-06512: en "MRVMM.PKG_MRV_DETALLE_INDICADORES", línea 1166
ORA-06512: en línea 1
16/06/2020 10:35:43: [Método: Void HandleErrorHelper(Int32, Oracle.DataAccess.Client.OracleConnection, IntPtr, Oracle.DataAccess.Client.OpoSqlValCtx*, System.Object, System.String, Boolean, Int32, Oracle.DataAccess.Client.OracleLogicalTransaction), Línea: 0] - ORA-00936: falta una expresión
ORA-06512: en "MRVMM.PKG_MRV_DETALLE_INDICADORES", línea 1166
ORA-06512: en línea 1
16/06/2020 10:35:43: [Método: Void HandleError(Int32, Oracle.DataAccess.Client.OracleConnection, System.String, IntPtr, Oracle.DataAccess.Client.OpoSqlValCtx*, System.Object, Boolean, Oracle.DataAccess.Client.OracleLogicalTransaction), Línea: 0] - ORA-00936: falta una expresión
ORA-06512: en "MRVMM.PKG_MRV_DETALLE_INDICADORES", línea 1166
ORA-06512: en línea 1
16/06/2020 10:35:43: [Método: Int32 ExecuteNonQuery(), Línea: 0] - ORA-00936: falta una expresión
ORA-06512: en "MRVMM.PKG_MRV_DETALLE_INDICADORES", línea 1166
ORA-06512: en línea 1
16/06/2020 10:35:43: [Método: Int32 ExecuteCommand(System.Data.IDbConnection, Dapper.CommandDefinition ByRef, System.Action`2[System.Data.IDbCommand,System.Object]), Línea: 0] - ORA-00936: falta una expresión
ORA-06512: en "MRVMM.PKG_MRV_DETALLE_INDICADORES", línea 1166
ORA-06512: en línea 1
16/06/2020 10:35:43: [Método: Int32 ExecuteImpl(System.Data.IDbConnection, Dapper.CommandDefinition ByRef), Línea: 0] - ORA-00936: falta una expresión
ORA-06512: en "MRVMM.PKG_MRV_DETALLE_INDICADORES", línea 1166
ORA-06512: en línea 1
16/06/2020 10:35:43: [Método: Int32 Execute(System.Data.IDbConnection, System.String, System.Object, System.Data.IDbTransaction, System.Nullable`1[System.Int32], System.Nullable`1[System.Data.CommandType]), Línea: 0] - ORA-00936: falta una expresión
ORA-06512: en "MRVMM.PKG_MRV_DETALLE_INDICADORES", línea 1166
ORA-06512: en línea 1
16/06/2020 10:35:43: [Método: entidad.minem.gob.pe.IniciativaBE EliminarIndicadoresFile(entidad.minem.gob.pe.IniciativaBE), Línea: 652] - ORA-00936: falta una expresión
ORA-06512: en "MRVMM.PKG_MRV_DETALLE_INDICADORES", línea 1166
ORA-06512: en línea 1
16/06/2020 10:36:22: [Método: Void HandleErrorHelper(Int32, Oracle.DataAccess.Client.OracleConnection, IntPtr, Oracle.DataAccess.Client.OpoSqlValCtx*, System.Object, System.String, Boolean, Int32, Oracle.DataAccess.Client.OracleLogicalTransaction), Línea: 0] - ORA-00936: falta una expresión
ORA-06512: en "MRVMM.PKG_MRV_DETALLE_INDICADORES", línea 1166
ORA-06512: en línea 1
16/06/2020 10:36:22: [Método: Void HandleError(Int32, Oracle.DataAccess.Client.OracleConnection, System.String, IntPtr, Oracle.DataAccess.Client.OpoSqlValCtx*, System.Object, Boolean, Oracle.DataAccess.Client.OracleLogicalTransaction), Línea: 0] - ORA-00936: falta una expresión
ORA-06512: en "MRVMM.PKG_MRV_DETALLE_INDICADORES", línea 1166
ORA-06512: en línea 1
16/06/2020 10:36:22: [Método: Int32 ExecuteNonQuery(), Línea: 0] - ORA-00936: falta una expresión
ORA-06512: en "MRVMM.PKG_MRV_DETALLE_INDICADORES", línea 1166
ORA-06512: en línea 1
16/06/2020 10:36:22: [Método: Int32 ExecuteCommand(System.Data.IDbConnection, Dapper.CommandDefinition ByRef, System.Action`2[System.Data.IDbCommand,System.Object]), Línea: 0] - ORA-00936: falta una expresión
ORA-06512: en "MRVMM.PKG_MRV_DETALLE_INDICADORES", línea 1166
ORA-06512: en línea 1
16/06/2020 10:36:22: [Método: Int32 ExecuteImpl(System.Data.IDbConnection, Dapper.CommandDefinition ByRef), Línea: 0] - ORA-00936: falta una expresión
ORA-06512: en "MRVMM.PKG_MRV_DETALLE_INDICADORES", línea 1166
ORA-06512: en línea 1
16/06/2020 10:36:22: [Método: Int32 Execute(System.Data.IDbConnection, System.String, System.Object, System.Data.IDbTransaction, System.Nullable`1[System.Int32], System.Nullable`1[System.Data.CommandType]), Línea: 0] - ORA-00936: falta una expresión
ORA-06512: en "MRVMM.PKG_MRV_DETALLE_INDICADORES", línea 1166
ORA-06512: en línea 1
16/06/2020 10:36:22: [Método: entidad.minem.gob.pe.IniciativaBE EliminarIndicadoresFile(entidad.minem.gob.pe.IniciativaBE), Línea: 652] - ORA-00936: falta una expresión
ORA-06512: en "MRVMM.PKG_MRV_DETALLE_INDICADORES", línea 1166
ORA-06512: en línea 1
