28/10/2020 10:46:18: [Método: Void HandleErrorHelper(Int32, Oracle.DataAccess.Client.OracleConnection, IntPtr, Oracle.DataAccess.Client.OpoSqlValCtx*, System.Object, System.String, Boolean, Int32, Oracle.DataAccess.Client.OracleLogicalTransaction), Línea: 0] - ORA-12514: TNS:listener does not currently know of service requested in connect descriptor
28/10/2020 10:46:18: [Método: Void HandleError(Int32, Oracle.DataAccess.Client.OracleConnection, IntPtr, System.Object, Oracle.DataAccess.Client.OracleLogicalTransaction), Línea: 0] - ORA-12514: TNS:listener does not currently know of service requested in connect descriptor
28/10/2020 10:46:18: [Método: Void Open(Oracle.DataAccess.Client.OracleConnection), Línea: 0] - ORA-12514: TNS:listener does not currently know of service requested in connect descriptor
28/10/2020 10:46:18: [Método: Void Open(), Línea: 0] - ORA-12514: TNS:listener does not currently know of service requested in connect descriptor
28/10/2020 10:46:18: [Método: Boolean MoveNext(), Línea: 0] - ORA-12514: TNS:listener does not currently know of service requested in connect descriptor
28/10/2020 10:46:18: [Método: Void .ctor(System.Collections.Generic.IEnumerable`1[T]), Línea: 0] - ORA-12514: TNS:listener does not currently know of service requested in connect descriptor
28/10/2020 10:46:18: [Método: System.Collections.Generic.List`1[TSource] ToList[TSource](System.Collections.Generic.IEnumerable`1[TSource]), Línea: 0] - ORA-12514: TNS:listener does not currently know of service requested in connect descriptor
28/10/2020 10:46:18: [Método: System.Collections.Generic.IEnumerable`1[T] Query[T](System.Data.IDbConnection, System.String, System.Object, System.Data.IDbTransaction, Boolean, System.Nullable`1[System.Int32], System.Nullable`1[System.Data.CommandType]), Línea: 0] - ORA-12514: TNS:listener does not currently know of service requested in connect descriptor
28/10/2020 10:46:18: [Método: System.Collections.Generic.List`1[entidad.minem.gob.pe.MedidaMitigacionBE] ListarMedidaMitigacion(entidad.minem.gob.pe.MedidaMitigacionBE), Línea: 30] - ORA-12514: TNS:listener does not currently know of service requested in connect descriptor
28/10/2020 10:46:21: [Método: Void HandleErrorHelper(Int32, Oracle.DataAccess.Client.OracleConnection, IntPtr, Oracle.DataAccess.Client.OpoSqlValCtx*, System.Object, System.String, Boolean, Int32, Oracle.DataAccess.Client.OracleLogicalTransaction), Línea: 0] - ORA-12514: TNS:listener does not currently know of service requested in connect descriptor
28/10/2020 10:46:21: [Método: Void HandleError(Int32, Oracle.DataAccess.Client.OracleConnection, IntPtr, System.Object, Oracle.DataAccess.Client.OracleLogicalTransaction), Línea: 0] - ORA-12514: TNS:listener does not currently know of service requested in connect descriptor
28/10/2020 10:46:21: [Método: Void Open(Oracle.DataAccess.Client.OracleConnection), Línea: 0] - ORA-12514: TNS:listener does not currently know of service requested in connect descriptor
28/10/2020 10:46:21: [Método: Void Open(), Línea: 0] - ORA-12514: TNS:listener does not currently know of service requested in connect descriptor
28/10/2020 10:46:21: [Método: Boolean MoveNext(), Línea: 0] - ORA-12514: TNS:listener does not currently know of service requested in connect descriptor
28/10/2020 10:46:21: [Método: Void .ctor(System.Collections.Generic.IEnumerable`1[T]), Línea: 0] - ORA-12514: TNS:listener does not currently know of service requested in connect descriptor
28/10/2020 10:46:21: [Método: System.Collections.Generic.List`1[TSource] ToList[TSource](System.Collections.Generic.IEnumerable`1[TSource]), Línea: 0] - ORA-12514: TNS:listener does not currently know of service requested in connect descriptor
28/10/2020 10:46:21: [Método: System.Collections.Generic.IEnumerable`1[T] Query[T](System.Data.IDbConnection, System.String, System.Object, System.Data.IDbTransaction, Boolean, System.Nullable`1[System.Int32], System.Nullable`1[System.Data.CommandType]), Línea: 0] - ORA-12514: TNS:listener does not currently know of service requested in connect descriptor
28/10/2020 10:46:21: [Método: System.Collections.Generic.List`1[entidad.minem.gob.pe.IniciativaBE] MostrarGeiporAnio(entidad.minem.gob.pe.IniciativaBE), Línea: 1457] - ORA-12514: TNS:listener does not currently know of service requested in connect descriptor
28/10/2020 10:47:39: [Método: Void HandleErrorHelper(Int32, Oracle.DataAccess.Client.OracleConnection, IntPtr, Oracle.DataAccess.Client.OpoSqlValCtx*, System.Object, System.String, Boolean, Int32, Oracle.DataAccess.Client.OracleLogicalTransaction), Línea: 0] - ORA-12514: TNS:listener does not currently know of service requested in connect descriptor
28/10/2020 10:47:39: [Método: Void HandleError(Int32, Oracle.DataAccess.Client.OracleConnection, IntPtr, System.Object, Oracle.DataAccess.Client.OracleLogicalTransaction), Línea: 0] - ORA-12514: TNS:listener does not currently know of service requested in connect descriptor
28/10/2020 10:47:39: [Método: Void Open(Oracle.DataAccess.Client.OracleConnection), Línea: 0] - ORA-12514: TNS:listener does not currently know of service requested in connect descriptor
28/10/2020 10:47:39: [Método: Void Open(), Línea: 0] - ORA-12514: TNS:listener does not currently know of service requested in connect descriptor
28/10/2020 10:47:39: [Método: Boolean MoveNext(), Línea: 0] - ORA-12514: TNS:listener does not currently know of service requested in connect descriptor
28/10/2020 10:47:39: [Método: Void .ctor(System.Collections.Generic.IEnumerable`1[T]), Línea: 0] - ORA-12514: TNS:listener does not currently know of service requested in connect descriptor
28/10/2020 10:47:39: [Método: System.Collections.Generic.List`1[TSource] ToList[TSource](System.Collections.Generic.IEnumerable`1[TSource]), Línea: 0] - ORA-12514: TNS:listener does not currently know of service requested in connect descriptor
28/10/2020 10:47:39: [Método: System.Collections.Generic.IEnumerable`1[T] Query[T](System.Data.IDbConnection, System.String, System.Object, System.Data.IDbTransaction, Boolean, System.Nullable`1[System.Int32], System.Nullable`1[System.Data.CommandType]), Línea: 0] - ORA-12514: TNS:listener does not currently know of service requested in connect descriptor
28/10/2020 10:47:39: [Método: System.Collections.Generic.List`1[entidad.minem.gob.pe.MedidaMitigacionBE] ListarMedidaMitigacion(entidad.minem.gob.pe.MedidaMitigacionBE), Línea: 30] - ORA-12514: TNS:listener does not currently know of service requested in connect descriptor
28/10/2020 10:47:40: [Método: Void HandleErrorHelper(Int32, Oracle.DataAccess.Client.OracleConnection, IntPtr, Oracle.DataAccess.Client.OpoSqlValCtx*, System.Object, System.String, Boolean, Int32, Oracle.DataAccess.Client.OracleLogicalTransaction), Línea: 0] - ORA-12514: TNS:listener does not currently know of service requested in connect descriptor
28/10/2020 10:47:40: [Método: Void HandleError(Int32, Oracle.DataAccess.Client.OracleConnection, IntPtr, System.Object, Oracle.DataAccess.Client.OracleLogicalTransaction), Línea: 0] - ORA-12514: TNS:listener does not currently know of service requested in connect descriptor
28/10/2020 10:47:40: [Método: Void Open(Oracle.DataAccess.Client.OracleConnection), Línea: 0] - ORA-12514: TNS:listener does not currently know of service requested in connect descriptor
28/10/2020 10:47:40: [Método: Void Open(), Línea: 0] - ORA-12514: TNS:listener does not currently know of service requested in connect descriptor
28/10/2020 10:47:40: [Método: Boolean MoveNext(), Línea: 0] - ORA-12514: TNS:listener does not currently know of service requested in connect descriptor
28/10/2020 10:47:40: [Método: Void .ctor(System.Collections.Generic.IEnumerable`1[T]), Línea: 0] - ORA-12514: TNS:listener does not currently know of service requested in connect descriptor
28/10/2020 10:47:40: [Método: System.Collections.Generic.List`1[TSource] ToList[TSource](System.Collections.Generic.IEnumerable`1[TSource]), Línea: 0] - ORA-12514: TNS:listener does not currently know of service requested in connect descriptor
28/10/2020 10:47:40: [Método: System.Collections.Generic.IEnumerable`1[T] Query[T](System.Data.IDbConnection, System.String, System.Object, System.Data.IDbTransaction, Boolean, System.Nullable`1[System.Int32], System.Nullable`1[System.Data.CommandType]), Línea: 0] - ORA-12514: TNS:listener does not currently know of service requested in connect descriptor
28/10/2020 10:47:40: [Método: System.Collections.Generic.List`1[entidad.minem.gob.pe.MedidaMitigacionBE] ListarMedidaMitigacion(entidad.minem.gob.pe.MedidaMitigacionBE), Línea: 30] - ORA-12514: TNS:listener does not currently know of service requested in connect descriptor
28/10/2020 10:47:40: [Método: Void HandleErrorHelper(Int32, Oracle.DataAccess.Client.OracleConnection, IntPtr, Oracle.DataAccess.Client.OpoSqlValCtx*, System.Object, System.String, Boolean, Int32, Oracle.DataAccess.Client.OracleLogicalTransaction), Línea: 0] - ORA-12514: TNS:listener does not currently know of service requested in connect descriptor
28/10/2020 10:47:40: [Método: Void HandleError(Int32, Oracle.DataAccess.Client.OracleConnection, IntPtr, System.Object, Oracle.DataAccess.Client.OracleLogicalTransaction), Línea: 0] - ORA-12514: TNS:listener does not currently know of service requested in connect descriptor
28/10/2020 10:47:40: [Método: Void Open(Oracle.DataAccess.Client.OracleConnection), Línea: 0] - ORA-12514: TNS:listener does not currently know of service requested in connect descriptor
28/10/2020 10:47:40: [Método: Void Open(), Línea: 0] - ORA-12514: TNS:listener does not currently know of service requested in connect descriptor
28/10/2020 10:47:40: [Método: Boolean MoveNext(), Línea: 0] - ORA-12514: TNS:listener does not currently know of service requested in connect descriptor
28/10/2020 10:47:40: [Método: Void .ctor(System.Collections.Generic.IEnumerable`1[T]), Línea: 0] - ORA-12514: TNS:listener does not currently know of service requested in connect descriptor
28/10/2020 10:47:40: [Método: System.Collections.Generic.List`1[TSource] ToList[TSource](System.Collections.Generic.IEnumerable`1[TSource]), Línea: 0] - ORA-12514: TNS:listener does not currently know of service requested in connect descriptor
28/10/2020 10:47:40: [Método: System.Collections.Generic.IEnumerable`1[T] Query[T](System.Data.IDbConnection, System.String, System.Object, System.Data.IDbTransaction, Boolean, System.Nullable`1[System.Int32], System.Nullable`1[System.Data.CommandType]), Línea: 0] - ORA-12514: TNS:listener does not currently know of service requested in connect descriptor
28/10/2020 10:47:40: [Método: System.Collections.Generic.List`1[entidad.minem.gob.pe.IniciativaBE] MostrarGeiporAnio(entidad.minem.gob.pe.IniciativaBE), Línea: 1457] - ORA-12514: TNS:listener does not currently know of service requested in connect descriptor
28/10/2020 10:47:41: [Método: Void HandleErrorHelper(Int32, Oracle.DataAccess.Client.OracleConnection, IntPtr, Oracle.DataAccess.Client.OpoSqlValCtx*, System.Object, System.String, Boolean, Int32, Oracle.DataAccess.Client.OracleLogicalTransaction), Línea: 0] - ORA-12514: TNS:listener does not currently know of service requested in connect descriptor
28/10/2020 10:47:41: [Método: Void HandleError(Int32, Oracle.DataAccess.Client.OracleConnection, IntPtr, System.Object, Oracle.DataAccess.Client.OracleLogicalTransaction), Línea: 0] - ORA-12514: TNS:listener does not currently know of service requested in connect descriptor
28/10/2020 10:47:41: [Método: Void Open(Oracle.DataAccess.Client.OracleConnection), Línea: 0] - ORA-12514: TNS:listener does not currently know of service requested in connect descriptor
28/10/2020 10:47:41: [Método: Void Open(), Línea: 0] - ORA-12514: TNS:listener does not currently know of service requested in connect descriptor
28/10/2020 10:47:41: [Método: Boolean MoveNext(), Línea: 0] - ORA-12514: TNS:listener does not currently know of service requested in connect descriptor
28/10/2020 10:47:41: [Método: Void .ctor(System.Collections.Generic.IEnumerable`1[T]), Línea: 0] - ORA-12514: TNS:listener does not currently know of service requested in connect descriptor
28/10/2020 10:47:41: [Método: System.Collections.Generic.List`1[TSource] ToList[TSource](System.Collections.Generic.IEnumerable`1[TSource]), Línea: 0] - ORA-12514: TNS:listener does not currently know of service requested in connect descriptor
28/10/2020 10:47:41: [Método: System.Collections.Generic.IEnumerable`1[T] Query[T](System.Data.IDbConnection, System.String, System.Object, System.Data.IDbTransaction, Boolean, System.Nullable`1[System.Int32], System.Nullable`1[System.Data.CommandType]), Línea: 0] - ORA-12514: TNS:listener does not currently know of service requested in connect descriptor
28/10/2020 10:47:41: [Método: System.Collections.Generic.List`1[entidad.minem.gob.pe.IniciativaBE] MostrarGeiporAnio(entidad.minem.gob.pe.IniciativaBE), Línea: 1457] - ORA-12514: TNS:listener does not currently know of service requested in connect descriptor
28/10/2020 10:47:59: [Método: Void HandleErrorHelper(Int32, Oracle.DataAccess.Client.OracleConnection, IntPtr, Oracle.DataAccess.Client.OpoSqlValCtx*, System.Object, System.String, Boolean, Int32, Oracle.DataAccess.Client.OracleLogicalTransaction), Línea: 0] - ORA-12514: TNS:listener does not currently know of service requested in connect descriptor
28/10/2020 10:47:59: [Método: Void HandleError(Int32, Oracle.DataAccess.Client.OracleConnection, IntPtr, System.Object, Oracle.DataAccess.Client.OracleLogicalTransaction), Línea: 0] - ORA-12514: TNS:listener does not currently know of service requested in connect descriptor
28/10/2020 10:47:59: [Método: Void Open(Oracle.DataAccess.Client.OracleConnection), Línea: 0] - ORA-12514: TNS:listener does not currently know of service requested in connect descriptor
28/10/2020 10:47:59: [Método: Void Open(), Línea: 0] - ORA-12514: TNS:listener does not currently know of service requested in connect descriptor
28/10/2020 10:47:59: [Método: Boolean MoveNext(), Línea: 0] - ORA-12514: TNS:listener does not currently know of service requested in connect descriptor
28/10/2020 10:47:59: [Método: Void .ctor(System.Collections.Generic.IEnumerable`1[T]), Línea: 0] - ORA-12514: TNS:listener does not currently know of service requested in connect descriptor
28/10/2020 10:47:59: [Método: System.Collections.Generic.List`1[TSource] ToList[TSource](System.Collections.Generic.IEnumerable`1[TSource]), Línea: 0] - ORA-12514: TNS:listener does not currently know of service requested in connect descriptor
28/10/2020 10:47:59: [Método: System.Collections.Generic.IEnumerable`1[T] Query[T](System.Data.IDbConnection, System.String, System.Object, System.Data.IDbTransaction, Boolean, System.Nullable`1[System.Int32], System.Nullable`1[System.Data.CommandType]), Línea: 0] - ORA-12514: TNS:listener does not currently know of service requested in connect descriptor
28/10/2020 10:47:59: [Método: entidad.minem.gob.pe.UsuarioBE ObtenerPassword(entidad.minem.gob.pe.UsuarioBE), Línea: 248] - ORA-12514: TNS:listener does not currently know of service requested in connect descriptor
28/10/2020 10:48:08: [Método: Void HandleErrorHelper(Int32, Oracle.DataAccess.Client.OracleConnection, IntPtr, Oracle.DataAccess.Client.OpoSqlValCtx*, System.Object, System.String, Boolean, Int32, Oracle.DataAccess.Client.OracleLogicalTransaction), Línea: 0] - ORA-12514: TNS:listener does not currently know of service requested in connect descriptor
28/10/2020 10:48:08: [Método: Void HandleError(Int32, Oracle.DataAccess.Client.OracleConnection, IntPtr, System.Object, Oracle.DataAccess.Client.OracleLogicalTransaction), Línea: 0] - ORA-12514: TNS:listener does not currently know of service requested in connect descriptor
28/10/2020 10:48:08: [Método: Void Open(Oracle.DataAccess.Client.OracleConnection), Línea: 0] - ORA-12514: TNS:listener does not currently know of service requested in connect descriptor
28/10/2020 10:48:08: [Método: Void Open(), Línea: 0] - ORA-12514: TNS:listener does not currently know of service requested in connect descriptor
28/10/2020 10:48:08: [Método: Boolean MoveNext(), Línea: 0] - ORA-12514: TNS:listener does not currently know of service requested in connect descriptor
28/10/2020 10:48:08: [Método: Void .ctor(System.Collections.Generic.IEnumerable`1[T]), Línea: 0] - ORA-12514: TNS:listener does not currently know of service requested in connect descriptor
28/10/2020 10:48:08: [Método: System.Collections.Generic.List`1[TSource] ToList[TSource](System.Collections.Generic.IEnumerable`1[TSource]), Línea: 0] - ORA-12514: TNS:listener does not currently know of service requested in connect descriptor
28/10/2020 10:48:08: [Método: System.Collections.Generic.IEnumerable`1[T] Query[T](System.Data.IDbConnection, System.String, System.Object, System.Data.IDbTransaction, Boolean, System.Nullable`1[System.Int32], System.Nullable`1[System.Data.CommandType]), Línea: 0] - ORA-12514: TNS:listener does not currently know of service requested in connect descriptor
28/10/2020 10:48:08: [Método: entidad.minem.gob.pe.UsuarioBE ObtenerPassword(entidad.minem.gob.pe.UsuarioBE), Línea: 248] - ORA-12514: TNS:listener does not currently know of service requested in connect descriptor
