04/03/2020 07:12:19 a.m.: [Método: Void HandleErrorHelper(Int32, Oracle.DataAccess.Client.OracleConnection, IntPtr, Oracle.DataAccess.Client.OpoSqlValCtx*, System.Object, System.String, Boolean, Int32, Oracle.DataAccess.Client.OracleLogicalTransaction), Línea: 0] - ORA-00933: comando SQL no terminado correctamente
ORA-06512: en "MRVMM.PKG_MRV_INICIATIVA_MITIGACION", línea 4440
ORA-06512: en línea 1
04/03/2020 07:12:19 a.m.: [Método: Void HandleError(Int32, Oracle.DataAccess.Client.OracleConnection, System.String, IntPtr, Oracle.DataAccess.Client.OpoSqlValCtx*, System.Object, Boolean, Oracle.DataAccess.Client.OracleLogicalTransaction), Línea: 0] - ORA-00933: comando SQL no terminado correctamente
ORA-06512: en "MRVMM.PKG_MRV_INICIATIVA_MITIGACION", línea 4440
ORA-06512: en línea 1
04/03/2020 07:12:19 a.m.: [Método: Oracle.DataAccess.Client.OracleDataReader ExecuteReader(Boolean, Boolean, System.Data.CommandBehavior), Línea: 0] - ORA-00933: comando SQL no terminado correctamente
ORA-06512: en "MRVMM.PKG_MRV_INICIATIVA_MITIGACION", línea 4440
ORA-06512: en línea 1
04/03/2020 07:12:19 a.m.: [Método: System.Data.Common.DbDataReader ExecuteDbDataReader(System.Data.CommandBehavior), Línea: 0] - ORA-00933: comando SQL no terminado correctamente
ORA-06512: en "MRVMM.PKG_MRV_INICIATIVA_MITIGACION", línea 4440
ORA-06512: en línea 1
04/03/2020 07:12:19 a.m.: [Método: System.Data.IDataReader System.Data.IDbCommand.ExecuteReader(System.Data.CommandBehavior), Línea: 0] - ORA-00933: comando SQL no terminado correctamente
ORA-06512: en "MRVMM.PKG_MRV_INICIATIVA_MITIGACION", línea 4440
ORA-06512: en línea 1
04/03/2020 07:12:19 a.m.: [Método: System.Data.IDataReader ExecuteReaderWithFlagsFallback(System.Data.IDbCommand, Boolean, System.Data.CommandBehavior), Línea: 0] - ORA-00933: comando SQL no terminado correctamente
ORA-06512: en "MRVMM.PKG_MRV_INICIATIVA_MITIGACION", línea 4440
ORA-06512: en línea 1
04/03/2020 07:12:19 a.m.: [Método: Boolean MoveNext(), Línea: 0] - ORA-00933: comando SQL no terminado correctamente
ORA-06512: en "MRVMM.PKG_MRV_INICIATIVA_MITIGACION", línea 4440
ORA-06512: en línea 1
04/03/2020 07:12:19 a.m.: [Método: Void .ctor(System.Collections.Generic.IEnumerable`1[T]), Línea: 0] - ORA-00933: comando SQL no terminado correctamente
ORA-06512: en "MRVMM.PKG_MRV_INICIATIVA_MITIGACION", línea 4440
ORA-06512: en línea 1
04/03/2020 07:12:19 a.m.: [Método: System.Collections.Generic.List`1[TSource] ToList[TSource](System.Collections.Generic.IEnumerable`1[TSource]), Línea: 0] - ORA-00933: comando SQL no terminado correctamente
ORA-06512: en "MRVMM.PKG_MRV_INICIATIVA_MITIGACION", línea 4440
ORA-06512: en línea 1
04/03/2020 07:12:19 a.m.: [Método: System.Collections.Generic.IEnumerable`1[T] Query[T](System.Data.IDbConnection, System.String, System.Object, System.Data.IDbTransaction, Boolean, System.Nullable`1[System.Int32], System.Nullable`1[System.Data.CommandType]), Línea: 0] - ORA-00933: comando SQL no terminado correctamente
ORA-06512: en "MRVMM.PKG_MRV_INICIATIVA_MITIGACION", línea 4440
ORA-06512: en línea 1
04/03/2020 07:12:19 a.m.: [Método: System.Collections.Generic.List`1[entidad.minem.gob.pe.IniciativaBE] ListaBusquedaAvanzadoPrivado(entidad.minem.gob.pe.IniciativaBE), Línea: 1568] - ORA-00933: comando SQL no terminado correctamente
ORA-06512: en "MRVMM.PKG_MRV_INICIATIVA_MITIGACION", línea 4440
ORA-06512: en línea 1
04/03/2020 07:16:11 a.m.: [Método: Void HandleErrorHelper(Int32, Oracle.DataAccess.Client.OracleConnection, IntPtr, Oracle.DataAccess.Client.OpoSqlValCtx*, System.Object, System.String, Boolean, Int32, Oracle.DataAccess.Client.OracleLogicalTransaction), Línea: 0] - ORA-00933: comando SQL no terminado correctamente
ORA-06512: en "MRVMM.PKG_MRV_INICIATIVA_MITIGACION", línea 4440
ORA-06512: en línea 1
04/03/2020 07:16:11 a.m.: [Método: Void HandleError(Int32, Oracle.DataAccess.Client.OracleConnection, System.String, IntPtr, Oracle.DataAccess.Client.OpoSqlValCtx*, System.Object, Boolean, Oracle.DataAccess.Client.OracleLogicalTransaction), Línea: 0] - ORA-00933: comando SQL no terminado correctamente
ORA-06512: en "MRVMM.PKG_MRV_INICIATIVA_MITIGACION", línea 4440
ORA-06512: en línea 1
04/03/2020 07:16:11 a.m.: [Método: Oracle.DataAccess.Client.OracleDataReader ExecuteReader(Boolean, Boolean, System.Data.CommandBehavior), Línea: 0] - ORA-00933: comando SQL no terminado correctamente
ORA-06512: en "MRVMM.PKG_MRV_INICIATIVA_MITIGACION", línea 4440
ORA-06512: en línea 1
04/03/2020 07:16:11 a.m.: [Método: System.Data.Common.DbDataReader ExecuteDbDataReader(System.Data.CommandBehavior), Línea: 0] - ORA-00933: comando SQL no terminado correctamente
ORA-06512: en "MRVMM.PKG_MRV_INICIATIVA_MITIGACION", línea 4440
ORA-06512: en línea 1
04/03/2020 07:16:11 a.m.: [Método: System.Data.IDataReader System.Data.IDbCommand.ExecuteReader(System.Data.CommandBehavior), Línea: 0] - ORA-00933: comando SQL no terminado correctamente
ORA-06512: en "MRVMM.PKG_MRV_INICIATIVA_MITIGACION", línea 4440
ORA-06512: en línea 1
04/03/2020 07:16:11 a.m.: [Método: System.Data.IDataReader ExecuteReaderWithFlagsFallback(System.Data.IDbCommand, Boolean, System.Data.CommandBehavior), Línea: 0] - ORA-00933: comando SQL no terminado correctamente
ORA-06512: en "MRVMM.PKG_MRV_INICIATIVA_MITIGACION", línea 4440
ORA-06512: en línea 1
04/03/2020 07:16:11 a.m.: [Método: Boolean MoveNext(), Línea: 0] - ORA-00933: comando SQL no terminado correctamente
ORA-06512: en "MRVMM.PKG_MRV_INICIATIVA_MITIGACION", línea 4440
ORA-06512: en línea 1
04/03/2020 07:16:11 a.m.: [Método: Void .ctor(System.Collections.Generic.IEnumerable`1[T]), Línea: 0] - ORA-00933: comando SQL no terminado correctamente
ORA-06512: en "MRVMM.PKG_MRV_INICIATIVA_MITIGACION", línea 4440
ORA-06512: en línea 1
04/03/2020 07:16:11 a.m.: [Método: System.Collections.Generic.List`1[TSource] ToList[TSource](System.Collections.Generic.IEnumerable`1[TSource]), Línea: 0] - ORA-00933: comando SQL no terminado correctamente
ORA-06512: en "MRVMM.PKG_MRV_INICIATIVA_MITIGACION", línea 4440
ORA-06512: en línea 1
04/03/2020 07:16:11 a.m.: [Método: System.Collections.Generic.IEnumerable`1[T] Query[T](System.Data.IDbConnection, System.String, System.Object, System.Data.IDbTransaction, Boolean, System.Nullable`1[System.Int32], System.Nullable`1[System.Data.CommandType]), Línea: 0] - ORA-00933: comando SQL no terminado correctamente
ORA-06512: en "MRVMM.PKG_MRV_INICIATIVA_MITIGACION", línea 4440
ORA-06512: en línea 1
04/03/2020 07:16:11 a.m.: [Método: System.Collections.Generic.List`1[entidad.minem.gob.pe.IniciativaBE] ListaBusquedaAvanzadoPrivado(entidad.minem.gob.pe.IniciativaBE), Línea: 1568] - ORA-00933: comando SQL no terminado correctamente
ORA-06512: en "MRVMM.PKG_MRV_INICIATIVA_MITIGACION", línea 4440
ORA-06512: en línea 1
04/03/2020 07:28:59 a.m.: [Método: Void HandleErrorHelper(Int32, Oracle.DataAccess.Client.OracleConnection, IntPtr, Oracle.DataAccess.Client.OpoSqlValCtx*, System.Object, System.String, Boolean, Int32, Oracle.DataAccess.Client.OracleLogicalTransaction), Línea: 0] - ORA-00932: tipos de dato inconsistentes: se esperaba NUMBER se ha obtenido DATE
ORA-06512: en "MRVMM.PKG_MRV_INICIATIVA_MITIGACION", línea 4438
ORA-06512: en línea 1
04/03/2020 07:28:59 a.m.: [Método: Void HandleError(Int32, Oracle.DataAccess.Client.OracleConnection, System.String, IntPtr, Oracle.DataAccess.Client.OpoSqlValCtx*, System.Object, Boolean, Oracle.DataAccess.Client.OracleLogicalTransaction), Línea: 0] - ORA-00932: tipos de dato inconsistentes: se esperaba NUMBER se ha obtenido DATE
ORA-06512: en "MRVMM.PKG_MRV_INICIATIVA_MITIGACION", línea 4438
ORA-06512: en línea 1
04/03/2020 07:28:59 a.m.: [Método: Oracle.DataAccess.Client.OracleDataReader ExecuteReader(Boolean, Boolean, System.Data.CommandBehavior), Línea: 0] - ORA-00932: tipos de dato inconsistentes: se esperaba NUMBER se ha obtenido DATE
ORA-06512: en "MRVMM.PKG_MRV_INICIATIVA_MITIGACION", línea 4438
ORA-06512: en línea 1
04/03/2020 07:28:59 a.m.: [Método: System.Data.Common.DbDataReader ExecuteDbDataReader(System.Data.CommandBehavior), Línea: 0] - ORA-00932: tipos de dato inconsistentes: se esperaba NUMBER se ha obtenido DATE
ORA-06512: en "MRVMM.PKG_MRV_INICIATIVA_MITIGACION", línea 4438
ORA-06512: en línea 1
04/03/2020 07:28:59 a.m.: [Método: System.Data.IDataReader System.Data.IDbCommand.ExecuteReader(System.Data.CommandBehavior), Línea: 0] - ORA-00932: tipos de dato inconsistentes: se esperaba NUMBER se ha obtenido DATE
ORA-06512: en "MRVMM.PKG_MRV_INICIATIVA_MITIGACION", línea 4438
ORA-06512: en línea 1
04/03/2020 07:28:59 a.m.: [Método: System.Data.IDataReader ExecuteReaderWithFlagsFallback(System.Data.IDbCommand, Boolean, System.Data.CommandBehavior), Línea: 0] - ORA-00932: tipos de dato inconsistentes: se esperaba NUMBER se ha obtenido DATE
ORA-06512: en "MRVMM.PKG_MRV_INICIATIVA_MITIGACION", línea 4438
ORA-06512: en línea 1
04/03/2020 07:28:59 a.m.: [Método: Boolean MoveNext(), Línea: 0] - ORA-00932: tipos de dato inconsistentes: se esperaba NUMBER se ha obtenido DATE
ORA-06512: en "MRVMM.PKG_MRV_INICIATIVA_MITIGACION", línea 4438
ORA-06512: en línea 1
04/03/2020 07:28:59 a.m.: [Método: Void .ctor(System.Collections.Generic.IEnumerable`1[T]), Línea: 0] - ORA-00932: tipos de dato inconsistentes: se esperaba NUMBER se ha obtenido DATE
ORA-06512: en "MRVMM.PKG_MRV_INICIATIVA_MITIGACION", línea 4438
ORA-06512: en línea 1
04/03/2020 07:28:59 a.m.: [Método: System.Collections.Generic.List`1[TSource] ToList[TSource](System.Collections.Generic.IEnumerable`1[TSource]), Línea: 0] - ORA-00932: tipos de dato inconsistentes: se esperaba NUMBER se ha obtenido DATE
ORA-06512: en "MRVMM.PKG_MRV_INICIATIVA_MITIGACION", línea 4438
ORA-06512: en línea 1
04/03/2020 07:28:59 a.m.: [Método: System.Collections.Generic.IEnumerable`1[T] Query[T](System.Data.IDbConnection, System.String, System.Object, System.Data.IDbTransaction, Boolean, System.Nullable`1[System.Int32], System.Nullable`1[System.Data.CommandType]), Línea: 0] - ORA-00932: tipos de dato inconsistentes: se esperaba NUMBER se ha obtenido DATE
ORA-06512: en "MRVMM.PKG_MRV_INICIATIVA_MITIGACION", línea 4438
ORA-06512: en línea 1
04/03/2020 07:28:59 a.m.: [Método: System.Collections.Generic.List`1[entidad.minem.gob.pe.IniciativaBE] ListaBusquedaAvanzadoPrivado(entidad.minem.gob.pe.IniciativaBE), Línea: 0] - ORA-00932: tipos de dato inconsistentes: se esperaba NUMBER se ha obtenido DATE
ORA-06512: en "MRVMM.PKG_MRV_INICIATIVA_MITIGACION", línea 4438
ORA-06512: en línea 1
04/03/2020 07:31:59 a.m.: [Método: Void HandleErrorHelper(Int32, Oracle.DataAccess.Client.OracleConnection, IntPtr, Oracle.DataAccess.Client.OpoSqlValCtx*, System.Object, System.String, Boolean, Int32, Oracle.DataAccess.Client.OracleLogicalTransaction), Línea: 0] - ORA-00932: tipos de dato inconsistentes: se esperaba NUMBER se ha obtenido DATE
ORA-06512: en "MRVMM.PKG_MRV_INICIATIVA_MITIGACION", línea 4438
ORA-06512: en línea 1
04/03/2020 07:31:59 a.m.: [Método: Void HandleError(Int32, Oracle.DataAccess.Client.OracleConnection, System.String, IntPtr, Oracle.DataAccess.Client.OpoSqlValCtx*, System.Object, Boolean, Oracle.DataAccess.Client.OracleLogicalTransaction), Línea: 0] - ORA-00932: tipos de dato inconsistentes: se esperaba NUMBER se ha obtenido DATE
ORA-06512: en "MRVMM.PKG_MRV_INICIATIVA_MITIGACION", línea 4438
ORA-06512: en línea 1
04/03/2020 07:31:59 a.m.: [Método: Oracle.DataAccess.Client.OracleDataReader ExecuteReader(Boolean, Boolean, System.Data.CommandBehavior), Línea: 0] - ORA-00932: tipos de dato inconsistentes: se esperaba NUMBER se ha obtenido DATE
ORA-06512: en "MRVMM.PKG_MRV_INICIATIVA_MITIGACION", línea 4438
ORA-06512: en línea 1
04/03/2020 07:31:59 a.m.: [Método: System.Data.Common.DbDataReader ExecuteDbDataReader(System.Data.CommandBehavior), Línea: 0] - ORA-00932: tipos de dato inconsistentes: se esperaba NUMBER se ha obtenido DATE
ORA-06512: en "MRVMM.PKG_MRV_INICIATIVA_MITIGACION", línea 4438
ORA-06512: en línea 1
04/03/2020 07:31:59 a.m.: [Método: System.Data.IDataReader System.Data.IDbCommand.ExecuteReader(System.Data.CommandBehavior), Línea: 0] - ORA-00932: tipos de dato inconsistentes: se esperaba NUMBER se ha obtenido DATE
ORA-06512: en "MRVMM.PKG_MRV_INICIATIVA_MITIGACION", línea 4438
ORA-06512: en línea 1
04/03/2020 07:31:59 a.m.: [Método: System.Data.IDataReader ExecuteReaderWithFlagsFallback(System.Data.IDbCommand, Boolean, System.Data.CommandBehavior), Línea: 0] - ORA-00932: tipos de dato inconsistentes: se esperaba NUMBER se ha obtenido DATE
ORA-06512: en "MRVMM.PKG_MRV_INICIATIVA_MITIGACION", línea 4438
ORA-06512: en línea 1
04/03/2020 07:31:59 a.m.: [Método: Boolean MoveNext(), Línea: 0] - ORA-00932: tipos de dato inconsistentes: se esperaba NUMBER se ha obtenido DATE
ORA-06512: en "MRVMM.PKG_MRV_INICIATIVA_MITIGACION", línea 4438
ORA-06512: en línea 1
04/03/2020 07:31:59 a.m.: [Método: Void .ctor(System.Collections.Generic.IEnumerable`1[T]), Línea: 0] - ORA-00932: tipos de dato inconsistentes: se esperaba NUMBER se ha obtenido DATE
ORA-06512: en "MRVMM.PKG_MRV_INICIATIVA_MITIGACION", línea 4438
ORA-06512: en línea 1
04/03/2020 07:31:59 a.m.: [Método: System.Collections.Generic.List`1[TSource] ToList[TSource](System.Collections.Generic.IEnumerable`1[TSource]), Línea: 0] - ORA-00932: tipos de dato inconsistentes: se esperaba NUMBER se ha obtenido DATE
ORA-06512: en "MRVMM.PKG_MRV_INICIATIVA_MITIGACION", línea 4438
ORA-06512: en línea 1
04/03/2020 07:31:59 a.m.: [Método: System.Collections.Generic.IEnumerable`1[T] Query[T](System.Data.IDbConnection, System.String, System.Object, System.Data.IDbTransaction, Boolean, System.Nullable`1[System.Int32], System.Nullable`1[System.Data.CommandType]), Línea: 0] - ORA-00932: tipos de dato inconsistentes: se esperaba NUMBER se ha obtenido DATE
ORA-06512: en "MRVMM.PKG_MRV_INICIATIVA_MITIGACION", línea 4438
ORA-06512: en línea 1
04/03/2020 07:31:59 a.m.: [Método: System.Collections.Generic.List`1[entidad.minem.gob.pe.IniciativaBE] ListaBusquedaAvanzadoPrivado(entidad.minem.gob.pe.IniciativaBE), Línea: 0] - ORA-00932: tipos de dato inconsistentes: se esperaba NUMBER se ha obtenido DATE
ORA-06512: en "MRVMM.PKG_MRV_INICIATIVA_MITIGACION", línea 4438
ORA-06512: en línea 1
04/03/2020 07:36:41 a.m.: [Método: Void HandleErrorHelper(Int32, Oracle.DataAccess.Client.OracleConnection, IntPtr, Oracle.DataAccess.Client.OpoSqlValCtx*, System.Object, System.String, Boolean, Int32, Oracle.DataAccess.Client.OracleLogicalTransaction), Línea: 0] - ORA-00932: tipos de dato inconsistentes: se esperaba NUMBER se ha obtenido DATE
ORA-06512: en "MRVMM.PKG_MRV_INICIATIVA_MITIGACION", línea 4438
ORA-06512: en línea 1
04/03/2020 07:36:41 a.m.: [Método: Void HandleError(Int32, Oracle.DataAccess.Client.OracleConnection, System.String, IntPtr, Oracle.DataAccess.Client.OpoSqlValCtx*, System.Object, Boolean, Oracle.DataAccess.Client.OracleLogicalTransaction), Línea: 0] - ORA-00932: tipos de dato inconsistentes: se esperaba NUMBER se ha obtenido DATE
ORA-06512: en "MRVMM.PKG_MRV_INICIATIVA_MITIGACION", línea 4438
ORA-06512: en línea 1
04/03/2020 07:36:41 a.m.: [Método: Oracle.DataAccess.Client.OracleDataReader ExecuteReader(Boolean, Boolean, System.Data.CommandBehavior), Línea: 0] - ORA-00932: tipos de dato inconsistentes: se esperaba NUMBER se ha obtenido DATE
ORA-06512: en "MRVMM.PKG_MRV_INICIATIVA_MITIGACION", línea 4438
ORA-06512: en línea 1
04/03/2020 07:36:41 a.m.: [Método: System.Data.Common.DbDataReader ExecuteDbDataReader(System.Data.CommandBehavior), Línea: 0] - ORA-00932: tipos de dato inconsistentes: se esperaba NUMBER se ha obtenido DATE
ORA-06512: en "MRVMM.PKG_MRV_INICIATIVA_MITIGACION", línea 4438
ORA-06512: en línea 1
04/03/2020 07:36:41 a.m.: [Método: System.Data.IDataReader System.Data.IDbCommand.ExecuteReader(System.Data.CommandBehavior), Línea: 0] - ORA-00932: tipos de dato inconsistentes: se esperaba NUMBER se ha obtenido DATE
ORA-06512: en "MRVMM.PKG_MRV_INICIATIVA_MITIGACION", línea 4438
ORA-06512: en línea 1
04/03/2020 07:36:41 a.m.: [Método: System.Data.IDataReader ExecuteReaderWithFlagsFallback(System.Data.IDbCommand, Boolean, System.Data.CommandBehavior), Línea: 0] - ORA-00932: tipos de dato inconsistentes: se esperaba NUMBER se ha obtenido DATE
ORA-06512: en "MRVMM.PKG_MRV_INICIATIVA_MITIGACION", línea 4438
ORA-06512: en línea 1
04/03/2020 07:36:41 a.m.: [Método: Boolean MoveNext(), Línea: 0] - ORA-00932: tipos de dato inconsistentes: se esperaba NUMBER se ha obtenido DATE
ORA-06512: en "MRVMM.PKG_MRV_INICIATIVA_MITIGACION", línea 4438
ORA-06512: en línea 1
04/03/2020 07:36:41 a.m.: [Método: Void .ctor(System.Collections.Generic.IEnumerable`1[T]), Línea: 0] - ORA-00932: tipos de dato inconsistentes: se esperaba NUMBER se ha obtenido DATE
ORA-06512: en "MRVMM.PKG_MRV_INICIATIVA_MITIGACION", línea 4438
ORA-06512: en línea 1
04/03/2020 07:36:41 a.m.: [Método: System.Collections.Generic.List`1[TSource] ToList[TSource](System.Collections.Generic.IEnumerable`1[TSource]), Línea: 0] - ORA-00932: tipos de dato inconsistentes: se esperaba NUMBER se ha obtenido DATE
ORA-06512: en "MRVMM.PKG_MRV_INICIATIVA_MITIGACION", línea 4438
ORA-06512: en línea 1
04/03/2020 07:36:41 a.m.: [Método: System.Collections.Generic.IEnumerable`1[T] Query[T](System.Data.IDbConnection, System.String, System.Object, System.Data.IDbTransaction, Boolean, System.Nullable`1[System.Int32], System.Nullable`1[System.Data.CommandType]), Línea: 0] - ORA-00932: tipos de dato inconsistentes: se esperaba NUMBER se ha obtenido DATE
ORA-06512: en "MRVMM.PKG_MRV_INICIATIVA_MITIGACION", línea 4438
ORA-06512: en línea 1
04/03/2020 07:36:41 a.m.: [Método: System.Collections.Generic.List`1[entidad.minem.gob.pe.IniciativaBE] ListaBusquedaAvanzadoPrivado(entidad.minem.gob.pe.IniciativaBE), Línea: 0] - ORA-00932: tipos de dato inconsistentes: se esperaba NUMBER se ha obtenido DATE
ORA-06512: en "MRVMM.PKG_MRV_INICIATIVA_MITIGACION", línea 4438
ORA-06512: en línea 1
04/03/2020 07:38:28 a.m.: [Método: Void HandleErrorHelper(Int32, Oracle.DataAccess.Client.OracleConnection, IntPtr, Oracle.DataAccess.Client.OpoSqlValCtx*, System.Object, System.String, Boolean, Int32, Oracle.DataAccess.Client.OracleLogicalTransaction), Línea: 0] - ORA-00920: operador relacional no válido
ORA-06512: en "MRVMM.PKG_MRV_INICIATIVA_MITIGACION", línea 4438
ORA-06512: en línea 1
04/03/2020 07:38:28 a.m.: [Método: Void HandleError(Int32, Oracle.DataAccess.Client.OracleConnection, System.String, IntPtr, Oracle.DataAccess.Client.OpoSqlValCtx*, System.Object, Boolean, Oracle.DataAccess.Client.OracleLogicalTransaction), Línea: 0] - ORA-00920: operador relacional no válido
ORA-06512: en "MRVMM.PKG_MRV_INICIATIVA_MITIGACION", línea 4438
ORA-06512: en línea 1
04/03/2020 07:38:28 a.m.: [Método: Oracle.DataAccess.Client.OracleDataReader ExecuteReader(Boolean, Boolean, System.Data.CommandBehavior), Línea: 0] - ORA-00920: operador relacional no válido
ORA-06512: en "MRVMM.PKG_MRV_INICIATIVA_MITIGACION", línea 4438
ORA-06512: en línea 1
04/03/2020 07:38:28 a.m.: [Método: System.Data.Common.DbDataReader ExecuteDbDataReader(System.Data.CommandBehavior), Línea: 0] - ORA-00920: operador relacional no válido
ORA-06512: en "MRVMM.PKG_MRV_INICIATIVA_MITIGACION", línea 4438
ORA-06512: en línea 1
04/03/2020 07:38:28 a.m.: [Método: System.Data.IDataReader System.Data.IDbCommand.ExecuteReader(System.Data.CommandBehavior), Línea: 0] - ORA-00920: operador relacional no válido
ORA-06512: en "MRVMM.PKG_MRV_INICIATIVA_MITIGACION", línea 4438
ORA-06512: en línea 1
04/03/2020 07:38:28 a.m.: [Método: System.Data.IDataReader ExecuteReaderWithFlagsFallback(System.Data.IDbCommand, Boolean, System.Data.CommandBehavior), Línea: 0] - ORA-00920: operador relacional no válido
ORA-06512: en "MRVMM.PKG_MRV_INICIATIVA_MITIGACION", línea 4438
ORA-06512: en línea 1
04/03/2020 07:38:28 a.m.: [Método: Boolean MoveNext(), Línea: 0] - ORA-00920: operador relacional no válido
ORA-06512: en "MRVMM.PKG_MRV_INICIATIVA_MITIGACION", línea 4438
ORA-06512: en línea 1
04/03/2020 07:38:28 a.m.: [Método: Void .ctor(System.Collections.Generic.IEnumerable`1[T]), Línea: 0] - ORA-00920: operador relacional no válido
ORA-06512: en "MRVMM.PKG_MRV_INICIATIVA_MITIGACION", línea 4438
ORA-06512: en línea 1
04/03/2020 07:38:28 a.m.: [Método: System.Collections.Generic.List`1[TSource] ToList[TSource](System.Collections.Generic.IEnumerable`1[TSource]), Línea: 0] - ORA-00920: operador relacional no válido
ORA-06512: en "MRVMM.PKG_MRV_INICIATIVA_MITIGACION", línea 4438
ORA-06512: en línea 1
04/03/2020 07:38:28 a.m.: [Método: System.Collections.Generic.IEnumerable`1[T] Query[T](System.Data.IDbConnection, System.String, System.Object, System.Data.IDbTransaction, Boolean, System.Nullable`1[System.Int32], System.Nullable`1[System.Data.CommandType]), Línea: 0] - ORA-00920: operador relacional no válido
ORA-06512: en "MRVMM.PKG_MRV_INICIATIVA_MITIGACION", línea 4438
ORA-06512: en línea 1
04/03/2020 07:38:28 a.m.: [Método: System.Collections.Generic.List`1[entidad.minem.gob.pe.IniciativaBE] ListaBusquedaAvanzadoPrivado(entidad.minem.gob.pe.IniciativaBE), Línea: 0] - ORA-00920: operador relacional no válido
ORA-06512: en "MRVMM.PKG_MRV_INICIATIVA_MITIGACION", línea 4438
ORA-06512: en línea 1
04/03/2020 07:40:36 a.m.: [Método: Void HandleErrorHelper(Int32, Oracle.DataAccess.Client.OracleConnection, IntPtr, Oracle.DataAccess.Client.OpoSqlValCtx*, System.Object, System.String, Boolean, Int32, Oracle.DataAccess.Client.OracleLogicalTransaction), Línea: 0] - ORA-01840: el valor de entrada no es lo bastante largo para el formato de fecha
ORA-06512: en "MRVMM.PKG_MRV_INICIATIVA_MITIGACION", línea 4438
ORA-06512: en línea 1
04/03/2020 07:40:36 a.m.: [Método: Void HandleError(Int32, Oracle.DataAccess.Client.OracleConnection, System.String, IntPtr, Oracle.DataAccess.Client.OpoSqlValCtx*, System.Object, Boolean, Oracle.DataAccess.Client.OracleLogicalTransaction), Línea: 0] - ORA-01840: el valor de entrada no es lo bastante largo para el formato de fecha
ORA-06512: en "MRVMM.PKG_MRV_INICIATIVA_MITIGACION", línea 4438
ORA-06512: en línea 1
04/03/2020 07:40:36 a.m.: [Método: Oracle.DataAccess.Client.OracleDataReader ExecuteReader(Boolean, Boolean, System.Data.CommandBehavior), Línea: 0] - ORA-01840: el valor de entrada no es lo bastante largo para el formato de fecha
ORA-06512: en "MRVMM.PKG_MRV_INICIATIVA_MITIGACION", línea 4438
ORA-06512: en línea 1
04/03/2020 07:40:36 a.m.: [Método: System.Data.Common.DbDataReader ExecuteDbDataReader(System.Data.CommandBehavior), Línea: 0] - ORA-01840: el valor de entrada no es lo bastante largo para el formato de fecha
ORA-06512: en "MRVMM.PKG_MRV_INICIATIVA_MITIGACION", línea 4438
ORA-06512: en línea 1
04/03/2020 07:40:36 a.m.: [Método: System.Data.IDataReader System.Data.IDbCommand.ExecuteReader(System.Data.CommandBehavior), Línea: 0] - ORA-01840: el valor de entrada no es lo bastante largo para el formato de fecha
ORA-06512: en "MRVMM.PKG_MRV_INICIATIVA_MITIGACION", línea 4438
ORA-06512: en línea 1
04/03/2020 07:40:36 a.m.: [Método: System.Data.IDataReader ExecuteReaderWithFlagsFallback(System.Data.IDbCommand, Boolean, System.Data.CommandBehavior), Línea: 0] - ORA-01840: el valor de entrada no es lo bastante largo para el formato de fecha
ORA-06512: en "MRVMM.PKG_MRV_INICIATIVA_MITIGACION", línea 4438
ORA-06512: en línea 1
04/03/2020 07:40:36 a.m.: [Método: Boolean MoveNext(), Línea: 0] - ORA-01840: el valor de entrada no es lo bastante largo para el formato de fecha
ORA-06512: en "MRVMM.PKG_MRV_INICIATIVA_MITIGACION", línea 4438
ORA-06512: en línea 1
04/03/2020 07:40:36 a.m.: [Método: Void .ctor(System.Collections.Generic.IEnumerable`1[T]), Línea: 0] - ORA-01840: el valor de entrada no es lo bastante largo para el formato de fecha
ORA-06512: en "MRVMM.PKG_MRV_INICIATIVA_MITIGACION", línea 4438
ORA-06512: en línea 1
04/03/2020 07:40:36 a.m.: [Método: System.Collections.Generic.List`1[TSource] ToList[TSource](System.Collections.Generic.IEnumerable`1[TSource]), Línea: 0] - ORA-01840: el valor de entrada no es lo bastante largo para el formato de fecha
ORA-06512: en "MRVMM.PKG_MRV_INICIATIVA_MITIGACION", línea 4438
ORA-06512: en línea 1
04/03/2020 07:40:36 a.m.: [Método: System.Collections.Generic.IEnumerable`1[T] Query[T](System.Data.IDbConnection, System.String, System.Object, System.Data.IDbTransaction, Boolean, System.Nullable`1[System.Int32], System.Nullable`1[System.Data.CommandType]), Línea: 0] - ORA-01840: el valor de entrada no es lo bastante largo para el formato de fecha
ORA-06512: en "MRVMM.PKG_MRV_INICIATIVA_MITIGACION", línea 4438
ORA-06512: en línea 1
04/03/2020 07:40:36 a.m.: [Método: System.Collections.Generic.List`1[entidad.minem.gob.pe.IniciativaBE] ListaBusquedaAvanzadoPrivado(entidad.minem.gob.pe.IniciativaBE), Línea: 0] - ORA-01840: el valor de entrada no es lo bastante largo para el formato de fecha
ORA-06512: en "MRVMM.PKG_MRV_INICIATIVA_MITIGACION", línea 4438
ORA-06512: en línea 1
04/03/2020 09:37:14 a.m.: [Método: Void HandleErrorHelper(Int32, Oracle.DataAccess.Client.OracleConnection, IntPtr, Oracle.DataAccess.Client.OpoSqlValCtx*, System.Object, System.String, Boolean, Int32, Oracle.DataAccess.Client.OracleLogicalTransaction), Línea: 0] - ORA-01840: el valor de entrada no es lo bastante largo para el formato de fecha
ORA-06512: en "MRVMM.PKG_MRV_INICIATIVA_MITIGACION", línea 4438
ORA-06512: en línea 1
04/03/2020 09:37:14 a.m.: [Método: Void HandleError(Int32, Oracle.DataAccess.Client.OracleConnection, System.String, IntPtr, Oracle.DataAccess.Client.OpoSqlValCtx*, System.Object, Boolean, Oracle.DataAccess.Client.OracleLogicalTransaction), Línea: 0] - ORA-01840: el valor de entrada no es lo bastante largo para el formato de fecha
ORA-06512: en "MRVMM.PKG_MRV_INICIATIVA_MITIGACION", línea 4438
ORA-06512: en línea 1
04/03/2020 09:37:14 a.m.: [Método: Oracle.DataAccess.Client.OracleDataReader ExecuteReader(Boolean, Boolean, System.Data.CommandBehavior), Línea: 0] - ORA-01840: el valor de entrada no es lo bastante largo para el formato de fecha
ORA-06512: en "MRVMM.PKG_MRV_INICIATIVA_MITIGACION", línea 4438
ORA-06512: en línea 1
04/03/2020 09:37:14 a.m.: [Método: System.Data.Common.DbDataReader ExecuteDbDataReader(System.Data.CommandBehavior), Línea: 0] - ORA-01840: el valor de entrada no es lo bastante largo para el formato de fecha
ORA-06512: en "MRVMM.PKG_MRV_INICIATIVA_MITIGACION", línea 4438
ORA-06512: en línea 1
04/03/2020 09:37:14 a.m.: [Método: System.Data.IDataReader System.Data.IDbCommand.ExecuteReader(System.Data.CommandBehavior), Línea: 0] - ORA-01840: el valor de entrada no es lo bastante largo para el formato de fecha
ORA-06512: en "MRVMM.PKG_MRV_INICIATIVA_MITIGACION", línea 4438
ORA-06512: en línea 1
04/03/2020 09:37:14 a.m.: [Método: System.Data.IDataReader ExecuteReaderWithFlagsFallback(System.Data.IDbCommand, Boolean, System.Data.CommandBehavior), Línea: 0] - ORA-01840: el valor de entrada no es lo bastante largo para el formato de fecha
ORA-06512: en "MRVMM.PKG_MRV_INICIATIVA_MITIGACION", línea 4438
ORA-06512: en línea 1
04/03/2020 09:37:14 a.m.: [Método: Boolean MoveNext(), Línea: 0] - ORA-01840: el valor de entrada no es lo bastante largo para el formato de fecha
ORA-06512: en "MRVMM.PKG_MRV_INICIATIVA_MITIGACION", línea 4438
ORA-06512: en línea 1
04/03/2020 09:37:14 a.m.: [Método: Void .ctor(System.Collections.Generic.IEnumerable`1[T]), Línea: 0] - ORA-01840: el valor de entrada no es lo bastante largo para el formato de fecha
ORA-06512: en "MRVMM.PKG_MRV_INICIATIVA_MITIGACION", línea 4438
ORA-06512: en línea 1
04/03/2020 09:37:14 a.m.: [Método: System.Collections.Generic.List`1[TSource] ToList[TSource](System.Collections.Generic.IEnumerable`1[TSource]), Línea: 0] - ORA-01840: el valor de entrada no es lo bastante largo para el formato de fecha
ORA-06512: en "MRVMM.PKG_MRV_INICIATIVA_MITIGACION", línea 4438
ORA-06512: en línea 1
04/03/2020 09:37:14 a.m.: [Método: System.Collections.Generic.IEnumerable`1[T] Query[T](System.Data.IDbConnection, System.String, System.Object, System.Data.IDbTransaction, Boolean, System.Nullable`1[System.Int32], System.Nullable`1[System.Data.CommandType]), Línea: 0] - ORA-01840: el valor de entrada no es lo bastante largo para el formato de fecha
ORA-06512: en "MRVMM.PKG_MRV_INICIATIVA_MITIGACION", línea 4438
ORA-06512: en línea 1
04/03/2020 09:37:14 a.m.: [Método: System.Collections.Generic.List`1[entidad.minem.gob.pe.IniciativaBE] ListaBusquedaAvanzadoPrivado(entidad.minem.gob.pe.IniciativaBE), Línea: 0] - ORA-01840: el valor de entrada no es lo bastante largo para el formato de fecha
ORA-06512: en "MRVMM.PKG_MRV_INICIATIVA_MITIGACION", línea 4438
ORA-06512: en línea 1
04/03/2020 09:39:19 a.m.: [Método: Void HandleErrorHelper(Int32, Oracle.DataAccess.Client.OracleConnection, IntPtr, Oracle.DataAccess.Client.OpoSqlValCtx*, System.Object, System.String, Boolean, Int32, Oracle.DataAccess.Client.OracleLogicalTransaction), Línea: 0] - ORA-01840: el valor de entrada no es lo bastante largo para el formato de fecha
ORA-06512: en "MRVMM.PKG_MRV_INICIATIVA_MITIGACION", línea 4438
ORA-06512: en línea 1
04/03/2020 09:39:19 a.m.: [Método: Void HandleError(Int32, Oracle.DataAccess.Client.OracleConnection, System.String, IntPtr, Oracle.DataAccess.Client.OpoSqlValCtx*, System.Object, Boolean, Oracle.DataAccess.Client.OracleLogicalTransaction), Línea: 0] - ORA-01840: el valor de entrada no es lo bastante largo para el formato de fecha
ORA-06512: en "MRVMM.PKG_MRV_INICIATIVA_MITIGACION", línea 4438
ORA-06512: en línea 1
04/03/2020 09:39:19 a.m.: [Método: Oracle.DataAccess.Client.OracleDataReader ExecuteReader(Boolean, Boolean, System.Data.CommandBehavior), Línea: 0] - ORA-01840: el valor de entrada no es lo bastante largo para el formato de fecha
ORA-06512: en "MRVMM.PKG_MRV_INICIATIVA_MITIGACION", línea 4438
ORA-06512: en línea 1
04/03/2020 09:39:19 a.m.: [Método: System.Data.Common.DbDataReader ExecuteDbDataReader(System.Data.CommandBehavior), Línea: 0] - ORA-01840: el valor de entrada no es lo bastante largo para el formato de fecha
ORA-06512: en "MRVMM.PKG_MRV_INICIATIVA_MITIGACION", línea 4438
ORA-06512: en línea 1
04/03/2020 09:39:19 a.m.: [Método: System.Data.IDataReader System.Data.IDbCommand.ExecuteReader(System.Data.CommandBehavior), Línea: 0] - ORA-01840: el valor de entrada no es lo bastante largo para el formato de fecha
ORA-06512: en "MRVMM.PKG_MRV_INICIATIVA_MITIGACION", línea 4438
ORA-06512: en línea 1
04/03/2020 09:39:19 a.m.: [Método: System.Data.IDataReader ExecuteReaderWithFlagsFallback(System.Data.IDbCommand, Boolean, System.Data.CommandBehavior), Línea: 0] - ORA-01840: el valor de entrada no es lo bastante largo para el formato de fecha
ORA-06512: en "MRVMM.PKG_MRV_INICIATIVA_MITIGACION", línea 4438
ORA-06512: en línea 1
04/03/2020 09:39:19 a.m.: [Método: Boolean MoveNext(), Línea: 0] - ORA-01840: el valor de entrada no es lo bastante largo para el formato de fecha
ORA-06512: en "MRVMM.PKG_MRV_INICIATIVA_MITIGACION", línea 4438
ORA-06512: en línea 1
04/03/2020 09:39:19 a.m.: [Método: Void .ctor(System.Collections.Generic.IEnumerable`1[T]), Línea: 0] - ORA-01840: el valor de entrada no es lo bastante largo para el formato de fecha
ORA-06512: en "MRVMM.PKG_MRV_INICIATIVA_MITIGACION", línea 4438
ORA-06512: en línea 1
04/03/2020 09:39:19 a.m.: [Método: System.Collections.Generic.List`1[TSource] ToList[TSource](System.Collections.Generic.IEnumerable`1[TSource]), Línea: 0] - ORA-01840: el valor de entrada no es lo bastante largo para el formato de fecha
ORA-06512: en "MRVMM.PKG_MRV_INICIATIVA_MITIGACION", línea 4438
ORA-06512: en línea 1
04/03/2020 09:39:19 a.m.: [Método: System.Collections.Generic.IEnumerable`1[T] Query[T](System.Data.IDbConnection, System.String, System.Object, System.Data.IDbTransaction, Boolean, System.Nullable`1[System.Int32], System.Nullable`1[System.Data.CommandType]), Línea: 0] - ORA-01840: el valor de entrada no es lo bastante largo para el formato de fecha
ORA-06512: en "MRVMM.PKG_MRV_INICIATIVA_MITIGACION", línea 4438
ORA-06512: en línea 1
04/03/2020 09:39:19 a.m.: [Método: System.Collections.Generic.List`1[entidad.minem.gob.pe.IniciativaBE] ListaBusquedaAvanzadoPrivado(entidad.minem.gob.pe.IniciativaBE), Línea: 0] - ORA-01840: el valor de entrada no es lo bastante largo para el formato de fecha
ORA-06512: en "MRVMM.PKG_MRV_INICIATIVA_MITIGACION", línea 4438
ORA-06512: en línea 1
04/03/2020 04:12:17 p.m.: [Método: Void WinIOError(Int32, System.String), Línea: 0] - No se puede encontrar una parte de la ruta de acceso 'C:\inetpub\wwwroot\mrv-minem\Archivos\Sustentatorios\d9251115-84d1-43d8-ac8f-cc3e86d86c65.jpg'.
04/03/2020 04:12:17 p.m.: [Método: Void Init(System.String, System.IO.FileMode, System.IO.FileAccess, Int32, Boolean, System.IO.FileShare, Int32, System.IO.FileOptions, SECURITY_ATTRIBUTES, System.String, Boolean, Boolean, Boolean), Línea: 0] - No se puede encontrar una parte de la ruta de acceso 'C:\inetpub\wwwroot\mrv-minem\Archivos\Sustentatorios\d9251115-84d1-43d8-ac8f-cc3e86d86c65.jpg'.
04/03/2020 04:12:17 p.m.: [Método: Void .ctor(System.String, System.IO.FileMode, System.IO.FileAccess, System.IO.FileShare, Int32, System.IO.FileOptions, System.String, Boolean), Línea: 0] - No se puede encontrar una parte de la ruta de acceso 'C:\inetpub\wwwroot\mrv-minem\Archivos\Sustentatorios\d9251115-84d1-43d8-ac8f-cc3e86d86c65.jpg'.
04/03/2020 04:12:17 p.m.: [Método: Void .ctor(System.String, System.IO.FileMode), Línea: 0] - No se puede encontrar una parte de la ruta de acceso 'C:\inetpub\wwwroot\mrv-minem\Archivos\Sustentatorios\d9251115-84d1-43d8-ac8f-cc3e86d86c65.jpg'.
04/03/2020 04:12:17 p.m.: [Método: Void SaveAs(System.String), Línea: 0] - No se puede encontrar una parte de la ruta de acceso 'C:\inetpub\wwwroot\mrv-minem\Archivos\Sustentatorios\d9251115-84d1-43d8-ac8f-cc3e86d86c65.jpg'.
04/03/2020 04:12:17 p.m.: [Método: Void SaveAs(System.String), Línea: 0] - No se puede encontrar una parte de la ruta de acceso 'C:\inetpub\wwwroot\mrv-minem\Archivos\Sustentatorios\d9251115-84d1-43d8-ac8f-cc3e86d86c65.jpg'.
04/03/2020 04:12:17 p.m.: [Método: System.Web.Mvc.JsonResult RegistrarDetalleIndicador(System.Web.HttpPostedFileBase[], System.Web.HttpPostedFileBase[], entidad.minem.gob.pe.IniciativaBE), Línea: 735] - No se puede encontrar una parte de la ruta de acceso 'C:\inetpub\wwwroot\mrv-minem\Archivos\Sustentatorios\d9251115-84d1-43d8-ac8f-cc3e86d86c65.jpg'.
04/03/2020 10:54:22 p.m.: [Método: Void HandleErrorHelper(Int32, Oracle.DataAccess.Client.OracleConnection, IntPtr, Oracle.DataAccess.Client.OpoSqlValCtx*, System.Object, System.String, Boolean, Int32, Oracle.DataAccess.Client.OracleLogicalTransaction), Línea: 0] - ORA-06550: línea 1, columna 35:
PLS-00302: el componente 'USP_SEL_LISTA_TIPO_INICIATIVA' se debe declarar
ORA-06550: línea 1, columna 7:
PL/SQL: Statement ignored
04/03/2020 10:54:22 p.m.: [Método: Void HandleError(Int32, Oracle.DataAccess.Client.OracleConnection, System.String, IntPtr, Oracle.DataAccess.Client.OpoSqlValCtx*, System.Object, Boolean, Oracle.DataAccess.Client.OracleLogicalTransaction), Línea: 0] - ORA-06550: línea 1, columna 35:
PLS-00302: el componente 'USP_SEL_LISTA_TIPO_INICIATIVA' se debe declarar
ORA-06550: línea 1, columna 7:
PL/SQL: Statement ignored
04/03/2020 10:54:22 p.m.: [Método: Oracle.DataAccess.Client.OracleDataReader ExecuteReader(Boolean, Boolean, System.Data.CommandBehavior), Línea: 0] - ORA-06550: línea 1, columna 35:
PLS-00302: el componente 'USP_SEL_LISTA_TIPO_INICIATIVA' se debe declarar
ORA-06550: línea 1, columna 7:
PL/SQL: Statement ignored
04/03/2020 10:54:22 p.m.: [Método: System.Data.Common.DbDataReader ExecuteDbDataReader(System.Data.CommandBehavior), Línea: 0] - ORA-06550: línea 1, columna 35:
PLS-00302: el componente 'USP_SEL_LISTA_TIPO_INICIATIVA' se debe declarar
ORA-06550: línea 1, columna 7:
PL/SQL: Statement ignored
04/03/2020 10:54:22 p.m.: [Método: System.Data.IDataReader System.Data.IDbCommand.ExecuteReader(System.Data.CommandBehavior), Línea: 0] - ORA-06550: línea 1, columna 35:
PLS-00302: el componente 'USP_SEL_LISTA_TIPO_INICIATIVA' se debe declarar
ORA-06550: línea 1, columna 7:
PL/SQL: Statement ignored
04/03/2020 10:54:22 p.m.: [Método: System.Data.IDataReader ExecuteReaderWithFlagsFallback(System.Data.IDbCommand, Boolean, System.Data.CommandBehavior), Línea: 0] - ORA-06550: línea 1, columna 35:
PLS-00302: el componente 'USP_SEL_LISTA_TIPO_INICIATIVA' se debe declarar
ORA-06550: línea 1, columna 7:
PL/SQL: Statement ignored
04/03/2020 10:54:22 p.m.: [Método: Boolean MoveNext(), Línea: 0] - ORA-06550: línea 1, columna 35:
PLS-00302: el componente 'USP_SEL_LISTA_TIPO_INICIATIVA' se debe declarar
ORA-06550: línea 1, columna 7:
PL/SQL: Statement ignored
04/03/2020 10:54:22 p.m.: [Método: Void .ctor(System.Collections.Generic.IEnumerable`1[T]), Línea: 0] - ORA-06550: línea 1, columna 35:
PLS-00302: el componente 'USP_SEL_LISTA_TIPO_INICIATIVA' se debe declarar
ORA-06550: línea 1, columna 7:
PL/SQL: Statement ignored
04/03/2020 10:54:22 p.m.: [Método: System.Collections.Generic.List`1[TSource] ToList[TSource](System.Collections.Generic.IEnumerable`1[TSource]), Línea: 0] - ORA-06550: línea 1, columna 35:
PLS-00302: el componente 'USP_SEL_LISTA_TIPO_INICIATIVA' se debe declarar
ORA-06550: línea 1, columna 7:
PL/SQL: Statement ignored
04/03/2020 10:54:22 p.m.: [Método: System.Collections.Generic.IEnumerable`1[T] Query[T](System.Data.IDbConnection, System.String, System.Object, System.Data.IDbTransaction, Boolean, System.Nullable`1[System.Int32], System.Nullable`1[System.Data.CommandType]), Línea: 0] - ORA-06550: línea 1, columna 35:
PLS-00302: el componente 'USP_SEL_LISTA_TIPO_INICIATIVA' se debe declarar
ORA-06550: línea 1, columna 7:
PL/SQL: Statement ignored
04/03/2020 10:54:22 p.m.: [Método: System.Collections.Generic.List`1[entidad.minem.gob.pe.TipoIniciativaBE] ListarTipoIniciativa(), Línea: 30] - ORA-06550: línea 1, columna 35:
PLS-00302: el componente 'USP_SEL_LISTA_TIPO_INICIATIVA' se debe declarar
ORA-06550: línea 1, columna 7:
PL/SQL: Statement ignored
04/03/2020 10:55:10 p.m.: [Método: Void ThrowArgumentOutOfRangeException(System.ExceptionArgument, System.ExceptionResource), Línea: 0] - El índice estaba fuera del intervalo. Debe ser un valor no negativo e inferior al tamaño de la colección.
Nombre del parámetro: index
04/03/2020 10:55:10 p.m.: [Método: T get_Item(Int32), Línea: 0] - El índice estaba fuera del intervalo. Debe ser un valor no negativo e inferior al tamaño de la colección.
Nombre del parámetro: index
04/03/2020 10:55:10 p.m.: [Método: Void ExportarToExcelDetalleIndicador(entidad.minem.gob.pe.IndicadorBE), Línea: 2142] - El índice estaba fuera del intervalo. Debe ser un valor no negativo e inferior al tamaño de la colección.
Nombre del parámetro: index
04/03/2020 10:55:10 p.m.: [Método: Void ExportarDetalleIndicador(System.String), Línea: 2126] - El índice estaba fuera del intervalo. Debe ser un valor no negativo e inferior al tamaño de la colección.
Nombre del parámetro: index
04/03/2020 11:07:08 p.m.: [Método: Void HandleErrorHelper(Int32, Oracle.DataAccess.Client.OracleConnection, IntPtr, Oracle.DataAccess.Client.OpoSqlValCtx*, System.Object, System.String, Boolean, Int32, Oracle.DataAccess.Client.OracleLogicalTransaction), Línea: 0] - ORA-06550: línea 1, columna 35:
PLS-00302: el componente 'USP_SEL_LISTA_TIPO_INICIATIVA' se debe declarar
ORA-06550: línea 1, columna 7:
PL/SQL: Statement ignored
04/03/2020 11:07:08 p.m.: [Método: Void HandleError(Int32, Oracle.DataAccess.Client.OracleConnection, System.String, IntPtr, Oracle.DataAccess.Client.OpoSqlValCtx*, System.Object, Boolean, Oracle.DataAccess.Client.OracleLogicalTransaction), Línea: 0] - ORA-06550: línea 1, columna 35:
PLS-00302: el componente 'USP_SEL_LISTA_TIPO_INICIATIVA' se debe declarar
ORA-06550: línea 1, columna 7:
PL/SQL: Statement ignored
04/03/2020 11:07:08 p.m.: [Método: Oracle.DataAccess.Client.OracleDataReader ExecuteReader(Boolean, Boolean, System.Data.CommandBehavior), Línea: 0] - ORA-06550: línea 1, columna 35:
PLS-00302: el componente 'USP_SEL_LISTA_TIPO_INICIATIVA' se debe declarar
ORA-06550: línea 1, columna 7:
PL/SQL: Statement ignored
04/03/2020 11:07:08 p.m.: [Método: System.Data.Common.DbDataReader ExecuteDbDataReader(System.Data.CommandBehavior), Línea: 0] - ORA-06550: línea 1, columna 35:
PLS-00302: el componente 'USP_SEL_LISTA_TIPO_INICIATIVA' se debe declarar
ORA-06550: línea 1, columna 7:
PL/SQL: Statement ignored
04/03/2020 11:07:08 p.m.: [Método: System.Data.IDataReader System.Data.IDbCommand.ExecuteReader(System.Data.CommandBehavior), Línea: 0] - ORA-06550: línea 1, columna 35:
PLS-00302: el componente 'USP_SEL_LISTA_TIPO_INICIATIVA' se debe declarar
ORA-06550: línea 1, columna 7:
PL/SQL: Statement ignored
04/03/2020 11:07:08 p.m.: [Método: System.Data.IDataReader ExecuteReaderWithFlagsFallback(System.Data.IDbCommand, Boolean, System.Data.CommandBehavior), Línea: 0] - ORA-06550: línea 1, columna 35:
PLS-00302: el componente 'USP_SEL_LISTA_TIPO_INICIATIVA' se debe declarar
ORA-06550: línea 1, columna 7:
PL/SQL: Statement ignored
04/03/2020 11:07:08 p.m.: [Método: Boolean MoveNext(), Línea: 0] - ORA-06550: línea 1, columna 35:
PLS-00302: el componente 'USP_SEL_LISTA_TIPO_INICIATIVA' se debe declarar
ORA-06550: línea 1, columna 7:
PL/SQL: Statement ignored
04/03/2020 11:07:08 p.m.: [Método: Void .ctor(System.Collections.Generic.IEnumerable`1[T]), Línea: 0] - ORA-06550: línea 1, columna 35:
PLS-00302: el componente 'USP_SEL_LISTA_TIPO_INICIATIVA' se debe declarar
ORA-06550: línea 1, columna 7:
PL/SQL: Statement ignored
04/03/2020 11:07:08 p.m.: [Método: System.Collections.Generic.List`1[TSource] ToList[TSource](System.Collections.Generic.IEnumerable`1[TSource]), Línea: 0] - ORA-06550: línea 1, columna 35:
PLS-00302: el componente 'USP_SEL_LISTA_TIPO_INICIATIVA' se debe declarar
ORA-06550: línea 1, columna 7:
PL/SQL: Statement ignored
04/03/2020 11:07:08 p.m.: [Método: System.Collections.Generic.IEnumerable`1[T] Query[T](System.Data.IDbConnection, System.String, System.Object, System.Data.IDbTransaction, Boolean, System.Nullable`1[System.Int32], System.Nullable`1[System.Data.CommandType]), Línea: 0] - ORA-06550: línea 1, columna 35:
PLS-00302: el componente 'USP_SEL_LISTA_TIPO_INICIATIVA' se debe declarar
ORA-06550: línea 1, columna 7:
PL/SQL: Statement ignored
04/03/2020 11:07:08 p.m.: [Método: System.Collections.Generic.List`1[entidad.minem.gob.pe.TipoIniciativaBE] ListarTipoIniciativa(), Línea: 30] - ORA-06550: línea 1, columna 35:
PLS-00302: el componente 'USP_SEL_LISTA_TIPO_INICIATIVA' se debe declarar
ORA-06550: línea 1, columna 7:
PL/SQL: Statement ignored
04/03/2020 11:09:31 p.m.: [Método: Void HandleErrorHelper(Int32, Oracle.DataAccess.Client.OracleConnection, IntPtr, Oracle.DataAccess.Client.OpoSqlValCtx*, System.Object, System.String, Boolean, Int32, Oracle.DataAccess.Client.OracleLogicalTransaction), Línea: 0] - ORA-06550: línea 1, columna 35:
PLS-00302: el componente 'USP_SEL_LISTA_TIPO_INICIATIVA' se debe declarar
ORA-06550: línea 1, columna 7:
PL/SQL: Statement ignored
04/03/2020 11:09:31 p.m.: [Método: Void HandleError(Int32, Oracle.DataAccess.Client.OracleConnection, System.String, IntPtr, Oracle.DataAccess.Client.OpoSqlValCtx*, System.Object, Boolean, Oracle.DataAccess.Client.OracleLogicalTransaction), Línea: 0] - ORA-06550: línea 1, columna 35:
PLS-00302: el componente 'USP_SEL_LISTA_TIPO_INICIATIVA' se debe declarar
ORA-06550: línea 1, columna 7:
PL/SQL: Statement ignored
04/03/2020 11:09:31 p.m.: [Método: Oracle.DataAccess.Client.OracleDataReader ExecuteReader(Boolean, Boolean, System.Data.CommandBehavior), Línea: 0] - ORA-06550: línea 1, columna 35:
PLS-00302: el componente 'USP_SEL_LISTA_TIPO_INICIATIVA' se debe declarar
ORA-06550: línea 1, columna 7:
PL/SQL: Statement ignored
04/03/2020 11:09:31 p.m.: [Método: System.Data.Common.DbDataReader ExecuteDbDataReader(System.Data.CommandBehavior), Línea: 0] - ORA-06550: línea 1, columna 35:
PLS-00302: el componente 'USP_SEL_LISTA_TIPO_INICIATIVA' se debe declarar
ORA-06550: línea 1, columna 7:
PL/SQL: Statement ignored
04/03/2020 11:09:31 p.m.: [Método: System.Data.IDataReader System.Data.IDbCommand.ExecuteReader(System.Data.CommandBehavior), Línea: 0] - ORA-06550: línea 1, columna 35:
PLS-00302: el componente 'USP_SEL_LISTA_TIPO_INICIATIVA' se debe declarar
ORA-06550: línea 1, columna 7:
PL/SQL: Statement ignored
04/03/2020 11:09:31 p.m.: [Método: System.Data.IDataReader ExecuteReaderWithFlagsFallback(System.Data.IDbCommand, Boolean, System.Data.CommandBehavior), Línea: 0] - ORA-06550: línea 1, columna 35:
PLS-00302: el componente 'USP_SEL_LISTA_TIPO_INICIATIVA' se debe declarar
ORA-06550: línea 1, columna 7:
PL/SQL: Statement ignored
04/03/2020 11:09:31 p.m.: [Método: Boolean MoveNext(), Línea: 0] - ORA-06550: línea 1, columna 35:
PLS-00302: el componente 'USP_SEL_LISTA_TIPO_INICIATIVA' se debe declarar
ORA-06550: línea 1, columna 7:
PL/SQL: Statement ignored
04/03/2020 11:09:31 p.m.: [Método: Void .ctor(System.Collections.Generic.IEnumerable`1[T]), Línea: 0] - ORA-06550: línea 1, columna 35:
PLS-00302: el componente 'USP_SEL_LISTA_TIPO_INICIATIVA' se debe declarar
ORA-06550: línea 1, columna 7:
PL/SQL: Statement ignored
04/03/2020 11:09:31 p.m.: [Método: System.Collections.Generic.List`1[TSource] ToList[TSource](System.Collections.Generic.IEnumerable`1[TSource]), Línea: 0] - ORA-06550: línea 1, columna 35:
PLS-00302: el componente 'USP_SEL_LISTA_TIPO_INICIATIVA' se debe declarar
ORA-06550: línea 1, columna 7:
PL/SQL: Statement ignored
04/03/2020 11:09:31 p.m.: [Método: System.Collections.Generic.IEnumerable`1[T] Query[T](System.Data.IDbConnection, System.String, System.Object, System.Data.IDbTransaction, Boolean, System.Nullable`1[System.Int32], System.Nullable`1[System.Data.CommandType]), Línea: 0] - ORA-06550: línea 1, columna 35:
PLS-00302: el componente 'USP_SEL_LISTA_TIPO_INICIATIVA' se debe declarar
ORA-06550: línea 1, columna 7:
PL/SQL: Statement ignored
04/03/2020 11:09:31 p.m.: [Método: System.Collections.Generic.List`1[entidad.minem.gob.pe.TipoIniciativaBE] ListarTipoIniciativa(), Línea: 30] - ORA-06550: línea 1, columna 35:
PLS-00302: el componente 'USP_SEL_LISTA_TIPO_INICIATIVA' se debe declarar
ORA-06550: línea 1, columna 7:
PL/SQL: Statement ignored
04/03/2020 11:10:05 p.m.: [Método: Void HandleErrorHelper(Int32, Oracle.DataAccess.Client.OracleConnection, IntPtr, Oracle.DataAccess.Client.OpoSqlValCtx*, System.Object, System.String, Boolean, Int32, Oracle.DataAccess.Client.OracleLogicalTransaction), Línea: 0] - ORA-06550: línea 1, columna 35:
PLS-00302: el componente 'USP_SEL_LISTA_TIPO_INICIATIVA' se debe declarar
ORA-06550: línea 1, columna 7:
PL/SQL: Statement ignored
04/03/2020 11:10:05 p.m.: [Método: Void HandleError(Int32, Oracle.DataAccess.Client.OracleConnection, System.String, IntPtr, Oracle.DataAccess.Client.OpoSqlValCtx*, System.Object, Boolean, Oracle.DataAccess.Client.OracleLogicalTransaction), Línea: 0] - ORA-06550: línea 1, columna 35:
PLS-00302: el componente 'USP_SEL_LISTA_TIPO_INICIATIVA' se debe declarar
ORA-06550: línea 1, columna 7:
PL/SQL: Statement ignored
04/03/2020 11:10:05 p.m.: [Método: Oracle.DataAccess.Client.OracleDataReader ExecuteReader(Boolean, Boolean, System.Data.CommandBehavior), Línea: 0] - ORA-06550: línea 1, columna 35:
PLS-00302: el componente 'USP_SEL_LISTA_TIPO_INICIATIVA' se debe declarar
ORA-06550: línea 1, columna 7:
PL/SQL: Statement ignored
04/03/2020 11:10:05 p.m.: [Método: System.Data.Common.DbDataReader ExecuteDbDataReader(System.Data.CommandBehavior), Línea: 0] - ORA-06550: línea 1, columna 35:
PLS-00302: el componente 'USP_SEL_LISTA_TIPO_INICIATIVA' se debe declarar
ORA-06550: línea 1, columna 7:
PL/SQL: Statement ignored
04/03/2020 11:10:05 p.m.: [Método: System.Data.IDataReader System.Data.IDbCommand.ExecuteReader(System.Data.CommandBehavior), Línea: 0] - ORA-06550: línea 1, columna 35:
PLS-00302: el componente 'USP_SEL_LISTA_TIPO_INICIATIVA' se debe declarar
ORA-06550: línea 1, columna 7:
PL/SQL: Statement ignored
04/03/2020 11:10:05 p.m.: [Método: System.Data.IDataReader ExecuteReaderWithFlagsFallback(System.Data.IDbCommand, Boolean, System.Data.CommandBehavior), Línea: 0] - ORA-06550: línea 1, columna 35:
PLS-00302: el componente 'USP_SEL_LISTA_TIPO_INICIATIVA' se debe declarar
ORA-06550: línea 1, columna 7:
PL/SQL: Statement ignored
04/03/2020 11:10:05 p.m.: [Método: Boolean MoveNext(), Línea: 0] - ORA-06550: línea 1, columna 35:
PLS-00302: el componente 'USP_SEL_LISTA_TIPO_INICIATIVA' se debe declarar
ORA-06550: línea 1, columna 7:
PL/SQL: Statement ignored
04/03/2020 11:10:05 p.m.: [Método: Void .ctor(System.Collections.Generic.IEnumerable`1[T]), Línea: 0] - ORA-06550: línea 1, columna 35:
PLS-00302: el componente 'USP_SEL_LISTA_TIPO_INICIATIVA' se debe declarar
ORA-06550: línea 1, columna 7:
PL/SQL: Statement ignored
04/03/2020 11:10:05 p.m.: [Método: System.Collections.Generic.List`1[TSource] ToList[TSource](System.Collections.Generic.IEnumerable`1[TSource]), Línea: 0] - ORA-06550: línea 1, columna 35:
PLS-00302: el componente 'USP_SEL_LISTA_TIPO_INICIATIVA' se debe declarar
ORA-06550: línea 1, columna 7:
PL/SQL: Statement ignored
04/03/2020 11:10:05 p.m.: [Método: System.Collections.Generic.IEnumerable`1[T] Query[T](System.Data.IDbConnection, System.String, System.Object, System.Data.IDbTransaction, Boolean, System.Nullable`1[System.Int32], System.Nullable`1[System.Data.CommandType]), Línea: 0] - ORA-06550: línea 1, columna 35:
PLS-00302: el componente 'USP_SEL_LISTA_TIPO_INICIATIVA' se debe declarar
ORA-06550: línea 1, columna 7:
PL/SQL: Statement ignored
04/03/2020 11:10:05 p.m.: [Método: System.Collections.Generic.List`1[entidad.minem.gob.pe.TipoIniciativaBE] ListarTipoIniciativa(), Línea: 30] - ORA-06550: línea 1, columna 35:
PLS-00302: el componente 'USP_SEL_LISTA_TIPO_INICIATIVA' se debe declarar
ORA-06550: línea 1, columna 7:
PL/SQL: Statement ignored
04/03/2020 11:13:59 p.m.: [Método: Void ThrowArgumentOutOfRangeException(System.ExceptionArgument, System.ExceptionResource), Línea: 0] - El índice estaba fuera del intervalo. Debe ser un valor no negativo e inferior al tamaño de la colección.
Nombre del parámetro: index
04/03/2020 11:13:59 p.m.: [Método: T get_Item(Int32), Línea: 0] - El índice estaba fuera del intervalo. Debe ser un valor no negativo e inferior al tamaño de la colección.
Nombre del parámetro: index
04/03/2020 11:13:59 p.m.: [Método: Void ExportarToExcelDetalleIndicador(entidad.minem.gob.pe.IndicadorBE), Línea: 2142] - El índice estaba fuera del intervalo. Debe ser un valor no negativo e inferior al tamaño de la colección.
Nombre del parámetro: index
04/03/2020 11:13:59 p.m.: [Método: Void ExportarDetalleIndicador(System.String), Línea: 2126] - El índice estaba fuera del intervalo. Debe ser un valor no negativo e inferior al tamaño de la colección.
Nombre del parámetro: index
04/03/2020 11:14:41 p.m.: [Método: Void ThrowArgumentOutOfRangeException(System.ExceptionArgument, System.ExceptionResource), Línea: 0] - El índice estaba fuera del intervalo. Debe ser un valor no negativo e inferior al tamaño de la colección.
Nombre del parámetro: index
04/03/2020 11:14:41 p.m.: [Método: T get_Item(Int32), Línea: 0] - El índice estaba fuera del intervalo. Debe ser un valor no negativo e inferior al tamaño de la colección.
Nombre del parámetro: index
04/03/2020 11:14:41 p.m.: [Método: Void ExportarToExcelDetalleIndicador(entidad.minem.gob.pe.IndicadorBE), Línea: 2142] - El índice estaba fuera del intervalo. Debe ser un valor no negativo e inferior al tamaño de la colección.
Nombre del parámetro: index
04/03/2020 11:14:41 p.m.: [Método: Void ExportarDetalleIndicador(System.String), Línea: 2126] - El índice estaba fuera del intervalo. Debe ser un valor no negativo e inferior al tamaño de la colección.
Nombre del parámetro: index
04/03/2020 11:16:23 p.m.: [Método: Void ThrowArgumentOutOfRangeException(System.ExceptionArgument, System.ExceptionResource), Línea: 0] - El índice estaba fuera del intervalo. Debe ser un valor no negativo e inferior al tamaño de la colección.
Nombre del parámetro: index
04/03/2020 11:16:23 p.m.: [Método: T get_Item(Int32), Línea: 0] - El índice estaba fuera del intervalo. Debe ser un valor no negativo e inferior al tamaño de la colección.
Nombre del parámetro: index
04/03/2020 11:16:23 p.m.: [Método: Void ExportarToExcelDetalleIndicador(entidad.minem.gob.pe.IndicadorBE), Línea: 2142] - El índice estaba fuera del intervalo. Debe ser un valor no negativo e inferior al tamaño de la colección.
Nombre del parámetro: index
04/03/2020 11:16:23 p.m.: [Método: Void ExportarDetalleIndicador(System.String), Línea: 2126] - El índice estaba fuera del intervalo. Debe ser un valor no negativo e inferior al tamaño de la colección.
Nombre del parámetro: index
04/03/2020 11:19:52 p.m.: [Método: Void ThrowArgumentOutOfRangeException(System.ExceptionArgument, System.ExceptionResource), Línea: 0] - El índice estaba fuera del intervalo. Debe ser un valor no negativo e inferior al tamaño de la colección.
Nombre del parámetro: index
04/03/2020 11:19:52 p.m.: [Método: T get_Item(Int32), Línea: 0] - El índice estaba fuera del intervalo. Debe ser un valor no negativo e inferior al tamaño de la colección.
Nombre del parámetro: index
04/03/2020 11:19:52 p.m.: [Método: Void ExportarToExcelDetalleIndicador(entidad.minem.gob.pe.IndicadorBE), Línea: 2142] - El índice estaba fuera del intervalo. Debe ser un valor no negativo e inferior al tamaño de la colección.
Nombre del parámetro: index
04/03/2020 11:19:52 p.m.: [Método: Void ExportarDetalleIndicador(System.String), Línea: 2126] - El índice estaba fuera del intervalo. Debe ser un valor no negativo e inferior al tamaño de la colección.
Nombre del parámetro: index
04/03/2020 11:21:48 p.m.: [Método: Void ThrowArgumentOutOfRangeException(System.ExceptionArgument, System.ExceptionResource), Línea: 0] - El índice estaba fuera del intervalo. Debe ser un valor no negativo e inferior al tamaño de la colección.
Nombre del parámetro: index
04/03/2020 11:21:48 p.m.: [Método: T get_Item(Int32), Línea: 0] - El índice estaba fuera del intervalo. Debe ser un valor no negativo e inferior al tamaño de la colección.
Nombre del parámetro: index
04/03/2020 11:21:48 p.m.: [Método: Void ExportarToExcelDetalleIndicador(entidad.minem.gob.pe.IndicadorBE), Línea: 2142] - El índice estaba fuera del intervalo. Debe ser un valor no negativo e inferior al tamaño de la colección.
Nombre del parámetro: index
04/03/2020 11:21:48 p.m.: [Método: Void ExportarDetalleIndicador(System.String), Línea: 2126] - El índice estaba fuera del intervalo. Debe ser un valor no negativo e inferior al tamaño de la colección.
Nombre del parámetro: index
04/03/2020 11:23:33 p.m.: [Método: Void ThrowArgumentOutOfRangeException(System.ExceptionArgument, System.ExceptionResource), Línea: 0] - El índice estaba fuera del intervalo. Debe ser un valor no negativo e inferior al tamaño de la colección.
Nombre del parámetro: index
04/03/2020 11:23:33 p.m.: [Método: T get_Item(Int32), Línea: 0] - El índice estaba fuera del intervalo. Debe ser un valor no negativo e inferior al tamaño de la colección.
Nombre del parámetro: index
04/03/2020 11:23:33 p.m.: [Método: Void ExportarToExcelDetalleIndicador(entidad.minem.gob.pe.IndicadorBE), Línea: 2142] - El índice estaba fuera del intervalo. Debe ser un valor no negativo e inferior al tamaño de la colección.
Nombre del parámetro: index
04/03/2020 11:23:33 p.m.: [Método: Void ExportarDetalleIndicador(System.String), Línea: 2126] - El índice estaba fuera del intervalo. Debe ser un valor no negativo e inferior al tamaño de la colección.
Nombre del parámetro: index
