30/03/2020 03:27:41 p.m.: [Método: Void ThrowForNonSuccess(System.Threading.Tasks.Task), Línea: 0] - Error al enviar la solicitud.
30/03/2020 03:27:41 p.m.: [Método: Void HandleNonSuccessAndDebuggerNotification(System.Threading.Tasks.Task), Línea: 0] - Error al enviar la solicitud.
30/03/2020 03:27:41 p.m.: [Método: TResult GetResult(), Línea: 0] - Error al enviar la solicitud.
30/03/2020 03:27:41 p.m.: [Método: Void MoveNext(), Línea: 108] - Error al enviar la solicitud.
30/03/2020 06:18:39 p.m.: [Método: Void HandleErrorHelper(Int32, Oracle.DataAccess.Client.OracleConnection, IntPtr, Oracle.DataAccess.Client.OpoSqlValCtx*, System.Object, System.String, Boolean, Int32, Oracle.DataAccess.Client.OracleLogicalTransaction), Línea: 0] - ORA-06550: línea 1, columna 7:
PLS-00306: número o tipos de argumentos erróneos al llamar a 'USP_SEL_FACTOR_PAGINADO'
ORA-06550: línea 1, columna 7:
PL/SQL: Statement ignored
30/03/2020 06:18:39 p.m.: [Método: Void HandleError(Int32, Oracle.DataAccess.Client.OracleConnection, System.String, IntPtr, Oracle.DataAccess.Client.OpoSqlValCtx*, System.Object, Boolean, Oracle.DataAccess.Client.OracleLogicalTransaction), Línea: 0] - ORA-06550: línea 1, columna 7:
PLS-00306: número o tipos de argumentos erróneos al llamar a 'USP_SEL_FACTOR_PAGINADO'
ORA-06550: línea 1, columna 7:
PL/SQL: Statement ignored
30/03/2020 06:18:39 p.m.: [Método: Oracle.DataAccess.Client.OracleDataReader ExecuteReader(Boolean, Boolean, System.Data.CommandBehavior), Línea: 0] - ORA-06550: línea 1, columna 7:
PLS-00306: número o tipos de argumentos erróneos al llamar a 'USP_SEL_FACTOR_PAGINADO'
ORA-06550: línea 1, columna 7:
PL/SQL: Statement ignored
30/03/2020 06:18:39 p.m.: [Método: System.Data.Common.DbDataReader ExecuteDbDataReader(System.Data.CommandBehavior), Línea: 0] - ORA-06550: línea 1, columna 7:
PLS-00306: número o tipos de argumentos erróneos al llamar a 'USP_SEL_FACTOR_PAGINADO'
ORA-06550: línea 1, columna 7:
PL/SQL: Statement ignored
30/03/2020 06:18:39 p.m.: [Método: System.Data.IDataReader System.Data.IDbCommand.ExecuteReader(System.Data.CommandBehavior), Línea: 0] - ORA-06550: línea 1, columna 7:
PLS-00306: número o tipos de argumentos erróneos al llamar a 'USP_SEL_FACTOR_PAGINADO'
ORA-06550: línea 1, columna 7:
PL/SQL: Statement ignored
30/03/2020 06:18:39 p.m.: [Método: System.Data.IDataReader ExecuteReaderWithFlagsFallback(System.Data.IDbCommand, Boolean, System.Data.CommandBehavior), Línea: 0] - ORA-06550: línea 1, columna 7:
PLS-00306: número o tipos de argumentos erróneos al llamar a 'USP_SEL_FACTOR_PAGINADO'
ORA-06550: línea 1, columna 7:
PL/SQL: Statement ignored
30/03/2020 06:18:39 p.m.: [Método: Boolean MoveNext(), Línea: 0] - ORA-06550: línea 1, columna 7:
PLS-00306: número o tipos de argumentos erróneos al llamar a 'USP_SEL_FACTOR_PAGINADO'
ORA-06550: línea 1, columna 7:
PL/SQL: Statement ignored
30/03/2020 06:18:39 p.m.: [Método: Void .ctor(System.Collections.Generic.IEnumerable`1[T]), Línea: 0] - ORA-06550: línea 1, columna 7:
PLS-00306: número o tipos de argumentos erróneos al llamar a 'USP_SEL_FACTOR_PAGINADO'
ORA-06550: línea 1, columna 7:
PL/SQL: Statement ignored
30/03/2020 06:18:39 p.m.: [Método: System.Collections.Generic.List`1[TSource] ToList[TSource](System.Collections.Generic.IEnumerable`1[TSource]), Línea: 0] - ORA-06550: línea 1, columna 7:
PLS-00306: número o tipos de argumentos erróneos al llamar a 'USP_SEL_FACTOR_PAGINADO'
ORA-06550: línea 1, columna 7:
PL/SQL: Statement ignored
30/03/2020 06:18:39 p.m.: [Método: System.Collections.Generic.IEnumerable`1[T] Query[T](System.Data.IDbConnection, System.String, System.Object, System.Data.IDbTransaction, Boolean, System.Nullable`1[System.Int32], System.Nullable`1[System.Data.CommandType]), Línea: 0] - ORA-06550: línea 1, columna 7:
PLS-00306: número o tipos de argumentos erróneos al llamar a 'USP_SEL_FACTOR_PAGINADO'
ORA-06550: línea 1, columna 7:
PL/SQL: Statement ignored
30/03/2020 06:18:39 p.m.: [Método: System.Collections.Generic.List`1[entidad.minem.gob.pe.FactorBE] ListaFactorPaginado(entidad.minem.gob.pe.FactorBE), Línea: 371] - ORA-06550: línea 1, columna 7:
PLS-00306: número o tipos de argumentos erróneos al llamar a 'USP_SEL_FACTOR_PAGINADO'
ORA-06550: línea 1, columna 7:
PL/SQL: Statement ignored
30/03/2020 06:20:43 p.m.: [Método: Void HandleErrorHelper(Int32, Oracle.DataAccess.Client.OracleConnection, IntPtr, Oracle.DataAccess.Client.OpoSqlValCtx*, System.Object, System.String, Boolean, Int32, Oracle.DataAccess.Client.OracleLogicalTransaction), Línea: 0] - ORA-06550: línea 1, columna 7:
PLS-00306: número o tipos de argumentos erróneos al llamar a 'USP_SEL_FACTOR_PAGINADO'
ORA-06550: línea 1, columna 7:
PL/SQL: Statement ignored
30/03/2020 06:20:43 p.m.: [Método: Void HandleError(Int32, Oracle.DataAccess.Client.OracleConnection, System.String, IntPtr, Oracle.DataAccess.Client.OpoSqlValCtx*, System.Object, Boolean, Oracle.DataAccess.Client.OracleLogicalTransaction), Línea: 0] - ORA-06550: línea 1, columna 7:
PLS-00306: número o tipos de argumentos erróneos al llamar a 'USP_SEL_FACTOR_PAGINADO'
ORA-06550: línea 1, columna 7:
PL/SQL: Statement ignored
30/03/2020 06:20:43 p.m.: [Método: Oracle.DataAccess.Client.OracleDataReader ExecuteReader(Boolean, Boolean, System.Data.CommandBehavior), Línea: 0] - ORA-06550: línea 1, columna 7:
PLS-00306: número o tipos de argumentos erróneos al llamar a 'USP_SEL_FACTOR_PAGINADO'
ORA-06550: línea 1, columna 7:
PL/SQL: Statement ignored
30/03/2020 06:20:43 p.m.: [Método: System.Data.Common.DbDataReader ExecuteDbDataReader(System.Data.CommandBehavior), Línea: 0] - ORA-06550: línea 1, columna 7:
PLS-00306: número o tipos de argumentos erróneos al llamar a 'USP_SEL_FACTOR_PAGINADO'
ORA-06550: línea 1, columna 7:
PL/SQL: Statement ignored
30/03/2020 06:20:43 p.m.: [Método: System.Data.IDataReader System.Data.IDbCommand.ExecuteReader(System.Data.CommandBehavior), Línea: 0] - ORA-06550: línea 1, columna 7:
PLS-00306: número o tipos de argumentos erróneos al llamar a 'USP_SEL_FACTOR_PAGINADO'
ORA-06550: línea 1, columna 7:
PL/SQL: Statement ignored
30/03/2020 06:20:43 p.m.: [Método: System.Data.IDataReader ExecuteReaderWithFlagsFallback(System.Data.IDbCommand, Boolean, System.Data.CommandBehavior), Línea: 0] - ORA-06550: línea 1, columna 7:
PLS-00306: número o tipos de argumentos erróneos al llamar a 'USP_SEL_FACTOR_PAGINADO'
ORA-06550: línea 1, columna 7:
PL/SQL: Statement ignored
30/03/2020 06:20:43 p.m.: [Método: Boolean MoveNext(), Línea: 0] - ORA-06550: línea 1, columna 7:
PLS-00306: número o tipos de argumentos erróneos al llamar a 'USP_SEL_FACTOR_PAGINADO'
ORA-06550: línea 1, columna 7:
PL/SQL: Statement ignored
30/03/2020 06:20:43 p.m.: [Método: Void .ctor(System.Collections.Generic.IEnumerable`1[T]), Línea: 0] - ORA-06550: línea 1, columna 7:
PLS-00306: número o tipos de argumentos erróneos al llamar a 'USP_SEL_FACTOR_PAGINADO'
ORA-06550: línea 1, columna 7:
PL/SQL: Statement ignored
30/03/2020 06:20:43 p.m.: [Método: System.Collections.Generic.List`1[TSource] ToList[TSource](System.Collections.Generic.IEnumerable`1[TSource]), Línea: 0] - ORA-06550: línea 1, columna 7:
PLS-00306: número o tipos de argumentos erróneos al llamar a 'USP_SEL_FACTOR_PAGINADO'
ORA-06550: línea 1, columna 7:
PL/SQL: Statement ignored
30/03/2020 06:20:43 p.m.: [Método: System.Collections.Generic.IEnumerable`1[T] Query[T](System.Data.IDbConnection, System.String, System.Object, System.Data.IDbTransaction, Boolean, System.Nullable`1[System.Int32], System.Nullable`1[System.Data.CommandType]), Línea: 0] - ORA-06550: línea 1, columna 7:
PLS-00306: número o tipos de argumentos erróneos al llamar a 'USP_SEL_FACTOR_PAGINADO'
ORA-06550: línea 1, columna 7:
PL/SQL: Statement ignored
30/03/2020 06:20:43 p.m.: [Método: System.Collections.Generic.List`1[entidad.minem.gob.pe.FactorBE] ListaFactorPaginado(entidad.minem.gob.pe.FactorBE), Línea: 371] - ORA-06550: línea 1, columna 7:
PLS-00306: número o tipos de argumentos erróneos al llamar a 'USP_SEL_FACTOR_PAGINADO'
ORA-06550: línea 1, columna 7:
PL/SQL: Statement ignored
