17/03/2020 03:06:41 a.m.: [Método: Void HandleErrorHelper(Int32, Oracle.DataAccess.Client.OracleConnection, IntPtr, Oracle.DataAccess.Client.OpoSqlValCtx*, System.Object, System.String, Boolean, Int32, Oracle.DataAccess.Client.OracleLogicalTransaction), Línea: 0] - ORA-00918: columna definida de forma ambigua
ORA-06512: en "MRVMM.PKG_MRV_INICIATIVA_MITIGACION", línea 4499
ORA-06512: en línea 1
17/03/2020 03:06:41 a.m.: [Método: Void HandleError(Int32, Oracle.DataAccess.Client.OracleConnection, System.String, IntPtr, Oracle.DataAccess.Client.OpoSqlValCtx*, System.Object, Boolean, Oracle.DataAccess.Client.OracleLogicalTransaction), Línea: 0] - ORA-00918: columna definida de forma ambigua
ORA-06512: en "MRVMM.PKG_MRV_INICIATIVA_MITIGACION", línea 4499
ORA-06512: en línea 1
17/03/2020 03:06:41 a.m.: [Método: Oracle.DataAccess.Client.OracleDataReader ExecuteReader(Boolean, Boolean, System.Data.CommandBehavior), Línea: 0] - ORA-00918: columna definida de forma ambigua
ORA-06512: en "MRVMM.PKG_MRV_INICIATIVA_MITIGACION", línea 4499
ORA-06512: en línea 1
17/03/2020 03:06:41 a.m.: [Método: System.Data.Common.DbDataReader ExecuteDbDataReader(System.Data.CommandBehavior), Línea: 0] - ORA-00918: columna definida de forma ambigua
ORA-06512: en "MRVMM.PKG_MRV_INICIATIVA_MITIGACION", línea 4499
ORA-06512: en línea 1
17/03/2020 03:06:41 a.m.: [Método: System.Data.IDataReader System.Data.IDbCommand.ExecuteReader(System.Data.CommandBehavior), Línea: 0] - ORA-00918: columna definida de forma ambigua
ORA-06512: en "MRVMM.PKG_MRV_INICIATIVA_MITIGACION", línea 4499
ORA-06512: en línea 1
17/03/2020 03:06:41 a.m.: [Método: System.Data.IDataReader ExecuteReaderWithFlagsFallback(System.Data.IDbCommand, Boolean, System.Data.CommandBehavior), Línea: 0] - ORA-00918: columna definida de forma ambigua
ORA-06512: en "MRVMM.PKG_MRV_INICIATIVA_MITIGACION", línea 4499
ORA-06512: en línea 1
17/03/2020 03:06:41 a.m.: [Método: Boolean MoveNext(), Línea: 0] - ORA-00918: columna definida de forma ambigua
ORA-06512: en "MRVMM.PKG_MRV_INICIATIVA_MITIGACION", línea 4499
ORA-06512: en línea 1
17/03/2020 03:06:41 a.m.: [Método: Void .ctor(System.Collections.Generic.IEnumerable`1[T]), Línea: 0] - ORA-00918: columna definida de forma ambigua
ORA-06512: en "MRVMM.PKG_MRV_INICIATIVA_MITIGACION", línea 4499
ORA-06512: en línea 1
17/03/2020 03:06:41 a.m.: [Método: System.Collections.Generic.List`1[TSource] ToList[TSource](System.Collections.Generic.IEnumerable`1[TSource]), Línea: 0] - ORA-00918: columna definida de forma ambigua
ORA-06512: en "MRVMM.PKG_MRV_INICIATIVA_MITIGACION", línea 4499
ORA-06512: en línea 1
17/03/2020 03:06:41 a.m.: [Método: System.Collections.Generic.IEnumerable`1[T] Query[T](System.Data.IDbConnection, System.String, System.Object, System.Data.IDbTransaction, Boolean, System.Nullable`1[System.Int32], System.Nullable`1[System.Data.CommandType]), Línea: 0] - ORA-00918: columna definida de forma ambigua
ORA-06512: en "MRVMM.PKG_MRV_INICIATIVA_MITIGACION", línea 4499
ORA-06512: en línea 1
17/03/2020 03:06:41 a.m.: [Método: System.Collections.Generic.List`1[entidad.minem.gob.pe.IniciativaBE] ListaBusquedaAvanzadoPrivado(entidad.minem.gob.pe.IniciativaBE), Línea: 1707] - ORA-00918: columna definida de forma ambigua
ORA-06512: en "MRVMM.PKG_MRV_INICIATIVA_MITIGACION", línea 4499
ORA-06512: en línea 1
17/03/2020 03:09:58 a.m.: [Método: Void HandleErrorHelper(Int32, Oracle.DataAccess.Client.OracleConnection, IntPtr, Oracle.DataAccess.Client.OpoSqlValCtx*, System.Object, System.String, Boolean, Int32, Oracle.DataAccess.Client.OracleLogicalTransaction), Línea: 0] - ORA-00918: columna definida de forma ambigua
ORA-06512: en "MRVMM.PKG_MRV_INICIATIVA_MITIGACION", línea 4499
ORA-06512: en línea 1
17/03/2020 03:09:58 a.m.: [Método: Void HandleError(Int32, Oracle.DataAccess.Client.OracleConnection, System.String, IntPtr, Oracle.DataAccess.Client.OpoSqlValCtx*, System.Object, Boolean, Oracle.DataAccess.Client.OracleLogicalTransaction), Línea: 0] - ORA-00918: columna definida de forma ambigua
ORA-06512: en "MRVMM.PKG_MRV_INICIATIVA_MITIGACION", línea 4499
ORA-06512: en línea 1
17/03/2020 03:09:58 a.m.: [Método: Oracle.DataAccess.Client.OracleDataReader ExecuteReader(Boolean, Boolean, System.Data.CommandBehavior), Línea: 0] - ORA-00918: columna definida de forma ambigua
ORA-06512: en "MRVMM.PKG_MRV_INICIATIVA_MITIGACION", línea 4499
ORA-06512: en línea 1
17/03/2020 03:09:58 a.m.: [Método: System.Data.Common.DbDataReader ExecuteDbDataReader(System.Data.CommandBehavior), Línea: 0] - ORA-00918: columna definida de forma ambigua
ORA-06512: en "MRVMM.PKG_MRV_INICIATIVA_MITIGACION", línea 4499
ORA-06512: en línea 1
17/03/2020 03:09:58 a.m.: [Método: System.Data.IDataReader System.Data.IDbCommand.ExecuteReader(System.Data.CommandBehavior), Línea: 0] - ORA-00918: columna definida de forma ambigua
ORA-06512: en "MRVMM.PKG_MRV_INICIATIVA_MITIGACION", línea 4499
ORA-06512: en línea 1
17/03/2020 03:09:58 a.m.: [Método: System.Data.IDataReader ExecuteReaderWithFlagsFallback(System.Data.IDbCommand, Boolean, System.Data.CommandBehavior), Línea: 0] - ORA-00918: columna definida de forma ambigua
ORA-06512: en "MRVMM.PKG_MRV_INICIATIVA_MITIGACION", línea 4499
ORA-06512: en línea 1
17/03/2020 03:09:58 a.m.: [Método: Boolean MoveNext(), Línea: 0] - ORA-00918: columna definida de forma ambigua
ORA-06512: en "MRVMM.PKG_MRV_INICIATIVA_MITIGACION", línea 4499
ORA-06512: en línea 1
17/03/2020 03:09:58 a.m.: [Método: Void .ctor(System.Collections.Generic.IEnumerable`1[T]), Línea: 0] - ORA-00918: columna definida de forma ambigua
ORA-06512: en "MRVMM.PKG_MRV_INICIATIVA_MITIGACION", línea 4499
ORA-06512: en línea 1
17/03/2020 03:09:58 a.m.: [Método: System.Collections.Generic.List`1[TSource] ToList[TSource](System.Collections.Generic.IEnumerable`1[TSource]), Línea: 0] - ORA-00918: columna definida de forma ambigua
ORA-06512: en "MRVMM.PKG_MRV_INICIATIVA_MITIGACION", línea 4499
ORA-06512: en línea 1
17/03/2020 03:09:58 a.m.: [Método: System.Collections.Generic.IEnumerable`1[T] Query[T](System.Data.IDbConnection, System.String, System.Object, System.Data.IDbTransaction, Boolean, System.Nullable`1[System.Int32], System.Nullable`1[System.Data.CommandType]), Línea: 0] - ORA-00918: columna definida de forma ambigua
ORA-06512: en "MRVMM.PKG_MRV_INICIATIVA_MITIGACION", línea 4499
ORA-06512: en línea 1
17/03/2020 03:09:58 a.m.: [Método: System.Collections.Generic.List`1[entidad.minem.gob.pe.IniciativaBE] ListaBusquedaAvanzadoPrivado(entidad.minem.gob.pe.IniciativaBE), Línea: 1707] - ORA-00918: columna definida de forma ambigua
ORA-06512: en "MRVMM.PKG_MRV_INICIATIVA_MITIGACION", línea 4499
ORA-06512: en línea 1
17/03/2020 03:12:23 a.m.: [Método: Void HandleErrorHelper(Int32, Oracle.DataAccess.Client.OracleConnection, IntPtr, Oracle.DataAccess.Client.OpoSqlValCtx*, System.Object, System.String, Boolean, Int32, Oracle.DataAccess.Client.OracleLogicalTransaction), Línea: 0] - ORA-00918: columna definida de forma ambigua
ORA-06512: en "MRVMM.PKG_MRV_INICIATIVA_MITIGACION", línea 4499
ORA-06512: en línea 1
17/03/2020 03:12:23 a.m.: [Método: Void HandleError(Int32, Oracle.DataAccess.Client.OracleConnection, System.String, IntPtr, Oracle.DataAccess.Client.OpoSqlValCtx*, System.Object, Boolean, Oracle.DataAccess.Client.OracleLogicalTransaction), Línea: 0] - ORA-00918: columna definida de forma ambigua
ORA-06512: en "MRVMM.PKG_MRV_INICIATIVA_MITIGACION", línea 4499
ORA-06512: en línea 1
17/03/2020 03:12:23 a.m.: [Método: Oracle.DataAccess.Client.OracleDataReader ExecuteReader(Boolean, Boolean, System.Data.CommandBehavior), Línea: 0] - ORA-00918: columna definida de forma ambigua
ORA-06512: en "MRVMM.PKG_MRV_INICIATIVA_MITIGACION", línea 4499
ORA-06512: en línea 1
17/03/2020 03:12:23 a.m.: [Método: System.Data.Common.DbDataReader ExecuteDbDataReader(System.Data.CommandBehavior), Línea: 0] - ORA-00918: columna definida de forma ambigua
ORA-06512: en "MRVMM.PKG_MRV_INICIATIVA_MITIGACION", línea 4499
ORA-06512: en línea 1
17/03/2020 03:12:23 a.m.: [Método: System.Data.IDataReader System.Data.IDbCommand.ExecuteReader(System.Data.CommandBehavior), Línea: 0] - ORA-00918: columna definida de forma ambigua
ORA-06512: en "MRVMM.PKG_MRV_INICIATIVA_MITIGACION", línea 4499
ORA-06512: en línea 1
17/03/2020 03:12:23 a.m.: [Método: System.Data.IDataReader ExecuteReaderWithFlagsFallback(System.Data.IDbCommand, Boolean, System.Data.CommandBehavior), Línea: 0] - ORA-00918: columna definida de forma ambigua
ORA-06512: en "MRVMM.PKG_MRV_INICIATIVA_MITIGACION", línea 4499
ORA-06512: en línea 1
17/03/2020 03:12:23 a.m.: [Método: Boolean MoveNext(), Línea: 0] - ORA-00918: columna definida de forma ambigua
ORA-06512: en "MRVMM.PKG_MRV_INICIATIVA_MITIGACION", línea 4499
ORA-06512: en línea 1
17/03/2020 03:12:23 a.m.: [Método: Void .ctor(System.Collections.Generic.IEnumerable`1[T]), Línea: 0] - ORA-00918: columna definida de forma ambigua
ORA-06512: en "MRVMM.PKG_MRV_INICIATIVA_MITIGACION", línea 4499
ORA-06512: en línea 1
17/03/2020 03:12:23 a.m.: [Método: System.Collections.Generic.List`1[TSource] ToList[TSource](System.Collections.Generic.IEnumerable`1[TSource]), Línea: 0] - ORA-00918: columna definida de forma ambigua
ORA-06512: en "MRVMM.PKG_MRV_INICIATIVA_MITIGACION", línea 4499
ORA-06512: en línea 1
17/03/2020 03:12:23 a.m.: [Método: System.Collections.Generic.IEnumerable`1[T] Query[T](System.Data.IDbConnection, System.String, System.Object, System.Data.IDbTransaction, Boolean, System.Nullable`1[System.Int32], System.Nullable`1[System.Data.CommandType]), Línea: 0] - ORA-00918: columna definida de forma ambigua
ORA-06512: en "MRVMM.PKG_MRV_INICIATIVA_MITIGACION", línea 4499
ORA-06512: en línea 1
17/03/2020 03:12:23 a.m.: [Método: System.Collections.Generic.List`1[entidad.minem.gob.pe.IniciativaBE] ListaBusquedaAvanzadoPrivado(entidad.minem.gob.pe.IniciativaBE), Línea: 1707] - ORA-00918: columna definida de forma ambigua
ORA-06512: en "MRVMM.PKG_MRV_INICIATIVA_MITIGACION", línea 4499
ORA-06512: en línea 1
17/03/2020 03:15:48 a.m.: [Método: Void HandleErrorHelper(Int32, Oracle.DataAccess.Client.OracleConnection, IntPtr, Oracle.DataAccess.Client.OpoSqlValCtx*, System.Object, System.String, Boolean, Int32, Oracle.DataAccess.Client.OracleLogicalTransaction), Línea: 0] - ORA-00918: columna definida de forma ambigua
ORA-06512: en "MRVMM.PKG_MRV_INICIATIVA_MITIGACION", línea 4499
ORA-06512: en línea 1
17/03/2020 03:15:48 a.m.: [Método: Void HandleError(Int32, Oracle.DataAccess.Client.OracleConnection, System.String, IntPtr, Oracle.DataAccess.Client.OpoSqlValCtx*, System.Object, Boolean, Oracle.DataAccess.Client.OracleLogicalTransaction), Línea: 0] - ORA-00918: columna definida de forma ambigua
ORA-06512: en "MRVMM.PKG_MRV_INICIATIVA_MITIGACION", línea 4499
ORA-06512: en línea 1
17/03/2020 03:15:48 a.m.: [Método: Oracle.DataAccess.Client.OracleDataReader ExecuteReader(Boolean, Boolean, System.Data.CommandBehavior), Línea: 0] - ORA-00918: columna definida de forma ambigua
ORA-06512: en "MRVMM.PKG_MRV_INICIATIVA_MITIGACION", línea 4499
ORA-06512: en línea 1
17/03/2020 03:15:48 a.m.: [Método: System.Data.Common.DbDataReader ExecuteDbDataReader(System.Data.CommandBehavior), Línea: 0] - ORA-00918: columna definida de forma ambigua
ORA-06512: en "MRVMM.PKG_MRV_INICIATIVA_MITIGACION", línea 4499
ORA-06512: en línea 1
17/03/2020 03:15:48 a.m.: [Método: System.Data.IDataReader System.Data.IDbCommand.ExecuteReader(System.Data.CommandBehavior), Línea: 0] - ORA-00918: columna definida de forma ambigua
ORA-06512: en "MRVMM.PKG_MRV_INICIATIVA_MITIGACION", línea 4499
ORA-06512: en línea 1
17/03/2020 03:15:48 a.m.: [Método: System.Data.IDataReader ExecuteReaderWithFlagsFallback(System.Data.IDbCommand, Boolean, System.Data.CommandBehavior), Línea: 0] - ORA-00918: columna definida de forma ambigua
ORA-06512: en "MRVMM.PKG_MRV_INICIATIVA_MITIGACION", línea 4499
ORA-06512: en línea 1
17/03/2020 03:15:48 a.m.: [Método: Boolean MoveNext(), Línea: 0] - ORA-00918: columna definida de forma ambigua
ORA-06512: en "MRVMM.PKG_MRV_INICIATIVA_MITIGACION", línea 4499
ORA-06512: en línea 1
17/03/2020 03:15:48 a.m.: [Método: Void .ctor(System.Collections.Generic.IEnumerable`1[T]), Línea: 0] - ORA-00918: columna definida de forma ambigua
ORA-06512: en "MRVMM.PKG_MRV_INICIATIVA_MITIGACION", línea 4499
ORA-06512: en línea 1
17/03/2020 03:15:48 a.m.: [Método: System.Collections.Generic.List`1[TSource] ToList[TSource](System.Collections.Generic.IEnumerable`1[TSource]), Línea: 0] - ORA-00918: columna definida de forma ambigua
ORA-06512: en "MRVMM.PKG_MRV_INICIATIVA_MITIGACION", línea 4499
ORA-06512: en línea 1
17/03/2020 03:15:48 a.m.: [Método: System.Collections.Generic.IEnumerable`1[T] Query[T](System.Data.IDbConnection, System.String, System.Object, System.Data.IDbTransaction, Boolean, System.Nullable`1[System.Int32], System.Nullable`1[System.Data.CommandType]), Línea: 0] - ORA-00918: columna definida de forma ambigua
ORA-06512: en "MRVMM.PKG_MRV_INICIATIVA_MITIGACION", línea 4499
ORA-06512: en línea 1
17/03/2020 03:15:48 a.m.: [Método: System.Collections.Generic.List`1[entidad.minem.gob.pe.IniciativaBE] ListaBusquedaAvanzadoPrivado(entidad.minem.gob.pe.IniciativaBE), Línea: 1707] - ORA-00918: columna definida de forma ambigua
ORA-06512: en "MRVMM.PKG_MRV_INICIATIVA_MITIGACION", línea 4499
ORA-06512: en línea 1
