15/06/2020 23:26:05: [Método: System.Object ExtractParameterFromDictionary(System.Reflection.ParameterInfo, System.Collections.Generic.IDictionary`2[System.String,System.Object], System.Reflection.MethodInfo), Línea: 0] - El diccionario de parámetros contiene una entrada NULL para el parámetro 'ini' del tipo que no acepta valores NULL 'System.Int32' del método 'System.Web.Mvc.ActionResult DetalleIndicador(Int32, Int32)' en 'MRVMinem.Controllers.GestionController'. Un parámetro opcional debe ser un tipo de referencia, un tipo que acepte valores NULL o debe declararse como parámetro opcional.
Nombre del parámetro: parameters
15/06/2020 23:26:05: [Método: System.Object Execute(System.Web.Mvc.ControllerContext, System.Collections.Generic.IDictionary`2[System.String,System.Object]), Línea: 0] - El diccionario de parámetros contiene una entrada NULL para el parámetro 'ini' del tipo que no acepta valores NULL 'System.Int32' del método 'System.Web.Mvc.ActionResult DetalleIndicador(Int32, Int32)' en 'MRVMinem.Controllers.GestionController'. Un parámetro opcional debe ser un tipo de referencia, un tipo que acepte valores NULL o debe declararse como parámetro opcional.
Nombre del parámetro: parameters
15/06/2020 23:26:05: [Método: System.Web.Mvc.ActionResult InvokeActionMethod(System.Web.Mvc.ControllerContext, System.Web.Mvc.ActionDescriptor, System.Collections.Generic.IDictionary`2[System.String,System.Object]), Línea: 0] - El diccionario de parámetros contiene una entrada NULL para el parámetro 'ini' del tipo que no acepta valores NULL 'System.Int32' del método 'System.Web.Mvc.ActionResult DetalleIndicador(Int32, Int32)' en 'MRVMinem.Controllers.GestionController'. Un parámetro opcional debe ser un tipo de referencia, un tipo que acepte valores NULL o debe declararse como parámetro opcional.
Nombre del parámetro: parameters
15/06/2020 23:26:05: [Método: System.Web.Mvc.ActionResult <BeginInvokeSynchronousActionMethod>b__39(System.IAsyncResult, ActionInvocation), Línea: 0] - El diccionario de parámetros contiene una entrada NULL para el parámetro 'ini' del tipo que no acepta valores NULL 'System.Int32' del método 'System.Web.Mvc.ActionResult DetalleIndicador(Int32, Int32)' en 'MRVMinem.Controllers.GestionController'. Un parámetro opcional debe ser un tipo de referencia, un tipo que acepte valores NULL o debe declararse como parámetro opcional.
Nombre del parámetro: parameters
15/06/2020 23:26:05: [Método: TResult CallEndDelegate(System.IAsyncResult), Línea: 0] - El diccionario de parámetros contiene una entrada NULL para el parámetro 'ini' del tipo que no acepta valores NULL 'System.Int32' del método 'System.Web.Mvc.ActionResult DetalleIndicador(Int32, Int32)' en 'MRVMinem.Controllers.GestionController'. Un parámetro opcional debe ser un tipo de referencia, un tipo que acepte valores NULL o debe declararse como parámetro opcional.
Nombre del parámetro: parameters
15/06/2020 23:26:05: [Método: TResult End(), Línea: 0] - El diccionario de parámetros contiene una entrada NULL para el parámetro 'ini' del tipo que no acepta valores NULL 'System.Int32' del método 'System.Web.Mvc.ActionResult DetalleIndicador(Int32, Int32)' en 'MRVMinem.Controllers.GestionController'. Un parámetro opcional debe ser un tipo de referencia, un tipo que acepte valores NULL o debe declararse como parámetro opcional.
Nombre del parámetro: parameters
15/06/2020 23:26:05: [Método: System.Web.Mvc.ActionResult EndInvokeActionMethod(System.IAsyncResult), Línea: 0] - El diccionario de parámetros contiene una entrada NULL para el parámetro 'ini' del tipo que no acepta valores NULL 'System.Int32' del método 'System.Web.Mvc.ActionResult DetalleIndicador(Int32, Int32)' en 'MRVMinem.Controllers.GestionController'. Un parámetro opcional debe ser un tipo de referencia, un tipo que acepte valores NULL o debe declararse como parámetro opcional.
Nombre del parámetro: parameters
15/06/2020 23:26:05: [Método: System.Web.Mvc.ActionExecutedContext <InvokeActionMethodFilterAsynchronouslyRecursive>b__3d(), Línea: 0] - El diccionario de parámetros contiene una entrada NULL para el parámetro 'ini' del tipo que no acepta valores NULL 'System.Int32' del método 'System.Web.Mvc.ActionResult DetalleIndicador(Int32, Int32)' en 'MRVMinem.Controllers.GestionController'. Un parámetro opcional debe ser un tipo de referencia, un tipo que acepte valores NULL o debe declararse como parámetro opcional.
Nombre del parámetro: parameters
15/06/2020 23:26:05: [Método: System.Web.Mvc.ActionExecutedContext <InvokeActionMethodFilterAsynchronouslyRecursive>b__3f(), Línea: 0] - El diccionario de parámetros contiene una entrada NULL para el parámetro 'ini' del tipo que no acepta valores NULL 'System.Int32' del método 'System.Web.Mvc.ActionResult DetalleIndicador(Int32, Int32)' en 'MRVMinem.Controllers.GestionController'. Un parámetro opcional debe ser un tipo de referencia, un tipo que acepte valores NULL o debe declararse como parámetro opcional.
Nombre del parámetro: parameters
15/06/2020 23:26:05: [Método: System.Web.Mvc.ActionExecutedContext <InvokeActionMethodFilterAsynchronouslyRecursive>b__3f(), Línea: 0] - El diccionario de parámetros contiene una entrada NULL para el parámetro 'ini' del tipo que no acepta valores NULL 'System.Int32' del método 'System.Web.Mvc.ActionResult DetalleIndicador(Int32, Int32)' en 'MRVMinem.Controllers.GestionController'. Un parámetro opcional debe ser un tipo de referencia, un tipo que acepte valores NULL o debe declararse como parámetro opcional.
Nombre del parámetro: parameters
15/06/2020 23:26:05: [Método: System.Web.Mvc.ActionExecutedContext <BeginInvokeActionMethodWithFilters>b__32(System.IAsyncResult), Línea: 0] - El diccionario de parámetros contiene una entrada NULL para el parámetro 'ini' del tipo que no acepta valores NULL 'System.Int32' del método 'System.Web.Mvc.ActionResult DetalleIndicador(Int32, Int32)' en 'MRVMinem.Controllers.GestionController'. Un parámetro opcional debe ser un tipo de referencia, un tipo que acepte valores NULL o debe declararse como parámetro opcional.
Nombre del parámetro: parameters
15/06/2020 23:26:05: [Método: TResult CallEndDelegate(System.IAsyncResult), Línea: 0] - El diccionario de parámetros contiene una entrada NULL para el parámetro 'ini' del tipo que no acepta valores NULL 'System.Int32' del método 'System.Web.Mvc.ActionResult DetalleIndicador(Int32, Int32)' en 'MRVMinem.Controllers.GestionController'. Un parámetro opcional debe ser un tipo de referencia, un tipo que acepte valores NULL o debe declararse como parámetro opcional.
Nombre del parámetro: parameters
15/06/2020 23:26:05: [Método: TResult End(), Línea: 0] - El diccionario de parámetros contiene una entrada NULL para el parámetro 'ini' del tipo que no acepta valores NULL 'System.Int32' del método 'System.Web.Mvc.ActionResult DetalleIndicador(Int32, Int32)' en 'MRVMinem.Controllers.GestionController'. Un parámetro opcional debe ser un tipo de referencia, un tipo que acepte valores NULL o debe declararse como parámetro opcional.
Nombre del parámetro: parameters
15/06/2020 23:26:05: [Método: System.Web.Mvc.ActionExecutedContext EndInvokeActionMethodWithFilters(System.IAsyncResult), Línea: 0] - El diccionario de parámetros contiene una entrada NULL para el parámetro 'ini' del tipo que no acepta valores NULL 'System.Int32' del método 'System.Web.Mvc.ActionResult DetalleIndicador(Int32, Int32)' en 'MRVMinem.Controllers.GestionController'. Un parámetro opcional debe ser un tipo de referencia, un tipo que acepte valores NULL o debe declararse como parámetro opcional.
Nombre del parámetro: parameters
15/06/2020 23:26:05: [Método: Void <BeginInvokeAction>b__1c(), Línea: 0] - El diccionario de parámetros contiene una entrada NULL para el parámetro 'ini' del tipo que no acepta valores NULL 'System.Int32' del método 'System.Web.Mvc.ActionResult DetalleIndicador(Int32, Int32)' en 'MRVMinem.Controllers.GestionController'. Un parámetro opcional debe ser un tipo de referencia, un tipo que acepte valores NULL o debe declararse como parámetro opcional.
Nombre del parámetro: parameters
15/06/2020 23:26:05: [Método: Boolean <BeginInvokeAction>b__1e(System.IAsyncResult), Línea: 0] - El diccionario de parámetros contiene una entrada NULL para el parámetro 'ini' del tipo que no acepta valores NULL 'System.Int32' del método 'System.Web.Mvc.ActionResult DetalleIndicador(Int32, Int32)' en 'MRVMinem.Controllers.GestionController'. Un parámetro opcional debe ser un tipo de referencia, un tipo que acepte valores NULL o debe declararse como parámetro opcional.
Nombre del parámetro: parameters
15/06/2020 23:26:05: [Método: TResult CallEndDelegate(System.IAsyncResult), Línea: 0] - El diccionario de parámetros contiene una entrada NULL para el parámetro 'ini' del tipo que no acepta valores NULL 'System.Int32' del método 'System.Web.Mvc.ActionResult DetalleIndicador(Int32, Int32)' en 'MRVMinem.Controllers.GestionController'. Un parámetro opcional debe ser un tipo de referencia, un tipo que acepte valores NULL o debe declararse como parámetro opcional.
Nombre del parámetro: parameters
15/06/2020 23:26:05: [Método: TResult End(), Línea: 0] - El diccionario de parámetros contiene una entrada NULL para el parámetro 'ini' del tipo que no acepta valores NULL 'System.Int32' del método 'System.Web.Mvc.ActionResult DetalleIndicador(Int32, Int32)' en 'MRVMinem.Controllers.GestionController'. Un parámetro opcional debe ser un tipo de referencia, un tipo que acepte valores NULL o debe declararse como parámetro opcional.
Nombre del parámetro: parameters
15/06/2020 23:26:05: [Método: Boolean EndInvokeAction(System.IAsyncResult), Línea: 0] - El diccionario de parámetros contiene una entrada NULL para el parámetro 'ini' del tipo que no acepta valores NULL 'System.Int32' del método 'System.Web.Mvc.ActionResult DetalleIndicador(Int32, Int32)' en 'MRVMinem.Controllers.GestionController'. Un parámetro opcional debe ser un tipo de referencia, un tipo que acepte valores NULL o debe declararse como parámetro opcional.
Nombre del parámetro: parameters
15/06/2020 23:26:05: [Método: Void <BeginExecuteCore>b__1d(System.IAsyncResult, ExecuteCoreState), Línea: 0] - El diccionario de parámetros contiene una entrada NULL para el parámetro 'ini' del tipo que no acepta valores NULL 'System.Int32' del método 'System.Web.Mvc.ActionResult DetalleIndicador(Int32, Int32)' en 'MRVMinem.Controllers.GestionController'. Un parámetro opcional debe ser un tipo de referencia, un tipo que acepte valores NULL o debe declararse como parámetro opcional.
Nombre del parámetro: parameters
15/06/2020 23:26:05: [Método: System.Web.Mvc.Async.AsyncVoid CallEndDelegate(System.IAsyncResult), Línea: 0] - El diccionario de parámetros contiene una entrada NULL para el parámetro 'ini' del tipo que no acepta valores NULL 'System.Int32' del método 'System.Web.Mvc.ActionResult DetalleIndicador(Int32, Int32)' en 'MRVMinem.Controllers.GestionController'. Un parámetro opcional debe ser un tipo de referencia, un tipo que acepte valores NULL o debe declararse como parámetro opcional.
Nombre del parámetro: parameters
15/06/2020 23:26:05: [Método: TResult End(), Línea: 0] - El diccionario de parámetros contiene una entrada NULL para el parámetro 'ini' del tipo que no acepta valores NULL 'System.Int32' del método 'System.Web.Mvc.ActionResult DetalleIndicador(Int32, Int32)' en 'MRVMinem.Controllers.GestionController'. Un parámetro opcional debe ser un tipo de referencia, un tipo que acepte valores NULL o debe declararse como parámetro opcional.
Nombre del parámetro: parameters
15/06/2020 23:26:05: [Método: Void EndExecuteCore(System.IAsyncResult), Línea: 0] - El diccionario de parámetros contiene una entrada NULL para el parámetro 'ini' del tipo que no acepta valores NULL 'System.Int32' del método 'System.Web.Mvc.ActionResult DetalleIndicador(Int32, Int32)' en 'MRVMinem.Controllers.GestionController'. Un parámetro opcional debe ser un tipo de referencia, un tipo que acepte valores NULL o debe declararse como parámetro opcional.
Nombre del parámetro: parameters
15/06/2020 23:26:05: [Método: Void <BeginExecute>b__15(System.IAsyncResult, System.Web.Mvc.Controller), Línea: 0] - El diccionario de parámetros contiene una entrada NULL para el parámetro 'ini' del tipo que no acepta valores NULL 'System.Int32' del método 'System.Web.Mvc.ActionResult DetalleIndicador(Int32, Int32)' en 'MRVMinem.Controllers.GestionController'. Un parámetro opcional debe ser un tipo de referencia, un tipo que acepte valores NULL o debe declararse como parámetro opcional.
Nombre del parámetro: parameters
15/06/2020 23:26:05: [Método: System.Web.Mvc.Async.AsyncVoid CallEndDelegate(System.IAsyncResult), Línea: 0] - El diccionario de parámetros contiene una entrada NULL para el parámetro 'ini' del tipo que no acepta valores NULL 'System.Int32' del método 'System.Web.Mvc.ActionResult DetalleIndicador(Int32, Int32)' en 'MRVMinem.Controllers.GestionController'. Un parámetro opcional debe ser un tipo de referencia, un tipo que acepte valores NULL o debe declararse como parámetro opcional.
Nombre del parámetro: parameters
15/06/2020 23:26:05: [Método: TResult End(), Línea: 0] - El diccionario de parámetros contiene una entrada NULL para el parámetro 'ini' del tipo que no acepta valores NULL 'System.Int32' del método 'System.Web.Mvc.ActionResult DetalleIndicador(Int32, Int32)' en 'MRVMinem.Controllers.GestionController'. Un parámetro opcional debe ser un tipo de referencia, un tipo que acepte valores NULL o debe declararse como parámetro opcional.
Nombre del parámetro: parameters
15/06/2020 23:26:05: [Método: Void EndExecute(System.IAsyncResult), Línea: 0] - El diccionario de parámetros contiene una entrada NULL para el parámetro 'ini' del tipo que no acepta valores NULL 'System.Int32' del método 'System.Web.Mvc.ActionResult DetalleIndicador(Int32, Int32)' en 'MRVMinem.Controllers.GestionController'. Un parámetro opcional debe ser un tipo de referencia, un tipo que acepte valores NULL o debe declararse como parámetro opcional.
Nombre del parámetro: parameters
15/06/2020 23:26:05: [Método: Void System.Web.Mvc.Async.IAsyncController.EndExecute(System.IAsyncResult), Línea: 0] - El diccionario de parámetros contiene una entrada NULL para el parámetro 'ini' del tipo que no acepta valores NULL 'System.Int32' del método 'System.Web.Mvc.ActionResult DetalleIndicador(Int32, Int32)' en 'MRVMinem.Controllers.GestionController'. Un parámetro opcional debe ser un tipo de referencia, un tipo que acepte valores NULL o debe declararse como parámetro opcional.
Nombre del parámetro: parameters
15/06/2020 23:26:05: [Método: Void <BeginProcessRequest>b__5(System.IAsyncResult, ProcessRequestState), Línea: 0] - El diccionario de parámetros contiene una entrada NULL para el parámetro 'ini' del tipo que no acepta valores NULL 'System.Int32' del método 'System.Web.Mvc.ActionResult DetalleIndicador(Int32, Int32)' en 'MRVMinem.Controllers.GestionController'. Un parámetro opcional debe ser un tipo de referencia, un tipo que acepte valores NULL o debe declararse como parámetro opcional.
Nombre del parámetro: parameters
15/06/2020 23:26:05: [Método: System.Web.Mvc.Async.AsyncVoid CallEndDelegate(System.IAsyncResult), Línea: 0] - El diccionario de parámetros contiene una entrada NULL para el parámetro 'ini' del tipo que no acepta valores NULL 'System.Int32' del método 'System.Web.Mvc.ActionResult DetalleIndicador(Int32, Int32)' en 'MRVMinem.Controllers.GestionController'. Un parámetro opcional debe ser un tipo de referencia, un tipo que acepte valores NULL o debe declararse como parámetro opcional.
Nombre del parámetro: parameters
15/06/2020 23:26:05: [Método: TResult End(), Línea: 0] - El diccionario de parámetros contiene una entrada NULL para el parámetro 'ini' del tipo que no acepta valores NULL 'System.Int32' del método 'System.Web.Mvc.ActionResult DetalleIndicador(Int32, Int32)' en 'MRVMinem.Controllers.GestionController'. Un parámetro opcional debe ser un tipo de referencia, un tipo que acepte valores NULL o debe declararse como parámetro opcional.
Nombre del parámetro: parameters
15/06/2020 23:26:05: [Método: Void EndProcessRequest(System.IAsyncResult), Línea: 0] - El diccionario de parámetros contiene una entrada NULL para el parámetro 'ini' del tipo que no acepta valores NULL 'System.Int32' del método 'System.Web.Mvc.ActionResult DetalleIndicador(Int32, Int32)' en 'MRVMinem.Controllers.GestionController'. Un parámetro opcional debe ser un tipo de referencia, un tipo que acepte valores NULL o debe declararse como parámetro opcional.
Nombre del parámetro: parameters
15/06/2020 23:26:05: [Método: Void System.Web.IHttpAsyncHandler.EndProcessRequest(System.IAsyncResult), Línea: 0] - El diccionario de parámetros contiene una entrada NULL para el parámetro 'ini' del tipo que no acepta valores NULL 'System.Int32' del método 'System.Web.Mvc.ActionResult DetalleIndicador(Int32, Int32)' en 'MRVMinem.Controllers.GestionController'. Un parámetro opcional debe ser un tipo de referencia, un tipo que acepte valores NULL o debe declararse como parámetro opcional.
Nombre del parámetro: parameters
15/06/2020 23:26:05: [Método: Void System.Web.HttpApplication.IExecutionStep.Execute(), Línea: 0] - El diccionario de parámetros contiene una entrada NULL para el parámetro 'ini' del tipo que no acepta valores NULL 'System.Int32' del método 'System.Web.Mvc.ActionResult DetalleIndicador(Int32, Int32)' en 'MRVMinem.Controllers.GestionController'. Un parámetro opcional debe ser un tipo de referencia, un tipo que acepte valores NULL o debe declararse como parámetro opcional.
Nombre del parámetro: parameters
15/06/2020 23:26:05: [Método: Void ExecuteStepImpl(IExecutionStep), Línea: 0] - El diccionario de parámetros contiene una entrada NULL para el parámetro 'ini' del tipo que no acepta valores NULL 'System.Int32' del método 'System.Web.Mvc.ActionResult DetalleIndicador(Int32, Int32)' en 'MRVMinem.Controllers.GestionController'. Un parámetro opcional debe ser un tipo de referencia, un tipo que acepte valores NULL o debe declararse como parámetro opcional.
Nombre del parámetro: parameters
15/06/2020 23:26:05: [Método: System.Exception ExecuteStep(IExecutionStep, Boolean ByRef), Línea: 0] - El diccionario de parámetros contiene una entrada NULL para el parámetro 'ini' del tipo que no acepta valores NULL 'System.Int32' del método 'System.Web.Mvc.ActionResult DetalleIndicador(Int32, Int32)' en 'MRVMinem.Controllers.GestionController'. Un parámetro opcional debe ser un tipo de referencia, un tipo que acepte valores NULL o debe declararse como parámetro opcional.
Nombre del parámetro: parameters
15/06/2020 23:26:28: [Método: System.Object ExtractParameterFromDictionary(System.Reflection.ParameterInfo, System.Collections.Generic.IDictionary`2[System.String,System.Object], System.Reflection.MethodInfo), Línea: 0] - El diccionario de parámetros contiene una entrada NULL para el parámetro 'ini' del tipo que no acepta valores NULL 'System.Int32' del método 'System.Web.Mvc.ActionResult DetalleIndicador(Int32, Int32)' en 'MRVMinem.Controllers.GestionController'. Un parámetro opcional debe ser un tipo de referencia, un tipo que acepte valores NULL o debe declararse como parámetro opcional.
Nombre del parámetro: parameters
15/06/2020 23:26:28: [Método: System.Object Execute(System.Web.Mvc.ControllerContext, System.Collections.Generic.IDictionary`2[System.String,System.Object]), Línea: 0] - El diccionario de parámetros contiene una entrada NULL para el parámetro 'ini' del tipo que no acepta valores NULL 'System.Int32' del método 'System.Web.Mvc.ActionResult DetalleIndicador(Int32, Int32)' en 'MRVMinem.Controllers.GestionController'. Un parámetro opcional debe ser un tipo de referencia, un tipo que acepte valores NULL o debe declararse como parámetro opcional.
Nombre del parámetro: parameters
15/06/2020 23:26:28: [Método: System.Web.Mvc.ActionResult InvokeActionMethod(System.Web.Mvc.ControllerContext, System.Web.Mvc.ActionDescriptor, System.Collections.Generic.IDictionary`2[System.String,System.Object]), Línea: 0] - El diccionario de parámetros contiene una entrada NULL para el parámetro 'ini' del tipo que no acepta valores NULL 'System.Int32' del método 'System.Web.Mvc.ActionResult DetalleIndicador(Int32, Int32)' en 'MRVMinem.Controllers.GestionController'. Un parámetro opcional debe ser un tipo de referencia, un tipo que acepte valores NULL o debe declararse como parámetro opcional.
Nombre del parámetro: parameters
15/06/2020 23:26:28: [Método: System.Web.Mvc.ActionResult <BeginInvokeSynchronousActionMethod>b__39(System.IAsyncResult, ActionInvocation), Línea: 0] - El diccionario de parámetros contiene una entrada NULL para el parámetro 'ini' del tipo que no acepta valores NULL 'System.Int32' del método 'System.Web.Mvc.ActionResult DetalleIndicador(Int32, Int32)' en 'MRVMinem.Controllers.GestionController'. Un parámetro opcional debe ser un tipo de referencia, un tipo que acepte valores NULL o debe declararse como parámetro opcional.
Nombre del parámetro: parameters
15/06/2020 23:26:28: [Método: TResult CallEndDelegate(System.IAsyncResult), Línea: 0] - El diccionario de parámetros contiene una entrada NULL para el parámetro 'ini' del tipo que no acepta valores NULL 'System.Int32' del método 'System.Web.Mvc.ActionResult DetalleIndicador(Int32, Int32)' en 'MRVMinem.Controllers.GestionController'. Un parámetro opcional debe ser un tipo de referencia, un tipo que acepte valores NULL o debe declararse como parámetro opcional.
Nombre del parámetro: parameters
15/06/2020 23:26:28: [Método: TResult End(), Línea: 0] - El diccionario de parámetros contiene una entrada NULL para el parámetro 'ini' del tipo que no acepta valores NULL 'System.Int32' del método 'System.Web.Mvc.ActionResult DetalleIndicador(Int32, Int32)' en 'MRVMinem.Controllers.GestionController'. Un parámetro opcional debe ser un tipo de referencia, un tipo que acepte valores NULL o debe declararse como parámetro opcional.
Nombre del parámetro: parameters
15/06/2020 23:26:28: [Método: System.Web.Mvc.ActionResult EndInvokeActionMethod(System.IAsyncResult), Línea: 0] - El diccionario de parámetros contiene una entrada NULL para el parámetro 'ini' del tipo que no acepta valores NULL 'System.Int32' del método 'System.Web.Mvc.ActionResult DetalleIndicador(Int32, Int32)' en 'MRVMinem.Controllers.GestionController'. Un parámetro opcional debe ser un tipo de referencia, un tipo que acepte valores NULL o debe declararse como parámetro opcional.
Nombre del parámetro: parameters
15/06/2020 23:26:28: [Método: System.Web.Mvc.ActionExecutedContext <InvokeActionMethodFilterAsynchronouslyRecursive>b__3d(), Línea: 0] - El diccionario de parámetros contiene una entrada NULL para el parámetro 'ini' del tipo que no acepta valores NULL 'System.Int32' del método 'System.Web.Mvc.ActionResult DetalleIndicador(Int32, Int32)' en 'MRVMinem.Controllers.GestionController'. Un parámetro opcional debe ser un tipo de referencia, un tipo que acepte valores NULL o debe declararse como parámetro opcional.
Nombre del parámetro: parameters
15/06/2020 23:26:28: [Método: System.Web.Mvc.ActionExecutedContext <InvokeActionMethodFilterAsynchronouslyRecursive>b__3f(), Línea: 0] - El diccionario de parámetros contiene una entrada NULL para el parámetro 'ini' del tipo que no acepta valores NULL 'System.Int32' del método 'System.Web.Mvc.ActionResult DetalleIndicador(Int32, Int32)' en 'MRVMinem.Controllers.GestionController'. Un parámetro opcional debe ser un tipo de referencia, un tipo que acepte valores NULL o debe declararse como parámetro opcional.
Nombre del parámetro: parameters
15/06/2020 23:26:28: [Método: System.Web.Mvc.ActionExecutedContext <InvokeActionMethodFilterAsynchronouslyRecursive>b__3f(), Línea: 0] - El diccionario de parámetros contiene una entrada NULL para el parámetro 'ini' del tipo que no acepta valores NULL 'System.Int32' del método 'System.Web.Mvc.ActionResult DetalleIndicador(Int32, Int32)' en 'MRVMinem.Controllers.GestionController'. Un parámetro opcional debe ser un tipo de referencia, un tipo que acepte valores NULL o debe declararse como parámetro opcional.
Nombre del parámetro: parameters
15/06/2020 23:26:28: [Método: System.Web.Mvc.ActionExecutedContext <BeginInvokeActionMethodWithFilters>b__32(System.IAsyncResult), Línea: 0] - El diccionario de parámetros contiene una entrada NULL para el parámetro 'ini' del tipo que no acepta valores NULL 'System.Int32' del método 'System.Web.Mvc.ActionResult DetalleIndicador(Int32, Int32)' en 'MRVMinem.Controllers.GestionController'. Un parámetro opcional debe ser un tipo de referencia, un tipo que acepte valores NULL o debe declararse como parámetro opcional.
Nombre del parámetro: parameters
15/06/2020 23:26:28: [Método: TResult CallEndDelegate(System.IAsyncResult), Línea: 0] - El diccionario de parámetros contiene una entrada NULL para el parámetro 'ini' del tipo que no acepta valores NULL 'System.Int32' del método 'System.Web.Mvc.ActionResult DetalleIndicador(Int32, Int32)' en 'MRVMinem.Controllers.GestionController'. Un parámetro opcional debe ser un tipo de referencia, un tipo que acepte valores NULL o debe declararse como parámetro opcional.
Nombre del parámetro: parameters
15/06/2020 23:26:28: [Método: TResult End(), Línea: 0] - El diccionario de parámetros contiene una entrada NULL para el parámetro 'ini' del tipo que no acepta valores NULL 'System.Int32' del método 'System.Web.Mvc.ActionResult DetalleIndicador(Int32, Int32)' en 'MRVMinem.Controllers.GestionController'. Un parámetro opcional debe ser un tipo de referencia, un tipo que acepte valores NULL o debe declararse como parámetro opcional.
Nombre del parámetro: parameters
15/06/2020 23:26:28: [Método: System.Web.Mvc.ActionExecutedContext EndInvokeActionMethodWithFilters(System.IAsyncResult), Línea: 0] - El diccionario de parámetros contiene una entrada NULL para el parámetro 'ini' del tipo que no acepta valores NULL 'System.Int32' del método 'System.Web.Mvc.ActionResult DetalleIndicador(Int32, Int32)' en 'MRVMinem.Controllers.GestionController'. Un parámetro opcional debe ser un tipo de referencia, un tipo que acepte valores NULL o debe declararse como parámetro opcional.
Nombre del parámetro: parameters
15/06/2020 23:26:28: [Método: Void <BeginInvokeAction>b__1c(), Línea: 0] - El diccionario de parámetros contiene una entrada NULL para el parámetro 'ini' del tipo que no acepta valores NULL 'System.Int32' del método 'System.Web.Mvc.ActionResult DetalleIndicador(Int32, Int32)' en 'MRVMinem.Controllers.GestionController'. Un parámetro opcional debe ser un tipo de referencia, un tipo que acepte valores NULL o debe declararse como parámetro opcional.
Nombre del parámetro: parameters
15/06/2020 23:26:28: [Método: Boolean <BeginInvokeAction>b__1e(System.IAsyncResult), Línea: 0] - El diccionario de parámetros contiene una entrada NULL para el parámetro 'ini' del tipo que no acepta valores NULL 'System.Int32' del método 'System.Web.Mvc.ActionResult DetalleIndicador(Int32, Int32)' en 'MRVMinem.Controllers.GestionController'. Un parámetro opcional debe ser un tipo de referencia, un tipo que acepte valores NULL o debe declararse como parámetro opcional.
Nombre del parámetro: parameters
15/06/2020 23:26:28: [Método: TResult CallEndDelegate(System.IAsyncResult), Línea: 0] - El diccionario de parámetros contiene una entrada NULL para el parámetro 'ini' del tipo que no acepta valores NULL 'System.Int32' del método 'System.Web.Mvc.ActionResult DetalleIndicador(Int32, Int32)' en 'MRVMinem.Controllers.GestionController'. Un parámetro opcional debe ser un tipo de referencia, un tipo que acepte valores NULL o debe declararse como parámetro opcional.
Nombre del parámetro: parameters
15/06/2020 23:26:28: [Método: TResult End(), Línea: 0] - El diccionario de parámetros contiene una entrada NULL para el parámetro 'ini' del tipo que no acepta valores NULL 'System.Int32' del método 'System.Web.Mvc.ActionResult DetalleIndicador(Int32, Int32)' en 'MRVMinem.Controllers.GestionController'. Un parámetro opcional debe ser un tipo de referencia, un tipo que acepte valores NULL o debe declararse como parámetro opcional.
Nombre del parámetro: parameters
15/06/2020 23:26:28: [Método: Boolean EndInvokeAction(System.IAsyncResult), Línea: 0] - El diccionario de parámetros contiene una entrada NULL para el parámetro 'ini' del tipo que no acepta valores NULL 'System.Int32' del método 'System.Web.Mvc.ActionResult DetalleIndicador(Int32, Int32)' en 'MRVMinem.Controllers.GestionController'. Un parámetro opcional debe ser un tipo de referencia, un tipo que acepte valores NULL o debe declararse como parámetro opcional.
Nombre del parámetro: parameters
15/06/2020 23:26:28: [Método: Void <BeginExecuteCore>b__1d(System.IAsyncResult, ExecuteCoreState), Línea: 0] - El diccionario de parámetros contiene una entrada NULL para el parámetro 'ini' del tipo que no acepta valores NULL 'System.Int32' del método 'System.Web.Mvc.ActionResult DetalleIndicador(Int32, Int32)' en 'MRVMinem.Controllers.GestionController'. Un parámetro opcional debe ser un tipo de referencia, un tipo que acepte valores NULL o debe declararse como parámetro opcional.
Nombre del parámetro: parameters
15/06/2020 23:26:28: [Método: System.Web.Mvc.Async.AsyncVoid CallEndDelegate(System.IAsyncResult), Línea: 0] - El diccionario de parámetros contiene una entrada NULL para el parámetro 'ini' del tipo que no acepta valores NULL 'System.Int32' del método 'System.Web.Mvc.ActionResult DetalleIndicador(Int32, Int32)' en 'MRVMinem.Controllers.GestionController'. Un parámetro opcional debe ser un tipo de referencia, un tipo que acepte valores NULL o debe declararse como parámetro opcional.
Nombre del parámetro: parameters
15/06/2020 23:26:28: [Método: TResult End(), Línea: 0] - El diccionario de parámetros contiene una entrada NULL para el parámetro 'ini' del tipo que no acepta valores NULL 'System.Int32' del método 'System.Web.Mvc.ActionResult DetalleIndicador(Int32, Int32)' en 'MRVMinem.Controllers.GestionController'. Un parámetro opcional debe ser un tipo de referencia, un tipo que acepte valores NULL o debe declararse como parámetro opcional.
Nombre del parámetro: parameters
15/06/2020 23:26:28: [Método: Void EndExecuteCore(System.IAsyncResult), Línea: 0] - El diccionario de parámetros contiene una entrada NULL para el parámetro 'ini' del tipo que no acepta valores NULL 'System.Int32' del método 'System.Web.Mvc.ActionResult DetalleIndicador(Int32, Int32)' en 'MRVMinem.Controllers.GestionController'. Un parámetro opcional debe ser un tipo de referencia, un tipo que acepte valores NULL o debe declararse como parámetro opcional.
Nombre del parámetro: parameters
15/06/2020 23:26:28: [Método: Void <BeginExecute>b__15(System.IAsyncResult, System.Web.Mvc.Controller), Línea: 0] - El diccionario de parámetros contiene una entrada NULL para el parámetro 'ini' del tipo que no acepta valores NULL 'System.Int32' del método 'System.Web.Mvc.ActionResult DetalleIndicador(Int32, Int32)' en 'MRVMinem.Controllers.GestionController'. Un parámetro opcional debe ser un tipo de referencia, un tipo que acepte valores NULL o debe declararse como parámetro opcional.
Nombre del parámetro: parameters
15/06/2020 23:26:28: [Método: System.Web.Mvc.Async.AsyncVoid CallEndDelegate(System.IAsyncResult), Línea: 0] - El diccionario de parámetros contiene una entrada NULL para el parámetro 'ini' del tipo que no acepta valores NULL 'System.Int32' del método 'System.Web.Mvc.ActionResult DetalleIndicador(Int32, Int32)' en 'MRVMinem.Controllers.GestionController'. Un parámetro opcional debe ser un tipo de referencia, un tipo que acepte valores NULL o debe declararse como parámetro opcional.
Nombre del parámetro: parameters
15/06/2020 23:26:28: [Método: TResult End(), Línea: 0] - El diccionario de parámetros contiene una entrada NULL para el parámetro 'ini' del tipo que no acepta valores NULL 'System.Int32' del método 'System.Web.Mvc.ActionResult DetalleIndicador(Int32, Int32)' en 'MRVMinem.Controllers.GestionController'. Un parámetro opcional debe ser un tipo de referencia, un tipo que acepte valores NULL o debe declararse como parámetro opcional.
Nombre del parámetro: parameters
15/06/2020 23:26:28: [Método: Void EndExecute(System.IAsyncResult), Línea: 0] - El diccionario de parámetros contiene una entrada NULL para el parámetro 'ini' del tipo que no acepta valores NULL 'System.Int32' del método 'System.Web.Mvc.ActionResult DetalleIndicador(Int32, Int32)' en 'MRVMinem.Controllers.GestionController'. Un parámetro opcional debe ser un tipo de referencia, un tipo que acepte valores NULL o debe declararse como parámetro opcional.
Nombre del parámetro: parameters
15/06/2020 23:26:28: [Método: Void System.Web.Mvc.Async.IAsyncController.EndExecute(System.IAsyncResult), Línea: 0] - El diccionario de parámetros contiene una entrada NULL para el parámetro 'ini' del tipo que no acepta valores NULL 'System.Int32' del método 'System.Web.Mvc.ActionResult DetalleIndicador(Int32, Int32)' en 'MRVMinem.Controllers.GestionController'. Un parámetro opcional debe ser un tipo de referencia, un tipo que acepte valores NULL o debe declararse como parámetro opcional.
Nombre del parámetro: parameters
15/06/2020 23:26:28: [Método: Void <BeginProcessRequest>b__5(System.IAsyncResult, ProcessRequestState), Línea: 0] - El diccionario de parámetros contiene una entrada NULL para el parámetro 'ini' del tipo que no acepta valores NULL 'System.Int32' del método 'System.Web.Mvc.ActionResult DetalleIndicador(Int32, Int32)' en 'MRVMinem.Controllers.GestionController'. Un parámetro opcional debe ser un tipo de referencia, un tipo que acepte valores NULL o debe declararse como parámetro opcional.
Nombre del parámetro: parameters
15/06/2020 23:26:28: [Método: System.Web.Mvc.Async.AsyncVoid CallEndDelegate(System.IAsyncResult), Línea: 0] - El diccionario de parámetros contiene una entrada NULL para el parámetro 'ini' del tipo que no acepta valores NULL 'System.Int32' del método 'System.Web.Mvc.ActionResult DetalleIndicador(Int32, Int32)' en 'MRVMinem.Controllers.GestionController'. Un parámetro opcional debe ser un tipo de referencia, un tipo que acepte valores NULL o debe declararse como parámetro opcional.
Nombre del parámetro: parameters
15/06/2020 23:26:28: [Método: TResult End(), Línea: 0] - El diccionario de parámetros contiene una entrada NULL para el parámetro 'ini' del tipo que no acepta valores NULL 'System.Int32' del método 'System.Web.Mvc.ActionResult DetalleIndicador(Int32, Int32)' en 'MRVMinem.Controllers.GestionController'. Un parámetro opcional debe ser un tipo de referencia, un tipo que acepte valores NULL o debe declararse como parámetro opcional.
Nombre del parámetro: parameters
15/06/2020 23:26:28: [Método: Void EndProcessRequest(System.IAsyncResult), Línea: 0] - El diccionario de parámetros contiene una entrada NULL para el parámetro 'ini' del tipo que no acepta valores NULL 'System.Int32' del método 'System.Web.Mvc.ActionResult DetalleIndicador(Int32, Int32)' en 'MRVMinem.Controllers.GestionController'. Un parámetro opcional debe ser un tipo de referencia, un tipo que acepte valores NULL o debe declararse como parámetro opcional.
Nombre del parámetro: parameters
15/06/2020 23:26:28: [Método: Void System.Web.IHttpAsyncHandler.EndProcessRequest(System.IAsyncResult), Línea: 0] - El diccionario de parámetros contiene una entrada NULL para el parámetro 'ini' del tipo que no acepta valores NULL 'System.Int32' del método 'System.Web.Mvc.ActionResult DetalleIndicador(Int32, Int32)' en 'MRVMinem.Controllers.GestionController'. Un parámetro opcional debe ser un tipo de referencia, un tipo que acepte valores NULL o debe declararse como parámetro opcional.
Nombre del parámetro: parameters
15/06/2020 23:26:28: [Método: Void System.Web.HttpApplication.IExecutionStep.Execute(), Línea: 0] - El diccionario de parámetros contiene una entrada NULL para el parámetro 'ini' del tipo que no acepta valores NULL 'System.Int32' del método 'System.Web.Mvc.ActionResult DetalleIndicador(Int32, Int32)' en 'MRVMinem.Controllers.GestionController'. Un parámetro opcional debe ser un tipo de referencia, un tipo que acepte valores NULL o debe declararse como parámetro opcional.
Nombre del parámetro: parameters
15/06/2020 23:26:28: [Método: Void ExecuteStepImpl(IExecutionStep), Línea: 0] - El diccionario de parámetros contiene una entrada NULL para el parámetro 'ini' del tipo que no acepta valores NULL 'System.Int32' del método 'System.Web.Mvc.ActionResult DetalleIndicador(Int32, Int32)' en 'MRVMinem.Controllers.GestionController'. Un parámetro opcional debe ser un tipo de referencia, un tipo que acepte valores NULL o debe declararse como parámetro opcional.
Nombre del parámetro: parameters
15/06/2020 23:26:28: [Método: System.Exception ExecuteStep(IExecutionStep, Boolean ByRef), Línea: 0] - El diccionario de parámetros contiene una entrada NULL para el parámetro 'ini' del tipo que no acepta valores NULL 'System.Int32' del método 'System.Web.Mvc.ActionResult DetalleIndicador(Int32, Int32)' en 'MRVMinem.Controllers.GestionController'. Un parámetro opcional debe ser un tipo de referencia, un tipo que acepte valores NULL o debe declararse como parámetro opcional.
Nombre del parámetro: parameters
15/06/2020 23:26:53: [Método: System.Object ExtractParameterFromDictionary(System.Reflection.ParameterInfo, System.Collections.Generic.IDictionary`2[System.String,System.Object], System.Reflection.MethodInfo), Línea: 0] - El diccionario de parámetros contiene una entrada NULL para el parámetro 'ini' del tipo que no acepta valores NULL 'System.Int32' del método 'System.Web.Mvc.ActionResult DetalleIndicador(Int32, Int32)' en 'MRVMinem.Controllers.GestionController'. Un parámetro opcional debe ser un tipo de referencia, un tipo que acepte valores NULL o debe declararse como parámetro opcional.
Nombre del parámetro: parameters
15/06/2020 23:26:53: [Método: System.Object Execute(System.Web.Mvc.ControllerContext, System.Collections.Generic.IDictionary`2[System.String,System.Object]), Línea: 0] - El diccionario de parámetros contiene una entrada NULL para el parámetro 'ini' del tipo que no acepta valores NULL 'System.Int32' del método 'System.Web.Mvc.ActionResult DetalleIndicador(Int32, Int32)' en 'MRVMinem.Controllers.GestionController'. Un parámetro opcional debe ser un tipo de referencia, un tipo que acepte valores NULL o debe declararse como parámetro opcional.
Nombre del parámetro: parameters
15/06/2020 23:26:53: [Método: System.Web.Mvc.ActionResult InvokeActionMethod(System.Web.Mvc.ControllerContext, System.Web.Mvc.ActionDescriptor, System.Collections.Generic.IDictionary`2[System.String,System.Object]), Línea: 0] - El diccionario de parámetros contiene una entrada NULL para el parámetro 'ini' del tipo que no acepta valores NULL 'System.Int32' del método 'System.Web.Mvc.ActionResult DetalleIndicador(Int32, Int32)' en 'MRVMinem.Controllers.GestionController'. Un parámetro opcional debe ser un tipo de referencia, un tipo que acepte valores NULL o debe declararse como parámetro opcional.
Nombre del parámetro: parameters
15/06/2020 23:26:53: [Método: System.Web.Mvc.ActionResult <BeginInvokeSynchronousActionMethod>b__39(System.IAsyncResult, ActionInvocation), Línea: 0] - El diccionario de parámetros contiene una entrada NULL para el parámetro 'ini' del tipo que no acepta valores NULL 'System.Int32' del método 'System.Web.Mvc.ActionResult DetalleIndicador(Int32, Int32)' en 'MRVMinem.Controllers.GestionController'. Un parámetro opcional debe ser un tipo de referencia, un tipo que acepte valores NULL o debe declararse como parámetro opcional.
Nombre del parámetro: parameters
15/06/2020 23:26:53: [Método: TResult CallEndDelegate(System.IAsyncResult), Línea: 0] - El diccionario de parámetros contiene una entrada NULL para el parámetro 'ini' del tipo que no acepta valores NULL 'System.Int32' del método 'System.Web.Mvc.ActionResult DetalleIndicador(Int32, Int32)' en 'MRVMinem.Controllers.GestionController'. Un parámetro opcional debe ser un tipo de referencia, un tipo que acepte valores NULL o debe declararse como parámetro opcional.
Nombre del parámetro: parameters
15/06/2020 23:26:53: [Método: TResult End(), Línea: 0] - El diccionario de parámetros contiene una entrada NULL para el parámetro 'ini' del tipo que no acepta valores NULL 'System.Int32' del método 'System.Web.Mvc.ActionResult DetalleIndicador(Int32, Int32)' en 'MRVMinem.Controllers.GestionController'. Un parámetro opcional debe ser un tipo de referencia, un tipo que acepte valores NULL o debe declararse como parámetro opcional.
Nombre del parámetro: parameters
15/06/2020 23:26:53: [Método: System.Web.Mvc.ActionResult EndInvokeActionMethod(System.IAsyncResult), Línea: 0] - El diccionario de parámetros contiene una entrada NULL para el parámetro 'ini' del tipo que no acepta valores NULL 'System.Int32' del método 'System.Web.Mvc.ActionResult DetalleIndicador(Int32, Int32)' en 'MRVMinem.Controllers.GestionController'. Un parámetro opcional debe ser un tipo de referencia, un tipo que acepte valores NULL o debe declararse como parámetro opcional.
Nombre del parámetro: parameters
15/06/2020 23:26:53: [Método: System.Web.Mvc.ActionExecutedContext <InvokeActionMethodFilterAsynchronouslyRecursive>b__3d(), Línea: 0] - El diccionario de parámetros contiene una entrada NULL para el parámetro 'ini' del tipo que no acepta valores NULL 'System.Int32' del método 'System.Web.Mvc.ActionResult DetalleIndicador(Int32, Int32)' en 'MRVMinem.Controllers.GestionController'. Un parámetro opcional debe ser un tipo de referencia, un tipo que acepte valores NULL o debe declararse como parámetro opcional.
Nombre del parámetro: parameters
15/06/2020 23:26:53: [Método: System.Web.Mvc.ActionExecutedContext <InvokeActionMethodFilterAsynchronouslyRecursive>b__3f(), Línea: 0] - El diccionario de parámetros contiene una entrada NULL para el parámetro 'ini' del tipo que no acepta valores NULL 'System.Int32' del método 'System.Web.Mvc.ActionResult DetalleIndicador(Int32, Int32)' en 'MRVMinem.Controllers.GestionController'. Un parámetro opcional debe ser un tipo de referencia, un tipo que acepte valores NULL o debe declararse como parámetro opcional.
Nombre del parámetro: parameters
15/06/2020 23:26:53: [Método: System.Web.Mvc.ActionExecutedContext <InvokeActionMethodFilterAsynchronouslyRecursive>b__3f(), Línea: 0] - El diccionario de parámetros contiene una entrada NULL para el parámetro 'ini' del tipo que no acepta valores NULL 'System.Int32' del método 'System.Web.Mvc.ActionResult DetalleIndicador(Int32, Int32)' en 'MRVMinem.Controllers.GestionController'. Un parámetro opcional debe ser un tipo de referencia, un tipo que acepte valores NULL o debe declararse como parámetro opcional.
Nombre del parámetro: parameters
15/06/2020 23:26:53: [Método: System.Web.Mvc.ActionExecutedContext <BeginInvokeActionMethodWithFilters>b__32(System.IAsyncResult), Línea: 0] - El diccionario de parámetros contiene una entrada NULL para el parámetro 'ini' del tipo que no acepta valores NULL 'System.Int32' del método 'System.Web.Mvc.ActionResult DetalleIndicador(Int32, Int32)' en 'MRVMinem.Controllers.GestionController'. Un parámetro opcional debe ser un tipo de referencia, un tipo que acepte valores NULL o debe declararse como parámetro opcional.
Nombre del parámetro: parameters
15/06/2020 23:26:53: [Método: TResult CallEndDelegate(System.IAsyncResult), Línea: 0] - El diccionario de parámetros contiene una entrada NULL para el parámetro 'ini' del tipo que no acepta valores NULL 'System.Int32' del método 'System.Web.Mvc.ActionResult DetalleIndicador(Int32, Int32)' en 'MRVMinem.Controllers.GestionController'. Un parámetro opcional debe ser un tipo de referencia, un tipo que acepte valores NULL o debe declararse como parámetro opcional.
Nombre del parámetro: parameters
15/06/2020 23:26:53: [Método: TResult End(), Línea: 0] - El diccionario de parámetros contiene una entrada NULL para el parámetro 'ini' del tipo que no acepta valores NULL 'System.Int32' del método 'System.Web.Mvc.ActionResult DetalleIndicador(Int32, Int32)' en 'MRVMinem.Controllers.GestionController'. Un parámetro opcional debe ser un tipo de referencia, un tipo que acepte valores NULL o debe declararse como parámetro opcional.
Nombre del parámetro: parameters
15/06/2020 23:26:53: [Método: System.Web.Mvc.ActionExecutedContext EndInvokeActionMethodWithFilters(System.IAsyncResult), Línea: 0] - El diccionario de parámetros contiene una entrada NULL para el parámetro 'ini' del tipo que no acepta valores NULL 'System.Int32' del método 'System.Web.Mvc.ActionResult DetalleIndicador(Int32, Int32)' en 'MRVMinem.Controllers.GestionController'. Un parámetro opcional debe ser un tipo de referencia, un tipo que acepte valores NULL o debe declararse como parámetro opcional.
Nombre del parámetro: parameters
15/06/2020 23:26:53: [Método: Void <BeginInvokeAction>b__1c(), Línea: 0] - El diccionario de parámetros contiene una entrada NULL para el parámetro 'ini' del tipo que no acepta valores NULL 'System.Int32' del método 'System.Web.Mvc.ActionResult DetalleIndicador(Int32, Int32)' en 'MRVMinem.Controllers.GestionController'. Un parámetro opcional debe ser un tipo de referencia, un tipo que acepte valores NULL o debe declararse como parámetro opcional.
Nombre del parámetro: parameters
15/06/2020 23:26:53: [Método: Boolean <BeginInvokeAction>b__1e(System.IAsyncResult), Línea: 0] - El diccionario de parámetros contiene una entrada NULL para el parámetro 'ini' del tipo que no acepta valores NULL 'System.Int32' del método 'System.Web.Mvc.ActionResult DetalleIndicador(Int32, Int32)' en 'MRVMinem.Controllers.GestionController'. Un parámetro opcional debe ser un tipo de referencia, un tipo que acepte valores NULL o debe declararse como parámetro opcional.
Nombre del parámetro: parameters
15/06/2020 23:26:53: [Método: TResult CallEndDelegate(System.IAsyncResult), Línea: 0] - El diccionario de parámetros contiene una entrada NULL para el parámetro 'ini' del tipo que no acepta valores NULL 'System.Int32' del método 'System.Web.Mvc.ActionResult DetalleIndicador(Int32, Int32)' en 'MRVMinem.Controllers.GestionController'. Un parámetro opcional debe ser un tipo de referencia, un tipo que acepte valores NULL o debe declararse como parámetro opcional.
Nombre del parámetro: parameters
15/06/2020 23:26:53: [Método: TResult End(), Línea: 0] - El diccionario de parámetros contiene una entrada NULL para el parámetro 'ini' del tipo que no acepta valores NULL 'System.Int32' del método 'System.Web.Mvc.ActionResult DetalleIndicador(Int32, Int32)' en 'MRVMinem.Controllers.GestionController'. Un parámetro opcional debe ser un tipo de referencia, un tipo que acepte valores NULL o debe declararse como parámetro opcional.
Nombre del parámetro: parameters
15/06/2020 23:26:53: [Método: Boolean EndInvokeAction(System.IAsyncResult), Línea: 0] - El diccionario de parámetros contiene una entrada NULL para el parámetro 'ini' del tipo que no acepta valores NULL 'System.Int32' del método 'System.Web.Mvc.ActionResult DetalleIndicador(Int32, Int32)' en 'MRVMinem.Controllers.GestionController'. Un parámetro opcional debe ser un tipo de referencia, un tipo que acepte valores NULL o debe declararse como parámetro opcional.
Nombre del parámetro: parameters
15/06/2020 23:26:53: [Método: Void <BeginExecuteCore>b__1d(System.IAsyncResult, ExecuteCoreState), Línea: 0] - El diccionario de parámetros contiene una entrada NULL para el parámetro 'ini' del tipo que no acepta valores NULL 'System.Int32' del método 'System.Web.Mvc.ActionResult DetalleIndicador(Int32, Int32)' en 'MRVMinem.Controllers.GestionController'. Un parámetro opcional debe ser un tipo de referencia, un tipo que acepte valores NULL o debe declararse como parámetro opcional.
Nombre del parámetro: parameters
15/06/2020 23:26:53: [Método: System.Web.Mvc.Async.AsyncVoid CallEndDelegate(System.IAsyncResult), Línea: 0] - El diccionario de parámetros contiene una entrada NULL para el parámetro 'ini' del tipo que no acepta valores NULL 'System.Int32' del método 'System.Web.Mvc.ActionResult DetalleIndicador(Int32, Int32)' en 'MRVMinem.Controllers.GestionController'. Un parámetro opcional debe ser un tipo de referencia, un tipo que acepte valores NULL o debe declararse como parámetro opcional.
Nombre del parámetro: parameters
15/06/2020 23:26:53: [Método: TResult End(), Línea: 0] - El diccionario de parámetros contiene una entrada NULL para el parámetro 'ini' del tipo que no acepta valores NULL 'System.Int32' del método 'System.Web.Mvc.ActionResult DetalleIndicador(Int32, Int32)' en 'MRVMinem.Controllers.GestionController'. Un parámetro opcional debe ser un tipo de referencia, un tipo que acepte valores NULL o debe declararse como parámetro opcional.
Nombre del parámetro: parameters
15/06/2020 23:26:53: [Método: Void EndExecuteCore(System.IAsyncResult), Línea: 0] - El diccionario de parámetros contiene una entrada NULL para el parámetro 'ini' del tipo que no acepta valores NULL 'System.Int32' del método 'System.Web.Mvc.ActionResult DetalleIndicador(Int32, Int32)' en 'MRVMinem.Controllers.GestionController'. Un parámetro opcional debe ser un tipo de referencia, un tipo que acepte valores NULL o debe declararse como parámetro opcional.
Nombre del parámetro: parameters
15/06/2020 23:26:53: [Método: Void <BeginExecute>b__15(System.IAsyncResult, System.Web.Mvc.Controller), Línea: 0] - El diccionario de parámetros contiene una entrada NULL para el parámetro 'ini' del tipo que no acepta valores NULL 'System.Int32' del método 'System.Web.Mvc.ActionResult DetalleIndicador(Int32, Int32)' en 'MRVMinem.Controllers.GestionController'. Un parámetro opcional debe ser un tipo de referencia, un tipo que acepte valores NULL o debe declararse como parámetro opcional.
Nombre del parámetro: parameters
15/06/2020 23:26:53: [Método: System.Web.Mvc.Async.AsyncVoid CallEndDelegate(System.IAsyncResult), Línea: 0] - El diccionario de parámetros contiene una entrada NULL para el parámetro 'ini' del tipo que no acepta valores NULL 'System.Int32' del método 'System.Web.Mvc.ActionResult DetalleIndicador(Int32, Int32)' en 'MRVMinem.Controllers.GestionController'. Un parámetro opcional debe ser un tipo de referencia, un tipo que acepte valores NULL o debe declararse como parámetro opcional.
Nombre del parámetro: parameters
15/06/2020 23:26:53: [Método: TResult End(), Línea: 0] - El diccionario de parámetros contiene una entrada NULL para el parámetro 'ini' del tipo que no acepta valores NULL 'System.Int32' del método 'System.Web.Mvc.ActionResult DetalleIndicador(Int32, Int32)' en 'MRVMinem.Controllers.GestionController'. Un parámetro opcional debe ser un tipo de referencia, un tipo que acepte valores NULL o debe declararse como parámetro opcional.
Nombre del parámetro: parameters
15/06/2020 23:26:53: [Método: Void EndExecute(System.IAsyncResult), Línea: 0] - El diccionario de parámetros contiene una entrada NULL para el parámetro 'ini' del tipo que no acepta valores NULL 'System.Int32' del método 'System.Web.Mvc.ActionResult DetalleIndicador(Int32, Int32)' en 'MRVMinem.Controllers.GestionController'. Un parámetro opcional debe ser un tipo de referencia, un tipo que acepte valores NULL o debe declararse como parámetro opcional.
Nombre del parámetro: parameters
15/06/2020 23:26:53: [Método: Void System.Web.Mvc.Async.IAsyncController.EndExecute(System.IAsyncResult), Línea: 0] - El diccionario de parámetros contiene una entrada NULL para el parámetro 'ini' del tipo que no acepta valores NULL 'System.Int32' del método 'System.Web.Mvc.ActionResult DetalleIndicador(Int32, Int32)' en 'MRVMinem.Controllers.GestionController'. Un parámetro opcional debe ser un tipo de referencia, un tipo que acepte valores NULL o debe declararse como parámetro opcional.
Nombre del parámetro: parameters
15/06/2020 23:26:53: [Método: Void <BeginProcessRequest>b__5(System.IAsyncResult, ProcessRequestState), Línea: 0] - El diccionario de parámetros contiene una entrada NULL para el parámetro 'ini' del tipo que no acepta valores NULL 'System.Int32' del método 'System.Web.Mvc.ActionResult DetalleIndicador(Int32, Int32)' en 'MRVMinem.Controllers.GestionController'. Un parámetro opcional debe ser un tipo de referencia, un tipo que acepte valores NULL o debe declararse como parámetro opcional.
Nombre del parámetro: parameters
15/06/2020 23:26:53: [Método: System.Web.Mvc.Async.AsyncVoid CallEndDelegate(System.IAsyncResult), Línea: 0] - El diccionario de parámetros contiene una entrada NULL para el parámetro 'ini' del tipo que no acepta valores NULL 'System.Int32' del método 'System.Web.Mvc.ActionResult DetalleIndicador(Int32, Int32)' en 'MRVMinem.Controllers.GestionController'. Un parámetro opcional debe ser un tipo de referencia, un tipo que acepte valores NULL o debe declararse como parámetro opcional.
Nombre del parámetro: parameters
15/06/2020 23:26:53: [Método: TResult End(), Línea: 0] - El diccionario de parámetros contiene una entrada NULL para el parámetro 'ini' del tipo que no acepta valores NULL 'System.Int32' del método 'System.Web.Mvc.ActionResult DetalleIndicador(Int32, Int32)' en 'MRVMinem.Controllers.GestionController'. Un parámetro opcional debe ser un tipo de referencia, un tipo que acepte valores NULL o debe declararse como parámetro opcional.
Nombre del parámetro: parameters
15/06/2020 23:26:53: [Método: Void EndProcessRequest(System.IAsyncResult), Línea: 0] - El diccionario de parámetros contiene una entrada NULL para el parámetro 'ini' del tipo que no acepta valores NULL 'System.Int32' del método 'System.Web.Mvc.ActionResult DetalleIndicador(Int32, Int32)' en 'MRVMinem.Controllers.GestionController'. Un parámetro opcional debe ser un tipo de referencia, un tipo que acepte valores NULL o debe declararse como parámetro opcional.
Nombre del parámetro: parameters
15/06/2020 23:26:53: [Método: Void System.Web.IHttpAsyncHandler.EndProcessRequest(System.IAsyncResult), Línea: 0] - El diccionario de parámetros contiene una entrada NULL para el parámetro 'ini' del tipo que no acepta valores NULL 'System.Int32' del método 'System.Web.Mvc.ActionResult DetalleIndicador(Int32, Int32)' en 'MRVMinem.Controllers.GestionController'. Un parámetro opcional debe ser un tipo de referencia, un tipo que acepte valores NULL o debe declararse como parámetro opcional.
Nombre del parámetro: parameters
15/06/2020 23:26:53: [Método: Void System.Web.HttpApplication.IExecutionStep.Execute(), Línea: 0] - El diccionario de parámetros contiene una entrada NULL para el parámetro 'ini' del tipo que no acepta valores NULL 'System.Int32' del método 'System.Web.Mvc.ActionResult DetalleIndicador(Int32, Int32)' en 'MRVMinem.Controllers.GestionController'. Un parámetro opcional debe ser un tipo de referencia, un tipo que acepte valores NULL o debe declararse como parámetro opcional.
Nombre del parámetro: parameters
15/06/2020 23:26:53: [Método: Void ExecuteStepImpl(IExecutionStep), Línea: 0] - El diccionario de parámetros contiene una entrada NULL para el parámetro 'ini' del tipo que no acepta valores NULL 'System.Int32' del método 'System.Web.Mvc.ActionResult DetalleIndicador(Int32, Int32)' en 'MRVMinem.Controllers.GestionController'. Un parámetro opcional debe ser un tipo de referencia, un tipo que acepte valores NULL o debe declararse como parámetro opcional.
Nombre del parámetro: parameters
15/06/2020 23:26:53: [Método: System.Exception ExecuteStep(IExecutionStep, Boolean ByRef), Línea: 0] - El diccionario de parámetros contiene una entrada NULL para el parámetro 'ini' del tipo que no acepta valores NULL 'System.Int32' del método 'System.Web.Mvc.ActionResult DetalleIndicador(Int32, Int32)' en 'MRVMinem.Controllers.GestionController'. Un parámetro opcional debe ser un tipo de referencia, un tipo que acepte valores NULL o debe declararse como parámetro opcional.
Nombre del parámetro: parameters
15/06/2020 23:27:01: [Método: System.Object ExtractParameterFromDictionary(System.Reflection.ParameterInfo, System.Collections.Generic.IDictionary`2[System.String,System.Object], System.Reflection.MethodInfo), Línea: 0] - El diccionario de parámetros contiene una entrada NULL para el parámetro 'ini' del tipo que no acepta valores NULL 'System.Int32' del método 'System.Web.Mvc.ActionResult DetalleIndicador(Int32, Int32)' en 'MRVMinem.Controllers.GestionController'. Un parámetro opcional debe ser un tipo de referencia, un tipo que acepte valores NULL o debe declararse como parámetro opcional.
Nombre del parámetro: parameters
15/06/2020 23:27:01: [Método: System.Object Execute(System.Web.Mvc.ControllerContext, System.Collections.Generic.IDictionary`2[System.String,System.Object]), Línea: 0] - El diccionario de parámetros contiene una entrada NULL para el parámetro 'ini' del tipo que no acepta valores NULL 'System.Int32' del método 'System.Web.Mvc.ActionResult DetalleIndicador(Int32, Int32)' en 'MRVMinem.Controllers.GestionController'. Un parámetro opcional debe ser un tipo de referencia, un tipo que acepte valores NULL o debe declararse como parámetro opcional.
Nombre del parámetro: parameters
15/06/2020 23:27:01: [Método: System.Web.Mvc.ActionResult InvokeActionMethod(System.Web.Mvc.ControllerContext, System.Web.Mvc.ActionDescriptor, System.Collections.Generic.IDictionary`2[System.String,System.Object]), Línea: 0] - El diccionario de parámetros contiene una entrada NULL para el parámetro 'ini' del tipo que no acepta valores NULL 'System.Int32' del método 'System.Web.Mvc.ActionResult DetalleIndicador(Int32, Int32)' en 'MRVMinem.Controllers.GestionController'. Un parámetro opcional debe ser un tipo de referencia, un tipo que acepte valores NULL o debe declararse como parámetro opcional.
Nombre del parámetro: parameters
15/06/2020 23:27:01: [Método: System.Web.Mvc.ActionResult <BeginInvokeSynchronousActionMethod>b__39(System.IAsyncResult, ActionInvocation), Línea: 0] - El diccionario de parámetros contiene una entrada NULL para el parámetro 'ini' del tipo que no acepta valores NULL 'System.Int32' del método 'System.Web.Mvc.ActionResult DetalleIndicador(Int32, Int32)' en 'MRVMinem.Controllers.GestionController'. Un parámetro opcional debe ser un tipo de referencia, un tipo que acepte valores NULL o debe declararse como parámetro opcional.
Nombre del parámetro: parameters
15/06/2020 23:27:01: [Método: TResult CallEndDelegate(System.IAsyncResult), Línea: 0] - El diccionario de parámetros contiene una entrada NULL para el parámetro 'ini' del tipo que no acepta valores NULL 'System.Int32' del método 'System.Web.Mvc.ActionResult DetalleIndicador(Int32, Int32)' en 'MRVMinem.Controllers.GestionController'. Un parámetro opcional debe ser un tipo de referencia, un tipo que acepte valores NULL o debe declararse como parámetro opcional.
Nombre del parámetro: parameters
15/06/2020 23:27:01: [Método: TResult End(), Línea: 0] - El diccionario de parámetros contiene una entrada NULL para el parámetro 'ini' del tipo que no acepta valores NULL 'System.Int32' del método 'System.Web.Mvc.ActionResult DetalleIndicador(Int32, Int32)' en 'MRVMinem.Controllers.GestionController'. Un parámetro opcional debe ser un tipo de referencia, un tipo que acepte valores NULL o debe declararse como parámetro opcional.
Nombre del parámetro: parameters
15/06/2020 23:27:01: [Método: System.Web.Mvc.ActionResult EndInvokeActionMethod(System.IAsyncResult), Línea: 0] - El diccionario de parámetros contiene una entrada NULL para el parámetro 'ini' del tipo que no acepta valores NULL 'System.Int32' del método 'System.Web.Mvc.ActionResult DetalleIndicador(Int32, Int32)' en 'MRVMinem.Controllers.GestionController'. Un parámetro opcional debe ser un tipo de referencia, un tipo que acepte valores NULL o debe declararse como parámetro opcional.
Nombre del parámetro: parameters
15/06/2020 23:27:01: [Método: System.Web.Mvc.ActionExecutedContext <InvokeActionMethodFilterAsynchronouslyRecursive>b__3d(), Línea: 0] - El diccionario de parámetros contiene una entrada NULL para el parámetro 'ini' del tipo que no acepta valores NULL 'System.Int32' del método 'System.Web.Mvc.ActionResult DetalleIndicador(Int32, Int32)' en 'MRVMinem.Controllers.GestionController'. Un parámetro opcional debe ser un tipo de referencia, un tipo que acepte valores NULL o debe declararse como parámetro opcional.
Nombre del parámetro: parameters
15/06/2020 23:27:01: [Método: System.Web.Mvc.ActionExecutedContext <InvokeActionMethodFilterAsynchronouslyRecursive>b__3f(), Línea: 0] - El diccionario de parámetros contiene una entrada NULL para el parámetro 'ini' del tipo que no acepta valores NULL 'System.Int32' del método 'System.Web.Mvc.ActionResult DetalleIndicador(Int32, Int32)' en 'MRVMinem.Controllers.GestionController'. Un parámetro opcional debe ser un tipo de referencia, un tipo que acepte valores NULL o debe declararse como parámetro opcional.
Nombre del parámetro: parameters
15/06/2020 23:27:01: [Método: System.Web.Mvc.ActionExecutedContext <InvokeActionMethodFilterAsynchronouslyRecursive>b__3f(), Línea: 0] - El diccionario de parámetros contiene una entrada NULL para el parámetro 'ini' del tipo que no acepta valores NULL 'System.Int32' del método 'System.Web.Mvc.ActionResult DetalleIndicador(Int32, Int32)' en 'MRVMinem.Controllers.GestionController'. Un parámetro opcional debe ser un tipo de referencia, un tipo que acepte valores NULL o debe declararse como parámetro opcional.
Nombre del parámetro: parameters
15/06/2020 23:27:01: [Método: System.Web.Mvc.ActionExecutedContext <BeginInvokeActionMethodWithFilters>b__32(System.IAsyncResult), Línea: 0] - El diccionario de parámetros contiene una entrada NULL para el parámetro 'ini' del tipo que no acepta valores NULL 'System.Int32' del método 'System.Web.Mvc.ActionResult DetalleIndicador(Int32, Int32)' en 'MRVMinem.Controllers.GestionController'. Un parámetro opcional debe ser un tipo de referencia, un tipo que acepte valores NULL o debe declararse como parámetro opcional.
Nombre del parámetro: parameters
15/06/2020 23:27:01: [Método: TResult CallEndDelegate(System.IAsyncResult), Línea: 0] - El diccionario de parámetros contiene una entrada NULL para el parámetro 'ini' del tipo que no acepta valores NULL 'System.Int32' del método 'System.Web.Mvc.ActionResult DetalleIndicador(Int32, Int32)' en 'MRVMinem.Controllers.GestionController'. Un parámetro opcional debe ser un tipo de referencia, un tipo que acepte valores NULL o debe declararse como parámetro opcional.
Nombre del parámetro: parameters
15/06/2020 23:27:01: [Método: TResult End(), Línea: 0] - El diccionario de parámetros contiene una entrada NULL para el parámetro 'ini' del tipo que no acepta valores NULL 'System.Int32' del método 'System.Web.Mvc.ActionResult DetalleIndicador(Int32, Int32)' en 'MRVMinem.Controllers.GestionController'. Un parámetro opcional debe ser un tipo de referencia, un tipo que acepte valores NULL o debe declararse como parámetro opcional.
Nombre del parámetro: parameters
15/06/2020 23:27:01: [Método: System.Web.Mvc.ActionExecutedContext EndInvokeActionMethodWithFilters(System.IAsyncResult), Línea: 0] - El diccionario de parámetros contiene una entrada NULL para el parámetro 'ini' del tipo que no acepta valores NULL 'System.Int32' del método 'System.Web.Mvc.ActionResult DetalleIndicador(Int32, Int32)' en 'MRVMinem.Controllers.GestionController'. Un parámetro opcional debe ser un tipo de referencia, un tipo que acepte valores NULL o debe declararse como parámetro opcional.
Nombre del parámetro: parameters
15/06/2020 23:27:01: [Método: Void <BeginInvokeAction>b__1c(), Línea: 0] - El diccionario de parámetros contiene una entrada NULL para el parámetro 'ini' del tipo que no acepta valores NULL 'System.Int32' del método 'System.Web.Mvc.ActionResult DetalleIndicador(Int32, Int32)' en 'MRVMinem.Controllers.GestionController'. Un parámetro opcional debe ser un tipo de referencia, un tipo que acepte valores NULL o debe declararse como parámetro opcional.
Nombre del parámetro: parameters
15/06/2020 23:27:01: [Método: Boolean <BeginInvokeAction>b__1e(System.IAsyncResult), Línea: 0] - El diccionario de parámetros contiene una entrada NULL para el parámetro 'ini' del tipo que no acepta valores NULL 'System.Int32' del método 'System.Web.Mvc.ActionResult DetalleIndicador(Int32, Int32)' en 'MRVMinem.Controllers.GestionController'. Un parámetro opcional debe ser un tipo de referencia, un tipo que acepte valores NULL o debe declararse como parámetro opcional.
Nombre del parámetro: parameters
15/06/2020 23:27:01: [Método: TResult CallEndDelegate(System.IAsyncResult), Línea: 0] - El diccionario de parámetros contiene una entrada NULL para el parámetro 'ini' del tipo que no acepta valores NULL 'System.Int32' del método 'System.Web.Mvc.ActionResult DetalleIndicador(Int32, Int32)' en 'MRVMinem.Controllers.GestionController'. Un parámetro opcional debe ser un tipo de referencia, un tipo que acepte valores NULL o debe declararse como parámetro opcional.
Nombre del parámetro: parameters
15/06/2020 23:27:01: [Método: TResult End(), Línea: 0] - El diccionario de parámetros contiene una entrada NULL para el parámetro 'ini' del tipo que no acepta valores NULL 'System.Int32' del método 'System.Web.Mvc.ActionResult DetalleIndicador(Int32, Int32)' en 'MRVMinem.Controllers.GestionController'. Un parámetro opcional debe ser un tipo de referencia, un tipo que acepte valores NULL o debe declararse como parámetro opcional.
Nombre del parámetro: parameters
15/06/2020 23:27:01: [Método: Boolean EndInvokeAction(System.IAsyncResult), Línea: 0] - El diccionario de parámetros contiene una entrada NULL para el parámetro 'ini' del tipo que no acepta valores NULL 'System.Int32' del método 'System.Web.Mvc.ActionResult DetalleIndicador(Int32, Int32)' en 'MRVMinem.Controllers.GestionController'. Un parámetro opcional debe ser un tipo de referencia, un tipo que acepte valores NULL o debe declararse como parámetro opcional.
Nombre del parámetro: parameters
15/06/2020 23:27:01: [Método: Void <BeginExecuteCore>b__1d(System.IAsyncResult, ExecuteCoreState), Línea: 0] - El diccionario de parámetros contiene una entrada NULL para el parámetro 'ini' del tipo que no acepta valores NULL 'System.Int32' del método 'System.Web.Mvc.ActionResult DetalleIndicador(Int32, Int32)' en 'MRVMinem.Controllers.GestionController'. Un parámetro opcional debe ser un tipo de referencia, un tipo que acepte valores NULL o debe declararse como parámetro opcional.
Nombre del parámetro: parameters
15/06/2020 23:27:01: [Método: System.Web.Mvc.Async.AsyncVoid CallEndDelegate(System.IAsyncResult), Línea: 0] - El diccionario de parámetros contiene una entrada NULL para el parámetro 'ini' del tipo que no acepta valores NULL 'System.Int32' del método 'System.Web.Mvc.ActionResult DetalleIndicador(Int32, Int32)' en 'MRVMinem.Controllers.GestionController'. Un parámetro opcional debe ser un tipo de referencia, un tipo que acepte valores NULL o debe declararse como parámetro opcional.
Nombre del parámetro: parameters
15/06/2020 23:27:01: [Método: TResult End(), Línea: 0] - El diccionario de parámetros contiene una entrada NULL para el parámetro 'ini' del tipo que no acepta valores NULL 'System.Int32' del método 'System.Web.Mvc.ActionResult DetalleIndicador(Int32, Int32)' en 'MRVMinem.Controllers.GestionController'. Un parámetro opcional debe ser un tipo de referencia, un tipo que acepte valores NULL o debe declararse como parámetro opcional.
Nombre del parámetro: parameters
15/06/2020 23:27:01: [Método: Void EndExecuteCore(System.IAsyncResult), Línea: 0] - El diccionario de parámetros contiene una entrada NULL para el parámetro 'ini' del tipo que no acepta valores NULL 'System.Int32' del método 'System.Web.Mvc.ActionResult DetalleIndicador(Int32, Int32)' en 'MRVMinem.Controllers.GestionController'. Un parámetro opcional debe ser un tipo de referencia, un tipo que acepte valores NULL o debe declararse como parámetro opcional.
Nombre del parámetro: parameters
15/06/2020 23:27:01: [Método: Void <BeginExecute>b__15(System.IAsyncResult, System.Web.Mvc.Controller), Línea: 0] - El diccionario de parámetros contiene una entrada NULL para el parámetro 'ini' del tipo que no acepta valores NULL 'System.Int32' del método 'System.Web.Mvc.ActionResult DetalleIndicador(Int32, Int32)' en 'MRVMinem.Controllers.GestionController'. Un parámetro opcional debe ser un tipo de referencia, un tipo que acepte valores NULL o debe declararse como parámetro opcional.
Nombre del parámetro: parameters
15/06/2020 23:27:01: [Método: System.Web.Mvc.Async.AsyncVoid CallEndDelegate(System.IAsyncResult), Línea: 0] - El diccionario de parámetros contiene una entrada NULL para el parámetro 'ini' del tipo que no acepta valores NULL 'System.Int32' del método 'System.Web.Mvc.ActionResult DetalleIndicador(Int32, Int32)' en 'MRVMinem.Controllers.GestionController'. Un parámetro opcional debe ser un tipo de referencia, un tipo que acepte valores NULL o debe declararse como parámetro opcional.
Nombre del parámetro: parameters
15/06/2020 23:27:01: [Método: TResult End(), Línea: 0] - El diccionario de parámetros contiene una entrada NULL para el parámetro 'ini' del tipo que no acepta valores NULL 'System.Int32' del método 'System.Web.Mvc.ActionResult DetalleIndicador(Int32, Int32)' en 'MRVMinem.Controllers.GestionController'. Un parámetro opcional debe ser un tipo de referencia, un tipo que acepte valores NULL o debe declararse como parámetro opcional.
Nombre del parámetro: parameters
15/06/2020 23:27:01: [Método: Void EndExecute(System.IAsyncResult), Línea: 0] - El diccionario de parámetros contiene una entrada NULL para el parámetro 'ini' del tipo que no acepta valores NULL 'System.Int32' del método 'System.Web.Mvc.ActionResult DetalleIndicador(Int32, Int32)' en 'MRVMinem.Controllers.GestionController'. Un parámetro opcional debe ser un tipo de referencia, un tipo que acepte valores NULL o debe declararse como parámetro opcional.
Nombre del parámetro: parameters
15/06/2020 23:27:01: [Método: Void System.Web.Mvc.Async.IAsyncController.EndExecute(System.IAsyncResult), Línea: 0] - El diccionario de parámetros contiene una entrada NULL para el parámetro 'ini' del tipo que no acepta valores NULL 'System.Int32' del método 'System.Web.Mvc.ActionResult DetalleIndicador(Int32, Int32)' en 'MRVMinem.Controllers.GestionController'. Un parámetro opcional debe ser un tipo de referencia, un tipo que acepte valores NULL o debe declararse como parámetro opcional.
Nombre del parámetro: parameters
15/06/2020 23:27:01: [Método: Void <BeginProcessRequest>b__5(System.IAsyncResult, ProcessRequestState), Línea: 0] - El diccionario de parámetros contiene una entrada NULL para el parámetro 'ini' del tipo que no acepta valores NULL 'System.Int32' del método 'System.Web.Mvc.ActionResult DetalleIndicador(Int32, Int32)' en 'MRVMinem.Controllers.GestionController'. Un parámetro opcional debe ser un tipo de referencia, un tipo que acepte valores NULL o debe declararse como parámetro opcional.
Nombre del parámetro: parameters
15/06/2020 23:27:01: [Método: System.Web.Mvc.Async.AsyncVoid CallEndDelegate(System.IAsyncResult), Línea: 0] - El diccionario de parámetros contiene una entrada NULL para el parámetro 'ini' del tipo que no acepta valores NULL 'System.Int32' del método 'System.Web.Mvc.ActionResult DetalleIndicador(Int32, Int32)' en 'MRVMinem.Controllers.GestionController'. Un parámetro opcional debe ser un tipo de referencia, un tipo que acepte valores NULL o debe declararse como parámetro opcional.
Nombre del parámetro: parameters
15/06/2020 23:27:01: [Método: TResult End(), Línea: 0] - El diccionario de parámetros contiene una entrada NULL para el parámetro 'ini' del tipo que no acepta valores NULL 'System.Int32' del método 'System.Web.Mvc.ActionResult DetalleIndicador(Int32, Int32)' en 'MRVMinem.Controllers.GestionController'. Un parámetro opcional debe ser un tipo de referencia, un tipo que acepte valores NULL o debe declararse como parámetro opcional.
Nombre del parámetro: parameters
15/06/2020 23:27:01: [Método: Void EndProcessRequest(System.IAsyncResult), Línea: 0] - El diccionario de parámetros contiene una entrada NULL para el parámetro 'ini' del tipo que no acepta valores NULL 'System.Int32' del método 'System.Web.Mvc.ActionResult DetalleIndicador(Int32, Int32)' en 'MRVMinem.Controllers.GestionController'. Un parámetro opcional debe ser un tipo de referencia, un tipo que acepte valores NULL o debe declararse como parámetro opcional.
Nombre del parámetro: parameters
15/06/2020 23:27:01: [Método: Void System.Web.IHttpAsyncHandler.EndProcessRequest(System.IAsyncResult), Línea: 0] - El diccionario de parámetros contiene una entrada NULL para el parámetro 'ini' del tipo que no acepta valores NULL 'System.Int32' del método 'System.Web.Mvc.ActionResult DetalleIndicador(Int32, Int32)' en 'MRVMinem.Controllers.GestionController'. Un parámetro opcional debe ser un tipo de referencia, un tipo que acepte valores NULL o debe declararse como parámetro opcional.
Nombre del parámetro: parameters
15/06/2020 23:27:01: [Método: Void System.Web.HttpApplication.IExecutionStep.Execute(), Línea: 0] - El diccionario de parámetros contiene una entrada NULL para el parámetro 'ini' del tipo que no acepta valores NULL 'System.Int32' del método 'System.Web.Mvc.ActionResult DetalleIndicador(Int32, Int32)' en 'MRVMinem.Controllers.GestionController'. Un parámetro opcional debe ser un tipo de referencia, un tipo que acepte valores NULL o debe declararse como parámetro opcional.
Nombre del parámetro: parameters
15/06/2020 23:27:01: [Método: Void ExecuteStepImpl(IExecutionStep), Línea: 0] - El diccionario de parámetros contiene una entrada NULL para el parámetro 'ini' del tipo que no acepta valores NULL 'System.Int32' del método 'System.Web.Mvc.ActionResult DetalleIndicador(Int32, Int32)' en 'MRVMinem.Controllers.GestionController'. Un parámetro opcional debe ser un tipo de referencia, un tipo que acepte valores NULL o debe declararse como parámetro opcional.
Nombre del parámetro: parameters
15/06/2020 23:27:01: [Método: System.Exception ExecuteStep(IExecutionStep, Boolean ByRef), Línea: 0] - El diccionario de parámetros contiene una entrada NULL para el parámetro 'ini' del tipo que no acepta valores NULL 'System.Int32' del método 'System.Web.Mvc.ActionResult DetalleIndicador(Int32, Int32)' en 'MRVMinem.Controllers.GestionController'. Un parámetro opcional debe ser un tipo de referencia, un tipo que acepte valores NULL o debe declararse como parámetro opcional.
Nombre del parámetro: parameters
