26/04/2020 07:43:23: [Método: Void HandleErrorHelper(Int32, Oracle.DataAccess.Client.OracleConnection, IntPtr, Oracle.DataAccess.Client.OpoSqlValCtx*, System.Object, System.String, Boolean, Int32, Oracle.DataAccess.Client.OracleLogicalTransaction), Línea: 0] - ORA-00918: columna definida de forma ambigua
ORA-06512: en "MRVMM.PKG_MRV_MANTENIMIENTO", línea 2621
ORA-06512: en línea 1
26/04/2020 07:43:23: [Método: Void HandleError(Int32, Oracle.DataAccess.Client.OracleConnection, System.String, IntPtr, Oracle.DataAccess.Client.OpoSqlValCtx*, System.Object, Boolean, Oracle.DataAccess.Client.OracleLogicalTransaction), Línea: 0] - ORA-00918: columna definida de forma ambigua
ORA-06512: en "MRVMM.PKG_MRV_MANTENIMIENTO", línea 2621
ORA-06512: en línea 1
26/04/2020 07:43:23: [Método: Oracle.DataAccess.Client.OracleDataReader ExecuteReader(Boolean, Boolean, System.Data.CommandBehavior), Línea: 0] - ORA-00918: columna definida de forma ambigua
ORA-06512: en "MRVMM.PKG_MRV_MANTENIMIENTO", línea 2621
ORA-06512: en línea 1
26/04/2020 07:43:23: [Método: System.Data.Common.DbDataReader ExecuteDbDataReader(System.Data.CommandBehavior), Línea: 0] - ORA-00918: columna definida de forma ambigua
ORA-06512: en "MRVMM.PKG_MRV_MANTENIMIENTO", línea 2621
ORA-06512: en línea 1
26/04/2020 07:43:23: [Método: System.Data.IDataReader System.Data.IDbCommand.ExecuteReader(System.Data.CommandBehavior), Línea: 0] - ORA-00918: columna definida de forma ambigua
ORA-06512: en "MRVMM.PKG_MRV_MANTENIMIENTO", línea 2621
ORA-06512: en línea 1
26/04/2020 07:43:23: [Método: System.Data.IDataReader ExecuteReaderWithFlagsFallback(System.Data.IDbCommand, Boolean, System.Data.CommandBehavior), Línea: 0] - ORA-00918: columna definida de forma ambigua
ORA-06512: en "MRVMM.PKG_MRV_MANTENIMIENTO", línea 2621
ORA-06512: en línea 1
26/04/2020 07:43:23: [Método: Boolean MoveNext(), Línea: 0] - ORA-00918: columna definida de forma ambigua
ORA-06512: en "MRVMM.PKG_MRV_MANTENIMIENTO", línea 2621
ORA-06512: en línea 1
26/04/2020 07:43:23: [Método: Void .ctor(System.Collections.Generic.IEnumerable`1[T]), Línea: 0] - ORA-00918: columna definida de forma ambigua
ORA-06512: en "MRVMM.PKG_MRV_MANTENIMIENTO", línea 2621
ORA-06512: en línea 1
26/04/2020 07:43:23: [Método: System.Collections.Generic.List`1[TSource] ToList[TSource](System.Collections.Generic.IEnumerable`1[TSource]), Línea: 0] - ORA-00918: columna definida de forma ambigua
ORA-06512: en "MRVMM.PKG_MRV_MANTENIMIENTO", línea 2621
ORA-06512: en línea 1
26/04/2020 07:43:23: [Método: System.Collections.Generic.IEnumerable`1[T] Query[T](System.Data.IDbConnection, System.String, System.Object, System.Data.IDbTransaction, Boolean, System.Nullable`1[System.Int32], System.Nullable`1[System.Data.CommandType]), Línea: 0] - ORA-00918: columna definida de forma ambigua
ORA-06512: en "MRVMM.PKG_MRV_MANTENIMIENTO", línea 2621
ORA-06512: en línea 1
26/04/2020 07:43:23: [Método: System.Collections.Generic.List`1[entidad.minem.gob.pe.FactorBE] ListaEnfoqueFactor(entidad.minem.gob.pe.FactorBE), Línea: 554] - ORA-00918: columna definida de forma ambigua
ORA-06512: en "MRVMM.PKG_MRV_MANTENIMIENTO", línea 2621
ORA-06512: en línea 1
26/04/2020 07:52:37: [Método: Void HandleErrorHelper(Int32, Oracle.DataAccess.Client.OracleConnection, IntPtr, Oracle.DataAccess.Client.OpoSqlValCtx*, System.Object, System.String, Boolean, Int32, Oracle.DataAccess.Client.OracleLogicalTransaction), Línea: 0] - ORA-00979: no es una expresión GROUP BY
ORA-06512: en "MRVMM.PKG_MRV_MANTENIMIENTO", línea 2623
ORA-06512: en línea 1
26/04/2020 07:52:37: [Método: Void HandleError(Int32, Oracle.DataAccess.Client.OracleConnection, System.String, IntPtr, Oracle.DataAccess.Client.OpoSqlValCtx*, System.Object, Boolean, Oracle.DataAccess.Client.OracleLogicalTransaction), Línea: 0] - ORA-00979: no es una expresión GROUP BY
ORA-06512: en "MRVMM.PKG_MRV_MANTENIMIENTO", línea 2623
ORA-06512: en línea 1
26/04/2020 07:52:37: [Método: Oracle.DataAccess.Client.OracleDataReader ExecuteReader(Boolean, Boolean, System.Data.CommandBehavior), Línea: 0] - ORA-00979: no es una expresión GROUP BY
ORA-06512: en "MRVMM.PKG_MRV_MANTENIMIENTO", línea 2623
ORA-06512: en línea 1
26/04/2020 07:52:37: [Método: System.Data.Common.DbDataReader ExecuteDbDataReader(System.Data.CommandBehavior), Línea: 0] - ORA-00979: no es una expresión GROUP BY
ORA-06512: en "MRVMM.PKG_MRV_MANTENIMIENTO", línea 2623
ORA-06512: en línea 1
26/04/2020 07:52:37: [Método: System.Data.IDataReader System.Data.IDbCommand.ExecuteReader(System.Data.CommandBehavior), Línea: 0] - ORA-00979: no es una expresión GROUP BY
ORA-06512: en "MRVMM.PKG_MRV_MANTENIMIENTO", línea 2623
ORA-06512: en línea 1
26/04/2020 07:52:37: [Método: System.Data.IDataReader ExecuteReaderWithFlagsFallback(System.Data.IDbCommand, Boolean, System.Data.CommandBehavior), Línea: 0] - ORA-00979: no es una expresión GROUP BY
ORA-06512: en "MRVMM.PKG_MRV_MANTENIMIENTO", línea 2623
ORA-06512: en línea 1
26/04/2020 07:52:37: [Método: Boolean MoveNext(), Línea: 0] - ORA-00979: no es una expresión GROUP BY
ORA-06512: en "MRVMM.PKG_MRV_MANTENIMIENTO", línea 2623
ORA-06512: en línea 1
26/04/2020 07:52:37: [Método: Void .ctor(System.Collections.Generic.IEnumerable`1[T]), Línea: 0] - ORA-00979: no es una expresión GROUP BY
ORA-06512: en "MRVMM.PKG_MRV_MANTENIMIENTO", línea 2623
ORA-06512: en línea 1
26/04/2020 07:52:37: [Método: System.Collections.Generic.List`1[TSource] ToList[TSource](System.Collections.Generic.IEnumerable`1[TSource]), Línea: 0] - ORA-00979: no es una expresión GROUP BY
ORA-06512: en "MRVMM.PKG_MRV_MANTENIMIENTO", línea 2623
ORA-06512: en línea 1
26/04/2020 07:52:37: [Método: System.Collections.Generic.IEnumerable`1[T] Query[T](System.Data.IDbConnection, System.String, System.Object, System.Data.IDbTransaction, Boolean, System.Nullable`1[System.Int32], System.Nullable`1[System.Data.CommandType]), Línea: 0] - ORA-00979: no es una expresión GROUP BY
ORA-06512: en "MRVMM.PKG_MRV_MANTENIMIENTO", línea 2623
ORA-06512: en línea 1
26/04/2020 07:52:37: [Método: System.Collections.Generic.List`1[entidad.minem.gob.pe.FactorBE] ListaEnfoqueFactor(entidad.minem.gob.pe.FactorBE), Línea: 554] - ORA-00979: no es una expresión GROUP BY
ORA-06512: en "MRVMM.PKG_MRV_MANTENIMIENTO", línea 2623
ORA-06512: en línea 1
26/04/2020 07:56:01: [Método: Void HandleErrorHelper(Int32, Oracle.DataAccess.Client.OracleConnection, IntPtr, Oracle.DataAccess.Client.OpoSqlValCtx*, System.Object, System.String, Boolean, Int32, Oracle.DataAccess.Client.OracleLogicalTransaction), Línea: 0] - ORA-00979: no es una expresión GROUP BY
ORA-06512: en "MRVMM.PKG_MRV_MANTENIMIENTO", línea 2623
ORA-06512: en línea 1
26/04/2020 07:56:01: [Método: Void HandleError(Int32, Oracle.DataAccess.Client.OracleConnection, System.String, IntPtr, Oracle.DataAccess.Client.OpoSqlValCtx*, System.Object, Boolean, Oracle.DataAccess.Client.OracleLogicalTransaction), Línea: 0] - ORA-00979: no es una expresión GROUP BY
ORA-06512: en "MRVMM.PKG_MRV_MANTENIMIENTO", línea 2623
ORA-06512: en línea 1
26/04/2020 07:56:01: [Método: Oracle.DataAccess.Client.OracleDataReader ExecuteReader(Boolean, Boolean, System.Data.CommandBehavior), Línea: 0] - ORA-00979: no es una expresión GROUP BY
ORA-06512: en "MRVMM.PKG_MRV_MANTENIMIENTO", línea 2623
ORA-06512: en línea 1
26/04/2020 07:56:01: [Método: System.Data.Common.DbDataReader ExecuteDbDataReader(System.Data.CommandBehavior), Línea: 0] - ORA-00979: no es una expresión GROUP BY
ORA-06512: en "MRVMM.PKG_MRV_MANTENIMIENTO", línea 2623
ORA-06512: en línea 1
26/04/2020 07:56:01: [Método: System.Data.IDataReader System.Data.IDbCommand.ExecuteReader(System.Data.CommandBehavior), Línea: 0] - ORA-00979: no es una expresión GROUP BY
ORA-06512: en "MRVMM.PKG_MRV_MANTENIMIENTO", línea 2623
ORA-06512: en línea 1
26/04/2020 07:56:01: [Método: System.Data.IDataReader ExecuteReaderWithFlagsFallback(System.Data.IDbCommand, Boolean, System.Data.CommandBehavior), Línea: 0] - ORA-00979: no es una expresión GROUP BY
ORA-06512: en "MRVMM.PKG_MRV_MANTENIMIENTO", línea 2623
ORA-06512: en línea 1
26/04/2020 07:56:01: [Método: Boolean MoveNext(), Línea: 0] - ORA-00979: no es una expresión GROUP BY
ORA-06512: en "MRVMM.PKG_MRV_MANTENIMIENTO", línea 2623
ORA-06512: en línea 1
26/04/2020 07:56:01: [Método: Void .ctor(System.Collections.Generic.IEnumerable`1[T]), Línea: 0] - ORA-00979: no es una expresión GROUP BY
ORA-06512: en "MRVMM.PKG_MRV_MANTENIMIENTO", línea 2623
ORA-06512: en línea 1
26/04/2020 07:56:01: [Método: System.Collections.Generic.List`1[TSource] ToList[TSource](System.Collections.Generic.IEnumerable`1[TSource]), Línea: 0] - ORA-00979: no es una expresión GROUP BY
ORA-06512: en "MRVMM.PKG_MRV_MANTENIMIENTO", línea 2623
ORA-06512: en línea 1
26/04/2020 07:56:01: [Método: System.Collections.Generic.IEnumerable`1[T] Query[T](System.Data.IDbConnection, System.String, System.Object, System.Data.IDbTransaction, Boolean, System.Nullable`1[System.Int32], System.Nullable`1[System.Data.CommandType]), Línea: 0] - ORA-00979: no es una expresión GROUP BY
ORA-06512: en "MRVMM.PKG_MRV_MANTENIMIENTO", línea 2623
ORA-06512: en línea 1
26/04/2020 07:56:01: [Método: System.Collections.Generic.List`1[entidad.minem.gob.pe.FactorBE] ListaEnfoqueFactor(entidad.minem.gob.pe.FactorBE), Línea: 554] - ORA-00979: no es una expresión GROUP BY
ORA-06512: en "MRVMM.PKG_MRV_MANTENIMIENTO", línea 2623
ORA-06512: en línea 1
26/04/2020 07:56:05: [Método: Void HandleErrorHelper(Int32, Oracle.DataAccess.Client.OracleConnection, IntPtr, Oracle.DataAccess.Client.OpoSqlValCtx*, System.Object, System.String, Boolean, Int32, Oracle.DataAccess.Client.OracleLogicalTransaction), Línea: 0] - ORA-00979: no es una expresión GROUP BY
ORA-06512: en "MRVMM.PKG_MRV_MANTENIMIENTO", línea 2623
ORA-06512: en línea 1
26/04/2020 07:56:05: [Método: Void HandleError(Int32, Oracle.DataAccess.Client.OracleConnection, System.String, IntPtr, Oracle.DataAccess.Client.OpoSqlValCtx*, System.Object, Boolean, Oracle.DataAccess.Client.OracleLogicalTransaction), Línea: 0] - ORA-00979: no es una expresión GROUP BY
ORA-06512: en "MRVMM.PKG_MRV_MANTENIMIENTO", línea 2623
ORA-06512: en línea 1
26/04/2020 07:56:05: [Método: Oracle.DataAccess.Client.OracleDataReader ExecuteReader(Boolean, Boolean, System.Data.CommandBehavior), Línea: 0] - ORA-00979: no es una expresión GROUP BY
ORA-06512: en "MRVMM.PKG_MRV_MANTENIMIENTO", línea 2623
ORA-06512: en línea 1
26/04/2020 07:56:05: [Método: System.Data.Common.DbDataReader ExecuteDbDataReader(System.Data.CommandBehavior), Línea: 0] - ORA-00979: no es una expresión GROUP BY
ORA-06512: en "MRVMM.PKG_MRV_MANTENIMIENTO", línea 2623
ORA-06512: en línea 1
26/04/2020 07:56:05: [Método: System.Data.IDataReader System.Data.IDbCommand.ExecuteReader(System.Data.CommandBehavior), Línea: 0] - ORA-00979: no es una expresión GROUP BY
ORA-06512: en "MRVMM.PKG_MRV_MANTENIMIENTO", línea 2623
ORA-06512: en línea 1
26/04/2020 07:56:05: [Método: System.Data.IDataReader ExecuteReaderWithFlagsFallback(System.Data.IDbCommand, Boolean, System.Data.CommandBehavior), Línea: 0] - ORA-00979: no es una expresión GROUP BY
ORA-06512: en "MRVMM.PKG_MRV_MANTENIMIENTO", línea 2623
ORA-06512: en línea 1
26/04/2020 07:56:05: [Método: Boolean MoveNext(), Línea: 0] - ORA-00979: no es una expresión GROUP BY
ORA-06512: en "MRVMM.PKG_MRV_MANTENIMIENTO", línea 2623
ORA-06512: en línea 1
26/04/2020 07:56:05: [Método: Void .ctor(System.Collections.Generic.IEnumerable`1[T]), Línea: 0] - ORA-00979: no es una expresión GROUP BY
ORA-06512: en "MRVMM.PKG_MRV_MANTENIMIENTO", línea 2623
ORA-06512: en línea 1
26/04/2020 07:56:05: [Método: System.Collections.Generic.List`1[TSource] ToList[TSource](System.Collections.Generic.IEnumerable`1[TSource]), Línea: 0] - ORA-00979: no es una expresión GROUP BY
ORA-06512: en "MRVMM.PKG_MRV_MANTENIMIENTO", línea 2623
ORA-06512: en línea 1
26/04/2020 07:56:05: [Método: System.Collections.Generic.IEnumerable`1[T] Query[T](System.Data.IDbConnection, System.String, System.Object, System.Data.IDbTransaction, Boolean, System.Nullable`1[System.Int32], System.Nullable`1[System.Data.CommandType]), Línea: 0] - ORA-00979: no es una expresión GROUP BY
ORA-06512: en "MRVMM.PKG_MRV_MANTENIMIENTO", línea 2623
ORA-06512: en línea 1
26/04/2020 07:56:05: [Método: System.Collections.Generic.List`1[entidad.minem.gob.pe.FactorBE] ListaEnfoqueFactor(entidad.minem.gob.pe.FactorBE), Línea: 554] - ORA-00979: no es una expresión GROUP BY
ORA-06512: en "MRVMM.PKG_MRV_MANTENIMIENTO", línea 2623
ORA-06512: en línea 1
26/04/2020 17:19:05: [Método: System.Object ExtractParameterFromDictionary(System.Reflection.ParameterInfo, System.Collections.Generic.IDictionary`2[System.String,System.Object], System.Reflection.MethodInfo), Línea: 0] - El diccionario de parámetros contiene una entrada NULL para el parámetro 'id' del tipo que no acepta valores NULL 'System.Int32' del método 'System.Web.Mvc.ActionResult CorregirIniciativa(Int32, Int32)' en 'MRVMinem.Controllers.GestionController'. Un parámetro opcional debe ser un tipo de referencia, un tipo que acepte valores NULL o debe declararse como parámetro opcional.
Nombre del parámetro: parameters
26/04/2020 17:19:05: [Método: System.Object Execute(System.Web.Mvc.ControllerContext, System.Collections.Generic.IDictionary`2[System.String,System.Object]), Línea: 0] - El diccionario de parámetros contiene una entrada NULL para el parámetro 'id' del tipo que no acepta valores NULL 'System.Int32' del método 'System.Web.Mvc.ActionResult CorregirIniciativa(Int32, Int32)' en 'MRVMinem.Controllers.GestionController'. Un parámetro opcional debe ser un tipo de referencia, un tipo que acepte valores NULL o debe declararse como parámetro opcional.
Nombre del parámetro: parameters
26/04/2020 17:19:05: [Método: System.Web.Mvc.ActionResult InvokeActionMethod(System.Web.Mvc.ControllerContext, System.Web.Mvc.ActionDescriptor, System.Collections.Generic.IDictionary`2[System.String,System.Object]), Línea: 0] - El diccionario de parámetros contiene una entrada NULL para el parámetro 'id' del tipo que no acepta valores NULL 'System.Int32' del método 'System.Web.Mvc.ActionResult CorregirIniciativa(Int32, Int32)' en 'MRVMinem.Controllers.GestionController'. Un parámetro opcional debe ser un tipo de referencia, un tipo que acepte valores NULL o debe declararse como parámetro opcional.
Nombre del parámetro: parameters
26/04/2020 17:19:05: [Método: System.Web.Mvc.ActionResult <BeginInvokeSynchronousActionMethod>b__39(System.IAsyncResult, ActionInvocation), Línea: 0] - El diccionario de parámetros contiene una entrada NULL para el parámetro 'id' del tipo que no acepta valores NULL 'System.Int32' del método 'System.Web.Mvc.ActionResult CorregirIniciativa(Int32, Int32)' en 'MRVMinem.Controllers.GestionController'. Un parámetro opcional debe ser un tipo de referencia, un tipo que acepte valores NULL o debe declararse como parámetro opcional.
Nombre del parámetro: parameters
26/04/2020 17:19:05: [Método: TResult CallEndDelegate(System.IAsyncResult), Línea: 0] - El diccionario de parámetros contiene una entrada NULL para el parámetro 'id' del tipo que no acepta valores NULL 'System.Int32' del método 'System.Web.Mvc.ActionResult CorregirIniciativa(Int32, Int32)' en 'MRVMinem.Controllers.GestionController'. Un parámetro opcional debe ser un tipo de referencia, un tipo que acepte valores NULL o debe declararse como parámetro opcional.
Nombre del parámetro: parameters
26/04/2020 17:19:05: [Método: TResult End(), Línea: 0] - El diccionario de parámetros contiene una entrada NULL para el parámetro 'id' del tipo que no acepta valores NULL 'System.Int32' del método 'System.Web.Mvc.ActionResult CorregirIniciativa(Int32, Int32)' en 'MRVMinem.Controllers.GestionController'. Un parámetro opcional debe ser un tipo de referencia, un tipo que acepte valores NULL o debe declararse como parámetro opcional.
Nombre del parámetro: parameters
26/04/2020 17:19:05: [Método: System.Web.Mvc.ActionResult EndInvokeActionMethod(System.IAsyncResult), Línea: 0] - El diccionario de parámetros contiene una entrada NULL para el parámetro 'id' del tipo que no acepta valores NULL 'System.Int32' del método 'System.Web.Mvc.ActionResult CorregirIniciativa(Int32, Int32)' en 'MRVMinem.Controllers.GestionController'. Un parámetro opcional debe ser un tipo de referencia, un tipo que acepte valores NULL o debe declararse como parámetro opcional.
Nombre del parámetro: parameters
26/04/2020 17:19:05: [Método: System.Web.Mvc.ActionExecutedContext <InvokeActionMethodFilterAsynchronouslyRecursive>b__3d(), Línea: 0] - El diccionario de parámetros contiene una entrada NULL para el parámetro 'id' del tipo que no acepta valores NULL 'System.Int32' del método 'System.Web.Mvc.ActionResult CorregirIniciativa(Int32, Int32)' en 'MRVMinem.Controllers.GestionController'. Un parámetro opcional debe ser un tipo de referencia, un tipo que acepte valores NULL o debe declararse como parámetro opcional.
Nombre del parámetro: parameters
26/04/2020 17:19:05: [Método: System.Web.Mvc.ActionExecutedContext <InvokeActionMethodFilterAsynchronouslyRecursive>b__3f(), Línea: 0] - El diccionario de parámetros contiene una entrada NULL para el parámetro 'id' del tipo que no acepta valores NULL 'System.Int32' del método 'System.Web.Mvc.ActionResult CorregirIniciativa(Int32, Int32)' en 'MRVMinem.Controllers.GestionController'. Un parámetro opcional debe ser un tipo de referencia, un tipo que acepte valores NULL o debe declararse como parámetro opcional.
Nombre del parámetro: parameters
26/04/2020 17:19:05: [Método: System.Web.Mvc.ActionExecutedContext <InvokeActionMethodFilterAsynchronouslyRecursive>b__3f(), Línea: 0] - El diccionario de parámetros contiene una entrada NULL para el parámetro 'id' del tipo que no acepta valores NULL 'System.Int32' del método 'System.Web.Mvc.ActionResult CorregirIniciativa(Int32, Int32)' en 'MRVMinem.Controllers.GestionController'. Un parámetro opcional debe ser un tipo de referencia, un tipo que acepte valores NULL o debe declararse como parámetro opcional.
Nombre del parámetro: parameters
26/04/2020 17:19:05: [Método: System.Web.Mvc.ActionExecutedContext <BeginInvokeActionMethodWithFilters>b__32(System.IAsyncResult), Línea: 0] - El diccionario de parámetros contiene una entrada NULL para el parámetro 'id' del tipo que no acepta valores NULL 'System.Int32' del método 'System.Web.Mvc.ActionResult CorregirIniciativa(Int32, Int32)' en 'MRVMinem.Controllers.GestionController'. Un parámetro opcional debe ser un tipo de referencia, un tipo que acepte valores NULL o debe declararse como parámetro opcional.
Nombre del parámetro: parameters
26/04/2020 17:19:05: [Método: TResult CallEndDelegate(System.IAsyncResult), Línea: 0] - El diccionario de parámetros contiene una entrada NULL para el parámetro 'id' del tipo que no acepta valores NULL 'System.Int32' del método 'System.Web.Mvc.ActionResult CorregirIniciativa(Int32, Int32)' en 'MRVMinem.Controllers.GestionController'. Un parámetro opcional debe ser un tipo de referencia, un tipo que acepte valores NULL o debe declararse como parámetro opcional.
Nombre del parámetro: parameters
26/04/2020 17:19:05: [Método: TResult End(), Línea: 0] - El diccionario de parámetros contiene una entrada NULL para el parámetro 'id' del tipo que no acepta valores NULL 'System.Int32' del método 'System.Web.Mvc.ActionResult CorregirIniciativa(Int32, Int32)' en 'MRVMinem.Controllers.GestionController'. Un parámetro opcional debe ser un tipo de referencia, un tipo que acepte valores NULL o debe declararse como parámetro opcional.
Nombre del parámetro: parameters
26/04/2020 17:19:05: [Método: System.Web.Mvc.ActionExecutedContext EndInvokeActionMethodWithFilters(System.IAsyncResult), Línea: 0] - El diccionario de parámetros contiene una entrada NULL para el parámetro 'id' del tipo que no acepta valores NULL 'System.Int32' del método 'System.Web.Mvc.ActionResult CorregirIniciativa(Int32, Int32)' en 'MRVMinem.Controllers.GestionController'. Un parámetro opcional debe ser un tipo de referencia, un tipo que acepte valores NULL o debe declararse como parámetro opcional.
Nombre del parámetro: parameters
26/04/2020 17:19:05: [Método: Void <BeginInvokeAction>b__1c(), Línea: 0] - El diccionario de parámetros contiene una entrada NULL para el parámetro 'id' del tipo que no acepta valores NULL 'System.Int32' del método 'System.Web.Mvc.ActionResult CorregirIniciativa(Int32, Int32)' en 'MRVMinem.Controllers.GestionController'. Un parámetro opcional debe ser un tipo de referencia, un tipo que acepte valores NULL o debe declararse como parámetro opcional.
Nombre del parámetro: parameters
26/04/2020 17:19:05: [Método: Boolean <BeginInvokeAction>b__1e(System.IAsyncResult), Línea: 0] - El diccionario de parámetros contiene una entrada NULL para el parámetro 'id' del tipo que no acepta valores NULL 'System.Int32' del método 'System.Web.Mvc.ActionResult CorregirIniciativa(Int32, Int32)' en 'MRVMinem.Controllers.GestionController'. Un parámetro opcional debe ser un tipo de referencia, un tipo que acepte valores NULL o debe declararse como parámetro opcional.
Nombre del parámetro: parameters
26/04/2020 17:19:05: [Método: TResult CallEndDelegate(System.IAsyncResult), Línea: 0] - El diccionario de parámetros contiene una entrada NULL para el parámetro 'id' del tipo que no acepta valores NULL 'System.Int32' del método 'System.Web.Mvc.ActionResult CorregirIniciativa(Int32, Int32)' en 'MRVMinem.Controllers.GestionController'. Un parámetro opcional debe ser un tipo de referencia, un tipo que acepte valores NULL o debe declararse como parámetro opcional.
Nombre del parámetro: parameters
26/04/2020 17:19:05: [Método: TResult End(), Línea: 0] - El diccionario de parámetros contiene una entrada NULL para el parámetro 'id' del tipo que no acepta valores NULL 'System.Int32' del método 'System.Web.Mvc.ActionResult CorregirIniciativa(Int32, Int32)' en 'MRVMinem.Controllers.GestionController'. Un parámetro opcional debe ser un tipo de referencia, un tipo que acepte valores NULL o debe declararse como parámetro opcional.
Nombre del parámetro: parameters
26/04/2020 17:19:05: [Método: Boolean EndInvokeAction(System.IAsyncResult), Línea: 0] - El diccionario de parámetros contiene una entrada NULL para el parámetro 'id' del tipo que no acepta valores NULL 'System.Int32' del método 'System.Web.Mvc.ActionResult CorregirIniciativa(Int32, Int32)' en 'MRVMinem.Controllers.GestionController'. Un parámetro opcional debe ser un tipo de referencia, un tipo que acepte valores NULL o debe declararse como parámetro opcional.
Nombre del parámetro: parameters
26/04/2020 17:19:05: [Método: Void <BeginExecuteCore>b__1d(System.IAsyncResult, ExecuteCoreState), Línea: 0] - El diccionario de parámetros contiene una entrada NULL para el parámetro 'id' del tipo que no acepta valores NULL 'System.Int32' del método 'System.Web.Mvc.ActionResult CorregirIniciativa(Int32, Int32)' en 'MRVMinem.Controllers.GestionController'. Un parámetro opcional debe ser un tipo de referencia, un tipo que acepte valores NULL o debe declararse como parámetro opcional.
Nombre del parámetro: parameters
26/04/2020 17:19:05: [Método: System.Web.Mvc.Async.AsyncVoid CallEndDelegate(System.IAsyncResult), Línea: 0] - El diccionario de parámetros contiene una entrada NULL para el parámetro 'id' del tipo que no acepta valores NULL 'System.Int32' del método 'System.Web.Mvc.ActionResult CorregirIniciativa(Int32, Int32)' en 'MRVMinem.Controllers.GestionController'. Un parámetro opcional debe ser un tipo de referencia, un tipo que acepte valores NULL o debe declararse como parámetro opcional.
Nombre del parámetro: parameters
26/04/2020 17:19:05: [Método: TResult End(), Línea: 0] - El diccionario de parámetros contiene una entrada NULL para el parámetro 'id' del tipo que no acepta valores NULL 'System.Int32' del método 'System.Web.Mvc.ActionResult CorregirIniciativa(Int32, Int32)' en 'MRVMinem.Controllers.GestionController'. Un parámetro opcional debe ser un tipo de referencia, un tipo que acepte valores NULL o debe declararse como parámetro opcional.
Nombre del parámetro: parameters
26/04/2020 17:19:05: [Método: Void EndExecuteCore(System.IAsyncResult), Línea: 0] - El diccionario de parámetros contiene una entrada NULL para el parámetro 'id' del tipo que no acepta valores NULL 'System.Int32' del método 'System.Web.Mvc.ActionResult CorregirIniciativa(Int32, Int32)' en 'MRVMinem.Controllers.GestionController'. Un parámetro opcional debe ser un tipo de referencia, un tipo que acepte valores NULL o debe declararse como parámetro opcional.
Nombre del parámetro: parameters
26/04/2020 17:19:05: [Método: Void <BeginExecute>b__15(System.IAsyncResult, System.Web.Mvc.Controller), Línea: 0] - El diccionario de parámetros contiene una entrada NULL para el parámetro 'id' del tipo que no acepta valores NULL 'System.Int32' del método 'System.Web.Mvc.ActionResult CorregirIniciativa(Int32, Int32)' en 'MRVMinem.Controllers.GestionController'. Un parámetro opcional debe ser un tipo de referencia, un tipo que acepte valores NULL o debe declararse como parámetro opcional.
Nombre del parámetro: parameters
26/04/2020 17:19:05: [Método: System.Web.Mvc.Async.AsyncVoid CallEndDelegate(System.IAsyncResult), Línea: 0] - El diccionario de parámetros contiene una entrada NULL para el parámetro 'id' del tipo que no acepta valores NULL 'System.Int32' del método 'System.Web.Mvc.ActionResult CorregirIniciativa(Int32, Int32)' en 'MRVMinem.Controllers.GestionController'. Un parámetro opcional debe ser un tipo de referencia, un tipo que acepte valores NULL o debe declararse como parámetro opcional.
Nombre del parámetro: parameters
26/04/2020 17:19:05: [Método: TResult End(), Línea: 0] - El diccionario de parámetros contiene una entrada NULL para el parámetro 'id' del tipo que no acepta valores NULL 'System.Int32' del método 'System.Web.Mvc.ActionResult CorregirIniciativa(Int32, Int32)' en 'MRVMinem.Controllers.GestionController'. Un parámetro opcional debe ser un tipo de referencia, un tipo que acepte valores NULL o debe declararse como parámetro opcional.
Nombre del parámetro: parameters
26/04/2020 17:19:05: [Método: Void EndExecute(System.IAsyncResult), Línea: 0] - El diccionario de parámetros contiene una entrada NULL para el parámetro 'id' del tipo que no acepta valores NULL 'System.Int32' del método 'System.Web.Mvc.ActionResult CorregirIniciativa(Int32, Int32)' en 'MRVMinem.Controllers.GestionController'. Un parámetro opcional debe ser un tipo de referencia, un tipo que acepte valores NULL o debe declararse como parámetro opcional.
Nombre del parámetro: parameters
26/04/2020 17:19:05: [Método: Void System.Web.Mvc.Async.IAsyncController.EndExecute(System.IAsyncResult), Línea: 0] - El diccionario de parámetros contiene una entrada NULL para el parámetro 'id' del tipo que no acepta valores NULL 'System.Int32' del método 'System.Web.Mvc.ActionResult CorregirIniciativa(Int32, Int32)' en 'MRVMinem.Controllers.GestionController'. Un parámetro opcional debe ser un tipo de referencia, un tipo que acepte valores NULL o debe declararse como parámetro opcional.
Nombre del parámetro: parameters
26/04/2020 17:19:05: [Método: Void <BeginProcessRequest>b__5(System.IAsyncResult, ProcessRequestState), Línea: 0] - El diccionario de parámetros contiene una entrada NULL para el parámetro 'id' del tipo que no acepta valores NULL 'System.Int32' del método 'System.Web.Mvc.ActionResult CorregirIniciativa(Int32, Int32)' en 'MRVMinem.Controllers.GestionController'. Un parámetro opcional debe ser un tipo de referencia, un tipo que acepte valores NULL o debe declararse como parámetro opcional.
Nombre del parámetro: parameters
26/04/2020 17:19:05: [Método: System.Web.Mvc.Async.AsyncVoid CallEndDelegate(System.IAsyncResult), Línea: 0] - El diccionario de parámetros contiene una entrada NULL para el parámetro 'id' del tipo que no acepta valores NULL 'System.Int32' del método 'System.Web.Mvc.ActionResult CorregirIniciativa(Int32, Int32)' en 'MRVMinem.Controllers.GestionController'. Un parámetro opcional debe ser un tipo de referencia, un tipo que acepte valores NULL o debe declararse como parámetro opcional.
Nombre del parámetro: parameters
26/04/2020 17:19:05: [Método: TResult End(), Línea: 0] - El diccionario de parámetros contiene una entrada NULL para el parámetro 'id' del tipo que no acepta valores NULL 'System.Int32' del método 'System.Web.Mvc.ActionResult CorregirIniciativa(Int32, Int32)' en 'MRVMinem.Controllers.GestionController'. Un parámetro opcional debe ser un tipo de referencia, un tipo que acepte valores NULL o debe declararse como parámetro opcional.
Nombre del parámetro: parameters
26/04/2020 17:19:05: [Método: Void EndProcessRequest(System.IAsyncResult), Línea: 0] - El diccionario de parámetros contiene una entrada NULL para el parámetro 'id' del tipo que no acepta valores NULL 'System.Int32' del método 'System.Web.Mvc.ActionResult CorregirIniciativa(Int32, Int32)' en 'MRVMinem.Controllers.GestionController'. Un parámetro opcional debe ser un tipo de referencia, un tipo que acepte valores NULL o debe declararse como parámetro opcional.
Nombre del parámetro: parameters
26/04/2020 17:19:05: [Método: Void System.Web.IHttpAsyncHandler.EndProcessRequest(System.IAsyncResult), Línea: 0] - El diccionario de parámetros contiene una entrada NULL para el parámetro 'id' del tipo que no acepta valores NULL 'System.Int32' del método 'System.Web.Mvc.ActionResult CorregirIniciativa(Int32, Int32)' en 'MRVMinem.Controllers.GestionController'. Un parámetro opcional debe ser un tipo de referencia, un tipo que acepte valores NULL o debe declararse como parámetro opcional.
Nombre del parámetro: parameters
26/04/2020 17:19:05: [Método: Void System.Web.HttpApplication.IExecutionStep.Execute(), Línea: 0] - El diccionario de parámetros contiene una entrada NULL para el parámetro 'id' del tipo que no acepta valores NULL 'System.Int32' del método 'System.Web.Mvc.ActionResult CorregirIniciativa(Int32, Int32)' en 'MRVMinem.Controllers.GestionController'. Un parámetro opcional debe ser un tipo de referencia, un tipo que acepte valores NULL o debe declararse como parámetro opcional.
Nombre del parámetro: parameters
26/04/2020 17:19:05: [Método: Void ExecuteStepImpl(IExecutionStep), Línea: 0] - El diccionario de parámetros contiene una entrada NULL para el parámetro 'id' del tipo que no acepta valores NULL 'System.Int32' del método 'System.Web.Mvc.ActionResult CorregirIniciativa(Int32, Int32)' en 'MRVMinem.Controllers.GestionController'. Un parámetro opcional debe ser un tipo de referencia, un tipo que acepte valores NULL o debe declararse como parámetro opcional.
Nombre del parámetro: parameters
26/04/2020 17:19:05: [Método: System.Exception ExecuteStep(IExecutionStep, Boolean ByRef), Línea: 0] - El diccionario de parámetros contiene una entrada NULL para el parámetro 'id' del tipo que no acepta valores NULL 'System.Int32' del método 'System.Web.Mvc.ActionResult CorregirIniciativa(Int32, Int32)' en 'MRVMinem.Controllers.GestionController'. Un parámetro opcional debe ser un tipo de referencia, un tipo que acepte valores NULL o debe declararse como parámetro opcional.
Nombre del parámetro: parameters
