06/12/2020 22:51:24: [Método: Void StringToNumber(System.String, System.Globalization.NumberStyles, NumberBuffer ByRef, System.Globalization.NumberFormatInfo, Boolean), Línea: 0] - La cadena de entrada no tiene el formato correcto.
06/12/2020 22:51:24: [Método: System.Decimal ParseDecimal(System.String, System.Globalization.NumberStyles, System.Globalization.NumberFormatInfo), Línea: 0] - La cadena de entrada no tiene el formato correcto.
06/12/2020 22:51:24: [Método: System.Decimal Parse(System.String), Línea: 0] - La cadena de entrada no tiene el formato correcto.
06/12/2020 22:51:24: [Método: System.String VerificaOperando(System.String, System.Collections.Generic.List`1[entidad.minem.gob.pe.IndicadorDataBE]), Línea: 482] - La cadena de entrada no tiene el formato correcto.
06/12/2020 22:51:24: [Método: System.Collections.Generic.List`1[entidad.minem.gob.pe.IndicadorDataBE] CalculoIndicador(System.Collections.Generic.List`1[entidad.minem.gob.pe.IndicadorDataBE]), Línea: 397] - La cadena de entrada no tiene el formato correcto.
06/12/2020 22:51:24: [Método: System.Web.Mvc.JsonResult CalcularIndicadorDinamico(System.String), Línea: 2252] - La cadena de entrada no tiene el formato correcto.
06/12/2020 22:51:25: [Método: Void StringToNumber(System.String, System.Globalization.NumberStyles, NumberBuffer ByRef, System.Globalization.NumberFormatInfo, Boolean), Línea: 0] - La cadena de entrada no tiene el formato correcto.
06/12/2020 22:51:25: [Método: System.Decimal ParseDecimal(System.String, System.Globalization.NumberStyles, System.Globalization.NumberFormatInfo), Línea: 0] - La cadena de entrada no tiene el formato correcto.
06/12/2020 22:51:25: [Método: System.Decimal Parse(System.String), Línea: 0] - La cadena de entrada no tiene el formato correcto.
06/12/2020 22:51:25: [Método: System.String VerificaOperando(System.String, System.Collections.Generic.List`1[entidad.minem.gob.pe.IndicadorDataBE]), Línea: 482] - La cadena de entrada no tiene el formato correcto.
06/12/2020 22:51:25: [Método: System.Collections.Generic.List`1[entidad.minem.gob.pe.IndicadorDataBE] CalculoIndicador(System.Collections.Generic.List`1[entidad.minem.gob.pe.IndicadorDataBE]), Línea: 397] - La cadena de entrada no tiene el formato correcto.
06/12/2020 22:51:25: [Método: System.Web.Mvc.JsonResult CalcularAcumulado(System.String), Línea: 2298] - La cadena de entrada no tiene el formato correcto.
06/12/2020 23:26:23: [Método: Void StringToNumber(System.String, System.Globalization.NumberStyles, NumberBuffer ByRef, System.Globalization.NumberFormatInfo, Boolean), Línea: 0] - La cadena de entrada no tiene el formato correcto.
06/12/2020 23:26:23: [Método: System.Decimal ParseDecimal(System.String, System.Globalization.NumberStyles, System.Globalization.NumberFormatInfo), Línea: 0] - La cadena de entrada no tiene el formato correcto.
06/12/2020 23:26:23: [Método: System.Decimal Parse(System.String), Línea: 0] - La cadena de entrada no tiene el formato correcto.
06/12/2020 23:26:23: [Método: System.String VerificaOperando(System.String, System.Collections.Generic.List`1[entidad.minem.gob.pe.IndicadorDataBE]), Línea: 482] - La cadena de entrada no tiene el formato correcto.
06/12/2020 23:26:23: [Método: System.Collections.Generic.List`1[entidad.minem.gob.pe.IndicadorDataBE] CalculoIndicador(System.Collections.Generic.List`1[entidad.minem.gob.pe.IndicadorDataBE]), Línea: 397] - La cadena de entrada no tiene el formato correcto.
06/12/2020 23:26:23: [Método: System.Web.Mvc.JsonResult CalcularIndicadorDinamico(System.String), Línea: 2252] - La cadena de entrada no tiene el formato correcto.
06/12/2020 23:26:23: [Método: Void StringToNumber(System.String, System.Globalization.NumberStyles, NumberBuffer ByRef, System.Globalization.NumberFormatInfo, Boolean), Línea: 0] - La cadena de entrada no tiene el formato correcto.
06/12/2020 23:26:23: [Método: System.Decimal ParseDecimal(System.String, System.Globalization.NumberStyles, System.Globalization.NumberFormatInfo), Línea: 0] - La cadena de entrada no tiene el formato correcto.
06/12/2020 23:26:23: [Método: System.Decimal Parse(System.String), Línea: 0] - La cadena de entrada no tiene el formato correcto.
06/12/2020 23:26:23: [Método: System.String VerificaOperando(System.String, System.Collections.Generic.List`1[entidad.minem.gob.pe.IndicadorDataBE]), Línea: 482] - La cadena de entrada no tiene el formato correcto.
06/12/2020 23:26:23: [Método: System.Collections.Generic.List`1[entidad.minem.gob.pe.IndicadorDataBE] CalculoIndicador(System.Collections.Generic.List`1[entidad.minem.gob.pe.IndicadorDataBE]), Línea: 397] - La cadena de entrada no tiene el formato correcto.
06/12/2020 23:26:23: [Método: System.Web.Mvc.JsonResult CalcularAcumulado(System.String), Línea: 2298] - La cadena de entrada no tiene el formato correcto.
