05/11/2020 10:31:14: [Método: Void HandleErrorHelper(Int32, Oracle.DataAccess.Client.OracleConnection, IntPtr, Oracle.DataAccess.Client.OpoSqlValCtx*, System.Object, System.String, Boolean, Int32, Oracle.DataAccess.Client.OracleLogicalTransaction), Línea: 0] - ORA-06550: línea 1, columna 7:
PLS-00306: número o tipos de argumentos erróneos al llamar a 'USP_SEL_GET_INDICADORES'
ORA-06550: línea 1, columna 7:
PL/SQL: Statement ignored
05/11/2020 10:31:14: [Método: Void HandleError(Int32, Oracle.DataAccess.Client.OracleConnection, System.String, IntPtr, Oracle.DataAccess.Client.OpoSqlValCtx*, System.Object, Boolean, Oracle.DataAccess.Client.OracleLogicalTransaction), Línea: 0] - ORA-06550: línea 1, columna 7:
PLS-00306: número o tipos de argumentos erróneos al llamar a 'USP_SEL_GET_INDICADORES'
ORA-06550: línea 1, columna 7:
PL/SQL: Statement ignored
05/11/2020 10:31:14: [Método: Oracle.DataAccess.Client.OracleDataReader ExecuteReader(Boolean, Boolean, System.Data.CommandBehavior), Línea: 0] - ORA-06550: línea 1, columna 7:
PLS-00306: número o tipos de argumentos erróneos al llamar a 'USP_SEL_GET_INDICADORES'
ORA-06550: línea 1, columna 7:
PL/SQL: Statement ignored
05/11/2020 10:31:14: [Método: System.Data.Common.DbDataReader ExecuteDbDataReader(System.Data.CommandBehavior), Línea: 0] - ORA-06550: línea 1, columna 7:
PLS-00306: número o tipos de argumentos erróneos al llamar a 'USP_SEL_GET_INDICADORES'
ORA-06550: línea 1, columna 7:
PL/SQL: Statement ignored
05/11/2020 10:31:14: [Método: System.Data.IDataReader System.Data.IDbCommand.ExecuteReader(System.Data.CommandBehavior), Línea: 0] - ORA-06550: línea 1, columna 7:
PLS-00306: número o tipos de argumentos erróneos al llamar a 'USP_SEL_GET_INDICADORES'
ORA-06550: línea 1, columna 7:
PL/SQL: Statement ignored
05/11/2020 10:31:14: [Método: System.Data.IDataReader ExecuteReaderWithFlagsFallback(System.Data.IDbCommand, Boolean, System.Data.CommandBehavior), Línea: 0] - ORA-06550: línea 1, columna 7:
PLS-00306: número o tipos de argumentos erróneos al llamar a 'USP_SEL_GET_INDICADORES'
ORA-06550: línea 1, columna 7:
PL/SQL: Statement ignored
05/11/2020 10:31:14: [Método: Boolean MoveNext(), Línea: 0] - ORA-06550: línea 1, columna 7:
PLS-00306: número o tipos de argumentos erróneos al llamar a 'USP_SEL_GET_INDICADORES'
ORA-06550: línea 1, columna 7:
PL/SQL: Statement ignored
05/11/2020 10:31:14: [Método: Void .ctor(System.Collections.Generic.IEnumerable`1[T]), Línea: 0] - ORA-06550: línea 1, columna 7:
PLS-00306: número o tipos de argumentos erróneos al llamar a 'USP_SEL_GET_INDICADORES'
ORA-06550: línea 1, columna 7:
PL/SQL: Statement ignored
05/11/2020 10:31:14: [Método: System.Collections.Generic.List`1[TSource] ToList[TSource](System.Collections.Generic.IEnumerable`1[TSource]), Línea: 0] - ORA-06550: línea 1, columna 7:
PLS-00306: número o tipos de argumentos erróneos al llamar a 'USP_SEL_GET_INDICADORES'
ORA-06550: línea 1, columna 7:
PL/SQL: Statement ignored
05/11/2020 10:31:14: [Método: System.Collections.Generic.IEnumerable`1[T] Query[T](System.Data.IDbConnection, System.String, System.Object, System.Data.IDbTransaction, Boolean, System.Nullable`1[System.Int32], System.Nullable`1[System.Data.CommandType]), Línea: 0] - ORA-06550: línea 1, columna 7:
PLS-00306: número o tipos de argumentos erróneos al llamar a 'USP_SEL_GET_INDICADORES'
ORA-06550: línea 1, columna 7:
PL/SQL: Statement ignored
05/11/2020 10:31:14: [Método: System.Collections.Generic.List`1[entidad.minem.gob.pe.IndicadorDataBE] ListarDatosIndicadorData(entidad.minem.gob.pe.IndicadorDataBE), Línea: 872] - ORA-06550: línea 1, columna 7:
PLS-00306: número o tipos de argumentos erróneos al llamar a 'USP_SEL_GET_INDICADORES'
ORA-06550: línea 1, columna 7:
PL/SQL: Statement ignored
05/11/2020 10:36:21: [Método: Void HandleErrorHelper(Int32, Oracle.DataAccess.Client.OracleConnection, IntPtr, Oracle.DataAccess.Client.OpoSqlValCtx*, System.Object, System.String, Boolean, Int32, Oracle.DataAccess.Client.OracleLogicalTransaction), Línea: 0] - ORA-06550: línea 1, columna 7:
PLS-00306: número o tipos de argumentos erróneos al llamar a 'USP_SEL_GET_INDICADORES'
ORA-06550: línea 1, columna 7:
PL/SQL: Statement ignored
05/11/2020 10:36:21: [Método: Void HandleError(Int32, Oracle.DataAccess.Client.OracleConnection, System.String, IntPtr, Oracle.DataAccess.Client.OpoSqlValCtx*, System.Object, Boolean, Oracle.DataAccess.Client.OracleLogicalTransaction), Línea: 0] - ORA-06550: línea 1, columna 7:
PLS-00306: número o tipos de argumentos erróneos al llamar a 'USP_SEL_GET_INDICADORES'
ORA-06550: línea 1, columna 7:
PL/SQL: Statement ignored
05/11/2020 10:36:21: [Método: Oracle.DataAccess.Client.OracleDataReader ExecuteReader(Boolean, Boolean, System.Data.CommandBehavior), Línea: 0] - ORA-06550: línea 1, columna 7:
PLS-00306: número o tipos de argumentos erróneos al llamar a 'USP_SEL_GET_INDICADORES'
ORA-06550: línea 1, columna 7:
PL/SQL: Statement ignored
05/11/2020 10:36:21: [Método: System.Data.Common.DbDataReader ExecuteDbDataReader(System.Data.CommandBehavior), Línea: 0] - ORA-06550: línea 1, columna 7:
PLS-00306: número o tipos de argumentos erróneos al llamar a 'USP_SEL_GET_INDICADORES'
ORA-06550: línea 1, columna 7:
PL/SQL: Statement ignored
05/11/2020 10:36:21: [Método: System.Data.IDataReader System.Data.IDbCommand.ExecuteReader(System.Data.CommandBehavior), Línea: 0] - ORA-06550: línea 1, columna 7:
PLS-00306: número o tipos de argumentos erróneos al llamar a 'USP_SEL_GET_INDICADORES'
ORA-06550: línea 1, columna 7:
PL/SQL: Statement ignored
05/11/2020 10:36:21: [Método: System.Data.IDataReader ExecuteReaderWithFlagsFallback(System.Data.IDbCommand, Boolean, System.Data.CommandBehavior), Línea: 0] - ORA-06550: línea 1, columna 7:
PLS-00306: número o tipos de argumentos erróneos al llamar a 'USP_SEL_GET_INDICADORES'
ORA-06550: línea 1, columna 7:
PL/SQL: Statement ignored
05/11/2020 10:36:21: [Método: Boolean MoveNext(), Línea: 0] - ORA-06550: línea 1, columna 7:
PLS-00306: número o tipos de argumentos erróneos al llamar a 'USP_SEL_GET_INDICADORES'
ORA-06550: línea 1, columna 7:
PL/SQL: Statement ignored
05/11/2020 10:36:21: [Método: Void .ctor(System.Collections.Generic.IEnumerable`1[T]), Línea: 0] - ORA-06550: línea 1, columna 7:
PLS-00306: número o tipos de argumentos erróneos al llamar a 'USP_SEL_GET_INDICADORES'
ORA-06550: línea 1, columna 7:
PL/SQL: Statement ignored
05/11/2020 10:36:21: [Método: System.Collections.Generic.List`1[TSource] ToList[TSource](System.Collections.Generic.IEnumerable`1[TSource]), Línea: 0] - ORA-06550: línea 1, columna 7:
PLS-00306: número o tipos de argumentos erróneos al llamar a 'USP_SEL_GET_INDICADORES'
ORA-06550: línea 1, columna 7:
PL/SQL: Statement ignored
05/11/2020 10:36:21: [Método: System.Collections.Generic.IEnumerable`1[T] Query[T](System.Data.IDbConnection, System.String, System.Object, System.Data.IDbTransaction, Boolean, System.Nullable`1[System.Int32], System.Nullable`1[System.Data.CommandType]), Línea: 0] - ORA-06550: línea 1, columna 7:
PLS-00306: número o tipos de argumentos erróneos al llamar a 'USP_SEL_GET_INDICADORES'
ORA-06550: línea 1, columna 7:
PL/SQL: Statement ignored
05/11/2020 10:36:21: [Método: System.Collections.Generic.List`1[entidad.minem.gob.pe.IndicadorDataBE] ListarDatosIndicadorData(entidad.minem.gob.pe.IndicadorDataBE), Línea: 872] - ORA-06550: línea 1, columna 7:
PLS-00306: número o tipos de argumentos erróneos al llamar a 'USP_SEL_GET_INDICADORES'
ORA-06550: línea 1, columna 7:
PL/SQL: Statement ignored
05/11/2020 10:38:40: [Método: Void HandleErrorHelper(Int32, Oracle.DataAccess.Client.OracleConnection, IntPtr, Oracle.DataAccess.Client.OpoSqlValCtx*, System.Object, System.String, Boolean, Int32, Oracle.DataAccess.Client.OracleLogicalTransaction), Línea: 0] - ORA-06550: línea 1, columna 7:
PLS-00306: número o tipos de argumentos erróneos al llamar a 'USP_SEL_GET_INDICADORES'
ORA-06550: línea 1, columna 7:
PL/SQL: Statement ignored
05/11/2020 10:38:40: [Método: Void HandleError(Int32, Oracle.DataAccess.Client.OracleConnection, System.String, IntPtr, Oracle.DataAccess.Client.OpoSqlValCtx*, System.Object, Boolean, Oracle.DataAccess.Client.OracleLogicalTransaction), Línea: 0] - ORA-06550: línea 1, columna 7:
PLS-00306: número o tipos de argumentos erróneos al llamar a 'USP_SEL_GET_INDICADORES'
ORA-06550: línea 1, columna 7:
PL/SQL: Statement ignored
05/11/2020 10:38:40: [Método: Oracle.DataAccess.Client.OracleDataReader ExecuteReader(Boolean, Boolean, System.Data.CommandBehavior), Línea: 0] - ORA-06550: línea 1, columna 7:
PLS-00306: número o tipos de argumentos erróneos al llamar a 'USP_SEL_GET_INDICADORES'
ORA-06550: línea 1, columna 7:
PL/SQL: Statement ignored
05/11/2020 10:38:40: [Método: System.Data.Common.DbDataReader ExecuteDbDataReader(System.Data.CommandBehavior), Línea: 0] - ORA-06550: línea 1, columna 7:
PLS-00306: número o tipos de argumentos erróneos al llamar a 'USP_SEL_GET_INDICADORES'
ORA-06550: línea 1, columna 7:
PL/SQL: Statement ignored
05/11/2020 10:38:40: [Método: System.Data.IDataReader System.Data.IDbCommand.ExecuteReader(System.Data.CommandBehavior), Línea: 0] - ORA-06550: línea 1, columna 7:
PLS-00306: número o tipos de argumentos erróneos al llamar a 'USP_SEL_GET_INDICADORES'
ORA-06550: línea 1, columna 7:
PL/SQL: Statement ignored
05/11/2020 10:38:40: [Método: System.Data.IDataReader ExecuteReaderWithFlagsFallback(System.Data.IDbCommand, Boolean, System.Data.CommandBehavior), Línea: 0] - ORA-06550: línea 1, columna 7:
PLS-00306: número o tipos de argumentos erróneos al llamar a 'USP_SEL_GET_INDICADORES'
ORA-06550: línea 1, columna 7:
PL/SQL: Statement ignored
05/11/2020 10:38:40: [Método: Boolean MoveNext(), Línea: 0] - ORA-06550: línea 1, columna 7:
PLS-00306: número o tipos de argumentos erróneos al llamar a 'USP_SEL_GET_INDICADORES'
ORA-06550: línea 1, columna 7:
PL/SQL: Statement ignored
05/11/2020 10:38:40: [Método: Void .ctor(System.Collections.Generic.IEnumerable`1[T]), Línea: 0] - ORA-06550: línea 1, columna 7:
PLS-00306: número o tipos de argumentos erróneos al llamar a 'USP_SEL_GET_INDICADORES'
ORA-06550: línea 1, columna 7:
PL/SQL: Statement ignored
05/11/2020 10:38:40: [Método: System.Collections.Generic.List`1[TSource] ToList[TSource](System.Collections.Generic.IEnumerable`1[TSource]), Línea: 0] - ORA-06550: línea 1, columna 7:
PLS-00306: número o tipos de argumentos erróneos al llamar a 'USP_SEL_GET_INDICADORES'
ORA-06550: línea 1, columna 7:
PL/SQL: Statement ignored
05/11/2020 10:38:40: [Método: System.Collections.Generic.IEnumerable`1[T] Query[T](System.Data.IDbConnection, System.String, System.Object, System.Data.IDbTransaction, Boolean, System.Nullable`1[System.Int32], System.Nullable`1[System.Data.CommandType]), Línea: 0] - ORA-06550: línea 1, columna 7:
PLS-00306: número o tipos de argumentos erróneos al llamar a 'USP_SEL_GET_INDICADORES'
ORA-06550: línea 1, columna 7:
PL/SQL: Statement ignored
05/11/2020 10:38:40: [Método: System.Collections.Generic.List`1[entidad.minem.gob.pe.IndicadorDataBE] ListarDatosIndicadorData(entidad.minem.gob.pe.IndicadorDataBE), Línea: 872] - ORA-06550: línea 1, columna 7:
PLS-00306: número o tipos de argumentos erróneos al llamar a 'USP_SEL_GET_INDICADORES'
ORA-06550: línea 1, columna 7:
PL/SQL: Statement ignored
05/11/2020 10:41:42: [Método: Void HandleErrorHelper(Int32, Oracle.DataAccess.Client.OracleConnection, IntPtr, Oracle.DataAccess.Client.OpoSqlValCtx*, System.Object, System.String, Boolean, Int32, Oracle.DataAccess.Client.OracleLogicalTransaction), Línea: 0] - ORA-06550: línea 1, columna 7:
PLS-00306: número o tipos de argumentos erróneos al llamar a 'USP_SEL_GET_INDICADORES'
ORA-06550: línea 1, columna 7:
PL/SQL: Statement ignored
05/11/2020 10:41:42: [Método: Void HandleError(Int32, Oracle.DataAccess.Client.OracleConnection, System.String, IntPtr, Oracle.DataAccess.Client.OpoSqlValCtx*, System.Object, Boolean, Oracle.DataAccess.Client.OracleLogicalTransaction), Línea: 0] - ORA-06550: línea 1, columna 7:
PLS-00306: número o tipos de argumentos erróneos al llamar a 'USP_SEL_GET_INDICADORES'
ORA-06550: línea 1, columna 7:
PL/SQL: Statement ignored
05/11/2020 10:41:42: [Método: Oracle.DataAccess.Client.OracleDataReader ExecuteReader(Boolean, Boolean, System.Data.CommandBehavior), Línea: 0] - ORA-06550: línea 1, columna 7:
PLS-00306: número o tipos de argumentos erróneos al llamar a 'USP_SEL_GET_INDICADORES'
ORA-06550: línea 1, columna 7:
PL/SQL: Statement ignored
05/11/2020 10:41:42: [Método: System.Data.Common.DbDataReader ExecuteDbDataReader(System.Data.CommandBehavior), Línea: 0] - ORA-06550: línea 1, columna 7:
PLS-00306: número o tipos de argumentos erróneos al llamar a 'USP_SEL_GET_INDICADORES'
ORA-06550: línea 1, columna 7:
PL/SQL: Statement ignored
05/11/2020 10:41:42: [Método: System.Data.IDataReader System.Data.IDbCommand.ExecuteReader(System.Data.CommandBehavior), Línea: 0] - ORA-06550: línea 1, columna 7:
PLS-00306: número o tipos de argumentos erróneos al llamar a 'USP_SEL_GET_INDICADORES'
ORA-06550: línea 1, columna 7:
PL/SQL: Statement ignored
05/11/2020 10:41:42: [Método: System.Data.IDataReader ExecuteReaderWithFlagsFallback(System.Data.IDbCommand, Boolean, System.Data.CommandBehavior), Línea: 0] - ORA-06550: línea 1, columna 7:
PLS-00306: número o tipos de argumentos erróneos al llamar a 'USP_SEL_GET_INDICADORES'
ORA-06550: línea 1, columna 7:
PL/SQL: Statement ignored
05/11/2020 10:41:42: [Método: Boolean MoveNext(), Línea: 0] - ORA-06550: línea 1, columna 7:
PLS-00306: número o tipos de argumentos erróneos al llamar a 'USP_SEL_GET_INDICADORES'
ORA-06550: línea 1, columna 7:
PL/SQL: Statement ignored
05/11/2020 10:41:42: [Método: Void .ctor(System.Collections.Generic.IEnumerable`1[T]), Línea: 0] - ORA-06550: línea 1, columna 7:
PLS-00306: número o tipos de argumentos erróneos al llamar a 'USP_SEL_GET_INDICADORES'
ORA-06550: línea 1, columna 7:
PL/SQL: Statement ignored
05/11/2020 10:41:42: [Método: System.Collections.Generic.List`1[TSource] ToList[TSource](System.Collections.Generic.IEnumerable`1[TSource]), Línea: 0] - ORA-06550: línea 1, columna 7:
PLS-00306: número o tipos de argumentos erróneos al llamar a 'USP_SEL_GET_INDICADORES'
ORA-06550: línea 1, columna 7:
PL/SQL: Statement ignored
05/11/2020 10:41:42: [Método: System.Collections.Generic.IEnumerable`1[T] Query[T](System.Data.IDbConnection, System.String, System.Object, System.Data.IDbTransaction, Boolean, System.Nullable`1[System.Int32], System.Nullable`1[System.Data.CommandType]), Línea: 0] - ORA-06550: línea 1, columna 7:
PLS-00306: número o tipos de argumentos erróneos al llamar a 'USP_SEL_GET_INDICADORES'
ORA-06550: línea 1, columna 7:
PL/SQL: Statement ignored
05/11/2020 10:41:42: [Método: System.Collections.Generic.List`1[entidad.minem.gob.pe.IndicadorDataBE] ListarDatosIndicadorData(entidad.minem.gob.pe.IndicadorDataBE), Línea: 872] - ORA-06550: línea 1, columna 7:
PLS-00306: número o tipos de argumentos erróneos al llamar a 'USP_SEL_GET_INDICADORES'
ORA-06550: línea 1, columna 7:
PL/SQL: Statement ignored
05/11/2020 10:44:34: [Método: Void HandleErrorHelper(Int32, Oracle.DataAccess.Client.OracleConnection, IntPtr, Oracle.DataAccess.Client.OpoSqlValCtx*, System.Object, System.String, Boolean, Int32, Oracle.DataAccess.Client.OracleLogicalTransaction), Línea: 0] - ORA-06550: línea 1, columna 7:
PLS-00306: número o tipos de argumentos erróneos al llamar a 'USP_SEL_GET_INDICADORES'
ORA-06550: línea 1, columna 7:
PL/SQL: Statement ignored
05/11/2020 10:44:34: [Método: Void HandleError(Int32, Oracle.DataAccess.Client.OracleConnection, System.String, IntPtr, Oracle.DataAccess.Client.OpoSqlValCtx*, System.Object, Boolean, Oracle.DataAccess.Client.OracleLogicalTransaction), Línea: 0] - ORA-06550: línea 1, columna 7:
PLS-00306: número o tipos de argumentos erróneos al llamar a 'USP_SEL_GET_INDICADORES'
ORA-06550: línea 1, columna 7:
PL/SQL: Statement ignored
05/11/2020 10:44:34: [Método: Oracle.DataAccess.Client.OracleDataReader ExecuteReader(Boolean, Boolean, System.Data.CommandBehavior), Línea: 0] - ORA-06550: línea 1, columna 7:
PLS-00306: número o tipos de argumentos erróneos al llamar a 'USP_SEL_GET_INDICADORES'
ORA-06550: línea 1, columna 7:
PL/SQL: Statement ignored
05/11/2020 10:44:34: [Método: System.Data.Common.DbDataReader ExecuteDbDataReader(System.Data.CommandBehavior), Línea: 0] - ORA-06550: línea 1, columna 7:
PLS-00306: número o tipos de argumentos erróneos al llamar a 'USP_SEL_GET_INDICADORES'
ORA-06550: línea 1, columna 7:
PL/SQL: Statement ignored
05/11/2020 10:44:34: [Método: System.Data.IDataReader System.Data.IDbCommand.ExecuteReader(System.Data.CommandBehavior), Línea: 0] - ORA-06550: línea 1, columna 7:
PLS-00306: número o tipos de argumentos erróneos al llamar a 'USP_SEL_GET_INDICADORES'
ORA-06550: línea 1, columna 7:
PL/SQL: Statement ignored
05/11/2020 10:44:34: [Método: System.Data.IDataReader ExecuteReaderWithFlagsFallback(System.Data.IDbCommand, Boolean, System.Data.CommandBehavior), Línea: 0] - ORA-06550: línea 1, columna 7:
PLS-00306: número o tipos de argumentos erróneos al llamar a 'USP_SEL_GET_INDICADORES'
ORA-06550: línea 1, columna 7:
PL/SQL: Statement ignored
05/11/2020 10:44:34: [Método: Boolean MoveNext(), Línea: 0] - ORA-06550: línea 1, columna 7:
PLS-00306: número o tipos de argumentos erróneos al llamar a 'USP_SEL_GET_INDICADORES'
ORA-06550: línea 1, columna 7:
PL/SQL: Statement ignored
05/11/2020 10:44:34: [Método: Void .ctor(System.Collections.Generic.IEnumerable`1[T]), Línea: 0] - ORA-06550: línea 1, columna 7:
PLS-00306: número o tipos de argumentos erróneos al llamar a 'USP_SEL_GET_INDICADORES'
ORA-06550: línea 1, columna 7:
PL/SQL: Statement ignored
05/11/2020 10:44:34: [Método: System.Collections.Generic.List`1[TSource] ToList[TSource](System.Collections.Generic.IEnumerable`1[TSource]), Línea: 0] - ORA-06550: línea 1, columna 7:
PLS-00306: número o tipos de argumentos erróneos al llamar a 'USP_SEL_GET_INDICADORES'
ORA-06550: línea 1, columna 7:
PL/SQL: Statement ignored
05/11/2020 10:44:34: [Método: System.Collections.Generic.IEnumerable`1[T] Query[T](System.Data.IDbConnection, System.String, System.Object, System.Data.IDbTransaction, Boolean, System.Nullable`1[System.Int32], System.Nullable`1[System.Data.CommandType]), Línea: 0] - ORA-06550: línea 1, columna 7:
PLS-00306: número o tipos de argumentos erróneos al llamar a 'USP_SEL_GET_INDICADORES'
ORA-06550: línea 1, columna 7:
PL/SQL: Statement ignored
05/11/2020 10:44:34: [Método: System.Collections.Generic.List`1[entidad.minem.gob.pe.IndicadorDataBE] ListarDatosIndicadorData(entidad.minem.gob.pe.IndicadorDataBE), Línea: 872] - ORA-06550: línea 1, columna 7:
PLS-00306: número o tipos de argumentos erróneos al llamar a 'USP_SEL_GET_INDICADORES'
ORA-06550: línea 1, columna 7:
PL/SQL: Statement ignored
05/11/2020 10:44:44: [Método: Void HandleErrorHelper(Int32, Oracle.DataAccess.Client.OracleConnection, IntPtr, Oracle.DataAccess.Client.OpoSqlValCtx*, System.Object, System.String, Boolean, Int32, Oracle.DataAccess.Client.OracleLogicalTransaction), Línea: 0] - ORA-06550: línea 1, columna 7:
PLS-00306: número o tipos de argumentos erróneos al llamar a 'USP_SEL_GET_INDICADORES'
ORA-06550: línea 1, columna 7:
PL/SQL: Statement ignored
05/11/2020 10:44:44: [Método: Void HandleError(Int32, Oracle.DataAccess.Client.OracleConnection, System.String, IntPtr, Oracle.DataAccess.Client.OpoSqlValCtx*, System.Object, Boolean, Oracle.DataAccess.Client.OracleLogicalTransaction), Línea: 0] - ORA-06550: línea 1, columna 7:
PLS-00306: número o tipos de argumentos erróneos al llamar a 'USP_SEL_GET_INDICADORES'
ORA-06550: línea 1, columna 7:
PL/SQL: Statement ignored
05/11/2020 10:44:44: [Método: Oracle.DataAccess.Client.OracleDataReader ExecuteReader(Boolean, Boolean, System.Data.CommandBehavior), Línea: 0] - ORA-06550: línea 1, columna 7:
PLS-00306: número o tipos de argumentos erróneos al llamar a 'USP_SEL_GET_INDICADORES'
ORA-06550: línea 1, columna 7:
PL/SQL: Statement ignored
05/11/2020 10:44:44: [Método: System.Data.Common.DbDataReader ExecuteDbDataReader(System.Data.CommandBehavior), Línea: 0] - ORA-06550: línea 1, columna 7:
PLS-00306: número o tipos de argumentos erróneos al llamar a 'USP_SEL_GET_INDICADORES'
ORA-06550: línea 1, columna 7:
PL/SQL: Statement ignored
05/11/2020 10:44:44: [Método: System.Data.IDataReader System.Data.IDbCommand.ExecuteReader(System.Data.CommandBehavior), Línea: 0] - ORA-06550: línea 1, columna 7:
PLS-00306: número o tipos de argumentos erróneos al llamar a 'USP_SEL_GET_INDICADORES'
ORA-06550: línea 1, columna 7:
PL/SQL: Statement ignored
05/11/2020 10:44:44: [Método: System.Data.IDataReader ExecuteReaderWithFlagsFallback(System.Data.IDbCommand, Boolean, System.Data.CommandBehavior), Línea: 0] - ORA-06550: línea 1, columna 7:
PLS-00306: número o tipos de argumentos erróneos al llamar a 'USP_SEL_GET_INDICADORES'
ORA-06550: línea 1, columna 7:
PL/SQL: Statement ignored
05/11/2020 10:44:44: [Método: Boolean MoveNext(), Línea: 0] - ORA-06550: línea 1, columna 7:
PLS-00306: número o tipos de argumentos erróneos al llamar a 'USP_SEL_GET_INDICADORES'
ORA-06550: línea 1, columna 7:
PL/SQL: Statement ignored
05/11/2020 10:44:44: [Método: Void .ctor(System.Collections.Generic.IEnumerable`1[T]), Línea: 0] - ORA-06550: línea 1, columna 7:
PLS-00306: número o tipos de argumentos erróneos al llamar a 'USP_SEL_GET_INDICADORES'
ORA-06550: línea 1, columna 7:
PL/SQL: Statement ignored
05/11/2020 10:44:44: [Método: System.Collections.Generic.List`1[TSource] ToList[TSource](System.Collections.Generic.IEnumerable`1[TSource]), Línea: 0] - ORA-06550: línea 1, columna 7:
PLS-00306: número o tipos de argumentos erróneos al llamar a 'USP_SEL_GET_INDICADORES'
ORA-06550: línea 1, columna 7:
PL/SQL: Statement ignored
05/11/2020 10:44:44: [Método: System.Collections.Generic.IEnumerable`1[T] Query[T](System.Data.IDbConnection, System.String, System.Object, System.Data.IDbTransaction, Boolean, System.Nullable`1[System.Int32], System.Nullable`1[System.Data.CommandType]), Línea: 0] - ORA-06550: línea 1, columna 7:
PLS-00306: número o tipos de argumentos erróneos al llamar a 'USP_SEL_GET_INDICADORES'
ORA-06550: línea 1, columna 7:
PL/SQL: Statement ignored
05/11/2020 10:44:44: [Método: System.Collections.Generic.List`1[entidad.minem.gob.pe.IndicadorDataBE] ListarDatosIndicadorData(entidad.minem.gob.pe.IndicadorDataBE), Línea: 872] - ORA-06550: línea 1, columna 7:
PLS-00306: número o tipos de argumentos erróneos al llamar a 'USP_SEL_GET_INDICADORES'
ORA-06550: línea 1, columna 7:
PL/SQL: Statement ignored
05/11/2020 10:50:45: [Método: Void HandleErrorHelper(Int32, Oracle.DataAccess.Client.OracleConnection, IntPtr, Oracle.DataAccess.Client.OpoSqlValCtx*, System.Object, System.String, Boolean, Int32, Oracle.DataAccess.Client.OracleLogicalTransaction), Línea: 0] - ORA-06550: línea 1, columna 7:
PLS-00306: número o tipos de argumentos erróneos al llamar a 'USP_SEL_GET_INDICADORES'
ORA-06550: línea 1, columna 7:
PL/SQL: Statement ignored
05/11/2020 10:50:45: [Método: Void HandleError(Int32, Oracle.DataAccess.Client.OracleConnection, System.String, IntPtr, Oracle.DataAccess.Client.OpoSqlValCtx*, System.Object, Boolean, Oracle.DataAccess.Client.OracleLogicalTransaction), Línea: 0] - ORA-06550: línea 1, columna 7:
PLS-00306: número o tipos de argumentos erróneos al llamar a 'USP_SEL_GET_INDICADORES'
ORA-06550: línea 1, columna 7:
PL/SQL: Statement ignored
05/11/2020 10:50:45: [Método: Oracle.DataAccess.Client.OracleDataReader ExecuteReader(Boolean, Boolean, System.Data.CommandBehavior), Línea: 0] - ORA-06550: línea 1, columna 7:
PLS-00306: número o tipos de argumentos erróneos al llamar a 'USP_SEL_GET_INDICADORES'
ORA-06550: línea 1, columna 7:
PL/SQL: Statement ignored
05/11/2020 10:50:45: [Método: System.Data.Common.DbDataReader ExecuteDbDataReader(System.Data.CommandBehavior), Línea: 0] - ORA-06550: línea 1, columna 7:
PLS-00306: número o tipos de argumentos erróneos al llamar a 'USP_SEL_GET_INDICADORES'
ORA-06550: línea 1, columna 7:
PL/SQL: Statement ignored
05/11/2020 10:50:45: [Método: System.Data.IDataReader System.Data.IDbCommand.ExecuteReader(System.Data.CommandBehavior), Línea: 0] - ORA-06550: línea 1, columna 7:
PLS-00306: número o tipos de argumentos erróneos al llamar a 'USP_SEL_GET_INDICADORES'
ORA-06550: línea 1, columna 7:
PL/SQL: Statement ignored
05/11/2020 10:50:45: [Método: System.Data.IDataReader ExecuteReaderWithFlagsFallback(System.Data.IDbCommand, Boolean, System.Data.CommandBehavior), Línea: 0] - ORA-06550: línea 1, columna 7:
PLS-00306: número o tipos de argumentos erróneos al llamar a 'USP_SEL_GET_INDICADORES'
ORA-06550: línea 1, columna 7:
PL/SQL: Statement ignored
05/11/2020 10:50:45: [Método: Boolean MoveNext(), Línea: 0] - ORA-06550: línea 1, columna 7:
PLS-00306: número o tipos de argumentos erróneos al llamar a 'USP_SEL_GET_INDICADORES'
ORA-06550: línea 1, columna 7:
PL/SQL: Statement ignored
05/11/2020 10:50:45: [Método: Void .ctor(System.Collections.Generic.IEnumerable`1[T]), Línea: 0] - ORA-06550: línea 1, columna 7:
PLS-00306: número o tipos de argumentos erróneos al llamar a 'USP_SEL_GET_INDICADORES'
ORA-06550: línea 1, columna 7:
PL/SQL: Statement ignored
05/11/2020 10:50:45: [Método: System.Collections.Generic.List`1[TSource] ToList[TSource](System.Collections.Generic.IEnumerable`1[TSource]), Línea: 0] - ORA-06550: línea 1, columna 7:
PLS-00306: número o tipos de argumentos erróneos al llamar a 'USP_SEL_GET_INDICADORES'
ORA-06550: línea 1, columna 7:
PL/SQL: Statement ignored
05/11/2020 10:50:45: [Método: System.Collections.Generic.IEnumerable`1[T] Query[T](System.Data.IDbConnection, System.String, System.Object, System.Data.IDbTransaction, Boolean, System.Nullable`1[System.Int32], System.Nullable`1[System.Data.CommandType]), Línea: 0] - ORA-06550: línea 1, columna 7:
PLS-00306: número o tipos de argumentos erróneos al llamar a 'USP_SEL_GET_INDICADORES'
ORA-06550: línea 1, columna 7:
PL/SQL: Statement ignored
05/11/2020 10:50:45: [Método: System.Collections.Generic.List`1[entidad.minem.gob.pe.IndicadorDataBE] ListarDatosIndicadorData(entidad.minem.gob.pe.IndicadorDataBE), Línea: 872] - ORA-06550: línea 1, columna 7:
PLS-00306: número o tipos de argumentos erróneos al llamar a 'USP_SEL_GET_INDICADORES'
ORA-06550: línea 1, columna 7:
PL/SQL: Statement ignored
05/11/2020 10:52:01: [Método: Void HandleErrorHelper(Int32, Oracle.DataAccess.Client.OracleConnection, IntPtr, Oracle.DataAccess.Client.OpoSqlValCtx*, System.Object, System.String, Boolean, Int32, Oracle.DataAccess.Client.OracleLogicalTransaction), Línea: 0] - ORA-06550: línea 1, columna 7:
PLS-00306: número o tipos de argumentos erróneos al llamar a 'USP_SEL_GET_INDICADORES'
ORA-06550: línea 1, columna 7:
PL/SQL: Statement ignored
05/11/2020 10:52:01: [Método: Void HandleError(Int32, Oracle.DataAccess.Client.OracleConnection, System.String, IntPtr, Oracle.DataAccess.Client.OpoSqlValCtx*, System.Object, Boolean, Oracle.DataAccess.Client.OracleLogicalTransaction), Línea: 0] - ORA-06550: línea 1, columna 7:
PLS-00306: número o tipos de argumentos erróneos al llamar a 'USP_SEL_GET_INDICADORES'
ORA-06550: línea 1, columna 7:
PL/SQL: Statement ignored
05/11/2020 10:52:01: [Método: Oracle.DataAccess.Client.OracleDataReader ExecuteReader(Boolean, Boolean, System.Data.CommandBehavior), Línea: 0] - ORA-06550: línea 1, columna 7:
PLS-00306: número o tipos de argumentos erróneos al llamar a 'USP_SEL_GET_INDICADORES'
ORA-06550: línea 1, columna 7:
PL/SQL: Statement ignored
05/11/2020 10:52:01: [Método: System.Data.Common.DbDataReader ExecuteDbDataReader(System.Data.CommandBehavior), Línea: 0] - ORA-06550: línea 1, columna 7:
PLS-00306: número o tipos de argumentos erróneos al llamar a 'USP_SEL_GET_INDICADORES'
ORA-06550: línea 1, columna 7:
PL/SQL: Statement ignored
05/11/2020 10:52:01: [Método: System.Data.IDataReader System.Data.IDbCommand.ExecuteReader(System.Data.CommandBehavior), Línea: 0] - ORA-06550: línea 1, columna 7:
PLS-00306: número o tipos de argumentos erróneos al llamar a 'USP_SEL_GET_INDICADORES'
ORA-06550: línea 1, columna 7:
PL/SQL: Statement ignored
05/11/2020 10:52:01: [Método: System.Data.IDataReader ExecuteReaderWithFlagsFallback(System.Data.IDbCommand, Boolean, System.Data.CommandBehavior), Línea: 0] - ORA-06550: línea 1, columna 7:
PLS-00306: número o tipos de argumentos erróneos al llamar a 'USP_SEL_GET_INDICADORES'
ORA-06550: línea 1, columna 7:
PL/SQL: Statement ignored
05/11/2020 10:52:01: [Método: Boolean MoveNext(), Línea: 0] - ORA-06550: línea 1, columna 7:
PLS-00306: número o tipos de argumentos erróneos al llamar a 'USP_SEL_GET_INDICADORES'
ORA-06550: línea 1, columna 7:
PL/SQL: Statement ignored
05/11/2020 10:52:01: [Método: Void .ctor(System.Collections.Generic.IEnumerable`1[T]), Línea: 0] - ORA-06550: línea 1, columna 7:
PLS-00306: número o tipos de argumentos erróneos al llamar a 'USP_SEL_GET_INDICADORES'
ORA-06550: línea 1, columna 7:
PL/SQL: Statement ignored
05/11/2020 10:52:01: [Método: System.Collections.Generic.List`1[TSource] ToList[TSource](System.Collections.Generic.IEnumerable`1[TSource]), Línea: 0] - ORA-06550: línea 1, columna 7:
PLS-00306: número o tipos de argumentos erróneos al llamar a 'USP_SEL_GET_INDICADORES'
ORA-06550: línea 1, columna 7:
PL/SQL: Statement ignored
05/11/2020 10:52:01: [Método: System.Collections.Generic.IEnumerable`1[T] Query[T](System.Data.IDbConnection, System.String, System.Object, System.Data.IDbTransaction, Boolean, System.Nullable`1[System.Int32], System.Nullable`1[System.Data.CommandType]), Línea: 0] - ORA-06550: línea 1, columna 7:
PLS-00306: número o tipos de argumentos erróneos al llamar a 'USP_SEL_GET_INDICADORES'
ORA-06550: línea 1, columna 7:
PL/SQL: Statement ignored
05/11/2020 10:52:01: [Método: System.Collections.Generic.List`1[entidad.minem.gob.pe.IndicadorDataBE] ListarDatosIndicadorData(entidad.minem.gob.pe.IndicadorDataBE), Línea: 872] - ORA-06550: línea 1, columna 7:
PLS-00306: número o tipos de argumentos erróneos al llamar a 'USP_SEL_GET_INDICADORES'
ORA-06550: línea 1, columna 7:
PL/SQL: Statement ignored
05/11/2020 11:13:14: [Método: Void HandleErrorHelper(Int32, Oracle.DataAccess.Client.OracleConnection, IntPtr, Oracle.DataAccess.Client.OpoSqlValCtx*, System.Object, System.String, Boolean, Int32, Oracle.DataAccess.Client.OracleLogicalTransaction), Línea: 0] - ORA-00924: falta la palabra clave BY
ORA-06512: en "MRVMM.PKG_MRV_DETALLE_INDICADORES", línea 1336
ORA-06512: en línea 1
05/11/2020 11:13:14: [Método: Void HandleError(Int32, Oracle.DataAccess.Client.OracleConnection, System.String, IntPtr, Oracle.DataAccess.Client.OpoSqlValCtx*, System.Object, Boolean, Oracle.DataAccess.Client.OracleLogicalTransaction), Línea: 0] - ORA-00924: falta la palabra clave BY
ORA-06512: en "MRVMM.PKG_MRV_DETALLE_INDICADORES", línea 1336
ORA-06512: en línea 1
05/11/2020 11:13:14: [Método: Oracle.DataAccess.Client.OracleDataReader ExecuteReader(Boolean, Boolean, System.Data.CommandBehavior), Línea: 0] - ORA-00924: falta la palabra clave BY
ORA-06512: en "MRVMM.PKG_MRV_DETALLE_INDICADORES", línea 1336
ORA-06512: en línea 1
05/11/2020 11:13:14: [Método: System.Data.Common.DbDataReader ExecuteDbDataReader(System.Data.CommandBehavior), Línea: 0] - ORA-00924: falta la palabra clave BY
ORA-06512: en "MRVMM.PKG_MRV_DETALLE_INDICADORES", línea 1336
ORA-06512: en línea 1
05/11/2020 11:13:14: [Método: System.Data.IDataReader System.Data.IDbCommand.ExecuteReader(System.Data.CommandBehavior), Línea: 0] - ORA-00924: falta la palabra clave BY
ORA-06512: en "MRVMM.PKG_MRV_DETALLE_INDICADORES", línea 1336
ORA-06512: en línea 1
05/11/2020 11:13:14: [Método: System.Data.IDataReader ExecuteReaderWithFlagsFallback(System.Data.IDbCommand, Boolean, System.Data.CommandBehavior), Línea: 0] - ORA-00924: falta la palabra clave BY
ORA-06512: en "MRVMM.PKG_MRV_DETALLE_INDICADORES", línea 1336
ORA-06512: en línea 1
05/11/2020 11:13:14: [Método: Boolean MoveNext(), Línea: 0] - ORA-00924: falta la palabra clave BY
ORA-06512: en "MRVMM.PKG_MRV_DETALLE_INDICADORES", línea 1336
ORA-06512: en línea 1
05/11/2020 11:13:14: [Método: Void .ctor(System.Collections.Generic.IEnumerable`1[T]), Línea: 0] - ORA-00924: falta la palabra clave BY
ORA-06512: en "MRVMM.PKG_MRV_DETALLE_INDICADORES", línea 1336
ORA-06512: en línea 1
05/11/2020 11:13:14: [Método: System.Collections.Generic.List`1[TSource] ToList[TSource](System.Collections.Generic.IEnumerable`1[TSource]), Línea: 0] - ORA-00924: falta la palabra clave BY
ORA-06512: en "MRVMM.PKG_MRV_DETALLE_INDICADORES", línea 1336
ORA-06512: en línea 1
05/11/2020 11:13:14: [Método: System.Collections.Generic.IEnumerable`1[T] Query[T](System.Data.IDbConnection, System.String, System.Object, System.Data.IDbTransaction, Boolean, System.Nullable`1[System.Int32], System.Nullable`1[System.Data.CommandType]), Línea: 0] - ORA-00924: falta la palabra clave BY
ORA-06512: en "MRVMM.PKG_MRV_DETALLE_INDICADORES", línea 1336
ORA-06512: en línea 1
05/11/2020 11:13:14: [Método: System.Collections.Generic.List`1[entidad.minem.gob.pe.IndicadorDataBE] ListarDatosIndicadorData(entidad.minem.gob.pe.IndicadorDataBE), Línea: 872] - ORA-00924: falta la palabra clave BY
ORA-06512: en "MRVMM.PKG_MRV_DETALLE_INDICADORES", línea 1336
ORA-06512: en línea 1
05/11/2020 11:14:26: [Método: Void HandleErrorHelper(Int32, Oracle.DataAccess.Client.OracleConnection, IntPtr, Oracle.DataAccess.Client.OpoSqlValCtx*, System.Object, System.String, Boolean, Int32, Oracle.DataAccess.Client.OracleLogicalTransaction), Línea: 0] - ORA-00904: "PID_MEDMIT": identificador no válido
ORA-06512: en "MRVMM.PKG_MRV_DETALLE_INDICADORES", línea 1336
ORA-06512: en línea 1
05/11/2020 11:14:26: [Método: Void HandleError(Int32, Oracle.DataAccess.Client.OracleConnection, System.String, IntPtr, Oracle.DataAccess.Client.OpoSqlValCtx*, System.Object, Boolean, Oracle.DataAccess.Client.OracleLogicalTransaction), Línea: 0] - ORA-00904: "PID_MEDMIT": identificador no válido
ORA-06512: en "MRVMM.PKG_MRV_DETALLE_INDICADORES", línea 1336
ORA-06512: en línea 1
05/11/2020 11:14:26: [Método: Oracle.DataAccess.Client.OracleDataReader ExecuteReader(Boolean, Boolean, System.Data.CommandBehavior), Línea: 0] - ORA-00904: "PID_MEDMIT": identificador no válido
ORA-06512: en "MRVMM.PKG_MRV_DETALLE_INDICADORES", línea 1336
ORA-06512: en línea 1
05/11/2020 11:14:26: [Método: System.Data.Common.DbDataReader ExecuteDbDataReader(System.Data.CommandBehavior), Línea: 0] - ORA-00904: "PID_MEDMIT": identificador no válido
ORA-06512: en "MRVMM.PKG_MRV_DETALLE_INDICADORES", línea 1336
ORA-06512: en línea 1
05/11/2020 11:14:26: [Método: System.Data.IDataReader System.Data.IDbCommand.ExecuteReader(System.Data.CommandBehavior), Línea: 0] - ORA-00904: "PID_MEDMIT": identificador no válido
ORA-06512: en "MRVMM.PKG_MRV_DETALLE_INDICADORES", línea 1336
ORA-06512: en línea 1
05/11/2020 11:14:26: [Método: System.Data.IDataReader ExecuteReaderWithFlagsFallback(System.Data.IDbCommand, Boolean, System.Data.CommandBehavior), Línea: 0] - ORA-00904: "PID_MEDMIT": identificador no válido
ORA-06512: en "MRVMM.PKG_MRV_DETALLE_INDICADORES", línea 1336
ORA-06512: en línea 1
05/11/2020 11:14:26: [Método: Boolean MoveNext(), Línea: 0] - ORA-00904: "PID_MEDMIT": identificador no válido
ORA-06512: en "MRVMM.PKG_MRV_DETALLE_INDICADORES", línea 1336
ORA-06512: en línea 1
05/11/2020 11:14:26: [Método: Void .ctor(System.Collections.Generic.IEnumerable`1[T]), Línea: 0] - ORA-00904: "PID_MEDMIT": identificador no válido
ORA-06512: en "MRVMM.PKG_MRV_DETALLE_INDICADORES", línea 1336
ORA-06512: en línea 1
05/11/2020 11:14:26: [Método: System.Collections.Generic.List`1[TSource] ToList[TSource](System.Collections.Generic.IEnumerable`1[TSource]), Línea: 0] - ORA-00904: "PID_MEDMIT": identificador no válido
ORA-06512: en "MRVMM.PKG_MRV_DETALLE_INDICADORES", línea 1336
ORA-06512: en línea 1
05/11/2020 11:14:26: [Método: System.Collections.Generic.IEnumerable`1[T] Query[T](System.Data.IDbConnection, System.String, System.Object, System.Data.IDbTransaction, Boolean, System.Nullable`1[System.Int32], System.Nullable`1[System.Data.CommandType]), Línea: 0] - ORA-00904: "PID_MEDMIT": identificador no válido
ORA-06512: en "MRVMM.PKG_MRV_DETALLE_INDICADORES", línea 1336
ORA-06512: en línea 1
05/11/2020 11:14:26: [Método: System.Collections.Generic.List`1[entidad.minem.gob.pe.IndicadorDataBE] ListarDatosIndicadorData(entidad.minem.gob.pe.IndicadorDataBE), Línea: 872] - ORA-00904: "PID_MEDMIT": identificador no válido
ORA-06512: en "MRVMM.PKG_MRV_DETALLE_INDICADORES", línea 1336
ORA-06512: en línea 1
05/11/2020 11:20:22: [Método: Void HandleErrorHelper(Int32, Oracle.DataAccess.Client.OracleConnection, IntPtr, Oracle.DataAccess.Client.OpoSqlValCtx*, System.Object, System.String, Boolean, Int32, Oracle.DataAccess.Client.OracleLogicalTransaction), Línea: 0] - ORA-00936: falta una expresión
ORA-06512: en "MRVMM.PKG_MRV_DETALLE_INDICADORES", línea 1336
ORA-06512: en línea 1
05/11/2020 11:20:22: [Método: Void HandleError(Int32, Oracle.DataAccess.Client.OracleConnection, System.String, IntPtr, Oracle.DataAccess.Client.OpoSqlValCtx*, System.Object, Boolean, Oracle.DataAccess.Client.OracleLogicalTransaction), Línea: 0] - ORA-00936: falta una expresión
ORA-06512: en "MRVMM.PKG_MRV_DETALLE_INDICADORES", línea 1336
ORA-06512: en línea 1
05/11/2020 11:20:22: [Método: Oracle.DataAccess.Client.OracleDataReader ExecuteReader(Boolean, Boolean, System.Data.CommandBehavior), Línea: 0] - ORA-00936: falta una expresión
ORA-06512: en "MRVMM.PKG_MRV_DETALLE_INDICADORES", línea 1336
ORA-06512: en línea 1
05/11/2020 11:20:22: [Método: System.Data.Common.DbDataReader ExecuteDbDataReader(System.Data.CommandBehavior), Línea: 0] - ORA-00936: falta una expresión
ORA-06512: en "MRVMM.PKG_MRV_DETALLE_INDICADORES", línea 1336
ORA-06512: en línea 1
05/11/2020 11:20:22: [Método: System.Data.IDataReader System.Data.IDbCommand.ExecuteReader(System.Data.CommandBehavior), Línea: 0] - ORA-00936: falta una expresión
ORA-06512: en "MRVMM.PKG_MRV_DETALLE_INDICADORES", línea 1336
ORA-06512: en línea 1
05/11/2020 11:20:22: [Método: System.Data.IDataReader ExecuteReaderWithFlagsFallback(System.Data.IDbCommand, Boolean, System.Data.CommandBehavior), Línea: 0] - ORA-00936: falta una expresión
ORA-06512: en "MRVMM.PKG_MRV_DETALLE_INDICADORES", línea 1336
ORA-06512: en línea 1
05/11/2020 11:20:22: [Método: Boolean MoveNext(), Línea: 0] - ORA-00936: falta una expresión
ORA-06512: en "MRVMM.PKG_MRV_DETALLE_INDICADORES", línea 1336
ORA-06512: en línea 1
05/11/2020 11:20:22: [Método: Void .ctor(System.Collections.Generic.IEnumerable`1[T]), Línea: 0] - ORA-00936: falta una expresión
ORA-06512: en "MRVMM.PKG_MRV_DETALLE_INDICADORES", línea 1336
ORA-06512: en línea 1
05/11/2020 11:20:22: [Método: System.Collections.Generic.List`1[TSource] ToList[TSource](System.Collections.Generic.IEnumerable`1[TSource]), Línea: 0] - ORA-00936: falta una expresión
ORA-06512: en "MRVMM.PKG_MRV_DETALLE_INDICADORES", línea 1336
ORA-06512: en línea 1
05/11/2020 11:20:22: [Método: System.Collections.Generic.IEnumerable`1[T] Query[T](System.Data.IDbConnection, System.String, System.Object, System.Data.IDbTransaction, Boolean, System.Nullable`1[System.Int32], System.Nullable`1[System.Data.CommandType]), Línea: 0] - ORA-00936: falta una expresión
ORA-06512: en "MRVMM.PKG_MRV_DETALLE_INDICADORES", línea 1336
ORA-06512: en línea 1
05/11/2020 11:20:22: [Método: System.Collections.Generic.List`1[entidad.minem.gob.pe.IndicadorDataBE] ListarDatosIndicadorData(entidad.minem.gob.pe.IndicadorDataBE), Línea: 872] - ORA-00936: falta una expresión
ORA-06512: en "MRVMM.PKG_MRV_DETALLE_INDICADORES", línea 1336
ORA-06512: en línea 1
05/11/2020 11:21:34: [Método: Void HandleErrorHelper(Int32, Oracle.DataAccess.Client.OracleConnection, IntPtr, Oracle.DataAccess.Client.OpoSqlValCtx*, System.Object, System.String, Boolean, Int32, Oracle.DataAccess.Client.OracleLogicalTransaction), Línea: 0] - ORA-00936: falta una expresión
ORA-06512: en "MRVMM.PKG_MRV_DETALLE_INDICADORES", línea 1336
ORA-06512: en línea 1
05/11/2020 11:21:34: [Método: Void HandleError(Int32, Oracle.DataAccess.Client.OracleConnection, System.String, IntPtr, Oracle.DataAccess.Client.OpoSqlValCtx*, System.Object, Boolean, Oracle.DataAccess.Client.OracleLogicalTransaction), Línea: 0] - ORA-00936: falta una expresión
ORA-06512: en "MRVMM.PKG_MRV_DETALLE_INDICADORES", línea 1336
ORA-06512: en línea 1
05/11/2020 11:21:34: [Método: Oracle.DataAccess.Client.OracleDataReader ExecuteReader(Boolean, Boolean, System.Data.CommandBehavior), Línea: 0] - ORA-00936: falta una expresión
ORA-06512: en "MRVMM.PKG_MRV_DETALLE_INDICADORES", línea 1336
ORA-06512: en línea 1
05/11/2020 11:21:34: [Método: System.Data.Common.DbDataReader ExecuteDbDataReader(System.Data.CommandBehavior), Línea: 0] - ORA-00936: falta una expresión
ORA-06512: en "MRVMM.PKG_MRV_DETALLE_INDICADORES", línea 1336
ORA-06512: en línea 1
05/11/2020 11:21:34: [Método: System.Data.IDataReader System.Data.IDbCommand.ExecuteReader(System.Data.CommandBehavior), Línea: 0] - ORA-00936: falta una expresión
ORA-06512: en "MRVMM.PKG_MRV_DETALLE_INDICADORES", línea 1336
ORA-06512: en línea 1
05/11/2020 11:21:34: [Método: System.Data.IDataReader ExecuteReaderWithFlagsFallback(System.Data.IDbCommand, Boolean, System.Data.CommandBehavior), Línea: 0] - ORA-00936: falta una expresión
ORA-06512: en "MRVMM.PKG_MRV_DETALLE_INDICADORES", línea 1336
ORA-06512: en línea 1
05/11/2020 11:21:34: [Método: Boolean MoveNext(), Línea: 0] - ORA-00936: falta una expresión
ORA-06512: en "MRVMM.PKG_MRV_DETALLE_INDICADORES", línea 1336
ORA-06512: en línea 1
05/11/2020 11:21:34: [Método: Void .ctor(System.Collections.Generic.IEnumerable`1[T]), Línea: 0] - ORA-00936: falta una expresión
ORA-06512: en "MRVMM.PKG_MRV_DETALLE_INDICADORES", línea 1336
ORA-06512: en línea 1
05/11/2020 11:21:34: [Método: System.Collections.Generic.List`1[TSource] ToList[TSource](System.Collections.Generic.IEnumerable`1[TSource]), Línea: 0] - ORA-00936: falta una expresión
ORA-06512: en "MRVMM.PKG_MRV_DETALLE_INDICADORES", línea 1336
ORA-06512: en línea 1
05/11/2020 11:21:34: [Método: System.Collections.Generic.IEnumerable`1[T] Query[T](System.Data.IDbConnection, System.String, System.Object, System.Data.IDbTransaction, Boolean, System.Nullable`1[System.Int32], System.Nullable`1[System.Data.CommandType]), Línea: 0] - ORA-00936: falta una expresión
ORA-06512: en "MRVMM.PKG_MRV_DETALLE_INDICADORES", línea 1336
ORA-06512: en línea 1
05/11/2020 11:21:34: [Método: System.Collections.Generic.List`1[entidad.minem.gob.pe.IndicadorDataBE] ListarDatosIndicadorData(entidad.minem.gob.pe.IndicadorDataBE), Línea: 872] - ORA-00936: falta una expresión
ORA-06512: en "MRVMM.PKG_MRV_DETALLE_INDICADORES", línea 1336
ORA-06512: en línea 1
05/11/2020 11:36:09: [Método: Void HandleErrorHelper(Int32, Oracle.DataAccess.Client.OracleConnection, IntPtr, Oracle.DataAccess.Client.OpoSqlValCtx*, System.Object, System.String, Boolean, Int32, Oracle.DataAccess.Client.OracleLogicalTransaction), Línea: 0] - ORA-00904: "IDA"."INDICADOR": identificador no válido
ORA-06512: en "MRVMM.PKG_MRV_DETALLE_INDICADORES", línea 1336
ORA-06512: en línea 1
05/11/2020 11:36:09: [Método: Void HandleError(Int32, Oracle.DataAccess.Client.OracleConnection, System.String, IntPtr, Oracle.DataAccess.Client.OpoSqlValCtx*, System.Object, Boolean, Oracle.DataAccess.Client.OracleLogicalTransaction), Línea: 0] - ORA-00904: "IDA"."INDICADOR": identificador no válido
ORA-06512: en "MRVMM.PKG_MRV_DETALLE_INDICADORES", línea 1336
ORA-06512: en línea 1
05/11/2020 11:36:09: [Método: Oracle.DataAccess.Client.OracleDataReader ExecuteReader(Boolean, Boolean, System.Data.CommandBehavior), Línea: 0] - ORA-00904: "IDA"."INDICADOR": identificador no válido
ORA-06512: en "MRVMM.PKG_MRV_DETALLE_INDICADORES", línea 1336
ORA-06512: en línea 1
05/11/2020 11:36:09: [Método: System.Data.Common.DbDataReader ExecuteDbDataReader(System.Data.CommandBehavior), Línea: 0] - ORA-00904: "IDA"."INDICADOR": identificador no válido
ORA-06512: en "MRVMM.PKG_MRV_DETALLE_INDICADORES", línea 1336
ORA-06512: en línea 1
05/11/2020 11:36:09: [Método: System.Data.IDataReader System.Data.IDbCommand.ExecuteReader(System.Data.CommandBehavior), Línea: 0] - ORA-00904: "IDA"."INDICADOR": identificador no válido
ORA-06512: en "MRVMM.PKG_MRV_DETALLE_INDICADORES", línea 1336
ORA-06512: en línea 1
05/11/2020 11:36:09: [Método: System.Data.IDataReader ExecuteReaderWithFlagsFallback(System.Data.IDbCommand, Boolean, System.Data.CommandBehavior), Línea: 0] - ORA-00904: "IDA"."INDICADOR": identificador no válido
ORA-06512: en "MRVMM.PKG_MRV_DETALLE_INDICADORES", línea 1336
ORA-06512: en línea 1
05/11/2020 11:36:09: [Método: Boolean MoveNext(), Línea: 0] - ORA-00904: "IDA"."INDICADOR": identificador no válido
ORA-06512: en "MRVMM.PKG_MRV_DETALLE_INDICADORES", línea 1336
ORA-06512: en línea 1
05/11/2020 11:36:09: [Método: Void .ctor(System.Collections.Generic.IEnumerable`1[T]), Línea: 0] - ORA-00904: "IDA"."INDICADOR": identificador no válido
ORA-06512: en "MRVMM.PKG_MRV_DETALLE_INDICADORES", línea 1336
ORA-06512: en línea 1
05/11/2020 11:36:09: [Método: System.Collections.Generic.List`1[TSource] ToList[TSource](System.Collections.Generic.IEnumerable`1[TSource]), Línea: 0] - ORA-00904: "IDA"."INDICADOR": identificador no válido
ORA-06512: en "MRVMM.PKG_MRV_DETALLE_INDICADORES", línea 1336
ORA-06512: en línea 1
05/11/2020 11:36:09: [Método: System.Collections.Generic.IEnumerable`1[T] Query[T](System.Data.IDbConnection, System.String, System.Object, System.Data.IDbTransaction, Boolean, System.Nullable`1[System.Int32], System.Nullable`1[System.Data.CommandType]), Línea: 0] - ORA-00904: "IDA"."INDICADOR": identificador no válido
ORA-06512: en "MRVMM.PKG_MRV_DETALLE_INDICADORES", línea 1336
ORA-06512: en línea 1
05/11/2020 11:36:09: [Método: System.Collections.Generic.List`1[entidad.minem.gob.pe.IndicadorDataBE] ListarDatosIndicadorData(entidad.minem.gob.pe.IndicadorDataBE), Línea: 872] - ORA-00904: "IDA"."INDICADOR": identificador no válido
ORA-06512: en "MRVMM.PKG_MRV_DETALLE_INDICADORES", línea 1336
ORA-06512: en línea 1
05/11/2020 11:38:09: [Método: Void HandleErrorHelper(Int32, Oracle.DataAccess.Client.OracleConnection, IntPtr, Oracle.DataAccess.Client.OpoSqlValCtx*, System.Object, System.String, Boolean, Int32, Oracle.DataAccess.Client.OracleLogicalTransaction), Línea: 0] - ORA-00904: "IDA"."INDICADOR": identificador no válido
ORA-06512: en "MRVMM.PKG_MRV_DETALLE_INDICADORES", línea 1336
ORA-06512: en línea 1
05/11/2020 11:38:09: [Método: Void HandleError(Int32, Oracle.DataAccess.Client.OracleConnection, System.String, IntPtr, Oracle.DataAccess.Client.OpoSqlValCtx*, System.Object, Boolean, Oracle.DataAccess.Client.OracleLogicalTransaction), Línea: 0] - ORA-00904: "IDA"."INDICADOR": identificador no válido
ORA-06512: en "MRVMM.PKG_MRV_DETALLE_INDICADORES", línea 1336
ORA-06512: en línea 1
05/11/2020 11:38:09: [Método: Oracle.DataAccess.Client.OracleDataReader ExecuteReader(Boolean, Boolean, System.Data.CommandBehavior), Línea: 0] - ORA-00904: "IDA"."INDICADOR": identificador no válido
ORA-06512: en "MRVMM.PKG_MRV_DETALLE_INDICADORES", línea 1336
ORA-06512: en línea 1
05/11/2020 11:38:09: [Método: System.Data.Common.DbDataReader ExecuteDbDataReader(System.Data.CommandBehavior), Línea: 0] - ORA-00904: "IDA"."INDICADOR": identificador no válido
ORA-06512: en "MRVMM.PKG_MRV_DETALLE_INDICADORES", línea 1336
ORA-06512: en línea 1
05/11/2020 11:38:09: [Método: System.Data.IDataReader System.Data.IDbCommand.ExecuteReader(System.Data.CommandBehavior), Línea: 0] - ORA-00904: "IDA"."INDICADOR": identificador no válido
ORA-06512: en "MRVMM.PKG_MRV_DETALLE_INDICADORES", línea 1336
ORA-06512: en línea 1
05/11/2020 11:38:09: [Método: System.Data.IDataReader ExecuteReaderWithFlagsFallback(System.Data.IDbCommand, Boolean, System.Data.CommandBehavior), Línea: 0] - ORA-00904: "IDA"."INDICADOR": identificador no válido
ORA-06512: en "MRVMM.PKG_MRV_DETALLE_INDICADORES", línea 1336
ORA-06512: en línea 1
05/11/2020 11:38:09: [Método: Boolean MoveNext(), Línea: 0] - ORA-00904: "IDA"."INDICADOR": identificador no válido
ORA-06512: en "MRVMM.PKG_MRV_DETALLE_INDICADORES", línea 1336
ORA-06512: en línea 1
05/11/2020 11:38:09: [Método: Void .ctor(System.Collections.Generic.IEnumerable`1[T]), Línea: 0] - ORA-00904: "IDA"."INDICADOR": identificador no válido
ORA-06512: en "MRVMM.PKG_MRV_DETALLE_INDICADORES", línea 1336
ORA-06512: en línea 1
05/11/2020 11:38:09: [Método: System.Collections.Generic.List`1[TSource] ToList[TSource](System.Collections.Generic.IEnumerable`1[TSource]), Línea: 0] - ORA-00904: "IDA"."INDICADOR": identificador no válido
ORA-06512: en "MRVMM.PKG_MRV_DETALLE_INDICADORES", línea 1336
ORA-06512: en línea 1
05/11/2020 11:38:09: [Método: System.Collections.Generic.IEnumerable`1[T] Query[T](System.Data.IDbConnection, System.String, System.Object, System.Data.IDbTransaction, Boolean, System.Nullable`1[System.Int32], System.Nullable`1[System.Data.CommandType]), Línea: 0] - ORA-00904: "IDA"."INDICADOR": identificador no válido
ORA-06512: en "MRVMM.PKG_MRV_DETALLE_INDICADORES", línea 1336
ORA-06512: en línea 1
05/11/2020 11:38:09: [Método: System.Collections.Generic.List`1[entidad.minem.gob.pe.IndicadorDataBE] ListarDatosIndicadorData(entidad.minem.gob.pe.IndicadorDataBE), Línea: 872] - ORA-00904: "IDA"."INDICADOR": identificador no válido
ORA-06512: en "MRVMM.PKG_MRV_DETALLE_INDICADORES", línea 1336
ORA-06512: en línea 1
