21/05/2020 09:53:50: [Método: Void StringToNumber(System.String, System.Globalization.NumberStyles, NumberBuffer ByRef, System.Globalization.NumberFormatInfo, Boolean), Línea: 0] - La cadena de entrada no tiene el formato correcto.
21/05/2020 09:53:50: [Método: Int32 ParseInt32(System.String, System.Globalization.NumberStyles, System.Globalization.NumberFormatInfo), Línea: 0] - La cadena de entrada no tiene el formato correcto.
21/05/2020 09:53:50: [Método: Int32 ToInt32(System.String), Línea: 0] - La cadena de entrada no tiene el formato correcto.
21/05/2020 09:53:50: [Método: Void Execute(), Línea: 370] - La cadena de entrada no tiene el formato correcto.
21/05/2020 09:53:50: [Método: Void ExecutePageHierarchy(), Línea: 0] - La cadena de entrada no tiene el formato correcto.
21/05/2020 09:53:50: [Método: Void ExecutePageHierarchy(), Línea: 0] - La cadena de entrada no tiene el formato correcto.
21/05/2020 09:53:50: [Método: Void ExecutePageHierarchy(System.Web.WebPages.WebPageContext, System.IO.TextWriter, System.Web.WebPages.WebPageRenderingBase), Línea: 0] - La cadena de entrada no tiene el formato correcto.
21/05/2020 09:53:50: [Método: Void RenderView(System.Web.Mvc.ViewContext, System.IO.TextWriter, System.Object), Línea: 0] - La cadena de entrada no tiene el formato correcto.
21/05/2020 09:53:50: [Método: Void Render(System.Web.Mvc.ViewContext, System.IO.TextWriter), Línea: 0] - La cadena de entrada no tiene el formato correcto.
21/05/2020 09:53:50: [Método: Void ExecuteResult(System.Web.Mvc.ControllerContext), Línea: 0] - La cadena de entrada no tiene el formato correcto.
21/05/2020 09:53:50: [Método: Void InvokeActionResult(System.Web.Mvc.ControllerContext, System.Web.Mvc.ActionResult), Línea: 0] - La cadena de entrada no tiene el formato correcto.
21/05/2020 09:53:50: [Método: System.Web.Mvc.ResultExecutedContext InvokeActionResultFilterRecursive(System.Collections.Generic.IList`1[System.Web.Mvc.IResultFilter], Int32, System.Web.Mvc.ResultExecutingContext, System.Web.Mvc.ControllerContext, System.Web.Mvc.ActionResult), Línea: 0] - La cadena de entrada no tiene el formato correcto.
21/05/2020 09:53:50: [Método: System.Web.Mvc.ResultExecutedContext InvokeActionResultFilterRecursive(System.Collections.Generic.IList`1[System.Web.Mvc.IResultFilter], Int32, System.Web.Mvc.ResultExecutingContext, System.Web.Mvc.ControllerContext, System.Web.Mvc.ActionResult), Línea: 0] - La cadena de entrada no tiene el formato correcto.
21/05/2020 09:53:50: [Método: System.Web.Mvc.ResultExecutedContext InvokeActionResultFilterRecursive(System.Collections.Generic.IList`1[System.Web.Mvc.IResultFilter], Int32, System.Web.Mvc.ResultExecutingContext, System.Web.Mvc.ControllerContext, System.Web.Mvc.ActionResult), Línea: 0] - La cadena de entrada no tiene el formato correcto.
21/05/2020 09:53:50: [Método: System.Web.Mvc.ResultExecutedContext InvokeActionResultWithFilters(System.Web.Mvc.ControllerContext, System.Collections.Generic.IList`1[System.Web.Mvc.IResultFilter], System.Web.Mvc.ActionResult), Línea: 0] - La cadena de entrada no tiene el formato correcto.
21/05/2020 09:53:50: [Método: Void <BeginInvokeAction>b__1c(), Línea: 0] - La cadena de entrada no tiene el formato correcto.
21/05/2020 09:53:50: [Método: Boolean <BeginInvokeAction>b__1e(System.IAsyncResult), Línea: 0] - La cadena de entrada no tiene el formato correcto.
21/05/2020 09:53:50: [Método: TResult CallEndDelegate(System.IAsyncResult), Línea: 0] - La cadena de entrada no tiene el formato correcto.
21/05/2020 09:53:50: [Método: TResult End(), Línea: 0] - La cadena de entrada no tiene el formato correcto.
21/05/2020 09:53:50: [Método: Boolean EndInvokeAction(System.IAsyncResult), Línea: 0] - La cadena de entrada no tiene el formato correcto.
21/05/2020 09:53:50: [Método: Void <BeginExecuteCore>b__1d(System.IAsyncResult, ExecuteCoreState), Línea: 0] - La cadena de entrada no tiene el formato correcto.
21/05/2020 09:53:50: [Método: System.Web.Mvc.Async.AsyncVoid CallEndDelegate(System.IAsyncResult), Línea: 0] - La cadena de entrada no tiene el formato correcto.
21/05/2020 09:53:50: [Método: TResult End(), Línea: 0] - La cadena de entrada no tiene el formato correcto.
21/05/2020 09:53:50: [Método: Void EndExecuteCore(System.IAsyncResult), Línea: 0] - La cadena de entrada no tiene el formato correcto.
21/05/2020 09:53:50: [Método: Void <BeginExecute>b__15(System.IAsyncResult, System.Web.Mvc.Controller), Línea: 0] - La cadena de entrada no tiene el formato correcto.
21/05/2020 09:53:50: [Método: System.Web.Mvc.Async.AsyncVoid CallEndDelegate(System.IAsyncResult), Línea: 0] - La cadena de entrada no tiene el formato correcto.
21/05/2020 09:53:50: [Método: TResult End(), Línea: 0] - La cadena de entrada no tiene el formato correcto.
21/05/2020 09:53:50: [Método: Void EndExecute(System.IAsyncResult), Línea: 0] - La cadena de entrada no tiene el formato correcto.
21/05/2020 09:53:50: [Método: Void System.Web.Mvc.Async.IAsyncController.EndExecute(System.IAsyncResult), Línea: 0] - La cadena de entrada no tiene el formato correcto.
21/05/2020 09:53:50: [Método: Void <BeginProcessRequest>b__5(System.IAsyncResult, ProcessRequestState), Línea: 0] - La cadena de entrada no tiene el formato correcto.
21/05/2020 09:53:50: [Método: System.Web.Mvc.Async.AsyncVoid CallEndDelegate(System.IAsyncResult), Línea: 0] - La cadena de entrada no tiene el formato correcto.
21/05/2020 09:53:50: [Método: TResult End(), Línea: 0] - La cadena de entrada no tiene el formato correcto.
21/05/2020 09:53:50: [Método: Void EndProcessRequest(System.IAsyncResult), Línea: 0] - La cadena de entrada no tiene el formato correcto.
21/05/2020 09:53:50: [Método: Void System.Web.IHttpAsyncHandler.EndProcessRequest(System.IAsyncResult), Línea: 0] - La cadena de entrada no tiene el formato correcto.
21/05/2020 09:53:50: [Método: Void System.Web.HttpApplication.IExecutionStep.Execute(), Línea: 0] - La cadena de entrada no tiene el formato correcto.
21/05/2020 09:53:50: [Método: Void ExecuteStepImpl(IExecutionStep), Línea: 0] - La cadena de entrada no tiene el formato correcto.
21/05/2020 09:53:50: [Método: System.Exception ExecuteStep(IExecutionStep, Boolean ByRef), Línea: 0] - La cadena de entrada no tiene el formato correcto.
21/05/2020 10:08:21: [Método: Void StringToNumber(System.String, System.Globalization.NumberStyles, NumberBuffer ByRef, System.Globalization.NumberFormatInfo, Boolean), Línea: 0] - La cadena de entrada no tiene el formato correcto.
21/05/2020 10:08:21: [Método: Int32 ParseInt32(System.String, System.Globalization.NumberStyles, System.Globalization.NumberFormatInfo), Línea: 0] - La cadena de entrada no tiene el formato correcto.
21/05/2020 10:08:21: [Método: Int32 ToInt32(System.String), Línea: 0] - La cadena de entrada no tiene el formato correcto.
21/05/2020 10:08:21: [Método: Void Execute(), Línea: 370] - La cadena de entrada no tiene el formato correcto.
21/05/2020 10:08:21: [Método: Void ExecutePageHierarchy(), Línea: 0] - La cadena de entrada no tiene el formato correcto.
21/05/2020 10:08:21: [Método: Void ExecutePageHierarchy(), Línea: 0] - La cadena de entrada no tiene el formato correcto.
21/05/2020 10:08:21: [Método: Void ExecutePageHierarchy(System.Web.WebPages.WebPageContext, System.IO.TextWriter, System.Web.WebPages.WebPageRenderingBase), Línea: 0] - La cadena de entrada no tiene el formato correcto.
21/05/2020 10:08:21: [Método: Void RenderView(System.Web.Mvc.ViewContext, System.IO.TextWriter, System.Object), Línea: 0] - La cadena de entrada no tiene el formato correcto.
21/05/2020 10:08:21: [Método: Void Render(System.Web.Mvc.ViewContext, System.IO.TextWriter), Línea: 0] - La cadena de entrada no tiene el formato correcto.
21/05/2020 10:08:21: [Método: Void ExecuteResult(System.Web.Mvc.ControllerContext), Línea: 0] - La cadena de entrada no tiene el formato correcto.
21/05/2020 10:08:21: [Método: Void InvokeActionResult(System.Web.Mvc.ControllerContext, System.Web.Mvc.ActionResult), Línea: 0] - La cadena de entrada no tiene el formato correcto.
21/05/2020 10:08:21: [Método: System.Web.Mvc.ResultExecutedContext InvokeActionResultFilterRecursive(System.Collections.Generic.IList`1[System.Web.Mvc.IResultFilter], Int32, System.Web.Mvc.ResultExecutingContext, System.Web.Mvc.ControllerContext, System.Web.Mvc.ActionResult), Línea: 0] - La cadena de entrada no tiene el formato correcto.
21/05/2020 10:08:21: [Método: System.Web.Mvc.ResultExecutedContext InvokeActionResultFilterRecursive(System.Collections.Generic.IList`1[System.Web.Mvc.IResultFilter], Int32, System.Web.Mvc.ResultExecutingContext, System.Web.Mvc.ControllerContext, System.Web.Mvc.ActionResult), Línea: 0] - La cadena de entrada no tiene el formato correcto.
21/05/2020 10:08:21: [Método: System.Web.Mvc.ResultExecutedContext InvokeActionResultFilterRecursive(System.Collections.Generic.IList`1[System.Web.Mvc.IResultFilter], Int32, System.Web.Mvc.ResultExecutingContext, System.Web.Mvc.ControllerContext, System.Web.Mvc.ActionResult), Línea: 0] - La cadena de entrada no tiene el formato correcto.
21/05/2020 10:08:21: [Método: System.Web.Mvc.ResultExecutedContext InvokeActionResultWithFilters(System.Web.Mvc.ControllerContext, System.Collections.Generic.IList`1[System.Web.Mvc.IResultFilter], System.Web.Mvc.ActionResult), Línea: 0] - La cadena de entrada no tiene el formato correcto.
21/05/2020 10:08:21: [Método: Void <BeginInvokeAction>b__1c(), Línea: 0] - La cadena de entrada no tiene el formato correcto.
21/05/2020 10:08:21: [Método: Boolean <BeginInvokeAction>b__1e(System.IAsyncResult), Línea: 0] - La cadena de entrada no tiene el formato correcto.
21/05/2020 10:08:21: [Método: TResult CallEndDelegate(System.IAsyncResult), Línea: 0] - La cadena de entrada no tiene el formato correcto.
21/05/2020 10:08:21: [Método: TResult End(), Línea: 0] - La cadena de entrada no tiene el formato correcto.
21/05/2020 10:08:21: [Método: Boolean EndInvokeAction(System.IAsyncResult), Línea: 0] - La cadena de entrada no tiene el formato correcto.
21/05/2020 10:08:21: [Método: Void <BeginExecuteCore>b__1d(System.IAsyncResult, ExecuteCoreState), Línea: 0] - La cadena de entrada no tiene el formato correcto.
21/05/2020 10:08:21: [Método: System.Web.Mvc.Async.AsyncVoid CallEndDelegate(System.IAsyncResult), Línea: 0] - La cadena de entrada no tiene el formato correcto.
21/05/2020 10:08:21: [Método: TResult End(), Línea: 0] - La cadena de entrada no tiene el formato correcto.
21/05/2020 10:08:21: [Método: Void EndExecuteCore(System.IAsyncResult), Línea: 0] - La cadena de entrada no tiene el formato correcto.
21/05/2020 10:08:21: [Método: Void <BeginExecute>b__15(System.IAsyncResult, System.Web.Mvc.Controller), Línea: 0] - La cadena de entrada no tiene el formato correcto.
21/05/2020 10:08:21: [Método: System.Web.Mvc.Async.AsyncVoid CallEndDelegate(System.IAsyncResult), Línea: 0] - La cadena de entrada no tiene el formato correcto.
21/05/2020 10:08:21: [Método: TResult End(), Línea: 0] - La cadena de entrada no tiene el formato correcto.
21/05/2020 10:08:21: [Método: Void EndExecute(System.IAsyncResult), Línea: 0] - La cadena de entrada no tiene el formato correcto.
21/05/2020 10:08:21: [Método: Void System.Web.Mvc.Async.IAsyncController.EndExecute(System.IAsyncResult), Línea: 0] - La cadena de entrada no tiene el formato correcto.
21/05/2020 10:08:21: [Método: Void <BeginProcessRequest>b__5(System.IAsyncResult, ProcessRequestState), Línea: 0] - La cadena de entrada no tiene el formato correcto.
21/05/2020 10:08:21: [Método: System.Web.Mvc.Async.AsyncVoid CallEndDelegate(System.IAsyncResult), Línea: 0] - La cadena de entrada no tiene el formato correcto.
21/05/2020 10:08:21: [Método: TResult End(), Línea: 0] - La cadena de entrada no tiene el formato correcto.
21/05/2020 10:08:21: [Método: Void EndProcessRequest(System.IAsyncResult), Línea: 0] - La cadena de entrada no tiene el formato correcto.
21/05/2020 10:08:21: [Método: Void System.Web.IHttpAsyncHandler.EndProcessRequest(System.IAsyncResult), Línea: 0] - La cadena de entrada no tiene el formato correcto.
21/05/2020 10:08:21: [Método: Void System.Web.HttpApplication.IExecutionStep.Execute(), Línea: 0] - La cadena de entrada no tiene el formato correcto.
21/05/2020 10:08:21: [Método: Void ExecuteStepImpl(IExecutionStep), Línea: 0] - La cadena de entrada no tiene el formato correcto.
21/05/2020 10:08:21: [Método: System.Exception ExecuteStep(IExecutionStep, Boolean ByRef), Línea: 0] - La cadena de entrada no tiene el formato correcto.
21/05/2020 10:20:35: [Método: Void StringToNumber(System.String, System.Globalization.NumberStyles, NumberBuffer ByRef, System.Globalization.NumberFormatInfo, Boolean), Línea: 0] - La cadena de entrada no tiene el formato correcto.
21/05/2020 10:20:35: [Método: Int32 ParseInt32(System.String, System.Globalization.NumberStyles, System.Globalization.NumberFormatInfo), Línea: 0] - La cadena de entrada no tiene el formato correcto.
21/05/2020 10:20:35: [Método: Int32 ToInt32(System.String), Línea: 0] - La cadena de entrada no tiene el formato correcto.
21/05/2020 10:20:35: [Método: Void Execute(), Línea: 370] - La cadena de entrada no tiene el formato correcto.
21/05/2020 10:20:35: [Método: Void ExecutePageHierarchy(), Línea: 0] - La cadena de entrada no tiene el formato correcto.
21/05/2020 10:20:35: [Método: Void ExecutePageHierarchy(), Línea: 0] - La cadena de entrada no tiene el formato correcto.
21/05/2020 10:20:35: [Método: Void ExecutePageHierarchy(System.Web.WebPages.WebPageContext, System.IO.TextWriter, System.Web.WebPages.WebPageRenderingBase), Línea: 0] - La cadena de entrada no tiene el formato correcto.
21/05/2020 10:20:35: [Método: Void RenderView(System.Web.Mvc.ViewContext, System.IO.TextWriter, System.Object), Línea: 0] - La cadena de entrada no tiene el formato correcto.
21/05/2020 10:20:35: [Método: Void Render(System.Web.Mvc.ViewContext, System.IO.TextWriter), Línea: 0] - La cadena de entrada no tiene el formato correcto.
21/05/2020 10:20:35: [Método: Void ExecuteResult(System.Web.Mvc.ControllerContext), Línea: 0] - La cadena de entrada no tiene el formato correcto.
21/05/2020 10:20:35: [Método: Void InvokeActionResult(System.Web.Mvc.ControllerContext, System.Web.Mvc.ActionResult), Línea: 0] - La cadena de entrada no tiene el formato correcto.
21/05/2020 10:20:35: [Método: System.Web.Mvc.ResultExecutedContext InvokeActionResultFilterRecursive(System.Collections.Generic.IList`1[System.Web.Mvc.IResultFilter], Int32, System.Web.Mvc.ResultExecutingContext, System.Web.Mvc.ControllerContext, System.Web.Mvc.ActionResult), Línea: 0] - La cadena de entrada no tiene el formato correcto.
21/05/2020 10:20:35: [Método: System.Web.Mvc.ResultExecutedContext InvokeActionResultFilterRecursive(System.Collections.Generic.IList`1[System.Web.Mvc.IResultFilter], Int32, System.Web.Mvc.ResultExecutingContext, System.Web.Mvc.ControllerContext, System.Web.Mvc.ActionResult), Línea: 0] - La cadena de entrada no tiene el formato correcto.
21/05/2020 10:20:35: [Método: System.Web.Mvc.ResultExecutedContext InvokeActionResultFilterRecursive(System.Collections.Generic.IList`1[System.Web.Mvc.IResultFilter], Int32, System.Web.Mvc.ResultExecutingContext, System.Web.Mvc.ControllerContext, System.Web.Mvc.ActionResult), Línea: 0] - La cadena de entrada no tiene el formato correcto.
21/05/2020 10:20:35: [Método: System.Web.Mvc.ResultExecutedContext InvokeActionResultWithFilters(System.Web.Mvc.ControllerContext, System.Collections.Generic.IList`1[System.Web.Mvc.IResultFilter], System.Web.Mvc.ActionResult), Línea: 0] - La cadena de entrada no tiene el formato correcto.
21/05/2020 10:20:35: [Método: Void <BeginInvokeAction>b__1c(), Línea: 0] - La cadena de entrada no tiene el formato correcto.
21/05/2020 10:20:35: [Método: Boolean <BeginInvokeAction>b__1e(System.IAsyncResult), Línea: 0] - La cadena de entrada no tiene el formato correcto.
21/05/2020 10:20:35: [Método: TResult CallEndDelegate(System.IAsyncResult), Línea: 0] - La cadena de entrada no tiene el formato correcto.
21/05/2020 10:20:35: [Método: TResult End(), Línea: 0] - La cadena de entrada no tiene el formato correcto.
21/05/2020 10:20:35: [Método: Boolean EndInvokeAction(System.IAsyncResult), Línea: 0] - La cadena de entrada no tiene el formato correcto.
21/05/2020 10:20:35: [Método: Void <BeginExecuteCore>b__1d(System.IAsyncResult, ExecuteCoreState), Línea: 0] - La cadena de entrada no tiene el formato correcto.
21/05/2020 10:20:35: [Método: System.Web.Mvc.Async.AsyncVoid CallEndDelegate(System.IAsyncResult), Línea: 0] - La cadena de entrada no tiene el formato correcto.
21/05/2020 10:20:35: [Método: TResult End(), Línea: 0] - La cadena de entrada no tiene el formato correcto.
21/05/2020 10:20:35: [Método: Void EndExecuteCore(System.IAsyncResult), Línea: 0] - La cadena de entrada no tiene el formato correcto.
21/05/2020 10:20:35: [Método: Void <BeginExecute>b__15(System.IAsyncResult, System.Web.Mvc.Controller), Línea: 0] - La cadena de entrada no tiene el formato correcto.
21/05/2020 10:20:35: [Método: System.Web.Mvc.Async.AsyncVoid CallEndDelegate(System.IAsyncResult), Línea: 0] - La cadena de entrada no tiene el formato correcto.
21/05/2020 10:20:35: [Método: TResult End(), Línea: 0] - La cadena de entrada no tiene el formato correcto.
21/05/2020 10:20:35: [Método: Void EndExecute(System.IAsyncResult), Línea: 0] - La cadena de entrada no tiene el formato correcto.
21/05/2020 10:20:35: [Método: Void System.Web.Mvc.Async.IAsyncController.EndExecute(System.IAsyncResult), Línea: 0] - La cadena de entrada no tiene el formato correcto.
21/05/2020 10:20:35: [Método: Void <BeginProcessRequest>b__5(System.IAsyncResult, ProcessRequestState), Línea: 0] - La cadena de entrada no tiene el formato correcto.
21/05/2020 10:20:35: [Método: System.Web.Mvc.Async.AsyncVoid CallEndDelegate(System.IAsyncResult), Línea: 0] - La cadena de entrada no tiene el formato correcto.
21/05/2020 10:20:35: [Método: TResult End(), Línea: 0] - La cadena de entrada no tiene el formato correcto.
21/05/2020 10:20:35: [Método: Void EndProcessRequest(System.IAsyncResult), Línea: 0] - La cadena de entrada no tiene el formato correcto.
21/05/2020 10:20:35: [Método: Void System.Web.IHttpAsyncHandler.EndProcessRequest(System.IAsyncResult), Línea: 0] - La cadena de entrada no tiene el formato correcto.
21/05/2020 10:20:35: [Método: Void System.Web.HttpApplication.IExecutionStep.Execute(), Línea: 0] - La cadena de entrada no tiene el formato correcto.
21/05/2020 10:20:35: [Método: Void ExecuteStepImpl(IExecutionStep), Línea: 0] - La cadena de entrada no tiene el formato correcto.
21/05/2020 10:20:35: [Método: System.Exception ExecuteStep(IExecutionStep, Boolean ByRef), Línea: 0] - La cadena de entrada no tiene el formato correcto.
21/05/2020 10:26:22: [Método: Void StringToNumber(System.String, System.Globalization.NumberStyles, NumberBuffer ByRef, System.Globalization.NumberFormatInfo, Boolean), Línea: 0] - La cadena de entrada no tiene el formato correcto.
21/05/2020 10:26:22: [Método: Int32 ParseInt32(System.String, System.Globalization.NumberStyles, System.Globalization.NumberFormatInfo), Línea: 0] - La cadena de entrada no tiene el formato correcto.
21/05/2020 10:26:22: [Método: Int32 ToInt32(System.String), Línea: 0] - La cadena de entrada no tiene el formato correcto.
21/05/2020 10:26:22: [Método: Void Execute(), Línea: 370] - La cadena de entrada no tiene el formato correcto.
21/05/2020 10:26:22: [Método: Void ExecutePageHierarchy(), Línea: 0] - La cadena de entrada no tiene el formato correcto.
21/05/2020 10:26:22: [Método: Void ExecutePageHierarchy(), Línea: 0] - La cadena de entrada no tiene el formato correcto.
21/05/2020 10:26:22: [Método: Void ExecutePageHierarchy(System.Web.WebPages.WebPageContext, System.IO.TextWriter, System.Web.WebPages.WebPageRenderingBase), Línea: 0] - La cadena de entrada no tiene el formato correcto.
21/05/2020 10:26:22: [Método: Void RenderView(System.Web.Mvc.ViewContext, System.IO.TextWriter, System.Object), Línea: 0] - La cadena de entrada no tiene el formato correcto.
21/05/2020 10:26:22: [Método: Void Render(System.Web.Mvc.ViewContext, System.IO.TextWriter), Línea: 0] - La cadena de entrada no tiene el formato correcto.
21/05/2020 10:26:22: [Método: Void ExecuteResult(System.Web.Mvc.ControllerContext), Línea: 0] - La cadena de entrada no tiene el formato correcto.
21/05/2020 10:26:22: [Método: Void InvokeActionResult(System.Web.Mvc.ControllerContext, System.Web.Mvc.ActionResult), Línea: 0] - La cadena de entrada no tiene el formato correcto.
21/05/2020 10:26:22: [Método: System.Web.Mvc.ResultExecutedContext InvokeActionResultFilterRecursive(System.Collections.Generic.IList`1[System.Web.Mvc.IResultFilter], Int32, System.Web.Mvc.ResultExecutingContext, System.Web.Mvc.ControllerContext, System.Web.Mvc.ActionResult), Línea: 0] - La cadena de entrada no tiene el formato correcto.
21/05/2020 10:26:22: [Método: System.Web.Mvc.ResultExecutedContext InvokeActionResultFilterRecursive(System.Collections.Generic.IList`1[System.Web.Mvc.IResultFilter], Int32, System.Web.Mvc.ResultExecutingContext, System.Web.Mvc.ControllerContext, System.Web.Mvc.ActionResult), Línea: 0] - La cadena de entrada no tiene el formato correcto.
21/05/2020 10:26:22: [Método: System.Web.Mvc.ResultExecutedContext InvokeActionResultFilterRecursive(System.Collections.Generic.IList`1[System.Web.Mvc.IResultFilter], Int32, System.Web.Mvc.ResultExecutingContext, System.Web.Mvc.ControllerContext, System.Web.Mvc.ActionResult), Línea: 0] - La cadena de entrada no tiene el formato correcto.
21/05/2020 10:26:22: [Método: System.Web.Mvc.ResultExecutedContext InvokeActionResultWithFilters(System.Web.Mvc.ControllerContext, System.Collections.Generic.IList`1[System.Web.Mvc.IResultFilter], System.Web.Mvc.ActionResult), Línea: 0] - La cadena de entrada no tiene el formato correcto.
21/05/2020 10:26:22: [Método: Void <BeginInvokeAction>b__1c(), Línea: 0] - La cadena de entrada no tiene el formato correcto.
21/05/2020 10:26:22: [Método: Boolean <BeginInvokeAction>b__1e(System.IAsyncResult), Línea: 0] - La cadena de entrada no tiene el formato correcto.
21/05/2020 10:26:22: [Método: TResult CallEndDelegate(System.IAsyncResult), Línea: 0] - La cadena de entrada no tiene el formato correcto.
21/05/2020 10:26:22: [Método: TResult End(), Línea: 0] - La cadena de entrada no tiene el formato correcto.
21/05/2020 10:26:22: [Método: Boolean EndInvokeAction(System.IAsyncResult), Línea: 0] - La cadena de entrada no tiene el formato correcto.
21/05/2020 10:26:22: [Método: Void <BeginExecuteCore>b__1d(System.IAsyncResult, ExecuteCoreState), Línea: 0] - La cadena de entrada no tiene el formato correcto.
21/05/2020 10:26:22: [Método: System.Web.Mvc.Async.AsyncVoid CallEndDelegate(System.IAsyncResult), Línea: 0] - La cadena de entrada no tiene el formato correcto.
21/05/2020 10:26:22: [Método: TResult End(), Línea: 0] - La cadena de entrada no tiene el formato correcto.
21/05/2020 10:26:22: [Método: Void EndExecuteCore(System.IAsyncResult), Línea: 0] - La cadena de entrada no tiene el formato correcto.
21/05/2020 10:26:22: [Método: Void <BeginExecute>b__15(System.IAsyncResult, System.Web.Mvc.Controller), Línea: 0] - La cadena de entrada no tiene el formato correcto.
21/05/2020 10:26:22: [Método: System.Web.Mvc.Async.AsyncVoid CallEndDelegate(System.IAsyncResult), Línea: 0] - La cadena de entrada no tiene el formato correcto.
21/05/2020 10:26:22: [Método: TResult End(), Línea: 0] - La cadena de entrada no tiene el formato correcto.
21/05/2020 10:26:22: [Método: Void EndExecute(System.IAsyncResult), Línea: 0] - La cadena de entrada no tiene el formato correcto.
21/05/2020 10:26:22: [Método: Void System.Web.Mvc.Async.IAsyncController.EndExecute(System.IAsyncResult), Línea: 0] - La cadena de entrada no tiene el formato correcto.
21/05/2020 10:26:22: [Método: Void <BeginProcessRequest>b__5(System.IAsyncResult, ProcessRequestState), Línea: 0] - La cadena de entrada no tiene el formato correcto.
21/05/2020 10:26:22: [Método: System.Web.Mvc.Async.AsyncVoid CallEndDelegate(System.IAsyncResult), Línea: 0] - La cadena de entrada no tiene el formato correcto.
21/05/2020 10:26:22: [Método: TResult End(), Línea: 0] - La cadena de entrada no tiene el formato correcto.
21/05/2020 10:26:22: [Método: Void EndProcessRequest(System.IAsyncResult), Línea: 0] - La cadena de entrada no tiene el formato correcto.
21/05/2020 10:26:22: [Método: Void System.Web.IHttpAsyncHandler.EndProcessRequest(System.IAsyncResult), Línea: 0] - La cadena de entrada no tiene el formato correcto.
21/05/2020 10:26:22: [Método: Void System.Web.HttpApplication.IExecutionStep.Execute(), Línea: 0] - La cadena de entrada no tiene el formato correcto.
21/05/2020 10:26:22: [Método: Void ExecuteStepImpl(IExecutionStep), Línea: 0] - La cadena de entrada no tiene el formato correcto.
21/05/2020 10:26:22: [Método: System.Exception ExecuteStep(IExecutionStep, Boolean ByRef), Línea: 0] - La cadena de entrada no tiene el formato correcto.
21/05/2020 10:27:26: [Método: Void StringToNumber(System.String, System.Globalization.NumberStyles, NumberBuffer ByRef, System.Globalization.NumberFormatInfo, Boolean), Línea: 0] - La cadena de entrada no tiene el formato correcto.
21/05/2020 10:27:26: [Método: Int32 ParseInt32(System.String, System.Globalization.NumberStyles, System.Globalization.NumberFormatInfo), Línea: 0] - La cadena de entrada no tiene el formato correcto.
21/05/2020 10:27:26: [Método: Int32 ToInt32(System.String), Línea: 0] - La cadena de entrada no tiene el formato correcto.
21/05/2020 10:27:26: [Método: Void Execute(), Línea: 370] - La cadena de entrada no tiene el formato correcto.
21/05/2020 10:27:26: [Método: Void ExecutePageHierarchy(), Línea: 0] - La cadena de entrada no tiene el formato correcto.
21/05/2020 10:27:26: [Método: Void ExecutePageHierarchy(), Línea: 0] - La cadena de entrada no tiene el formato correcto.
21/05/2020 10:27:26: [Método: Void ExecutePageHierarchy(System.Web.WebPages.WebPageContext, System.IO.TextWriter, System.Web.WebPages.WebPageRenderingBase), Línea: 0] - La cadena de entrada no tiene el formato correcto.
21/05/2020 10:27:26: [Método: Void RenderView(System.Web.Mvc.ViewContext, System.IO.TextWriter, System.Object), Línea: 0] - La cadena de entrada no tiene el formato correcto.
21/05/2020 10:27:26: [Método: Void Render(System.Web.Mvc.ViewContext, System.IO.TextWriter), Línea: 0] - La cadena de entrada no tiene el formato correcto.
21/05/2020 10:27:26: [Método: Void ExecuteResult(System.Web.Mvc.ControllerContext), Línea: 0] - La cadena de entrada no tiene el formato correcto.
21/05/2020 10:27:26: [Método: Void InvokeActionResult(System.Web.Mvc.ControllerContext, System.Web.Mvc.ActionResult), Línea: 0] - La cadena de entrada no tiene el formato correcto.
21/05/2020 10:27:26: [Método: System.Web.Mvc.ResultExecutedContext InvokeActionResultFilterRecursive(System.Collections.Generic.IList`1[System.Web.Mvc.IResultFilter], Int32, System.Web.Mvc.ResultExecutingContext, System.Web.Mvc.ControllerContext, System.Web.Mvc.ActionResult), Línea: 0] - La cadena de entrada no tiene el formato correcto.
21/05/2020 10:27:26: [Método: System.Web.Mvc.ResultExecutedContext InvokeActionResultFilterRecursive(System.Collections.Generic.IList`1[System.Web.Mvc.IResultFilter], Int32, System.Web.Mvc.ResultExecutingContext, System.Web.Mvc.ControllerContext, System.Web.Mvc.ActionResult), Línea: 0] - La cadena de entrada no tiene el formato correcto.
21/05/2020 10:27:26: [Método: System.Web.Mvc.ResultExecutedContext InvokeActionResultFilterRecursive(System.Collections.Generic.IList`1[System.Web.Mvc.IResultFilter], Int32, System.Web.Mvc.ResultExecutingContext, System.Web.Mvc.ControllerContext, System.Web.Mvc.ActionResult), Línea: 0] - La cadena de entrada no tiene el formato correcto.
21/05/2020 10:27:26: [Método: System.Web.Mvc.ResultExecutedContext InvokeActionResultWithFilters(System.Web.Mvc.ControllerContext, System.Collections.Generic.IList`1[System.Web.Mvc.IResultFilter], System.Web.Mvc.ActionResult), Línea: 0] - La cadena de entrada no tiene el formato correcto.
21/05/2020 10:27:26: [Método: Void <BeginInvokeAction>b__1c(), Línea: 0] - La cadena de entrada no tiene el formato correcto.
21/05/2020 10:27:26: [Método: Boolean <BeginInvokeAction>b__1e(System.IAsyncResult), Línea: 0] - La cadena de entrada no tiene el formato correcto.
21/05/2020 10:27:26: [Método: TResult CallEndDelegate(System.IAsyncResult), Línea: 0] - La cadena de entrada no tiene el formato correcto.
21/05/2020 10:27:26: [Método: TResult End(), Línea: 0] - La cadena de entrada no tiene el formato correcto.
21/05/2020 10:27:26: [Método: Boolean EndInvokeAction(System.IAsyncResult), Línea: 0] - La cadena de entrada no tiene el formato correcto.
21/05/2020 10:27:26: [Método: Void <BeginExecuteCore>b__1d(System.IAsyncResult, ExecuteCoreState), Línea: 0] - La cadena de entrada no tiene el formato correcto.
21/05/2020 10:27:26: [Método: System.Web.Mvc.Async.AsyncVoid CallEndDelegate(System.IAsyncResult), Línea: 0] - La cadena de entrada no tiene el formato correcto.
21/05/2020 10:27:26: [Método: TResult End(), Línea: 0] - La cadena de entrada no tiene el formato correcto.
21/05/2020 10:27:26: [Método: Void EndExecuteCore(System.IAsyncResult), Línea: 0] - La cadena de entrada no tiene el formato correcto.
21/05/2020 10:27:26: [Método: Void <BeginExecute>b__15(System.IAsyncResult, System.Web.Mvc.Controller), Línea: 0] - La cadena de entrada no tiene el formato correcto.
21/05/2020 10:27:26: [Método: System.Web.Mvc.Async.AsyncVoid CallEndDelegate(System.IAsyncResult), Línea: 0] - La cadena de entrada no tiene el formato correcto.
21/05/2020 10:27:26: [Método: TResult End(), Línea: 0] - La cadena de entrada no tiene el formato correcto.
21/05/2020 10:27:26: [Método: Void EndExecute(System.IAsyncResult), Línea: 0] - La cadena de entrada no tiene el formato correcto.
21/05/2020 10:27:26: [Método: Void System.Web.Mvc.Async.IAsyncController.EndExecute(System.IAsyncResult), Línea: 0] - La cadena de entrada no tiene el formato correcto.
21/05/2020 10:27:26: [Método: Void <BeginProcessRequest>b__5(System.IAsyncResult, ProcessRequestState), Línea: 0] - La cadena de entrada no tiene el formato correcto.
21/05/2020 10:27:26: [Método: System.Web.Mvc.Async.AsyncVoid CallEndDelegate(System.IAsyncResult), Línea: 0] - La cadena de entrada no tiene el formato correcto.
21/05/2020 10:27:26: [Método: TResult End(), Línea: 0] - La cadena de entrada no tiene el formato correcto.
21/05/2020 10:27:26: [Método: Void EndProcessRequest(System.IAsyncResult), Línea: 0] - La cadena de entrada no tiene el formato correcto.
21/05/2020 10:27:26: [Método: Void System.Web.IHttpAsyncHandler.EndProcessRequest(System.IAsyncResult), Línea: 0] - La cadena de entrada no tiene el formato correcto.
21/05/2020 10:27:26: [Método: Void System.Web.HttpApplication.IExecutionStep.Execute(), Línea: 0] - La cadena de entrada no tiene el formato correcto.
21/05/2020 10:27:26: [Método: Void ExecuteStepImpl(IExecutionStep), Línea: 0] - La cadena de entrada no tiene el formato correcto.
21/05/2020 10:27:26: [Método: System.Exception ExecuteStep(IExecutionStep, Boolean ByRef), Línea: 0] - La cadena de entrada no tiene el formato correcto.
21/05/2020 10:28:39: [Método: Void StringToNumber(System.String, System.Globalization.NumberStyles, NumberBuffer ByRef, System.Globalization.NumberFormatInfo, Boolean), Línea: 0] - La cadena de entrada no tiene el formato correcto.
21/05/2020 10:28:39: [Método: Int32 ParseInt32(System.String, System.Globalization.NumberStyles, System.Globalization.NumberFormatInfo), Línea: 0] - La cadena de entrada no tiene el formato correcto.
21/05/2020 10:28:39: [Método: Int32 ToInt32(System.String), Línea: 0] - La cadena de entrada no tiene el formato correcto.
21/05/2020 10:28:39: [Método: Void Execute(), Línea: 372] - La cadena de entrada no tiene el formato correcto.
21/05/2020 10:28:39: [Método: Void ExecutePageHierarchy(), Línea: 0] - La cadena de entrada no tiene el formato correcto.
21/05/2020 10:28:39: [Método: Void ExecutePageHierarchy(), Línea: 0] - La cadena de entrada no tiene el formato correcto.
21/05/2020 10:28:39: [Método: Void ExecutePageHierarchy(System.Web.WebPages.WebPageContext, System.IO.TextWriter, System.Web.WebPages.WebPageRenderingBase), Línea: 0] - La cadena de entrada no tiene el formato correcto.
21/05/2020 10:28:39: [Método: Void RenderView(System.Web.Mvc.ViewContext, System.IO.TextWriter, System.Object), Línea: 0] - La cadena de entrada no tiene el formato correcto.
21/05/2020 10:28:39: [Método: Void Render(System.Web.Mvc.ViewContext, System.IO.TextWriter), Línea: 0] - La cadena de entrada no tiene el formato correcto.
21/05/2020 10:28:39: [Método: Void ExecuteResult(System.Web.Mvc.ControllerContext), Línea: 0] - La cadena de entrada no tiene el formato correcto.
21/05/2020 10:28:39: [Método: Void InvokeActionResult(System.Web.Mvc.ControllerContext, System.Web.Mvc.ActionResult), Línea: 0] - La cadena de entrada no tiene el formato correcto.
21/05/2020 10:28:39: [Método: System.Web.Mvc.ResultExecutedContext InvokeActionResultFilterRecursive(System.Collections.Generic.IList`1[System.Web.Mvc.IResultFilter], Int32, System.Web.Mvc.ResultExecutingContext, System.Web.Mvc.ControllerContext, System.Web.Mvc.ActionResult), Línea: 0] - La cadena de entrada no tiene el formato correcto.
21/05/2020 10:28:39: [Método: System.Web.Mvc.ResultExecutedContext InvokeActionResultFilterRecursive(System.Collections.Generic.IList`1[System.Web.Mvc.IResultFilter], Int32, System.Web.Mvc.ResultExecutingContext, System.Web.Mvc.ControllerContext, System.Web.Mvc.ActionResult), Línea: 0] - La cadena de entrada no tiene el formato correcto.
21/05/2020 10:28:39: [Método: System.Web.Mvc.ResultExecutedContext InvokeActionResultFilterRecursive(System.Collections.Generic.IList`1[System.Web.Mvc.IResultFilter], Int32, System.Web.Mvc.ResultExecutingContext, System.Web.Mvc.ControllerContext, System.Web.Mvc.ActionResult), Línea: 0] - La cadena de entrada no tiene el formato correcto.
21/05/2020 10:28:39: [Método: System.Web.Mvc.ResultExecutedContext InvokeActionResultWithFilters(System.Web.Mvc.ControllerContext, System.Collections.Generic.IList`1[System.Web.Mvc.IResultFilter], System.Web.Mvc.ActionResult), Línea: 0] - La cadena de entrada no tiene el formato correcto.
21/05/2020 10:28:39: [Método: Void <BeginInvokeAction>b__1c(), Línea: 0] - La cadena de entrada no tiene el formato correcto.
21/05/2020 10:28:39: [Método: Boolean <BeginInvokeAction>b__1e(System.IAsyncResult), Línea: 0] - La cadena de entrada no tiene el formato correcto.
21/05/2020 10:28:39: [Método: TResult CallEndDelegate(System.IAsyncResult), Línea: 0] - La cadena de entrada no tiene el formato correcto.
21/05/2020 10:28:39: [Método: TResult End(), Línea: 0] - La cadena de entrada no tiene el formato correcto.
21/05/2020 10:28:39: [Método: Boolean EndInvokeAction(System.IAsyncResult), Línea: 0] - La cadena de entrada no tiene el formato correcto.
21/05/2020 10:28:39: [Método: Void <BeginExecuteCore>b__1d(System.IAsyncResult, ExecuteCoreState), Línea: 0] - La cadena de entrada no tiene el formato correcto.
21/05/2020 10:28:39: [Método: System.Web.Mvc.Async.AsyncVoid CallEndDelegate(System.IAsyncResult), Línea: 0] - La cadena de entrada no tiene el formato correcto.
21/05/2020 10:28:39: [Método: TResult End(), Línea: 0] - La cadena de entrada no tiene el formato correcto.
21/05/2020 10:28:39: [Método: Void EndExecuteCore(System.IAsyncResult), Línea: 0] - La cadena de entrada no tiene el formato correcto.
21/05/2020 10:28:39: [Método: Void <BeginExecute>b__15(System.IAsyncResult, System.Web.Mvc.Controller), Línea: 0] - La cadena de entrada no tiene el formato correcto.
21/05/2020 10:28:39: [Método: System.Web.Mvc.Async.AsyncVoid CallEndDelegate(System.IAsyncResult), Línea: 0] - La cadena de entrada no tiene el formato correcto.
21/05/2020 10:28:39: [Método: TResult End(), Línea: 0] - La cadena de entrada no tiene el formato correcto.
21/05/2020 10:28:39: [Método: Void EndExecute(System.IAsyncResult), Línea: 0] - La cadena de entrada no tiene el formato correcto.
21/05/2020 10:28:39: [Método: Void System.Web.Mvc.Async.IAsyncController.EndExecute(System.IAsyncResult), Línea: 0] - La cadena de entrada no tiene el formato correcto.
21/05/2020 10:28:39: [Método: Void <BeginProcessRequest>b__5(System.IAsyncResult, ProcessRequestState), Línea: 0] - La cadena de entrada no tiene el formato correcto.
21/05/2020 10:28:39: [Método: System.Web.Mvc.Async.AsyncVoid CallEndDelegate(System.IAsyncResult), Línea: 0] - La cadena de entrada no tiene el formato correcto.
21/05/2020 10:28:39: [Método: TResult End(), Línea: 0] - La cadena de entrada no tiene el formato correcto.
21/05/2020 10:28:39: [Método: Void EndProcessRequest(System.IAsyncResult), Línea: 0] - La cadena de entrada no tiene el formato correcto.
21/05/2020 10:28:39: [Método: Void System.Web.IHttpAsyncHandler.EndProcessRequest(System.IAsyncResult), Línea: 0] - La cadena de entrada no tiene el formato correcto.
21/05/2020 10:28:39: [Método: Void System.Web.HttpApplication.IExecutionStep.Execute(), Línea: 0] - La cadena de entrada no tiene el formato correcto.
21/05/2020 10:28:39: [Método: Void ExecuteStepImpl(IExecutionStep), Línea: 0] - La cadena de entrada no tiene el formato correcto.
21/05/2020 10:28:39: [Método: System.Exception ExecuteStep(IExecutionStep, Boolean ByRef), Línea: 0] - La cadena de entrada no tiene el formato correcto.
