12/03/2020 03:40:11 p.m.: [Método: Void StringToNumber(System.String, System.Globalization.NumberStyles, NumberBuffer ByRef, System.Globalization.NumberFormatInfo, Boolean), Línea: 0] - La cadena de entrada no tiene el formato correcto.
12/03/2020 03:40:11 p.m.: [Método: Int32 ParseInt32(System.String, System.Globalization.NumberStyles, System.Globalization.NumberFormatInfo), Línea: 0] - La cadena de entrada no tiene el formato correcto.
12/03/2020 03:40:11 p.m.: [Método: Int32 ToInt32(System.String), Línea: 0] - La cadena de entrada no tiene el formato correcto.
12/03/2020 03:40:11 p.m.: [Método: System.Collections.Generic.List`1[entidad.minem.gob.pe.FactorBE] ListarFactoresVerificar(System.String), Línea: 809] - La cadena de entrada no tiene el formato correcto.
12/03/2020 03:41:03 p.m.: [Método: System.Collections.Generic.List`1[entidad.minem.gob.pe.FactorBE] ListarFactoresVerificar(System.String), Línea: 805] - Referencia a objeto no establecida como instancia de un objeto.
12/03/2020 03:41:37 p.m.: [Método: System.Collections.Generic.List`1[entidad.minem.gob.pe.FactorBE] ListarFactoresVerificar(System.String), Línea: 805] - Referencia a objeto no establecida como instancia de un objeto.
12/03/2020 03:52:19 p.m.: [Método: System.Collections.Generic.List`1[entidad.minem.gob.pe.FactorBE] ListarFactoresVerificar(System.String), Línea: 805] - Referencia a objeto no establecida como instancia de un objeto.
12/03/2020 03:54:03 p.m.: [Método: Void ThrowDataException(System.Exception, Int32, System.Data.IDataReader, System.Object), Línea: 0] - Error parsing column 13 (DIAS=5 - Decimal)
12/03/2020 03:54:03 p.m.: [Método: entidad.minem.gob.pe.IniciativaBE Deserialize400eefa5-bc39-4500-bcd1-dd230e33a50f(System.Data.IDataReader), Línea: 0] - Error parsing column 13 (DIAS=5 - Decimal)
12/03/2020 03:54:03 p.m.: [Método: Boolean MoveNext(), Línea: 0] - Error parsing column 13 (DIAS=5 - Decimal)
12/03/2020 03:54:03 p.m.: [Método: Void .ctor(System.Collections.Generic.IEnumerable`1[T]), Línea: 0] - Error parsing column 13 (DIAS=5 - Decimal)
12/03/2020 03:54:03 p.m.: [Método: System.Collections.Generic.List`1[TSource] ToList[TSource](System.Collections.Generic.IEnumerable`1[TSource]), Línea: 0] - Error parsing column 13 (DIAS=5 - Decimal)
12/03/2020 03:54:03 p.m.: [Método: System.Collections.Generic.IEnumerable`1[T] Query[T](System.Data.IDbConnection, System.String, System.Object, System.Data.IDbTransaction, Boolean, System.Nullable`1[System.Int32], System.Nullable`1[System.Data.CommandType]), Línea: 0] - Error parsing column 13 (DIAS=5 - Decimal)
12/03/2020 03:54:03 p.m.: [Método: System.Collections.Generic.List`1[entidad.minem.gob.pe.IniciativaBE] ListaBusquedaAvanzadoPrivado(entidad.minem.gob.pe.IniciativaBE), Línea: 1702] - Error parsing column 13 (DIAS=5 - Decimal)
12/03/2020 04:00:55 p.m.: [Método: System.Collections.Generic.List`1[entidad.minem.gob.pe.FactorBE] ListarFactoresVerificar(System.String), Línea: 805] - Referencia a objeto no establecida como instancia de un objeto.
12/03/2020 04:01:12 p.m.: [Método: System.Collections.Generic.List`1[entidad.minem.gob.pe.FactorBE] ListarFactoresVerificar(System.String), Línea: 805] - Referencia a objeto no establecida como instancia de un objeto.
12/03/2020 04:02:12 p.m.: [Método: System.Collections.Generic.List`1[entidad.minem.gob.pe.FactorBE] ListarFactoresVerificar(System.String), Línea: 805] - Referencia a objeto no establecida como instancia de un objeto.
12/03/2020 04:04:00 p.m.: [Método: Void ThrowDataException(System.Exception, Int32, System.Data.IDataReader, System.Object), Línea: 0] - Error parsing column 13 (DIAS=5 - Decimal)
12/03/2020 04:04:00 p.m.: [Método: entidad.minem.gob.pe.IniciativaBE Deserialize400eefa5-bc39-4500-bcd1-dd230e33a50f(System.Data.IDataReader), Línea: 0] - Error parsing column 13 (DIAS=5 - Decimal)
12/03/2020 04:04:00 p.m.: [Método: Boolean MoveNext(), Línea: 0] - Error parsing column 13 (DIAS=5 - Decimal)
12/03/2020 04:04:00 p.m.: [Método: Void .ctor(System.Collections.Generic.IEnumerable`1[T]), Línea: 0] - Error parsing column 13 (DIAS=5 - Decimal)
12/03/2020 04:04:00 p.m.: [Método: System.Collections.Generic.List`1[TSource] ToList[TSource](System.Collections.Generic.IEnumerable`1[TSource]), Línea: 0] - Error parsing column 13 (DIAS=5 - Decimal)
12/03/2020 04:04:00 p.m.: [Método: System.Collections.Generic.IEnumerable`1[T] Query[T](System.Data.IDbConnection, System.String, System.Object, System.Data.IDbTransaction, Boolean, System.Nullable`1[System.Int32], System.Nullable`1[System.Data.CommandType]), Línea: 0] - Error parsing column 13 (DIAS=5 - Decimal)
12/03/2020 04:04:00 p.m.: [Método: System.Collections.Generic.List`1[entidad.minem.gob.pe.IniciativaBE] ListaBusquedaAvanzadoPrivado(entidad.minem.gob.pe.IniciativaBE), Línea: 1702] - Error parsing column 13 (DIAS=5 - Decimal)
12/03/2020 04:04:48 p.m.: [Método: Void ThrowDataException(System.Exception, Int32, System.Data.IDataReader, System.Object), Línea: 0] - Error parsing column 13 (DIAS=5 - Decimal)
12/03/2020 04:04:48 p.m.: [Método: entidad.minem.gob.pe.IniciativaBE Deserialize400eefa5-bc39-4500-bcd1-dd230e33a50f(System.Data.IDataReader), Línea: 0] - Error parsing column 13 (DIAS=5 - Decimal)
12/03/2020 04:04:48 p.m.: [Método: Boolean MoveNext(), Línea: 0] - Error parsing column 13 (DIAS=5 - Decimal)
12/03/2020 04:04:48 p.m.: [Método: Void .ctor(System.Collections.Generic.IEnumerable`1[T]), Línea: 0] - Error parsing column 13 (DIAS=5 - Decimal)
12/03/2020 04:04:48 p.m.: [Método: System.Collections.Generic.List`1[TSource] ToList[TSource](System.Collections.Generic.IEnumerable`1[TSource]), Línea: 0] - Error parsing column 13 (DIAS=5 - Decimal)
12/03/2020 04:04:48 p.m.: [Método: System.Collections.Generic.IEnumerable`1[T] Query[T](System.Data.IDbConnection, System.String, System.Object, System.Data.IDbTransaction, Boolean, System.Nullable`1[System.Int32], System.Nullable`1[System.Data.CommandType]), Línea: 0] - Error parsing column 13 (DIAS=5 - Decimal)
12/03/2020 04:04:48 p.m.: [Método: System.Collections.Generic.List`1[entidad.minem.gob.pe.IniciativaBE] ListaBusquedaAvanzadoPrivado(entidad.minem.gob.pe.IniciativaBE), Línea: 1702] - Error parsing column 13 (DIAS=5 - Decimal)
12/03/2020 04:37:14 p.m.: [Método: System.Collections.Generic.List`1[entidad.minem.gob.pe.FactorBE] ListarFactoresVerificar(System.String), Línea: 805] - Referencia a objeto no establecida como instancia de un objeto.
12/03/2020 04:44:32 p.m.: [Método: Void HandleErrorHelper(Int32, Oracle.DataAccess.Client.OracleConnection, IntPtr, Oracle.DataAccess.Client.OpoSqlValCtx*, System.Object, System.String, Boolean, Int32, Oracle.DataAccess.Client.OracleLogicalTransaction), Línea: 0] - ORA-12170: TNS:Connect timeout occurred
12/03/2020 04:44:32 p.m.: [Método: Void HandleError(Int32, Oracle.DataAccess.Client.OracleConnection, IntPtr, System.Object, Oracle.DataAccess.Client.OracleLogicalTransaction), Línea: 0] - ORA-12170: TNS:Connect timeout occurred
12/03/2020 04:44:32 p.m.: [Método: Void Open(Oracle.DataAccess.Client.OracleConnection), Línea: 0] - ORA-12170: TNS:Connect timeout occurred
12/03/2020 04:44:32 p.m.: [Método: Void Open(), Línea: 0] - ORA-12170: TNS:Connect timeout occurred
12/03/2020 04:44:32 p.m.: [Método: Boolean MoveNext(), Línea: 0] - ORA-12170: TNS:Connect timeout occurred
12/03/2020 04:44:32 p.m.: [Método: Void .ctor(System.Collections.Generic.IEnumerable`1[T]), Línea: 0] - ORA-12170: TNS:Connect timeout occurred
12/03/2020 04:44:32 p.m.: [Método: System.Collections.Generic.List`1[TSource] ToList[TSource](System.Collections.Generic.IEnumerable`1[TSource]), Línea: 0] - ORA-12170: TNS:Connect timeout occurred
12/03/2020 04:44:32 p.m.: [Método: System.Collections.Generic.IEnumerable`1[T] Query[T](System.Data.IDbConnection, System.String, System.Object, System.Data.IDbTransaction, Boolean, System.Nullable`1[System.Int32], System.Nullable`1[System.Data.CommandType]), Línea: 0] - ORA-12170: TNS:Connect timeout occurred
12/03/2020 04:44:32 p.m.: [Método: System.Collections.Generic.List`1[entidad.minem.gob.pe.MedidaMitigacionBE] ListarMedidaMitigacion(entidad.minem.gob.pe.MedidaMitigacionBE), Línea: 30] - ORA-12170: TNS:Connect timeout occurred
12/03/2020 06:48:27 p.m.: [Método: Void WinIOError(Int32, System.String), Línea: 0] - No se puede encontrar una parte de la ruta de acceso 'C:\inetpub\wwwroot\mrv-minem\Archivos\Sustentatorios\bd327c0e-64e0-48cf-ac36-fdad53c2c647.xlsx'.
12/03/2020 06:48:27 p.m.: [Método: Void Init(System.String, System.IO.FileMode, System.IO.FileAccess, Int32, Boolean, System.IO.FileShare, Int32, System.IO.FileOptions, SECURITY_ATTRIBUTES, System.String, Boolean, Boolean, Boolean), Línea: 0] - No se puede encontrar una parte de la ruta de acceso 'C:\inetpub\wwwroot\mrv-minem\Archivos\Sustentatorios\bd327c0e-64e0-48cf-ac36-fdad53c2c647.xlsx'.
12/03/2020 06:48:27 p.m.: [Método: Void .ctor(System.String, System.IO.FileMode, System.IO.FileAccess, System.IO.FileShare, Int32, System.IO.FileOptions, System.String, Boolean), Línea: 0] - No se puede encontrar una parte de la ruta de acceso 'C:\inetpub\wwwroot\mrv-minem\Archivos\Sustentatorios\bd327c0e-64e0-48cf-ac36-fdad53c2c647.xlsx'.
12/03/2020 06:48:27 p.m.: [Método: Void .ctor(System.String, System.IO.FileMode), Línea: 0] - No se puede encontrar una parte de la ruta de acceso 'C:\inetpub\wwwroot\mrv-minem\Archivos\Sustentatorios\bd327c0e-64e0-48cf-ac36-fdad53c2c647.xlsx'.
12/03/2020 06:48:27 p.m.: [Método: Void SaveAs(System.String), Línea: 0] - No se puede encontrar una parte de la ruta de acceso 'C:\inetpub\wwwroot\mrv-minem\Archivos\Sustentatorios\bd327c0e-64e0-48cf-ac36-fdad53c2c647.xlsx'.
12/03/2020 06:48:27 p.m.: [Método: Void SaveAs(System.String), Línea: 0] - No se puede encontrar una parte de la ruta de acceso 'C:\inetpub\wwwroot\mrv-minem\Archivos\Sustentatorios\bd327c0e-64e0-48cf-ac36-fdad53c2c647.xlsx'.
12/03/2020 06:48:27 p.m.: [Método: System.Web.Mvc.JsonResult RegistrarDetalleIndicador(System.Web.HttpPostedFileBase[], System.Web.HttpPostedFileBase[], entidad.minem.gob.pe.IniciativaBE), Línea: 770] - No se puede encontrar una parte de la ruta de acceso 'C:\inetpub\wwwroot\mrv-minem\Archivos\Sustentatorios\bd327c0e-64e0-48cf-ac36-fdad53c2c647.xlsx'.
12/03/2020 08:23:26 p.m.: [Método: System.Collections.Generic.List`1[entidad.minem.gob.pe.FactorBE] ListarFactoresVerificar(System.String), Línea: 805] - Referencia a objeto no establecida como instancia de un objeto.
12/03/2020 08:25:29 p.m.: [Método: System.Collections.Generic.List`1[entidad.minem.gob.pe.FactorBE] ListarFactoresVerificar(System.String), Línea: 805] - Referencia a objeto no establecida como instancia de un objeto.
12/03/2020 08:27:07 p.m.: [Método: System.Collections.Generic.List`1[entidad.minem.gob.pe.FactorBE] ListarFactoresVerificar(System.String), Línea: 805] - Referencia a objeto no establecida como instancia de un objeto.
12/03/2020 08:27:42 p.m.: [Método: System.Collections.Generic.List`1[entidad.minem.gob.pe.FactorBE] ListarFactoresVerificar(System.String), Línea: 805] - Referencia a objeto no establecida como instancia de un objeto.
12/03/2020 08:27:50 p.m.: [Método: System.Collections.Generic.List`1[entidad.minem.gob.pe.FactorBE] ListarFactoresVerificar(System.String), Línea: 805] - Referencia a objeto no establecida como instancia de un objeto.
