09/11/2020 18:49:02: [Método: Void WinIOError(Int32, System.String), Línea: 0] - El proceso no puede obtener acceso al archivo 'C:\Users\Pc\Desktop\GIT MRV NEW\back-end\Web Dinamico 2\MRVMinem\Archivos\Temp\510-2-c66001c9-b105-44fe-8968-78e319f04d14.PDF' porque está siendo utilizado en otro proceso.
09/11/2020 18:49:02: [Método: Void Init(System.String, System.IO.FileMode, System.IO.FileAccess, Int32, Boolean, System.IO.FileShare, Int32, System.IO.FileOptions, SECURITY_ATTRIBUTES, System.String, Boolean, Boolean, Boolean), Línea: 0] - El proceso no puede obtener acceso al archivo 'C:\Users\Pc\Desktop\GIT MRV NEW\back-end\Web Dinamico 2\MRVMinem\Archivos\Temp\510-2-c66001c9-b105-44fe-8968-78e319f04d14.PDF' porque está siendo utilizado en otro proceso.
09/11/2020 18:49:02: [Método: Void .ctor(System.String, System.IO.FileMode, System.IO.FileAccess, System.IO.FileShare, Int32, System.IO.FileOptions, System.String, Boolean, Boolean, Boolean), Línea: 0] - El proceso no puede obtener acceso al archivo 'C:\Users\Pc\Desktop\GIT MRV NEW\back-end\Web Dinamico 2\MRVMinem\Archivos\Temp\510-2-c66001c9-b105-44fe-8968-78e319f04d14.PDF' porque está siendo utilizado en otro proceso.
09/11/2020 18:49:02: [Método: Byte[] InternalReadAllBytes(System.String, Boolean), Línea: 0] - El proceso no puede obtener acceso al archivo 'C:\Users\Pc\Desktop\GIT MRV NEW\back-end\Web Dinamico 2\MRVMinem\Archivos\Temp\510-2-c66001c9-b105-44fe-8968-78e319f04d14.PDF' porque está siendo utilizado en otro proceso.
09/11/2020 18:49:02: [Método: Byte[] ReadAllBytes(System.String), Línea: 0] - El proceso no puede obtener acceso al archivo 'C:\Users\Pc\Desktop\GIT MRV NEW\back-end\Web Dinamico 2\MRVMinem\Archivos\Temp\510-2-c66001c9-b105-44fe-8968-78e319f04d14.PDF' porque está siendo utilizado en otro proceso.
09/11/2020 18:49:02: [Método: System.Web.Mvc.ActionResult FileDownload(Int32, Int32, System.String), Línea: 3356] - El proceso no puede obtener acceso al archivo 'C:\Users\Pc\Desktop\GIT MRV NEW\back-end\Web Dinamico 2\MRVMinem\Archivos\Temp\510-2-c66001c9-b105-44fe-8968-78e319f04d14.PDF' porque está siendo utilizado en otro proceso.
09/11/2020 18:49:02: [Método: System.Object lambda_method(System.Runtime.CompilerServices.Closure, System.Web.Mvc.ControllerBase, System.Object[]), Línea: 0] - El proceso no puede obtener acceso al archivo 'C:\Users\Pc\Desktop\GIT MRV NEW\back-end\Web Dinamico 2\MRVMinem\Archivos\Temp\510-2-c66001c9-b105-44fe-8968-78e319f04d14.PDF' porque está siendo utilizado en otro proceso.
09/11/2020 18:49:02: [Método: System.Object Execute(System.Web.Mvc.ControllerBase, System.Object[]), Línea: 0] - El proceso no puede obtener acceso al archivo 'C:\Users\Pc\Desktop\GIT MRV NEW\back-end\Web Dinamico 2\MRVMinem\Archivos\Temp\510-2-c66001c9-b105-44fe-8968-78e319f04d14.PDF' porque está siendo utilizado en otro proceso.
09/11/2020 18:49:02: [Método: System.Object Execute(System.Web.Mvc.ControllerContext, System.Collections.Generic.IDictionary`2[System.String,System.Object]), Línea: 0] - El proceso no puede obtener acceso al archivo 'C:\Users\Pc\Desktop\GIT MRV NEW\back-end\Web Dinamico 2\MRVMinem\Archivos\Temp\510-2-c66001c9-b105-44fe-8968-78e319f04d14.PDF' porque está siendo utilizado en otro proceso.
09/11/2020 18:49:02: [Método: System.Web.Mvc.ActionResult InvokeActionMethod(System.Web.Mvc.ControllerContext, System.Web.Mvc.ActionDescriptor, System.Collections.Generic.IDictionary`2[System.String,System.Object]), Línea: 0] - El proceso no puede obtener acceso al archivo 'C:\Users\Pc\Desktop\GIT MRV NEW\back-end\Web Dinamico 2\MRVMinem\Archivos\Temp\510-2-c66001c9-b105-44fe-8968-78e319f04d14.PDF' porque está siendo utilizado en otro proceso.
09/11/2020 18:49:02: [Método: System.Web.Mvc.ActionResult <BeginInvokeSynchronousActionMethod>b__39(System.IAsyncResult, ActionInvocation), Línea: 0] - El proceso no puede obtener acceso al archivo 'C:\Users\Pc\Desktop\GIT MRV NEW\back-end\Web Dinamico 2\MRVMinem\Archivos\Temp\510-2-c66001c9-b105-44fe-8968-78e319f04d14.PDF' porque está siendo utilizado en otro proceso.
09/11/2020 18:49:02: [Método: TResult CallEndDelegate(System.IAsyncResult), Línea: 0] - El proceso no puede obtener acceso al archivo 'C:\Users\Pc\Desktop\GIT MRV NEW\back-end\Web Dinamico 2\MRVMinem\Archivos\Temp\510-2-c66001c9-b105-44fe-8968-78e319f04d14.PDF' porque está siendo utilizado en otro proceso.
09/11/2020 18:49:02: [Método: TResult End(), Línea: 0] - El proceso no puede obtener acceso al archivo 'C:\Users\Pc\Desktop\GIT MRV NEW\back-end\Web Dinamico 2\MRVMinem\Archivos\Temp\510-2-c66001c9-b105-44fe-8968-78e319f04d14.PDF' porque está siendo utilizado en otro proceso.
09/11/2020 18:49:02: [Método: System.Web.Mvc.ActionResult EndInvokeActionMethod(System.IAsyncResult), Línea: 0] - El proceso no puede obtener acceso al archivo 'C:\Users\Pc\Desktop\GIT MRV NEW\back-end\Web Dinamico 2\MRVMinem\Archivos\Temp\510-2-c66001c9-b105-44fe-8968-78e319f04d14.PDF' porque está siendo utilizado en otro proceso.
09/11/2020 18:49:02: [Método: System.Web.Mvc.ActionExecutedContext <InvokeActionMethodFilterAsynchronouslyRecursive>b__3d(), Línea: 0] - El proceso no puede obtener acceso al archivo 'C:\Users\Pc\Desktop\GIT MRV NEW\back-end\Web Dinamico 2\MRVMinem\Archivos\Temp\510-2-c66001c9-b105-44fe-8968-78e319f04d14.PDF' porque está siendo utilizado en otro proceso.
09/11/2020 18:49:02: [Método: System.Web.Mvc.ActionExecutedContext <InvokeActionMethodFilterAsynchronouslyRecursive>b__3f(), Línea: 0] - El proceso no puede obtener acceso al archivo 'C:\Users\Pc\Desktop\GIT MRV NEW\back-end\Web Dinamico 2\MRVMinem\Archivos\Temp\510-2-c66001c9-b105-44fe-8968-78e319f04d14.PDF' porque está siendo utilizado en otro proceso.
09/11/2020 18:49:02: [Método: System.Web.Mvc.ActionExecutedContext <InvokeActionMethodFilterAsynchronouslyRecursive>b__3f(), Línea: 0] - El proceso no puede obtener acceso al archivo 'C:\Users\Pc\Desktop\GIT MRV NEW\back-end\Web Dinamico 2\MRVMinem\Archivos\Temp\510-2-c66001c9-b105-44fe-8968-78e319f04d14.PDF' porque está siendo utilizado en otro proceso.
09/11/2020 18:49:02: [Método: System.Web.Mvc.ActionExecutedContext <BeginInvokeActionMethodWithFilters>b__32(System.IAsyncResult), Línea: 0] - El proceso no puede obtener acceso al archivo 'C:\Users\Pc\Desktop\GIT MRV NEW\back-end\Web Dinamico 2\MRVMinem\Archivos\Temp\510-2-c66001c9-b105-44fe-8968-78e319f04d14.PDF' porque está siendo utilizado en otro proceso.
09/11/2020 18:49:02: [Método: TResult CallEndDelegate(System.IAsyncResult), Línea: 0] - El proceso no puede obtener acceso al archivo 'C:\Users\Pc\Desktop\GIT MRV NEW\back-end\Web Dinamico 2\MRVMinem\Archivos\Temp\510-2-c66001c9-b105-44fe-8968-78e319f04d14.PDF' porque está siendo utilizado en otro proceso.
09/11/2020 18:49:02: [Método: TResult End(), Línea: 0] - El proceso no puede obtener acceso al archivo 'C:\Users\Pc\Desktop\GIT MRV NEW\back-end\Web Dinamico 2\MRVMinem\Archivos\Temp\510-2-c66001c9-b105-44fe-8968-78e319f04d14.PDF' porque está siendo utilizado en otro proceso.
09/11/2020 18:49:02: [Método: System.Web.Mvc.ActionExecutedContext EndInvokeActionMethodWithFilters(System.IAsyncResult), Línea: 0] - El proceso no puede obtener acceso al archivo 'C:\Users\Pc\Desktop\GIT MRV NEW\back-end\Web Dinamico 2\MRVMinem\Archivos\Temp\510-2-c66001c9-b105-44fe-8968-78e319f04d14.PDF' porque está siendo utilizado en otro proceso.
09/11/2020 18:49:02: [Método: Void <BeginInvokeAction>b__1c(), Línea: 0] - El proceso no puede obtener acceso al archivo 'C:\Users\Pc\Desktop\GIT MRV NEW\back-end\Web Dinamico 2\MRVMinem\Archivos\Temp\510-2-c66001c9-b105-44fe-8968-78e319f04d14.PDF' porque está siendo utilizado en otro proceso.
09/11/2020 18:49:02: [Método: Boolean <BeginInvokeAction>b__1e(System.IAsyncResult), Línea: 0] - El proceso no puede obtener acceso al archivo 'C:\Users\Pc\Desktop\GIT MRV NEW\back-end\Web Dinamico 2\MRVMinem\Archivos\Temp\510-2-c66001c9-b105-44fe-8968-78e319f04d14.PDF' porque está siendo utilizado en otro proceso.
09/11/2020 18:49:02: [Método: TResult CallEndDelegate(System.IAsyncResult), Línea: 0] - El proceso no puede obtener acceso al archivo 'C:\Users\Pc\Desktop\GIT MRV NEW\back-end\Web Dinamico 2\MRVMinem\Archivos\Temp\510-2-c66001c9-b105-44fe-8968-78e319f04d14.PDF' porque está siendo utilizado en otro proceso.
09/11/2020 18:49:02: [Método: TResult End(), Línea: 0] - El proceso no puede obtener acceso al archivo 'C:\Users\Pc\Desktop\GIT MRV NEW\back-end\Web Dinamico 2\MRVMinem\Archivos\Temp\510-2-c66001c9-b105-44fe-8968-78e319f04d14.PDF' porque está siendo utilizado en otro proceso.
09/11/2020 18:49:02: [Método: Boolean EndInvokeAction(System.IAsyncResult), Línea: 0] - El proceso no puede obtener acceso al archivo 'C:\Users\Pc\Desktop\GIT MRV NEW\back-end\Web Dinamico 2\MRVMinem\Archivos\Temp\510-2-c66001c9-b105-44fe-8968-78e319f04d14.PDF' porque está siendo utilizado en otro proceso.
09/11/2020 18:49:02: [Método: Void <BeginExecuteCore>b__1d(System.IAsyncResult, ExecuteCoreState), Línea: 0] - El proceso no puede obtener acceso al archivo 'C:\Users\Pc\Desktop\GIT MRV NEW\back-end\Web Dinamico 2\MRVMinem\Archivos\Temp\510-2-c66001c9-b105-44fe-8968-78e319f04d14.PDF' porque está siendo utilizado en otro proceso.
09/11/2020 18:49:02: [Método: System.Web.Mvc.Async.AsyncVoid CallEndDelegate(System.IAsyncResult), Línea: 0] - El proceso no puede obtener acceso al archivo 'C:\Users\Pc\Desktop\GIT MRV NEW\back-end\Web Dinamico 2\MRVMinem\Archivos\Temp\510-2-c66001c9-b105-44fe-8968-78e319f04d14.PDF' porque está siendo utilizado en otro proceso.
09/11/2020 18:49:02: [Método: TResult End(), Línea: 0] - El proceso no puede obtener acceso al archivo 'C:\Users\Pc\Desktop\GIT MRV NEW\back-end\Web Dinamico 2\MRVMinem\Archivos\Temp\510-2-c66001c9-b105-44fe-8968-78e319f04d14.PDF' porque está siendo utilizado en otro proceso.
09/11/2020 18:49:02: [Método: Void EndExecuteCore(System.IAsyncResult), Línea: 0] - El proceso no puede obtener acceso al archivo 'C:\Users\Pc\Desktop\GIT MRV NEW\back-end\Web Dinamico 2\MRVMinem\Archivos\Temp\510-2-c66001c9-b105-44fe-8968-78e319f04d14.PDF' porque está siendo utilizado en otro proceso.
09/11/2020 18:49:02: [Método: Void <BeginExecute>b__15(System.IAsyncResult, System.Web.Mvc.Controller), Línea: 0] - El proceso no puede obtener acceso al archivo 'C:\Users\Pc\Desktop\GIT MRV NEW\back-end\Web Dinamico 2\MRVMinem\Archivos\Temp\510-2-c66001c9-b105-44fe-8968-78e319f04d14.PDF' porque está siendo utilizado en otro proceso.
09/11/2020 18:49:02: [Método: System.Web.Mvc.Async.AsyncVoid CallEndDelegate(System.IAsyncResult), Línea: 0] - El proceso no puede obtener acceso al archivo 'C:\Users\Pc\Desktop\GIT MRV NEW\back-end\Web Dinamico 2\MRVMinem\Archivos\Temp\510-2-c66001c9-b105-44fe-8968-78e319f04d14.PDF' porque está siendo utilizado en otro proceso.
09/11/2020 18:49:02: [Método: TResult End(), Línea: 0] - El proceso no puede obtener acceso al archivo 'C:\Users\Pc\Desktop\GIT MRV NEW\back-end\Web Dinamico 2\MRVMinem\Archivos\Temp\510-2-c66001c9-b105-44fe-8968-78e319f04d14.PDF' porque está siendo utilizado en otro proceso.
09/11/2020 18:49:02: [Método: Void EndExecute(System.IAsyncResult), Línea: 0] - El proceso no puede obtener acceso al archivo 'C:\Users\Pc\Desktop\GIT MRV NEW\back-end\Web Dinamico 2\MRVMinem\Archivos\Temp\510-2-c66001c9-b105-44fe-8968-78e319f04d14.PDF' porque está siendo utilizado en otro proceso.
09/11/2020 18:49:02: [Método: Void System.Web.Mvc.Async.IAsyncController.EndExecute(System.IAsyncResult), Línea: 0] - El proceso no puede obtener acceso al archivo 'C:\Users\Pc\Desktop\GIT MRV NEW\back-end\Web Dinamico 2\MRVMinem\Archivos\Temp\510-2-c66001c9-b105-44fe-8968-78e319f04d14.PDF' porque está siendo utilizado en otro proceso.
09/11/2020 18:49:02: [Método: Void <BeginProcessRequest>b__5(System.IAsyncResult, ProcessRequestState), Línea: 0] - El proceso no puede obtener acceso al archivo 'C:\Users\Pc\Desktop\GIT MRV NEW\back-end\Web Dinamico 2\MRVMinem\Archivos\Temp\510-2-c66001c9-b105-44fe-8968-78e319f04d14.PDF' porque está siendo utilizado en otro proceso.
09/11/2020 18:49:02: [Método: System.Web.Mvc.Async.AsyncVoid CallEndDelegate(System.IAsyncResult), Línea: 0] - El proceso no puede obtener acceso al archivo 'C:\Users\Pc\Desktop\GIT MRV NEW\back-end\Web Dinamico 2\MRVMinem\Archivos\Temp\510-2-c66001c9-b105-44fe-8968-78e319f04d14.PDF' porque está siendo utilizado en otro proceso.
09/11/2020 18:49:02: [Método: TResult End(), Línea: 0] - El proceso no puede obtener acceso al archivo 'C:\Users\Pc\Desktop\GIT MRV NEW\back-end\Web Dinamico 2\MRVMinem\Archivos\Temp\510-2-c66001c9-b105-44fe-8968-78e319f04d14.PDF' porque está siendo utilizado en otro proceso.
09/11/2020 18:49:02: [Método: Void EndProcessRequest(System.IAsyncResult), Línea: 0] - El proceso no puede obtener acceso al archivo 'C:\Users\Pc\Desktop\GIT MRV NEW\back-end\Web Dinamico 2\MRVMinem\Archivos\Temp\510-2-c66001c9-b105-44fe-8968-78e319f04d14.PDF' porque está siendo utilizado en otro proceso.
09/11/2020 18:49:02: [Método: Void System.Web.IHttpAsyncHandler.EndProcessRequest(System.IAsyncResult), Línea: 0] - El proceso no puede obtener acceso al archivo 'C:\Users\Pc\Desktop\GIT MRV NEW\back-end\Web Dinamico 2\MRVMinem\Archivos\Temp\510-2-c66001c9-b105-44fe-8968-78e319f04d14.PDF' porque está siendo utilizado en otro proceso.
09/11/2020 18:49:02: [Método: Void System.Web.HttpApplication.IExecutionStep.Execute(), Línea: 0] - El proceso no puede obtener acceso al archivo 'C:\Users\Pc\Desktop\GIT MRV NEW\back-end\Web Dinamico 2\MRVMinem\Archivos\Temp\510-2-c66001c9-b105-44fe-8968-78e319f04d14.PDF' porque está siendo utilizado en otro proceso.
09/11/2020 18:49:02: [Método: Void ExecuteStepImpl(IExecutionStep), Línea: 0] - El proceso no puede obtener acceso al archivo 'C:\Users\Pc\Desktop\GIT MRV NEW\back-end\Web Dinamico 2\MRVMinem\Archivos\Temp\510-2-c66001c9-b105-44fe-8968-78e319f04d14.PDF' porque está siendo utilizado en otro proceso.
09/11/2020 18:49:02: [Método: System.Exception ExecuteStep(IExecutionStep, Boolean ByRef), Línea: 0] - El proceso no puede obtener acceso al archivo 'C:\Users\Pc\Desktop\GIT MRV NEW\back-end\Web Dinamico 2\MRVMinem\Archivos\Temp\510-2-c66001c9-b105-44fe-8968-78e319f04d14.PDF' porque está siendo utilizado en otro proceso.
09/11/2020 22:30:42: [Método: Void HandleUnknownAction(System.String), Línea: 0] - No se encuentra un método de acción público 'OrdenarFile' en el controlador 'MRVMinem.Controllers.GestionController'.
09/11/2020 22:30:42: [Método: Void <BeginExecuteCore>b__1d(System.IAsyncResult, ExecuteCoreState), Línea: 0] - No se encuentra un método de acción público 'OrdenarFile' en el controlador 'MRVMinem.Controllers.GestionController'.
09/11/2020 22:30:42: [Método: System.Web.Mvc.Async.AsyncVoid CallEndDelegate(System.IAsyncResult), Línea: 0] - No se encuentra un método de acción público 'OrdenarFile' en el controlador 'MRVMinem.Controllers.GestionController'.
09/11/2020 22:30:42: [Método: TResult End(), Línea: 0] - No se encuentra un método de acción público 'OrdenarFile' en el controlador 'MRVMinem.Controllers.GestionController'.
09/11/2020 22:30:42: [Método: Void EndExecuteCore(System.IAsyncResult), Línea: 0] - No se encuentra un método de acción público 'OrdenarFile' en el controlador 'MRVMinem.Controllers.GestionController'.
09/11/2020 22:30:42: [Método: Void <BeginExecute>b__15(System.IAsyncResult, System.Web.Mvc.Controller), Línea: 0] - No se encuentra un método de acción público 'OrdenarFile' en el controlador 'MRVMinem.Controllers.GestionController'.
09/11/2020 22:30:42: [Método: System.Web.Mvc.Async.AsyncVoid CallEndDelegate(System.IAsyncResult), Línea: 0] - No se encuentra un método de acción público 'OrdenarFile' en el controlador 'MRVMinem.Controllers.GestionController'.
09/11/2020 22:30:42: [Método: TResult End(), Línea: 0] - No se encuentra un método de acción público 'OrdenarFile' en el controlador 'MRVMinem.Controllers.GestionController'.
09/11/2020 22:30:42: [Método: Void EndExecute(System.IAsyncResult), Línea: 0] - No se encuentra un método de acción público 'OrdenarFile' en el controlador 'MRVMinem.Controllers.GestionController'.
09/11/2020 22:30:42: [Método: Void System.Web.Mvc.Async.IAsyncController.EndExecute(System.IAsyncResult), Línea: 0] - No se encuentra un método de acción público 'OrdenarFile' en el controlador 'MRVMinem.Controllers.GestionController'.
09/11/2020 22:30:42: [Método: Void <BeginProcessRequest>b__5(System.IAsyncResult, ProcessRequestState), Línea: 0] - No se encuentra un método de acción público 'OrdenarFile' en el controlador 'MRVMinem.Controllers.GestionController'.
09/11/2020 22:30:42: [Método: System.Web.Mvc.Async.AsyncVoid CallEndDelegate(System.IAsyncResult), Línea: 0] - No se encuentra un método de acción público 'OrdenarFile' en el controlador 'MRVMinem.Controllers.GestionController'.
09/11/2020 22:30:42: [Método: TResult End(), Línea: 0] - No se encuentra un método de acción público 'OrdenarFile' en el controlador 'MRVMinem.Controllers.GestionController'.
09/11/2020 22:30:42: [Método: Void EndProcessRequest(System.IAsyncResult), Línea: 0] - No se encuentra un método de acción público 'OrdenarFile' en el controlador 'MRVMinem.Controllers.GestionController'.
09/11/2020 22:30:42: [Método: Void System.Web.IHttpAsyncHandler.EndProcessRequest(System.IAsyncResult), Línea: 0] - No se encuentra un método de acción público 'OrdenarFile' en el controlador 'MRVMinem.Controllers.GestionController'.
09/11/2020 22:30:42: [Método: Void System.Web.HttpApplication.IExecutionStep.Execute(), Línea: 0] - No se encuentra un método de acción público 'OrdenarFile' en el controlador 'MRVMinem.Controllers.GestionController'.
09/11/2020 22:30:42: [Método: Void ExecuteStepImpl(IExecutionStep), Línea: 0] - No se encuentra un método de acción público 'OrdenarFile' en el controlador 'MRVMinem.Controllers.GestionController'.
09/11/2020 22:30:42: [Método: System.Exception ExecuteStep(IExecutionStep, Boolean ByRef), Línea: 0] - No se encuentra un método de acción público 'OrdenarFile' en el controlador 'MRVMinem.Controllers.GestionController'.
09/11/2020 22:35:25: [Método: Void HandleUnknownAction(System.String), Línea: 0] - No se encuentra un método de acción público 'OrdenarFile' en el controlador 'MRVMinem.Controllers.GestionController'.
09/11/2020 22:35:25: [Método: Void <BeginExecuteCore>b__1d(System.IAsyncResult, ExecuteCoreState), Línea: 0] - No se encuentra un método de acción público 'OrdenarFile' en el controlador 'MRVMinem.Controllers.GestionController'.
09/11/2020 22:35:25: [Método: System.Web.Mvc.Async.AsyncVoid CallEndDelegate(System.IAsyncResult), Línea: 0] - No se encuentra un método de acción público 'OrdenarFile' en el controlador 'MRVMinem.Controllers.GestionController'.
09/11/2020 22:35:25: [Método: TResult End(), Línea: 0] - No se encuentra un método de acción público 'OrdenarFile' en el controlador 'MRVMinem.Controllers.GestionController'.
09/11/2020 22:35:25: [Método: Void EndExecuteCore(System.IAsyncResult), Línea: 0] - No se encuentra un método de acción público 'OrdenarFile' en el controlador 'MRVMinem.Controllers.GestionController'.
09/11/2020 22:35:25: [Método: Void <BeginExecute>b__15(System.IAsyncResult, System.Web.Mvc.Controller), Línea: 0] - No se encuentra un método de acción público 'OrdenarFile' en el controlador 'MRVMinem.Controllers.GestionController'.
09/11/2020 22:35:25: [Método: System.Web.Mvc.Async.AsyncVoid CallEndDelegate(System.IAsyncResult), Línea: 0] - No se encuentra un método de acción público 'OrdenarFile' en el controlador 'MRVMinem.Controllers.GestionController'.
09/11/2020 22:35:25: [Método: TResult End(), Línea: 0] - No se encuentra un método de acción público 'OrdenarFile' en el controlador 'MRVMinem.Controllers.GestionController'.
09/11/2020 22:35:25: [Método: Void EndExecute(System.IAsyncResult), Línea: 0] - No se encuentra un método de acción público 'OrdenarFile' en el controlador 'MRVMinem.Controllers.GestionController'.
09/11/2020 22:35:25: [Método: Void System.Web.Mvc.Async.IAsyncController.EndExecute(System.IAsyncResult), Línea: 0] - No se encuentra un método de acción público 'OrdenarFile' en el controlador 'MRVMinem.Controllers.GestionController'.
09/11/2020 22:35:25: [Método: Void <BeginProcessRequest>b__5(System.IAsyncResult, ProcessRequestState), Línea: 0] - No se encuentra un método de acción público 'OrdenarFile' en el controlador 'MRVMinem.Controllers.GestionController'.
09/11/2020 22:35:25: [Método: System.Web.Mvc.Async.AsyncVoid CallEndDelegate(System.IAsyncResult), Línea: 0] - No se encuentra un método de acción público 'OrdenarFile' en el controlador 'MRVMinem.Controllers.GestionController'.
09/11/2020 22:35:25: [Método: TResult End(), Línea: 0] - No se encuentra un método de acción público 'OrdenarFile' en el controlador 'MRVMinem.Controllers.GestionController'.
09/11/2020 22:35:25: [Método: Void EndProcessRequest(System.IAsyncResult), Línea: 0] - No se encuentra un método de acción público 'OrdenarFile' en el controlador 'MRVMinem.Controllers.GestionController'.
09/11/2020 22:35:25: [Método: Void System.Web.IHttpAsyncHandler.EndProcessRequest(System.IAsyncResult), Línea: 0] - No se encuentra un método de acción público 'OrdenarFile' en el controlador 'MRVMinem.Controllers.GestionController'.
09/11/2020 22:35:25: [Método: Void System.Web.HttpApplication.IExecutionStep.Execute(), Línea: 0] - No se encuentra un método de acción público 'OrdenarFile' en el controlador 'MRVMinem.Controllers.GestionController'.
09/11/2020 22:35:25: [Método: Void ExecuteStepImpl(IExecutionStep), Línea: 0] - No se encuentra un método de acción público 'OrdenarFile' en el controlador 'MRVMinem.Controllers.GestionController'.
09/11/2020 22:35:25: [Método: System.Exception ExecuteStep(IExecutionStep, Boolean ByRef), Línea: 0] - No se encuentra un método de acción público 'OrdenarFile' en el controlador 'MRVMinem.Controllers.GestionController'.
09/11/2020 22:35:31: [Método: Void HandleUnknownAction(System.String), Línea: 0] - No se encuentra un método de acción público 'OrdenarFile' en el controlador 'MRVMinem.Controllers.GestionController'.
09/11/2020 22:35:31: [Método: Void <BeginExecuteCore>b__1d(System.IAsyncResult, ExecuteCoreState), Línea: 0] - No se encuentra un método de acción público 'OrdenarFile' en el controlador 'MRVMinem.Controllers.GestionController'.
09/11/2020 22:35:31: [Método: System.Web.Mvc.Async.AsyncVoid CallEndDelegate(System.IAsyncResult), Línea: 0] - No se encuentra un método de acción público 'OrdenarFile' en el controlador 'MRVMinem.Controllers.GestionController'.
09/11/2020 22:35:31: [Método: TResult End(), Línea: 0] - No se encuentra un método de acción público 'OrdenarFile' en el controlador 'MRVMinem.Controllers.GestionController'.
09/11/2020 22:35:31: [Método: Void EndExecuteCore(System.IAsyncResult), Línea: 0] - No se encuentra un método de acción público 'OrdenarFile' en el controlador 'MRVMinem.Controllers.GestionController'.
09/11/2020 22:35:31: [Método: Void <BeginExecute>b__15(System.IAsyncResult, System.Web.Mvc.Controller), Línea: 0] - No se encuentra un método de acción público 'OrdenarFile' en el controlador 'MRVMinem.Controllers.GestionController'.
09/11/2020 22:35:31: [Método: System.Web.Mvc.Async.AsyncVoid CallEndDelegate(System.IAsyncResult), Línea: 0] - No se encuentra un método de acción público 'OrdenarFile' en el controlador 'MRVMinem.Controllers.GestionController'.
09/11/2020 22:35:31: [Método: TResult End(), Línea: 0] - No se encuentra un método de acción público 'OrdenarFile' en el controlador 'MRVMinem.Controllers.GestionController'.
09/11/2020 22:35:31: [Método: Void EndExecute(System.IAsyncResult), Línea: 0] - No se encuentra un método de acción público 'OrdenarFile' en el controlador 'MRVMinem.Controllers.GestionController'.
09/11/2020 22:35:31: [Método: Void System.Web.Mvc.Async.IAsyncController.EndExecute(System.IAsyncResult), Línea: 0] - No se encuentra un método de acción público 'OrdenarFile' en el controlador 'MRVMinem.Controllers.GestionController'.
09/11/2020 22:35:31: [Método: Void <BeginProcessRequest>b__5(System.IAsyncResult, ProcessRequestState), Línea: 0] - No se encuentra un método de acción público 'OrdenarFile' en el controlador 'MRVMinem.Controllers.GestionController'.
09/11/2020 22:35:31: [Método: System.Web.Mvc.Async.AsyncVoid CallEndDelegate(System.IAsyncResult), Línea: 0] - No se encuentra un método de acción público 'OrdenarFile' en el controlador 'MRVMinem.Controllers.GestionController'.
09/11/2020 22:35:31: [Método: TResult End(), Línea: 0] - No se encuentra un método de acción público 'OrdenarFile' en el controlador 'MRVMinem.Controllers.GestionController'.
09/11/2020 22:35:31: [Método: Void EndProcessRequest(System.IAsyncResult), Línea: 0] - No se encuentra un método de acción público 'OrdenarFile' en el controlador 'MRVMinem.Controllers.GestionController'.
09/11/2020 22:35:31: [Método: Void System.Web.IHttpAsyncHandler.EndProcessRequest(System.IAsyncResult), Línea: 0] - No se encuentra un método de acción público 'OrdenarFile' en el controlador 'MRVMinem.Controllers.GestionController'.
09/11/2020 22:35:31: [Método: Void System.Web.HttpApplication.IExecutionStep.Execute(), Línea: 0] - No se encuentra un método de acción público 'OrdenarFile' en el controlador 'MRVMinem.Controllers.GestionController'.
09/11/2020 22:35:31: [Método: Void ExecuteStepImpl(IExecutionStep), Línea: 0] - No se encuentra un método de acción público 'OrdenarFile' en el controlador 'MRVMinem.Controllers.GestionController'.
09/11/2020 22:35:31: [Método: System.Exception ExecuteStep(IExecutionStep, Boolean ByRef), Línea: 0] - No se encuentra un método de acción público 'OrdenarFile' en el controlador 'MRVMinem.Controllers.GestionController'.
