19/11/2020 15:09:55: [Método: Void WinIOError(Int32, System.String), Línea: 0] - No se puede encontrar una parte de la ruta de acceso 'C:\Users\Dell\Desktop\Web Dinamico 2\MRVMinem\Archivos\Sustentatorios\1ff87fd7-efcd-4fe0-96c9-62541a34d16d.txt'.
19/11/2020 15:09:55: [Método: Void Init(System.String, System.IO.FileMode, System.IO.FileAccess, Int32, Boolean, System.IO.FileShare, Int32, System.IO.FileOptions, SECURITY_ATTRIBUTES, System.String, Boolean, Boolean, Boolean), Línea: 0] - No se puede encontrar una parte de la ruta de acceso 'C:\Users\Dell\Desktop\Web Dinamico 2\MRVMinem\Archivos\Sustentatorios\1ff87fd7-efcd-4fe0-96c9-62541a34d16d.txt'.
19/11/2020 15:09:55: [Método: Void .ctor(System.String, System.IO.FileMode, System.IO.FileAccess, System.IO.FileShare, Int32, System.IO.FileOptions, System.String, Boolean), Línea: 0] - No se puede encontrar una parte de la ruta de acceso 'C:\Users\Dell\Desktop\Web Dinamico 2\MRVMinem\Archivos\Sustentatorios\1ff87fd7-efcd-4fe0-96c9-62541a34d16d.txt'.
19/11/2020 15:09:55: [Método: Void .ctor(System.String, System.IO.FileMode), Línea: 0] - No se puede encontrar una parte de la ruta de acceso 'C:\Users\Dell\Desktop\Web Dinamico 2\MRVMinem\Archivos\Sustentatorios\1ff87fd7-efcd-4fe0-96c9-62541a34d16d.txt'.
19/11/2020 15:09:55: [Método: Void SaveAs(System.String), Línea: 0] - No se puede encontrar una parte de la ruta de acceso 'C:\Users\Dell\Desktop\Web Dinamico 2\MRVMinem\Archivos\Sustentatorios\1ff87fd7-efcd-4fe0-96c9-62541a34d16d.txt'.
19/11/2020 15:09:55: [Método: Void SaveAs(System.String), Línea: 0] - No se puede encontrar una parte de la ruta de acceso 'C:\Users\Dell\Desktop\Web Dinamico 2\MRVMinem\Archivos\Sustentatorios\1ff87fd7-efcd-4fe0-96c9-62541a34d16d.txt'.
19/11/2020 15:09:55: [Método: System.Web.Mvc.JsonResult RegistrarDetalleIndicador(System.Web.HttpPostedFileBase[], System.Web.HttpPostedFileBase[], entidad.minem.gob.pe.IniciativaBE), Línea: 984] - No se puede encontrar una parte de la ruta de acceso 'C:\Users\Dell\Desktop\Web Dinamico 2\MRVMinem\Archivos\Sustentatorios\1ff87fd7-efcd-4fe0-96c9-62541a34d16d.txt'.
19/11/2020 16:28:56: [Método: Void HandleErrorHelper(Int32, Oracle.DataAccess.Client.OracleConnection, IntPtr, Oracle.DataAccess.Client.OpoSqlValCtx*, System.Object, System.String, Boolean, Int32, Oracle.DataAccess.Client.OracleLogicalTransaction), Línea: 0] - ORA-00911: carácter no válido
ORA-06512: en "MRVMM_P.PKG_MRV_REPORTES", línea 275
ORA-06512: en "MRVMM_P.PKG_MRV_REPORTES", línea 275
ORA-06512: en "MRVMM_P.PKG_MRV_REPORTES", línea 53
ORA-06512: en "MRVMM_P.PKG_MRV_REPORTES", línea 53
ORA-06512: en línea 1
19/11/2020 16:28:56: [Método: Void HandleError(Int32, Oracle.DataAccess.Client.OracleConnection, System.String, IntPtr, Oracle.DataAccess.Client.OpoSqlValCtx*, System.Object, Boolean, Oracle.DataAccess.Client.OracleLogicalTransaction), Línea: 0] - ORA-00911: carácter no válido
ORA-06512: en "MRVMM_P.PKG_MRV_REPORTES", línea 275
ORA-06512: en "MRVMM_P.PKG_MRV_REPORTES", línea 275
ORA-06512: en "MRVMM_P.PKG_MRV_REPORTES", línea 53
ORA-06512: en "MRVMM_P.PKG_MRV_REPORTES", línea 53
ORA-06512: en línea 1
19/11/2020 16:28:56: [Método: Int32 ExecuteNonQuery(), Línea: 0] - ORA-00911: carácter no válido
ORA-06512: en "MRVMM_P.PKG_MRV_REPORTES", línea 275
ORA-06512: en "MRVMM_P.PKG_MRV_REPORTES", línea 275
ORA-06512: en "MRVMM_P.PKG_MRV_REPORTES", línea 53
ORA-06512: en "MRVMM_P.PKG_MRV_REPORTES", línea 53
ORA-06512: en línea 1
19/11/2020 16:28:56: [Método: Int32 ExecuteCommand(System.Data.IDbConnection, Dapper.CommandDefinition ByRef, System.Action`2[System.Data.IDbCommand,System.Object]), Línea: 0] - ORA-00911: carácter no válido
ORA-06512: en "MRVMM_P.PKG_MRV_REPORTES", línea 275
ORA-06512: en "MRVMM_P.PKG_MRV_REPORTES", línea 275
ORA-06512: en "MRVMM_P.PKG_MRV_REPORTES", línea 53
ORA-06512: en "MRVMM_P.PKG_MRV_REPORTES", línea 53
ORA-06512: en línea 1
19/11/2020 16:28:56: [Método: Int32 ExecuteImpl(System.Data.IDbConnection, Dapper.CommandDefinition ByRef), Línea: 0] - ORA-00911: carácter no válido
ORA-06512: en "MRVMM_P.PKG_MRV_REPORTES", línea 275
ORA-06512: en "MRVMM_P.PKG_MRV_REPORTES", línea 275
ORA-06512: en "MRVMM_P.PKG_MRV_REPORTES", línea 53
ORA-06512: en "MRVMM_P.PKG_MRV_REPORTES", línea 53
ORA-06512: en línea 1
19/11/2020 16:28:56: [Método: Int32 Execute(System.Data.IDbConnection, System.String, System.Object, System.Data.IDbTransaction, System.Nullable`1[System.Int32], System.Nullable`1[System.Data.CommandType]), Línea: 0] - ORA-00911: carácter no válido
ORA-06512: en "MRVMM_P.PKG_MRV_REPORTES", línea 275
ORA-06512: en "MRVMM_P.PKG_MRV_REPORTES", línea 275
ORA-06512: en "MRVMM_P.PKG_MRV_REPORTES", línea 53
ORA-06512: en "MRVMM_P.PKG_MRV_REPORTES", línea 53
ORA-06512: en línea 1
19/11/2020 16:28:56: [Método: Boolean RecalcularValores(), Línea: 2798] - ORA-00911: carácter no válido
ORA-06512: en "MRVMM_P.PKG_MRV_REPORTES", línea 275
ORA-06512: en "MRVMM_P.PKG_MRV_REPORTES", línea 275
ORA-06512: en "MRVMM_P.PKG_MRV_REPORTES", línea 53
ORA-06512: en "MRVMM_P.PKG_MRV_REPORTES", línea 53
ORA-06512: en línea 1
19/11/2020 16:31:18: [Método: Void HandleErrorHelper(Int32, Oracle.DataAccess.Client.OracleConnection, IntPtr, Oracle.DataAccess.Client.OpoSqlValCtx*, System.Object, System.String, Boolean, Int32, Oracle.DataAccess.Client.OracleLogicalTransaction), Línea: 0] - ORA-06502: PL/SQL: error : error de conversión de carácter a número numérico o de valor
ORA-06512: en "MRVMM_P.PKG_MRV_REPORTES", línea 255
ORA-06512: en "MRVMM_P.PKG_MRV_REPORTES", línea 255
ORA-06512: en "MRVMM_P.PKG_MRV_REPORTES", línea 39
ORA-06512: en "MRVMM_P.PKG_MRV_REPORTES", línea 39
ORA-06512: en línea 1
19/11/2020 16:31:18: [Método: Void HandleError(Int32, Oracle.DataAccess.Client.OracleConnection, System.String, IntPtr, Oracle.DataAccess.Client.OpoSqlValCtx*, System.Object, Boolean, Oracle.DataAccess.Client.OracleLogicalTransaction), Línea: 0] - ORA-06502: PL/SQL: error : error de conversión de carácter a número numérico o de valor
ORA-06512: en "MRVMM_P.PKG_MRV_REPORTES", línea 255
ORA-06512: en "MRVMM_P.PKG_MRV_REPORTES", línea 255
ORA-06512: en "MRVMM_P.PKG_MRV_REPORTES", línea 39
ORA-06512: en "MRVMM_P.PKG_MRV_REPORTES", línea 39
ORA-06512: en línea 1
19/11/2020 16:31:18: [Método: Int32 ExecuteNonQuery(), Línea: 0] - ORA-06502: PL/SQL: error : error de conversión de carácter a número numérico o de valor
ORA-06512: en "MRVMM_P.PKG_MRV_REPORTES", línea 255
ORA-06512: en "MRVMM_P.PKG_MRV_REPORTES", línea 255
ORA-06512: en "MRVMM_P.PKG_MRV_REPORTES", línea 39
ORA-06512: en "MRVMM_P.PKG_MRV_REPORTES", línea 39
ORA-06512: en línea 1
19/11/2020 16:31:18: [Método: Int32 ExecuteCommand(System.Data.IDbConnection, Dapper.CommandDefinition ByRef, System.Action`2[System.Data.IDbCommand,System.Object]), Línea: 0] - ORA-06502: PL/SQL: error : error de conversión de carácter a número numérico o de valor
ORA-06512: en "MRVMM_P.PKG_MRV_REPORTES", línea 255
ORA-06512: en "MRVMM_P.PKG_MRV_REPORTES", línea 255
ORA-06512: en "MRVMM_P.PKG_MRV_REPORTES", línea 39
ORA-06512: en "MRVMM_P.PKG_MRV_REPORTES", línea 39
ORA-06512: en línea 1
19/11/2020 16:31:18: [Método: Int32 ExecuteImpl(System.Data.IDbConnection, Dapper.CommandDefinition ByRef), Línea: 0] - ORA-06502: PL/SQL: error : error de conversión de carácter a número numérico o de valor
ORA-06512: en "MRVMM_P.PKG_MRV_REPORTES", línea 255
ORA-06512: en "MRVMM_P.PKG_MRV_REPORTES", línea 255
ORA-06512: en "MRVMM_P.PKG_MRV_REPORTES", línea 39
ORA-06512: en "MRVMM_P.PKG_MRV_REPORTES", línea 39
ORA-06512: en línea 1
19/11/2020 16:31:18: [Método: Int32 Execute(System.Data.IDbConnection, System.String, System.Object, System.Data.IDbTransaction, System.Nullable`1[System.Int32], System.Nullable`1[System.Data.CommandType]), Línea: 0] - ORA-06502: PL/SQL: error : error de conversión de carácter a número numérico o de valor
ORA-06512: en "MRVMM_P.PKG_MRV_REPORTES", línea 255
ORA-06512: en "MRVMM_P.PKG_MRV_REPORTES", línea 255
ORA-06512: en "MRVMM_P.PKG_MRV_REPORTES", línea 39
ORA-06512: en "MRVMM_P.PKG_MRV_REPORTES", línea 39
ORA-06512: en línea 1
19/11/2020 16:31:18: [Método: Boolean RecalcularValores(), Línea: 2798] - ORA-06502: PL/SQL: error : error de conversión de carácter a número numérico o de valor
ORA-06512: en "MRVMM_P.PKG_MRV_REPORTES", línea 255
ORA-06512: en "MRVMM_P.PKG_MRV_REPORTES", línea 255
ORA-06512: en "MRVMM_P.PKG_MRV_REPORTES", línea 39
ORA-06512: en "MRVMM_P.PKG_MRV_REPORTES", línea 39
ORA-06512: en línea 1
19/11/2020 16:48:47: [Método: Void HandleErrorHelper(Int32, Oracle.DataAccess.Client.OracleConnection, IntPtr, Oracle.DataAccess.Client.OpoSqlValCtx*, System.Object, System.String, Boolean, Int32, Oracle.DataAccess.Client.OracleLogicalTransaction), Línea: 0] - ORA-00911: carácter no válido
ORA-06512: en "MRVMM_P.PKG_MRV_REPORTES", línea 275
ORA-06512: en "MRVMM_P.PKG_MRV_REPORTES", línea 275
ORA-06512: en "MRVMM_P.PKG_MRV_REPORTES", línea 53
ORA-06512: en "MRVMM_P.PKG_MRV_REPORTES", línea 53
ORA-06512: en línea 1
19/11/2020 16:48:47: [Método: Void HandleError(Int32, Oracle.DataAccess.Client.OracleConnection, System.String, IntPtr, Oracle.DataAccess.Client.OpoSqlValCtx*, System.Object, Boolean, Oracle.DataAccess.Client.OracleLogicalTransaction), Línea: 0] - ORA-00911: carácter no válido
ORA-06512: en "MRVMM_P.PKG_MRV_REPORTES", línea 275
ORA-06512: en "MRVMM_P.PKG_MRV_REPORTES", línea 275
ORA-06512: en "MRVMM_P.PKG_MRV_REPORTES", línea 53
ORA-06512: en "MRVMM_P.PKG_MRV_REPORTES", línea 53
ORA-06512: en línea 1
19/11/2020 16:48:47: [Método: Int32 ExecuteNonQuery(), Línea: 0] - ORA-00911: carácter no válido
ORA-06512: en "MRVMM_P.PKG_MRV_REPORTES", línea 275
ORA-06512: en "MRVMM_P.PKG_MRV_REPORTES", línea 275
ORA-06512: en "MRVMM_P.PKG_MRV_REPORTES", línea 53
ORA-06512: en "MRVMM_P.PKG_MRV_REPORTES", línea 53
ORA-06512: en línea 1
19/11/2020 16:48:47: [Método: Int32 ExecuteCommand(System.Data.IDbConnection, Dapper.CommandDefinition ByRef, System.Action`2[System.Data.IDbCommand,System.Object]), Línea: 0] - ORA-00911: carácter no válido
ORA-06512: en "MRVMM_P.PKG_MRV_REPORTES", línea 275
ORA-06512: en "MRVMM_P.PKG_MRV_REPORTES", línea 275
ORA-06512: en "MRVMM_P.PKG_MRV_REPORTES", línea 53
ORA-06512: en "MRVMM_P.PKG_MRV_REPORTES", línea 53
ORA-06512: en línea 1
19/11/2020 16:48:47: [Método: Int32 ExecuteImpl(System.Data.IDbConnection, Dapper.CommandDefinition ByRef), Línea: 0] - ORA-00911: carácter no válido
ORA-06512: en "MRVMM_P.PKG_MRV_REPORTES", línea 275
ORA-06512: en "MRVMM_P.PKG_MRV_REPORTES", línea 275
ORA-06512: en "MRVMM_P.PKG_MRV_REPORTES", línea 53
ORA-06512: en "MRVMM_P.PKG_MRV_REPORTES", línea 53
ORA-06512: en línea 1
19/11/2020 16:48:47: [Método: Int32 Execute(System.Data.IDbConnection, System.String, System.Object, System.Data.IDbTransaction, System.Nullable`1[System.Int32], System.Nullable`1[System.Data.CommandType]), Línea: 0] - ORA-00911: carácter no válido
ORA-06512: en "MRVMM_P.PKG_MRV_REPORTES", línea 275
ORA-06512: en "MRVMM_P.PKG_MRV_REPORTES", línea 275
ORA-06512: en "MRVMM_P.PKG_MRV_REPORTES", línea 53
ORA-06512: en "MRVMM_P.PKG_MRV_REPORTES", línea 53
ORA-06512: en línea 1
19/11/2020 16:48:47: [Método: Boolean RecalcularValores(), Línea: 2798] - ORA-00911: carácter no válido
ORA-06512: en "MRVMM_P.PKG_MRV_REPORTES", línea 275
ORA-06512: en "MRVMM_P.PKG_MRV_REPORTES", línea 275
ORA-06512: en "MRVMM_P.PKG_MRV_REPORTES", línea 53
ORA-06512: en "MRVMM_P.PKG_MRV_REPORTES", línea 53
ORA-06512: en línea 1
