16/11/2020 00:45:46: [Método: Void HandleErrorHelper(Int32, Oracle.DataAccess.Client.OracleConnection, IntPtr, Oracle.DataAccess.Client.OpoSqlValCtx*, System.Object, System.String, Boolean, Int32, Oracle.DataAccess.Client.OracleLogicalTransaction), Línea: 0] - ORA-00936: falta una expresión
ORA-06512: en "MRVMM_P.PKG_MRV_DETALLE_INDICADORES", línea 1338
ORA-06512: en línea 1
16/11/2020 00:45:46: [Método: Void HandleError(Int32, Oracle.DataAccess.Client.OracleConnection, System.String, IntPtr, Oracle.DataAccess.Client.OpoSqlValCtx*, System.Object, Boolean, Oracle.DataAccess.Client.OracleLogicalTransaction), Línea: 0] - ORA-00936: falta una expresión
ORA-06512: en "MRVMM_P.PKG_MRV_DETALLE_INDICADORES", línea 1338
ORA-06512: en línea 1
16/11/2020 00:45:46: [Método: Oracle.DataAccess.Client.OracleDataReader ExecuteReader(Boolean, Boolean, System.Data.CommandBehavior), Línea: 0] - ORA-00936: falta una expresión
ORA-06512: en "MRVMM_P.PKG_MRV_DETALLE_INDICADORES", línea 1338
ORA-06512: en línea 1
16/11/2020 00:45:46: [Método: System.Data.Common.DbDataReader ExecuteDbDataReader(System.Data.CommandBehavior), Línea: 0] - ORA-00936: falta una expresión
ORA-06512: en "MRVMM_P.PKG_MRV_DETALLE_INDICADORES", línea 1338
ORA-06512: en línea 1
16/11/2020 00:45:46: [Método: System.Data.IDataReader System.Data.IDbCommand.ExecuteReader(System.Data.CommandBehavior), Línea: 0] - ORA-00936: falta una expresión
ORA-06512: en "MRVMM_P.PKG_MRV_DETALLE_INDICADORES", línea 1338
ORA-06512: en línea 1
16/11/2020 00:45:46: [Método: System.Data.IDataReader ExecuteReaderWithFlagsFallback(System.Data.IDbCommand, Boolean, System.Data.CommandBehavior), Línea: 0] - ORA-00936: falta una expresión
ORA-06512: en "MRVMM_P.PKG_MRV_DETALLE_INDICADORES", línea 1338
ORA-06512: en línea 1
16/11/2020 00:45:46: [Método: Boolean MoveNext(), Línea: 0] - ORA-00936: falta una expresión
ORA-06512: en "MRVMM_P.PKG_MRV_DETALLE_INDICADORES", línea 1338
ORA-06512: en línea 1
16/11/2020 00:45:46: [Método: Void .ctor(System.Collections.Generic.IEnumerable`1[T]), Línea: 0] - ORA-00936: falta una expresión
ORA-06512: en "MRVMM_P.PKG_MRV_DETALLE_INDICADORES", línea 1338
ORA-06512: en línea 1
16/11/2020 00:45:46: [Método: System.Collections.Generic.List`1[TSource] ToList[TSource](System.Collections.Generic.IEnumerable`1[TSource]), Línea: 0] - ORA-00936: falta una expresión
ORA-06512: en "MRVMM_P.PKG_MRV_DETALLE_INDICADORES", línea 1338
ORA-06512: en línea 1
16/11/2020 00:45:46: [Método: System.Collections.Generic.IEnumerable`1[T] Query[T](System.Data.IDbConnection, System.String, System.Object, System.Data.IDbTransaction, Boolean, System.Nullable`1[System.Int32], System.Nullable`1[System.Data.CommandType]), Línea: 0] - ORA-00936: falta una expresión
ORA-06512: en "MRVMM_P.PKG_MRV_DETALLE_INDICADORES", línea 1338
ORA-06512: en línea 1
16/11/2020 00:45:46: [Método: System.Collections.Generic.List`1[entidad.minem.gob.pe.IndicadorDataBE] ListarDatosIndicadorData(entidad.minem.gob.pe.IndicadorDataBE), Línea: 872] - ORA-00936: falta una expresión
ORA-06512: en "MRVMM_P.PKG_MRV_DETALLE_INDICADORES", línea 1338
ORA-06512: en línea 1
16/11/2020 00:48:50: [Método: Void HandleErrorHelper(Int32, Oracle.DataAccess.Client.OracleConnection, IntPtr, Oracle.DataAccess.Client.OpoSqlValCtx*, System.Object, System.String, Boolean, Int32, Oracle.DataAccess.Client.OracleLogicalTransaction), Línea: 0] - ORA-00936: falta una expresión
ORA-06512: en "MRVMM_P.PKG_MRV_DETALLE_INDICADORES", línea 1338
ORA-06512: en línea 1
16/11/2020 00:48:50: [Método: Void HandleError(Int32, Oracle.DataAccess.Client.OracleConnection, System.String, IntPtr, Oracle.DataAccess.Client.OpoSqlValCtx*, System.Object, Boolean, Oracle.DataAccess.Client.OracleLogicalTransaction), Línea: 0] - ORA-00936: falta una expresión
ORA-06512: en "MRVMM_P.PKG_MRV_DETALLE_INDICADORES", línea 1338
ORA-06512: en línea 1
16/11/2020 00:48:50: [Método: Oracle.DataAccess.Client.OracleDataReader ExecuteReader(Boolean, Boolean, System.Data.CommandBehavior), Línea: 0] - ORA-00936: falta una expresión
ORA-06512: en "MRVMM_P.PKG_MRV_DETALLE_INDICADORES", línea 1338
ORA-06512: en línea 1
16/11/2020 00:48:50: [Método: System.Data.Common.DbDataReader ExecuteDbDataReader(System.Data.CommandBehavior), Línea: 0] - ORA-00936: falta una expresión
ORA-06512: en "MRVMM_P.PKG_MRV_DETALLE_INDICADORES", línea 1338
ORA-06512: en línea 1
16/11/2020 00:48:50: [Método: System.Data.IDataReader System.Data.IDbCommand.ExecuteReader(System.Data.CommandBehavior), Línea: 0] - ORA-00936: falta una expresión
ORA-06512: en "MRVMM_P.PKG_MRV_DETALLE_INDICADORES", línea 1338
ORA-06512: en línea 1
16/11/2020 00:48:50: [Método: System.Data.IDataReader ExecuteReaderWithFlagsFallback(System.Data.IDbCommand, Boolean, System.Data.CommandBehavior), Línea: 0] - ORA-00936: falta una expresión
ORA-06512: en "MRVMM_P.PKG_MRV_DETALLE_INDICADORES", línea 1338
ORA-06512: en línea 1
16/11/2020 00:48:50: [Método: Boolean MoveNext(), Línea: 0] - ORA-00936: falta una expresión
ORA-06512: en "MRVMM_P.PKG_MRV_DETALLE_INDICADORES", línea 1338
ORA-06512: en línea 1
16/11/2020 00:48:50: [Método: Void .ctor(System.Collections.Generic.IEnumerable`1[T]), Línea: 0] - ORA-00936: falta una expresión
ORA-06512: en "MRVMM_P.PKG_MRV_DETALLE_INDICADORES", línea 1338
ORA-06512: en línea 1
16/11/2020 00:48:50: [Método: System.Collections.Generic.List`1[TSource] ToList[TSource](System.Collections.Generic.IEnumerable`1[TSource]), Línea: 0] - ORA-00936: falta una expresión
ORA-06512: en "MRVMM_P.PKG_MRV_DETALLE_INDICADORES", línea 1338
ORA-06512: en línea 1
16/11/2020 00:48:50: [Método: System.Collections.Generic.IEnumerable`1[T] Query[T](System.Data.IDbConnection, System.String, System.Object, System.Data.IDbTransaction, Boolean, System.Nullable`1[System.Int32], System.Nullable`1[System.Data.CommandType]), Línea: 0] - ORA-00936: falta una expresión
ORA-06512: en "MRVMM_P.PKG_MRV_DETALLE_INDICADORES", línea 1338
ORA-06512: en línea 1
16/11/2020 00:48:50: [Método: System.Collections.Generic.List`1[entidad.minem.gob.pe.IndicadorDataBE] ListarDatosIndicadorData(entidad.minem.gob.pe.IndicadorDataBE), Línea: 872] - ORA-00936: falta una expresión
ORA-06512: en "MRVMM_P.PKG_MRV_DETALLE_INDICADORES", línea 1338
ORA-06512: en línea 1
16/11/2020 00:55:57: [Método: Void HandleErrorHelper(Int32, Oracle.DataAccess.Client.OracleConnection, IntPtr, Oracle.DataAccess.Client.OpoSqlValCtx*, System.Object, System.String, Boolean, Int32, Oracle.DataAccess.Client.OracleLogicalTransaction), Línea: 0] - ORA-00936: falta una expresión
ORA-06512: en "MRVMM_P.PKG_MRV_DETALLE_INDICADORES", línea 1338
ORA-06512: en línea 1
16/11/2020 00:55:57: [Método: Void HandleError(Int32, Oracle.DataAccess.Client.OracleConnection, System.String, IntPtr, Oracle.DataAccess.Client.OpoSqlValCtx*, System.Object, Boolean, Oracle.DataAccess.Client.OracleLogicalTransaction), Línea: 0] - ORA-00936: falta una expresión
ORA-06512: en "MRVMM_P.PKG_MRV_DETALLE_INDICADORES", línea 1338
ORA-06512: en línea 1
16/11/2020 00:55:57: [Método: Oracle.DataAccess.Client.OracleDataReader ExecuteReader(Boolean, Boolean, System.Data.CommandBehavior), Línea: 0] - ORA-00936: falta una expresión
ORA-06512: en "MRVMM_P.PKG_MRV_DETALLE_INDICADORES", línea 1338
ORA-06512: en línea 1
16/11/2020 00:55:57: [Método: System.Data.Common.DbDataReader ExecuteDbDataReader(System.Data.CommandBehavior), Línea: 0] - ORA-00936: falta una expresión
ORA-06512: en "MRVMM_P.PKG_MRV_DETALLE_INDICADORES", línea 1338
ORA-06512: en línea 1
16/11/2020 00:55:57: [Método: System.Data.IDataReader System.Data.IDbCommand.ExecuteReader(System.Data.CommandBehavior), Línea: 0] - ORA-00936: falta una expresión
ORA-06512: en "MRVMM_P.PKG_MRV_DETALLE_INDICADORES", línea 1338
ORA-06512: en línea 1
16/11/2020 00:55:57: [Método: System.Data.IDataReader ExecuteReaderWithFlagsFallback(System.Data.IDbCommand, Boolean, System.Data.CommandBehavior), Línea: 0] - ORA-00936: falta una expresión
ORA-06512: en "MRVMM_P.PKG_MRV_DETALLE_INDICADORES", línea 1338
ORA-06512: en línea 1
16/11/2020 00:55:57: [Método: Boolean MoveNext(), Línea: 0] - ORA-00936: falta una expresión
ORA-06512: en "MRVMM_P.PKG_MRV_DETALLE_INDICADORES", línea 1338
ORA-06512: en línea 1
16/11/2020 00:55:57: [Método: Void .ctor(System.Collections.Generic.IEnumerable`1[T]), Línea: 0] - ORA-00936: falta una expresión
ORA-06512: en "MRVMM_P.PKG_MRV_DETALLE_INDICADORES", línea 1338
ORA-06512: en línea 1
16/11/2020 00:55:57: [Método: System.Collections.Generic.List`1[TSource] ToList[TSource](System.Collections.Generic.IEnumerable`1[TSource]), Línea: 0] - ORA-00936: falta una expresión
ORA-06512: en "MRVMM_P.PKG_MRV_DETALLE_INDICADORES", línea 1338
ORA-06512: en línea 1
16/11/2020 00:55:57: [Método: System.Collections.Generic.IEnumerable`1[T] Query[T](System.Data.IDbConnection, System.String, System.Object, System.Data.IDbTransaction, Boolean, System.Nullable`1[System.Int32], System.Nullable`1[System.Data.CommandType]), Línea: 0] - ORA-00936: falta una expresión
ORA-06512: en "MRVMM_P.PKG_MRV_DETALLE_INDICADORES", línea 1338
ORA-06512: en línea 1
16/11/2020 00:55:57: [Método: System.Collections.Generic.List`1[entidad.minem.gob.pe.IndicadorDataBE] ListarDatosIndicadorData(entidad.minem.gob.pe.IndicadorDataBE), Línea: 872] - ORA-00936: falta una expresión
ORA-06512: en "MRVMM_P.PKG_MRV_DETALLE_INDICADORES", línea 1338
ORA-06512: en línea 1
16/11/2020 01:04:14: [Método: Void HandleErrorHelper(Int32, Oracle.DataAccess.Client.OracleConnection, IntPtr, Oracle.DataAccess.Client.OpoSqlValCtx*, System.Object, System.String, Boolean, Int32, Oracle.DataAccess.Client.OracleLogicalTransaction), Línea: 0] - ORA-00936: falta una expresión
ORA-06512: en "MRVMM_P.PKG_MRV_DETALLE_INDICADORES", línea 1338
ORA-06512: en línea 1
16/11/2020 01:04:14: [Método: Void HandleError(Int32, Oracle.DataAccess.Client.OracleConnection, System.String, IntPtr, Oracle.DataAccess.Client.OpoSqlValCtx*, System.Object, Boolean, Oracle.DataAccess.Client.OracleLogicalTransaction), Línea: 0] - ORA-00936: falta una expresión
ORA-06512: en "MRVMM_P.PKG_MRV_DETALLE_INDICADORES", línea 1338
ORA-06512: en línea 1
16/11/2020 01:04:14: [Método: Oracle.DataAccess.Client.OracleDataReader ExecuteReader(Boolean, Boolean, System.Data.CommandBehavior), Línea: 0] - ORA-00936: falta una expresión
ORA-06512: en "MRVMM_P.PKG_MRV_DETALLE_INDICADORES", línea 1338
ORA-06512: en línea 1
16/11/2020 01:04:14: [Método: System.Data.Common.DbDataReader ExecuteDbDataReader(System.Data.CommandBehavior), Línea: 0] - ORA-00936: falta una expresión
ORA-06512: en "MRVMM_P.PKG_MRV_DETALLE_INDICADORES", línea 1338
ORA-06512: en línea 1
16/11/2020 01:04:14: [Método: System.Data.IDataReader System.Data.IDbCommand.ExecuteReader(System.Data.CommandBehavior), Línea: 0] - ORA-00936: falta una expresión
ORA-06512: en "MRVMM_P.PKG_MRV_DETALLE_INDICADORES", línea 1338
ORA-06512: en línea 1
16/11/2020 01:04:14: [Método: System.Data.IDataReader ExecuteReaderWithFlagsFallback(System.Data.IDbCommand, Boolean, System.Data.CommandBehavior), Línea: 0] - ORA-00936: falta una expresión
ORA-06512: en "MRVMM_P.PKG_MRV_DETALLE_INDICADORES", línea 1338
ORA-06512: en línea 1
16/11/2020 01:04:14: [Método: Boolean MoveNext(), Línea: 0] - ORA-00936: falta una expresión
ORA-06512: en "MRVMM_P.PKG_MRV_DETALLE_INDICADORES", línea 1338
ORA-06512: en línea 1
16/11/2020 01:04:14: [Método: Void .ctor(System.Collections.Generic.IEnumerable`1[T]), Línea: 0] - ORA-00936: falta una expresión
ORA-06512: en "MRVMM_P.PKG_MRV_DETALLE_INDICADORES", línea 1338
ORA-06512: en línea 1
16/11/2020 01:04:14: [Método: System.Collections.Generic.List`1[TSource] ToList[TSource](System.Collections.Generic.IEnumerable`1[TSource]), Línea: 0] - ORA-00936: falta una expresión
ORA-06512: en "MRVMM_P.PKG_MRV_DETALLE_INDICADORES", línea 1338
ORA-06512: en línea 1
16/11/2020 01:04:14: [Método: System.Collections.Generic.IEnumerable`1[T] Query[T](System.Data.IDbConnection, System.String, System.Object, System.Data.IDbTransaction, Boolean, System.Nullable`1[System.Int32], System.Nullable`1[System.Data.CommandType]), Línea: 0] - ORA-00936: falta una expresión
ORA-06512: en "MRVMM_P.PKG_MRV_DETALLE_INDICADORES", línea 1338
ORA-06512: en línea 1
16/11/2020 01:04:14: [Método: System.Collections.Generic.List`1[entidad.minem.gob.pe.IndicadorDataBE] ListarDatosIndicadorData(entidad.minem.gob.pe.IndicadorDataBE), Línea: 872] - ORA-00936: falta una expresión
ORA-06512: en "MRVMM_P.PKG_MRV_DETALLE_INDICADORES", línea 1338
ORA-06512: en línea 1
16/11/2020 01:18:09: [Método: Void HandleErrorHelper(Int32, Oracle.DataAccess.Client.OracleConnection, IntPtr, Oracle.DataAccess.Client.OpoSqlValCtx*, System.Object, System.String, Boolean, Int32, Oracle.DataAccess.Client.OracleLogicalTransaction), Línea: 0] - ORA-00936: falta una expresión
ORA-06512: en "MRVMM_P.PKG_MRV_DETALLE_INDICADORES", línea 1338
ORA-06512: en línea 1
16/11/2020 01:18:09: [Método: Void HandleError(Int32, Oracle.DataAccess.Client.OracleConnection, System.String, IntPtr, Oracle.DataAccess.Client.OpoSqlValCtx*, System.Object, Boolean, Oracle.DataAccess.Client.OracleLogicalTransaction), Línea: 0] - ORA-00936: falta una expresión
ORA-06512: en "MRVMM_P.PKG_MRV_DETALLE_INDICADORES", línea 1338
ORA-06512: en línea 1
16/11/2020 01:18:09: [Método: Oracle.DataAccess.Client.OracleDataReader ExecuteReader(Boolean, Boolean, System.Data.CommandBehavior), Línea: 0] - ORA-00936: falta una expresión
ORA-06512: en "MRVMM_P.PKG_MRV_DETALLE_INDICADORES", línea 1338
ORA-06512: en línea 1
16/11/2020 01:18:09: [Método: System.Data.Common.DbDataReader ExecuteDbDataReader(System.Data.CommandBehavior), Línea: 0] - ORA-00936: falta una expresión
ORA-06512: en "MRVMM_P.PKG_MRV_DETALLE_INDICADORES", línea 1338
ORA-06512: en línea 1
16/11/2020 01:18:09: [Método: System.Data.IDataReader System.Data.IDbCommand.ExecuteReader(System.Data.CommandBehavior), Línea: 0] - ORA-00936: falta una expresión
ORA-06512: en "MRVMM_P.PKG_MRV_DETALLE_INDICADORES", línea 1338
ORA-06512: en línea 1
16/11/2020 01:18:09: [Método: System.Data.IDataReader ExecuteReaderWithFlagsFallback(System.Data.IDbCommand, Boolean, System.Data.CommandBehavior), Línea: 0] - ORA-00936: falta una expresión
ORA-06512: en "MRVMM_P.PKG_MRV_DETALLE_INDICADORES", línea 1338
ORA-06512: en línea 1
16/11/2020 01:18:09: [Método: Boolean MoveNext(), Línea: 0] - ORA-00936: falta una expresión
ORA-06512: en "MRVMM_P.PKG_MRV_DETALLE_INDICADORES", línea 1338
ORA-06512: en línea 1
16/11/2020 01:18:09: [Método: Void .ctor(System.Collections.Generic.IEnumerable`1[T]), Línea: 0] - ORA-00936: falta una expresión
ORA-06512: en "MRVMM_P.PKG_MRV_DETALLE_INDICADORES", línea 1338
ORA-06512: en línea 1
16/11/2020 01:18:09: [Método: System.Collections.Generic.List`1[TSource] ToList[TSource](System.Collections.Generic.IEnumerable`1[TSource]), Línea: 0] - ORA-00936: falta una expresión
ORA-06512: en "MRVMM_P.PKG_MRV_DETALLE_INDICADORES", línea 1338
ORA-06512: en línea 1
16/11/2020 01:18:09: [Método: System.Collections.Generic.IEnumerable`1[T] Query[T](System.Data.IDbConnection, System.String, System.Object, System.Data.IDbTransaction, Boolean, System.Nullable`1[System.Int32], System.Nullable`1[System.Data.CommandType]), Línea: 0] - ORA-00936: falta una expresión
ORA-06512: en "MRVMM_P.PKG_MRV_DETALLE_INDICADORES", línea 1338
ORA-06512: en línea 1
16/11/2020 01:18:09: [Método: System.Collections.Generic.List`1[entidad.minem.gob.pe.IndicadorDataBE] ListarDatosIndicadorData(entidad.minem.gob.pe.IndicadorDataBE), Línea: 872] - ORA-00936: falta una expresión
ORA-06512: en "MRVMM_P.PKG_MRV_DETALLE_INDICADORES", línea 1338
ORA-06512: en línea 1
