18/11/2020 10:46:12: [Método: Void HandleErrorHelper(Int32, Oracle.DataAccess.Client.OracleConnection, IntPtr, Oracle.DataAccess.Client.OpoSqlValCtx*, System.Object, System.String, Boolean, Int32, Oracle.DataAccess.Client.OracleLogicalTransaction), Línea: 0] - ORA-06550: línea 1, columna 7:
PLS-00201: el identificador 'MRVMM_P.PKG_MRV_INICIATIVA_MITIGACION' se debe declarar
ORA-06550: línea 1, columna 7:
PL/SQL: Statement ignored
18/11/2020 10:46:12: [Método: Void HandleError(Int32, Oracle.DataAccess.Client.OracleConnection, System.String, IntPtr, Oracle.DataAccess.Client.OpoSqlValCtx*, System.Object, Boolean, Oracle.DataAccess.Client.OracleLogicalTransaction), Línea: 0] - ORA-06550: línea 1, columna 7:
PLS-00201: el identificador 'MRVMM_P.PKG_MRV_INICIATIVA_MITIGACION' se debe declarar
ORA-06550: línea 1, columna 7:
PL/SQL: Statement ignored
18/11/2020 10:46:12: [Método: Oracle.DataAccess.Client.OracleDataReader ExecuteReader(Boolean, Boolean, System.Data.CommandBehavior), Línea: 0] - ORA-06550: línea 1, columna 7:
PLS-00201: el identificador 'MRVMM_P.PKG_MRV_INICIATIVA_MITIGACION' se debe declarar
ORA-06550: línea 1, columna 7:
PL/SQL: Statement ignored
18/11/2020 10:46:12: [Método: System.Data.Common.DbDataReader ExecuteDbDataReader(System.Data.CommandBehavior), Línea: 0] - ORA-06550: línea 1, columna 7:
PLS-00201: el identificador 'MRVMM_P.PKG_MRV_INICIATIVA_MITIGACION' se debe declarar
ORA-06550: línea 1, columna 7:
PL/SQL: Statement ignored
18/11/2020 10:46:12: [Método: System.Data.IDataReader System.Data.IDbCommand.ExecuteReader(System.Data.CommandBehavior), Línea: 0] - ORA-06550: línea 1, columna 7:
PLS-00201: el identificador 'MRVMM_P.PKG_MRV_INICIATIVA_MITIGACION' se debe declarar
ORA-06550: línea 1, columna 7:
PL/SQL: Statement ignored
18/11/2020 10:46:12: [Método: System.Data.IDataReader ExecuteReaderWithFlagsFallback(System.Data.IDbCommand, Boolean, System.Data.CommandBehavior), Línea: 0] - ORA-06550: línea 1, columna 7:
PLS-00201: el identificador 'MRVMM_P.PKG_MRV_INICIATIVA_MITIGACION' se debe declarar
ORA-06550: línea 1, columna 7:
PL/SQL: Statement ignored
18/11/2020 10:46:12: [Método: Boolean MoveNext(), Línea: 0] - ORA-06550: línea 1, columna 7:
PLS-00201: el identificador 'MRVMM_P.PKG_MRV_INICIATIVA_MITIGACION' se debe declarar
ORA-06550: línea 1, columna 7:
PL/SQL: Statement ignored
18/11/2020 10:46:12: [Método: Void .ctor(System.Collections.Generic.IEnumerable`1[T]), Línea: 0] - ORA-06550: línea 1, columna 7:
PLS-00201: el identificador 'MRVMM_P.PKG_MRV_INICIATIVA_MITIGACION' se debe declarar
ORA-06550: línea 1, columna 7:
PL/SQL: Statement ignored
18/11/2020 10:46:12: [Método: System.Collections.Generic.List`1[TSource] ToList[TSource](System.Collections.Generic.IEnumerable`1[TSource]), Línea: 0] - ORA-06550: línea 1, columna 7:
PLS-00201: el identificador 'MRVMM_P.PKG_MRV_INICIATIVA_MITIGACION' se debe declarar
ORA-06550: línea 1, columna 7:
PL/SQL: Statement ignored
18/11/2020 10:46:12: [Método: System.Collections.Generic.IEnumerable`1[T] Query[T](System.Data.IDbConnection, System.String, System.Object, System.Data.IDbTransaction, Boolean, System.Nullable`1[System.Int32], System.Nullable`1[System.Data.CommandType]), Línea: 0] - ORA-06550: línea 1, columna 7:
PLS-00201: el identificador 'MRVMM_P.PKG_MRV_INICIATIVA_MITIGACION' se debe declarar
ORA-06550: línea 1, columna 7:
PL/SQL: Statement ignored
18/11/2020 10:46:12: [Método: System.Collections.Generic.List`1[entidad.minem.gob.pe.MedidaMitigacionBE] ListarMedidaMitigacion(entidad.minem.gob.pe.MedidaMitigacionBE), Línea: 30] - ORA-06550: línea 1, columna 7:
PLS-00201: el identificador 'MRVMM_P.PKG_MRV_INICIATIVA_MITIGACION' se debe declarar
ORA-06550: línea 1, columna 7:
PL/SQL: Statement ignored
18/11/2020 10:46:15: [Método: Void HandleErrorHelper(Int32, Oracle.DataAccess.Client.OracleConnection, IntPtr, Oracle.DataAccess.Client.OpoSqlValCtx*, System.Object, System.String, Boolean, Int32, Oracle.DataAccess.Client.OracleLogicalTransaction), Línea: 0] - ORA-06550: línea 1, columna 7:
PLS-00201: el identificador 'MRVMM_P.PKG_MRV_REPORTES' se debe declarar
ORA-06550: línea 1, columna 7:
PL/SQL: Statement ignored
18/11/2020 10:46:15: [Método: Void HandleError(Int32, Oracle.DataAccess.Client.OracleConnection, System.String, IntPtr, Oracle.DataAccess.Client.OpoSqlValCtx*, System.Object, Boolean, Oracle.DataAccess.Client.OracleLogicalTransaction), Línea: 0] - ORA-06550: línea 1, columna 7:
PLS-00201: el identificador 'MRVMM_P.PKG_MRV_REPORTES' se debe declarar
ORA-06550: línea 1, columna 7:
PL/SQL: Statement ignored
18/11/2020 10:46:15: [Método: Oracle.DataAccess.Client.OracleDataReader ExecuteReader(Boolean, Boolean, System.Data.CommandBehavior), Línea: 0] - ORA-06550: línea 1, columna 7:
PLS-00201: el identificador 'MRVMM_P.PKG_MRV_REPORTES' se debe declarar
ORA-06550: línea 1, columna 7:
PL/SQL: Statement ignored
18/11/2020 10:46:15: [Método: System.Data.Common.DbDataReader ExecuteDbDataReader(System.Data.CommandBehavior), Línea: 0] - ORA-06550: línea 1, columna 7:
PLS-00201: el identificador 'MRVMM_P.PKG_MRV_REPORTES' se debe declarar
ORA-06550: línea 1, columna 7:
PL/SQL: Statement ignored
18/11/2020 10:46:15: [Método: System.Data.IDataReader System.Data.IDbCommand.ExecuteReader(System.Data.CommandBehavior), Línea: 0] - ORA-06550: línea 1, columna 7:
PLS-00201: el identificador 'MRVMM_P.PKG_MRV_REPORTES' se debe declarar
ORA-06550: línea 1, columna 7:
PL/SQL: Statement ignored
18/11/2020 10:46:15: [Método: System.Data.IDataReader ExecuteReaderWithFlagsFallback(System.Data.IDbCommand, Boolean, System.Data.CommandBehavior), Línea: 0] - ORA-06550: línea 1, columna 7:
PLS-00201: el identificador 'MRVMM_P.PKG_MRV_REPORTES' se debe declarar
ORA-06550: línea 1, columna 7:
PL/SQL: Statement ignored
18/11/2020 10:46:15: [Método: Boolean MoveNext(), Línea: 0] - ORA-06550: línea 1, columna 7:
PLS-00201: el identificador 'MRVMM_P.PKG_MRV_REPORTES' se debe declarar
ORA-06550: línea 1, columna 7:
PL/SQL: Statement ignored
18/11/2020 10:46:15: [Método: Void .ctor(System.Collections.Generic.IEnumerable`1[T]), Línea: 0] - ORA-06550: línea 1, columna 7:
PLS-00201: el identificador 'MRVMM_P.PKG_MRV_REPORTES' se debe declarar
ORA-06550: línea 1, columna 7:
PL/SQL: Statement ignored
18/11/2020 10:46:15: [Método: System.Collections.Generic.List`1[TSource] ToList[TSource](System.Collections.Generic.IEnumerable`1[TSource]), Línea: 0] - ORA-06550: línea 1, columna 7:
PLS-00201: el identificador 'MRVMM_P.PKG_MRV_REPORTES' se debe declarar
ORA-06550: línea 1, columna 7:
PL/SQL: Statement ignored
18/11/2020 10:46:15: [Método: System.Collections.Generic.IEnumerable`1[T] Query[T](System.Data.IDbConnection, System.String, System.Object, System.Data.IDbTransaction, Boolean, System.Nullable`1[System.Int32], System.Nullable`1[System.Data.CommandType]), Línea: 0] - ORA-06550: línea 1, columna 7:
PLS-00201: el identificador 'MRVMM_P.PKG_MRV_REPORTES' se debe declarar
ORA-06550: línea 1, columna 7:
PL/SQL: Statement ignored
18/11/2020 10:46:15: [Método: System.Collections.Generic.List`1[entidad.minem.gob.pe.IniciativaBE] MostrarGeiporAnio(entidad.minem.gob.pe.IniciativaBE), Línea: 1460] - ORA-06550: línea 1, columna 7:
PLS-00201: el identificador 'MRVMM_P.PKG_MRV_REPORTES' se debe declarar
ORA-06550: línea 1, columna 7:
PL/SQL: Statement ignored
18/11/2020 10:46:23: [Método: Void HandleErrorHelper(Int32, Oracle.DataAccess.Client.OracleConnection, IntPtr, Oracle.DataAccess.Client.OpoSqlValCtx*, System.Object, System.String, Boolean, Int32, Oracle.DataAccess.Client.OracleLogicalTransaction), Línea: 0] - ORA-06550: línea 1, columna 7:
PLS-00201: el identificador 'MRVMM_P.PKG_MRV_ADMIN_SISTEMA' se debe declarar
ORA-06550: línea 1, columna 7:
PL/SQL: Statement ignored
18/11/2020 10:46:23: [Método: Void HandleError(Int32, Oracle.DataAccess.Client.OracleConnection, System.String, IntPtr, Oracle.DataAccess.Client.OpoSqlValCtx*, System.Object, Boolean, Oracle.DataAccess.Client.OracleLogicalTransaction), Línea: 0] - ORA-06550: línea 1, columna 7:
PLS-00201: el identificador 'MRVMM_P.PKG_MRV_ADMIN_SISTEMA' se debe declarar
ORA-06550: línea 1, columna 7:
PL/SQL: Statement ignored
18/11/2020 10:46:23: [Método: Oracle.DataAccess.Client.OracleDataReader ExecuteReader(Boolean, Boolean, System.Data.CommandBehavior), Línea: 0] - ORA-06550: línea 1, columna 7:
PLS-00201: el identificador 'MRVMM_P.PKG_MRV_ADMIN_SISTEMA' se debe declarar
ORA-06550: línea 1, columna 7:
PL/SQL: Statement ignored
18/11/2020 10:46:23: [Método: System.Data.Common.DbDataReader ExecuteDbDataReader(System.Data.CommandBehavior), Línea: 0] - ORA-06550: línea 1, columna 7:
PLS-00201: el identificador 'MRVMM_P.PKG_MRV_ADMIN_SISTEMA' se debe declarar
ORA-06550: línea 1, columna 7:
PL/SQL: Statement ignored
18/11/2020 10:46:23: [Método: System.Data.IDataReader System.Data.IDbCommand.ExecuteReader(System.Data.CommandBehavior), Línea: 0] - ORA-06550: línea 1, columna 7:
PLS-00201: el identificador 'MRVMM_P.PKG_MRV_ADMIN_SISTEMA' se debe declarar
ORA-06550: línea 1, columna 7:
PL/SQL: Statement ignored
18/11/2020 10:46:23: [Método: System.Data.IDataReader ExecuteReaderWithFlagsFallback(System.Data.IDbCommand, Boolean, System.Data.CommandBehavior), Línea: 0] - ORA-06550: línea 1, columna 7:
PLS-00201: el identificador 'MRVMM_P.PKG_MRV_ADMIN_SISTEMA' se debe declarar
ORA-06550: línea 1, columna 7:
PL/SQL: Statement ignored
18/11/2020 10:46:23: [Método: Boolean MoveNext(), Línea: 0] - ORA-06550: línea 1, columna 7:
PLS-00201: el identificador 'MRVMM_P.PKG_MRV_ADMIN_SISTEMA' se debe declarar
ORA-06550: línea 1, columna 7:
PL/SQL: Statement ignored
18/11/2020 10:46:23: [Método: Void .ctor(System.Collections.Generic.IEnumerable`1[T]), Línea: 0] - ORA-06550: línea 1, columna 7:
PLS-00201: el identificador 'MRVMM_P.PKG_MRV_ADMIN_SISTEMA' se debe declarar
ORA-06550: línea 1, columna 7:
PL/SQL: Statement ignored
18/11/2020 10:46:23: [Método: System.Collections.Generic.List`1[TSource] ToList[TSource](System.Collections.Generic.IEnumerable`1[TSource]), Línea: 0] - ORA-06550: línea 1, columna 7:
PLS-00201: el identificador 'MRVMM_P.PKG_MRV_ADMIN_SISTEMA' se debe declarar
ORA-06550: línea 1, columna 7:
PL/SQL: Statement ignored
18/11/2020 10:46:23: [Método: System.Collections.Generic.IEnumerable`1[T] Query[T](System.Data.IDbConnection, System.String, System.Object, System.Data.IDbTransaction, Boolean, System.Nullable`1[System.Int32], System.Nullable`1[System.Data.CommandType]), Línea: 0] - ORA-06550: línea 1, columna 7:
PLS-00201: el identificador 'MRVMM_P.PKG_MRV_ADMIN_SISTEMA' se debe declarar
ORA-06550: línea 1, columna 7:
PL/SQL: Statement ignored
18/11/2020 10:46:23: [Método: entidad.minem.gob.pe.UsuarioBE ObtenerPassword(entidad.minem.gob.pe.UsuarioBE), Línea: 248] - ORA-06550: línea 1, columna 7:
PLS-00201: el identificador 'MRVMM_P.PKG_MRV_ADMIN_SISTEMA' se debe declarar
ORA-06550: línea 1, columna 7:
PL/SQL: Statement ignored
18/11/2020 10:48:07: [Método: Void HandleErrorHelper(Int32, Oracle.DataAccess.Client.OracleConnection, IntPtr, Oracle.DataAccess.Client.OpoSqlValCtx*, System.Object, System.String, Boolean, Int32, Oracle.DataAccess.Client.OracleLogicalTransaction), Línea: 0] - ORA-06550: línea 1, columna 7:
PLS-00201: el identificador 'MRVMM_P.PKG_MRV_ADMIN_SISTEMA' se debe declarar
ORA-06550: línea 1, columna 7:
PL/SQL: Statement ignored
18/11/2020 10:48:07: [Método: Void HandleError(Int32, Oracle.DataAccess.Client.OracleConnection, System.String, IntPtr, Oracle.DataAccess.Client.OpoSqlValCtx*, System.Object, Boolean, Oracle.DataAccess.Client.OracleLogicalTransaction), Línea: 0] - ORA-06550: línea 1, columna 7:
PLS-00201: el identificador 'MRVMM_P.PKG_MRV_ADMIN_SISTEMA' se debe declarar
ORA-06550: línea 1, columna 7:
PL/SQL: Statement ignored
18/11/2020 10:48:07: [Método: Oracle.DataAccess.Client.OracleDataReader ExecuteReader(Boolean, Boolean, System.Data.CommandBehavior), Línea: 0] - ORA-06550: línea 1, columna 7:
PLS-00201: el identificador 'MRVMM_P.PKG_MRV_ADMIN_SISTEMA' se debe declarar
ORA-06550: línea 1, columna 7:
PL/SQL: Statement ignored
18/11/2020 10:48:07: [Método: System.Data.Common.DbDataReader ExecuteDbDataReader(System.Data.CommandBehavior), Línea: 0] - ORA-06550: línea 1, columna 7:
PLS-00201: el identificador 'MRVMM_P.PKG_MRV_ADMIN_SISTEMA' se debe declarar
ORA-06550: línea 1, columna 7:
PL/SQL: Statement ignored
18/11/2020 10:48:07: [Método: System.Data.IDataReader System.Data.IDbCommand.ExecuteReader(System.Data.CommandBehavior), Línea: 0] - ORA-06550: línea 1, columna 7:
PLS-00201: el identificador 'MRVMM_P.PKG_MRV_ADMIN_SISTEMA' se debe declarar
ORA-06550: línea 1, columna 7:
PL/SQL: Statement ignored
18/11/2020 10:48:07: [Método: System.Data.IDataReader ExecuteReaderWithFlagsFallback(System.Data.IDbCommand, Boolean, System.Data.CommandBehavior), Línea: 0] - ORA-06550: línea 1, columna 7:
PLS-00201: el identificador 'MRVMM_P.PKG_MRV_ADMIN_SISTEMA' se debe declarar
ORA-06550: línea 1, columna 7:
PL/SQL: Statement ignored
18/11/2020 10:48:07: [Método: Boolean MoveNext(), Línea: 0] - ORA-06550: línea 1, columna 7:
PLS-00201: el identificador 'MRVMM_P.PKG_MRV_ADMIN_SISTEMA' se debe declarar
ORA-06550: línea 1, columna 7:
PL/SQL: Statement ignored
18/11/2020 10:48:07: [Método: Void .ctor(System.Collections.Generic.IEnumerable`1[T]), Línea: 0] - ORA-06550: línea 1, columna 7:
PLS-00201: el identificador 'MRVMM_P.PKG_MRV_ADMIN_SISTEMA' se debe declarar
ORA-06550: línea 1, columna 7:
PL/SQL: Statement ignored
18/11/2020 10:48:07: [Método: System.Collections.Generic.List`1[TSource] ToList[TSource](System.Collections.Generic.IEnumerable`1[TSource]), Línea: 0] - ORA-06550: línea 1, columna 7:
PLS-00201: el identificador 'MRVMM_P.PKG_MRV_ADMIN_SISTEMA' se debe declarar
ORA-06550: línea 1, columna 7:
PL/SQL: Statement ignored
18/11/2020 10:48:07: [Método: System.Collections.Generic.IEnumerable`1[T] Query[T](System.Data.IDbConnection, System.String, System.Object, System.Data.IDbTransaction, Boolean, System.Nullable`1[System.Int32], System.Nullable`1[System.Data.CommandType]), Línea: 0] - ORA-06550: línea 1, columna 7:
PLS-00201: el identificador 'MRVMM_P.PKG_MRV_ADMIN_SISTEMA' se debe declarar
ORA-06550: línea 1, columna 7:
PL/SQL: Statement ignored
18/11/2020 10:48:07: [Método: entidad.minem.gob.pe.UsuarioBE ObtenerPassword(entidad.minem.gob.pe.UsuarioBE), Línea: 248] - ORA-06550: línea 1, columna 7:
PLS-00201: el identificador 'MRVMM_P.PKG_MRV_ADMIN_SISTEMA' se debe declarar
ORA-06550: línea 1, columna 7:
PL/SQL: Statement ignored
18/11/2020 10:52:50: [Método: Void HandleErrorHelper(Int32, Oracle.DataAccess.Client.OracleConnection, IntPtr, Oracle.DataAccess.Client.OpoSqlValCtx*, System.Object, System.String, Boolean, Int32, Oracle.DataAccess.Client.OracleLogicalTransaction), Línea: 0] - ORA-06550: línea 1, columna 7:
PLS-00201: el identificador 'MRVMM_P.PKG_MRV_ADMIN_SISTEMA' se debe declarar
ORA-06550: línea 1, columna 7:
PL/SQL: Statement ignored
18/11/2020 10:52:50: [Método: Void HandleError(Int32, Oracle.DataAccess.Client.OracleConnection, System.String, IntPtr, Oracle.DataAccess.Client.OpoSqlValCtx*, System.Object, Boolean, Oracle.DataAccess.Client.OracleLogicalTransaction), Línea: 0] - ORA-06550: línea 1, columna 7:
PLS-00201: el identificador 'MRVMM_P.PKG_MRV_ADMIN_SISTEMA' se debe declarar
ORA-06550: línea 1, columna 7:
PL/SQL: Statement ignored
18/11/2020 10:52:50: [Método: Oracle.DataAccess.Client.OracleDataReader ExecuteReader(Boolean, Boolean, System.Data.CommandBehavior), Línea: 0] - ORA-06550: línea 1, columna 7:
PLS-00201: el identificador 'MRVMM_P.PKG_MRV_ADMIN_SISTEMA' se debe declarar
ORA-06550: línea 1, columna 7:
PL/SQL: Statement ignored
18/11/2020 10:52:50: [Método: System.Data.Common.DbDataReader ExecuteDbDataReader(System.Data.CommandBehavior), Línea: 0] - ORA-06550: línea 1, columna 7:
PLS-00201: el identificador 'MRVMM_P.PKG_MRV_ADMIN_SISTEMA' se debe declarar
ORA-06550: línea 1, columna 7:
PL/SQL: Statement ignored
18/11/2020 10:52:50: [Método: System.Data.IDataReader System.Data.IDbCommand.ExecuteReader(System.Data.CommandBehavior), Línea: 0] - ORA-06550: línea 1, columna 7:
PLS-00201: el identificador 'MRVMM_P.PKG_MRV_ADMIN_SISTEMA' se debe declarar
ORA-06550: línea 1, columna 7:
PL/SQL: Statement ignored
18/11/2020 10:52:50: [Método: System.Data.IDataReader ExecuteReaderWithFlagsFallback(System.Data.IDbCommand, Boolean, System.Data.CommandBehavior), Línea: 0] - ORA-06550: línea 1, columna 7:
PLS-00201: el identificador 'MRVMM_P.PKG_MRV_ADMIN_SISTEMA' se debe declarar
ORA-06550: línea 1, columna 7:
PL/SQL: Statement ignored
18/11/2020 10:52:50: [Método: Boolean MoveNext(), Línea: 0] - ORA-06550: línea 1, columna 7:
PLS-00201: el identificador 'MRVMM_P.PKG_MRV_ADMIN_SISTEMA' se debe declarar
ORA-06550: línea 1, columna 7:
PL/SQL: Statement ignored
18/11/2020 10:52:50: [Método: Void .ctor(System.Collections.Generic.IEnumerable`1[T]), Línea: 0] - ORA-06550: línea 1, columna 7:
PLS-00201: el identificador 'MRVMM_P.PKG_MRV_ADMIN_SISTEMA' se debe declarar
ORA-06550: línea 1, columna 7:
PL/SQL: Statement ignored
18/11/2020 10:52:50: [Método: System.Collections.Generic.List`1[TSource] ToList[TSource](System.Collections.Generic.IEnumerable`1[TSource]), Línea: 0] - ORA-06550: línea 1, columna 7:
PLS-00201: el identificador 'MRVMM_P.PKG_MRV_ADMIN_SISTEMA' se debe declarar
ORA-06550: línea 1, columna 7:
PL/SQL: Statement ignored
18/11/2020 10:52:50: [Método: System.Collections.Generic.IEnumerable`1[T] Query[T](System.Data.IDbConnection, System.String, System.Object, System.Data.IDbTransaction, Boolean, System.Nullable`1[System.Int32], System.Nullable`1[System.Data.CommandType]), Línea: 0] - ORA-06550: línea 1, columna 7:
PLS-00201: el identificador 'MRVMM_P.PKG_MRV_ADMIN_SISTEMA' se debe declarar
ORA-06550: línea 1, columna 7:
PL/SQL: Statement ignored
18/11/2020 10:52:50: [Método: entidad.minem.gob.pe.UsuarioBE ObtenerPassword(entidad.minem.gob.pe.UsuarioBE), Línea: 248] - ORA-06550: línea 1, columna 7:
PLS-00201: el identificador 'MRVMM_P.PKG_MRV_ADMIN_SISTEMA' se debe declarar
ORA-06550: línea 1, columna 7:
PL/SQL: Statement ignored
18/11/2020 10:52:58: [Método: Void HandleErrorHelper(Int32, Oracle.DataAccess.Client.OracleConnection, IntPtr, Oracle.DataAccess.Client.OpoSqlValCtx*, System.Object, System.String, Boolean, Int32, Oracle.DataAccess.Client.OracleLogicalTransaction), Línea: 0] - ORA-06550: línea 1, columna 7:
PLS-00201: el identificador 'MRVMM_P.PKG_MRV_ADMIN_SISTEMA' se debe declarar
ORA-06550: línea 1, columna 7:
PL/SQL: Statement ignored
18/11/2020 10:52:58: [Método: Void HandleError(Int32, Oracle.DataAccess.Client.OracleConnection, System.String, IntPtr, Oracle.DataAccess.Client.OpoSqlValCtx*, System.Object, Boolean, Oracle.DataAccess.Client.OracleLogicalTransaction), Línea: 0] - ORA-06550: línea 1, columna 7:
PLS-00201: el identificador 'MRVMM_P.PKG_MRV_ADMIN_SISTEMA' se debe declarar
ORA-06550: línea 1, columna 7:
PL/SQL: Statement ignored
18/11/2020 10:52:58: [Método: Oracle.DataAccess.Client.OracleDataReader ExecuteReader(Boolean, Boolean, System.Data.CommandBehavior), Línea: 0] - ORA-06550: línea 1, columna 7:
PLS-00201: el identificador 'MRVMM_P.PKG_MRV_ADMIN_SISTEMA' se debe declarar
ORA-06550: línea 1, columna 7:
PL/SQL: Statement ignored
18/11/2020 10:52:58: [Método: System.Data.Common.DbDataReader ExecuteDbDataReader(System.Data.CommandBehavior), Línea: 0] - ORA-06550: línea 1, columna 7:
PLS-00201: el identificador 'MRVMM_P.PKG_MRV_ADMIN_SISTEMA' se debe declarar
ORA-06550: línea 1, columna 7:
PL/SQL: Statement ignored
18/11/2020 10:52:58: [Método: System.Data.IDataReader System.Data.IDbCommand.ExecuteReader(System.Data.CommandBehavior), Línea: 0] - ORA-06550: línea 1, columna 7:
PLS-00201: el identificador 'MRVMM_P.PKG_MRV_ADMIN_SISTEMA' se debe declarar
ORA-06550: línea 1, columna 7:
PL/SQL: Statement ignored
18/11/2020 10:52:58: [Método: System.Data.IDataReader ExecuteReaderWithFlagsFallback(System.Data.IDbCommand, Boolean, System.Data.CommandBehavior), Línea: 0] - ORA-06550: línea 1, columna 7:
PLS-00201: el identificador 'MRVMM_P.PKG_MRV_ADMIN_SISTEMA' se debe declarar
ORA-06550: línea 1, columna 7:
PL/SQL: Statement ignored
18/11/2020 10:52:58: [Método: Boolean MoveNext(), Línea: 0] - ORA-06550: línea 1, columna 7:
PLS-00201: el identificador 'MRVMM_P.PKG_MRV_ADMIN_SISTEMA' se debe declarar
ORA-06550: línea 1, columna 7:
PL/SQL: Statement ignored
18/11/2020 10:52:58: [Método: Void .ctor(System.Collections.Generic.IEnumerable`1[T]), Línea: 0] - ORA-06550: línea 1, columna 7:
PLS-00201: el identificador 'MRVMM_P.PKG_MRV_ADMIN_SISTEMA' se debe declarar
ORA-06550: línea 1, columna 7:
PL/SQL: Statement ignored
18/11/2020 10:52:58: [Método: System.Collections.Generic.List`1[TSource] ToList[TSource](System.Collections.Generic.IEnumerable`1[TSource]), Línea: 0] - ORA-06550: línea 1, columna 7:
PLS-00201: el identificador 'MRVMM_P.PKG_MRV_ADMIN_SISTEMA' se debe declarar
ORA-06550: línea 1, columna 7:
PL/SQL: Statement ignored
18/11/2020 10:52:58: [Método: System.Collections.Generic.IEnumerable`1[T] Query[T](System.Data.IDbConnection, System.String, System.Object, System.Data.IDbTransaction, Boolean, System.Nullable`1[System.Int32], System.Nullable`1[System.Data.CommandType]), Línea: 0] - ORA-06550: línea 1, columna 7:
PLS-00201: el identificador 'MRVMM_P.PKG_MRV_ADMIN_SISTEMA' se debe declarar
ORA-06550: línea 1, columna 7:
PL/SQL: Statement ignored
18/11/2020 10:52:58: [Método: entidad.minem.gob.pe.UsuarioBE ObtenerPassword(entidad.minem.gob.pe.UsuarioBE), Línea: 248] - ORA-06550: línea 1, columna 7:
PLS-00201: el identificador 'MRVMM_P.PKG_MRV_ADMIN_SISTEMA' se debe declarar
ORA-06550: línea 1, columna 7:
PL/SQL: Statement ignored
18/11/2020 10:53:10: [Método: Void HandleErrorHelper(Int32, Oracle.DataAccess.Client.OracleConnection, IntPtr, Oracle.DataAccess.Client.OpoSqlValCtx*, System.Object, System.String, Boolean, Int32, Oracle.DataAccess.Client.OracleLogicalTransaction), Línea: 0] - ORA-06550: línea 1, columna 7:
PLS-00201: el identificador 'MRVMM_P.PKG_MRV_ADMIN_SISTEMA' se debe declarar
ORA-06550: línea 1, columna 7:
PL/SQL: Statement ignored
18/11/2020 10:53:10: [Método: Void HandleError(Int32, Oracle.DataAccess.Client.OracleConnection, System.String, IntPtr, Oracle.DataAccess.Client.OpoSqlValCtx*, System.Object, Boolean, Oracle.DataAccess.Client.OracleLogicalTransaction), Línea: 0] - ORA-06550: línea 1, columna 7:
PLS-00201: el identificador 'MRVMM_P.PKG_MRV_ADMIN_SISTEMA' se debe declarar
ORA-06550: línea 1, columna 7:
PL/SQL: Statement ignored
18/11/2020 10:53:10: [Método: Oracle.DataAccess.Client.OracleDataReader ExecuteReader(Boolean, Boolean, System.Data.CommandBehavior), Línea: 0] - ORA-06550: línea 1, columna 7:
PLS-00201: el identificador 'MRVMM_P.PKG_MRV_ADMIN_SISTEMA' se debe declarar
ORA-06550: línea 1, columna 7:
PL/SQL: Statement ignored
18/11/2020 10:53:10: [Método: System.Data.Common.DbDataReader ExecuteDbDataReader(System.Data.CommandBehavior), Línea: 0] - ORA-06550: línea 1, columna 7:
PLS-00201: el identificador 'MRVMM_P.PKG_MRV_ADMIN_SISTEMA' se debe declarar
ORA-06550: línea 1, columna 7:
PL/SQL: Statement ignored
18/11/2020 10:53:10: [Método: System.Data.IDataReader System.Data.IDbCommand.ExecuteReader(System.Data.CommandBehavior), Línea: 0] - ORA-06550: línea 1, columna 7:
PLS-00201: el identificador 'MRVMM_P.PKG_MRV_ADMIN_SISTEMA' se debe declarar
ORA-06550: línea 1, columna 7:
PL/SQL: Statement ignored
18/11/2020 10:53:10: [Método: System.Data.IDataReader ExecuteReaderWithFlagsFallback(System.Data.IDbCommand, Boolean, System.Data.CommandBehavior), Línea: 0] - ORA-06550: línea 1, columna 7:
PLS-00201: el identificador 'MRVMM_P.PKG_MRV_ADMIN_SISTEMA' se debe declarar
ORA-06550: línea 1, columna 7:
PL/SQL: Statement ignored
18/11/2020 10:53:10: [Método: Boolean MoveNext(), Línea: 0] - ORA-06550: línea 1, columna 7:
PLS-00201: el identificador 'MRVMM_P.PKG_MRV_ADMIN_SISTEMA' se debe declarar
ORA-06550: línea 1, columna 7:
PL/SQL: Statement ignored
18/11/2020 10:53:10: [Método: Void .ctor(System.Collections.Generic.IEnumerable`1[T]), Línea: 0] - ORA-06550: línea 1, columna 7:
PLS-00201: el identificador 'MRVMM_P.PKG_MRV_ADMIN_SISTEMA' se debe declarar
ORA-06550: línea 1, columna 7:
PL/SQL: Statement ignored
18/11/2020 10:53:10: [Método: System.Collections.Generic.List`1[TSource] ToList[TSource](System.Collections.Generic.IEnumerable`1[TSource]), Línea: 0] - ORA-06550: línea 1, columna 7:
PLS-00201: el identificador 'MRVMM_P.PKG_MRV_ADMIN_SISTEMA' se debe declarar
ORA-06550: línea 1, columna 7:
PL/SQL: Statement ignored
18/11/2020 10:53:10: [Método: System.Collections.Generic.IEnumerable`1[T] Query[T](System.Data.IDbConnection, System.String, System.Object, System.Data.IDbTransaction, Boolean, System.Nullable`1[System.Int32], System.Nullable`1[System.Data.CommandType]), Línea: 0] - ORA-06550: línea 1, columna 7:
PLS-00201: el identificador 'MRVMM_P.PKG_MRV_ADMIN_SISTEMA' se debe declarar
ORA-06550: línea 1, columna 7:
PL/SQL: Statement ignored
18/11/2020 10:53:10: [Método: entidad.minem.gob.pe.UsuarioBE ObtenerPassword(entidad.minem.gob.pe.UsuarioBE), Línea: 248] - ORA-06550: línea 1, columna 7:
PLS-00201: el identificador 'MRVMM_P.PKG_MRV_ADMIN_SISTEMA' se debe declarar
ORA-06550: línea 1, columna 7:
PL/SQL: Statement ignored
18/11/2020 10:53:24: [Método: Void HandleErrorHelper(Int32, Oracle.DataAccess.Client.OracleConnection, IntPtr, Oracle.DataAccess.Client.OpoSqlValCtx*, System.Object, System.String, Boolean, Int32, Oracle.DataAccess.Client.OracleLogicalTransaction), Línea: 0] - ORA-06550: línea 1, columna 7:
PLS-00201: el identificador 'MRVMM_P.PKG_MRV_ADMIN_SISTEMA' se debe declarar
ORA-06550: línea 1, columna 7:
PL/SQL: Statement ignored
18/11/2020 10:53:24: [Método: Void HandleError(Int32, Oracle.DataAccess.Client.OracleConnection, System.String, IntPtr, Oracle.DataAccess.Client.OpoSqlValCtx*, System.Object, Boolean, Oracle.DataAccess.Client.OracleLogicalTransaction), Línea: 0] - ORA-06550: línea 1, columna 7:
PLS-00201: el identificador 'MRVMM_P.PKG_MRV_ADMIN_SISTEMA' se debe declarar
ORA-06550: línea 1, columna 7:
PL/SQL: Statement ignored
18/11/2020 10:53:24: [Método: Oracle.DataAccess.Client.OracleDataReader ExecuteReader(Boolean, Boolean, System.Data.CommandBehavior), Línea: 0] - ORA-06550: línea 1, columna 7:
PLS-00201: el identificador 'MRVMM_P.PKG_MRV_ADMIN_SISTEMA' se debe declarar
ORA-06550: línea 1, columna 7:
PL/SQL: Statement ignored
18/11/2020 10:53:24: [Método: System.Data.Common.DbDataReader ExecuteDbDataReader(System.Data.CommandBehavior), Línea: 0] - ORA-06550: línea 1, columna 7:
PLS-00201: el identificador 'MRVMM_P.PKG_MRV_ADMIN_SISTEMA' se debe declarar
ORA-06550: línea 1, columna 7:
PL/SQL: Statement ignored
18/11/2020 10:53:24: [Método: System.Data.IDataReader System.Data.IDbCommand.ExecuteReader(System.Data.CommandBehavior), Línea: 0] - ORA-06550: línea 1, columna 7:
PLS-00201: el identificador 'MRVMM_P.PKG_MRV_ADMIN_SISTEMA' se debe declarar
ORA-06550: línea 1, columna 7:
PL/SQL: Statement ignored
18/11/2020 10:53:24: [Método: System.Data.IDataReader ExecuteReaderWithFlagsFallback(System.Data.IDbCommand, Boolean, System.Data.CommandBehavior), Línea: 0] - ORA-06550: línea 1, columna 7:
PLS-00201: el identificador 'MRVMM_P.PKG_MRV_ADMIN_SISTEMA' se debe declarar
ORA-06550: línea 1, columna 7:
PL/SQL: Statement ignored
18/11/2020 10:53:24: [Método: Boolean MoveNext(), Línea: 0] - ORA-06550: línea 1, columna 7:
PLS-00201: el identificador 'MRVMM_P.PKG_MRV_ADMIN_SISTEMA' se debe declarar
ORA-06550: línea 1, columna 7:
PL/SQL: Statement ignored
18/11/2020 10:53:24: [Método: Void .ctor(System.Collections.Generic.IEnumerable`1[T]), Línea: 0] - ORA-06550: línea 1, columna 7:
PLS-00201: el identificador 'MRVMM_P.PKG_MRV_ADMIN_SISTEMA' se debe declarar
ORA-06550: línea 1, columna 7:
PL/SQL: Statement ignored
18/11/2020 10:53:24: [Método: System.Collections.Generic.List`1[TSource] ToList[TSource](System.Collections.Generic.IEnumerable`1[TSource]), Línea: 0] - ORA-06550: línea 1, columna 7:
PLS-00201: el identificador 'MRVMM_P.PKG_MRV_ADMIN_SISTEMA' se debe declarar
ORA-06550: línea 1, columna 7:
PL/SQL: Statement ignored
18/11/2020 10:53:24: [Método: System.Collections.Generic.IEnumerable`1[T] Query[T](System.Data.IDbConnection, System.String, System.Object, System.Data.IDbTransaction, Boolean, System.Nullable`1[System.Int32], System.Nullable`1[System.Data.CommandType]), Línea: 0] - ORA-06550: línea 1, columna 7:
PLS-00201: el identificador 'MRVMM_P.PKG_MRV_ADMIN_SISTEMA' se debe declarar
ORA-06550: línea 1, columna 7:
PL/SQL: Statement ignored
18/11/2020 10:53:24: [Método: System.Collections.Generic.List`1[entidad.minem.gob.pe.SectorInstitucionBE] ListaSectorInstitucion(entidad.minem.gob.pe.SectorInstitucionBE), Línea: 33] - ORA-06550: línea 1, columna 7:
PLS-00201: el identificador 'MRVMM_P.PKG_MRV_ADMIN_SISTEMA' se debe declarar
ORA-06550: línea 1, columna 7:
PL/SQL: Statement ignored
18/11/2020 10:54:26: [Método: Void HandleErrorHelper(Int32, Oracle.DataAccess.Client.OracleConnection, IntPtr, Oracle.DataAccess.Client.OpoSqlValCtx*, System.Object, System.String, Boolean, Int32, Oracle.DataAccess.Client.OracleLogicalTransaction), Línea: 0] - ORA-06550: línea 1, columna 7:
PLS-00201: el identificador 'MRVMM_P.PKG_MRV_ADMIN_SISTEMA' se debe declarar
ORA-06550: línea 1, columna 7:
PL/SQL: Statement ignored
18/11/2020 10:54:26: [Método: Void HandleError(Int32, Oracle.DataAccess.Client.OracleConnection, System.String, IntPtr, Oracle.DataAccess.Client.OpoSqlValCtx*, System.Object, Boolean, Oracle.DataAccess.Client.OracleLogicalTransaction), Línea: 0] - ORA-06550: línea 1, columna 7:
PLS-00201: el identificador 'MRVMM_P.PKG_MRV_ADMIN_SISTEMA' se debe declarar
ORA-06550: línea 1, columna 7:
PL/SQL: Statement ignored
18/11/2020 10:54:26: [Método: Oracle.DataAccess.Client.OracleDataReader ExecuteReader(Boolean, Boolean, System.Data.CommandBehavior), Línea: 0] - ORA-06550: línea 1, columna 7:
PLS-00201: el identificador 'MRVMM_P.PKG_MRV_ADMIN_SISTEMA' se debe declarar
ORA-06550: línea 1, columna 7:
PL/SQL: Statement ignored
18/11/2020 10:54:26: [Método: System.Data.Common.DbDataReader ExecuteDbDataReader(System.Data.CommandBehavior), Línea: 0] - ORA-06550: línea 1, columna 7:
PLS-00201: el identificador 'MRVMM_P.PKG_MRV_ADMIN_SISTEMA' se debe declarar
ORA-06550: línea 1, columna 7:
PL/SQL: Statement ignored
18/11/2020 10:54:26: [Método: System.Data.IDataReader System.Data.IDbCommand.ExecuteReader(System.Data.CommandBehavior), Línea: 0] - ORA-06550: línea 1, columna 7:
PLS-00201: el identificador 'MRVMM_P.PKG_MRV_ADMIN_SISTEMA' se debe declarar
ORA-06550: línea 1, columna 7:
PL/SQL: Statement ignored
18/11/2020 10:54:26: [Método: System.Data.IDataReader ExecuteReaderWithFlagsFallback(System.Data.IDbCommand, Boolean, System.Data.CommandBehavior), Línea: 0] - ORA-06550: línea 1, columna 7:
PLS-00201: el identificador 'MRVMM_P.PKG_MRV_ADMIN_SISTEMA' se debe declarar
ORA-06550: línea 1, columna 7:
PL/SQL: Statement ignored
18/11/2020 10:54:26: [Método: Boolean MoveNext(), Línea: 0] - ORA-06550: línea 1, columna 7:
PLS-00201: el identificador 'MRVMM_P.PKG_MRV_ADMIN_SISTEMA' se debe declarar
ORA-06550: línea 1, columna 7:
PL/SQL: Statement ignored
18/11/2020 10:54:26: [Método: Void .ctor(System.Collections.Generic.IEnumerable`1[T]), Línea: 0] - ORA-06550: línea 1, columna 7:
PLS-00201: el identificador 'MRVMM_P.PKG_MRV_ADMIN_SISTEMA' se debe declarar
ORA-06550: línea 1, columna 7:
PL/SQL: Statement ignored
18/11/2020 10:54:26: [Método: System.Collections.Generic.List`1[TSource] ToList[TSource](System.Collections.Generic.IEnumerable`1[TSource]), Línea: 0] - ORA-06550: línea 1, columna 7:
PLS-00201: el identificador 'MRVMM_P.PKG_MRV_ADMIN_SISTEMA' se debe declarar
ORA-06550: línea 1, columna 7:
PL/SQL: Statement ignored
18/11/2020 10:54:26: [Método: System.Collections.Generic.IEnumerable`1[T] Query[T](System.Data.IDbConnection, System.String, System.Object, System.Data.IDbTransaction, Boolean, System.Nullable`1[System.Int32], System.Nullable`1[System.Data.CommandType]), Línea: 0] - ORA-06550: línea 1, columna 7:
PLS-00201: el identificador 'MRVMM_P.PKG_MRV_ADMIN_SISTEMA' se debe declarar
ORA-06550: línea 1, columna 7:
PL/SQL: Statement ignored
18/11/2020 10:54:26: [Método: System.Collections.Generic.List`1[entidad.minem.gob.pe.SectorInstitucionBE] ListaSectorInstitucion(entidad.minem.gob.pe.SectorInstitucionBE), Línea: 33] - ORA-06550: línea 1, columna 7:
PLS-00201: el identificador 'MRVMM_P.PKG_MRV_ADMIN_SISTEMA' se debe declarar
ORA-06550: línea 1, columna 7:
PL/SQL: Statement ignored
18/11/2020 10:54:55: [Método: Void HandleErrorHelper(Int32, Oracle.DataAccess.Client.OracleConnection, IntPtr, Oracle.DataAccess.Client.OpoSqlValCtx*, System.Object, System.String, Boolean, Int32, Oracle.DataAccess.Client.OracleLogicalTransaction), Línea: 0] - ORA-06550: línea 1, columna 7:
PLS-00201: el identificador 'MRVMM_P.PKG_MRV_INICIATIVA_MITIGACION' se debe declarar
ORA-06550: línea 1, columna 7:
PL/SQL: Statement ignored
18/11/2020 10:54:55: [Método: Void HandleError(Int32, Oracle.DataAccess.Client.OracleConnection, System.String, IntPtr, Oracle.DataAccess.Client.OpoSqlValCtx*, System.Object, Boolean, Oracle.DataAccess.Client.OracleLogicalTransaction), Línea: 0] - ORA-06550: línea 1, columna 7:
PLS-00201: el identificador 'MRVMM_P.PKG_MRV_INICIATIVA_MITIGACION' se debe declarar
ORA-06550: línea 1, columna 7:
PL/SQL: Statement ignored
18/11/2020 10:54:55: [Método: Oracle.DataAccess.Client.OracleDataReader ExecuteReader(Boolean, Boolean, System.Data.CommandBehavior), Línea: 0] - ORA-06550: línea 1, columna 7:
PLS-00201: el identificador 'MRVMM_P.PKG_MRV_INICIATIVA_MITIGACION' se debe declarar
ORA-06550: línea 1, columna 7:
PL/SQL: Statement ignored
18/11/2020 10:54:55: [Método: System.Data.Common.DbDataReader ExecuteDbDataReader(System.Data.CommandBehavior), Línea: 0] - ORA-06550: línea 1, columna 7:
PLS-00201: el identificador 'MRVMM_P.PKG_MRV_INICIATIVA_MITIGACION' se debe declarar
ORA-06550: línea 1, columna 7:
PL/SQL: Statement ignored
18/11/2020 10:54:55: [Método: System.Data.IDataReader System.Data.IDbCommand.ExecuteReader(System.Data.CommandBehavior), Línea: 0] - ORA-06550: línea 1, columna 7:
PLS-00201: el identificador 'MRVMM_P.PKG_MRV_INICIATIVA_MITIGACION' se debe declarar
ORA-06550: línea 1, columna 7:
PL/SQL: Statement ignored
18/11/2020 10:54:55: [Método: System.Data.IDataReader ExecuteReaderWithFlagsFallback(System.Data.IDbCommand, Boolean, System.Data.CommandBehavior), Línea: 0] - ORA-06550: línea 1, columna 7:
PLS-00201: el identificador 'MRVMM_P.PKG_MRV_INICIATIVA_MITIGACION' se debe declarar
ORA-06550: línea 1, columna 7:
PL/SQL: Statement ignored
18/11/2020 10:54:55: [Método: Boolean MoveNext(), Línea: 0] - ORA-06550: línea 1, columna 7:
PLS-00201: el identificador 'MRVMM_P.PKG_MRV_INICIATIVA_MITIGACION' se debe declarar
ORA-06550: línea 1, columna 7:
PL/SQL: Statement ignored
18/11/2020 10:54:55: [Método: Void .ctor(System.Collections.Generic.IEnumerable`1[T]), Línea: 0] - ORA-06550: línea 1, columna 7:
PLS-00201: el identificador 'MRVMM_P.PKG_MRV_INICIATIVA_MITIGACION' se debe declarar
ORA-06550: línea 1, columna 7:
PL/SQL: Statement ignored
18/11/2020 10:54:55: [Método: System.Collections.Generic.List`1[TSource] ToList[TSource](System.Collections.Generic.IEnumerable`1[TSource]), Línea: 0] - ORA-06550: línea 1, columna 7:
PLS-00201: el identificador 'MRVMM_P.PKG_MRV_INICIATIVA_MITIGACION' se debe declarar
ORA-06550: línea 1, columna 7:
PL/SQL: Statement ignored
18/11/2020 10:54:55: [Método: System.Collections.Generic.IEnumerable`1[T] Query[T](System.Data.IDbConnection, System.String, System.Object, System.Data.IDbTransaction, Boolean, System.Nullable`1[System.Int32], System.Nullable`1[System.Data.CommandType]), Línea: 0] - ORA-06550: línea 1, columna 7:
PLS-00201: el identificador 'MRVMM_P.PKG_MRV_INICIATIVA_MITIGACION' se debe declarar
ORA-06550: línea 1, columna 7:
PL/SQL: Statement ignored
18/11/2020 10:54:55: [Método: System.Collections.Generic.List`1[entidad.minem.gob.pe.MedidaMitigacionBE] ListarMedidaMitigacion(entidad.minem.gob.pe.MedidaMitigacionBE), Línea: 30] - ORA-06550: línea 1, columna 7:
PLS-00201: el identificador 'MRVMM_P.PKG_MRV_INICIATIVA_MITIGACION' se debe declarar
ORA-06550: línea 1, columna 7:
PL/SQL: Statement ignored
18/11/2020 10:54:57: [Método: Void HandleErrorHelper(Int32, Oracle.DataAccess.Client.OracleConnection, IntPtr, Oracle.DataAccess.Client.OpoSqlValCtx*, System.Object, System.String, Boolean, Int32, Oracle.DataAccess.Client.OracleLogicalTransaction), Línea: 0] - ORA-06550: línea 1, columna 7:
PLS-00201: el identificador 'MRVMM_P.PKG_MRV_REPORTES' se debe declarar
ORA-06550: línea 1, columna 7:
PL/SQL: Statement ignored
18/11/2020 10:54:57: [Método: Void HandleError(Int32, Oracle.DataAccess.Client.OracleConnection, System.String, IntPtr, Oracle.DataAccess.Client.OpoSqlValCtx*, System.Object, Boolean, Oracle.DataAccess.Client.OracleLogicalTransaction), Línea: 0] - ORA-06550: línea 1, columna 7:
PLS-00201: el identificador 'MRVMM_P.PKG_MRV_REPORTES' se debe declarar
ORA-06550: línea 1, columna 7:
PL/SQL: Statement ignored
18/11/2020 10:54:57: [Método: Oracle.DataAccess.Client.OracleDataReader ExecuteReader(Boolean, Boolean, System.Data.CommandBehavior), Línea: 0] - ORA-06550: línea 1, columna 7:
PLS-00201: el identificador 'MRVMM_P.PKG_MRV_REPORTES' se debe declarar
ORA-06550: línea 1, columna 7:
PL/SQL: Statement ignored
18/11/2020 10:54:57: [Método: System.Data.Common.DbDataReader ExecuteDbDataReader(System.Data.CommandBehavior), Línea: 0] - ORA-06550: línea 1, columna 7:
PLS-00201: el identificador 'MRVMM_P.PKG_MRV_REPORTES' se debe declarar
ORA-06550: línea 1, columna 7:
PL/SQL: Statement ignored
18/11/2020 10:54:57: [Método: System.Data.IDataReader System.Data.IDbCommand.ExecuteReader(System.Data.CommandBehavior), Línea: 0] - ORA-06550: línea 1, columna 7:
PLS-00201: el identificador 'MRVMM_P.PKG_MRV_REPORTES' se debe declarar
ORA-06550: línea 1, columna 7:
PL/SQL: Statement ignored
18/11/2020 10:54:57: [Método: System.Data.IDataReader ExecuteReaderWithFlagsFallback(System.Data.IDbCommand, Boolean, System.Data.CommandBehavior), Línea: 0] - ORA-06550: línea 1, columna 7:
PLS-00201: el identificador 'MRVMM_P.PKG_MRV_REPORTES' se debe declarar
ORA-06550: línea 1, columna 7:
PL/SQL: Statement ignored
18/11/2020 10:54:57: [Método: Boolean MoveNext(), Línea: 0] - ORA-06550: línea 1, columna 7:
PLS-00201: el identificador 'MRVMM_P.PKG_MRV_REPORTES' se debe declarar
ORA-06550: línea 1, columna 7:
PL/SQL: Statement ignored
18/11/2020 10:54:57: [Método: Void .ctor(System.Collections.Generic.IEnumerable`1[T]), Línea: 0] - ORA-06550: línea 1, columna 7:
PLS-00201: el identificador 'MRVMM_P.PKG_MRV_REPORTES' se debe declarar
ORA-06550: línea 1, columna 7:
PL/SQL: Statement ignored
18/11/2020 10:54:57: [Método: System.Collections.Generic.List`1[TSource] ToList[TSource](System.Collections.Generic.IEnumerable`1[TSource]), Línea: 0] - ORA-06550: línea 1, columna 7:
PLS-00201: el identificador 'MRVMM_P.PKG_MRV_REPORTES' se debe declarar
ORA-06550: línea 1, columna 7:
PL/SQL: Statement ignored
18/11/2020 10:54:57: [Método: System.Collections.Generic.IEnumerable`1[T] Query[T](System.Data.IDbConnection, System.String, System.Object, System.Data.IDbTransaction, Boolean, System.Nullable`1[System.Int32], System.Nullable`1[System.Data.CommandType]), Línea: 0] - ORA-06550: línea 1, columna 7:
PLS-00201: el identificador 'MRVMM_P.PKG_MRV_REPORTES' se debe declarar
ORA-06550: línea 1, columna 7:
PL/SQL: Statement ignored
18/11/2020 10:54:57: [Método: System.Collections.Generic.List`1[entidad.minem.gob.pe.IniciativaBE] MostrarGeiporAnio(entidad.minem.gob.pe.IniciativaBE), Línea: 1460] - ORA-06550: línea 1, columna 7:
PLS-00201: el identificador 'MRVMM_P.PKG_MRV_REPORTES' se debe declarar
ORA-06550: línea 1, columna 7:
PL/SQL: Statement ignored
18/11/2020 10:54:58: [Método: Void HandleErrorHelper(Int32, Oracle.DataAccess.Client.OracleConnection, IntPtr, Oracle.DataAccess.Client.OpoSqlValCtx*, System.Object, System.String, Boolean, Int32, Oracle.DataAccess.Client.OracleLogicalTransaction), Línea: 0] - ORA-06550: línea 1, columna 7:
PLS-00201: el identificador 'MRVMM_P.PKG_MRV_ADMIN_SISTEMA' se debe declarar
ORA-06550: línea 1, columna 7:
PL/SQL: Statement ignored
18/11/2020 10:54:58: [Método: Void HandleError(Int32, Oracle.DataAccess.Client.OracleConnection, System.String, IntPtr, Oracle.DataAccess.Client.OpoSqlValCtx*, System.Object, Boolean, Oracle.DataAccess.Client.OracleLogicalTransaction), Línea: 0] - ORA-06550: línea 1, columna 7:
PLS-00201: el identificador 'MRVMM_P.PKG_MRV_ADMIN_SISTEMA' se debe declarar
ORA-06550: línea 1, columna 7:
PL/SQL: Statement ignored
18/11/2020 10:54:58: [Método: Oracle.DataAccess.Client.OracleDataReader ExecuteReader(Boolean, Boolean, System.Data.CommandBehavior), Línea: 0] - ORA-06550: línea 1, columna 7:
PLS-00201: el identificador 'MRVMM_P.PKG_MRV_ADMIN_SISTEMA' se debe declarar
ORA-06550: línea 1, columna 7:
PL/SQL: Statement ignored
18/11/2020 10:54:58: [Método: System.Data.Common.DbDataReader ExecuteDbDataReader(System.Data.CommandBehavior), Línea: 0] - ORA-06550: línea 1, columna 7:
PLS-00201: el identificador 'MRVMM_P.PKG_MRV_ADMIN_SISTEMA' se debe declarar
ORA-06550: línea 1, columna 7:
PL/SQL: Statement ignored
18/11/2020 10:54:58: [Método: System.Data.IDataReader System.Data.IDbCommand.ExecuteReader(System.Data.CommandBehavior), Línea: 0] - ORA-06550: línea 1, columna 7:
PLS-00201: el identificador 'MRVMM_P.PKG_MRV_ADMIN_SISTEMA' se debe declarar
ORA-06550: línea 1, columna 7:
PL/SQL: Statement ignored
18/11/2020 10:54:58: [Método: System.Data.IDataReader ExecuteReaderWithFlagsFallback(System.Data.IDbCommand, Boolean, System.Data.CommandBehavior), Línea: 0] - ORA-06550: línea 1, columna 7:
PLS-00201: el identificador 'MRVMM_P.PKG_MRV_ADMIN_SISTEMA' se debe declarar
ORA-06550: línea 1, columna 7:
PL/SQL: Statement ignored
18/11/2020 10:54:58: [Método: Boolean MoveNext(), Línea: 0] - ORA-06550: línea 1, columna 7:
PLS-00201: el identificador 'MRVMM_P.PKG_MRV_ADMIN_SISTEMA' se debe declarar
ORA-06550: línea 1, columna 7:
PL/SQL: Statement ignored
18/11/2020 10:54:58: [Método: Void .ctor(System.Collections.Generic.IEnumerable`1[T]), Línea: 0] - ORA-06550: línea 1, columna 7:
PLS-00201: el identificador 'MRVMM_P.PKG_MRV_ADMIN_SISTEMA' se debe declarar
ORA-06550: línea 1, columna 7:
PL/SQL: Statement ignored
18/11/2020 10:54:58: [Método: System.Collections.Generic.List`1[TSource] ToList[TSource](System.Collections.Generic.IEnumerable`1[TSource]), Línea: 0] - ORA-06550: línea 1, columna 7:
PLS-00201: el identificador 'MRVMM_P.PKG_MRV_ADMIN_SISTEMA' se debe declarar
ORA-06550: línea 1, columna 7:
PL/SQL: Statement ignored
18/11/2020 10:54:58: [Método: System.Collections.Generic.IEnumerable`1[T] Query[T](System.Data.IDbConnection, System.String, System.Object, System.Data.IDbTransaction, Boolean, System.Nullable`1[System.Int32], System.Nullable`1[System.Data.CommandType]), Línea: 0] - ORA-06550: línea 1, columna 7:
PLS-00201: el identificador 'MRVMM_P.PKG_MRV_ADMIN_SISTEMA' se debe declarar
ORA-06550: línea 1, columna 7:
PL/SQL: Statement ignored
18/11/2020 10:54:58: [Método: System.Collections.Generic.List`1[entidad.minem.gob.pe.SectorInstitucionBE] ListaSectorInstitucion(entidad.minem.gob.pe.SectorInstitucionBE), Línea: 33] - ORA-06550: línea 1, columna 7:
PLS-00201: el identificador 'MRVMM_P.PKG_MRV_ADMIN_SISTEMA' se debe declarar
ORA-06550: línea 1, columna 7:
PL/SQL: Statement ignored
18/11/2020 18:23:42: [Método: Void HandleErrorHelper(Int32, Oracle.DataAccess.Client.OracleConnection, IntPtr, Oracle.DataAccess.Client.OpoSqlValCtx*, System.Object, System.String, Boolean, Int32, Oracle.DataAccess.Client.OracleLogicalTransaction), Línea: 0] - ORA-00936: falta una expresión
ORA-06512: en "MRVMM.PKG_MRV_REPORTES", línea 247
ORA-06512: en "MRVMM.PKG_MRV_REPORTES", línea 247
ORA-06512: en "MRVMM.PKG_MRV_REPORTES", línea 39
ORA-06512: en "MRVMM.PKG_MRV_REPORTES", línea 39
ORA-06512: en línea 1
18/11/2020 18:23:42: [Método: Void HandleError(Int32, Oracle.DataAccess.Client.OracleConnection, System.String, IntPtr, Oracle.DataAccess.Client.OpoSqlValCtx*, System.Object, Boolean, Oracle.DataAccess.Client.OracleLogicalTransaction), Línea: 0] - ORA-00936: falta una expresión
ORA-06512: en "MRVMM.PKG_MRV_REPORTES", línea 247
ORA-06512: en "MRVMM.PKG_MRV_REPORTES", línea 247
ORA-06512: en "MRVMM.PKG_MRV_REPORTES", línea 39
ORA-06512: en "MRVMM.PKG_MRV_REPORTES", línea 39
ORA-06512: en línea 1
18/11/2020 18:23:42: [Método: Int32 ExecuteNonQuery(), Línea: 0] - ORA-00936: falta una expresión
ORA-06512: en "MRVMM.PKG_MRV_REPORTES", línea 247
ORA-06512: en "MRVMM.PKG_MRV_REPORTES", línea 247
ORA-06512: en "MRVMM.PKG_MRV_REPORTES", línea 39
ORA-06512: en "MRVMM.PKG_MRV_REPORTES", línea 39
ORA-06512: en línea 1
18/11/2020 18:23:42: [Método: Int32 ExecuteCommand(System.Data.IDbConnection, Dapper.CommandDefinition ByRef, System.Action`2[System.Data.IDbCommand,System.Object]), Línea: 0] - ORA-00936: falta una expresión
ORA-06512: en "MRVMM.PKG_MRV_REPORTES", línea 247
ORA-06512: en "MRVMM.PKG_MRV_REPORTES", línea 247
ORA-06512: en "MRVMM.PKG_MRV_REPORTES", línea 39
ORA-06512: en "MRVMM.PKG_MRV_REPORTES", línea 39
ORA-06512: en línea 1
18/11/2020 18:23:42: [Método: Int32 ExecuteImpl(System.Data.IDbConnection, Dapper.CommandDefinition ByRef), Línea: 0] - ORA-00936: falta una expresión
ORA-06512: en "MRVMM.PKG_MRV_REPORTES", línea 247
ORA-06512: en "MRVMM.PKG_MRV_REPORTES", línea 247
ORA-06512: en "MRVMM.PKG_MRV_REPORTES", línea 39
ORA-06512: en "MRVMM.PKG_MRV_REPORTES", línea 39
ORA-06512: en línea 1
18/11/2020 18:23:42: [Método: Int32 Execute(System.Data.IDbConnection, System.String, System.Object, System.Data.IDbTransaction, System.Nullable`1[System.Int32], System.Nullable`1[System.Data.CommandType]), Línea: 0] - ORA-00936: falta una expresión
ORA-06512: en "MRVMM.PKG_MRV_REPORTES", línea 247
ORA-06512: en "MRVMM.PKG_MRV_REPORTES", línea 247
ORA-06512: en "MRVMM.PKG_MRV_REPORTES", línea 39
ORA-06512: en "MRVMM.PKG_MRV_REPORTES", línea 39
ORA-06512: en línea 1
18/11/2020 18:23:42: [Método: Boolean RecalcularValores(), Línea: 2798] - ORA-00936: falta una expresión
ORA-06512: en "MRVMM.PKG_MRV_REPORTES", línea 247
ORA-06512: en "MRVMM.PKG_MRV_REPORTES", línea 247
ORA-06512: en "MRVMM.PKG_MRV_REPORTES", línea 39
ORA-06512: en "MRVMM.PKG_MRV_REPORTES", línea 39
ORA-06512: en línea 1
18/11/2020 18:27:22: [Método: Void HandleErrorHelper(Int32, Oracle.DataAccess.Client.OracleConnection, IntPtr, Oracle.DataAccess.Client.OpoSqlValCtx*, System.Object, System.String, Boolean, Int32, Oracle.DataAccess.Client.OracleLogicalTransaction), Línea: 0] - ORA-00936: falta una expresión
ORA-06512: en "MRVMM.PKG_MRV_REPORTES", línea 247
ORA-06512: en "MRVMM.PKG_MRV_REPORTES", línea 247
ORA-06512: en "MRVMM.PKG_MRV_REPORTES", línea 39
ORA-06512: en "MRVMM.PKG_MRV_REPORTES", línea 39
ORA-06512: en línea 1
18/11/2020 18:27:22: [Método: Void HandleError(Int32, Oracle.DataAccess.Client.OracleConnection, System.String, IntPtr, Oracle.DataAccess.Client.OpoSqlValCtx*, System.Object, Boolean, Oracle.DataAccess.Client.OracleLogicalTransaction), Línea: 0] - ORA-00936: falta una expresión
ORA-06512: en "MRVMM.PKG_MRV_REPORTES", línea 247
ORA-06512: en "MRVMM.PKG_MRV_REPORTES", línea 247
ORA-06512: en "MRVMM.PKG_MRV_REPORTES", línea 39
ORA-06512: en "MRVMM.PKG_MRV_REPORTES", línea 39
ORA-06512: en línea 1
18/11/2020 18:27:22: [Método: Int32 ExecuteNonQuery(), Línea: 0] - ORA-00936: falta una expresión
ORA-06512: en "MRVMM.PKG_MRV_REPORTES", línea 247
ORA-06512: en "MRVMM.PKG_MRV_REPORTES", línea 247
ORA-06512: en "MRVMM.PKG_MRV_REPORTES", línea 39
ORA-06512: en "MRVMM.PKG_MRV_REPORTES", línea 39
ORA-06512: en línea 1
18/11/2020 18:27:22: [Método: Int32 ExecuteCommand(System.Data.IDbConnection, Dapper.CommandDefinition ByRef, System.Action`2[System.Data.IDbCommand,System.Object]), Línea: 0] - ORA-00936: falta una expresión
ORA-06512: en "MRVMM.PKG_MRV_REPORTES", línea 247
ORA-06512: en "MRVMM.PKG_MRV_REPORTES", línea 247
ORA-06512: en "MRVMM.PKG_MRV_REPORTES", línea 39
ORA-06512: en "MRVMM.PKG_MRV_REPORTES", línea 39
ORA-06512: en línea 1
18/11/2020 18:27:22: [Método: Int32 ExecuteImpl(System.Data.IDbConnection, Dapper.CommandDefinition ByRef), Línea: 0] - ORA-00936: falta una expresión
ORA-06512: en "MRVMM.PKG_MRV_REPORTES", línea 247
ORA-06512: en "MRVMM.PKG_MRV_REPORTES", línea 247
ORA-06512: en "MRVMM.PKG_MRV_REPORTES", línea 39
ORA-06512: en "MRVMM.PKG_MRV_REPORTES", línea 39
ORA-06512: en línea 1
18/11/2020 18:27:22: [Método: Int32 Execute(System.Data.IDbConnection, System.String, System.Object, System.Data.IDbTransaction, System.Nullable`1[System.Int32], System.Nullable`1[System.Data.CommandType]), Línea: 0] - ORA-00936: falta una expresión
ORA-06512: en "MRVMM.PKG_MRV_REPORTES", línea 247
ORA-06512: en "MRVMM.PKG_MRV_REPORTES", línea 247
ORA-06512: en "MRVMM.PKG_MRV_REPORTES", línea 39
ORA-06512: en "MRVMM.PKG_MRV_REPORTES", línea 39
ORA-06512: en línea 1
18/11/2020 18:27:22: [Método: Boolean RecalcularValores(), Línea: 2798] - ORA-00936: falta una expresión
ORA-06512: en "MRVMM.PKG_MRV_REPORTES", línea 247
ORA-06512: en "MRVMM.PKG_MRV_REPORTES", línea 247
ORA-06512: en "MRVMM.PKG_MRV_REPORTES", línea 39
ORA-06512: en "MRVMM.PKG_MRV_REPORTES", línea 39
ORA-06512: en línea 1
