24/04/2020 10:54:51: [Método: Void HandleUnknownAction(System.String), Línea: 0] - No se encuentra un método de acción público 'ValidarCaptcha' en el controlador 'MRVMinem.Controllers.HomeController'.
24/04/2020 10:54:51: [Método: Void <BeginExecuteCore>b__1d(System.IAsyncResult, ExecuteCoreState), Línea: 0] - No se encuentra un método de acción público 'ValidarCaptcha' en el controlador 'MRVMinem.Controllers.HomeController'.
24/04/2020 10:54:51: [Método: System.Web.Mvc.Async.AsyncVoid CallEndDelegate(System.IAsyncResult), Línea: 0] - No se encuentra un método de acción público 'ValidarCaptcha' en el controlador 'MRVMinem.Controllers.HomeController'.
24/04/2020 10:54:51: [Método: TResult End(), Línea: 0] - No se encuentra un método de acción público 'ValidarCaptcha' en el controlador 'MRVMinem.Controllers.HomeController'.
24/04/2020 10:54:51: [Método: Void EndExecuteCore(System.IAsyncResult), Línea: 0] - No se encuentra un método de acción público 'ValidarCaptcha' en el controlador 'MRVMinem.Controllers.HomeController'.
24/04/2020 10:54:51: [Método: Void <BeginExecute>b__15(System.IAsyncResult, System.Web.Mvc.Controller), Línea: 0] - No se encuentra un método de acción público 'ValidarCaptcha' en el controlador 'MRVMinem.Controllers.HomeController'.
24/04/2020 10:54:51: [Método: System.Web.Mvc.Async.AsyncVoid CallEndDelegate(System.IAsyncResult), Línea: 0] - No se encuentra un método de acción público 'ValidarCaptcha' en el controlador 'MRVMinem.Controllers.HomeController'.
24/04/2020 10:54:51: [Método: TResult End(), Línea: 0] - No se encuentra un método de acción público 'ValidarCaptcha' en el controlador 'MRVMinem.Controllers.HomeController'.
24/04/2020 10:54:51: [Método: Void EndExecute(System.IAsyncResult), Línea: 0] - No se encuentra un método de acción público 'ValidarCaptcha' en el controlador 'MRVMinem.Controllers.HomeController'.
24/04/2020 10:54:51: [Método: Void System.Web.Mvc.Async.IAsyncController.EndExecute(System.IAsyncResult), Línea: 0] - No se encuentra un método de acción público 'ValidarCaptcha' en el controlador 'MRVMinem.Controllers.HomeController'.
24/04/2020 10:54:51: [Método: Void <BeginProcessRequest>b__5(System.IAsyncResult, ProcessRequestState), Línea: 0] - No se encuentra un método de acción público 'ValidarCaptcha' en el controlador 'MRVMinem.Controllers.HomeController'.
24/04/2020 10:54:51: [Método: System.Web.Mvc.Async.AsyncVoid CallEndDelegate(System.IAsyncResult), Línea: 0] - No se encuentra un método de acción público 'ValidarCaptcha' en el controlador 'MRVMinem.Controllers.HomeController'.
24/04/2020 10:54:51: [Método: TResult End(), Línea: 0] - No se encuentra un método de acción público 'ValidarCaptcha' en el controlador 'MRVMinem.Controllers.HomeController'.
24/04/2020 10:54:51: [Método: Void EndProcessRequest(System.IAsyncResult), Línea: 0] - No se encuentra un método de acción público 'ValidarCaptcha' en el controlador 'MRVMinem.Controllers.HomeController'.
24/04/2020 10:54:51: [Método: Void System.Web.IHttpAsyncHandler.EndProcessRequest(System.IAsyncResult), Línea: 0] - No se encuentra un método de acción público 'ValidarCaptcha' en el controlador 'MRVMinem.Controllers.HomeController'.
24/04/2020 10:54:51: [Método: Void System.Web.HttpApplication.IExecutionStep.Execute(), Línea: 0] - No se encuentra un método de acción público 'ValidarCaptcha' en el controlador 'MRVMinem.Controllers.HomeController'.
24/04/2020 10:54:51: [Método: Void ExecuteStepImpl(IExecutionStep), Línea: 0] - No se encuentra un método de acción público 'ValidarCaptcha' en el controlador 'MRVMinem.Controllers.HomeController'.
24/04/2020 10:54:51: [Método: System.Exception ExecuteStep(IExecutionStep, Boolean ByRef), Línea: 0] - No se encuentra un método de acción público 'ValidarCaptcha' en el controlador 'MRVMinem.Controllers.HomeController'.
24/04/2020 10:54:59: [Método: Void HandleUnknownAction(System.String), Línea: 0] - No se encuentra un método de acción público 'ValidarCaptcha' en el controlador 'MRVMinem.Controllers.HomeController'.
24/04/2020 10:54:59: [Método: Void <BeginExecuteCore>b__1d(System.IAsyncResult, ExecuteCoreState), Línea: 0] - No se encuentra un método de acción público 'ValidarCaptcha' en el controlador 'MRVMinem.Controllers.HomeController'.
24/04/2020 10:54:59: [Método: System.Web.Mvc.Async.AsyncVoid CallEndDelegate(System.IAsyncResult), Línea: 0] - No se encuentra un método de acción público 'ValidarCaptcha' en el controlador 'MRVMinem.Controllers.HomeController'.
24/04/2020 10:54:59: [Método: TResult End(), Línea: 0] - No se encuentra un método de acción público 'ValidarCaptcha' en el controlador 'MRVMinem.Controllers.HomeController'.
24/04/2020 10:54:59: [Método: Void EndExecuteCore(System.IAsyncResult), Línea: 0] - No se encuentra un método de acción público 'ValidarCaptcha' en el controlador 'MRVMinem.Controllers.HomeController'.
24/04/2020 10:54:59: [Método: Void <BeginExecute>b__15(System.IAsyncResult, System.Web.Mvc.Controller), Línea: 0] - No se encuentra un método de acción público 'ValidarCaptcha' en el controlador 'MRVMinem.Controllers.HomeController'.
24/04/2020 10:54:59: [Método: System.Web.Mvc.Async.AsyncVoid CallEndDelegate(System.IAsyncResult), Línea: 0] - No se encuentra un método de acción público 'ValidarCaptcha' en el controlador 'MRVMinem.Controllers.HomeController'.
24/04/2020 10:54:59: [Método: TResult End(), Línea: 0] - No se encuentra un método de acción público 'ValidarCaptcha' en el controlador 'MRVMinem.Controllers.HomeController'.
24/04/2020 10:54:59: [Método: Void EndExecute(System.IAsyncResult), Línea: 0] - No se encuentra un método de acción público 'ValidarCaptcha' en el controlador 'MRVMinem.Controllers.HomeController'.
24/04/2020 10:54:59: [Método: Void System.Web.Mvc.Async.IAsyncController.EndExecute(System.IAsyncResult), Línea: 0] - No se encuentra un método de acción público 'ValidarCaptcha' en el controlador 'MRVMinem.Controllers.HomeController'.
24/04/2020 10:54:59: [Método: Void <BeginProcessRequest>b__5(System.IAsyncResult, ProcessRequestState), Línea: 0] - No se encuentra un método de acción público 'ValidarCaptcha' en el controlador 'MRVMinem.Controllers.HomeController'.
24/04/2020 10:54:59: [Método: System.Web.Mvc.Async.AsyncVoid CallEndDelegate(System.IAsyncResult), Línea: 0] - No se encuentra un método de acción público 'ValidarCaptcha' en el controlador 'MRVMinem.Controllers.HomeController'.
24/04/2020 10:54:59: [Método: TResult End(), Línea: 0] - No se encuentra un método de acción público 'ValidarCaptcha' en el controlador 'MRVMinem.Controllers.HomeController'.
24/04/2020 10:54:59: [Método: Void EndProcessRequest(System.IAsyncResult), Línea: 0] - No se encuentra un método de acción público 'ValidarCaptcha' en el controlador 'MRVMinem.Controllers.HomeController'.
24/04/2020 10:54:59: [Método: Void System.Web.IHttpAsyncHandler.EndProcessRequest(System.IAsyncResult), Línea: 0] - No se encuentra un método de acción público 'ValidarCaptcha' en el controlador 'MRVMinem.Controllers.HomeController'.
24/04/2020 10:54:59: [Método: Void System.Web.HttpApplication.IExecutionStep.Execute(), Línea: 0] - No se encuentra un método de acción público 'ValidarCaptcha' en el controlador 'MRVMinem.Controllers.HomeController'.
24/04/2020 10:54:59: [Método: Void ExecuteStepImpl(IExecutionStep), Línea: 0] - No se encuentra un método de acción público 'ValidarCaptcha' en el controlador 'MRVMinem.Controllers.HomeController'.
24/04/2020 10:54:59: [Método: System.Exception ExecuteStep(IExecutionStep, Boolean ByRef), Línea: 0] - No se encuentra un método de acción público 'ValidarCaptcha' en el controlador 'MRVMinem.Controllers.HomeController'.
24/04/2020 10:55:46: [Método: Void HandleUnknownAction(System.String), Línea: 0] - No se encuentra un método de acción público 'ValidarCaptcha' en el controlador 'MRVMinem.Controllers.HomeController'.
24/04/2020 10:55:46: [Método: Void <BeginExecuteCore>b__1d(System.IAsyncResult, ExecuteCoreState), Línea: 0] - No se encuentra un método de acción público 'ValidarCaptcha' en el controlador 'MRVMinem.Controllers.HomeController'.
24/04/2020 10:55:46: [Método: System.Web.Mvc.Async.AsyncVoid CallEndDelegate(System.IAsyncResult), Línea: 0] - No se encuentra un método de acción público 'ValidarCaptcha' en el controlador 'MRVMinem.Controllers.HomeController'.
24/04/2020 10:55:46: [Método: TResult End(), Línea: 0] - No se encuentra un método de acción público 'ValidarCaptcha' en el controlador 'MRVMinem.Controllers.HomeController'.
24/04/2020 10:55:46: [Método: Void EndExecuteCore(System.IAsyncResult), Línea: 0] - No se encuentra un método de acción público 'ValidarCaptcha' en el controlador 'MRVMinem.Controllers.HomeController'.
24/04/2020 10:55:46: [Método: Void <BeginExecute>b__15(System.IAsyncResult, System.Web.Mvc.Controller), Línea: 0] - No se encuentra un método de acción público 'ValidarCaptcha' en el controlador 'MRVMinem.Controllers.HomeController'.
24/04/2020 10:55:46: [Método: System.Web.Mvc.Async.AsyncVoid CallEndDelegate(System.IAsyncResult), Línea: 0] - No se encuentra un método de acción público 'ValidarCaptcha' en el controlador 'MRVMinem.Controllers.HomeController'.
24/04/2020 10:55:46: [Método: TResult End(), Línea: 0] - No se encuentra un método de acción público 'ValidarCaptcha' en el controlador 'MRVMinem.Controllers.HomeController'.
24/04/2020 10:55:46: [Método: Void EndExecute(System.IAsyncResult), Línea: 0] - No se encuentra un método de acción público 'ValidarCaptcha' en el controlador 'MRVMinem.Controllers.HomeController'.
24/04/2020 10:55:46: [Método: Void System.Web.Mvc.Async.IAsyncController.EndExecute(System.IAsyncResult), Línea: 0] - No se encuentra un método de acción público 'ValidarCaptcha' en el controlador 'MRVMinem.Controllers.HomeController'.
24/04/2020 10:55:46: [Método: Void <BeginProcessRequest>b__5(System.IAsyncResult, ProcessRequestState), Línea: 0] - No se encuentra un método de acción público 'ValidarCaptcha' en el controlador 'MRVMinem.Controllers.HomeController'.
24/04/2020 10:55:46: [Método: System.Web.Mvc.Async.AsyncVoid CallEndDelegate(System.IAsyncResult), Línea: 0] - No se encuentra un método de acción público 'ValidarCaptcha' en el controlador 'MRVMinem.Controllers.HomeController'.
24/04/2020 10:55:46: [Método: TResult End(), Línea: 0] - No se encuentra un método de acción público 'ValidarCaptcha' en el controlador 'MRVMinem.Controllers.HomeController'.
24/04/2020 10:55:46: [Método: Void EndProcessRequest(System.IAsyncResult), Línea: 0] - No se encuentra un método de acción público 'ValidarCaptcha' en el controlador 'MRVMinem.Controllers.HomeController'.
24/04/2020 10:55:46: [Método: Void System.Web.IHttpAsyncHandler.EndProcessRequest(System.IAsyncResult), Línea: 0] - No se encuentra un método de acción público 'ValidarCaptcha' en el controlador 'MRVMinem.Controllers.HomeController'.
24/04/2020 10:55:46: [Método: Void System.Web.HttpApplication.IExecutionStep.Execute(), Línea: 0] - No se encuentra un método de acción público 'ValidarCaptcha' en el controlador 'MRVMinem.Controllers.HomeController'.
24/04/2020 10:55:46: [Método: Void ExecuteStepImpl(IExecutionStep), Línea: 0] - No se encuentra un método de acción público 'ValidarCaptcha' en el controlador 'MRVMinem.Controllers.HomeController'.
24/04/2020 10:55:46: [Método: System.Exception ExecuteStep(IExecutionStep, Boolean ByRef), Línea: 0] - No se encuentra un método de acción público 'ValidarCaptcha' en el controlador 'MRVMinem.Controllers.HomeController'.
24/04/2020 10:57:06: [Método: Void HandleUnknownAction(System.String), Línea: 0] - No se encuentra un método de acción público 'ValidarCaptcha' en el controlador 'MRVMinem.Controllers.HomeController'.
24/04/2020 10:57:06: [Método: Void <BeginExecuteCore>b__1d(System.IAsyncResult, ExecuteCoreState), Línea: 0] - No se encuentra un método de acción público 'ValidarCaptcha' en el controlador 'MRVMinem.Controllers.HomeController'.
24/04/2020 10:57:06: [Método: System.Web.Mvc.Async.AsyncVoid CallEndDelegate(System.IAsyncResult), Línea: 0] - No se encuentra un método de acción público 'ValidarCaptcha' en el controlador 'MRVMinem.Controllers.HomeController'.
24/04/2020 10:57:06: [Método: TResult End(), Línea: 0] - No se encuentra un método de acción público 'ValidarCaptcha' en el controlador 'MRVMinem.Controllers.HomeController'.
24/04/2020 10:57:06: [Método: Void EndExecuteCore(System.IAsyncResult), Línea: 0] - No se encuentra un método de acción público 'ValidarCaptcha' en el controlador 'MRVMinem.Controllers.HomeController'.
24/04/2020 10:57:06: [Método: Void <BeginExecute>b__15(System.IAsyncResult, System.Web.Mvc.Controller), Línea: 0] - No se encuentra un método de acción público 'ValidarCaptcha' en el controlador 'MRVMinem.Controllers.HomeController'.
24/04/2020 10:57:06: [Método: System.Web.Mvc.Async.AsyncVoid CallEndDelegate(System.IAsyncResult), Línea: 0] - No se encuentra un método de acción público 'ValidarCaptcha' en el controlador 'MRVMinem.Controllers.HomeController'.
24/04/2020 10:57:06: [Método: TResult End(), Línea: 0] - No se encuentra un método de acción público 'ValidarCaptcha' en el controlador 'MRVMinem.Controllers.HomeController'.
24/04/2020 10:57:06: [Método: Void EndExecute(System.IAsyncResult), Línea: 0] - No se encuentra un método de acción público 'ValidarCaptcha' en el controlador 'MRVMinem.Controllers.HomeController'.
24/04/2020 10:57:06: [Método: Void System.Web.Mvc.Async.IAsyncController.EndExecute(System.IAsyncResult), Línea: 0] - No se encuentra un método de acción público 'ValidarCaptcha' en el controlador 'MRVMinem.Controllers.HomeController'.
24/04/2020 10:57:06: [Método: Void <BeginProcessRequest>b__5(System.IAsyncResult, ProcessRequestState), Línea: 0] - No se encuentra un método de acción público 'ValidarCaptcha' en el controlador 'MRVMinem.Controllers.HomeController'.
24/04/2020 10:57:06: [Método: System.Web.Mvc.Async.AsyncVoid CallEndDelegate(System.IAsyncResult), Línea: 0] - No se encuentra un método de acción público 'ValidarCaptcha' en el controlador 'MRVMinem.Controllers.HomeController'.
24/04/2020 10:57:06: [Método: TResult End(), Línea: 0] - No se encuentra un método de acción público 'ValidarCaptcha' en el controlador 'MRVMinem.Controllers.HomeController'.
24/04/2020 10:57:06: [Método: Void EndProcessRequest(System.IAsyncResult), Línea: 0] - No se encuentra un método de acción público 'ValidarCaptcha' en el controlador 'MRVMinem.Controllers.HomeController'.
24/04/2020 10:57:06: [Método: Void System.Web.IHttpAsyncHandler.EndProcessRequest(System.IAsyncResult), Línea: 0] - No se encuentra un método de acción público 'ValidarCaptcha' en el controlador 'MRVMinem.Controllers.HomeController'.
24/04/2020 10:57:06: [Método: Void System.Web.HttpApplication.IExecutionStep.Execute(), Línea: 0] - No se encuentra un método de acción público 'ValidarCaptcha' en el controlador 'MRVMinem.Controllers.HomeController'.
24/04/2020 10:57:06: [Método: Void ExecuteStepImpl(IExecutionStep), Línea: 0] - No se encuentra un método de acción público 'ValidarCaptcha' en el controlador 'MRVMinem.Controllers.HomeController'.
24/04/2020 10:57:06: [Método: System.Exception ExecuteStep(IExecutionStep, Boolean ByRef), Línea: 0] - No se encuentra un método de acción público 'ValidarCaptcha' en el controlador 'MRVMinem.Controllers.HomeController'.
24/04/2020 11:38:07: [Método: System.Web.Mvc.IController GetControllerInstance(System.Web.Routing.RequestContext, System.Type), Línea: 0] - No se encuentra el controlador de la ruta de acceso '/mrv-minem/Portal/ReestablecerClave/324' o no implementa IController.
24/04/2020 11:38:07: [Método: System.Web.Mvc.IController CreateController(System.Web.Routing.RequestContext, System.String), Línea: 0] - No se encuentra el controlador de la ruta de acceso '/mrv-minem/Portal/ReestablecerClave/324' o no implementa IController.
24/04/2020 11:38:07: [Método: Void ProcessRequestInit(System.Web.HttpContextBase, System.Web.Mvc.IController ByRef, System.Web.Mvc.IControllerFactory ByRef), Línea: 0] - No se encuentra el controlador de la ruta de acceso '/mrv-minem/Portal/ReestablecerClave/324' o no implementa IController.
24/04/2020 11:38:07: [Método: System.IAsyncResult BeginProcessRequest(System.Web.HttpContextBase, System.AsyncCallback, System.Object), Línea: 0] - No se encuentra el controlador de la ruta de acceso '/mrv-minem/Portal/ReestablecerClave/324' o no implementa IController.
24/04/2020 11:38:07: [Método: System.IAsyncResult BeginProcessRequest(System.Web.HttpContext, System.AsyncCallback, System.Object), Línea: 0] - No se encuentra el controlador de la ruta de acceso '/mrv-minem/Portal/ReestablecerClave/324' o no implementa IController.
24/04/2020 11:38:07: [Método: System.IAsyncResult System.Web.IHttpAsyncHandler.BeginProcessRequest(System.Web.HttpContext, System.AsyncCallback, System.Object), Línea: 0] - No se encuentra el controlador de la ruta de acceso '/mrv-minem/Portal/ReestablecerClave/324' o no implementa IController.
24/04/2020 11:38:07: [Método: Void System.Web.HttpApplication.IExecutionStep.Execute(), Línea: 0] - No se encuentra el controlador de la ruta de acceso '/mrv-minem/Portal/ReestablecerClave/324' o no implementa IController.
24/04/2020 11:38:07: [Método: Void ExecuteStepImpl(IExecutionStep), Línea: 0] - No se encuentra el controlador de la ruta de acceso '/mrv-minem/Portal/ReestablecerClave/324' o no implementa IController.
24/04/2020 11:38:07: [Método: System.Exception ExecuteStep(IExecutionStep, Boolean ByRef), Línea: 0] - No se encuentra el controlador de la ruta de acceso '/mrv-minem/Portal/ReestablecerClave/324' o no implementa IController.
24/04/2020 12:04:52: [Método: System.Object ExtractParameterFromDictionary(System.Reflection.ParameterInfo, System.Collections.Generic.IDictionary`2[System.String,System.Object], System.Reflection.MethodInfo), Línea: 0] - El diccionario de parámetros contiene una entrada NULL para el parámetro 'id' del tipo que no acepta valores NULL 'System.Int32' del método 'System.Web.Mvc.ActionResult ReestablecerClave(Int32)' en 'MRVMinem.Controllers.PortalController'. Un parámetro opcional debe ser un tipo de referencia, un tipo que acepte valores NULL o debe declararse como parámetro opcional.
Nombre del parámetro: parameters
24/04/2020 12:04:52: [Método: System.Object Execute(System.Web.Mvc.ControllerContext, System.Collections.Generic.IDictionary`2[System.String,System.Object]), Línea: 0] - El diccionario de parámetros contiene una entrada NULL para el parámetro 'id' del tipo que no acepta valores NULL 'System.Int32' del método 'System.Web.Mvc.ActionResult ReestablecerClave(Int32)' en 'MRVMinem.Controllers.PortalController'. Un parámetro opcional debe ser un tipo de referencia, un tipo que acepte valores NULL o debe declararse como parámetro opcional.
Nombre del parámetro: parameters
24/04/2020 12:04:52: [Método: System.Web.Mvc.ActionResult InvokeActionMethod(System.Web.Mvc.ControllerContext, System.Web.Mvc.ActionDescriptor, System.Collections.Generic.IDictionary`2[System.String,System.Object]), Línea: 0] - El diccionario de parámetros contiene una entrada NULL para el parámetro 'id' del tipo que no acepta valores NULL 'System.Int32' del método 'System.Web.Mvc.ActionResult ReestablecerClave(Int32)' en 'MRVMinem.Controllers.PortalController'. Un parámetro opcional debe ser un tipo de referencia, un tipo que acepte valores NULL o debe declararse como parámetro opcional.
Nombre del parámetro: parameters
24/04/2020 12:04:52: [Método: System.Web.Mvc.ActionResult <BeginInvokeSynchronousActionMethod>b__39(System.IAsyncResult, ActionInvocation), Línea: 0] - El diccionario de parámetros contiene una entrada NULL para el parámetro 'id' del tipo que no acepta valores NULL 'System.Int32' del método 'System.Web.Mvc.ActionResult ReestablecerClave(Int32)' en 'MRVMinem.Controllers.PortalController'. Un parámetro opcional debe ser un tipo de referencia, un tipo que acepte valores NULL o debe declararse como parámetro opcional.
Nombre del parámetro: parameters
24/04/2020 12:04:52: [Método: TResult CallEndDelegate(System.IAsyncResult), Línea: 0] - El diccionario de parámetros contiene una entrada NULL para el parámetro 'id' del tipo que no acepta valores NULL 'System.Int32' del método 'System.Web.Mvc.ActionResult ReestablecerClave(Int32)' en 'MRVMinem.Controllers.PortalController'. Un parámetro opcional debe ser un tipo de referencia, un tipo que acepte valores NULL o debe declararse como parámetro opcional.
Nombre del parámetro: parameters
24/04/2020 12:04:52: [Método: TResult End(), Línea: 0] - El diccionario de parámetros contiene una entrada NULL para el parámetro 'id' del tipo que no acepta valores NULL 'System.Int32' del método 'System.Web.Mvc.ActionResult ReestablecerClave(Int32)' en 'MRVMinem.Controllers.PortalController'. Un parámetro opcional debe ser un tipo de referencia, un tipo que acepte valores NULL o debe declararse como parámetro opcional.
Nombre del parámetro: parameters
24/04/2020 12:04:52: [Método: System.Web.Mvc.ActionResult EndInvokeActionMethod(System.IAsyncResult), Línea: 0] - El diccionario de parámetros contiene una entrada NULL para el parámetro 'id' del tipo que no acepta valores NULL 'System.Int32' del método 'System.Web.Mvc.ActionResult ReestablecerClave(Int32)' en 'MRVMinem.Controllers.PortalController'. Un parámetro opcional debe ser un tipo de referencia, un tipo que acepte valores NULL o debe declararse como parámetro opcional.
Nombre del parámetro: parameters
24/04/2020 12:04:52: [Método: System.Web.Mvc.ActionExecutedContext <InvokeActionMethodFilterAsynchronouslyRecursive>b__3d(), Línea: 0] - El diccionario de parámetros contiene una entrada NULL para el parámetro 'id' del tipo que no acepta valores NULL 'System.Int32' del método 'System.Web.Mvc.ActionResult ReestablecerClave(Int32)' en 'MRVMinem.Controllers.PortalController'. Un parámetro opcional debe ser un tipo de referencia, un tipo que acepte valores NULL o debe declararse como parámetro opcional.
Nombre del parámetro: parameters
24/04/2020 12:04:52: [Método: System.Web.Mvc.ActionExecutedContext <InvokeActionMethodFilterAsynchronouslyRecursive>b__3f(), Línea: 0] - El diccionario de parámetros contiene una entrada NULL para el parámetro 'id' del tipo que no acepta valores NULL 'System.Int32' del método 'System.Web.Mvc.ActionResult ReestablecerClave(Int32)' en 'MRVMinem.Controllers.PortalController'. Un parámetro opcional debe ser un tipo de referencia, un tipo que acepte valores NULL o debe declararse como parámetro opcional.
Nombre del parámetro: parameters
24/04/2020 12:04:52: [Método: System.Web.Mvc.ActionExecutedContext <BeginInvokeActionMethodWithFilters>b__32(System.IAsyncResult), Línea: 0] - El diccionario de parámetros contiene una entrada NULL para el parámetro 'id' del tipo que no acepta valores NULL 'System.Int32' del método 'System.Web.Mvc.ActionResult ReestablecerClave(Int32)' en 'MRVMinem.Controllers.PortalController'. Un parámetro opcional debe ser un tipo de referencia, un tipo que acepte valores NULL o debe declararse como parámetro opcional.
Nombre del parámetro: parameters
24/04/2020 12:04:52: [Método: TResult CallEndDelegate(System.IAsyncResult), Línea: 0] - El diccionario de parámetros contiene una entrada NULL para el parámetro 'id' del tipo que no acepta valores NULL 'System.Int32' del método 'System.Web.Mvc.ActionResult ReestablecerClave(Int32)' en 'MRVMinem.Controllers.PortalController'. Un parámetro opcional debe ser un tipo de referencia, un tipo que acepte valores NULL o debe declararse como parámetro opcional.
Nombre del parámetro: parameters
24/04/2020 12:04:52: [Método: TResult End(), Línea: 0] - El diccionario de parámetros contiene una entrada NULL para el parámetro 'id' del tipo que no acepta valores NULL 'System.Int32' del método 'System.Web.Mvc.ActionResult ReestablecerClave(Int32)' en 'MRVMinem.Controllers.PortalController'. Un parámetro opcional debe ser un tipo de referencia, un tipo que acepte valores NULL o debe declararse como parámetro opcional.
Nombre del parámetro: parameters
24/04/2020 12:04:52: [Método: System.Web.Mvc.ActionExecutedContext EndInvokeActionMethodWithFilters(System.IAsyncResult), Línea: 0] - El diccionario de parámetros contiene una entrada NULL para el parámetro 'id' del tipo que no acepta valores NULL 'System.Int32' del método 'System.Web.Mvc.ActionResult ReestablecerClave(Int32)' en 'MRVMinem.Controllers.PortalController'. Un parámetro opcional debe ser un tipo de referencia, un tipo que acepte valores NULL o debe declararse como parámetro opcional.
Nombre del parámetro: parameters
24/04/2020 12:04:52: [Método: Void <BeginInvokeAction>b__1c(), Línea: 0] - El diccionario de parámetros contiene una entrada NULL para el parámetro 'id' del tipo que no acepta valores NULL 'System.Int32' del método 'System.Web.Mvc.ActionResult ReestablecerClave(Int32)' en 'MRVMinem.Controllers.PortalController'. Un parámetro opcional debe ser un tipo de referencia, un tipo que acepte valores NULL o debe declararse como parámetro opcional.
Nombre del parámetro: parameters
24/04/2020 12:04:52: [Método: Boolean <BeginInvokeAction>b__1e(System.IAsyncResult), Línea: 0] - El diccionario de parámetros contiene una entrada NULL para el parámetro 'id' del tipo que no acepta valores NULL 'System.Int32' del método 'System.Web.Mvc.ActionResult ReestablecerClave(Int32)' en 'MRVMinem.Controllers.PortalController'. Un parámetro opcional debe ser un tipo de referencia, un tipo que acepte valores NULL o debe declararse como parámetro opcional.
Nombre del parámetro: parameters
24/04/2020 12:04:52: [Método: TResult CallEndDelegate(System.IAsyncResult), Línea: 0] - El diccionario de parámetros contiene una entrada NULL para el parámetro 'id' del tipo que no acepta valores NULL 'System.Int32' del método 'System.Web.Mvc.ActionResult ReestablecerClave(Int32)' en 'MRVMinem.Controllers.PortalController'. Un parámetro opcional debe ser un tipo de referencia, un tipo que acepte valores NULL o debe declararse como parámetro opcional.
Nombre del parámetro: parameters
24/04/2020 12:04:52: [Método: TResult End(), Línea: 0] - El diccionario de parámetros contiene una entrada NULL para el parámetro 'id' del tipo que no acepta valores NULL 'System.Int32' del método 'System.Web.Mvc.ActionResult ReestablecerClave(Int32)' en 'MRVMinem.Controllers.PortalController'. Un parámetro opcional debe ser un tipo de referencia, un tipo que acepte valores NULL o debe declararse como parámetro opcional.
Nombre del parámetro: parameters
24/04/2020 12:04:52: [Método: Boolean EndInvokeAction(System.IAsyncResult), Línea: 0] - El diccionario de parámetros contiene una entrada NULL para el parámetro 'id' del tipo que no acepta valores NULL 'System.Int32' del método 'System.Web.Mvc.ActionResult ReestablecerClave(Int32)' en 'MRVMinem.Controllers.PortalController'. Un parámetro opcional debe ser un tipo de referencia, un tipo que acepte valores NULL o debe declararse como parámetro opcional.
Nombre del parámetro: parameters
24/04/2020 12:04:52: [Método: Void <BeginExecuteCore>b__1d(System.IAsyncResult, ExecuteCoreState), Línea: 0] - El diccionario de parámetros contiene una entrada NULL para el parámetro 'id' del tipo que no acepta valores NULL 'System.Int32' del método 'System.Web.Mvc.ActionResult ReestablecerClave(Int32)' en 'MRVMinem.Controllers.PortalController'. Un parámetro opcional debe ser un tipo de referencia, un tipo que acepte valores NULL o debe declararse como parámetro opcional.
Nombre del parámetro: parameters
24/04/2020 12:04:52: [Método: System.Web.Mvc.Async.AsyncVoid CallEndDelegate(System.IAsyncResult), Línea: 0] - El diccionario de parámetros contiene una entrada NULL para el parámetro 'id' del tipo que no acepta valores NULL 'System.Int32' del método 'System.Web.Mvc.ActionResult ReestablecerClave(Int32)' en 'MRVMinem.Controllers.PortalController'. Un parámetro opcional debe ser un tipo de referencia, un tipo que acepte valores NULL o debe declararse como parámetro opcional.
Nombre del parámetro: parameters
24/04/2020 12:04:52: [Método: TResult End(), Línea: 0] - El diccionario de parámetros contiene una entrada NULL para el parámetro 'id' del tipo que no acepta valores NULL 'System.Int32' del método 'System.Web.Mvc.ActionResult ReestablecerClave(Int32)' en 'MRVMinem.Controllers.PortalController'. Un parámetro opcional debe ser un tipo de referencia, un tipo que acepte valores NULL o debe declararse como parámetro opcional.
Nombre del parámetro: parameters
24/04/2020 12:04:52: [Método: Void EndExecuteCore(System.IAsyncResult), Línea: 0] - El diccionario de parámetros contiene una entrada NULL para el parámetro 'id' del tipo que no acepta valores NULL 'System.Int32' del método 'System.Web.Mvc.ActionResult ReestablecerClave(Int32)' en 'MRVMinem.Controllers.PortalController'. Un parámetro opcional debe ser un tipo de referencia, un tipo que acepte valores NULL o debe declararse como parámetro opcional.
Nombre del parámetro: parameters
24/04/2020 12:04:52: [Método: Void <BeginExecute>b__15(System.IAsyncResult, System.Web.Mvc.Controller), Línea: 0] - El diccionario de parámetros contiene una entrada NULL para el parámetro 'id' del tipo que no acepta valores NULL 'System.Int32' del método 'System.Web.Mvc.ActionResult ReestablecerClave(Int32)' en 'MRVMinem.Controllers.PortalController'. Un parámetro opcional debe ser un tipo de referencia, un tipo que acepte valores NULL o debe declararse como parámetro opcional.
Nombre del parámetro: parameters
24/04/2020 12:04:52: [Método: System.Web.Mvc.Async.AsyncVoid CallEndDelegate(System.IAsyncResult), Línea: 0] - El diccionario de parámetros contiene una entrada NULL para el parámetro 'id' del tipo que no acepta valores NULL 'System.Int32' del método 'System.Web.Mvc.ActionResult ReestablecerClave(Int32)' en 'MRVMinem.Controllers.PortalController'. Un parámetro opcional debe ser un tipo de referencia, un tipo que acepte valores NULL o debe declararse como parámetro opcional.
Nombre del parámetro: parameters
24/04/2020 12:04:52: [Método: TResult End(), Línea: 0] - El diccionario de parámetros contiene una entrada NULL para el parámetro 'id' del tipo que no acepta valores NULL 'System.Int32' del método 'System.Web.Mvc.ActionResult ReestablecerClave(Int32)' en 'MRVMinem.Controllers.PortalController'. Un parámetro opcional debe ser un tipo de referencia, un tipo que acepte valores NULL o debe declararse como parámetro opcional.
Nombre del parámetro: parameters
24/04/2020 12:04:52: [Método: Void EndExecute(System.IAsyncResult), Línea: 0] - El diccionario de parámetros contiene una entrada NULL para el parámetro 'id' del tipo que no acepta valores NULL 'System.Int32' del método 'System.Web.Mvc.ActionResult ReestablecerClave(Int32)' en 'MRVMinem.Controllers.PortalController'. Un parámetro opcional debe ser un tipo de referencia, un tipo que acepte valores NULL o debe declararse como parámetro opcional.
Nombre del parámetro: parameters
24/04/2020 12:04:52: [Método: Void System.Web.Mvc.Async.IAsyncController.EndExecute(System.IAsyncResult), Línea: 0] - El diccionario de parámetros contiene una entrada NULL para el parámetro 'id' del tipo que no acepta valores NULL 'System.Int32' del método 'System.Web.Mvc.ActionResult ReestablecerClave(Int32)' en 'MRVMinem.Controllers.PortalController'. Un parámetro opcional debe ser un tipo de referencia, un tipo que acepte valores NULL o debe declararse como parámetro opcional.
Nombre del parámetro: parameters
24/04/2020 12:04:52: [Método: Void <BeginProcessRequest>b__5(System.IAsyncResult, ProcessRequestState), Línea: 0] - El diccionario de parámetros contiene una entrada NULL para el parámetro 'id' del tipo que no acepta valores NULL 'System.Int32' del método 'System.Web.Mvc.ActionResult ReestablecerClave(Int32)' en 'MRVMinem.Controllers.PortalController'. Un parámetro opcional debe ser un tipo de referencia, un tipo que acepte valores NULL o debe declararse como parámetro opcional.
Nombre del parámetro: parameters
24/04/2020 12:04:52: [Método: System.Web.Mvc.Async.AsyncVoid CallEndDelegate(System.IAsyncResult), Línea: 0] - El diccionario de parámetros contiene una entrada NULL para el parámetro 'id' del tipo que no acepta valores NULL 'System.Int32' del método 'System.Web.Mvc.ActionResult ReestablecerClave(Int32)' en 'MRVMinem.Controllers.PortalController'. Un parámetro opcional debe ser un tipo de referencia, un tipo que acepte valores NULL o debe declararse como parámetro opcional.
Nombre del parámetro: parameters
24/04/2020 12:04:52: [Método: TResult End(), Línea: 0] - El diccionario de parámetros contiene una entrada NULL para el parámetro 'id' del tipo que no acepta valores NULL 'System.Int32' del método 'System.Web.Mvc.ActionResult ReestablecerClave(Int32)' en 'MRVMinem.Controllers.PortalController'. Un parámetro opcional debe ser un tipo de referencia, un tipo que acepte valores NULL o debe declararse como parámetro opcional.
Nombre del parámetro: parameters
24/04/2020 12:04:52: [Método: Void EndProcessRequest(System.IAsyncResult), Línea: 0] - El diccionario de parámetros contiene una entrada NULL para el parámetro 'id' del tipo que no acepta valores NULL 'System.Int32' del método 'System.Web.Mvc.ActionResult ReestablecerClave(Int32)' en 'MRVMinem.Controllers.PortalController'. Un parámetro opcional debe ser un tipo de referencia, un tipo que acepte valores NULL o debe declararse como parámetro opcional.
Nombre del parámetro: parameters
24/04/2020 12:04:52: [Método: Void System.Web.IHttpAsyncHandler.EndProcessRequest(System.IAsyncResult), Línea: 0] - El diccionario de parámetros contiene una entrada NULL para el parámetro 'id' del tipo que no acepta valores NULL 'System.Int32' del método 'System.Web.Mvc.ActionResult ReestablecerClave(Int32)' en 'MRVMinem.Controllers.PortalController'. Un parámetro opcional debe ser un tipo de referencia, un tipo que acepte valores NULL o debe declararse como parámetro opcional.
Nombre del parámetro: parameters
24/04/2020 12:04:52: [Método: Void System.Web.HttpApplication.IExecutionStep.Execute(), Línea: 0] - El diccionario de parámetros contiene una entrada NULL para el parámetro 'id' del tipo que no acepta valores NULL 'System.Int32' del método 'System.Web.Mvc.ActionResult ReestablecerClave(Int32)' en 'MRVMinem.Controllers.PortalController'. Un parámetro opcional debe ser un tipo de referencia, un tipo que acepte valores NULL o debe declararse como parámetro opcional.
Nombre del parámetro: parameters
24/04/2020 12:04:52: [Método: Void ExecuteStepImpl(IExecutionStep), Línea: 0] - El diccionario de parámetros contiene una entrada NULL para el parámetro 'id' del tipo que no acepta valores NULL 'System.Int32' del método 'System.Web.Mvc.ActionResult ReestablecerClave(Int32)' en 'MRVMinem.Controllers.PortalController'. Un parámetro opcional debe ser un tipo de referencia, un tipo que acepte valores NULL o debe declararse como parámetro opcional.
Nombre del parámetro: parameters
24/04/2020 12:04:52: [Método: System.Exception ExecuteStep(IExecutionStep, Boolean ByRef), Línea: 0] - El diccionario de parámetros contiene una entrada NULL para el parámetro 'id' del tipo que no acepta valores NULL 'System.Int32' del método 'System.Web.Mvc.ActionResult ReestablecerClave(Int32)' en 'MRVMinem.Controllers.PortalController'. Un parámetro opcional debe ser un tipo de referencia, un tipo que acepte valores NULL o debe declararse como parámetro opcional.
Nombre del parámetro: parameters
