19/03/2020 02:33:57 p.m.: [Método: System.Net.WebResponse EndGetResponse(System.IAsyncResult), Línea: 0] - No se pudo encontrar el archivo 'C:\Users\JK\Downloads\PLANTILLA_MINEN\CONECTADO\ORDENADO\git-new-repository\back-end\Web Dinamico 2\MRVMinem\images\header.jpg'.
19/03/2020 02:33:57 p.m.: [Método: System.Net.WebResponse GetResponse(), Línea: 0] - No se pudo encontrar el archivo 'C:\Users\JK\Downloads\PLANTILLA_MINEN\CONECTADO\ORDENADO\git-new-repository\back-end\Web Dinamico 2\MRVMinem\images\header.jpg'.
19/03/2020 02:33:57 p.m.: [Método: iTextSharp.text.Image GetInstance(System.Uri, Boolean), Línea: 0] - No se pudo encontrar el archivo 'C:\Users\JK\Downloads\PLANTILLA_MINEN\CONECTADO\ORDENADO\git-new-repository\back-end\Web Dinamico 2\MRVMinem\images\header.jpg'.
19/03/2020 02:33:57 p.m.: [Método: iTextSharp.text.Image GetInstance(System.String), Línea: 0] - No se pudo encontrar el archivo 'C:\Users\JK\Downloads\PLANTILLA_MINEN\CONECTADO\ORDENADO\git-new-repository\back-end\Web Dinamico 2\MRVMinem\images\header.jpg'.
19/03/2020 02:33:57 p.m.: [Método: Boolean HTMLToPDF(entidad.minem.gob.pe.IniciativaBE), Línea: 2858] - No se pudo encontrar el archivo 'C:\Users\JK\Downloads\PLANTILLA_MINEN\CONECTADO\ORDENADO\git-new-repository\back-end\Web Dinamico 2\MRVMinem\images\header.jpg'.
19/03/2020 02:34:35 p.m.: [Método: System.Net.WebResponse EndGetResponse(System.IAsyncResult), Línea: 0] - No se pudo encontrar el archivo 'C:\Users\JK\Downloads\PLANTILLA_MINEN\CONECTADO\ORDENADO\git-new-repository\back-end\Web Dinamico 2\MRVMinem\images\header.jpg'.
19/03/2020 02:34:35 p.m.: [Método: System.Net.WebResponse GetResponse(), Línea: 0] - No se pudo encontrar el archivo 'C:\Users\JK\Downloads\PLANTILLA_MINEN\CONECTADO\ORDENADO\git-new-repository\back-end\Web Dinamico 2\MRVMinem\images\header.jpg'.
19/03/2020 02:34:35 p.m.: [Método: iTextSharp.text.Image GetInstance(System.Uri, Boolean), Línea: 0] - No se pudo encontrar el archivo 'C:\Users\JK\Downloads\PLANTILLA_MINEN\CONECTADO\ORDENADO\git-new-repository\back-end\Web Dinamico 2\MRVMinem\images\header.jpg'.
19/03/2020 02:34:35 p.m.: [Método: iTextSharp.text.Image GetInstance(System.String), Línea: 0] - No se pudo encontrar el archivo 'C:\Users\JK\Downloads\PLANTILLA_MINEN\CONECTADO\ORDENADO\git-new-repository\back-end\Web Dinamico 2\MRVMinem\images\header.jpg'.
19/03/2020 02:34:35 p.m.: [Método: Boolean HTMLToPDF(entidad.minem.gob.pe.IniciativaBE), Línea: 2858] - No se pudo encontrar el archivo 'C:\Users\JK\Downloads\PLANTILLA_MINEN\CONECTADO\ORDENADO\git-new-repository\back-end\Web Dinamico 2\MRVMinem\images\header.jpg'.
19/03/2020 02:34:46 p.m.: [Método: Void WinIOError(Int32, System.String), Línea: 0] - El proceso no puede obtener acceso al archivo 'C:\Users\JK\Downloads\PLANTILLA_MINEN\CONECTADO\ORDENADO\git-new-repository\back-end\Web Dinamico 2\MRVMinem\Temp\624_MRV.pdf' porque está siendo utilizado en otro proceso.
19/03/2020 02:34:46 p.m.: [Método: Void Init(System.String, System.IO.FileMode, System.IO.FileAccess, Int32, Boolean, System.IO.FileShare, Int32, System.IO.FileOptions, SECURITY_ATTRIBUTES, System.String, Boolean, Boolean, Boolean), Línea: 0] - El proceso no puede obtener acceso al archivo 'C:\Users\JK\Downloads\PLANTILLA_MINEN\CONECTADO\ORDENADO\git-new-repository\back-end\Web Dinamico 2\MRVMinem\Temp\624_MRV.pdf' porque está siendo utilizado en otro proceso.
19/03/2020 02:34:46 p.m.: [Método: Void .ctor(System.String, System.IO.FileMode, System.IO.FileAccess, System.IO.FileShare, Int32, System.IO.FileOptions, System.String, Boolean), Línea: 0] - El proceso no puede obtener acceso al archivo 'C:\Users\JK\Downloads\PLANTILLA_MINEN\CONECTADO\ORDENADO\git-new-repository\back-end\Web Dinamico 2\MRVMinem\Temp\624_MRV.pdf' porque está siendo utilizado en otro proceso.
19/03/2020 02:34:46 p.m.: [Método: Void .ctor(System.String, System.IO.FileMode), Línea: 0] - El proceso no puede obtener acceso al archivo 'C:\Users\JK\Downloads\PLANTILLA_MINEN\CONECTADO\ORDENADO\git-new-repository\back-end\Web Dinamico 2\MRVMinem\Temp\624_MRV.pdf' porque está siendo utilizado en otro proceso.
19/03/2020 02:34:46 p.m.: [Método: Boolean HTMLToPDF(entidad.minem.gob.pe.IniciativaBE), Línea: 2849] - El proceso no puede obtener acceso al archivo 'C:\Users\JK\Downloads\PLANTILLA_MINEN\CONECTADO\ORDENADO\git-new-repository\back-end\Web Dinamico 2\MRVMinem\Temp\624_MRV.pdf' porque está siendo utilizado en otro proceso.
19/03/2020 03:39:25 p.m.: [Método: System.Text.StringBuilder AppendFormatHelper(System.IFormatProvider, System.String, System.ParamsArray), Línea: 0] - La cadena de entrada no tiene el formato correcto.
19/03/2020 03:39:25 p.m.: [Método: System.String FormatHelper(System.IFormatProvider, System.String, System.ParamsArray), Línea: 0] - La cadena de entrada no tiene el formato correcto.
19/03/2020 03:39:25 p.m.: [Método: System.String Format(System.IFormatProvider, System.String, System.Object[]), Línea: 0] - La cadena de entrada no tiene el formato correcto.
19/03/2020 03:39:25 p.m.: [Método: System.String BuildFicha(Int32, Int32), Línea: 0] - La cadena de entrada no tiene el formato correcto.
19/03/2020 03:39:25 p.m.: [Método: Boolean HTMLToPDF(entidad.minem.gob.pe.IniciativaBE), Línea: 0] - La cadena de entrada no tiene el formato correcto.
