19/04/2021 15:13:11: [Método: System.Web.Mvc.JsonResult ProcesarExcel(System.Web.HttpPostedFileBase, entidad.minem.gob.pe.ParametroBE), Línea: 153] - Referencia a objeto no establecida como instancia de un objeto.
19/04/2021 15:37:22: [Método: Void HandleUnknownAction(System.String), Línea: 0] - No se encuentra un método de acción público 'Default' en el controlador 'MRVMinem.Controllers.ErrorController'.
19/04/2021 15:37:22: [Método: Void <BeginExecuteCore>b__1d(System.IAsyncResult, ExecuteCoreState), Línea: 0] - No se encuentra un método de acción público 'Default' en el controlador 'MRVMinem.Controllers.ErrorController'.
19/04/2021 15:37:22: [Método: System.Web.Mvc.Async.AsyncVoid CallEndDelegate(System.IAsyncResult), Línea: 0] - No se encuentra un método de acción público 'Default' en el controlador 'MRVMinem.Controllers.ErrorController'.
19/04/2021 15:37:22: [Método: TResult End(), Línea: 0] - No se encuentra un método de acción público 'Default' en el controlador 'MRVMinem.Controllers.ErrorController'.
19/04/2021 15:37:22: [Método: Void EndExecuteCore(System.IAsyncResult), Línea: 0] - No se encuentra un método de acción público 'Default' en el controlador 'MRVMinem.Controllers.ErrorController'.
19/04/2021 15:37:22: [Método: Void <BeginExecute>b__15(System.IAsyncResult, System.Web.Mvc.Controller), Línea: 0] - No se encuentra un método de acción público 'Default' en el controlador 'MRVMinem.Controllers.ErrorController'.
19/04/2021 15:37:22: [Método: System.Web.Mvc.Async.AsyncVoid CallEndDelegate(System.IAsyncResult), Línea: 0] - No se encuentra un método de acción público 'Default' en el controlador 'MRVMinem.Controllers.ErrorController'.
19/04/2021 15:37:22: [Método: TResult End(), Línea: 0] - No se encuentra un método de acción público 'Default' en el controlador 'MRVMinem.Controllers.ErrorController'.
19/04/2021 15:37:22: [Método: Void EndExecute(System.IAsyncResult), Línea: 0] - No se encuentra un método de acción público 'Default' en el controlador 'MRVMinem.Controllers.ErrorController'.
19/04/2021 15:37:22: [Método: Void System.Web.Mvc.Async.IAsyncController.EndExecute(System.IAsyncResult), Línea: 0] - No se encuentra un método de acción público 'Default' en el controlador 'MRVMinem.Controllers.ErrorController'.
19/04/2021 15:37:22: [Método: Void <BeginProcessRequest>b__5(System.IAsyncResult, ProcessRequestState), Línea: 0] - No se encuentra un método de acción público 'Default' en el controlador 'MRVMinem.Controllers.ErrorController'.
19/04/2021 15:37:22: [Método: System.Web.Mvc.Async.AsyncVoid CallEndDelegate(System.IAsyncResult), Línea: 0] - No se encuentra un método de acción público 'Default' en el controlador 'MRVMinem.Controllers.ErrorController'.
19/04/2021 15:37:22: [Método: TResult End(), Línea: 0] - No se encuentra un método de acción público 'Default' en el controlador 'MRVMinem.Controllers.ErrorController'.
19/04/2021 15:37:22: [Método: Void EndProcessRequest(System.IAsyncResult), Línea: 0] - No se encuentra un método de acción público 'Default' en el controlador 'MRVMinem.Controllers.ErrorController'.
19/04/2021 15:37:22: [Método: Void System.Web.IHttpAsyncHandler.EndProcessRequest(System.IAsyncResult), Línea: 0] - No se encuentra un método de acción público 'Default' en el controlador 'MRVMinem.Controllers.ErrorController'.
19/04/2021 15:37:22: [Método: Void System.Web.HttpApplication.IExecutionStep.Execute(), Línea: 0] - No se encuentra un método de acción público 'Default' en el controlador 'MRVMinem.Controllers.ErrorController'.
19/04/2021 15:37:22: [Método: Void ExecuteStepImpl(IExecutionStep), Línea: 0] - No se encuentra un método de acción público 'Default' en el controlador 'MRVMinem.Controllers.ErrorController'.
19/04/2021 15:37:22: [Método: System.Exception ExecuteStep(IExecutionStep, Boolean ByRef), Línea: 0] - No se encuentra un método de acción público 'Default' en el controlador 'MRVMinem.Controllers.ErrorController'.
19/04/2021 15:37:35: [Método: Void HandleUnknownAction(System.String), Línea: 0] - No se encuentra un método de acción público 'Default' en el controlador 'MRVMinem.Controllers.ErrorController'.
19/04/2021 15:37:35: [Método: Void <BeginExecuteCore>b__1d(System.IAsyncResult, ExecuteCoreState), Línea: 0] - No se encuentra un método de acción público 'Default' en el controlador 'MRVMinem.Controllers.ErrorController'.
19/04/2021 15:37:35: [Método: System.Web.Mvc.Async.AsyncVoid CallEndDelegate(System.IAsyncResult), Línea: 0] - No se encuentra un método de acción público 'Default' en el controlador 'MRVMinem.Controllers.ErrorController'.
19/04/2021 15:37:35: [Método: TResult End(), Línea: 0] - No se encuentra un método de acción público 'Default' en el controlador 'MRVMinem.Controllers.ErrorController'.
19/04/2021 15:37:35: [Método: Void EndExecuteCore(System.IAsyncResult), Línea: 0] - No se encuentra un método de acción público 'Default' en el controlador 'MRVMinem.Controllers.ErrorController'.
19/04/2021 15:37:35: [Método: Void <BeginExecute>b__15(System.IAsyncResult, System.Web.Mvc.Controller), Línea: 0] - No se encuentra un método de acción público 'Default' en el controlador 'MRVMinem.Controllers.ErrorController'.
19/04/2021 15:37:35: [Método: System.Web.Mvc.Async.AsyncVoid CallEndDelegate(System.IAsyncResult), Línea: 0] - No se encuentra un método de acción público 'Default' en el controlador 'MRVMinem.Controllers.ErrorController'.
19/04/2021 15:37:35: [Método: TResult End(), Línea: 0] - No se encuentra un método de acción público 'Default' en el controlador 'MRVMinem.Controllers.ErrorController'.
19/04/2021 15:37:35: [Método: Void EndExecute(System.IAsyncResult), Línea: 0] - No se encuentra un método de acción público 'Default' en el controlador 'MRVMinem.Controllers.ErrorController'.
19/04/2021 15:37:35: [Método: Void System.Web.Mvc.Async.IAsyncController.EndExecute(System.IAsyncResult), Línea: 0] - No se encuentra un método de acción público 'Default' en el controlador 'MRVMinem.Controllers.ErrorController'.
19/04/2021 15:37:35: [Método: Void <BeginProcessRequest>b__5(System.IAsyncResult, ProcessRequestState), Línea: 0] - No se encuentra un método de acción público 'Default' en el controlador 'MRVMinem.Controllers.ErrorController'.
19/04/2021 15:37:35: [Método: System.Web.Mvc.Async.AsyncVoid CallEndDelegate(System.IAsyncResult), Línea: 0] - No se encuentra un método de acción público 'Default' en el controlador 'MRVMinem.Controllers.ErrorController'.
19/04/2021 15:37:35: [Método: TResult End(), Línea: 0] - No se encuentra un método de acción público 'Default' en el controlador 'MRVMinem.Controllers.ErrorController'.
19/04/2021 15:37:35: [Método: Void EndProcessRequest(System.IAsyncResult), Línea: 0] - No se encuentra un método de acción público 'Default' en el controlador 'MRVMinem.Controllers.ErrorController'.
19/04/2021 15:37:35: [Método: Void System.Web.IHttpAsyncHandler.EndProcessRequest(System.IAsyncResult), Línea: 0] - No se encuentra un método de acción público 'Default' en el controlador 'MRVMinem.Controllers.ErrorController'.
19/04/2021 15:37:35: [Método: Void System.Web.HttpApplication.IExecutionStep.Execute(), Línea: 0] - No se encuentra un método de acción público 'Default' en el controlador 'MRVMinem.Controllers.ErrorController'.
19/04/2021 15:37:35: [Método: Void ExecuteStepImpl(IExecutionStep), Línea: 0] - No se encuentra un método de acción público 'Default' en el controlador 'MRVMinem.Controllers.ErrorController'.
19/04/2021 15:37:35: [Método: System.Exception ExecuteStep(IExecutionStep, Boolean ByRef), Línea: 0] - No se encuentra un método de acción público 'Default' en el controlador 'MRVMinem.Controllers.ErrorController'.
19/04/2021 15:38:15: [Método: Void HandleUnknownAction(System.String), Línea: 0] - No se encuentra un método de acción público 'Default' en el controlador 'MRVMinem.Controllers.ErrorController'.
19/04/2021 15:38:15: [Método: Void <BeginExecuteCore>b__1d(System.IAsyncResult, ExecuteCoreState), Línea: 0] - No se encuentra un método de acción público 'Default' en el controlador 'MRVMinem.Controllers.ErrorController'.
19/04/2021 15:38:15: [Método: System.Web.Mvc.Async.AsyncVoid CallEndDelegate(System.IAsyncResult), Línea: 0] - No se encuentra un método de acción público 'Default' en el controlador 'MRVMinem.Controllers.ErrorController'.
19/04/2021 15:38:15: [Método: TResult End(), Línea: 0] - No se encuentra un método de acción público 'Default' en el controlador 'MRVMinem.Controllers.ErrorController'.
19/04/2021 15:38:15: [Método: Void EndExecuteCore(System.IAsyncResult), Línea: 0] - No se encuentra un método de acción público 'Default' en el controlador 'MRVMinem.Controllers.ErrorController'.
19/04/2021 15:38:15: [Método: Void <BeginExecute>b__15(System.IAsyncResult, System.Web.Mvc.Controller), Línea: 0] - No se encuentra un método de acción público 'Default' en el controlador 'MRVMinem.Controllers.ErrorController'.
19/04/2021 15:38:15: [Método: System.Web.Mvc.Async.AsyncVoid CallEndDelegate(System.IAsyncResult), Línea: 0] - No se encuentra un método de acción público 'Default' en el controlador 'MRVMinem.Controllers.ErrorController'.
19/04/2021 15:38:15: [Método: TResult End(), Línea: 0] - No se encuentra un método de acción público 'Default' en el controlador 'MRVMinem.Controllers.ErrorController'.
19/04/2021 15:38:15: [Método: Void EndExecute(System.IAsyncResult), Línea: 0] - No se encuentra un método de acción público 'Default' en el controlador 'MRVMinem.Controllers.ErrorController'.
19/04/2021 15:38:15: [Método: Void System.Web.Mvc.Async.IAsyncController.EndExecute(System.IAsyncResult), Línea: 0] - No se encuentra un método de acción público 'Default' en el controlador 'MRVMinem.Controllers.ErrorController'.
19/04/2021 15:38:15: [Método: Void <BeginProcessRequest>b__5(System.IAsyncResult, ProcessRequestState), Línea: 0] - No se encuentra un método de acción público 'Default' en el controlador 'MRVMinem.Controllers.ErrorController'.
19/04/2021 15:38:15: [Método: System.Web.Mvc.Async.AsyncVoid CallEndDelegate(System.IAsyncResult), Línea: 0] - No se encuentra un método de acción público 'Default' en el controlador 'MRVMinem.Controllers.ErrorController'.
19/04/2021 15:38:15: [Método: TResult End(), Línea: 0] - No se encuentra un método de acción público 'Default' en el controlador 'MRVMinem.Controllers.ErrorController'.
19/04/2021 15:38:15: [Método: Void EndProcessRequest(System.IAsyncResult), Línea: 0] - No se encuentra un método de acción público 'Default' en el controlador 'MRVMinem.Controllers.ErrorController'.
19/04/2021 15:38:15: [Método: Void System.Web.IHttpAsyncHandler.EndProcessRequest(System.IAsyncResult), Línea: 0] - No se encuentra un método de acción público 'Default' en el controlador 'MRVMinem.Controllers.ErrorController'.
19/04/2021 15:38:15: [Método: Void System.Web.HttpApplication.IExecutionStep.Execute(), Línea: 0] - No se encuentra un método de acción público 'Default' en el controlador 'MRVMinem.Controllers.ErrorController'.
19/04/2021 15:38:15: [Método: Void ExecuteStepImpl(IExecutionStep), Línea: 0] - No se encuentra un método de acción público 'Default' en el controlador 'MRVMinem.Controllers.ErrorController'.
19/04/2021 15:38:15: [Método: System.Exception ExecuteStep(IExecutionStep, Boolean ByRef), Línea: 0] - No se encuentra un método de acción público 'Default' en el controlador 'MRVMinem.Controllers.ErrorController'.
19/04/2021 17:20:24: [Método: Void HandleErrorHelper(Int32, Oracle.DataAccess.Client.OracleConnection, IntPtr, Oracle.DataAccess.Client.OpoSqlValCtx*, System.Object, System.String, Boolean, Int32, Oracle.DataAccess.Client.OracleLogicalTransaction), Línea: 0] - ORA-00936: falta una expresión
ORA-06512: en "MRVMM.PKG_MRV_INICIATIVA_MITIGACION", línea 4501
ORA-06512: en línea 1
19/04/2021 17:20:24: [Método: Void HandleError(Int32, Oracle.DataAccess.Client.OracleConnection, System.String, IntPtr, Oracle.DataAccess.Client.OpoSqlValCtx*, System.Object, Boolean, Oracle.DataAccess.Client.OracleLogicalTransaction), Línea: 0] - ORA-00936: falta una expresión
ORA-06512: en "MRVMM.PKG_MRV_INICIATIVA_MITIGACION", línea 4501
ORA-06512: en línea 1
19/04/2021 17:20:24: [Método: Oracle.DataAccess.Client.OracleDataReader ExecuteReader(Boolean, Boolean, System.Data.CommandBehavior), Línea: 0] - ORA-00936: falta una expresión
ORA-06512: en "MRVMM.PKG_MRV_INICIATIVA_MITIGACION", línea 4501
ORA-06512: en línea 1
19/04/2021 17:20:24: [Método: System.Data.Common.DbDataReader ExecuteDbDataReader(System.Data.CommandBehavior), Línea: 0] - ORA-00936: falta una expresión
ORA-06512: en "MRVMM.PKG_MRV_INICIATIVA_MITIGACION", línea 4501
ORA-06512: en línea 1
19/04/2021 17:20:24: [Método: System.Data.IDataReader System.Data.IDbCommand.ExecuteReader(System.Data.CommandBehavior), Línea: 0] - ORA-00936: falta una expresión
ORA-06512: en "MRVMM.PKG_MRV_INICIATIVA_MITIGACION", línea 4501
ORA-06512: en línea 1
19/04/2021 17:20:24: [Método: System.Data.IDataReader ExecuteReaderWithFlagsFallback(System.Data.IDbCommand, Boolean, System.Data.CommandBehavior), Línea: 0] - ORA-00936: falta una expresión
ORA-06512: en "MRVMM.PKG_MRV_INICIATIVA_MITIGACION", línea 4501
ORA-06512: en línea 1
19/04/2021 17:20:24: [Método: Boolean MoveNext(), Línea: 0] - ORA-00936: falta una expresión
ORA-06512: en "MRVMM.PKG_MRV_INICIATIVA_MITIGACION", línea 4501
ORA-06512: en línea 1
19/04/2021 17:20:24: [Método: Void .ctor(System.Collections.Generic.IEnumerable`1[T]), Línea: 0] - ORA-00936: falta una expresión
ORA-06512: en "MRVMM.PKG_MRV_INICIATIVA_MITIGACION", línea 4501
ORA-06512: en línea 1
19/04/2021 17:20:24: [Método: System.Collections.Generic.List`1[TSource] ToList[TSource](System.Collections.Generic.IEnumerable`1[TSource]), Línea: 0] - ORA-00936: falta una expresión
ORA-06512: en "MRVMM.PKG_MRV_INICIATIVA_MITIGACION", línea 4501
ORA-06512: en línea 1
19/04/2021 17:20:24: [Método: System.Collections.Generic.IEnumerable`1[T] Query[T](System.Data.IDbConnection, System.String, System.Object, System.Data.IDbTransaction, Boolean, System.Nullable`1[System.Int32], System.Nullable`1[System.Data.CommandType]), Línea: 0] - ORA-00936: falta una expresión
ORA-06512: en "MRVMM.PKG_MRV_INICIATIVA_MITIGACION", línea 4501
ORA-06512: en línea 1
19/04/2021 17:20:24: [Método: System.Collections.Generic.List`1[entidad.minem.gob.pe.IniciativaBE] ListaBusquedaSimplePrivado(entidad.minem.gob.pe.IniciativaBE), Línea: 1454] - ORA-00936: falta una expresión
ORA-06512: en "MRVMM.PKG_MRV_INICIATIVA_MITIGACION", línea 4501
ORA-06512: en línea 1
