25/05/2020 10:29:02: [Método: Void HandleErrorHelper(Int32, Oracle.DataAccess.Client.OracleConnection, IntPtr, Oracle.DataAccess.Client.OpoSqlValCtx*, System.Object, System.String, Boolean, Int32, Oracle.DataAccess.Client.OracleLogicalTransaction), Línea: 0] - ORA-00001: restricción única (MRVMM.PK_PARAMETRO) violada
ORA-06512: en "MRVMM.PKG_MRV_MANTENIMIENTO", línea 3396
ORA-06512: en línea 1
25/05/2020 10:29:02: [Método: Void HandleError(Int32, Oracle.DataAccess.Client.OracleConnection, System.String, IntPtr, Oracle.DataAccess.Client.OpoSqlValCtx*, System.Object, Boolean, Oracle.DataAccess.Client.OracleLogicalTransaction), Línea: 0] - ORA-00001: restricción única (MRVMM.PK_PARAMETRO) violada
ORA-06512: en "MRVMM.PKG_MRV_MANTENIMIENTO", línea 3396
ORA-06512: en línea 1
25/05/2020 10:29:02: [Método: Oracle.DataAccess.Client.OracleDataReader ExecuteReader(Boolean, Boolean, System.Data.CommandBehavior), Línea: 0] - ORA-00001: restricción única (MRVMM.PK_PARAMETRO) violada
ORA-06512: en "MRVMM.PKG_MRV_MANTENIMIENTO", línea 3396
ORA-06512: en línea 1
25/05/2020 10:29:02: [Método: Oracle.DataAccess.Client.OracleDataReader ExecuteReader(), Línea: 0] - ORA-00001: restricción única (MRVMM.PK_PARAMETRO) violada
ORA-06512: en "MRVMM.PKG_MRV_MANTENIMIENTO", línea 3396
ORA-06512: en línea 1
25/05/2020 10:29:02: [Método: System.Object ExecuteScalar(), Línea: 0] - ORA-00001: restricción única (MRVMM.PK_PARAMETRO) violada
ORA-06512: en "MRVMM.PKG_MRV_MANTENIMIENTO", línea 3396
ORA-06512: en línea 1
25/05/2020 10:29:02: [Método: T ExecuteScalarImpl[T](System.Data.IDbConnection, Dapper.CommandDefinition ByRef), Línea: 0] - ORA-00001: restricción única (MRVMM.PK_PARAMETRO) violada
ORA-06512: en "MRVMM.PKG_MRV_MANTENIMIENTO", línea 3396
ORA-06512: en línea 1
25/05/2020 10:29:02: [Método: System.Object ExecuteScalar(System.Data.IDbConnection, System.String, System.Object, System.Data.IDbTransaction, System.Nullable`1[System.Int32], System.Nullable`1[System.Data.CommandType]), Línea: 0] - ORA-00001: restricción única (MRVMM.PK_PARAMETRO) violada
ORA-06512: en "MRVMM.PKG_MRV_MANTENIMIENTO", línea 3396
ORA-06512: en línea 1
25/05/2020 10:29:02: [Método: entidad.minem.gob.pe.ParametroBE RegistrarParametro(entidad.minem.gob.pe.ParametroBE), Línea: 316] - ORA-00001: restricción única (MRVMM.PK_PARAMETRO) violada
ORA-06512: en "MRVMM.PKG_MRV_MANTENIMIENTO", línea 3396
ORA-06512: en línea 1
