16/03/2020 12:55:11 a.m.: [Método: Void HandleErrorHelper(Int32, Oracle.DataAccess.Client.OracleConnection, IntPtr, Oracle.DataAccess.Client.OpoSqlValCtx*, System.Object, System.String, Boolean, Int32, Oracle.DataAccess.Client.OracleLogicalTransaction), Línea: 0] - ORA-06502: PL/SQL: error : buffer de cadenas de caracteres demasiado pequeño numérico o de valor
ORA-06512: en "MRVMM.PKG_MRV_INICIATIVA_MITIGACION", línea 98
ORA-06512: en línea 1
16/03/2020 12:55:11 a.m.: [Método: Void HandleError(Int32, Oracle.DataAccess.Client.OracleConnection, System.String, IntPtr, Oracle.DataAccess.Client.OpoSqlValCtx*, System.Object, Boolean, Oracle.DataAccess.Client.OracleLogicalTransaction), Línea: 0] - ORA-06502: PL/SQL: error : buffer de cadenas de caracteres demasiado pequeño numérico o de valor
ORA-06512: en "MRVMM.PKG_MRV_INICIATIVA_MITIGACION", línea 98
ORA-06512: en línea 1
16/03/2020 12:55:11 a.m.: [Método: Oracle.DataAccess.Client.OracleDataReader ExecuteReader(Boolean, Boolean, System.Data.CommandBehavior), Línea: 0] - ORA-06502: PL/SQL: error : buffer de cadenas de caracteres demasiado pequeño numérico o de valor
ORA-06512: en "MRVMM.PKG_MRV_INICIATIVA_MITIGACION", línea 98
ORA-06512: en línea 1
16/03/2020 12:55:11 a.m.: [Método: System.Data.Common.DbDataReader ExecuteDbDataReader(System.Data.CommandBehavior), Línea: 0] - ORA-06502: PL/SQL: error : buffer de cadenas de caracteres demasiado pequeño numérico o de valor
ORA-06512: en "MRVMM.PKG_MRV_INICIATIVA_MITIGACION", línea 98
ORA-06512: en línea 1
16/03/2020 12:55:11 a.m.: [Método: System.Data.IDataReader System.Data.IDbCommand.ExecuteReader(System.Data.CommandBehavior), Línea: 0] - ORA-06502: PL/SQL: error : buffer de cadenas de caracteres demasiado pequeño numérico o de valor
ORA-06512: en "MRVMM.PKG_MRV_INICIATIVA_MITIGACION", línea 98
ORA-06512: en línea 1
16/03/2020 12:55:11 a.m.: [Método: System.Data.IDataReader ExecuteReaderWithFlagsFallback(System.Data.IDbCommand, Boolean, System.Data.CommandBehavior), Línea: 0] - ORA-06502: PL/SQL: error : buffer de cadenas de caracteres demasiado pequeño numérico o de valor
ORA-06512: en "MRVMM.PKG_MRV_INICIATIVA_MITIGACION", línea 98
ORA-06512: en línea 1
16/03/2020 12:55:11 a.m.: [Método: Boolean MoveNext(), Línea: 0] - ORA-06502: PL/SQL: error : buffer de cadenas de caracteres demasiado pequeño numérico o de valor
ORA-06512: en "MRVMM.PKG_MRV_INICIATIVA_MITIGACION", línea 98
ORA-06512: en línea 1
16/03/2020 12:55:11 a.m.: [Método: Void .ctor(System.Collections.Generic.IEnumerable`1[T]), Línea: 0] - ORA-06502: PL/SQL: error : buffer de cadenas de caracteres demasiado pequeño numérico o de valor
ORA-06512: en "MRVMM.PKG_MRV_INICIATIVA_MITIGACION", línea 98
ORA-06512: en línea 1
16/03/2020 12:55:11 a.m.: [Método: System.Collections.Generic.List`1[TSource] ToList[TSource](System.Collections.Generic.IEnumerable`1[TSource]), Línea: 0] - ORA-06502: PL/SQL: error : buffer de cadenas de caracteres demasiado pequeño numérico o de valor
ORA-06512: en "MRVMM.PKG_MRV_INICIATIVA_MITIGACION", línea 98
ORA-06512: en línea 1
16/03/2020 12:55:11 a.m.: [Método: System.Collections.Generic.IEnumerable`1[T] Query[T](System.Data.IDbConnection, System.String, System.Object, System.Data.IDbTransaction, Boolean, System.Nullable`1[System.Int32], System.Nullable`1[System.Data.CommandType]), Línea: 0] - ORA-06502: PL/SQL: error : buffer de cadenas de caracteres demasiado pequeño numérico o de valor
ORA-06512: en "MRVMM.PKG_MRV_INICIATIVA_MITIGACION", línea 98
ORA-06512: en línea 1
16/03/2020 12:55:11 a.m.: [Método: entidad.minem.gob.pe.IniciativaBE RegistrarIniciativaMitigacion(entidad.minem.gob.pe.IniciativaBE), Línea: 167] - ORA-06502: PL/SQL: error : buffer de cadenas de caracteres demasiado pequeño numérico o de valor
ORA-06512: en "MRVMM.PKG_MRV_INICIATIVA_MITIGACION", línea 98
ORA-06512: en línea 1
16/03/2020 12:58:06 a.m.: [Método: Void HandleErrorHelper(Int32, Oracle.DataAccess.Client.OracleConnection, IntPtr, Oracle.DataAccess.Client.OpoSqlValCtx*, System.Object, System.String, Boolean, Int32, Oracle.DataAccess.Client.OracleLogicalTransaction), Línea: 0] - ORA-06502: PL/SQL: error : buffer de cadenas de caracteres demasiado pequeño numérico o de valor
ORA-06512: en "MRVMM.PKG_MRV_INICIATIVA_MITIGACION", línea 98
ORA-06512: en línea 1
16/03/2020 12:58:06 a.m.: [Método: Void HandleError(Int32, Oracle.DataAccess.Client.OracleConnection, System.String, IntPtr, Oracle.DataAccess.Client.OpoSqlValCtx*, System.Object, Boolean, Oracle.DataAccess.Client.OracleLogicalTransaction), Línea: 0] - ORA-06502: PL/SQL: error : buffer de cadenas de caracteres demasiado pequeño numérico o de valor
ORA-06512: en "MRVMM.PKG_MRV_INICIATIVA_MITIGACION", línea 98
ORA-06512: en línea 1
16/03/2020 12:58:06 a.m.: [Método: Oracle.DataAccess.Client.OracleDataReader ExecuteReader(Boolean, Boolean, System.Data.CommandBehavior), Línea: 0] - ORA-06502: PL/SQL: error : buffer de cadenas de caracteres demasiado pequeño numérico o de valor
ORA-06512: en "MRVMM.PKG_MRV_INICIATIVA_MITIGACION", línea 98
ORA-06512: en línea 1
16/03/2020 12:58:06 a.m.: [Método: System.Data.Common.DbDataReader ExecuteDbDataReader(System.Data.CommandBehavior), Línea: 0] - ORA-06502: PL/SQL: error : buffer de cadenas de caracteres demasiado pequeño numérico o de valor
ORA-06512: en "MRVMM.PKG_MRV_INICIATIVA_MITIGACION", línea 98
ORA-06512: en línea 1
16/03/2020 12:58:06 a.m.: [Método: System.Data.IDataReader System.Data.IDbCommand.ExecuteReader(System.Data.CommandBehavior), Línea: 0] - ORA-06502: PL/SQL: error : buffer de cadenas de caracteres demasiado pequeño numérico o de valor
ORA-06512: en "MRVMM.PKG_MRV_INICIATIVA_MITIGACION", línea 98
ORA-06512: en línea 1
16/03/2020 12:58:06 a.m.: [Método: System.Data.IDataReader ExecuteReaderWithFlagsFallback(System.Data.IDbCommand, Boolean, System.Data.CommandBehavior), Línea: 0] - ORA-06502: PL/SQL: error : buffer de cadenas de caracteres demasiado pequeño numérico o de valor
ORA-06512: en "MRVMM.PKG_MRV_INICIATIVA_MITIGACION", línea 98
ORA-06512: en línea 1
16/03/2020 12:58:06 a.m.: [Método: Boolean MoveNext(), Línea: 0] - ORA-06502: PL/SQL: error : buffer de cadenas de caracteres demasiado pequeño numérico o de valor
ORA-06512: en "MRVMM.PKG_MRV_INICIATIVA_MITIGACION", línea 98
ORA-06512: en línea 1
16/03/2020 12:58:06 a.m.: [Método: Void .ctor(System.Collections.Generic.IEnumerable`1[T]), Línea: 0] - ORA-06502: PL/SQL: error : buffer de cadenas de caracteres demasiado pequeño numérico o de valor
ORA-06512: en "MRVMM.PKG_MRV_INICIATIVA_MITIGACION", línea 98
ORA-06512: en línea 1
16/03/2020 12:58:06 a.m.: [Método: System.Collections.Generic.List`1[TSource] ToList[TSource](System.Collections.Generic.IEnumerable`1[TSource]), Línea: 0] - ORA-06502: PL/SQL: error : buffer de cadenas de caracteres demasiado pequeño numérico o de valor
ORA-06512: en "MRVMM.PKG_MRV_INICIATIVA_MITIGACION", línea 98
ORA-06512: en línea 1
16/03/2020 12:58:06 a.m.: [Método: System.Collections.Generic.IEnumerable`1[T] Query[T](System.Data.IDbConnection, System.String, System.Object, System.Data.IDbTransaction, Boolean, System.Nullable`1[System.Int32], System.Nullable`1[System.Data.CommandType]), Línea: 0] - ORA-06502: PL/SQL: error : buffer de cadenas de caracteres demasiado pequeño numérico o de valor
ORA-06512: en "MRVMM.PKG_MRV_INICIATIVA_MITIGACION", línea 98
ORA-06512: en línea 1
16/03/2020 12:58:06 a.m.: [Método: entidad.minem.gob.pe.IniciativaBE RegistrarIniciativaMitigacion(entidad.minem.gob.pe.IniciativaBE), Línea: 167] - ORA-06502: PL/SQL: error : buffer de cadenas de caracteres demasiado pequeño numérico o de valor
ORA-06512: en "MRVMM.PKG_MRV_INICIATIVA_MITIGACION", línea 98
ORA-06512: en línea 1
16/03/2020 01:06:54 a.m.: [Método: Void HandleErrorHelper(Int32, Oracle.DataAccess.Client.OracleConnection, IntPtr, Oracle.DataAccess.Client.OpoSqlValCtx*, System.Object, System.String, Boolean, Int32, Oracle.DataAccess.Client.OracleLogicalTransaction), Línea: 0] - ORA-06502: PL/SQL: error : buffer de cadenas de caracteres demasiado pequeño numérico o de valor
ORA-06512: en "MRVMM.PKG_MRV_INICIATIVA_MITIGACION", línea 98
ORA-06512: en línea 1
16/03/2020 01:06:54 a.m.: [Método: Void HandleError(Int32, Oracle.DataAccess.Client.OracleConnection, System.String, IntPtr, Oracle.DataAccess.Client.OpoSqlValCtx*, System.Object, Boolean, Oracle.DataAccess.Client.OracleLogicalTransaction), Línea: 0] - ORA-06502: PL/SQL: error : buffer de cadenas de caracteres demasiado pequeño numérico o de valor
ORA-06512: en "MRVMM.PKG_MRV_INICIATIVA_MITIGACION", línea 98
ORA-06512: en línea 1
16/03/2020 01:06:54 a.m.: [Método: Oracle.DataAccess.Client.OracleDataReader ExecuteReader(Boolean, Boolean, System.Data.CommandBehavior), Línea: 0] - ORA-06502: PL/SQL: error : buffer de cadenas de caracteres demasiado pequeño numérico o de valor
ORA-06512: en "MRVMM.PKG_MRV_INICIATIVA_MITIGACION", línea 98
ORA-06512: en línea 1
16/03/2020 01:06:54 a.m.: [Método: System.Data.Common.DbDataReader ExecuteDbDataReader(System.Data.CommandBehavior), Línea: 0] - ORA-06502: PL/SQL: error : buffer de cadenas de caracteres demasiado pequeño numérico o de valor
ORA-06512: en "MRVMM.PKG_MRV_INICIATIVA_MITIGACION", línea 98
ORA-06512: en línea 1
16/03/2020 01:06:54 a.m.: [Método: System.Data.IDataReader System.Data.IDbCommand.ExecuteReader(System.Data.CommandBehavior), Línea: 0] - ORA-06502: PL/SQL: error : buffer de cadenas de caracteres demasiado pequeño numérico o de valor
ORA-06512: en "MRVMM.PKG_MRV_INICIATIVA_MITIGACION", línea 98
ORA-06512: en línea 1
16/03/2020 01:06:54 a.m.: [Método: System.Data.IDataReader ExecuteReaderWithFlagsFallback(System.Data.IDbCommand, Boolean, System.Data.CommandBehavior), Línea: 0] - ORA-06502: PL/SQL: error : buffer de cadenas de caracteres demasiado pequeño numérico o de valor
ORA-06512: en "MRVMM.PKG_MRV_INICIATIVA_MITIGACION", línea 98
ORA-06512: en línea 1
16/03/2020 01:06:54 a.m.: [Método: Boolean MoveNext(), Línea: 0] - ORA-06502: PL/SQL: error : buffer de cadenas de caracteres demasiado pequeño numérico o de valor
ORA-06512: en "MRVMM.PKG_MRV_INICIATIVA_MITIGACION", línea 98
ORA-06512: en línea 1
16/03/2020 01:06:54 a.m.: [Método: Void .ctor(System.Collections.Generic.IEnumerable`1[T]), Línea: 0] - ORA-06502: PL/SQL: error : buffer de cadenas de caracteres demasiado pequeño numérico o de valor
ORA-06512: en "MRVMM.PKG_MRV_INICIATIVA_MITIGACION", línea 98
ORA-06512: en línea 1
16/03/2020 01:06:54 a.m.: [Método: System.Collections.Generic.List`1[TSource] ToList[TSource](System.Collections.Generic.IEnumerable`1[TSource]), Línea: 0] - ORA-06502: PL/SQL: error : buffer de cadenas de caracteres demasiado pequeño numérico o de valor
ORA-06512: en "MRVMM.PKG_MRV_INICIATIVA_MITIGACION", línea 98
ORA-06512: en línea 1
16/03/2020 01:06:54 a.m.: [Método: System.Collections.Generic.IEnumerable`1[T] Query[T](System.Data.IDbConnection, System.String, System.Object, System.Data.IDbTransaction, Boolean, System.Nullable`1[System.Int32], System.Nullable`1[System.Data.CommandType]), Línea: 0] - ORA-06502: PL/SQL: error : buffer de cadenas de caracteres demasiado pequeño numérico o de valor
ORA-06512: en "MRVMM.PKG_MRV_INICIATIVA_MITIGACION", línea 98
ORA-06512: en línea 1
16/03/2020 01:06:54 a.m.: [Método: entidad.minem.gob.pe.IniciativaBE RegistrarIniciativaMitigacion(entidad.minem.gob.pe.IniciativaBE), Línea: 167] - ORA-06502: PL/SQL: error : buffer de cadenas de caracteres demasiado pequeño numérico o de valor
ORA-06512: en "MRVMM.PKG_MRV_INICIATIVA_MITIGACION", línea 98
ORA-06512: en línea 1
