08/03/2021 11:32:14: [Método: Void HandleErrorHelper(Int32, Oracle.DataAccess.Client.OracleConnection, IntPtr, Oracle.DataAccess.Client.OpoSqlValCtx*, System.Object, System.String, Boolean, Int32, Oracle.DataAccess.Client.OracleLogicalTransaction), Línea: 0] - ORA-06550: línea 1, columna 43:
PLS-00302: el componente 'USP_SEL_AIV' se debe declarar
ORA-06550: línea 1, columna 7:
PL/SQL: Statement ignored
08/03/2021 11:32:14: [Método: Void HandleError(Int32, Oracle.DataAccess.Client.OracleConnection, System.String, IntPtr, Oracle.DataAccess.Client.OpoSqlValCtx*, System.Object, Boolean, Oracle.DataAccess.Client.OracleLogicalTransaction), Línea: 0] - ORA-06550: línea 1, columna 43:
PLS-00302: el componente 'USP_SEL_AIV' se debe declarar
ORA-06550: línea 1, columna 7:
PL/SQL: Statement ignored
08/03/2021 11:32:14: [Método: Oracle.DataAccess.Client.OracleDataReader ExecuteReader(Boolean, Boolean, System.Data.CommandBehavior), Línea: 0] - ORA-06550: línea 1, columna 43:
PLS-00302: el componente 'USP_SEL_AIV' se debe declarar
ORA-06550: línea 1, columna 7:
PL/SQL: Statement ignored
08/03/2021 11:32:14: [Método: System.Data.Common.DbDataReader ExecuteDbDataReader(System.Data.CommandBehavior), Línea: 0] - ORA-06550: línea 1, columna 43:
PLS-00302: el componente 'USP_SEL_AIV' se debe declarar
ORA-06550: línea 1, columna 7:
PL/SQL: Statement ignored
08/03/2021 11:32:14: [Método: System.Data.IDataReader System.Data.IDbCommand.ExecuteReader(System.Data.CommandBehavior), Línea: 0] - ORA-06550: línea 1, columna 43:
PLS-00302: el componente 'USP_SEL_AIV' se debe declarar
ORA-06550: línea 1, columna 7:
PL/SQL: Statement ignored
08/03/2021 11:32:14: [Método: System.Data.IDataReader ExecuteReaderWithFlagsFallback(System.Data.IDbCommand, Boolean, System.Data.CommandBehavior), Línea: 0] - ORA-06550: línea 1, columna 43:
PLS-00302: el componente 'USP_SEL_AIV' se debe declarar
ORA-06550: línea 1, columna 7:
PL/SQL: Statement ignored
08/03/2021 11:32:14: [Método: T QueryRowImpl[T](System.Data.IDbConnection, Row, Dapper.CommandDefinition ByRef, System.Type), Línea: 0] - ORA-06550: línea 1, columna 43:
PLS-00302: el componente 'USP_SEL_AIV' se debe declarar
ORA-06550: línea 1, columna 7:
PL/SQL: Statement ignored
08/03/2021 11:32:14: [Método: T QueryFirstOrDefault[T](System.Data.IDbConnection, System.String, System.Object, System.Data.IDbTransaction, System.Nullable`1[System.Int32], System.Nullable`1[System.Data.CommandType]), Línea: 0] - ORA-06550: línea 1, columna 43:
PLS-00302: el componente 'USP_SEL_AIV' se debe declarar
ORA-06550: línea 1, columna 7:
PL/SQL: Statement ignored
08/03/2021 11:32:14: [Método: entidad.minem.gob.pe.AudImpVerfBE obtenerAIV(Int32, Int32), Línea: 1572] - ORA-06550: línea 1, columna 43:
PLS-00302: el componente 'USP_SEL_AIV' se debe declarar
ORA-06550: línea 1, columna 7:
PL/SQL: Statement ignored
08/03/2021 11:32:14: [Método: Void HandleErrorHelper(Int32, Oracle.DataAccess.Client.OracleConnection, IntPtr, Oracle.DataAccess.Client.OpoSqlValCtx*, System.Object, System.String, Boolean, Int32, Oracle.DataAccess.Client.OracleLogicalTransaction), Línea: 0] - ORA-06550: línea 1, columna 43:
PLS-00302: el componente 'USP_SEL_AIV' se debe declarar
ORA-06550: línea 1, columna 7:
PL/SQL: Statement ignored
08/03/2021 11:32:14: [Método: Void HandleError(Int32, Oracle.DataAccess.Client.OracleConnection, System.String, IntPtr, Oracle.DataAccess.Client.OpoSqlValCtx*, System.Object, Boolean, Oracle.DataAccess.Client.OracleLogicalTransaction), Línea: 0] - ORA-06550: línea 1, columna 43:
PLS-00302: el componente 'USP_SEL_AIV' se debe declarar
ORA-06550: línea 1, columna 7:
PL/SQL: Statement ignored
08/03/2021 11:32:14: [Método: Oracle.DataAccess.Client.OracleDataReader ExecuteReader(Boolean, Boolean, System.Data.CommandBehavior), Línea: 0] - ORA-06550: línea 1, columna 43:
PLS-00302: el componente 'USP_SEL_AIV' se debe declarar
ORA-06550: línea 1, columna 7:
PL/SQL: Statement ignored
08/03/2021 11:32:14: [Método: System.Data.Common.DbDataReader ExecuteDbDataReader(System.Data.CommandBehavior), Línea: 0] - ORA-06550: línea 1, columna 43:
PLS-00302: el componente 'USP_SEL_AIV' se debe declarar
ORA-06550: línea 1, columna 7:
PL/SQL: Statement ignored
08/03/2021 11:32:14: [Método: System.Data.IDataReader System.Data.IDbCommand.ExecuteReader(System.Data.CommandBehavior), Línea: 0] - ORA-06550: línea 1, columna 43:
PLS-00302: el componente 'USP_SEL_AIV' se debe declarar
ORA-06550: línea 1, columna 7:
PL/SQL: Statement ignored
08/03/2021 11:32:14: [Método: System.Data.IDataReader ExecuteReaderWithFlagsFallback(System.Data.IDbCommand, Boolean, System.Data.CommandBehavior), Línea: 0] - ORA-06550: línea 1, columna 43:
PLS-00302: el componente 'USP_SEL_AIV' se debe declarar
ORA-06550: línea 1, columna 7:
PL/SQL: Statement ignored
08/03/2021 11:32:14: [Método: T QueryRowImpl[T](System.Data.IDbConnection, Row, Dapper.CommandDefinition ByRef, System.Type), Línea: 0] - ORA-06550: línea 1, columna 43:
PLS-00302: el componente 'USP_SEL_AIV' se debe declarar
ORA-06550: línea 1, columna 7:
PL/SQL: Statement ignored
08/03/2021 11:32:14: [Método: T QueryFirstOrDefault[T](System.Data.IDbConnection, System.String, System.Object, System.Data.IDbTransaction, System.Nullable`1[System.Int32], System.Nullable`1[System.Data.CommandType]), Línea: 0] - ORA-06550: línea 1, columna 43:
PLS-00302: el componente 'USP_SEL_AIV' se debe declarar
ORA-06550: línea 1, columna 7:
PL/SQL: Statement ignored
08/03/2021 11:32:14: [Método: entidad.minem.gob.pe.AudImpVerfBE obtenerAIV(Int32, Int32), Línea: 1572] - ORA-06550: línea 1, columna 43:
PLS-00302: el componente 'USP_SEL_AIV' se debe declarar
ORA-06550: línea 1, columna 7:
PL/SQL: Statement ignored
08/03/2021 18:22:23: [Método: Void Execute(), Línea: 401] - Referencia a objeto no establecida como instancia de un objeto.
08/03/2021 18:22:23: [Método: Void ExecutePageHierarchy(), Línea: 0] - Referencia a objeto no establecida como instancia de un objeto.
08/03/2021 18:22:23: [Método: Void ExecutePageHierarchy(), Línea: 0] - Referencia a objeto no establecida como instancia de un objeto.
08/03/2021 18:22:23: [Método: Void ExecutePageHierarchy(System.Web.WebPages.WebPageContext, System.IO.TextWriter, System.Web.WebPages.WebPageRenderingBase), Línea: 0] - Referencia a objeto no establecida como instancia de un objeto.
08/03/2021 18:22:23: [Método: Void RenderView(System.Web.Mvc.ViewContext, System.IO.TextWriter, System.Object), Línea: 0] - Referencia a objeto no establecida como instancia de un objeto.
08/03/2021 18:22:23: [Método: Void Render(System.Web.Mvc.ViewContext, System.IO.TextWriter), Línea: 0] - Referencia a objeto no establecida como instancia de un objeto.
08/03/2021 18:22:23: [Método: Void ExecuteResult(System.Web.Mvc.ControllerContext), Línea: 0] - Referencia a objeto no establecida como instancia de un objeto.
08/03/2021 18:22:23: [Método: Void InvokeActionResult(System.Web.Mvc.ControllerContext, System.Web.Mvc.ActionResult), Línea: 0] - Referencia a objeto no establecida como instancia de un objeto.
08/03/2021 18:22:23: [Método: System.Web.Mvc.ResultExecutedContext InvokeActionResultFilterRecursive(System.Collections.Generic.IList`1[System.Web.Mvc.IResultFilter], Int32, System.Web.Mvc.ResultExecutingContext, System.Web.Mvc.ControllerContext, System.Web.Mvc.ActionResult), Línea: 0] - Referencia a objeto no establecida como instancia de un objeto.
08/03/2021 18:22:23: [Método: System.Web.Mvc.ResultExecutedContext InvokeActionResultFilterRecursive(System.Collections.Generic.IList`1[System.Web.Mvc.IResultFilter], Int32, System.Web.Mvc.ResultExecutingContext, System.Web.Mvc.ControllerContext, System.Web.Mvc.ActionResult), Línea: 0] - Referencia a objeto no establecida como instancia de un objeto.
08/03/2021 18:22:23: [Método: System.Web.Mvc.ResultExecutedContext InvokeActionResultFilterRecursive(System.Collections.Generic.IList`1[System.Web.Mvc.IResultFilter], Int32, System.Web.Mvc.ResultExecutingContext, System.Web.Mvc.ControllerContext, System.Web.Mvc.ActionResult), Línea: 0] - Referencia a objeto no establecida como instancia de un objeto.
08/03/2021 18:22:23: [Método: System.Web.Mvc.ResultExecutedContext InvokeActionResultWithFilters(System.Web.Mvc.ControllerContext, System.Collections.Generic.IList`1[System.Web.Mvc.IResultFilter], System.Web.Mvc.ActionResult), Línea: 0] - Referencia a objeto no establecida como instancia de un objeto.
08/03/2021 18:22:23: [Método: Void <BeginInvokeAction>b__1c(), Línea: 0] - Referencia a objeto no establecida como instancia de un objeto.
08/03/2021 18:22:23: [Método: Boolean <BeginInvokeAction>b__1e(System.IAsyncResult), Línea: 0] - Referencia a objeto no establecida como instancia de un objeto.
08/03/2021 18:22:23: [Método: TResult CallEndDelegate(System.IAsyncResult), Línea: 0] - Referencia a objeto no establecida como instancia de un objeto.
08/03/2021 18:22:23: [Método: TResult End(), Línea: 0] - Referencia a objeto no establecida como instancia de un objeto.
08/03/2021 18:22:23: [Método: Boolean EndInvokeAction(System.IAsyncResult), Línea: 0] - Referencia a objeto no establecida como instancia de un objeto.
08/03/2021 18:22:23: [Método: Void <BeginExecuteCore>b__1d(System.IAsyncResult, ExecuteCoreState), Línea: 0] - Referencia a objeto no establecida como instancia de un objeto.
08/03/2021 18:22:23: [Método: System.Web.Mvc.Async.AsyncVoid CallEndDelegate(System.IAsyncResult), Línea: 0] - Referencia a objeto no establecida como instancia de un objeto.
08/03/2021 18:22:23: [Método: TResult End(), Línea: 0] - Referencia a objeto no establecida como instancia de un objeto.
08/03/2021 18:22:23: [Método: Void EndExecuteCore(System.IAsyncResult), Línea: 0] - Referencia a objeto no establecida como instancia de un objeto.
08/03/2021 18:22:23: [Método: Void <BeginExecute>b__15(System.IAsyncResult, System.Web.Mvc.Controller), Línea: 0] - Referencia a objeto no establecida como instancia de un objeto.
08/03/2021 18:22:23: [Método: System.Web.Mvc.Async.AsyncVoid CallEndDelegate(System.IAsyncResult), Línea: 0] - Referencia a objeto no establecida como instancia de un objeto.
08/03/2021 18:22:23: [Método: TResult End(), Línea: 0] - Referencia a objeto no establecida como instancia de un objeto.
08/03/2021 18:22:23: [Método: Void EndExecute(System.IAsyncResult), Línea: 0] - Referencia a objeto no establecida como instancia de un objeto.
08/03/2021 18:22:23: [Método: Void System.Web.Mvc.Async.IAsyncController.EndExecute(System.IAsyncResult), Línea: 0] - Referencia a objeto no establecida como instancia de un objeto.
08/03/2021 18:22:23: [Método: Void <BeginProcessRequest>b__5(System.IAsyncResult, ProcessRequestState), Línea: 0] - Referencia a objeto no establecida como instancia de un objeto.
08/03/2021 18:22:23: [Método: System.Web.Mvc.Async.AsyncVoid CallEndDelegate(System.IAsyncResult), Línea: 0] - Referencia a objeto no establecida como instancia de un objeto.
08/03/2021 18:22:23: [Método: TResult End(), Línea: 0] - Referencia a objeto no establecida como instancia de un objeto.
08/03/2021 18:22:23: [Método: Void EndProcessRequest(System.IAsyncResult), Línea: 0] - Referencia a objeto no establecida como instancia de un objeto.
08/03/2021 18:22:23: [Método: Void System.Web.IHttpAsyncHandler.EndProcessRequest(System.IAsyncResult), Línea: 0] - Referencia a objeto no establecida como instancia de un objeto.
08/03/2021 18:22:23: [Método: Void System.Web.HttpApplication.IExecutionStep.Execute(), Línea: 0] - Referencia a objeto no establecida como instancia de un objeto.
08/03/2021 18:22:23: [Método: Void ExecuteStepImpl(IExecutionStep), Línea: 0] - Referencia a objeto no establecida como instancia de un objeto.
08/03/2021 18:22:23: [Método: System.Exception ExecuteStep(IExecutionStep, Boolean ByRef), Línea: 0] - Referencia a objeto no establecida como instancia de un objeto.
08/03/2021 18:25:16: [Método: Void Execute(), Línea: 396] - Referencia a objeto no establecida como instancia de un objeto.
08/03/2021 18:25:16: [Método: Void ExecutePageHierarchy(), Línea: 0] - Referencia a objeto no establecida como instancia de un objeto.
08/03/2021 18:25:16: [Método: Void ExecutePageHierarchy(), Línea: 0] - Referencia a objeto no establecida como instancia de un objeto.
08/03/2021 18:25:16: [Método: Void ExecutePageHierarchy(System.Web.WebPages.WebPageContext, System.IO.TextWriter, System.Web.WebPages.WebPageRenderingBase), Línea: 0] - Referencia a objeto no establecida como instancia de un objeto.
08/03/2021 18:25:16: [Método: Void RenderView(System.Web.Mvc.ViewContext, System.IO.TextWriter, System.Object), Línea: 0] - Referencia a objeto no establecida como instancia de un objeto.
08/03/2021 18:25:16: [Método: Void Render(System.Web.Mvc.ViewContext, System.IO.TextWriter), Línea: 0] - Referencia a objeto no establecida como instancia de un objeto.
08/03/2021 18:25:16: [Método: Void ExecuteResult(System.Web.Mvc.ControllerContext), Línea: 0] - Referencia a objeto no establecida como instancia de un objeto.
08/03/2021 18:25:16: [Método: Void InvokeActionResult(System.Web.Mvc.ControllerContext, System.Web.Mvc.ActionResult), Línea: 0] - Referencia a objeto no establecida como instancia de un objeto.
08/03/2021 18:25:16: [Método: System.Web.Mvc.ResultExecutedContext InvokeActionResultFilterRecursive(System.Collections.Generic.IList`1[System.Web.Mvc.IResultFilter], Int32, System.Web.Mvc.ResultExecutingContext, System.Web.Mvc.ControllerContext, System.Web.Mvc.ActionResult), Línea: 0] - Referencia a objeto no establecida como instancia de un objeto.
08/03/2021 18:25:16: [Método: System.Web.Mvc.ResultExecutedContext InvokeActionResultFilterRecursive(System.Collections.Generic.IList`1[System.Web.Mvc.IResultFilter], Int32, System.Web.Mvc.ResultExecutingContext, System.Web.Mvc.ControllerContext, System.Web.Mvc.ActionResult), Línea: 0] - Referencia a objeto no establecida como instancia de un objeto.
08/03/2021 18:25:16: [Método: System.Web.Mvc.ResultExecutedContext InvokeActionResultFilterRecursive(System.Collections.Generic.IList`1[System.Web.Mvc.IResultFilter], Int32, System.Web.Mvc.ResultExecutingContext, System.Web.Mvc.ControllerContext, System.Web.Mvc.ActionResult), Línea: 0] - Referencia a objeto no establecida como instancia de un objeto.
08/03/2021 18:25:16: [Método: System.Web.Mvc.ResultExecutedContext InvokeActionResultWithFilters(System.Web.Mvc.ControllerContext, System.Collections.Generic.IList`1[System.Web.Mvc.IResultFilter], System.Web.Mvc.ActionResult), Línea: 0] - Referencia a objeto no establecida como instancia de un objeto.
08/03/2021 18:25:16: [Método: Void <BeginInvokeAction>b__1c(), Línea: 0] - Referencia a objeto no establecida como instancia de un objeto.
08/03/2021 18:25:16: [Método: Boolean <BeginInvokeAction>b__1e(System.IAsyncResult), Línea: 0] - Referencia a objeto no establecida como instancia de un objeto.
08/03/2021 18:25:16: [Método: TResult CallEndDelegate(System.IAsyncResult), Línea: 0] - Referencia a objeto no establecida como instancia de un objeto.
08/03/2021 18:25:16: [Método: TResult End(), Línea: 0] - Referencia a objeto no establecida como instancia de un objeto.
08/03/2021 18:25:16: [Método: Boolean EndInvokeAction(System.IAsyncResult), Línea: 0] - Referencia a objeto no establecida como instancia de un objeto.
08/03/2021 18:25:16: [Método: Void <BeginExecuteCore>b__1d(System.IAsyncResult, ExecuteCoreState), Línea: 0] - Referencia a objeto no establecida como instancia de un objeto.
08/03/2021 18:25:16: [Método: System.Web.Mvc.Async.AsyncVoid CallEndDelegate(System.IAsyncResult), Línea: 0] - Referencia a objeto no establecida como instancia de un objeto.
08/03/2021 18:25:16: [Método: TResult End(), Línea: 0] - Referencia a objeto no establecida como instancia de un objeto.
08/03/2021 18:25:16: [Método: Void EndExecuteCore(System.IAsyncResult), Línea: 0] - Referencia a objeto no establecida como instancia de un objeto.
08/03/2021 18:25:16: [Método: Void <BeginExecute>b__15(System.IAsyncResult, System.Web.Mvc.Controller), Línea: 0] - Referencia a objeto no establecida como instancia de un objeto.
08/03/2021 18:25:16: [Método: System.Web.Mvc.Async.AsyncVoid CallEndDelegate(System.IAsyncResult), Línea: 0] - Referencia a objeto no establecida como instancia de un objeto.
08/03/2021 18:25:16: [Método: TResult End(), Línea: 0] - Referencia a objeto no establecida como instancia de un objeto.
08/03/2021 18:25:16: [Método: Void EndExecute(System.IAsyncResult), Línea: 0] - Referencia a objeto no establecida como instancia de un objeto.
08/03/2021 18:25:16: [Método: Void System.Web.Mvc.Async.IAsyncController.EndExecute(System.IAsyncResult), Línea: 0] - Referencia a objeto no establecida como instancia de un objeto.
08/03/2021 18:25:16: [Método: Void <BeginProcessRequest>b__5(System.IAsyncResult, ProcessRequestState), Línea: 0] - Referencia a objeto no establecida como instancia de un objeto.
08/03/2021 18:25:16: [Método: System.Web.Mvc.Async.AsyncVoid CallEndDelegate(System.IAsyncResult), Línea: 0] - Referencia a objeto no establecida como instancia de un objeto.
08/03/2021 18:25:16: [Método: TResult End(), Línea: 0] - Referencia a objeto no establecida como instancia de un objeto.
08/03/2021 18:25:16: [Método: Void EndProcessRequest(System.IAsyncResult), Línea: 0] - Referencia a objeto no establecida como instancia de un objeto.
08/03/2021 18:25:16: [Método: Void System.Web.IHttpAsyncHandler.EndProcessRequest(System.IAsyncResult), Línea: 0] - Referencia a objeto no establecida como instancia de un objeto.
08/03/2021 18:25:16: [Método: Void System.Web.HttpApplication.IExecutionStep.Execute(), Línea: 0] - Referencia a objeto no establecida como instancia de un objeto.
08/03/2021 18:25:16: [Método: Void ExecuteStepImpl(IExecutionStep), Línea: 0] - Referencia a objeto no establecida como instancia de un objeto.
08/03/2021 18:25:16: [Método: System.Exception ExecuteStep(IExecutionStep, Boolean ByRef), Línea: 0] - Referencia a objeto no establecida como instancia de un objeto.
08/03/2021 19:31:11: [Método: Void Execute(), Línea: 396] - Referencia a objeto no establecida como instancia de un objeto.
08/03/2021 19:31:11: [Método: Void ExecutePageHierarchy(), Línea: 0] - Referencia a objeto no establecida como instancia de un objeto.
08/03/2021 19:31:11: [Método: Void ExecutePageHierarchy(), Línea: 0] - Referencia a objeto no establecida como instancia de un objeto.
08/03/2021 19:31:11: [Método: Void ExecutePageHierarchy(System.Web.WebPages.WebPageContext, System.IO.TextWriter, System.Web.WebPages.WebPageRenderingBase), Línea: 0] - Referencia a objeto no establecida como instancia de un objeto.
08/03/2021 19:31:11: [Método: Void RenderView(System.Web.Mvc.ViewContext, System.IO.TextWriter, System.Object), Línea: 0] - Referencia a objeto no establecida como instancia de un objeto.
08/03/2021 19:31:11: [Método: Void Render(System.Web.Mvc.ViewContext, System.IO.TextWriter), Línea: 0] - Referencia a objeto no establecida como instancia de un objeto.
08/03/2021 19:31:11: [Método: Void ExecuteResult(System.Web.Mvc.ControllerContext), Línea: 0] - Referencia a objeto no establecida como instancia de un objeto.
08/03/2021 19:31:11: [Método: Void InvokeActionResult(System.Web.Mvc.ControllerContext, System.Web.Mvc.ActionResult), Línea: 0] - Referencia a objeto no establecida como instancia de un objeto.
08/03/2021 19:31:11: [Método: System.Web.Mvc.ResultExecutedContext InvokeActionResultFilterRecursive(System.Collections.Generic.IList`1[System.Web.Mvc.IResultFilter], Int32, System.Web.Mvc.ResultExecutingContext, System.Web.Mvc.ControllerContext, System.Web.Mvc.ActionResult), Línea: 0] - Referencia a objeto no establecida como instancia de un objeto.
08/03/2021 19:31:11: [Método: System.Web.Mvc.ResultExecutedContext InvokeActionResultFilterRecursive(System.Collections.Generic.IList`1[System.Web.Mvc.IResultFilter], Int32, System.Web.Mvc.ResultExecutingContext, System.Web.Mvc.ControllerContext, System.Web.Mvc.ActionResult), Línea: 0] - Referencia a objeto no establecida como instancia de un objeto.
08/03/2021 19:31:11: [Método: System.Web.Mvc.ResultExecutedContext InvokeActionResultFilterRecursive(System.Collections.Generic.IList`1[System.Web.Mvc.IResultFilter], Int32, System.Web.Mvc.ResultExecutingContext, System.Web.Mvc.ControllerContext, System.Web.Mvc.ActionResult), Línea: 0] - Referencia a objeto no establecida como instancia de un objeto.
08/03/2021 19:31:11: [Método: System.Web.Mvc.ResultExecutedContext InvokeActionResultWithFilters(System.Web.Mvc.ControllerContext, System.Collections.Generic.IList`1[System.Web.Mvc.IResultFilter], System.Web.Mvc.ActionResult), Línea: 0] - Referencia a objeto no establecida como instancia de un objeto.
08/03/2021 19:31:11: [Método: Void <BeginInvokeAction>b__1c(), Línea: 0] - Referencia a objeto no establecida como instancia de un objeto.
08/03/2021 19:31:11: [Método: Boolean <BeginInvokeAction>b__1e(System.IAsyncResult), Línea: 0] - Referencia a objeto no establecida como instancia de un objeto.
08/03/2021 19:31:11: [Método: TResult CallEndDelegate(System.IAsyncResult), Línea: 0] - Referencia a objeto no establecida como instancia de un objeto.
08/03/2021 19:31:11: [Método: TResult End(), Línea: 0] - Referencia a objeto no establecida como instancia de un objeto.
08/03/2021 19:31:11: [Método: Boolean EndInvokeAction(System.IAsyncResult), Línea: 0] - Referencia a objeto no establecida como instancia de un objeto.
08/03/2021 19:31:11: [Método: Void <BeginExecuteCore>b__1d(System.IAsyncResult, ExecuteCoreState), Línea: 0] - Referencia a objeto no establecida como instancia de un objeto.
08/03/2021 19:31:11: [Método: System.Web.Mvc.Async.AsyncVoid CallEndDelegate(System.IAsyncResult), Línea: 0] - Referencia a objeto no establecida como instancia de un objeto.
08/03/2021 19:31:11: [Método: TResult End(), Línea: 0] - Referencia a objeto no establecida como instancia de un objeto.
08/03/2021 19:31:11: [Método: Void EndExecuteCore(System.IAsyncResult), Línea: 0] - Referencia a objeto no establecida como instancia de un objeto.
08/03/2021 19:31:11: [Método: Void <BeginExecute>b__15(System.IAsyncResult, System.Web.Mvc.Controller), Línea: 0] - Referencia a objeto no establecida como instancia de un objeto.
08/03/2021 19:31:11: [Método: System.Web.Mvc.Async.AsyncVoid CallEndDelegate(System.IAsyncResult), Línea: 0] - Referencia a objeto no establecida como instancia de un objeto.
08/03/2021 19:31:11: [Método: TResult End(), Línea: 0] - Referencia a objeto no establecida como instancia de un objeto.
08/03/2021 19:31:11: [Método: Void EndExecute(System.IAsyncResult), Línea: 0] - Referencia a objeto no establecida como instancia de un objeto.
08/03/2021 19:31:11: [Método: Void System.Web.Mvc.Async.IAsyncController.EndExecute(System.IAsyncResult), Línea: 0] - Referencia a objeto no establecida como instancia de un objeto.
08/03/2021 19:31:11: [Método: Void <BeginProcessRequest>b__5(System.IAsyncResult, ProcessRequestState), Línea: 0] - Referencia a objeto no establecida como instancia de un objeto.
08/03/2021 19:31:11: [Método: System.Web.Mvc.Async.AsyncVoid CallEndDelegate(System.IAsyncResult), Línea: 0] - Referencia a objeto no establecida como instancia de un objeto.
08/03/2021 19:31:11: [Método: TResult End(), Línea: 0] - Referencia a objeto no establecida como instancia de un objeto.
08/03/2021 19:31:11: [Método: Void EndProcessRequest(System.IAsyncResult), Línea: 0] - Referencia a objeto no establecida como instancia de un objeto.
08/03/2021 19:31:11: [Método: Void System.Web.IHttpAsyncHandler.EndProcessRequest(System.IAsyncResult), Línea: 0] - Referencia a objeto no establecida como instancia de un objeto.
08/03/2021 19:31:11: [Método: Void System.Web.HttpApplication.IExecutionStep.Execute(), Línea: 0] - Referencia a objeto no establecida como instancia de un objeto.
08/03/2021 19:31:11: [Método: Void ExecuteStepImpl(IExecutionStep), Línea: 0] - Referencia a objeto no establecida como instancia de un objeto.
08/03/2021 19:31:11: [Método: System.Exception ExecuteStep(IExecutionStep, Boolean ByRef), Línea: 0] - Referencia a objeto no establecida como instancia de un objeto.
08/03/2021 19:31:50: [Método: Void Execute(), Línea: 396] - Referencia a objeto no establecida como instancia de un objeto.
08/03/2021 19:31:50: [Método: Void ExecutePageHierarchy(), Línea: 0] - Referencia a objeto no establecida como instancia de un objeto.
08/03/2021 19:31:50: [Método: Void ExecutePageHierarchy(), Línea: 0] - Referencia a objeto no establecida como instancia de un objeto.
08/03/2021 19:31:50: [Método: Void ExecutePageHierarchy(System.Web.WebPages.WebPageContext, System.IO.TextWriter, System.Web.WebPages.WebPageRenderingBase), Línea: 0] - Referencia a objeto no establecida como instancia de un objeto.
08/03/2021 19:31:50: [Método: Void RenderView(System.Web.Mvc.ViewContext, System.IO.TextWriter, System.Object), Línea: 0] - Referencia a objeto no establecida como instancia de un objeto.
08/03/2021 19:31:50: [Método: Void Render(System.Web.Mvc.ViewContext, System.IO.TextWriter), Línea: 0] - Referencia a objeto no establecida como instancia de un objeto.
08/03/2021 19:31:50: [Método: Void ExecuteResult(System.Web.Mvc.ControllerContext), Línea: 0] - Referencia a objeto no establecida como instancia de un objeto.
08/03/2021 19:31:50: [Método: Void InvokeActionResult(System.Web.Mvc.ControllerContext, System.Web.Mvc.ActionResult), Línea: 0] - Referencia a objeto no establecida como instancia de un objeto.
08/03/2021 19:31:50: [Método: System.Web.Mvc.ResultExecutedContext InvokeActionResultFilterRecursive(System.Collections.Generic.IList`1[System.Web.Mvc.IResultFilter], Int32, System.Web.Mvc.ResultExecutingContext, System.Web.Mvc.ControllerContext, System.Web.Mvc.ActionResult), Línea: 0] - Referencia a objeto no establecida como instancia de un objeto.
08/03/2021 19:31:50: [Método: System.Web.Mvc.ResultExecutedContext InvokeActionResultFilterRecursive(System.Collections.Generic.IList`1[System.Web.Mvc.IResultFilter], Int32, System.Web.Mvc.ResultExecutingContext, System.Web.Mvc.ControllerContext, System.Web.Mvc.ActionResult), Línea: 0] - Referencia a objeto no establecida como instancia de un objeto.
08/03/2021 19:31:50: [Método: System.Web.Mvc.ResultExecutedContext InvokeActionResultFilterRecursive(System.Collections.Generic.IList`1[System.Web.Mvc.IResultFilter], Int32, System.Web.Mvc.ResultExecutingContext, System.Web.Mvc.ControllerContext, System.Web.Mvc.ActionResult), Línea: 0] - Referencia a objeto no establecida como instancia de un objeto.
08/03/2021 19:31:50: [Método: System.Web.Mvc.ResultExecutedContext InvokeActionResultWithFilters(System.Web.Mvc.ControllerContext, System.Collections.Generic.IList`1[System.Web.Mvc.IResultFilter], System.Web.Mvc.ActionResult), Línea: 0] - Referencia a objeto no establecida como instancia de un objeto.
08/03/2021 19:31:50: [Método: Void <BeginInvokeAction>b__1c(), Línea: 0] - Referencia a objeto no establecida como instancia de un objeto.
08/03/2021 19:31:50: [Método: Boolean <BeginInvokeAction>b__1e(System.IAsyncResult), Línea: 0] - Referencia a objeto no establecida como instancia de un objeto.
08/03/2021 19:31:50: [Método: TResult CallEndDelegate(System.IAsyncResult), Línea: 0] - Referencia a objeto no establecida como instancia de un objeto.
08/03/2021 19:31:50: [Método: TResult End(), Línea: 0] - Referencia a objeto no establecida como instancia de un objeto.
08/03/2021 19:31:50: [Método: Boolean EndInvokeAction(System.IAsyncResult), Línea: 0] - Referencia a objeto no establecida como instancia de un objeto.
08/03/2021 19:31:50: [Método: Void <BeginExecuteCore>b__1d(System.IAsyncResult, ExecuteCoreState), Línea: 0] - Referencia a objeto no establecida como instancia de un objeto.
08/03/2021 19:31:50: [Método: System.Web.Mvc.Async.AsyncVoid CallEndDelegate(System.IAsyncResult), Línea: 0] - Referencia a objeto no establecida como instancia de un objeto.
08/03/2021 19:31:50: [Método: TResult End(), Línea: 0] - Referencia a objeto no establecida como instancia de un objeto.
08/03/2021 19:31:50: [Método: Void EndExecuteCore(System.IAsyncResult), Línea: 0] - Referencia a objeto no establecida como instancia de un objeto.
08/03/2021 19:31:50: [Método: Void <BeginExecute>b__15(System.IAsyncResult, System.Web.Mvc.Controller), Línea: 0] - Referencia a objeto no establecida como instancia de un objeto.
08/03/2021 19:31:50: [Método: System.Web.Mvc.Async.AsyncVoid CallEndDelegate(System.IAsyncResult), Línea: 0] - Referencia a objeto no establecida como instancia de un objeto.
08/03/2021 19:31:50: [Método: TResult End(), Línea: 0] - Referencia a objeto no establecida como instancia de un objeto.
08/03/2021 19:31:50: [Método: Void EndExecute(System.IAsyncResult), Línea: 0] - Referencia a objeto no establecida como instancia de un objeto.
08/03/2021 19:31:50: [Método: Void System.Web.Mvc.Async.IAsyncController.EndExecute(System.IAsyncResult), Línea: 0] - Referencia a objeto no establecida como instancia de un objeto.
08/03/2021 19:31:50: [Método: Void <BeginProcessRequest>b__5(System.IAsyncResult, ProcessRequestState), Línea: 0] - Referencia a objeto no establecida como instancia de un objeto.
08/03/2021 19:31:50: [Método: System.Web.Mvc.Async.AsyncVoid CallEndDelegate(System.IAsyncResult), Línea: 0] - Referencia a objeto no establecida como instancia de un objeto.
08/03/2021 19:31:50: [Método: TResult End(), Línea: 0] - Referencia a objeto no establecida como instancia de un objeto.
08/03/2021 19:31:50: [Método: Void EndProcessRequest(System.IAsyncResult), Línea: 0] - Referencia a objeto no establecida como instancia de un objeto.
08/03/2021 19:31:50: [Método: Void System.Web.IHttpAsyncHandler.EndProcessRequest(System.IAsyncResult), Línea: 0] - Referencia a objeto no establecida como instancia de un objeto.
08/03/2021 19:31:50: [Método: Void System.Web.HttpApplication.IExecutionStep.Execute(), Línea: 0] - Referencia a objeto no establecida como instancia de un objeto.
08/03/2021 19:31:50: [Método: Void ExecuteStepImpl(IExecutionStep), Línea: 0] - Referencia a objeto no establecida como instancia de un objeto.
08/03/2021 19:31:50: [Método: System.Exception ExecuteStep(IExecutionStep, Boolean ByRef), Línea: 0] - Referencia a objeto no establecida como instancia de un objeto.
