29/04/2021 03:27:25: [Método: Void HandleErrorHelper(Int32, Oracle.DataAccess.Client.OracleConnection, IntPtr, Oracle.DataAccess.Client.OpoSqlValCtx*, System.Object, System.String, Boolean, Int32, Oracle.DataAccess.Client.OracleLogicalTransaction), Línea: 0] - ORA-01403: No se ha encontrado ningún dato
ORA-06512: en "MRVMM.PKG_MRV_INICIATIVA_MITIGACION", línea 5539
ORA-06512: en línea 1
29/04/2021 03:27:25: [Método: Void HandleError(Int32, Oracle.DataAccess.Client.OracleConnection, System.String, IntPtr, Oracle.DataAccess.Client.OpoSqlValCtx*, System.Object, Boolean, Oracle.DataAccess.Client.OracleLogicalTransaction), Línea: 0] - ORA-01403: No se ha encontrado ningún dato
ORA-06512: en "MRVMM.PKG_MRV_INICIATIVA_MITIGACION", línea 5539
ORA-06512: en línea 1
29/04/2021 03:27:25: [Método: Int32 ExecuteNonQuery(), Línea: 0] - ORA-01403: No se ha encontrado ningún dato
ORA-06512: en "MRVMM.PKG_MRV_INICIATIVA_MITIGACION", línea 5539
ORA-06512: en línea 1
29/04/2021 03:27:25: [Método: Int32 ExecuteCommand(System.Data.IDbConnection, Dapper.CommandDefinition ByRef, System.Action`2[System.Data.IDbCommand,System.Object]), Línea: 0] - ORA-01403: No se ha encontrado ningún dato
ORA-06512: en "MRVMM.PKG_MRV_INICIATIVA_MITIGACION", línea 5539
ORA-06512: en línea 1
29/04/2021 03:27:25: [Método: Int32 ExecuteImpl(System.Data.IDbConnection, Dapper.CommandDefinition ByRef), Línea: 0] - ORA-01403: No se ha encontrado ningún dato
ORA-06512: en "MRVMM.PKG_MRV_INICIATIVA_MITIGACION", línea 5539
ORA-06512: en línea 1
29/04/2021 03:27:25: [Método: Int32 Execute(System.Data.IDbConnection, System.String, System.Object, System.Data.IDbTransaction, System.Nullable`1[System.Int32], System.Nullable`1[System.Data.CommandType]), Línea: 0] - ORA-01403: No se ha encontrado ningún dato
ORA-06512: en "MRVMM.PKG_MRV_INICIATIVA_MITIGACION", línea 5539
ORA-06512: en línea 1
29/04/2021 03:27:25: [Método: Boolean RegistrarInversion(entidad.minem.gob.pe.MontoInversionBE), Línea: 2881] - ORA-01403: No se ha encontrado ningún dato
ORA-06512: en "MRVMM.PKG_MRV_INICIATIVA_MITIGACION", línea 5539
ORA-06512: en línea 1
29/04/2021 03:40:22: [Método: Void HandleErrorHelper(Int32, Oracle.DataAccess.Client.OracleConnection, IntPtr, Oracle.DataAccess.Client.OpoSqlValCtx*, System.Object, System.String, Boolean, Int32, Oracle.DataAccess.Client.OracleLogicalTransaction), Línea: 0] - ORA-01403: No se ha encontrado ningún dato
ORA-06512: en "MRVMM.PKG_MRV_INICIATIVA_MITIGACION", línea 5539
ORA-06512: en línea 1
29/04/2021 03:40:22: [Método: Void HandleError(Int32, Oracle.DataAccess.Client.OracleConnection, System.String, IntPtr, Oracle.DataAccess.Client.OpoSqlValCtx*, System.Object, Boolean, Oracle.DataAccess.Client.OracleLogicalTransaction), Línea: 0] - ORA-01403: No se ha encontrado ningún dato
ORA-06512: en "MRVMM.PKG_MRV_INICIATIVA_MITIGACION", línea 5539
ORA-06512: en línea 1
29/04/2021 03:40:22: [Método: Int32 ExecuteNonQuery(), Línea: 0] - ORA-01403: No se ha encontrado ningún dato
ORA-06512: en "MRVMM.PKG_MRV_INICIATIVA_MITIGACION", línea 5539
ORA-06512: en línea 1
29/04/2021 03:40:22: [Método: Int32 ExecuteCommand(System.Data.IDbConnection, Dapper.CommandDefinition ByRef, System.Action`2[System.Data.IDbCommand,System.Object]), Línea: 0] - ORA-01403: No se ha encontrado ningún dato
ORA-06512: en "MRVMM.PKG_MRV_INICIATIVA_MITIGACION", línea 5539
ORA-06512: en línea 1
29/04/2021 03:40:22: [Método: Int32 ExecuteImpl(System.Data.IDbConnection, Dapper.CommandDefinition ByRef), Línea: 0] - ORA-01403: No se ha encontrado ningún dato
ORA-06512: en "MRVMM.PKG_MRV_INICIATIVA_MITIGACION", línea 5539
ORA-06512: en línea 1
29/04/2021 03:40:22: [Método: Int32 Execute(System.Data.IDbConnection, System.String, System.Object, System.Data.IDbTransaction, System.Nullable`1[System.Int32], System.Nullable`1[System.Data.CommandType]), Línea: 0] - ORA-01403: No se ha encontrado ningún dato
ORA-06512: en "MRVMM.PKG_MRV_INICIATIVA_MITIGACION", línea 5539
ORA-06512: en línea 1
29/04/2021 03:40:22: [Método: Boolean RegistrarInversion(entidad.minem.gob.pe.MontoInversionBE), Línea: 2881] - ORA-01403: No se ha encontrado ningún dato
ORA-06512: en "MRVMM.PKG_MRV_INICIATIVA_MITIGACION", línea 5539
ORA-06512: en línea 1
29/04/2021 03:50:25: [Método: Void HandleErrorHelper(Int32, Oracle.DataAccess.Client.OracleConnection, IntPtr, Oracle.DataAccess.Client.OpoSqlValCtx*, System.Object, System.String, Boolean, Int32, Oracle.DataAccess.Client.OracleLogicalTransaction), Línea: 0] - ORA-01403: No se ha encontrado ningún dato
ORA-06512: en "MRVMM.PKG_MRV_INICIATIVA_MITIGACION", línea 5539
ORA-06512: en línea 1
29/04/2021 03:50:25: [Método: Void HandleError(Int32, Oracle.DataAccess.Client.OracleConnection, System.String, IntPtr, Oracle.DataAccess.Client.OpoSqlValCtx*, System.Object, Boolean, Oracle.DataAccess.Client.OracleLogicalTransaction), Línea: 0] - ORA-01403: No se ha encontrado ningún dato
ORA-06512: en "MRVMM.PKG_MRV_INICIATIVA_MITIGACION", línea 5539
ORA-06512: en línea 1
29/04/2021 03:50:25: [Método: Int32 ExecuteNonQuery(), Línea: 0] - ORA-01403: No se ha encontrado ningún dato
ORA-06512: en "MRVMM.PKG_MRV_INICIATIVA_MITIGACION", línea 5539
ORA-06512: en línea 1
29/04/2021 03:50:25: [Método: Int32 ExecuteCommand(System.Data.IDbConnection, Dapper.CommandDefinition ByRef, System.Action`2[System.Data.IDbCommand,System.Object]), Línea: 0] - ORA-01403: No se ha encontrado ningún dato
ORA-06512: en "MRVMM.PKG_MRV_INICIATIVA_MITIGACION", línea 5539
ORA-06512: en línea 1
29/04/2021 03:50:25: [Método: Int32 ExecuteImpl(System.Data.IDbConnection, Dapper.CommandDefinition ByRef), Línea: 0] - ORA-01403: No se ha encontrado ningún dato
ORA-06512: en "MRVMM.PKG_MRV_INICIATIVA_MITIGACION", línea 5539
ORA-06512: en línea 1
29/04/2021 03:50:25: [Método: Int32 Execute(System.Data.IDbConnection, System.String, System.Object, System.Data.IDbTransaction, System.Nullable`1[System.Int32], System.Nullable`1[System.Data.CommandType]), Línea: 0] - ORA-01403: No se ha encontrado ningún dato
ORA-06512: en "MRVMM.PKG_MRV_INICIATIVA_MITIGACION", línea 5539
ORA-06512: en línea 1
29/04/2021 03:50:25: [Método: Boolean RegistrarInversion(entidad.minem.gob.pe.MontoInversionBE), Línea: 2881] - ORA-01403: No se ha encontrado ningún dato
ORA-06512: en "MRVMM.PKG_MRV_INICIATIVA_MITIGACION", línea 5539
ORA-06512: en línea 1
