09/12/2020 11:19:50: [Método: Void HandleErrorHelper(Int32, Oracle.DataAccess.Client.OracleConnection, IntPtr, Oracle.DataAccess.Client.OpoSqlValCtx*, System.Object, System.String, Boolean, Int32, Oracle.DataAccess.Client.OracleLogicalTransaction), Línea: 0] - ORA-01403: No se ha encontrado ningún dato
ORA-06512: en "MRVMM_P.PKG_MRV_REPORTES", línea 1637
ORA-06512: en línea 1
09/12/2020 11:19:50: [Método: Void HandleError(Int32, Oracle.DataAccess.Client.OracleConnection, System.String, IntPtr, Oracle.DataAccess.Client.OpoSqlValCtx*, System.Object, Boolean, Oracle.DataAccess.Client.OracleLogicalTransaction), Línea: 0] - ORA-01403: No se ha encontrado ningún dato
ORA-06512: en "MRVMM_P.PKG_MRV_REPORTES", línea 1637
ORA-06512: en línea 1
09/12/2020 11:19:50: [Método: Oracle.DataAccess.Client.OracleDataReader ExecuteReader(Boolean, Boolean, System.Data.CommandBehavior), Línea: 0] - ORA-01403: No se ha encontrado ningún dato
ORA-06512: en "MRVMM_P.PKG_MRV_REPORTES", línea 1637
ORA-06512: en línea 1
09/12/2020 11:19:50: [Método: System.Data.Common.DbDataReader ExecuteDbDataReader(System.Data.CommandBehavior), Línea: 0] - ORA-01403: No se ha encontrado ningún dato
ORA-06512: en "MRVMM_P.PKG_MRV_REPORTES", línea 1637
ORA-06512: en línea 1
09/12/2020 11:19:50: [Método: System.Data.IDataReader System.Data.IDbCommand.ExecuteReader(System.Data.CommandBehavior), Línea: 0] - ORA-01403: No se ha encontrado ningún dato
ORA-06512: en "MRVMM_P.PKG_MRV_REPORTES", línea 1637
ORA-06512: en línea 1
09/12/2020 11:19:50: [Método: System.Data.IDataReader ExecuteReaderWithFlagsFallback(System.Data.IDbCommand, Boolean, System.Data.CommandBehavior), Línea: 0] - ORA-01403: No se ha encontrado ningún dato
ORA-06512: en "MRVMM_P.PKG_MRV_REPORTES", línea 1637
ORA-06512: en línea 1
09/12/2020 11:19:50: [Método: Boolean MoveNext(), Línea: 0] - ORA-01403: No se ha encontrado ningún dato
ORA-06512: en "MRVMM_P.PKG_MRV_REPORTES", línea 1637
ORA-06512: en línea 1
09/12/2020 11:19:50: [Método: Void .ctor(System.Collections.Generic.IEnumerable`1[T]), Línea: 0] - ORA-01403: No se ha encontrado ningún dato
ORA-06512: en "MRVMM_P.PKG_MRV_REPORTES", línea 1637
ORA-06512: en línea 1
09/12/2020 11:19:50: [Método: System.Collections.Generic.List`1[TSource] ToList[TSource](System.Collections.Generic.IEnumerable`1[TSource]), Línea: 0] - ORA-01403: No se ha encontrado ningún dato
ORA-06512: en "MRVMM_P.PKG_MRV_REPORTES", línea 1637
ORA-06512: en línea 1
09/12/2020 11:19:50: [Método: System.Collections.Generic.IEnumerable`1[T] Query[T](System.Data.IDbConnection, System.String, System.Object, System.Data.IDbTransaction, Boolean, System.Nullable`1[System.Int32], System.Nullable`1[System.Data.CommandType]), Línea: 0] - ORA-01403: No se ha encontrado ningún dato
ORA-06512: en "MRVMM_P.PKG_MRV_REPORTES", línea 1637
ORA-06512: en línea 1
09/12/2020 11:19:50: [Método: System.Collections.Generic.List`1[entidad.minem.gob.pe.AcumuladoBE] MostrarAcumulado(entidad.minem.gob.pe.IniciativaBE), Línea: 2579] - ORA-01403: No se ha encontrado ningún dato
ORA-06512: en "MRVMM_P.PKG_MRV_REPORTES", línea 1637
ORA-06512: en línea 1
09/12/2020 11:21:30: [Método: Void HandleErrorHelper(Int32, Oracle.DataAccess.Client.OracleConnection, IntPtr, Oracle.DataAccess.Client.OpoSqlValCtx*, System.Object, System.String, Boolean, Int32, Oracle.DataAccess.Client.OracleLogicalTransaction), Línea: 0] - ORA-01403: No se ha encontrado ningún dato
ORA-06512: en "MRVMM_P.PKG_MRV_REPORTES", línea 1637
ORA-06512: en línea 1
09/12/2020 11:21:30: [Método: Void HandleError(Int32, Oracle.DataAccess.Client.OracleConnection, System.String, IntPtr, Oracle.DataAccess.Client.OpoSqlValCtx*, System.Object, Boolean, Oracle.DataAccess.Client.OracleLogicalTransaction), Línea: 0] - ORA-01403: No se ha encontrado ningún dato
ORA-06512: en "MRVMM_P.PKG_MRV_REPORTES", línea 1637
ORA-06512: en línea 1
09/12/2020 11:21:30: [Método: Oracle.DataAccess.Client.OracleDataReader ExecuteReader(Boolean, Boolean, System.Data.CommandBehavior), Línea: 0] - ORA-01403: No se ha encontrado ningún dato
ORA-06512: en "MRVMM_P.PKG_MRV_REPORTES", línea 1637
ORA-06512: en línea 1
09/12/2020 11:21:30: [Método: System.Data.Common.DbDataReader ExecuteDbDataReader(System.Data.CommandBehavior), Línea: 0] - ORA-01403: No se ha encontrado ningún dato
ORA-06512: en "MRVMM_P.PKG_MRV_REPORTES", línea 1637
ORA-06512: en línea 1
09/12/2020 11:21:30: [Método: System.Data.IDataReader System.Data.IDbCommand.ExecuteReader(System.Data.CommandBehavior), Línea: 0] - ORA-01403: No se ha encontrado ningún dato
ORA-06512: en "MRVMM_P.PKG_MRV_REPORTES", línea 1637
ORA-06512: en línea 1
09/12/2020 11:21:30: [Método: System.Data.IDataReader ExecuteReaderWithFlagsFallback(System.Data.IDbCommand, Boolean, System.Data.CommandBehavior), Línea: 0] - ORA-01403: No se ha encontrado ningún dato
ORA-06512: en "MRVMM_P.PKG_MRV_REPORTES", línea 1637
ORA-06512: en línea 1
09/12/2020 11:21:30: [Método: Boolean MoveNext(), Línea: 0] - ORA-01403: No se ha encontrado ningún dato
ORA-06512: en "MRVMM_P.PKG_MRV_REPORTES", línea 1637
ORA-06512: en línea 1
09/12/2020 11:21:30: [Método: Void .ctor(System.Collections.Generic.IEnumerable`1[T]), Línea: 0] - ORA-01403: No se ha encontrado ningún dato
ORA-06512: en "MRVMM_P.PKG_MRV_REPORTES", línea 1637
ORA-06512: en línea 1
09/12/2020 11:21:30: [Método: System.Collections.Generic.List`1[TSource] ToList[TSource](System.Collections.Generic.IEnumerable`1[TSource]), Línea: 0] - ORA-01403: No se ha encontrado ningún dato
ORA-06512: en "MRVMM_P.PKG_MRV_REPORTES", línea 1637
ORA-06512: en línea 1
09/12/2020 11:21:30: [Método: System.Collections.Generic.IEnumerable`1[T] Query[T](System.Data.IDbConnection, System.String, System.Object, System.Data.IDbTransaction, Boolean, System.Nullable`1[System.Int32], System.Nullable`1[System.Data.CommandType]), Línea: 0] - ORA-01403: No se ha encontrado ningún dato
ORA-06512: en "MRVMM_P.PKG_MRV_REPORTES", línea 1637
ORA-06512: en línea 1
09/12/2020 11:21:30: [Método: System.Collections.Generic.List`1[entidad.minem.gob.pe.AcumuladoBE] MostrarAcumulado(entidad.minem.gob.pe.IniciativaBE), Línea: 2579] - ORA-01403: No se ha encontrado ningún dato
ORA-06512: en "MRVMM_P.PKG_MRV_REPORTES", línea 1637
ORA-06512: en línea 1
09/12/2020 11:24:38: [Método: Void HandleErrorHelper(Int32, Oracle.DataAccess.Client.OracleConnection, IntPtr, Oracle.DataAccess.Client.OpoSqlValCtx*, System.Object, System.String, Boolean, Int32, Oracle.DataAccess.Client.OracleLogicalTransaction), Línea: 0] - ORA-01403: No se ha encontrado ningún dato
ORA-06512: en "MRVMM_P.PKG_MRV_REPORTES", línea 1637
ORA-06512: en línea 1
09/12/2020 11:24:38: [Método: Void HandleError(Int32, Oracle.DataAccess.Client.OracleConnection, System.String, IntPtr, Oracle.DataAccess.Client.OpoSqlValCtx*, System.Object, Boolean, Oracle.DataAccess.Client.OracleLogicalTransaction), Línea: 0] - ORA-01403: No se ha encontrado ningún dato
ORA-06512: en "MRVMM_P.PKG_MRV_REPORTES", línea 1637
ORA-06512: en línea 1
09/12/2020 11:24:38: [Método: Oracle.DataAccess.Client.OracleDataReader ExecuteReader(Boolean, Boolean, System.Data.CommandBehavior), Línea: 0] - ORA-01403: No se ha encontrado ningún dato
ORA-06512: en "MRVMM_P.PKG_MRV_REPORTES", línea 1637
ORA-06512: en línea 1
09/12/2020 11:24:38: [Método: System.Data.Common.DbDataReader ExecuteDbDataReader(System.Data.CommandBehavior), Línea: 0] - ORA-01403: No se ha encontrado ningún dato
ORA-06512: en "MRVMM_P.PKG_MRV_REPORTES", línea 1637
ORA-06512: en línea 1
09/12/2020 11:24:38: [Método: System.Data.IDataReader System.Data.IDbCommand.ExecuteReader(System.Data.CommandBehavior), Línea: 0] - ORA-01403: No se ha encontrado ningún dato
ORA-06512: en "MRVMM_P.PKG_MRV_REPORTES", línea 1637
ORA-06512: en línea 1
09/12/2020 11:24:38: [Método: System.Data.IDataReader ExecuteReaderWithFlagsFallback(System.Data.IDbCommand, Boolean, System.Data.CommandBehavior), Línea: 0] - ORA-01403: No se ha encontrado ningún dato
ORA-06512: en "MRVMM_P.PKG_MRV_REPORTES", línea 1637
ORA-06512: en línea 1
09/12/2020 11:24:38: [Método: Boolean MoveNext(), Línea: 0] - ORA-01403: No se ha encontrado ningún dato
ORA-06512: en "MRVMM_P.PKG_MRV_REPORTES", línea 1637
ORA-06512: en línea 1
09/12/2020 11:24:38: [Método: Void .ctor(System.Collections.Generic.IEnumerable`1[T]), Línea: 0] - ORA-01403: No se ha encontrado ningún dato
ORA-06512: en "MRVMM_P.PKG_MRV_REPORTES", línea 1637
ORA-06512: en línea 1
09/12/2020 11:24:38: [Método: System.Collections.Generic.List`1[TSource] ToList[TSource](System.Collections.Generic.IEnumerable`1[TSource]), Línea: 0] - ORA-01403: No se ha encontrado ningún dato
ORA-06512: en "MRVMM_P.PKG_MRV_REPORTES", línea 1637
ORA-06512: en línea 1
09/12/2020 11:24:38: [Método: System.Collections.Generic.IEnumerable`1[T] Query[T](System.Data.IDbConnection, System.String, System.Object, System.Data.IDbTransaction, Boolean, System.Nullable`1[System.Int32], System.Nullable`1[System.Data.CommandType]), Línea: 0] - ORA-01403: No se ha encontrado ningún dato
ORA-06512: en "MRVMM_P.PKG_MRV_REPORTES", línea 1637
ORA-06512: en línea 1
09/12/2020 11:24:38: [Método: System.Collections.Generic.List`1[entidad.minem.gob.pe.AcumuladoBE] MostrarAcumulado(entidad.minem.gob.pe.IniciativaBE), Línea: 2579] - ORA-01403: No se ha encontrado ningún dato
ORA-06512: en "MRVMM_P.PKG_MRV_REPORTES", línea 1637
ORA-06512: en línea 1
09/12/2020 11:25:52: [Método: Void HandleErrorHelper(Int32, Oracle.DataAccess.Client.OracleConnection, IntPtr, Oracle.DataAccess.Client.OpoSqlValCtx*, System.Object, System.String, Boolean, Int32, Oracle.DataAccess.Client.OracleLogicalTransaction), Línea: 0] - ORA-01403: No se ha encontrado ningún dato
ORA-06512: en "MRVMM_P.PKG_MRV_REPORTES", línea 1637
ORA-06512: en línea 1
09/12/2020 11:25:52: [Método: Void HandleError(Int32, Oracle.DataAccess.Client.OracleConnection, System.String, IntPtr, Oracle.DataAccess.Client.OpoSqlValCtx*, System.Object, Boolean, Oracle.DataAccess.Client.OracleLogicalTransaction), Línea: 0] - ORA-01403: No se ha encontrado ningún dato
ORA-06512: en "MRVMM_P.PKG_MRV_REPORTES", línea 1637
ORA-06512: en línea 1
09/12/2020 11:25:52: [Método: Oracle.DataAccess.Client.OracleDataReader ExecuteReader(Boolean, Boolean, System.Data.CommandBehavior), Línea: 0] - ORA-01403: No se ha encontrado ningún dato
ORA-06512: en "MRVMM_P.PKG_MRV_REPORTES", línea 1637
ORA-06512: en línea 1
09/12/2020 11:25:52: [Método: System.Data.Common.DbDataReader ExecuteDbDataReader(System.Data.CommandBehavior), Línea: 0] - ORA-01403: No se ha encontrado ningún dato
ORA-06512: en "MRVMM_P.PKG_MRV_REPORTES", línea 1637
ORA-06512: en línea 1
09/12/2020 11:25:52: [Método: System.Data.IDataReader System.Data.IDbCommand.ExecuteReader(System.Data.CommandBehavior), Línea: 0] - ORA-01403: No se ha encontrado ningún dato
ORA-06512: en "MRVMM_P.PKG_MRV_REPORTES", línea 1637
ORA-06512: en línea 1
09/12/2020 11:25:52: [Método: System.Data.IDataReader ExecuteReaderWithFlagsFallback(System.Data.IDbCommand, Boolean, System.Data.CommandBehavior), Línea: 0] - ORA-01403: No se ha encontrado ningún dato
ORA-06512: en "MRVMM_P.PKG_MRV_REPORTES", línea 1637
ORA-06512: en línea 1
09/12/2020 11:25:52: [Método: Boolean MoveNext(), Línea: 0] - ORA-01403: No se ha encontrado ningún dato
ORA-06512: en "MRVMM_P.PKG_MRV_REPORTES", línea 1637
ORA-06512: en línea 1
09/12/2020 11:25:52: [Método: Void .ctor(System.Collections.Generic.IEnumerable`1[T]), Línea: 0] - ORA-01403: No se ha encontrado ningún dato
ORA-06512: en "MRVMM_P.PKG_MRV_REPORTES", línea 1637
ORA-06512: en línea 1
09/12/2020 11:25:52: [Método: System.Collections.Generic.List`1[TSource] ToList[TSource](System.Collections.Generic.IEnumerable`1[TSource]), Línea: 0] - ORA-01403: No se ha encontrado ningún dato
ORA-06512: en "MRVMM_P.PKG_MRV_REPORTES", línea 1637
ORA-06512: en línea 1
09/12/2020 11:25:52: [Método: System.Collections.Generic.IEnumerable`1[T] Query[T](System.Data.IDbConnection, System.String, System.Object, System.Data.IDbTransaction, Boolean, System.Nullable`1[System.Int32], System.Nullable`1[System.Data.CommandType]), Línea: 0] - ORA-01403: No se ha encontrado ningún dato
ORA-06512: en "MRVMM_P.PKG_MRV_REPORTES", línea 1637
ORA-06512: en línea 1
09/12/2020 11:25:52: [Método: System.Collections.Generic.List`1[entidad.minem.gob.pe.AcumuladoBE] MostrarAcumulado(entidad.minem.gob.pe.IniciativaBE), Línea: 2579] - ORA-01403: No se ha encontrado ningún dato
ORA-06512: en "MRVMM_P.PKG_MRV_REPORTES", línea 1637
ORA-06512: en línea 1
09/12/2020 11:35:45: [Método: Void HandleErrorHelper(Int32, Oracle.DataAccess.Client.OracleConnection, IntPtr, Oracle.DataAccess.Client.OpoSqlValCtx*, System.Object, System.String, Boolean, Int32, Oracle.DataAccess.Client.OracleLogicalTransaction), Línea: 0] - ORA-01403: No se ha encontrado ningún dato
ORA-06512: en "MRVMM_P.PKG_MRV_REPORTES", línea 1637
ORA-06512: en línea 1
09/12/2020 11:35:45: [Método: Void HandleError(Int32, Oracle.DataAccess.Client.OracleConnection, System.String, IntPtr, Oracle.DataAccess.Client.OpoSqlValCtx*, System.Object, Boolean, Oracle.DataAccess.Client.OracleLogicalTransaction), Línea: 0] - ORA-01403: No se ha encontrado ningún dato
ORA-06512: en "MRVMM_P.PKG_MRV_REPORTES", línea 1637
ORA-06512: en línea 1
09/12/2020 11:35:45: [Método: Oracle.DataAccess.Client.OracleDataReader ExecuteReader(Boolean, Boolean, System.Data.CommandBehavior), Línea: 0] - ORA-01403: No se ha encontrado ningún dato
ORA-06512: en "MRVMM_P.PKG_MRV_REPORTES", línea 1637
ORA-06512: en línea 1
09/12/2020 11:35:45: [Método: System.Data.Common.DbDataReader ExecuteDbDataReader(System.Data.CommandBehavior), Línea: 0] - ORA-01403: No se ha encontrado ningún dato
ORA-06512: en "MRVMM_P.PKG_MRV_REPORTES", línea 1637
ORA-06512: en línea 1
09/12/2020 11:35:45: [Método: System.Data.IDataReader System.Data.IDbCommand.ExecuteReader(System.Data.CommandBehavior), Línea: 0] - ORA-01403: No se ha encontrado ningún dato
ORA-06512: en "MRVMM_P.PKG_MRV_REPORTES", línea 1637
ORA-06512: en línea 1
09/12/2020 11:35:45: [Método: System.Data.IDataReader ExecuteReaderWithFlagsFallback(System.Data.IDbCommand, Boolean, System.Data.CommandBehavior), Línea: 0] - ORA-01403: No se ha encontrado ningún dato
ORA-06512: en "MRVMM_P.PKG_MRV_REPORTES", línea 1637
ORA-06512: en línea 1
09/12/2020 11:35:45: [Método: Boolean MoveNext(), Línea: 0] - ORA-01403: No se ha encontrado ningún dato
ORA-06512: en "MRVMM_P.PKG_MRV_REPORTES", línea 1637
ORA-06512: en línea 1
09/12/2020 11:35:45: [Método: Void .ctor(System.Collections.Generic.IEnumerable`1[T]), Línea: 0] - ORA-01403: No se ha encontrado ningún dato
ORA-06512: en "MRVMM_P.PKG_MRV_REPORTES", línea 1637
ORA-06512: en línea 1
09/12/2020 11:35:45: [Método: System.Collections.Generic.List`1[TSource] ToList[TSource](System.Collections.Generic.IEnumerable`1[TSource]), Línea: 0] - ORA-01403: No se ha encontrado ningún dato
ORA-06512: en "MRVMM_P.PKG_MRV_REPORTES", línea 1637
ORA-06512: en línea 1
09/12/2020 11:35:45: [Método: System.Collections.Generic.IEnumerable`1[T] Query[T](System.Data.IDbConnection, System.String, System.Object, System.Data.IDbTransaction, Boolean, System.Nullable`1[System.Int32], System.Nullable`1[System.Data.CommandType]), Línea: 0] - ORA-01403: No se ha encontrado ningún dato
ORA-06512: en "MRVMM_P.PKG_MRV_REPORTES", línea 1637
ORA-06512: en línea 1
09/12/2020 11:35:45: [Método: System.Collections.Generic.List`1[entidad.minem.gob.pe.AcumuladoBE] MostrarAcumulado(entidad.minem.gob.pe.IniciativaBE), Línea: 2579] - ORA-01403: No se ha encontrado ningún dato
ORA-06512: en "MRVMM_P.PKG_MRV_REPORTES", línea 1637
ORA-06512: en línea 1
