26/03/2020 13:21:37: [Método: Void HandleErrorHelper(Int32, Oracle.DataAccess.Client.OracleConnection, IntPtr, Oracle.DataAccess.Client.OpoSqlValCtx*, System.Object, System.String, Boolean, Int32, Oracle.DataAccess.Client.OracleLogicalTransaction), Línea: 0] - ORA-00936: missing expression
ORA-06512: at "MRVMM.PKG_MRV_INICIATIVA_MITIGACION", line 4615
ORA-06512: at line 1
26/03/2020 13:21:37: [Método: Void HandleError(Int32, Oracle.DataAccess.Client.OracleConnection, System.String, IntPtr, Oracle.DataAccess.Client.OpoSqlValCtx*, System.Object, Boolean, Oracle.DataAccess.Client.OracleLogicalTransaction), Línea: 0] - ORA-00936: missing expression
ORA-06512: at "MRVMM.PKG_MRV_INICIATIVA_MITIGACION", line 4615
ORA-06512: at line 1
26/03/2020 13:21:37: [Método: Oracle.DataAccess.Client.OracleDataReader ExecuteReader(Boolean, Boolean, System.Data.CommandBehavior), Línea: 0] - ORA-00936: missing expression
ORA-06512: at "MRVMM.PKG_MRV_INICIATIVA_MITIGACION", line 4615
ORA-06512: at line 1
26/03/2020 13:21:37: [Método: System.Data.Common.DbDataReader ExecuteDbDataReader(System.Data.CommandBehavior), Línea: 0] - ORA-00936: missing expression
ORA-06512: at "MRVMM.PKG_MRV_INICIATIVA_MITIGACION", line 4615
ORA-06512: at line 1
26/03/2020 13:21:37: [Método: System.Data.IDataReader ExecuteReaderWithFlagsFallback(System.Data.IDbCommand, Boolean, System.Data.CommandBehavior), Línea: 0] - ORA-00936: missing expression
ORA-06512: at "MRVMM.PKG_MRV_INICIATIVA_MITIGACION", line 4615
ORA-06512: at line 1
26/03/2020 13:21:37: [Método: Boolean MoveNext(), Línea: 0] - ORA-00936: missing expression
ORA-06512: at "MRVMM.PKG_MRV_INICIATIVA_MITIGACION", line 4615
ORA-06512: at line 1
26/03/2020 13:21:37: [Método: Void .ctor(System.Collections.Generic.IEnumerable`1[T]), Línea: 0] - ORA-00936: missing expression
ORA-06512: at "MRVMM.PKG_MRV_INICIATIVA_MITIGACION", line 4615
ORA-06512: at line 1
26/03/2020 13:21:37: [Método: System.Collections.Generic.List`1[TSource] ToList[TSource](System.Collections.Generic.IEnumerable`1[TSource]), Línea: 0] - ORA-00936: missing expression
ORA-06512: at "MRVMM.PKG_MRV_INICIATIVA_MITIGACION", line 4615
ORA-06512: at line 1
26/03/2020 13:21:37: [Método: System.Collections.Generic.IEnumerable`1[T] Query[T](System.Data.IDbConnection, System.String, System.Object, System.Data.IDbTransaction, Boolean, System.Nullable`1[System.Int32], System.Nullable`1[System.Data.CommandType]), Línea: 0] - ORA-00936: missing expression
ORA-06512: at "MRVMM.PKG_MRV_INICIATIVA_MITIGACION", line 4615
ORA-06512: at line 1
26/03/2020 13:21:37: [Método: System.Collections.Generic.List`1[entidad.minem.gob.pe.IniciativaBE] ListaBusquedaSimplePublico(entidad.minem.gob.pe.IniciativaBE), Línea: 1801] - ORA-00936: missing expression
ORA-06512: at "MRVMM.PKG_MRV_INICIATIVA_MITIGACION", line 4615
ORA-06512: at line 1
26/03/2020 13:22:28: [Método: Void HandleErrorHelper(Int32, Oracle.DataAccess.Client.OracleConnection, IntPtr, Oracle.DataAccess.Client.OpoSqlValCtx*, System.Object, System.String, Boolean, Int32, Oracle.DataAccess.Client.OracleLogicalTransaction), Línea: 0] - ORA-00936: missing expression
ORA-06512: at "MRVMM.PKG_MRV_INICIATIVA_MITIGACION", line 4615
ORA-06512: at line 1
26/03/2020 13:22:28: [Método: Void HandleError(Int32, Oracle.DataAccess.Client.OracleConnection, System.String, IntPtr, Oracle.DataAccess.Client.OpoSqlValCtx*, System.Object, Boolean, Oracle.DataAccess.Client.OracleLogicalTransaction), Línea: 0] - ORA-00936: missing expression
ORA-06512: at "MRVMM.PKG_MRV_INICIATIVA_MITIGACION", line 4615
ORA-06512: at line 1
26/03/2020 13:22:28: [Método: Oracle.DataAccess.Client.OracleDataReader ExecuteReader(Boolean, Boolean, System.Data.CommandBehavior), Línea: 0] - ORA-00936: missing expression
ORA-06512: at "MRVMM.PKG_MRV_INICIATIVA_MITIGACION", line 4615
ORA-06512: at line 1
26/03/2020 13:22:28: [Método: System.Data.Common.DbDataReader ExecuteDbDataReader(System.Data.CommandBehavior), Línea: 0] - ORA-00936: missing expression
ORA-06512: at "MRVMM.PKG_MRV_INICIATIVA_MITIGACION", line 4615
ORA-06512: at line 1
26/03/2020 13:22:28: [Método: System.Data.IDataReader ExecuteReaderWithFlagsFallback(System.Data.IDbCommand, Boolean, System.Data.CommandBehavior), Línea: 0] - ORA-00936: missing expression
ORA-06512: at "MRVMM.PKG_MRV_INICIATIVA_MITIGACION", line 4615
ORA-06512: at line 1
26/03/2020 13:22:28: [Método: Boolean MoveNext(), Línea: 0] - ORA-00936: missing expression
ORA-06512: at "MRVMM.PKG_MRV_INICIATIVA_MITIGACION", line 4615
ORA-06512: at line 1
26/03/2020 13:22:28: [Método: Void .ctor(System.Collections.Generic.IEnumerable`1[T]), Línea: 0] - ORA-00936: missing expression
ORA-06512: at "MRVMM.PKG_MRV_INICIATIVA_MITIGACION", line 4615
ORA-06512: at line 1
26/03/2020 13:22:28: [Método: System.Collections.Generic.List`1[TSource] ToList[TSource](System.Collections.Generic.IEnumerable`1[TSource]), Línea: 0] - ORA-00936: missing expression
ORA-06512: at "MRVMM.PKG_MRV_INICIATIVA_MITIGACION", line 4615
ORA-06512: at line 1
26/03/2020 13:22:28: [Método: System.Collections.Generic.IEnumerable`1[T] Query[T](System.Data.IDbConnection, System.String, System.Object, System.Data.IDbTransaction, Boolean, System.Nullable`1[System.Int32], System.Nullable`1[System.Data.CommandType]), Línea: 0] - ORA-00936: missing expression
ORA-06512: at "MRVMM.PKG_MRV_INICIATIVA_MITIGACION", line 4615
ORA-06512: at line 1
26/03/2020 13:22:28: [Método: System.Collections.Generic.List`1[entidad.minem.gob.pe.IniciativaBE] ListaBusquedaSimplePublico(entidad.minem.gob.pe.IniciativaBE), Línea: 1801] - ORA-00936: missing expression
ORA-06512: at "MRVMM.PKG_MRV_INICIATIVA_MITIGACION", line 4615
ORA-06512: at line 1
26/03/2020 13:23:27: [Método: Void HandleErrorHelper(Int32, Oracle.DataAccess.Client.OracleConnection, IntPtr, Oracle.DataAccess.Client.OpoSqlValCtx*, System.Object, System.String, Boolean, Int32, Oracle.DataAccess.Client.OracleLogicalTransaction), Línea: 0] - ORA-00936: missing expression
ORA-06512: at "MRVMM.PKG_MRV_INICIATIVA_MITIGACION", line 4615
ORA-06512: at line 1
26/03/2020 13:23:27: [Método: Void HandleError(Int32, Oracle.DataAccess.Client.OracleConnection, System.String, IntPtr, Oracle.DataAccess.Client.OpoSqlValCtx*, System.Object, Boolean, Oracle.DataAccess.Client.OracleLogicalTransaction), Línea: 0] - ORA-00936: missing expression
ORA-06512: at "MRVMM.PKG_MRV_INICIATIVA_MITIGACION", line 4615
ORA-06512: at line 1
26/03/2020 13:23:27: [Método: Oracle.DataAccess.Client.OracleDataReader ExecuteReader(Boolean, Boolean, System.Data.CommandBehavior), Línea: 0] - ORA-00936: missing expression
ORA-06512: at "MRVMM.PKG_MRV_INICIATIVA_MITIGACION", line 4615
ORA-06512: at line 1
26/03/2020 13:23:27: [Método: System.Data.Common.DbDataReader ExecuteDbDataReader(System.Data.CommandBehavior), Línea: 0] - ORA-00936: missing expression
ORA-06512: at "MRVMM.PKG_MRV_INICIATIVA_MITIGACION", line 4615
ORA-06512: at line 1
26/03/2020 13:23:27: [Método: System.Data.IDataReader ExecuteReaderWithFlagsFallback(System.Data.IDbCommand, Boolean, System.Data.CommandBehavior), Línea: 0] - ORA-00936: missing expression
ORA-06512: at "MRVMM.PKG_MRV_INICIATIVA_MITIGACION", line 4615
ORA-06512: at line 1
26/03/2020 13:23:27: [Método: Boolean MoveNext(), Línea: 0] - ORA-00936: missing expression
ORA-06512: at "MRVMM.PKG_MRV_INICIATIVA_MITIGACION", line 4615
ORA-06512: at line 1
26/03/2020 13:23:27: [Método: Void .ctor(System.Collections.Generic.IEnumerable`1[T]), Línea: 0] - ORA-00936: missing expression
ORA-06512: at "MRVMM.PKG_MRV_INICIATIVA_MITIGACION", line 4615
ORA-06512: at line 1
26/03/2020 13:23:27: [Método: System.Collections.Generic.List`1[TSource] ToList[TSource](System.Collections.Generic.IEnumerable`1[TSource]), Línea: 0] - ORA-00936: missing expression
ORA-06512: at "MRVMM.PKG_MRV_INICIATIVA_MITIGACION", line 4615
ORA-06512: at line 1
26/03/2020 13:23:27: [Método: System.Collections.Generic.IEnumerable`1[T] Query[T](System.Data.IDbConnection, System.String, System.Object, System.Data.IDbTransaction, Boolean, System.Nullable`1[System.Int32], System.Nullable`1[System.Data.CommandType]), Línea: 0] - ORA-00936: missing expression
ORA-06512: at "MRVMM.PKG_MRV_INICIATIVA_MITIGACION", line 4615
ORA-06512: at line 1
26/03/2020 13:23:27: [Método: System.Collections.Generic.List`1[entidad.minem.gob.pe.IniciativaBE] ListaBusquedaSimplePublico(entidad.minem.gob.pe.IniciativaBE), Línea: 1801] - ORA-00936: missing expression
ORA-06512: at "MRVMM.PKG_MRV_INICIATIVA_MITIGACION", line 4615
ORA-06512: at line 1
26/03/2020 19:23:05: [Método: entidad.minem.gob.pe.IndicadorArchivoBE GetArchivoDetalleIndicador(entidad.minem.gob.pe.IndicadorArchivoBE), Línea: 58] - Referencia a objeto no establecida como instancia de un objeto.
26/03/2020 19:23:05: [Método: entidad.minem.gob.pe.IndicadorArchivoBE GetArchivoDetalleIndicador(entidad.minem.gob.pe.IndicadorArchivoBE), Línea: 63] - Referencia a objeto no establecida como instancia de un objeto.
26/03/2020 19:23:05: [Método: System.Collections.Generic.List`1[entidad.minem.gob.pe.IndicadorDataBE] ListarDatosIndicadorData(entidad.minem.gob.pe.IndicadorDataBE), Línea: 877] - Referencia a objeto no establecida como instancia de un objeto.
26/03/2020 19:32:39: [Método: entidad.minem.gob.pe.IndicadorArchivoBE GetArchivoDetalleIndicador(entidad.minem.gob.pe.IndicadorArchivoBE), Línea: 58] - Referencia a objeto no establecida como instancia de un objeto.
26/03/2020 19:32:39: [Método: entidad.minem.gob.pe.IndicadorArchivoBE GetArchivoDetalleIndicador(entidad.minem.gob.pe.IndicadorArchivoBE), Línea: 63] - Referencia a objeto no establecida como instancia de un objeto.
26/03/2020 19:32:39: [Método: System.Collections.Generic.List`1[entidad.minem.gob.pe.IndicadorDataBE] ListarDatosIndicadorData(entidad.minem.gob.pe.IndicadorDataBE), Línea: 877] - Referencia a objeto no establecida como instancia de un objeto.
26/03/2020 19:33:17: [Método: entidad.minem.gob.pe.IndicadorArchivoBE GetArchivoDetalleIndicador(entidad.minem.gob.pe.IndicadorArchivoBE), Línea: 58] - Referencia a objeto no establecida como instancia de un objeto.
26/03/2020 19:33:17: [Método: entidad.minem.gob.pe.IndicadorArchivoBE GetArchivoDetalleIndicador(entidad.minem.gob.pe.IndicadorArchivoBE), Línea: 63] - Referencia a objeto no establecida como instancia de un objeto.
26/03/2020 19:33:17: [Método: System.Collections.Generic.List`1[entidad.minem.gob.pe.IndicadorDataBE] ListarDatosIndicadorData(entidad.minem.gob.pe.IndicadorDataBE), Línea: 877] - Referencia a objeto no establecida como instancia de un objeto.
26/03/2020 19:40:42: [Método: entidad.minem.gob.pe.IndicadorArchivoBE GetArchivoDetalleIndicador(entidad.minem.gob.pe.IndicadorArchivoBE), Línea: 58] - Referencia a objeto no establecida como instancia de un objeto.
26/03/2020 19:40:42: [Método: entidad.minem.gob.pe.IndicadorArchivoBE GetArchivoDetalleIndicador(entidad.minem.gob.pe.IndicadorArchivoBE), Línea: 63] - Referencia a objeto no establecida como instancia de un objeto.
26/03/2020 19:40:42: [Método: System.Collections.Generic.List`1[entidad.minem.gob.pe.IndicadorDataBE] ListarDatosIndicadorData(entidad.minem.gob.pe.IndicadorDataBE), Línea: 877] - Referencia a objeto no establecida como instancia de un objeto.
26/03/2020 19:42:56: [Método: entidad.minem.gob.pe.IndicadorArchivoBE GetArchivoDetalleIndicador(entidad.minem.gob.pe.IndicadorArchivoBE), Línea: 58] - Referencia a objeto no establecida como instancia de un objeto.
