05/06/2020 01:02:13: [Método: Void HandleErrorHelper(Int32, Oracle.DataAccess.Client.OracleConnection, IntPtr, Oracle.DataAccess.Client.OpoSqlValCtx*, System.Object, System.String, Boolean, Int32, Oracle.DataAccess.Client.OracleLogicalTransaction), Línea: 0] - ORA-01427: la subconsulta de una sola fila devuelve más de una fila
05/06/2020 01:02:13: [Método: Boolean Read(), Línea: 0] - ORA-01427: la subconsulta de una sola fila devuelve más de una fila
05/06/2020 01:02:13: [Método: Boolean MoveNext(), Línea: 0] - ORA-01427: la subconsulta de una sola fila devuelve más de una fila
05/06/2020 01:02:13: [Método: Void .ctor(System.Collections.Generic.IEnumerable`1[T]), Línea: 0] - ORA-01427: la subconsulta de una sola fila devuelve más de una fila
05/06/2020 01:02:13: [Método: System.Collections.Generic.List`1[TSource] ToList[TSource](System.Collections.Generic.IEnumerable`1[TSource]), Línea: 0] - ORA-01427: la subconsulta de una sola fila devuelve más de una fila
05/06/2020 01:02:13: [Método: System.Collections.Generic.IEnumerable`1[T] Query[T](System.Data.IDbConnection, System.String, System.Object, System.Data.IDbTransaction, Boolean, System.Nullable`1[System.Int32], System.Nullable`1[System.Data.CommandType]), Línea: 0] - ORA-01427: la subconsulta de una sola fila devuelve más de una fila
05/06/2020 01:02:13: [Método: System.Collections.Generic.List`1[entidad.minem.gob.pe.IniciativaBE] ListaBusquedaAvanzadoPrivado(entidad.minem.gob.pe.IniciativaBE), Línea: 1735] - ORA-01427: la subconsulta de una sola fila devuelve más de una fila
05/06/2020 01:02:36: [Método: Void HandleErrorHelper(Int32, Oracle.DataAccess.Client.OracleConnection, IntPtr, Oracle.DataAccess.Client.OpoSqlValCtx*, System.Object, System.String, Boolean, Int32, Oracle.DataAccess.Client.OracleLogicalTransaction), Línea: 0] - ORA-01427: la subconsulta de una sola fila devuelve más de una fila
05/06/2020 01:02:36: [Método: Boolean Read(), Línea: 0] - ORA-01427: la subconsulta de una sola fila devuelve más de una fila
05/06/2020 01:02:36: [Método: Boolean MoveNext(), Línea: 0] - ORA-01427: la subconsulta de una sola fila devuelve más de una fila
05/06/2020 01:02:36: [Método: Void .ctor(System.Collections.Generic.IEnumerable`1[T]), Línea: 0] - ORA-01427: la subconsulta de una sola fila devuelve más de una fila
05/06/2020 01:02:36: [Método: System.Collections.Generic.List`1[TSource] ToList[TSource](System.Collections.Generic.IEnumerable`1[TSource]), Línea: 0] - ORA-01427: la subconsulta de una sola fila devuelve más de una fila
05/06/2020 01:02:36: [Método: System.Collections.Generic.IEnumerable`1[T] Query[T](System.Data.IDbConnection, System.String, System.Object, System.Data.IDbTransaction, Boolean, System.Nullable`1[System.Int32], System.Nullable`1[System.Data.CommandType]), Línea: 0] - ORA-01427: la subconsulta de una sola fila devuelve más de una fila
05/06/2020 01:02:36: [Método: System.Collections.Generic.List`1[entidad.minem.gob.pe.IniciativaBE] ListaBusquedaAvanzadoPrivado(entidad.minem.gob.pe.IniciativaBE), Línea: 1735] - ORA-01427: la subconsulta de una sola fila devuelve más de una fila
05/06/2020 01:03:01: [Método: Void HandleErrorHelper(Int32, Oracle.DataAccess.Client.OracleConnection, IntPtr, Oracle.DataAccess.Client.OpoSqlValCtx*, System.Object, System.String, Boolean, Int32, Oracle.DataAccess.Client.OracleLogicalTransaction), Línea: 0] - ORA-01427: la subconsulta de una sola fila devuelve más de una fila
05/06/2020 01:03:01: [Método: Boolean Read(), Línea: 0] - ORA-01427: la subconsulta de una sola fila devuelve más de una fila
05/06/2020 01:03:01: [Método: Boolean MoveNext(), Línea: 0] - ORA-01427: la subconsulta de una sola fila devuelve más de una fila
05/06/2020 01:03:01: [Método: Void .ctor(System.Collections.Generic.IEnumerable`1[T]), Línea: 0] - ORA-01427: la subconsulta de una sola fila devuelve más de una fila
05/06/2020 01:03:01: [Método: System.Collections.Generic.List`1[TSource] ToList[TSource](System.Collections.Generic.IEnumerable`1[TSource]), Línea: 0] - ORA-01427: la subconsulta de una sola fila devuelve más de una fila
05/06/2020 01:03:01: [Método: System.Collections.Generic.IEnumerable`1[T] Query[T](System.Data.IDbConnection, System.String, System.Object, System.Data.IDbTransaction, Boolean, System.Nullable`1[System.Int32], System.Nullable`1[System.Data.CommandType]), Línea: 0] - ORA-01427: la subconsulta de una sola fila devuelve más de una fila
05/06/2020 01:03:01: [Método: System.Collections.Generic.List`1[entidad.minem.gob.pe.IniciativaBE] ListaBusquedaAvanzadoPrivado(entidad.minem.gob.pe.IniciativaBE), Línea: 1735] - ORA-01427: la subconsulta de una sola fila devuelve más de una fila
05/06/2020 01:03:17: [Método: Void HandleErrorHelper(Int32, Oracle.DataAccess.Client.OracleConnection, IntPtr, Oracle.DataAccess.Client.OpoSqlValCtx*, System.Object, System.String, Boolean, Int32, Oracle.DataAccess.Client.OracleLogicalTransaction), Línea: 0] - ORA-01427: la subconsulta de una sola fila devuelve más de una fila
05/06/2020 01:03:17: [Método: Boolean Read(), Línea: 0] - ORA-01427: la subconsulta de una sola fila devuelve más de una fila
05/06/2020 01:03:17: [Método: Boolean MoveNext(), Línea: 0] - ORA-01427: la subconsulta de una sola fila devuelve más de una fila
05/06/2020 01:03:17: [Método: Void .ctor(System.Collections.Generic.IEnumerable`1[T]), Línea: 0] - ORA-01427: la subconsulta de una sola fila devuelve más de una fila
05/06/2020 01:03:17: [Método: System.Collections.Generic.List`1[TSource] ToList[TSource](System.Collections.Generic.IEnumerable`1[TSource]), Línea: 0] - ORA-01427: la subconsulta de una sola fila devuelve más de una fila
05/06/2020 01:03:17: [Método: System.Collections.Generic.IEnumerable`1[T] Query[T](System.Data.IDbConnection, System.String, System.Object, System.Data.IDbTransaction, Boolean, System.Nullable`1[System.Int32], System.Nullable`1[System.Data.CommandType]), Línea: 0] - ORA-01427: la subconsulta de una sola fila devuelve más de una fila
05/06/2020 01:03:17: [Método: System.Collections.Generic.List`1[entidad.minem.gob.pe.IniciativaBE] ListaBusquedaAvanzadoPrivado(entidad.minem.gob.pe.IniciativaBE), Línea: 1735] - ORA-01427: la subconsulta de una sola fila devuelve más de una fila
05/06/2020 01:03:35: [Método: Void HandleErrorHelper(Int32, Oracle.DataAccess.Client.OracleConnection, IntPtr, Oracle.DataAccess.Client.OpoSqlValCtx*, System.Object, System.String, Boolean, Int32, Oracle.DataAccess.Client.OracleLogicalTransaction), Línea: 0] - ORA-01427: la subconsulta de una sola fila devuelve más de una fila
05/06/2020 01:03:35: [Método: Boolean Read(), Línea: 0] - ORA-01427: la subconsulta de una sola fila devuelve más de una fila
05/06/2020 01:03:35: [Método: Boolean MoveNext(), Línea: 0] - ORA-01427: la subconsulta de una sola fila devuelve más de una fila
05/06/2020 01:03:35: [Método: Void .ctor(System.Collections.Generic.IEnumerable`1[T]), Línea: 0] - ORA-01427: la subconsulta de una sola fila devuelve más de una fila
05/06/2020 01:03:35: [Método: System.Collections.Generic.List`1[TSource] ToList[TSource](System.Collections.Generic.IEnumerable`1[TSource]), Línea: 0] - ORA-01427: la subconsulta de una sola fila devuelve más de una fila
05/06/2020 01:03:35: [Método: System.Collections.Generic.IEnumerable`1[T] Query[T](System.Data.IDbConnection, System.String, System.Object, System.Data.IDbTransaction, Boolean, System.Nullable`1[System.Int32], System.Nullable`1[System.Data.CommandType]), Línea: 0] - ORA-01427: la subconsulta de una sola fila devuelve más de una fila
05/06/2020 01:03:35: [Método: System.Collections.Generic.List`1[entidad.minem.gob.pe.IniciativaBE] ListaBusquedaAvanzadoPrivado(entidad.minem.gob.pe.IniciativaBE), Línea: 1735] - ORA-01427: la subconsulta de una sola fila devuelve más de una fila
05/06/2020 01:03:51: [Método: Void HandleErrorHelper(Int32, Oracle.DataAccess.Client.OracleConnection, IntPtr, Oracle.DataAccess.Client.OpoSqlValCtx*, System.Object, System.String, Boolean, Int32, Oracle.DataAccess.Client.OracleLogicalTransaction), Línea: 0] - ORA-01427: la subconsulta de una sola fila devuelve más de una fila
05/06/2020 01:03:51: [Método: Boolean Read(), Línea: 0] - ORA-01427: la subconsulta de una sola fila devuelve más de una fila
05/06/2020 01:03:51: [Método: Boolean MoveNext(), Línea: 0] - ORA-01427: la subconsulta de una sola fila devuelve más de una fila
05/06/2020 01:03:51: [Método: Void .ctor(System.Collections.Generic.IEnumerable`1[T]), Línea: 0] - ORA-01427: la subconsulta de una sola fila devuelve más de una fila
05/06/2020 01:03:51: [Método: System.Collections.Generic.List`1[TSource] ToList[TSource](System.Collections.Generic.IEnumerable`1[TSource]), Línea: 0] - ORA-01427: la subconsulta de una sola fila devuelve más de una fila
05/06/2020 01:03:51: [Método: System.Collections.Generic.IEnumerable`1[T] Query[T](System.Data.IDbConnection, System.String, System.Object, System.Data.IDbTransaction, Boolean, System.Nullable`1[System.Int32], System.Nullable`1[System.Data.CommandType]), Línea: 0] - ORA-01427: la subconsulta de una sola fila devuelve más de una fila
05/06/2020 01:03:51: [Método: System.Collections.Generic.List`1[entidad.minem.gob.pe.IniciativaBE] ListaBusquedaAvanzadoPrivado(entidad.minem.gob.pe.IniciativaBE), Línea: 1735] - ORA-01427: la subconsulta de una sola fila devuelve más de una fila
05/06/2020 01:09:55: [Método: Void HandleErrorHelper(Int32, Oracle.DataAccess.Client.OracleConnection, IntPtr, Oracle.DataAccess.Client.OpoSqlValCtx*, System.Object, System.String, Boolean, Int32, Oracle.DataAccess.Client.OracleLogicalTransaction), Línea: 0] - ORA-01427: la subconsulta de una sola fila devuelve más de una fila
05/06/2020 01:09:55: [Método: Boolean Read(), Línea: 0] - ORA-01427: la subconsulta de una sola fila devuelve más de una fila
05/06/2020 01:09:55: [Método: Boolean MoveNext(), Línea: 0] - ORA-01427: la subconsulta de una sola fila devuelve más de una fila
05/06/2020 01:09:55: [Método: Void .ctor(System.Collections.Generic.IEnumerable`1[T]), Línea: 0] - ORA-01427: la subconsulta de una sola fila devuelve más de una fila
05/06/2020 01:09:55: [Método: System.Collections.Generic.List`1[TSource] ToList[TSource](System.Collections.Generic.IEnumerable`1[TSource]), Línea: 0] - ORA-01427: la subconsulta de una sola fila devuelve más de una fila
05/06/2020 01:09:55: [Método: System.Collections.Generic.IEnumerable`1[T] Query[T](System.Data.IDbConnection, System.String, System.Object, System.Data.IDbTransaction, Boolean, System.Nullable`1[System.Int32], System.Nullable`1[System.Data.CommandType]), Línea: 0] - ORA-01427: la subconsulta de una sola fila devuelve más de una fila
05/06/2020 01:09:55: [Método: System.Collections.Generic.List`1[entidad.minem.gob.pe.IniciativaBE] ListaBusquedaAvanzadoPrivado(entidad.minem.gob.pe.IniciativaBE), Línea: 1735] - ORA-01427: la subconsulta de una sola fila devuelve más de una fila
05/06/2020 01:13:29: [Método: Void HandleErrorHelper(Int32, Oracle.DataAccess.Client.OracleConnection, IntPtr, Oracle.DataAccess.Client.OpoSqlValCtx*, System.Object, System.String, Boolean, Int32, Oracle.DataAccess.Client.OracleLogicalTransaction), Línea: 0] - ORA-01427: la subconsulta de una sola fila devuelve más de una fila
05/06/2020 01:13:29: [Método: Boolean Read(), Línea: 0] - ORA-01427: la subconsulta de una sola fila devuelve más de una fila
05/06/2020 01:13:29: [Método: Boolean MoveNext(), Línea: 0] - ORA-01427: la subconsulta de una sola fila devuelve más de una fila
05/06/2020 01:13:29: [Método: Void .ctor(System.Collections.Generic.IEnumerable`1[T]), Línea: 0] - ORA-01427: la subconsulta de una sola fila devuelve más de una fila
05/06/2020 01:13:29: [Método: System.Collections.Generic.List`1[TSource] ToList[TSource](System.Collections.Generic.IEnumerable`1[TSource]), Línea: 0] - ORA-01427: la subconsulta de una sola fila devuelve más de una fila
05/06/2020 01:13:29: [Método: System.Collections.Generic.IEnumerable`1[T] Query[T](System.Data.IDbConnection, System.String, System.Object, System.Data.IDbTransaction, Boolean, System.Nullable`1[System.Int32], System.Nullable`1[System.Data.CommandType]), Línea: 0] - ORA-01427: la subconsulta de una sola fila devuelve más de una fila
05/06/2020 01:13:29: [Método: System.Collections.Generic.List`1[entidad.minem.gob.pe.IniciativaBE] ListaBusquedaAvanzadoPrivadoBlock(entidad.minem.gob.pe.IniciativaBE), Línea: 2716] - ORA-01427: la subconsulta de una sola fila devuelve más de una fila
05/06/2020 01:41:20: [Método: Void HandleErrorHelper(Int32, Oracle.DataAccess.Client.OracleConnection, IntPtr, Oracle.DataAccess.Client.OpoSqlValCtx*, System.Object, System.String, Boolean, Int32, Oracle.DataAccess.Client.OracleLogicalTransaction), Línea: 0] - ORA-01427: la subconsulta de una sola fila devuelve más de una fila
05/06/2020 01:41:20: [Método: Boolean Read(), Línea: 0] - ORA-01427: la subconsulta de una sola fila devuelve más de una fila
05/06/2020 01:41:20: [Método: Boolean MoveNext(), Línea: 0] - ORA-01427: la subconsulta de una sola fila devuelve más de una fila
05/06/2020 01:41:20: [Método: Void .ctor(System.Collections.Generic.IEnumerable`1[T]), Línea: 0] - ORA-01427: la subconsulta de una sola fila devuelve más de una fila
05/06/2020 01:41:20: [Método: System.Collections.Generic.List`1[TSource] ToList[TSource](System.Collections.Generic.IEnumerable`1[TSource]), Línea: 0] - ORA-01427: la subconsulta de una sola fila devuelve más de una fila
05/06/2020 01:41:20: [Método: System.Collections.Generic.IEnumerable`1[T] Query[T](System.Data.IDbConnection, System.String, System.Object, System.Data.IDbTransaction, Boolean, System.Nullable`1[System.Int32], System.Nullable`1[System.Data.CommandType]), Línea: 0] - ORA-01427: la subconsulta de una sola fila devuelve más de una fila
05/06/2020 01:41:20: [Método: System.Collections.Generic.List`1[entidad.minem.gob.pe.IniciativaBE] ListaBusquedaAvanzadoPrivadoBlock(entidad.minem.gob.pe.IniciativaBE), Línea: 2716] - ORA-01427: la subconsulta de una sola fila devuelve más de una fila
05/06/2020 01:41:40: [Método: Void HandleErrorHelper(Int32, Oracle.DataAccess.Client.OracleConnection, IntPtr, Oracle.DataAccess.Client.OpoSqlValCtx*, System.Object, System.String, Boolean, Int32, Oracle.DataAccess.Client.OracleLogicalTransaction), Línea: 0] - ORA-01427: la subconsulta de una sola fila devuelve más de una fila
05/06/2020 01:41:40: [Método: Boolean Read(), Línea: 0] - ORA-01427: la subconsulta de una sola fila devuelve más de una fila
05/06/2020 01:41:40: [Método: Boolean MoveNext(), Línea: 0] - ORA-01427: la subconsulta de una sola fila devuelve más de una fila
05/06/2020 01:41:40: [Método: Void .ctor(System.Collections.Generic.IEnumerable`1[T]), Línea: 0] - ORA-01427: la subconsulta de una sola fila devuelve más de una fila
05/06/2020 01:41:40: [Método: System.Collections.Generic.List`1[TSource] ToList[TSource](System.Collections.Generic.IEnumerable`1[TSource]), Línea: 0] - ORA-01427: la subconsulta de una sola fila devuelve más de una fila
05/06/2020 01:41:40: [Método: System.Collections.Generic.IEnumerable`1[T] Query[T](System.Data.IDbConnection, System.String, System.Object, System.Data.IDbTransaction, Boolean, System.Nullable`1[System.Int32], System.Nullable`1[System.Data.CommandType]), Línea: 0] - ORA-01427: la subconsulta de una sola fila devuelve más de una fila
05/06/2020 01:41:40: [Método: System.Collections.Generic.List`1[entidad.minem.gob.pe.IniciativaBE] ListaBusquedaAvanzadoPrivado(entidad.minem.gob.pe.IniciativaBE), Línea: 1735] - ORA-01427: la subconsulta de una sola fila devuelve más de una fila
05/06/2020 02:00:32: [Método: Void HandleErrorHelper(Int32, Oracle.DataAccess.Client.OracleConnection, IntPtr, Oracle.DataAccess.Client.OpoSqlValCtx*, System.Object, System.String, Boolean, Int32, Oracle.DataAccess.Client.OracleLogicalTransaction), Línea: 0] - ORA-06550: línea 1, columna 43:
PLS-00302: el componente 'USP_SEL_BUSQUEDA_AVANZADA_BLK' se debe declarar
ORA-06550: línea 1, columna 7:
PL/SQL: Statement ignored
05/06/2020 02:00:32: [Método: Void HandleError(Int32, Oracle.DataAccess.Client.OracleConnection, System.String, IntPtr, Oracle.DataAccess.Client.OpoSqlValCtx*, System.Object, Boolean, Oracle.DataAccess.Client.OracleLogicalTransaction), Línea: 0] - ORA-06550: línea 1, columna 43:
PLS-00302: el componente 'USP_SEL_BUSQUEDA_AVANZADA_BLK' se debe declarar
ORA-06550: línea 1, columna 7:
PL/SQL: Statement ignored
05/06/2020 02:00:32: [Método: Oracle.DataAccess.Client.OracleDataReader ExecuteReader(Boolean, Boolean, System.Data.CommandBehavior), Línea: 0] - ORA-06550: línea 1, columna 43:
PLS-00302: el componente 'USP_SEL_BUSQUEDA_AVANZADA_BLK' se debe declarar
ORA-06550: línea 1, columna 7:
PL/SQL: Statement ignored
05/06/2020 02:00:32: [Método: System.Data.Common.DbDataReader ExecuteDbDataReader(System.Data.CommandBehavior), Línea: 0] - ORA-06550: línea 1, columna 43:
PLS-00302: el componente 'USP_SEL_BUSQUEDA_AVANZADA_BLK' se debe declarar
ORA-06550: línea 1, columna 7:
PL/SQL: Statement ignored
05/06/2020 02:00:32: [Método: System.Data.IDataReader System.Data.IDbCommand.ExecuteReader(System.Data.CommandBehavior), Línea: 0] - ORA-06550: línea 1, columna 43:
PLS-00302: el componente 'USP_SEL_BUSQUEDA_AVANZADA_BLK' se debe declarar
ORA-06550: línea 1, columna 7:
PL/SQL: Statement ignored
05/06/2020 02:00:32: [Método: System.Data.IDataReader ExecuteReaderWithFlagsFallback(System.Data.IDbCommand, Boolean, System.Data.CommandBehavior), Línea: 0] - ORA-06550: línea 1, columna 43:
PLS-00302: el componente 'USP_SEL_BUSQUEDA_AVANZADA_BLK' se debe declarar
ORA-06550: línea 1, columna 7:
PL/SQL: Statement ignored
05/06/2020 02:00:32: [Método: Boolean MoveNext(), Línea: 0] - ORA-06550: línea 1, columna 43:
PLS-00302: el componente 'USP_SEL_BUSQUEDA_AVANZADA_BLK' se debe declarar
ORA-06550: línea 1, columna 7:
PL/SQL: Statement ignored
05/06/2020 02:00:32: [Método: Void .ctor(System.Collections.Generic.IEnumerable`1[T]), Línea: 0] - ORA-06550: línea 1, columna 43:
PLS-00302: el componente 'USP_SEL_BUSQUEDA_AVANZADA_BLK' se debe declarar
ORA-06550: línea 1, columna 7:
PL/SQL: Statement ignored
05/06/2020 02:00:32: [Método: System.Collections.Generic.List`1[TSource] ToList[TSource](System.Collections.Generic.IEnumerable`1[TSource]), Línea: 0] - ORA-06550: línea 1, columna 43:
PLS-00302: el componente 'USP_SEL_BUSQUEDA_AVANZADA_BLK' se debe declarar
ORA-06550: línea 1, columna 7:
PL/SQL: Statement ignored
05/06/2020 02:00:32: [Método: System.Collections.Generic.IEnumerable`1[T] Query[T](System.Data.IDbConnection, System.String, System.Object, System.Data.IDbTransaction, Boolean, System.Nullable`1[System.Int32], System.Nullable`1[System.Data.CommandType]), Línea: 0] - ORA-06550: línea 1, columna 43:
PLS-00302: el componente 'USP_SEL_BUSQUEDA_AVANZADA_BLK' se debe declarar
ORA-06550: línea 1, columna 7:
PL/SQL: Statement ignored
05/06/2020 02:00:32: [Método: System.Collections.Generic.List`1[entidad.minem.gob.pe.IniciativaBE] ListaBusquedaAvanzadoPrivadoBlock(entidad.minem.gob.pe.IniciativaBE), Línea: 2716] - ORA-06550: línea 1, columna 43:
PLS-00302: el componente 'USP_SEL_BUSQUEDA_AVANZADA_BLK' se debe declarar
ORA-06550: línea 1, columna 7:
PL/SQL: Statement ignored
05/06/2020 02:28:33: [Método: System.Object ExtractParameterFromDictionary(System.Reflection.ParameterInfo, System.Collections.Generic.IDictionary`2[System.String,System.Object], System.Reflection.MethodInfo), Línea: 0] - El diccionario de parámetros contiene una entrada NULL para el parámetro 'id' del tipo que no acepta valores NULL 'System.Int32' del método 'System.Web.Mvc.ActionResult DetalleIndicadorMasivo(Int32, Int32)' en 'MRVMinem.Controllers.DetalleController'. Un parámetro opcional debe ser un tipo de referencia, un tipo que acepte valores NULL o debe declararse como parámetro opcional.
Nombre del parámetro: parameters
05/06/2020 02:28:33: [Método: System.Object Execute(System.Web.Mvc.ControllerContext, System.Collections.Generic.IDictionary`2[System.String,System.Object]), Línea: 0] - El diccionario de parámetros contiene una entrada NULL para el parámetro 'id' del tipo que no acepta valores NULL 'System.Int32' del método 'System.Web.Mvc.ActionResult DetalleIndicadorMasivo(Int32, Int32)' en 'MRVMinem.Controllers.DetalleController'. Un parámetro opcional debe ser un tipo de referencia, un tipo que acepte valores NULL o debe declararse como parámetro opcional.
Nombre del parámetro: parameters
05/06/2020 02:28:33: [Método: System.Web.Mvc.ActionResult InvokeActionMethod(System.Web.Mvc.ControllerContext, System.Web.Mvc.ActionDescriptor, System.Collections.Generic.IDictionary`2[System.String,System.Object]), Línea: 0] - El diccionario de parámetros contiene una entrada NULL para el parámetro 'id' del tipo que no acepta valores NULL 'System.Int32' del método 'System.Web.Mvc.ActionResult DetalleIndicadorMasivo(Int32, Int32)' en 'MRVMinem.Controllers.DetalleController'. Un parámetro opcional debe ser un tipo de referencia, un tipo que acepte valores NULL o debe declararse como parámetro opcional.
Nombre del parámetro: parameters
05/06/2020 02:28:33: [Método: System.Web.Mvc.ActionResult <BeginInvokeSynchronousActionMethod>b__39(System.IAsyncResult, ActionInvocation), Línea: 0] - El diccionario de parámetros contiene una entrada NULL para el parámetro 'id' del tipo que no acepta valores NULL 'System.Int32' del método 'System.Web.Mvc.ActionResult DetalleIndicadorMasivo(Int32, Int32)' en 'MRVMinem.Controllers.DetalleController'. Un parámetro opcional debe ser un tipo de referencia, un tipo que acepte valores NULL o debe declararse como parámetro opcional.
Nombre del parámetro: parameters
05/06/2020 02:28:33: [Método: TResult CallEndDelegate(System.IAsyncResult), Línea: 0] - El diccionario de parámetros contiene una entrada NULL para el parámetro 'id' del tipo que no acepta valores NULL 'System.Int32' del método 'System.Web.Mvc.ActionResult DetalleIndicadorMasivo(Int32, Int32)' en 'MRVMinem.Controllers.DetalleController'. Un parámetro opcional debe ser un tipo de referencia, un tipo que acepte valores NULL o debe declararse como parámetro opcional.
Nombre del parámetro: parameters
05/06/2020 02:28:33: [Método: TResult End(), Línea: 0] - El diccionario de parámetros contiene una entrada NULL para el parámetro 'id' del tipo que no acepta valores NULL 'System.Int32' del método 'System.Web.Mvc.ActionResult DetalleIndicadorMasivo(Int32, Int32)' en 'MRVMinem.Controllers.DetalleController'. Un parámetro opcional debe ser un tipo de referencia, un tipo que acepte valores NULL o debe declararse como parámetro opcional.
Nombre del parámetro: parameters
05/06/2020 02:28:33: [Método: System.Web.Mvc.ActionResult EndInvokeActionMethod(System.IAsyncResult), Línea: 0] - El diccionario de parámetros contiene una entrada NULL para el parámetro 'id' del tipo que no acepta valores NULL 'System.Int32' del método 'System.Web.Mvc.ActionResult DetalleIndicadorMasivo(Int32, Int32)' en 'MRVMinem.Controllers.DetalleController'. Un parámetro opcional debe ser un tipo de referencia, un tipo que acepte valores NULL o debe declararse como parámetro opcional.
Nombre del parámetro: parameters
05/06/2020 02:28:33: [Método: System.Web.Mvc.ActionExecutedContext <InvokeActionMethodFilterAsynchronouslyRecursive>b__3d(), Línea: 0] - El diccionario de parámetros contiene una entrada NULL para el parámetro 'id' del tipo que no acepta valores NULL 'System.Int32' del método 'System.Web.Mvc.ActionResult DetalleIndicadorMasivo(Int32, Int32)' en 'MRVMinem.Controllers.DetalleController'. Un parámetro opcional debe ser un tipo de referencia, un tipo que acepte valores NULL o debe declararse como parámetro opcional.
Nombre del parámetro: parameters
05/06/2020 02:28:33: [Método: System.Web.Mvc.ActionExecutedContext <InvokeActionMethodFilterAsynchronouslyRecursive>b__3f(), Línea: 0] - El diccionario de parámetros contiene una entrada NULL para el parámetro 'id' del tipo que no acepta valores NULL 'System.Int32' del método 'System.Web.Mvc.ActionResult DetalleIndicadorMasivo(Int32, Int32)' en 'MRVMinem.Controllers.DetalleController'. Un parámetro opcional debe ser un tipo de referencia, un tipo que acepte valores NULL o debe declararse como parámetro opcional.
Nombre del parámetro: parameters
05/06/2020 02:28:33: [Método: System.Web.Mvc.ActionExecutedContext <InvokeActionMethodFilterAsynchronouslyRecursive>b__3f(), Línea: 0] - El diccionario de parámetros contiene una entrada NULL para el parámetro 'id' del tipo que no acepta valores NULL 'System.Int32' del método 'System.Web.Mvc.ActionResult DetalleIndicadorMasivo(Int32, Int32)' en 'MRVMinem.Controllers.DetalleController'. Un parámetro opcional debe ser un tipo de referencia, un tipo que acepte valores NULL o debe declararse como parámetro opcional.
Nombre del parámetro: parameters
05/06/2020 02:28:33: [Método: System.Web.Mvc.ActionExecutedContext <BeginInvokeActionMethodWithFilters>b__32(System.IAsyncResult), Línea: 0] - El diccionario de parámetros contiene una entrada NULL para el parámetro 'id' del tipo que no acepta valores NULL 'System.Int32' del método 'System.Web.Mvc.ActionResult DetalleIndicadorMasivo(Int32, Int32)' en 'MRVMinem.Controllers.DetalleController'. Un parámetro opcional debe ser un tipo de referencia, un tipo que acepte valores NULL o debe declararse como parámetro opcional.
Nombre del parámetro: parameters
05/06/2020 02:28:33: [Método: TResult CallEndDelegate(System.IAsyncResult), Línea: 0] - El diccionario de parámetros contiene una entrada NULL para el parámetro 'id' del tipo que no acepta valores NULL 'System.Int32' del método 'System.Web.Mvc.ActionResult DetalleIndicadorMasivo(Int32, Int32)' en 'MRVMinem.Controllers.DetalleController'. Un parámetro opcional debe ser un tipo de referencia, un tipo que acepte valores NULL o debe declararse como parámetro opcional.
Nombre del parámetro: parameters
05/06/2020 02:28:33: [Método: TResult End(), Línea: 0] - El diccionario de parámetros contiene una entrada NULL para el parámetro 'id' del tipo que no acepta valores NULL 'System.Int32' del método 'System.Web.Mvc.ActionResult DetalleIndicadorMasivo(Int32, Int32)' en 'MRVMinem.Controllers.DetalleController'. Un parámetro opcional debe ser un tipo de referencia, un tipo que acepte valores NULL o debe declararse como parámetro opcional.
Nombre del parámetro: parameters
05/06/2020 02:28:33: [Método: System.Web.Mvc.ActionExecutedContext EndInvokeActionMethodWithFilters(System.IAsyncResult), Línea: 0] - El diccionario de parámetros contiene una entrada NULL para el parámetro 'id' del tipo que no acepta valores NULL 'System.Int32' del método 'System.Web.Mvc.ActionResult DetalleIndicadorMasivo(Int32, Int32)' en 'MRVMinem.Controllers.DetalleController'. Un parámetro opcional debe ser un tipo de referencia, un tipo que acepte valores NULL o debe declararse como parámetro opcional.
Nombre del parámetro: parameters
05/06/2020 02:28:33: [Método: Void <BeginInvokeAction>b__1c(), Línea: 0] - El diccionario de parámetros contiene una entrada NULL para el parámetro 'id' del tipo que no acepta valores NULL 'System.Int32' del método 'System.Web.Mvc.ActionResult DetalleIndicadorMasivo(Int32, Int32)' en 'MRVMinem.Controllers.DetalleController'. Un parámetro opcional debe ser un tipo de referencia, un tipo que acepte valores NULL o debe declararse como parámetro opcional.
Nombre del parámetro: parameters
05/06/2020 02:28:33: [Método: Boolean <BeginInvokeAction>b__1e(System.IAsyncResult), Línea: 0] - El diccionario de parámetros contiene una entrada NULL para el parámetro 'id' del tipo que no acepta valores NULL 'System.Int32' del método 'System.Web.Mvc.ActionResult DetalleIndicadorMasivo(Int32, Int32)' en 'MRVMinem.Controllers.DetalleController'. Un parámetro opcional debe ser un tipo de referencia, un tipo que acepte valores NULL o debe declararse como parámetro opcional.
Nombre del parámetro: parameters
05/06/2020 02:28:33: [Método: TResult CallEndDelegate(System.IAsyncResult), Línea: 0] - El diccionario de parámetros contiene una entrada NULL para el parámetro 'id' del tipo que no acepta valores NULL 'System.Int32' del método 'System.Web.Mvc.ActionResult DetalleIndicadorMasivo(Int32, Int32)' en 'MRVMinem.Controllers.DetalleController'. Un parámetro opcional debe ser un tipo de referencia, un tipo que acepte valores NULL o debe declararse como parámetro opcional.
Nombre del parámetro: parameters
05/06/2020 02:28:33: [Método: TResult End(), Línea: 0] - El diccionario de parámetros contiene una entrada NULL para el parámetro 'id' del tipo que no acepta valores NULL 'System.Int32' del método 'System.Web.Mvc.ActionResult DetalleIndicadorMasivo(Int32, Int32)' en 'MRVMinem.Controllers.DetalleController'. Un parámetro opcional debe ser un tipo de referencia, un tipo que acepte valores NULL o debe declararse como parámetro opcional.
Nombre del parámetro: parameters
05/06/2020 02:28:33: [Método: Boolean EndInvokeAction(System.IAsyncResult), Línea: 0] - El diccionario de parámetros contiene una entrada NULL para el parámetro 'id' del tipo que no acepta valores NULL 'System.Int32' del método 'System.Web.Mvc.ActionResult DetalleIndicadorMasivo(Int32, Int32)' en 'MRVMinem.Controllers.DetalleController'. Un parámetro opcional debe ser un tipo de referencia, un tipo que acepte valores NULL o debe declararse como parámetro opcional.
Nombre del parámetro: parameters
05/06/2020 02:28:33: [Método: Void <BeginExecuteCore>b__1d(System.IAsyncResult, ExecuteCoreState), Línea: 0] - El diccionario de parámetros contiene una entrada NULL para el parámetro 'id' del tipo que no acepta valores NULL 'System.Int32' del método 'System.Web.Mvc.ActionResult DetalleIndicadorMasivo(Int32, Int32)' en 'MRVMinem.Controllers.DetalleController'. Un parámetro opcional debe ser un tipo de referencia, un tipo que acepte valores NULL o debe declararse como parámetro opcional.
Nombre del parámetro: parameters
05/06/2020 02:28:33: [Método: System.Web.Mvc.Async.AsyncVoid CallEndDelegate(System.IAsyncResult), Línea: 0] - El diccionario de parámetros contiene una entrada NULL para el parámetro 'id' del tipo que no acepta valores NULL 'System.Int32' del método 'System.Web.Mvc.ActionResult DetalleIndicadorMasivo(Int32, Int32)' en 'MRVMinem.Controllers.DetalleController'. Un parámetro opcional debe ser un tipo de referencia, un tipo que acepte valores NULL o debe declararse como parámetro opcional.
Nombre del parámetro: parameters
05/06/2020 02:28:33: [Método: TResult End(), Línea: 0] - El diccionario de parámetros contiene una entrada NULL para el parámetro 'id' del tipo que no acepta valores NULL 'System.Int32' del método 'System.Web.Mvc.ActionResult DetalleIndicadorMasivo(Int32, Int32)' en 'MRVMinem.Controllers.DetalleController'. Un parámetro opcional debe ser un tipo de referencia, un tipo que acepte valores NULL o debe declararse como parámetro opcional.
Nombre del parámetro: parameters
05/06/2020 02:28:33: [Método: Void EndExecuteCore(System.IAsyncResult), Línea: 0] - El diccionario de parámetros contiene una entrada NULL para el parámetro 'id' del tipo que no acepta valores NULL 'System.Int32' del método 'System.Web.Mvc.ActionResult DetalleIndicadorMasivo(Int32, Int32)' en 'MRVMinem.Controllers.DetalleController'. Un parámetro opcional debe ser un tipo de referencia, un tipo que acepte valores NULL o debe declararse como parámetro opcional.
Nombre del parámetro: parameters
05/06/2020 02:28:33: [Método: Void <BeginExecute>b__15(System.IAsyncResult, System.Web.Mvc.Controller), Línea: 0] - El diccionario de parámetros contiene una entrada NULL para el parámetro 'id' del tipo que no acepta valores NULL 'System.Int32' del método 'System.Web.Mvc.ActionResult DetalleIndicadorMasivo(Int32, Int32)' en 'MRVMinem.Controllers.DetalleController'. Un parámetro opcional debe ser un tipo de referencia, un tipo que acepte valores NULL o debe declararse como parámetro opcional.
Nombre del parámetro: parameters
05/06/2020 02:28:33: [Método: System.Web.Mvc.Async.AsyncVoid CallEndDelegate(System.IAsyncResult), Línea: 0] - El diccionario de parámetros contiene una entrada NULL para el parámetro 'id' del tipo que no acepta valores NULL 'System.Int32' del método 'System.Web.Mvc.ActionResult DetalleIndicadorMasivo(Int32, Int32)' en 'MRVMinem.Controllers.DetalleController'. Un parámetro opcional debe ser un tipo de referencia, un tipo que acepte valores NULL o debe declararse como parámetro opcional.
Nombre del parámetro: parameters
05/06/2020 02:28:33: [Método: TResult End(), Línea: 0] - El diccionario de parámetros contiene una entrada NULL para el parámetro 'id' del tipo que no acepta valores NULL 'System.Int32' del método 'System.Web.Mvc.ActionResult DetalleIndicadorMasivo(Int32, Int32)' en 'MRVMinem.Controllers.DetalleController'. Un parámetro opcional debe ser un tipo de referencia, un tipo que acepte valores NULL o debe declararse como parámetro opcional.
Nombre del parámetro: parameters
05/06/2020 02:28:33: [Método: Void EndExecute(System.IAsyncResult), Línea: 0] - El diccionario de parámetros contiene una entrada NULL para el parámetro 'id' del tipo que no acepta valores NULL 'System.Int32' del método 'System.Web.Mvc.ActionResult DetalleIndicadorMasivo(Int32, Int32)' en 'MRVMinem.Controllers.DetalleController'. Un parámetro opcional debe ser un tipo de referencia, un tipo que acepte valores NULL o debe declararse como parámetro opcional.
Nombre del parámetro: parameters
05/06/2020 02:28:33: [Método: Void System.Web.Mvc.Async.IAsyncController.EndExecute(System.IAsyncResult), Línea: 0] - El diccionario de parámetros contiene una entrada NULL para el parámetro 'id' del tipo que no acepta valores NULL 'System.Int32' del método 'System.Web.Mvc.ActionResult DetalleIndicadorMasivo(Int32, Int32)' en 'MRVMinem.Controllers.DetalleController'. Un parámetro opcional debe ser un tipo de referencia, un tipo que acepte valores NULL o debe declararse como parámetro opcional.
Nombre del parámetro: parameters
05/06/2020 02:28:33: [Método: Void <BeginProcessRequest>b__5(System.IAsyncResult, ProcessRequestState), Línea: 0] - El diccionario de parámetros contiene una entrada NULL para el parámetro 'id' del tipo que no acepta valores NULL 'System.Int32' del método 'System.Web.Mvc.ActionResult DetalleIndicadorMasivo(Int32, Int32)' en 'MRVMinem.Controllers.DetalleController'. Un parámetro opcional debe ser un tipo de referencia, un tipo que acepte valores NULL o debe declararse como parámetro opcional.
Nombre del parámetro: parameters
05/06/2020 02:28:33: [Método: System.Web.Mvc.Async.AsyncVoid CallEndDelegate(System.IAsyncResult), Línea: 0] - El diccionario de parámetros contiene una entrada NULL para el parámetro 'id' del tipo que no acepta valores NULL 'System.Int32' del método 'System.Web.Mvc.ActionResult DetalleIndicadorMasivo(Int32, Int32)' en 'MRVMinem.Controllers.DetalleController'. Un parámetro opcional debe ser un tipo de referencia, un tipo que acepte valores NULL o debe declararse como parámetro opcional.
Nombre del parámetro: parameters
05/06/2020 02:28:33: [Método: TResult End(), Línea: 0] - El diccionario de parámetros contiene una entrada NULL para el parámetro 'id' del tipo que no acepta valores NULL 'System.Int32' del método 'System.Web.Mvc.ActionResult DetalleIndicadorMasivo(Int32, Int32)' en 'MRVMinem.Controllers.DetalleController'. Un parámetro opcional debe ser un tipo de referencia, un tipo que acepte valores NULL o debe declararse como parámetro opcional.
Nombre del parámetro: parameters
05/06/2020 02:28:33: [Método: Void EndProcessRequest(System.IAsyncResult), Línea: 0] - El diccionario de parámetros contiene una entrada NULL para el parámetro 'id' del tipo que no acepta valores NULL 'System.Int32' del método 'System.Web.Mvc.ActionResult DetalleIndicadorMasivo(Int32, Int32)' en 'MRVMinem.Controllers.DetalleController'. Un parámetro opcional debe ser un tipo de referencia, un tipo que acepte valores NULL o debe declararse como parámetro opcional.
Nombre del parámetro: parameters
05/06/2020 02:28:33: [Método: Void System.Web.IHttpAsyncHandler.EndProcessRequest(System.IAsyncResult), Línea: 0] - El diccionario de parámetros contiene una entrada NULL para el parámetro 'id' del tipo que no acepta valores NULL 'System.Int32' del método 'System.Web.Mvc.ActionResult DetalleIndicadorMasivo(Int32, Int32)' en 'MRVMinem.Controllers.DetalleController'. Un parámetro opcional debe ser un tipo de referencia, un tipo que acepte valores NULL o debe declararse como parámetro opcional.
Nombre del parámetro: parameters
05/06/2020 02:28:33: [Método: Void System.Web.HttpApplication.IExecutionStep.Execute(), Línea: 0] - El diccionario de parámetros contiene una entrada NULL para el parámetro 'id' del tipo que no acepta valores NULL 'System.Int32' del método 'System.Web.Mvc.ActionResult DetalleIndicadorMasivo(Int32, Int32)' en 'MRVMinem.Controllers.DetalleController'. Un parámetro opcional debe ser un tipo de referencia, un tipo que acepte valores NULL o debe declararse como parámetro opcional.
Nombre del parámetro: parameters
05/06/2020 02:28:33: [Método: Void ExecuteStepImpl(IExecutionStep), Línea: 0] - El diccionario de parámetros contiene una entrada NULL para el parámetro 'id' del tipo que no acepta valores NULL 'System.Int32' del método 'System.Web.Mvc.ActionResult DetalleIndicadorMasivo(Int32, Int32)' en 'MRVMinem.Controllers.DetalleController'. Un parámetro opcional debe ser un tipo de referencia, un tipo que acepte valores NULL o debe declararse como parámetro opcional.
Nombre del parámetro: parameters
05/06/2020 02:28:33: [Método: System.Exception ExecuteStep(IExecutionStep, Boolean ByRef), Línea: 0] - El diccionario de parámetros contiene una entrada NULL para el parámetro 'id' del tipo que no acepta valores NULL 'System.Int32' del método 'System.Web.Mvc.ActionResult DetalleIndicadorMasivo(Int32, Int32)' en 'MRVMinem.Controllers.DetalleController'. Un parámetro opcional debe ser un tipo de referencia, un tipo que acepte valores NULL o debe declararse como parámetro opcional.
Nombre del parámetro: parameters
