29/02/2020 08:08:55 p.m.: [Método: Void HandleErrorHelper(Int32, Oracle.DataAccess.Client.OracleConnection, IntPtr, Oracle.DataAccess.Client.OpoSqlValCtx*, System.Object, System.String, Boolean, Int32, Oracle.DataAccess.Client.OracleLogicalTransaction), Línea: 0] - ORA-06550: línea 1, columna 35:
PLS-00302: el componente 'USP_SEL_LISTA_ANNO_ACTUAL' se debe declarar
ORA-06550: línea 1, columna 7:
PL/SQL: Statement ignored
29/02/2020 08:08:55 p.m.: [Método: Void HandleError(Int32, Oracle.DataAccess.Client.OracleConnection, System.String, IntPtr, Oracle.DataAccess.Client.OpoSqlValCtx*, System.Object, Boolean, Oracle.DataAccess.Client.OracleLogicalTransaction), Línea: 0] - ORA-06550: línea 1, columna 35:
PLS-00302: el componente 'USP_SEL_LISTA_ANNO_ACTUAL' se debe declarar
ORA-06550: línea 1, columna 7:
PL/SQL: Statement ignored
29/02/2020 08:08:55 p.m.: [Método: Oracle.DataAccess.Client.OracleDataReader ExecuteReader(Boolean, Boolean, System.Data.CommandBehavior), Línea: 0] - ORA-06550: línea 1, columna 35:
PLS-00302: el componente 'USP_SEL_LISTA_ANNO_ACTUAL' se debe declarar
ORA-06550: línea 1, columna 7:
PL/SQL: Statement ignored
29/02/2020 08:08:55 p.m.: [Método: System.Data.Common.DbDataReader ExecuteDbDataReader(System.Data.CommandBehavior), Línea: 0] - ORA-06550: línea 1, columna 35:
PLS-00302: el componente 'USP_SEL_LISTA_ANNO_ACTUAL' se debe declarar
ORA-06550: línea 1, columna 7:
PL/SQL: Statement ignored
29/02/2020 08:08:55 p.m.: [Método: System.Data.IDataReader System.Data.IDbCommand.ExecuteReader(System.Data.CommandBehavior), Línea: 0] - ORA-06550: línea 1, columna 35:
PLS-00302: el componente 'USP_SEL_LISTA_ANNO_ACTUAL' se debe declarar
ORA-06550: línea 1, columna 7:
PL/SQL: Statement ignored
29/02/2020 08:08:55 p.m.: [Método: System.Data.IDataReader ExecuteReaderWithFlagsFallback(System.Data.IDbCommand, Boolean, System.Data.CommandBehavior), Línea: 0] - ORA-06550: línea 1, columna 35:
PLS-00302: el componente 'USP_SEL_LISTA_ANNO_ACTUAL' se debe declarar
ORA-06550: línea 1, columna 7:
PL/SQL: Statement ignored
29/02/2020 08:08:55 p.m.: [Método: Boolean MoveNext(), Línea: 0] - ORA-06550: línea 1, columna 35:
PLS-00302: el componente 'USP_SEL_LISTA_ANNO_ACTUAL' se debe declarar
ORA-06550: línea 1, columna 7:
PL/SQL: Statement ignored
29/02/2020 08:08:55 p.m.: [Método: Void .ctor(System.Collections.Generic.IEnumerable`1[T]), Línea: 0] - ORA-06550: línea 1, columna 35:
PLS-00302: el componente 'USP_SEL_LISTA_ANNO_ACTUAL' se debe declarar
ORA-06550: línea 1, columna 7:
PL/SQL: Statement ignored
29/02/2020 08:08:55 p.m.: [Método: System.Collections.Generic.List`1[TSource] ToList[TSource](System.Collections.Generic.IEnumerable`1[TSource]), Línea: 0] - ORA-06550: línea 1, columna 35:
PLS-00302: el componente 'USP_SEL_LISTA_ANNO_ACTUAL' se debe declarar
ORA-06550: línea 1, columna 7:
PL/SQL: Statement ignored
29/02/2020 08:08:55 p.m.: [Método: System.Collections.Generic.IEnumerable`1[T] Query[T](System.Data.IDbConnection, System.String, System.Object, System.Data.IDbTransaction, Boolean, System.Nullable`1[System.Int32], System.Nullable`1[System.Data.CommandType]), Línea: 0] - ORA-06550: línea 1, columna 35:
PLS-00302: el componente 'USP_SEL_LISTA_ANNO_ACTUAL' se debe declarar
ORA-06550: línea 1, columna 7:
PL/SQL: Statement ignored
29/02/2020 08:08:55 p.m.: [Método: System.Collections.Generic.List`1[entidad.minem.gob.pe.AnnoBE] ListaAnno(Int32), Línea: 31] - ORA-06550: línea 1, columna 35:
PLS-00302: el componente 'USP_SEL_LISTA_ANNO_ACTUAL' se debe declarar
ORA-06550: línea 1, columna 7:
PL/SQL: Statement ignored
29/02/2020 08:16:54 p.m.: [Método: Void HandleErrorHelper(Int32, Oracle.DataAccess.Client.OracleConnection, IntPtr, Oracle.DataAccess.Client.OpoSqlValCtx*, System.Object, System.String, Boolean, Int32, Oracle.DataAccess.Client.OracleLogicalTransaction), Línea: 0] - ORA-06550: línea 1, columna 35:
PLS-00302: el componente 'USP_SEL_LISTA_ANNO_ACTUAL' se debe declarar
ORA-06550: línea 1, columna 7:
PL/SQL: Statement ignored
29/02/2020 08:16:54 p.m.: [Método: Void HandleError(Int32, Oracle.DataAccess.Client.OracleConnection, System.String, IntPtr, Oracle.DataAccess.Client.OpoSqlValCtx*, System.Object, Boolean, Oracle.DataAccess.Client.OracleLogicalTransaction), Línea: 0] - ORA-06550: línea 1, columna 35:
PLS-00302: el componente 'USP_SEL_LISTA_ANNO_ACTUAL' se debe declarar
ORA-06550: línea 1, columna 7:
PL/SQL: Statement ignored
29/02/2020 08:16:54 p.m.: [Método: Oracle.DataAccess.Client.OracleDataReader ExecuteReader(Boolean, Boolean, System.Data.CommandBehavior), Línea: 0] - ORA-06550: línea 1, columna 35:
PLS-00302: el componente 'USP_SEL_LISTA_ANNO_ACTUAL' se debe declarar
ORA-06550: línea 1, columna 7:
PL/SQL: Statement ignored
29/02/2020 08:16:54 p.m.: [Método: System.Data.Common.DbDataReader ExecuteDbDataReader(System.Data.CommandBehavior), Línea: 0] - ORA-06550: línea 1, columna 35:
PLS-00302: el componente 'USP_SEL_LISTA_ANNO_ACTUAL' se debe declarar
ORA-06550: línea 1, columna 7:
PL/SQL: Statement ignored
29/02/2020 08:16:54 p.m.: [Método: System.Data.IDataReader System.Data.IDbCommand.ExecuteReader(System.Data.CommandBehavior), Línea: 0] - ORA-06550: línea 1, columna 35:
PLS-00302: el componente 'USP_SEL_LISTA_ANNO_ACTUAL' se debe declarar
ORA-06550: línea 1, columna 7:
PL/SQL: Statement ignored
29/02/2020 08:16:54 p.m.: [Método: System.Data.IDataReader ExecuteReaderWithFlagsFallback(System.Data.IDbCommand, Boolean, System.Data.CommandBehavior), Línea: 0] - ORA-06550: línea 1, columna 35:
PLS-00302: el componente 'USP_SEL_LISTA_ANNO_ACTUAL' se debe declarar
ORA-06550: línea 1, columna 7:
PL/SQL: Statement ignored
29/02/2020 08:16:54 p.m.: [Método: Boolean MoveNext(), Línea: 0] - ORA-06550: línea 1, columna 35:
PLS-00302: el componente 'USP_SEL_LISTA_ANNO_ACTUAL' se debe declarar
ORA-06550: línea 1, columna 7:
PL/SQL: Statement ignored
29/02/2020 08:16:54 p.m.: [Método: Void .ctor(System.Collections.Generic.IEnumerable`1[T]), Línea: 0] - ORA-06550: línea 1, columna 35:
PLS-00302: el componente 'USP_SEL_LISTA_ANNO_ACTUAL' se debe declarar
ORA-06550: línea 1, columna 7:
PL/SQL: Statement ignored
29/02/2020 08:16:54 p.m.: [Método: System.Collections.Generic.List`1[TSource] ToList[TSource](System.Collections.Generic.IEnumerable`1[TSource]), Línea: 0] - ORA-06550: línea 1, columna 35:
PLS-00302: el componente 'USP_SEL_LISTA_ANNO_ACTUAL' se debe declarar
ORA-06550: línea 1, columna 7:
PL/SQL: Statement ignored
29/02/2020 08:16:54 p.m.: [Método: System.Collections.Generic.IEnumerable`1[T] Query[T](System.Data.IDbConnection, System.String, System.Object, System.Data.IDbTransaction, Boolean, System.Nullable`1[System.Int32], System.Nullable`1[System.Data.CommandType]), Línea: 0] - ORA-06550: línea 1, columna 35:
PLS-00302: el componente 'USP_SEL_LISTA_ANNO_ACTUAL' se debe declarar
ORA-06550: línea 1, columna 7:
PL/SQL: Statement ignored
29/02/2020 08:16:54 p.m.: [Método: System.Collections.Generic.List`1[entidad.minem.gob.pe.AnnoBE] ListaAnno(Int32), Línea: 31] - ORA-06550: línea 1, columna 35:
PLS-00302: el componente 'USP_SEL_LISTA_ANNO_ACTUAL' se debe declarar
ORA-06550: línea 1, columna 7:
PL/SQL: Statement ignored
29/02/2020 08:25:14 p.m.: [Método: Void HandleErrorHelper(Int32, Oracle.DataAccess.Client.OracleConnection, IntPtr, Oracle.DataAccess.Client.OpoSqlValCtx*, System.Object, System.String, Boolean, Int32, Oracle.DataAccess.Client.OracleLogicalTransaction), Línea: 0] - ORA-06550: línea 1, columna 43:
PLS-00302: el componente 'USP_SEL_BUSQUEDA_SIMPLE_PUB' se debe declarar
ORA-06550: línea 1, columna 7:
PL/SQL: Statement ignored
29/02/2020 08:25:14 p.m.: [Método: Void HandleError(Int32, Oracle.DataAccess.Client.OracleConnection, System.String, IntPtr, Oracle.DataAccess.Client.OpoSqlValCtx*, System.Object, Boolean, Oracle.DataAccess.Client.OracleLogicalTransaction), Línea: 0] - ORA-06550: línea 1, columna 43:
PLS-00302: el componente 'USP_SEL_BUSQUEDA_SIMPLE_PUB' se debe declarar
ORA-06550: línea 1, columna 7:
PL/SQL: Statement ignored
29/02/2020 08:25:14 p.m.: [Método: Oracle.DataAccess.Client.OracleDataReader ExecuteReader(Boolean, Boolean, System.Data.CommandBehavior), Línea: 0] - ORA-06550: línea 1, columna 43:
PLS-00302: el componente 'USP_SEL_BUSQUEDA_SIMPLE_PUB' se debe declarar
ORA-06550: línea 1, columna 7:
PL/SQL: Statement ignored
29/02/2020 08:25:14 p.m.: [Método: System.Data.Common.DbDataReader ExecuteDbDataReader(System.Data.CommandBehavior), Línea: 0] - ORA-06550: línea 1, columna 43:
PLS-00302: el componente 'USP_SEL_BUSQUEDA_SIMPLE_PUB' se debe declarar
ORA-06550: línea 1, columna 7:
PL/SQL: Statement ignored
29/02/2020 08:25:14 p.m.: [Método: System.Data.IDataReader System.Data.IDbCommand.ExecuteReader(System.Data.CommandBehavior), Línea: 0] - ORA-06550: línea 1, columna 43:
PLS-00302: el componente 'USP_SEL_BUSQUEDA_SIMPLE_PUB' se debe declarar
ORA-06550: línea 1, columna 7:
PL/SQL: Statement ignored
29/02/2020 08:25:14 p.m.: [Método: System.Data.IDataReader ExecuteReaderWithFlagsFallback(System.Data.IDbCommand, Boolean, System.Data.CommandBehavior), Línea: 0] - ORA-06550: línea 1, columna 43:
PLS-00302: el componente 'USP_SEL_BUSQUEDA_SIMPLE_PUB' se debe declarar
ORA-06550: línea 1, columna 7:
PL/SQL: Statement ignored
29/02/2020 08:25:14 p.m.: [Método: Boolean MoveNext(), Línea: 0] - ORA-06550: línea 1, columna 43:
PLS-00302: el componente 'USP_SEL_BUSQUEDA_SIMPLE_PUB' se debe declarar
ORA-06550: línea 1, columna 7:
PL/SQL: Statement ignored
29/02/2020 08:25:14 p.m.: [Método: Void .ctor(System.Collections.Generic.IEnumerable`1[T]), Línea: 0] - ORA-06550: línea 1, columna 43:
PLS-00302: el componente 'USP_SEL_BUSQUEDA_SIMPLE_PUB' se debe declarar
ORA-06550: línea 1, columna 7:
PL/SQL: Statement ignored
29/02/2020 08:25:14 p.m.: [Método: System.Collections.Generic.List`1[TSource] ToList[TSource](System.Collections.Generic.IEnumerable`1[TSource]), Línea: 0] - ORA-06550: línea 1, columna 43:
PLS-00302: el componente 'USP_SEL_BUSQUEDA_SIMPLE_PUB' se debe declarar
ORA-06550: línea 1, columna 7:
PL/SQL: Statement ignored
29/02/2020 08:25:14 p.m.: [Método: System.Collections.Generic.IEnumerable`1[T] Query[T](System.Data.IDbConnection, System.String, System.Object, System.Data.IDbTransaction, Boolean, System.Nullable`1[System.Int32], System.Nullable`1[System.Data.CommandType]), Línea: 0] - ORA-06550: línea 1, columna 43:
PLS-00302: el componente 'USP_SEL_BUSQUEDA_SIMPLE_PUB' se debe declarar
ORA-06550: línea 1, columna 7:
PL/SQL: Statement ignored
29/02/2020 08:25:14 p.m.: [Método: System.Collections.Generic.List`1[entidad.minem.gob.pe.IniciativaBE] ListaBusquedaSimplePublico(entidad.minem.gob.pe.IniciativaBE), Línea: 1609] - ORA-06550: línea 1, columna 43:
PLS-00302: el componente 'USP_SEL_BUSQUEDA_SIMPLE_PUB' se debe declarar
ORA-06550: línea 1, columna 7:
PL/SQL: Statement ignored
29/02/2020 11:01:14 p.m.: [Método: Void HandleErrorHelper(Int32, Oracle.DataAccess.Client.OracleConnection, IntPtr, Oracle.DataAccess.Client.OpoSqlValCtx*, System.Object, System.String, Boolean, Int32, Oracle.DataAccess.Client.OracleLogicalTransaction), Línea: 0] - ORA-06550: línea 1, columna 7:
PLS-00201: el identificador 'MRVMM.PKG_MRV_VARIABLES' se debe declarar
ORA-06550: línea 1, columna 7:
PL/SQL: Statement ignored
29/02/2020 11:01:14 p.m.: [Método: Void HandleError(Int32, Oracle.DataAccess.Client.OracleConnection, System.String, IntPtr, Oracle.DataAccess.Client.OpoSqlValCtx*, System.Object, Boolean, Oracle.DataAccess.Client.OracleLogicalTransaction), Línea: 0] - ORA-06550: línea 1, columna 7:
PLS-00201: el identificador 'MRVMM.PKG_MRV_VARIABLES' se debe declarar
ORA-06550: línea 1, columna 7:
PL/SQL: Statement ignored
29/02/2020 11:01:14 p.m.: [Método: Oracle.DataAccess.Client.OracleDataReader ExecuteReader(Boolean, Boolean, System.Data.CommandBehavior), Línea: 0] - ORA-06550: línea 1, columna 7:
PLS-00201: el identificador 'MRVMM.PKG_MRV_VARIABLES' se debe declarar
ORA-06550: línea 1, columna 7:
PL/SQL: Statement ignored
29/02/2020 11:01:14 p.m.: [Método: System.Data.Common.DbDataReader ExecuteDbDataReader(System.Data.CommandBehavior), Línea: 0] - ORA-06550: línea 1, columna 7:
PLS-00201: el identificador 'MRVMM.PKG_MRV_VARIABLES' se debe declarar
ORA-06550: línea 1, columna 7:
PL/SQL: Statement ignored
29/02/2020 11:01:14 p.m.: [Método: System.Data.IDataReader System.Data.IDbCommand.ExecuteReader(System.Data.CommandBehavior), Línea: 0] - ORA-06550: línea 1, columna 7:
PLS-00201: el identificador 'MRVMM.PKG_MRV_VARIABLES' se debe declarar
ORA-06550: línea 1, columna 7:
PL/SQL: Statement ignored
29/02/2020 11:01:14 p.m.: [Método: System.Data.IDataReader ExecuteReaderWithFlagsFallback(System.Data.IDbCommand, Boolean, System.Data.CommandBehavior), Línea: 0] - ORA-06550: línea 1, columna 7:
PLS-00201: el identificador 'MRVMM.PKG_MRV_VARIABLES' se debe declarar
ORA-06550: línea 1, columna 7:
PL/SQL: Statement ignored
29/02/2020 11:01:14 p.m.: [Método: Boolean MoveNext(), Línea: 0] - ORA-06550: línea 1, columna 7:
PLS-00201: el identificador 'MRVMM.PKG_MRV_VARIABLES' se debe declarar
ORA-06550: línea 1, columna 7:
PL/SQL: Statement ignored
29/02/2020 11:01:14 p.m.: [Método: Void .ctor(System.Collections.Generic.IEnumerable`1[T]), Línea: 0] - ORA-06550: línea 1, columna 7:
PLS-00201: el identificador 'MRVMM.PKG_MRV_VARIABLES' se debe declarar
ORA-06550: línea 1, columna 7:
PL/SQL: Statement ignored
29/02/2020 11:01:14 p.m.: [Método: System.Collections.Generic.List`1[TSource] ToList[TSource](System.Collections.Generic.IEnumerable`1[TSource]), Línea: 0] - ORA-06550: línea 1, columna 7:
PLS-00201: el identificador 'MRVMM.PKG_MRV_VARIABLES' se debe declarar
ORA-06550: línea 1, columna 7:
PL/SQL: Statement ignored
29/02/2020 11:01:14 p.m.: [Método: System.Collections.Generic.IEnumerable`1[T] Query[T](System.Data.IDbConnection, System.String, System.Object, System.Data.IDbTransaction, Boolean, System.Nullable`1[System.Int32], System.Nullable`1[System.Data.CommandType]), Línea: 0] - ORA-06550: línea 1, columna 7:
PLS-00201: el identificador 'MRVMM.PKG_MRV_VARIABLES' se debe declarar
ORA-06550: línea 1, columna 7:
PL/SQL: Statement ignored
29/02/2020 11:01:14 p.m.: [Método: System.Collections.Generic.List`1[entidad.minem.gob.pe.VariableBE] ListaVariables(entidad.minem.gob.pe.VariableBE), Línea: 31] - ORA-06550: línea 1, columna 7:
PLS-00201: el identificador 'MRVMM.PKG_MRV_VARIABLES' se debe declarar
ORA-06550: línea 1, columna 7:
PL/SQL: Statement ignored
29/02/2020 11:11:19 p.m.: [Método: Void HandleErrorHelper(Int32, Oracle.DataAccess.Client.OracleConnection, IntPtr, Oracle.DataAccess.Client.OpoSqlValCtx*, System.Object, System.String, Boolean, Int32, Oracle.DataAccess.Client.OracleLogicalTransaction), Línea: 0] - ORA-06550: línea 1, columna 7:
PLS-00201: el identificador 'MRVMM.PKG_MRV_VARIABLES' se debe declarar
ORA-06550: línea 1, columna 7:
PL/SQL: Statement ignored
29/02/2020 11:11:19 p.m.: [Método: Void HandleError(Int32, Oracle.DataAccess.Client.OracleConnection, System.String, IntPtr, Oracle.DataAccess.Client.OpoSqlValCtx*, System.Object, Boolean, Oracle.DataAccess.Client.OracleLogicalTransaction), Línea: 0] - ORA-06550: línea 1, columna 7:
PLS-00201: el identificador 'MRVMM.PKG_MRV_VARIABLES' se debe declarar
ORA-06550: línea 1, columna 7:
PL/SQL: Statement ignored
29/02/2020 11:11:19 p.m.: [Método: Oracle.DataAccess.Client.OracleDataReader ExecuteReader(Boolean, Boolean, System.Data.CommandBehavior), Línea: 0] - ORA-06550: línea 1, columna 7:
PLS-00201: el identificador 'MRVMM.PKG_MRV_VARIABLES' se debe declarar
ORA-06550: línea 1, columna 7:
PL/SQL: Statement ignored
29/02/2020 11:11:19 p.m.: [Método: System.Data.Common.DbDataReader ExecuteDbDataReader(System.Data.CommandBehavior), Línea: 0] - ORA-06550: línea 1, columna 7:
PLS-00201: el identificador 'MRVMM.PKG_MRV_VARIABLES' se debe declarar
ORA-06550: línea 1, columna 7:
PL/SQL: Statement ignored
29/02/2020 11:11:19 p.m.: [Método: System.Data.IDataReader System.Data.IDbCommand.ExecuteReader(System.Data.CommandBehavior), Línea: 0] - ORA-06550: línea 1, columna 7:
PLS-00201: el identificador 'MRVMM.PKG_MRV_VARIABLES' se debe declarar
ORA-06550: línea 1, columna 7:
PL/SQL: Statement ignored
29/02/2020 11:11:19 p.m.: [Método: System.Data.IDataReader ExecuteReaderWithFlagsFallback(System.Data.IDbCommand, Boolean, System.Data.CommandBehavior), Línea: 0] - ORA-06550: línea 1, columna 7:
PLS-00201: el identificador 'MRVMM.PKG_MRV_VARIABLES' se debe declarar
ORA-06550: línea 1, columna 7:
PL/SQL: Statement ignored
29/02/2020 11:11:19 p.m.: [Método: Boolean MoveNext(), Línea: 0] - ORA-06550: línea 1, columna 7:
PLS-00201: el identificador 'MRVMM.PKG_MRV_VARIABLES' se debe declarar
ORA-06550: línea 1, columna 7:
PL/SQL: Statement ignored
29/02/2020 11:11:19 p.m.: [Método: Void .ctor(System.Collections.Generic.IEnumerable`1[T]), Línea: 0] - ORA-06550: línea 1, columna 7:
PLS-00201: el identificador 'MRVMM.PKG_MRV_VARIABLES' se debe declarar
ORA-06550: línea 1, columna 7:
PL/SQL: Statement ignored
29/02/2020 11:11:19 p.m.: [Método: System.Collections.Generic.List`1[TSource] ToList[TSource](System.Collections.Generic.IEnumerable`1[TSource]), Línea: 0] - ORA-06550: línea 1, columna 7:
PLS-00201: el identificador 'MRVMM.PKG_MRV_VARIABLES' se debe declarar
ORA-06550: línea 1, columna 7:
PL/SQL: Statement ignored
29/02/2020 11:11:19 p.m.: [Método: System.Collections.Generic.IEnumerable`1[T] Query[T](System.Data.IDbConnection, System.String, System.Object, System.Data.IDbTransaction, Boolean, System.Nullable`1[System.Int32], System.Nullable`1[System.Data.CommandType]), Línea: 0] - ORA-06550: línea 1, columna 7:
PLS-00201: el identificador 'MRVMM.PKG_MRV_VARIABLES' se debe declarar
ORA-06550: línea 1, columna 7:
PL/SQL: Statement ignored
29/02/2020 11:11:19 p.m.: [Método: System.Collections.Generic.List`1[entidad.minem.gob.pe.VariableBE] ListaVariables(entidad.minem.gob.pe.VariableBE), Línea: 31] - ORA-06550: línea 1, columna 7:
PLS-00201: el identificador 'MRVMM.PKG_MRV_VARIABLES' se debe declarar
ORA-06550: línea 1, columna 7:
PL/SQL: Statement ignored
29/02/2020 11:17:50 p.m.: [Método: Void HandleErrorHelper(Int32, Oracle.DataAccess.Client.OracleConnection, IntPtr, Oracle.DataAccess.Client.OpoSqlValCtx*, System.Object, System.String, Boolean, Int32, Oracle.DataAccess.Client.OracleLogicalTransaction), Línea: 0] - ORA-06550: línea 1, columna 7:
PLS-00201: el identificador 'MRVMM.PKG_MRV_VARIABLES' se debe declarar
ORA-06550: línea 1, columna 7:
PL/SQL: Statement ignored
29/02/2020 11:17:50 p.m.: [Método: Void HandleError(Int32, Oracle.DataAccess.Client.OracleConnection, System.String, IntPtr, Oracle.DataAccess.Client.OpoSqlValCtx*, System.Object, Boolean, Oracle.DataAccess.Client.OracleLogicalTransaction), Línea: 0] - ORA-06550: línea 1, columna 7:
PLS-00201: el identificador 'MRVMM.PKG_MRV_VARIABLES' se debe declarar
ORA-06550: línea 1, columna 7:
PL/SQL: Statement ignored
29/02/2020 11:17:50 p.m.: [Método: Oracle.DataAccess.Client.OracleDataReader ExecuteReader(Boolean, Boolean, System.Data.CommandBehavior), Línea: 0] - ORA-06550: línea 1, columna 7:
PLS-00201: el identificador 'MRVMM.PKG_MRV_VARIABLES' se debe declarar
ORA-06550: línea 1, columna 7:
PL/SQL: Statement ignored
29/02/2020 11:17:50 p.m.: [Método: System.Data.Common.DbDataReader ExecuteDbDataReader(System.Data.CommandBehavior), Línea: 0] - ORA-06550: línea 1, columna 7:
PLS-00201: el identificador 'MRVMM.PKG_MRV_VARIABLES' se debe declarar
ORA-06550: línea 1, columna 7:
PL/SQL: Statement ignored
29/02/2020 11:17:50 p.m.: [Método: System.Data.IDataReader System.Data.IDbCommand.ExecuteReader(System.Data.CommandBehavior), Línea: 0] - ORA-06550: línea 1, columna 7:
PLS-00201: el identificador 'MRVMM.PKG_MRV_VARIABLES' se debe declarar
ORA-06550: línea 1, columna 7:
PL/SQL: Statement ignored
29/02/2020 11:17:50 p.m.: [Método: System.Data.IDataReader ExecuteReaderWithFlagsFallback(System.Data.IDbCommand, Boolean, System.Data.CommandBehavior), Línea: 0] - ORA-06550: línea 1, columna 7:
PLS-00201: el identificador 'MRVMM.PKG_MRV_VARIABLES' se debe declarar
ORA-06550: línea 1, columna 7:
PL/SQL: Statement ignored
29/02/2020 11:17:50 p.m.: [Método: Boolean MoveNext(), Línea: 0] - ORA-06550: línea 1, columna 7:
PLS-00201: el identificador 'MRVMM.PKG_MRV_VARIABLES' se debe declarar
ORA-06550: línea 1, columna 7:
PL/SQL: Statement ignored
29/02/2020 11:17:50 p.m.: [Método: Void .ctor(System.Collections.Generic.IEnumerable`1[T]), Línea: 0] - ORA-06550: línea 1, columna 7:
PLS-00201: el identificador 'MRVMM.PKG_MRV_VARIABLES' se debe declarar
ORA-06550: línea 1, columna 7:
PL/SQL: Statement ignored
29/02/2020 11:17:50 p.m.: [Método: System.Collections.Generic.List`1[TSource] ToList[TSource](System.Collections.Generic.IEnumerable`1[TSource]), Línea: 0] - ORA-06550: línea 1, columna 7:
PLS-00201: el identificador 'MRVMM.PKG_MRV_VARIABLES' se debe declarar
ORA-06550: línea 1, columna 7:
PL/SQL: Statement ignored
29/02/2020 11:17:50 p.m.: [Método: System.Collections.Generic.IEnumerable`1[T] Query[T](System.Data.IDbConnection, System.String, System.Object, System.Data.IDbTransaction, Boolean, System.Nullable`1[System.Int32], System.Nullable`1[System.Data.CommandType]), Línea: 0] - ORA-06550: línea 1, columna 7:
PLS-00201: el identificador 'MRVMM.PKG_MRV_VARIABLES' se debe declarar
ORA-06550: línea 1, columna 7:
PL/SQL: Statement ignored
29/02/2020 11:17:50 p.m.: [Método: System.Collections.Generic.List`1[entidad.minem.gob.pe.VariableBE] ListaVariables(entidad.minem.gob.pe.VariableBE), Línea: 31] - ORA-06550: línea 1, columna 7:
PLS-00201: el identificador 'MRVMM.PKG_MRV_VARIABLES' se debe declarar
ORA-06550: línea 1, columna 7:
PL/SQL: Statement ignored
29/02/2020 11:25:52 p.m.: [Método: Void HandleErrorHelper(Int32, Oracle.DataAccess.Client.OracleConnection, IntPtr, Oracle.DataAccess.Client.OpoSqlValCtx*, System.Object, System.String, Boolean, Int32, Oracle.DataAccess.Client.OracleLogicalTransaction), Línea: 0] - ORA-06550: línea 1, columna 7:
PLS-00201: el identificador 'MRVMM.PKG_MRV_VARIABLES' se debe declarar
ORA-06550: línea 1, columna 7:
PL/SQL: Statement ignored
29/02/2020 11:25:52 p.m.: [Método: Void HandleError(Int32, Oracle.DataAccess.Client.OracleConnection, System.String, IntPtr, Oracle.DataAccess.Client.OpoSqlValCtx*, System.Object, Boolean, Oracle.DataAccess.Client.OracleLogicalTransaction), Línea: 0] - ORA-06550: línea 1, columna 7:
PLS-00201: el identificador 'MRVMM.PKG_MRV_VARIABLES' se debe declarar
ORA-06550: línea 1, columna 7:
PL/SQL: Statement ignored
29/02/2020 11:25:52 p.m.: [Método: Oracle.DataAccess.Client.OracleDataReader ExecuteReader(Boolean, Boolean, System.Data.CommandBehavior), Línea: 0] - ORA-06550: línea 1, columna 7:
PLS-00201: el identificador 'MRVMM.PKG_MRV_VARIABLES' se debe declarar
ORA-06550: línea 1, columna 7:
PL/SQL: Statement ignored
29/02/2020 11:25:52 p.m.: [Método: System.Data.Common.DbDataReader ExecuteDbDataReader(System.Data.CommandBehavior), Línea: 0] - ORA-06550: línea 1, columna 7:
PLS-00201: el identificador 'MRVMM.PKG_MRV_VARIABLES' se debe declarar
ORA-06550: línea 1, columna 7:
PL/SQL: Statement ignored
29/02/2020 11:25:52 p.m.: [Método: System.Data.IDataReader System.Data.IDbCommand.ExecuteReader(System.Data.CommandBehavior), Línea: 0] - ORA-06550: línea 1, columna 7:
PLS-00201: el identificador 'MRVMM.PKG_MRV_VARIABLES' se debe declarar
ORA-06550: línea 1, columna 7:
PL/SQL: Statement ignored
29/02/2020 11:25:52 p.m.: [Método: System.Data.IDataReader ExecuteReaderWithFlagsFallback(System.Data.IDbCommand, Boolean, System.Data.CommandBehavior), Línea: 0] - ORA-06550: línea 1, columna 7:
PLS-00201: el identificador 'MRVMM.PKG_MRV_VARIABLES' se debe declarar
ORA-06550: línea 1, columna 7:
PL/SQL: Statement ignored
29/02/2020 11:25:52 p.m.: [Método: Boolean MoveNext(), Línea: 0] - ORA-06550: línea 1, columna 7:
PLS-00201: el identificador 'MRVMM.PKG_MRV_VARIABLES' se debe declarar
ORA-06550: línea 1, columna 7:
PL/SQL: Statement ignored
29/02/2020 11:25:52 p.m.: [Método: Void .ctor(System.Collections.Generic.IEnumerable`1[T]), Línea: 0] - ORA-06550: línea 1, columna 7:
PLS-00201: el identificador 'MRVMM.PKG_MRV_VARIABLES' se debe declarar
ORA-06550: línea 1, columna 7:
PL/SQL: Statement ignored
29/02/2020 11:25:52 p.m.: [Método: System.Collections.Generic.List`1[TSource] ToList[TSource](System.Collections.Generic.IEnumerable`1[TSource]), Línea: 0] - ORA-06550: línea 1, columna 7:
PLS-00201: el identificador 'MRVMM.PKG_MRV_VARIABLES' se debe declarar
ORA-06550: línea 1, columna 7:
PL/SQL: Statement ignored
29/02/2020 11:25:52 p.m.: [Método: System.Collections.Generic.IEnumerable`1[T] Query[T](System.Data.IDbConnection, System.String, System.Object, System.Data.IDbTransaction, Boolean, System.Nullable`1[System.Int32], System.Nullable`1[System.Data.CommandType]), Línea: 0] - ORA-06550: línea 1, columna 7:
PLS-00201: el identificador 'MRVMM.PKG_MRV_VARIABLES' se debe declarar
ORA-06550: línea 1, columna 7:
PL/SQL: Statement ignored
29/02/2020 11:25:52 p.m.: [Método: System.Collections.Generic.List`1[entidad.minem.gob.pe.VariableBE] ListaVariables(entidad.minem.gob.pe.VariableBE), Línea: 31] - ORA-06550: línea 1, columna 7:
PLS-00201: el identificador 'MRVMM.PKG_MRV_VARIABLES' se debe declarar
ORA-06550: línea 1, columna 7:
PL/SQL: Statement ignored
29/02/2020 11:26:26 p.m.: [Método: Void HandleErrorHelper(Int32, Oracle.DataAccess.Client.OracleConnection, IntPtr, Oracle.DataAccess.Client.OpoSqlValCtx*, System.Object, System.String, Boolean, Int32, Oracle.DataAccess.Client.OracleLogicalTransaction), Línea: 0] - ORA-06550: línea 1, columna 7:
PLS-00201: el identificador 'MRVMM.PKG_MRV_VARIABLES' se debe declarar
ORA-06550: línea 1, columna 7:
PL/SQL: Statement ignored
29/02/2020 11:26:26 p.m.: [Método: Void HandleError(Int32, Oracle.DataAccess.Client.OracleConnection, System.String, IntPtr, Oracle.DataAccess.Client.OpoSqlValCtx*, System.Object, Boolean, Oracle.DataAccess.Client.OracleLogicalTransaction), Línea: 0] - ORA-06550: línea 1, columna 7:
PLS-00201: el identificador 'MRVMM.PKG_MRV_VARIABLES' se debe declarar
ORA-06550: línea 1, columna 7:
PL/SQL: Statement ignored
29/02/2020 11:26:26 p.m.: [Método: Oracle.DataAccess.Client.OracleDataReader ExecuteReader(Boolean, Boolean, System.Data.CommandBehavior), Línea: 0] - ORA-06550: línea 1, columna 7:
PLS-00201: el identificador 'MRVMM.PKG_MRV_VARIABLES' se debe declarar
ORA-06550: línea 1, columna 7:
PL/SQL: Statement ignored
29/02/2020 11:26:26 p.m.: [Método: System.Data.Common.DbDataReader ExecuteDbDataReader(System.Data.CommandBehavior), Línea: 0] - ORA-06550: línea 1, columna 7:
PLS-00201: el identificador 'MRVMM.PKG_MRV_VARIABLES' se debe declarar
ORA-06550: línea 1, columna 7:
PL/SQL: Statement ignored
29/02/2020 11:26:26 p.m.: [Método: System.Data.IDataReader System.Data.IDbCommand.ExecuteReader(System.Data.CommandBehavior), Línea: 0] - ORA-06550: línea 1, columna 7:
PLS-00201: el identificador 'MRVMM.PKG_MRV_VARIABLES' se debe declarar
ORA-06550: línea 1, columna 7:
PL/SQL: Statement ignored
29/02/2020 11:26:26 p.m.: [Método: System.Data.IDataReader ExecuteReaderWithFlagsFallback(System.Data.IDbCommand, Boolean, System.Data.CommandBehavior), Línea: 0] - ORA-06550: línea 1, columna 7:
PLS-00201: el identificador 'MRVMM.PKG_MRV_VARIABLES' se debe declarar
ORA-06550: línea 1, columna 7:
PL/SQL: Statement ignored
29/02/2020 11:26:26 p.m.: [Método: Boolean MoveNext(), Línea: 0] - ORA-06550: línea 1, columna 7:
PLS-00201: el identificador 'MRVMM.PKG_MRV_VARIABLES' se debe declarar
ORA-06550: línea 1, columna 7:
PL/SQL: Statement ignored
29/02/2020 11:26:26 p.m.: [Método: Void .ctor(System.Collections.Generic.IEnumerable`1[T]), Línea: 0] - ORA-06550: línea 1, columna 7:
PLS-00201: el identificador 'MRVMM.PKG_MRV_VARIABLES' se debe declarar
ORA-06550: línea 1, columna 7:
PL/SQL: Statement ignored
29/02/2020 11:26:26 p.m.: [Método: System.Collections.Generic.List`1[TSource] ToList[TSource](System.Collections.Generic.IEnumerable`1[TSource]), Línea: 0] - ORA-06550: línea 1, columna 7:
PLS-00201: el identificador 'MRVMM.PKG_MRV_VARIABLES' se debe declarar
ORA-06550: línea 1, columna 7:
PL/SQL: Statement ignored
29/02/2020 11:26:26 p.m.: [Método: System.Collections.Generic.IEnumerable`1[T] Query[T](System.Data.IDbConnection, System.String, System.Object, System.Data.IDbTransaction, Boolean, System.Nullable`1[System.Int32], System.Nullable`1[System.Data.CommandType]), Línea: 0] - ORA-06550: línea 1, columna 7:
PLS-00201: el identificador 'MRVMM.PKG_MRV_VARIABLES' se debe declarar
ORA-06550: línea 1, columna 7:
PL/SQL: Statement ignored
29/02/2020 11:26:26 p.m.: [Método: System.Collections.Generic.List`1[entidad.minem.gob.pe.VariableBE] ListaVariables(entidad.minem.gob.pe.VariableBE), Línea: 31] - ORA-06550: línea 1, columna 7:
PLS-00201: el identificador 'MRVMM.PKG_MRV_VARIABLES' se debe declarar
ORA-06550: línea 1, columna 7:
PL/SQL: Statement ignored
29/02/2020 11:27:57 p.m.: [Método: Void HandleErrorHelper(Int32, Oracle.DataAccess.Client.OracleConnection, IntPtr, Oracle.DataAccess.Client.OpoSqlValCtx*, System.Object, System.String, Boolean, Int32, Oracle.DataAccess.Client.OracleLogicalTransaction), Línea: 0] - ORA-06550: línea 1, columna 7:
PLS-00201: el identificador 'MRVMM.PKG_MRV_VARIABLES' se debe declarar
ORA-06550: línea 1, columna 7:
PL/SQL: Statement ignored
29/02/2020 11:27:57 p.m.: [Método: Void HandleError(Int32, Oracle.DataAccess.Client.OracleConnection, System.String, IntPtr, Oracle.DataAccess.Client.OpoSqlValCtx*, System.Object, Boolean, Oracle.DataAccess.Client.OracleLogicalTransaction), Línea: 0] - ORA-06550: línea 1, columna 7:
PLS-00201: el identificador 'MRVMM.PKG_MRV_VARIABLES' se debe declarar
ORA-06550: línea 1, columna 7:
PL/SQL: Statement ignored
29/02/2020 11:27:57 p.m.: [Método: Oracle.DataAccess.Client.OracleDataReader ExecuteReader(Boolean, Boolean, System.Data.CommandBehavior), Línea: 0] - ORA-06550: línea 1, columna 7:
PLS-00201: el identificador 'MRVMM.PKG_MRV_VARIABLES' se debe declarar
ORA-06550: línea 1, columna 7:
PL/SQL: Statement ignored
29/02/2020 11:27:57 p.m.: [Método: System.Data.Common.DbDataReader ExecuteDbDataReader(System.Data.CommandBehavior), Línea: 0] - ORA-06550: línea 1, columna 7:
PLS-00201: el identificador 'MRVMM.PKG_MRV_VARIABLES' se debe declarar
ORA-06550: línea 1, columna 7:
PL/SQL: Statement ignored
29/02/2020 11:27:57 p.m.: [Método: System.Data.IDataReader System.Data.IDbCommand.ExecuteReader(System.Data.CommandBehavior), Línea: 0] - ORA-06550: línea 1, columna 7:
PLS-00201: el identificador 'MRVMM.PKG_MRV_VARIABLES' se debe declarar
ORA-06550: línea 1, columna 7:
PL/SQL: Statement ignored
29/02/2020 11:27:57 p.m.: [Método: System.Data.IDataReader ExecuteReaderWithFlagsFallback(System.Data.IDbCommand, Boolean, System.Data.CommandBehavior), Línea: 0] - ORA-06550: línea 1, columna 7:
PLS-00201: el identificador 'MRVMM.PKG_MRV_VARIABLES' se debe declarar
ORA-06550: línea 1, columna 7:
PL/SQL: Statement ignored
29/02/2020 11:27:57 p.m.: [Método: Boolean MoveNext(), Línea: 0] - ORA-06550: línea 1, columna 7:
PLS-00201: el identificador 'MRVMM.PKG_MRV_VARIABLES' se debe declarar
ORA-06550: línea 1, columna 7:
PL/SQL: Statement ignored
29/02/2020 11:27:57 p.m.: [Método: Void .ctor(System.Collections.Generic.IEnumerable`1[T]), Línea: 0] - ORA-06550: línea 1, columna 7:
PLS-00201: el identificador 'MRVMM.PKG_MRV_VARIABLES' se debe declarar
ORA-06550: línea 1, columna 7:
PL/SQL: Statement ignored
29/02/2020 11:27:57 p.m.: [Método: System.Collections.Generic.List`1[TSource] ToList[TSource](System.Collections.Generic.IEnumerable`1[TSource]), Línea: 0] - ORA-06550: línea 1, columna 7:
PLS-00201: el identificador 'MRVMM.PKG_MRV_VARIABLES' se debe declarar
ORA-06550: línea 1, columna 7:
PL/SQL: Statement ignored
29/02/2020 11:27:57 p.m.: [Método: System.Collections.Generic.IEnumerable`1[T] Query[T](System.Data.IDbConnection, System.String, System.Object, System.Data.IDbTransaction, Boolean, System.Nullable`1[System.Int32], System.Nullable`1[System.Data.CommandType]), Línea: 0] - ORA-06550: línea 1, columna 7:
PLS-00201: el identificador 'MRVMM.PKG_MRV_VARIABLES' se debe declarar
ORA-06550: línea 1, columna 7:
PL/SQL: Statement ignored
29/02/2020 11:27:57 p.m.: [Método: System.Collections.Generic.List`1[entidad.minem.gob.pe.VariableBE] ListaVariables(entidad.minem.gob.pe.VariableBE), Línea: 31] - ORA-06550: línea 1, columna 7:
PLS-00201: el identificador 'MRVMM.PKG_MRV_VARIABLES' se debe declarar
ORA-06550: línea 1, columna 7:
PL/SQL: Statement ignored
29/02/2020 11:29:12 p.m.: [Método: Void HandleErrorHelper(Int32, Oracle.DataAccess.Client.OracleConnection, IntPtr, Oracle.DataAccess.Client.OpoSqlValCtx*, System.Object, System.String, Boolean, Int32, Oracle.DataAccess.Client.OracleLogicalTransaction), Línea: 0] - ORA-06550: línea 1, columna 7:
PLS-00201: el identificador 'MRVMM.PKG_MRV_VARIABLES' se debe declarar
ORA-06550: línea 1, columna 7:
PL/SQL: Statement ignored
29/02/2020 11:29:12 p.m.: [Método: Void HandleError(Int32, Oracle.DataAccess.Client.OracleConnection, System.String, IntPtr, Oracle.DataAccess.Client.OpoSqlValCtx*, System.Object, Boolean, Oracle.DataAccess.Client.OracleLogicalTransaction), Línea: 0] - ORA-06550: línea 1, columna 7:
PLS-00201: el identificador 'MRVMM.PKG_MRV_VARIABLES' se debe declarar
ORA-06550: línea 1, columna 7:
PL/SQL: Statement ignored
29/02/2020 11:29:12 p.m.: [Método: Oracle.DataAccess.Client.OracleDataReader ExecuteReader(Boolean, Boolean, System.Data.CommandBehavior), Línea: 0] - ORA-06550: línea 1, columna 7:
PLS-00201: el identificador 'MRVMM.PKG_MRV_VARIABLES' se debe declarar
ORA-06550: línea 1, columna 7:
PL/SQL: Statement ignored
29/02/2020 11:29:12 p.m.: [Método: System.Data.Common.DbDataReader ExecuteDbDataReader(System.Data.CommandBehavior), Línea: 0] - ORA-06550: línea 1, columna 7:
PLS-00201: el identificador 'MRVMM.PKG_MRV_VARIABLES' se debe declarar
ORA-06550: línea 1, columna 7:
PL/SQL: Statement ignored
29/02/2020 11:29:12 p.m.: [Método: System.Data.IDataReader System.Data.IDbCommand.ExecuteReader(System.Data.CommandBehavior), Línea: 0] - ORA-06550: línea 1, columna 7:
PLS-00201: el identificador 'MRVMM.PKG_MRV_VARIABLES' se debe declarar
ORA-06550: línea 1, columna 7:
PL/SQL: Statement ignored
29/02/2020 11:29:12 p.m.: [Método: System.Data.IDataReader ExecuteReaderWithFlagsFallback(System.Data.IDbCommand, Boolean, System.Data.CommandBehavior), Línea: 0] - ORA-06550: línea 1, columna 7:
PLS-00201: el identificador 'MRVMM.PKG_MRV_VARIABLES' se debe declarar
ORA-06550: línea 1, columna 7:
PL/SQL: Statement ignored
29/02/2020 11:29:12 p.m.: [Método: Boolean MoveNext(), Línea: 0] - ORA-06550: línea 1, columna 7:
PLS-00201: el identificador 'MRVMM.PKG_MRV_VARIABLES' se debe declarar
ORA-06550: línea 1, columna 7:
PL/SQL: Statement ignored
29/02/2020 11:29:12 p.m.: [Método: Void .ctor(System.Collections.Generic.IEnumerable`1[T]), Línea: 0] - ORA-06550: línea 1, columna 7:
PLS-00201: el identificador 'MRVMM.PKG_MRV_VARIABLES' se debe declarar
ORA-06550: línea 1, columna 7:
PL/SQL: Statement ignored
29/02/2020 11:29:12 p.m.: [Método: System.Collections.Generic.List`1[TSource] ToList[TSource](System.Collections.Generic.IEnumerable`1[TSource]), Línea: 0] - ORA-06550: línea 1, columna 7:
PLS-00201: el identificador 'MRVMM.PKG_MRV_VARIABLES' se debe declarar
ORA-06550: línea 1, columna 7:
PL/SQL: Statement ignored
29/02/2020 11:29:12 p.m.: [Método: System.Collections.Generic.IEnumerable`1[T] Query[T](System.Data.IDbConnection, System.String, System.Object, System.Data.IDbTransaction, Boolean, System.Nullable`1[System.Int32], System.Nullable`1[System.Data.CommandType]), Línea: 0] - ORA-06550: línea 1, columna 7:
PLS-00201: el identificador 'MRVMM.PKG_MRV_VARIABLES' se debe declarar
ORA-06550: línea 1, columna 7:
PL/SQL: Statement ignored
29/02/2020 11:29:12 p.m.: [Método: System.Collections.Generic.List`1[entidad.minem.gob.pe.VariableBE] ListaVariables(entidad.minem.gob.pe.VariableBE), Línea: 31] - ORA-06550: línea 1, columna 7:
PLS-00201: el identificador 'MRVMM.PKG_MRV_VARIABLES' se debe declarar
ORA-06550: línea 1, columna 7:
PL/SQL: Statement ignored
29/02/2020 11:30:21 p.m.: [Método: Void HandleErrorHelper(Int32, Oracle.DataAccess.Client.OracleConnection, IntPtr, Oracle.DataAccess.Client.OpoSqlValCtx*, System.Object, System.String, Boolean, Int32, Oracle.DataAccess.Client.OracleLogicalTransaction), Línea: 0] - ORA-06550: línea 1, columna 7:
PLS-00201: el identificador 'MRVMM.PKG_MRV_VARIABLES' se debe declarar
ORA-06550: línea 1, columna 7:
PL/SQL: Statement ignored
29/02/2020 11:30:21 p.m.: [Método: Void HandleError(Int32, Oracle.DataAccess.Client.OracleConnection, System.String, IntPtr, Oracle.DataAccess.Client.OpoSqlValCtx*, System.Object, Boolean, Oracle.DataAccess.Client.OracleLogicalTransaction), Línea: 0] - ORA-06550: línea 1, columna 7:
PLS-00201: el identificador 'MRVMM.PKG_MRV_VARIABLES' se debe declarar
ORA-06550: línea 1, columna 7:
PL/SQL: Statement ignored
29/02/2020 11:30:21 p.m.: [Método: Oracle.DataAccess.Client.OracleDataReader ExecuteReader(Boolean, Boolean, System.Data.CommandBehavior), Línea: 0] - ORA-06550: línea 1, columna 7:
PLS-00201: el identificador 'MRVMM.PKG_MRV_VARIABLES' se debe declarar
ORA-06550: línea 1, columna 7:
PL/SQL: Statement ignored
29/02/2020 11:30:21 p.m.: [Método: System.Data.Common.DbDataReader ExecuteDbDataReader(System.Data.CommandBehavior), Línea: 0] - ORA-06550: línea 1, columna 7:
PLS-00201: el identificador 'MRVMM.PKG_MRV_VARIABLES' se debe declarar
ORA-06550: línea 1, columna 7:
PL/SQL: Statement ignored
29/02/2020 11:30:21 p.m.: [Método: System.Data.IDataReader System.Data.IDbCommand.ExecuteReader(System.Data.CommandBehavior), Línea: 0] - ORA-06550: línea 1, columna 7:
PLS-00201: el identificador 'MRVMM.PKG_MRV_VARIABLES' se debe declarar
ORA-06550: línea 1, columna 7:
PL/SQL: Statement ignored
29/02/2020 11:30:21 p.m.: [Método: System.Data.IDataReader ExecuteReaderWithFlagsFallback(System.Data.IDbCommand, Boolean, System.Data.CommandBehavior), Línea: 0] - ORA-06550: línea 1, columna 7:
PLS-00201: el identificador 'MRVMM.PKG_MRV_VARIABLES' se debe declarar
ORA-06550: línea 1, columna 7:
PL/SQL: Statement ignored
29/02/2020 11:30:21 p.m.: [Método: Boolean MoveNext(), Línea: 0] - ORA-06550: línea 1, columna 7:
PLS-00201: el identificador 'MRVMM.PKG_MRV_VARIABLES' se debe declarar
ORA-06550: línea 1, columna 7:
PL/SQL: Statement ignored
29/02/2020 11:30:21 p.m.: [Método: Void .ctor(System.Collections.Generic.IEnumerable`1[T]), Línea: 0] - ORA-06550: línea 1, columna 7:
PLS-00201: el identificador 'MRVMM.PKG_MRV_VARIABLES' se debe declarar
ORA-06550: línea 1, columna 7:
PL/SQL: Statement ignored
29/02/2020 11:30:21 p.m.: [Método: System.Collections.Generic.List`1[TSource] ToList[TSource](System.Collections.Generic.IEnumerable`1[TSource]), Línea: 0] - ORA-06550: línea 1, columna 7:
PLS-00201: el identificador 'MRVMM.PKG_MRV_VARIABLES' se debe declarar
ORA-06550: línea 1, columna 7:
PL/SQL: Statement ignored
29/02/2020 11:30:21 p.m.: [Método: System.Collections.Generic.IEnumerable`1[T] Query[T](System.Data.IDbConnection, System.String, System.Object, System.Data.IDbTransaction, Boolean, System.Nullable`1[System.Int32], System.Nullable`1[System.Data.CommandType]), Línea: 0] - ORA-06550: línea 1, columna 7:
PLS-00201: el identificador 'MRVMM.PKG_MRV_VARIABLES' se debe declarar
ORA-06550: línea 1, columna 7:
PL/SQL: Statement ignored
29/02/2020 11:30:21 p.m.: [Método: System.Collections.Generic.List`1[entidad.minem.gob.pe.VariableBE] ListaVariables(entidad.minem.gob.pe.VariableBE), Línea: 31] - ORA-06550: línea 1, columna 7:
PLS-00201: el identificador 'MRVMM.PKG_MRV_VARIABLES' se debe declarar
ORA-06550: línea 1, columna 7:
PL/SQL: Statement ignored
29/02/2020 11:31:20 p.m.: [Método: Void HandleErrorHelper(Int32, Oracle.DataAccess.Client.OracleConnection, IntPtr, Oracle.DataAccess.Client.OpoSqlValCtx*, System.Object, System.String, Boolean, Int32, Oracle.DataAccess.Client.OracleLogicalTransaction), Línea: 0] - ORA-02291: restricción de integridad (MRVMM.FK_MEDMIT_INDICADOR) violada - clave principal no encontrada
ORA-06512: en "MRVMM.PKG_MRV_MANTENIMIENTO", línea 2135
ORA-06512: en línea 1
29/02/2020 11:31:20 p.m.: [Método: Void HandleError(Int32, Oracle.DataAccess.Client.OracleConnection, System.String, IntPtr, Oracle.DataAccess.Client.OpoSqlValCtx*, System.Object, Boolean, Oracle.DataAccess.Client.OracleLogicalTransaction), Línea: 0] - ORA-02291: restricción de integridad (MRVMM.FK_MEDMIT_INDICADOR) violada - clave principal no encontrada
ORA-06512: en "MRVMM.PKG_MRV_MANTENIMIENTO", línea 2135
ORA-06512: en línea 1
29/02/2020 11:31:20 p.m.: [Método: Int32 ExecuteNonQuery(), Línea: 0] - ORA-02291: restricción de integridad (MRVMM.FK_MEDMIT_INDICADOR) violada - clave principal no encontrada
ORA-06512: en "MRVMM.PKG_MRV_MANTENIMIENTO", línea 2135
ORA-06512: en línea 1
29/02/2020 11:31:20 p.m.: [Método: Int32 ExecuteCommand(System.Data.IDbConnection, Dapper.CommandDefinition ByRef, System.Action`2[System.Data.IDbCommand,System.Object]), Línea: 0] - ORA-02291: restricción de integridad (MRVMM.FK_MEDMIT_INDICADOR) violada - clave principal no encontrada
ORA-06512: en "MRVMM.PKG_MRV_MANTENIMIENTO", línea 2135
ORA-06512: en línea 1
29/02/2020 11:31:20 p.m.: [Método: Int32 ExecuteImpl(System.Data.IDbConnection, Dapper.CommandDefinition ByRef), Línea: 0] - ORA-02291: restricción de integridad (MRVMM.FK_MEDMIT_INDICADOR) violada - clave principal no encontrada
ORA-06512: en "MRVMM.PKG_MRV_MANTENIMIENTO", línea 2135
ORA-06512: en línea 1
29/02/2020 11:31:20 p.m.: [Método: Int32 Execute(System.Data.IDbConnection, System.String, System.Object, System.Data.IDbTransaction, System.Nullable`1[System.Int32], System.Nullable`1[System.Data.CommandType]), Línea: 0] - ORA-02291: restricción de integridad (MRVMM.FK_MEDMIT_INDICADOR) violada - clave principal no encontrada
ORA-06512: en "MRVMM.PKG_MRV_MANTENIMIENTO", línea 2135
ORA-06512: en línea 1
29/02/2020 11:31:20 p.m.: [Método: entidad.minem.gob.pe.ParametroIndicadorBE RegistrarMedidaMitigacionDetalle(entidad.minem.gob.pe.ParametroIndicadorBE), Línea: 37] - ORA-02291: restricción de integridad (MRVMM.FK_MEDMIT_INDICADOR) violada - clave principal no encontrada
ORA-06512: en "MRVMM.PKG_MRV_MANTENIMIENTO", línea 2135
ORA-06512: en línea 1
29/02/2020 11:31:20 p.m.: [Método: Void HandleErrorHelper(Int32, Oracle.DataAccess.Client.OracleConnection, IntPtr, Oracle.DataAccess.Client.OpoSqlValCtx*, System.Object, System.String, Boolean, Int32, Oracle.DataAccess.Client.OracleLogicalTransaction), Línea: 0] - ORA-02291: restricción de integridad (MRVMM.FK_MEDMIT_INDICADOR) violada - clave principal no encontrada
ORA-06512: en "MRVMM.PKG_MRV_MANTENIMIENTO", línea 2135
ORA-06512: en línea 1
29/02/2020 11:31:20 p.m.: [Método: Void HandleError(Int32, Oracle.DataAccess.Client.OracleConnection, System.String, IntPtr, Oracle.DataAccess.Client.OpoSqlValCtx*, System.Object, Boolean, Oracle.DataAccess.Client.OracleLogicalTransaction), Línea: 0] - ORA-02291: restricción de integridad (MRVMM.FK_MEDMIT_INDICADOR) violada - clave principal no encontrada
ORA-06512: en "MRVMM.PKG_MRV_MANTENIMIENTO", línea 2135
ORA-06512: en línea 1
29/02/2020 11:31:20 p.m.: [Método: Int32 ExecuteNonQuery(), Línea: 0] - ORA-02291: restricción de integridad (MRVMM.FK_MEDMIT_INDICADOR) violada - clave principal no encontrada
ORA-06512: en "MRVMM.PKG_MRV_MANTENIMIENTO", línea 2135
ORA-06512: en línea 1
29/02/2020 11:31:20 p.m.: [Método: Int32 ExecuteCommand(System.Data.IDbConnection, Dapper.CommandDefinition ByRef, System.Action`2[System.Data.IDbCommand,System.Object]), Línea: 0] - ORA-02291: restricción de integridad (MRVMM.FK_MEDMIT_INDICADOR) violada - clave principal no encontrada
ORA-06512: en "MRVMM.PKG_MRV_MANTENIMIENTO", línea 2135
ORA-06512: en línea 1
29/02/2020 11:31:20 p.m.: [Método: Int32 ExecuteImpl(System.Data.IDbConnection, Dapper.CommandDefinition ByRef), Línea: 0] - ORA-02291: restricción de integridad (MRVMM.FK_MEDMIT_INDICADOR) violada - clave principal no encontrada
ORA-06512: en "MRVMM.PKG_MRV_MANTENIMIENTO", línea 2135
ORA-06512: en línea 1
29/02/2020 11:31:20 p.m.: [Método: Int32 Execute(System.Data.IDbConnection, System.String, System.Object, System.Data.IDbTransaction, System.Nullable`1[System.Int32], System.Nullable`1[System.Data.CommandType]), Línea: 0] - ORA-02291: restricción de integridad (MRVMM.FK_MEDMIT_INDICADOR) violada - clave principal no encontrada
ORA-06512: en "MRVMM.PKG_MRV_MANTENIMIENTO", línea 2135
ORA-06512: en línea 1
29/02/2020 11:31:20 p.m.: [Método: entidad.minem.gob.pe.ParametroIndicadorBE RegistrarMedidaMitigacionDetalle(entidad.minem.gob.pe.ParametroIndicadorBE), Línea: 37] - ORA-02291: restricción de integridad (MRVMM.FK_MEDMIT_INDICADOR) violada - clave principal no encontrada
ORA-06512: en "MRVMM.PKG_MRV_MANTENIMIENTO", línea 2135
ORA-06512: en línea 1
29/02/2020 11:31:20 p.m.: [Método: Void HandleErrorHelper(Int32, Oracle.DataAccess.Client.OracleConnection, IntPtr, Oracle.DataAccess.Client.OpoSqlValCtx*, System.Object, System.String, Boolean, Int32, Oracle.DataAccess.Client.OracleLogicalTransaction), Línea: 0] - ORA-02291: restricción de integridad (MRVMM.FK_MEDMIT_INDICADOR) violada - clave principal no encontrada
ORA-06512: en "MRVMM.PKG_MRV_MANTENIMIENTO", línea 2135
ORA-06512: en línea 1
29/02/2020 11:31:20 p.m.: [Método: Void HandleError(Int32, Oracle.DataAccess.Client.OracleConnection, System.String, IntPtr, Oracle.DataAccess.Client.OpoSqlValCtx*, System.Object, Boolean, Oracle.DataAccess.Client.OracleLogicalTransaction), Línea: 0] - ORA-02291: restricción de integridad (MRVMM.FK_MEDMIT_INDICADOR) violada - clave principal no encontrada
ORA-06512: en "MRVMM.PKG_MRV_MANTENIMIENTO", línea 2135
ORA-06512: en línea 1
29/02/2020 11:31:20 p.m.: [Método: Int32 ExecuteNonQuery(), Línea: 0] - ORA-02291: restricción de integridad (MRVMM.FK_MEDMIT_INDICADOR) violada - clave principal no encontrada
ORA-06512: en "MRVMM.PKG_MRV_MANTENIMIENTO", línea 2135
ORA-06512: en línea 1
29/02/2020 11:31:20 p.m.: [Método: Int32 ExecuteCommand(System.Data.IDbConnection, Dapper.CommandDefinition ByRef, System.Action`2[System.Data.IDbCommand,System.Object]), Línea: 0] - ORA-02291: restricción de integridad (MRVMM.FK_MEDMIT_INDICADOR) violada - clave principal no encontrada
ORA-06512: en "MRVMM.PKG_MRV_MANTENIMIENTO", línea 2135
ORA-06512: en línea 1
29/02/2020 11:31:20 p.m.: [Método: Int32 ExecuteImpl(System.Data.IDbConnection, Dapper.CommandDefinition ByRef), Línea: 0] - ORA-02291: restricción de integridad (MRVMM.FK_MEDMIT_INDICADOR) violada - clave principal no encontrada
ORA-06512: en "MRVMM.PKG_MRV_MANTENIMIENTO", línea 2135
ORA-06512: en línea 1
29/02/2020 11:31:20 p.m.: [Método: Int32 Execute(System.Data.IDbConnection, System.String, System.Object, System.Data.IDbTransaction, System.Nullable`1[System.Int32], System.Nullable`1[System.Data.CommandType]), Línea: 0] - ORA-02291: restricción de integridad (MRVMM.FK_MEDMIT_INDICADOR) violada - clave principal no encontrada
ORA-06512: en "MRVMM.PKG_MRV_MANTENIMIENTO", línea 2135
ORA-06512: en línea 1
29/02/2020 11:31:20 p.m.: [Método: entidad.minem.gob.pe.ParametroIndicadorBE RegistrarMedidaMitigacionDetalle(entidad.minem.gob.pe.ParametroIndicadorBE), Línea: 37] - ORA-02291: restricción de integridad (MRVMM.FK_MEDMIT_INDICADOR) violada - clave principal no encontrada
ORA-06512: en "MRVMM.PKG_MRV_MANTENIMIENTO", línea 2135
ORA-06512: en línea 1
29/02/2020 11:31:21 p.m.: [Método: Void HandleErrorHelper(Int32, Oracle.DataAccess.Client.OracleConnection, IntPtr, Oracle.DataAccess.Client.OpoSqlValCtx*, System.Object, System.String, Boolean, Int32, Oracle.DataAccess.Client.OracleLogicalTransaction), Línea: 0] - ORA-02291: restricción de integridad (MRVMM.FK_MEDMIT_INDICADOR) violada - clave principal no encontrada
ORA-06512: en "MRVMM.PKG_MRV_MANTENIMIENTO", línea 2135
ORA-06512: en línea 1
29/02/2020 11:31:21 p.m.: [Método: Void HandleError(Int32, Oracle.DataAccess.Client.OracleConnection, System.String, IntPtr, Oracle.DataAccess.Client.OpoSqlValCtx*, System.Object, Boolean, Oracle.DataAccess.Client.OracleLogicalTransaction), Línea: 0] - ORA-02291: restricción de integridad (MRVMM.FK_MEDMIT_INDICADOR) violada - clave principal no encontrada
ORA-06512: en "MRVMM.PKG_MRV_MANTENIMIENTO", línea 2135
ORA-06512: en línea 1
29/02/2020 11:31:21 p.m.: [Método: Int32 ExecuteNonQuery(), Línea: 0] - ORA-02291: restricción de integridad (MRVMM.FK_MEDMIT_INDICADOR) violada - clave principal no encontrada
ORA-06512: en "MRVMM.PKG_MRV_MANTENIMIENTO", línea 2135
ORA-06512: en línea 1
29/02/2020 11:31:21 p.m.: [Método: Int32 ExecuteCommand(System.Data.IDbConnection, Dapper.CommandDefinition ByRef, System.Action`2[System.Data.IDbCommand,System.Object]), Línea: 0] - ORA-02291: restricción de integridad (MRVMM.FK_MEDMIT_INDICADOR) violada - clave principal no encontrada
ORA-06512: en "MRVMM.PKG_MRV_MANTENIMIENTO", línea 2135
ORA-06512: en línea 1
29/02/2020 11:31:21 p.m.: [Método: Int32 ExecuteImpl(System.Data.IDbConnection, Dapper.CommandDefinition ByRef), Línea: 0] - ORA-02291: restricción de integridad (MRVMM.FK_MEDMIT_INDICADOR) violada - clave principal no encontrada
ORA-06512: en "MRVMM.PKG_MRV_MANTENIMIENTO", línea 2135
ORA-06512: en línea 1
29/02/2020 11:31:21 p.m.: [Método: Int32 Execute(System.Data.IDbConnection, System.String, System.Object, System.Data.IDbTransaction, System.Nullable`1[System.Int32], System.Nullable`1[System.Data.CommandType]), Línea: 0] - ORA-02291: restricción de integridad (MRVMM.FK_MEDMIT_INDICADOR) violada - clave principal no encontrada
ORA-06512: en "MRVMM.PKG_MRV_MANTENIMIENTO", línea 2135
ORA-06512: en línea 1
29/02/2020 11:31:21 p.m.: [Método: entidad.minem.gob.pe.ParametroIndicadorBE RegistrarMedidaMitigacionDetalle(entidad.minem.gob.pe.ParametroIndicadorBE), Línea: 37] - ORA-02291: restricción de integridad (MRVMM.FK_MEDMIT_INDICADOR) violada - clave principal no encontrada
ORA-06512: en "MRVMM.PKG_MRV_MANTENIMIENTO", línea 2135
ORA-06512: en línea 1
29/02/2020 11:31:21 p.m.: [Método: Void HandleErrorHelper(Int32, Oracle.DataAccess.Client.OracleConnection, IntPtr, Oracle.DataAccess.Client.OpoSqlValCtx*, System.Object, System.String, Boolean, Int32, Oracle.DataAccess.Client.OracleLogicalTransaction), Línea: 0] - ORA-02291: restricción de integridad (MRVMM.FK_MEDMIT_INDICADOR) violada - clave principal no encontrada
ORA-06512: en "MRVMM.PKG_MRV_MANTENIMIENTO", línea 2135
ORA-06512: en línea 1
29/02/2020 11:31:21 p.m.: [Método: Void HandleError(Int32, Oracle.DataAccess.Client.OracleConnection, System.String, IntPtr, Oracle.DataAccess.Client.OpoSqlValCtx*, System.Object, Boolean, Oracle.DataAccess.Client.OracleLogicalTransaction), Línea: 0] - ORA-02291: restricción de integridad (MRVMM.FK_MEDMIT_INDICADOR) violada - clave principal no encontrada
ORA-06512: en "MRVMM.PKG_MRV_MANTENIMIENTO", línea 2135
ORA-06512: en línea 1
29/02/2020 11:31:21 p.m.: [Método: Int32 ExecuteNonQuery(), Línea: 0] - ORA-02291: restricción de integridad (MRVMM.FK_MEDMIT_INDICADOR) violada - clave principal no encontrada
ORA-06512: en "MRVMM.PKG_MRV_MANTENIMIENTO", línea 2135
ORA-06512: en línea 1
29/02/2020 11:31:21 p.m.: [Método: Int32 ExecuteCommand(System.Data.IDbConnection, Dapper.CommandDefinition ByRef, System.Action`2[System.Data.IDbCommand,System.Object]), Línea: 0] - ORA-02291: restricción de integridad (MRVMM.FK_MEDMIT_INDICADOR) violada - clave principal no encontrada
ORA-06512: en "MRVMM.PKG_MRV_MANTENIMIENTO", línea 2135
ORA-06512: en línea 1
29/02/2020 11:31:21 p.m.: [Método: Int32 ExecuteImpl(System.Data.IDbConnection, Dapper.CommandDefinition ByRef), Línea: 0] - ORA-02291: restricción de integridad (MRVMM.FK_MEDMIT_INDICADOR) violada - clave principal no encontrada
ORA-06512: en "MRVMM.PKG_MRV_MANTENIMIENTO", línea 2135
ORA-06512: en línea 1
29/02/2020 11:31:21 p.m.: [Método: Int32 Execute(System.Data.IDbConnection, System.String, System.Object, System.Data.IDbTransaction, System.Nullable`1[System.Int32], System.Nullable`1[System.Data.CommandType]), Línea: 0] - ORA-02291: restricción de integridad (MRVMM.FK_MEDMIT_INDICADOR) violada - clave principal no encontrada
ORA-06512: en "MRVMM.PKG_MRV_MANTENIMIENTO", línea 2135
ORA-06512: en línea 1
29/02/2020 11:31:21 p.m.: [Método: entidad.minem.gob.pe.ParametroIndicadorBE RegistrarMedidaMitigacionDetalle(entidad.minem.gob.pe.ParametroIndicadorBE), Línea: 37] - ORA-02291: restricción de integridad (MRVMM.FK_MEDMIT_INDICADOR) violada - clave principal no encontrada
ORA-06512: en "MRVMM.PKG_MRV_MANTENIMIENTO", línea 2135
ORA-06512: en línea 1
29/02/2020 11:31:21 p.m.: [Método: Void HandleErrorHelper(Int32, Oracle.DataAccess.Client.OracleConnection, IntPtr, Oracle.DataAccess.Client.OpoSqlValCtx*, System.Object, System.String, Boolean, Int32, Oracle.DataAccess.Client.OracleLogicalTransaction), Línea: 0] - ORA-02291: restricción de integridad (MRVMM.FK_MEDMIT_INDICADOR) violada - clave principal no encontrada
ORA-06512: en "MRVMM.PKG_MRV_MANTENIMIENTO", línea 2135
ORA-06512: en línea 1
29/02/2020 11:31:21 p.m.: [Método: Void HandleError(Int32, Oracle.DataAccess.Client.OracleConnection, System.String, IntPtr, Oracle.DataAccess.Client.OpoSqlValCtx*, System.Object, Boolean, Oracle.DataAccess.Client.OracleLogicalTransaction), Línea: 0] - ORA-02291: restricción de integridad (MRVMM.FK_MEDMIT_INDICADOR) violada - clave principal no encontrada
ORA-06512: en "MRVMM.PKG_MRV_MANTENIMIENTO", línea 2135
ORA-06512: en línea 1
29/02/2020 11:31:21 p.m.: [Método: Int32 ExecuteNonQuery(), Línea: 0] - ORA-02291: restricción de integridad (MRVMM.FK_MEDMIT_INDICADOR) violada - clave principal no encontrada
ORA-06512: en "MRVMM.PKG_MRV_MANTENIMIENTO", línea 2135
ORA-06512: en línea 1
29/02/2020 11:31:21 p.m.: [Método: Int32 ExecuteCommand(System.Data.IDbConnection, Dapper.CommandDefinition ByRef, System.Action`2[System.Data.IDbCommand,System.Object]), Línea: 0] - ORA-02291: restricción de integridad (MRVMM.FK_MEDMIT_INDICADOR) violada - clave principal no encontrada
ORA-06512: en "MRVMM.PKG_MRV_MANTENIMIENTO", línea 2135
ORA-06512: en línea 1
29/02/2020 11:31:21 p.m.: [Método: Int32 ExecuteImpl(System.Data.IDbConnection, Dapper.CommandDefinition ByRef), Línea: 0] - ORA-02291: restricción de integridad (MRVMM.FK_MEDMIT_INDICADOR) violada - clave principal no encontrada
ORA-06512: en "MRVMM.PKG_MRV_MANTENIMIENTO", línea 2135
ORA-06512: en línea 1
29/02/2020 11:31:21 p.m.: [Método: Int32 Execute(System.Data.IDbConnection, System.String, System.Object, System.Data.IDbTransaction, System.Nullable`1[System.Int32], System.Nullable`1[System.Data.CommandType]), Línea: 0] - ORA-02291: restricción de integridad (MRVMM.FK_MEDMIT_INDICADOR) violada - clave principal no encontrada
ORA-06512: en "MRVMM.PKG_MRV_MANTENIMIENTO", línea 2135
ORA-06512: en línea 1
29/02/2020 11:31:21 p.m.: [Método: entidad.minem.gob.pe.ParametroIndicadorBE RegistrarMedidaMitigacionDetalle(entidad.minem.gob.pe.ParametroIndicadorBE), Línea: 37] - ORA-02291: restricción de integridad (MRVMM.FK_MEDMIT_INDICADOR) violada - clave principal no encontrada
ORA-06512: en "MRVMM.PKG_MRV_MANTENIMIENTO", línea 2135
ORA-06512: en línea 1
29/02/2020 11:31:21 p.m.: [Método: Void HandleErrorHelper(Int32, Oracle.DataAccess.Client.OracleConnection, IntPtr, Oracle.DataAccess.Client.OpoSqlValCtx*, System.Object, System.String, Boolean, Int32, Oracle.DataAccess.Client.OracleLogicalTransaction), Línea: 0] - ORA-02291: restricción de integridad (MRVMM.FK_MEDMIT_INDICADOR) violada - clave principal no encontrada
ORA-06512: en "MRVMM.PKG_MRV_MANTENIMIENTO", línea 2135
ORA-06512: en línea 1
29/02/2020 11:31:21 p.m.: [Método: Void HandleError(Int32, Oracle.DataAccess.Client.OracleConnection, System.String, IntPtr, Oracle.DataAccess.Client.OpoSqlValCtx*, System.Object, Boolean, Oracle.DataAccess.Client.OracleLogicalTransaction), Línea: 0] - ORA-02291: restricción de integridad (MRVMM.FK_MEDMIT_INDICADOR) violada - clave principal no encontrada
ORA-06512: en "MRVMM.PKG_MRV_MANTENIMIENTO", línea 2135
ORA-06512: en línea 1
29/02/2020 11:31:21 p.m.: [Método: Int32 ExecuteNonQuery(), Línea: 0] - ORA-02291: restricción de integridad (MRVMM.FK_MEDMIT_INDICADOR) violada - clave principal no encontrada
ORA-06512: en "MRVMM.PKG_MRV_MANTENIMIENTO", línea 2135
ORA-06512: en línea 1
29/02/2020 11:31:21 p.m.: [Método: Int32 ExecuteCommand(System.Data.IDbConnection, Dapper.CommandDefinition ByRef, System.Action`2[System.Data.IDbCommand,System.Object]), Línea: 0] - ORA-02291: restricción de integridad (MRVMM.FK_MEDMIT_INDICADOR) violada - clave principal no encontrada
ORA-06512: en "MRVMM.PKG_MRV_MANTENIMIENTO", línea 2135
ORA-06512: en línea 1
29/02/2020 11:31:21 p.m.: [Método: Int32 ExecuteImpl(System.Data.IDbConnection, Dapper.CommandDefinition ByRef), Línea: 0] - ORA-02291: restricción de integridad (MRVMM.FK_MEDMIT_INDICADOR) violada - clave principal no encontrada
ORA-06512: en "MRVMM.PKG_MRV_MANTENIMIENTO", línea 2135
ORA-06512: en línea 1
29/02/2020 11:31:21 p.m.: [Método: Int32 Execute(System.Data.IDbConnection, System.String, System.Object, System.Data.IDbTransaction, System.Nullable`1[System.Int32], System.Nullable`1[System.Data.CommandType]), Línea: 0] - ORA-02291: restricción de integridad (MRVMM.FK_MEDMIT_INDICADOR) violada - clave principal no encontrada
ORA-06512: en "MRVMM.PKG_MRV_MANTENIMIENTO", línea 2135
ORA-06512: en línea 1
29/02/2020 11:31:21 p.m.: [Método: entidad.minem.gob.pe.ParametroIndicadorBE RegistrarMedidaMitigacionDetalle(entidad.minem.gob.pe.ParametroIndicadorBE), Línea: 37] - ORA-02291: restricción de integridad (MRVMM.FK_MEDMIT_INDICADOR) violada - clave principal no encontrada
ORA-06512: en "MRVMM.PKG_MRV_MANTENIMIENTO", línea 2135
ORA-06512: en línea 1
29/02/2020 11:31:21 p.m.: [Método: Void HandleErrorHelper(Int32, Oracle.DataAccess.Client.OracleConnection, IntPtr, Oracle.DataAccess.Client.OpoSqlValCtx*, System.Object, System.String, Boolean, Int32, Oracle.DataAccess.Client.OracleLogicalTransaction), Línea: 0] - ORA-02291: restricción de integridad (MRVMM.FK_MEDMIT_INDICADOR) violada - clave principal no encontrada
ORA-06512: en "MRVMM.PKG_MRV_MANTENIMIENTO", línea 2135
ORA-06512: en línea 1
29/02/2020 11:31:21 p.m.: [Método: Void HandleError(Int32, Oracle.DataAccess.Client.OracleConnection, System.String, IntPtr, Oracle.DataAccess.Client.OpoSqlValCtx*, System.Object, Boolean, Oracle.DataAccess.Client.OracleLogicalTransaction), Línea: 0] - ORA-02291: restricción de integridad (MRVMM.FK_MEDMIT_INDICADOR) violada - clave principal no encontrada
ORA-06512: en "MRVMM.PKG_MRV_MANTENIMIENTO", línea 2135
ORA-06512: en línea 1
29/02/2020 11:31:21 p.m.: [Método: Int32 ExecuteNonQuery(), Línea: 0] - ORA-02291: restricción de integridad (MRVMM.FK_MEDMIT_INDICADOR) violada - clave principal no encontrada
ORA-06512: en "MRVMM.PKG_MRV_MANTENIMIENTO", línea 2135
ORA-06512: en línea 1
29/02/2020 11:31:21 p.m.: [Método: Int32 ExecuteCommand(System.Data.IDbConnection, Dapper.CommandDefinition ByRef, System.Action`2[System.Data.IDbCommand,System.Object]), Línea: 0] - ORA-02291: restricción de integridad (MRVMM.FK_MEDMIT_INDICADOR) violada - clave principal no encontrada
ORA-06512: en "MRVMM.PKG_MRV_MANTENIMIENTO", línea 2135
ORA-06512: en línea 1
29/02/2020 11:31:21 p.m.: [Método: Int32 ExecuteImpl(System.Data.IDbConnection, Dapper.CommandDefinition ByRef), Línea: 0] - ORA-02291: restricción de integridad (MRVMM.FK_MEDMIT_INDICADOR) violada - clave principal no encontrada
ORA-06512: en "MRVMM.PKG_MRV_MANTENIMIENTO", línea 2135
ORA-06512: en línea 1
29/02/2020 11:31:21 p.m.: [Método: Int32 Execute(System.Data.IDbConnection, System.String, System.Object, System.Data.IDbTransaction, System.Nullable`1[System.Int32], System.Nullable`1[System.Data.CommandType]), Línea: 0] - ORA-02291: restricción de integridad (MRVMM.FK_MEDMIT_INDICADOR) violada - clave principal no encontrada
ORA-06512: en "MRVMM.PKG_MRV_MANTENIMIENTO", línea 2135
ORA-06512: en línea 1
29/02/2020 11:31:21 p.m.: [Método: entidad.minem.gob.pe.ParametroIndicadorBE RegistrarMedidaMitigacionDetalle(entidad.minem.gob.pe.ParametroIndicadorBE), Línea: 37] - ORA-02291: restricción de integridad (MRVMM.FK_MEDMIT_INDICADOR) violada - clave principal no encontrada
ORA-06512: en "MRVMM.PKG_MRV_MANTENIMIENTO", línea 2135
ORA-06512: en línea 1
29/02/2020 11:31:21 p.m.: [Método: Void HandleErrorHelper(Int32, Oracle.DataAccess.Client.OracleConnection, IntPtr, Oracle.DataAccess.Client.OpoSqlValCtx*, System.Object, System.String, Boolean, Int32, Oracle.DataAccess.Client.OracleLogicalTransaction), Línea: 0] - ORA-02291: restricción de integridad (MRVMM.FK_MEDMIT_INDICADOR) violada - clave principal no encontrada
ORA-06512: en "MRVMM.PKG_MRV_MANTENIMIENTO", línea 2135
ORA-06512: en línea 1
29/02/2020 11:31:21 p.m.: [Método: Void HandleError(Int32, Oracle.DataAccess.Client.OracleConnection, System.String, IntPtr, Oracle.DataAccess.Client.OpoSqlValCtx*, System.Object, Boolean, Oracle.DataAccess.Client.OracleLogicalTransaction), Línea: 0] - ORA-02291: restricción de integridad (MRVMM.FK_MEDMIT_INDICADOR) violada - clave principal no encontrada
ORA-06512: en "MRVMM.PKG_MRV_MANTENIMIENTO", línea 2135
ORA-06512: en línea 1
29/02/2020 11:31:21 p.m.: [Método: Int32 ExecuteNonQuery(), Línea: 0] - ORA-02291: restricción de integridad (MRVMM.FK_MEDMIT_INDICADOR) violada - clave principal no encontrada
ORA-06512: en "MRVMM.PKG_MRV_MANTENIMIENTO", línea 2135
ORA-06512: en línea 1
29/02/2020 11:31:21 p.m.: [Método: Int32 ExecuteCommand(System.Data.IDbConnection, Dapper.CommandDefinition ByRef, System.Action`2[System.Data.IDbCommand,System.Object]), Línea: 0] - ORA-02291: restricción de integridad (MRVMM.FK_MEDMIT_INDICADOR) violada - clave principal no encontrada
ORA-06512: en "MRVMM.PKG_MRV_MANTENIMIENTO", línea 2135
ORA-06512: en línea 1
29/02/2020 11:31:21 p.m.: [Método: Int32 ExecuteImpl(System.Data.IDbConnection, Dapper.CommandDefinition ByRef), Línea: 0] - ORA-02291: restricción de integridad (MRVMM.FK_MEDMIT_INDICADOR) violada - clave principal no encontrada
ORA-06512: en "MRVMM.PKG_MRV_MANTENIMIENTO", línea 2135
ORA-06512: en línea 1
29/02/2020 11:31:21 p.m.: [Método: Int32 Execute(System.Data.IDbConnection, System.String, System.Object, System.Data.IDbTransaction, System.Nullable`1[System.Int32], System.Nullable`1[System.Data.CommandType]), Línea: 0] - ORA-02291: restricción de integridad (MRVMM.FK_MEDMIT_INDICADOR) violada - clave principal no encontrada
ORA-06512: en "MRVMM.PKG_MRV_MANTENIMIENTO", línea 2135
ORA-06512: en línea 1
29/02/2020 11:31:21 p.m.: [Método: entidad.minem.gob.pe.ParametroIndicadorBE RegistrarMedidaMitigacionDetalle(entidad.minem.gob.pe.ParametroIndicadorBE), Línea: 37] - ORA-02291: restricción de integridad (MRVMM.FK_MEDMIT_INDICADOR) violada - clave principal no encontrada
ORA-06512: en "MRVMM.PKG_MRV_MANTENIMIENTO", línea 2135
ORA-06512: en línea 1
29/02/2020 11:31:30 p.m.: [Método: Void HandleErrorHelper(Int32, Oracle.DataAccess.Client.OracleConnection, IntPtr, Oracle.DataAccess.Client.OpoSqlValCtx*, System.Object, System.String, Boolean, Int32, Oracle.DataAccess.Client.OracleLogicalTransaction), Línea: 0] - ORA-06550: línea 1, columna 7:
PLS-00201: el identificador 'MRVMM.PKG_MRV_VARIABLES' se debe declarar
ORA-06550: línea 1, columna 7:
PL/SQL: Statement ignored
29/02/2020 11:31:30 p.m.: [Método: Void HandleError(Int32, Oracle.DataAccess.Client.OracleConnection, System.String, IntPtr, Oracle.DataAccess.Client.OpoSqlValCtx*, System.Object, Boolean, Oracle.DataAccess.Client.OracleLogicalTransaction), Línea: 0] - ORA-06550: línea 1, columna 7:
PLS-00201: el identificador 'MRVMM.PKG_MRV_VARIABLES' se debe declarar
ORA-06550: línea 1, columna 7:
PL/SQL: Statement ignored
29/02/2020 11:31:30 p.m.: [Método: Oracle.DataAccess.Client.OracleDataReader ExecuteReader(Boolean, Boolean, System.Data.CommandBehavior), Línea: 0] - ORA-06550: línea 1, columna 7:
PLS-00201: el identificador 'MRVMM.PKG_MRV_VARIABLES' se debe declarar
ORA-06550: línea 1, columna 7:
PL/SQL: Statement ignored
29/02/2020 11:31:30 p.m.: [Método: System.Data.Common.DbDataReader ExecuteDbDataReader(System.Data.CommandBehavior), Línea: 0] - ORA-06550: línea 1, columna 7:
PLS-00201: el identificador 'MRVMM.PKG_MRV_VARIABLES' se debe declarar
ORA-06550: línea 1, columna 7:
PL/SQL: Statement ignored
29/02/2020 11:31:30 p.m.: [Método: System.Data.IDataReader System.Data.IDbCommand.ExecuteReader(System.Data.CommandBehavior), Línea: 0] - ORA-06550: línea 1, columna 7:
PLS-00201: el identificador 'MRVMM.PKG_MRV_VARIABLES' se debe declarar
ORA-06550: línea 1, columna 7:
PL/SQL: Statement ignored
29/02/2020 11:31:30 p.m.: [Método: System.Data.IDataReader ExecuteReaderWithFlagsFallback(System.Data.IDbCommand, Boolean, System.Data.CommandBehavior), Línea: 0] - ORA-06550: línea 1, columna 7:
PLS-00201: el identificador 'MRVMM.PKG_MRV_VARIABLES' se debe declarar
ORA-06550: línea 1, columna 7:
PL/SQL: Statement ignored
29/02/2020 11:31:30 p.m.: [Método: Boolean MoveNext(), Línea: 0] - ORA-06550: línea 1, columna 7:
PLS-00201: el identificador 'MRVMM.PKG_MRV_VARIABLES' se debe declarar
ORA-06550: línea 1, columna 7:
PL/SQL: Statement ignored
29/02/2020 11:31:30 p.m.: [Método: Void .ctor(System.Collections.Generic.IEnumerable`1[T]), Línea: 0] - ORA-06550: línea 1, columna 7:
PLS-00201: el identificador 'MRVMM.PKG_MRV_VARIABLES' se debe declarar
ORA-06550: línea 1, columna 7:
PL/SQL: Statement ignored
29/02/2020 11:31:30 p.m.: [Método: System.Collections.Generic.List`1[TSource] ToList[TSource](System.Collections.Generic.IEnumerable`1[TSource]), Línea: 0] - ORA-06550: línea 1, columna 7:
PLS-00201: el identificador 'MRVMM.PKG_MRV_VARIABLES' se debe declarar
ORA-06550: línea 1, columna 7:
PL/SQL: Statement ignored
29/02/2020 11:31:30 p.m.: [Método: System.Collections.Generic.IEnumerable`1[T] Query[T](System.Data.IDbConnection, System.String, System.Object, System.Data.IDbTransaction, Boolean, System.Nullable`1[System.Int32], System.Nullable`1[System.Data.CommandType]), Línea: 0] - ORA-06550: línea 1, columna 7:
PLS-00201: el identificador 'MRVMM.PKG_MRV_VARIABLES' se debe declarar
ORA-06550: línea 1, columna 7:
PL/SQL: Statement ignored
29/02/2020 11:31:30 p.m.: [Método: System.Collections.Generic.List`1[entidad.minem.gob.pe.VariableBE] ListaVariables(entidad.minem.gob.pe.VariableBE), Línea: 31] - ORA-06550: línea 1, columna 7:
PLS-00201: el identificador 'MRVMM.PKG_MRV_VARIABLES' se debe declarar
ORA-06550: línea 1, columna 7:
PL/SQL: Statement ignored
29/02/2020 11:33:26 p.m.: [Método: Void HandleErrorHelper(Int32, Oracle.DataAccess.Client.OracleConnection, IntPtr, Oracle.DataAccess.Client.OpoSqlValCtx*, System.Object, System.String, Boolean, Int32, Oracle.DataAccess.Client.OracleLogicalTransaction), Línea: 0] - ORA-06550: línea 1, columna 7:
PLS-00201: el identificador 'MRVMM.PKG_MRV_VARIABLES' se debe declarar
ORA-06550: línea 1, columna 7:
PL/SQL: Statement ignored
29/02/2020 11:33:26 p.m.: [Método: Void HandleError(Int32, Oracle.DataAccess.Client.OracleConnection, System.String, IntPtr, Oracle.DataAccess.Client.OpoSqlValCtx*, System.Object, Boolean, Oracle.DataAccess.Client.OracleLogicalTransaction), Línea: 0] - ORA-06550: línea 1, columna 7:
PLS-00201: el identificador 'MRVMM.PKG_MRV_VARIABLES' se debe declarar
ORA-06550: línea 1, columna 7:
PL/SQL: Statement ignored
29/02/2020 11:33:26 p.m.: [Método: Oracle.DataAccess.Client.OracleDataReader ExecuteReader(Boolean, Boolean, System.Data.CommandBehavior), Línea: 0] - ORA-06550: línea 1, columna 7:
PLS-00201: el identificador 'MRVMM.PKG_MRV_VARIABLES' se debe declarar
ORA-06550: línea 1, columna 7:
PL/SQL: Statement ignored
29/02/2020 11:33:26 p.m.: [Método: System.Data.Common.DbDataReader ExecuteDbDataReader(System.Data.CommandBehavior), Línea: 0] - ORA-06550: línea 1, columna 7:
PLS-00201: el identificador 'MRVMM.PKG_MRV_VARIABLES' se debe declarar
ORA-06550: línea 1, columna 7:
PL/SQL: Statement ignored
29/02/2020 11:33:26 p.m.: [Método: System.Data.IDataReader System.Data.IDbCommand.ExecuteReader(System.Data.CommandBehavior), Línea: 0] - ORA-06550: línea 1, columna 7:
PLS-00201: el identificador 'MRVMM.PKG_MRV_VARIABLES' se debe declarar
ORA-06550: línea 1, columna 7:
PL/SQL: Statement ignored
29/02/2020 11:33:26 p.m.: [Método: System.Data.IDataReader ExecuteReaderWithFlagsFallback(System.Data.IDbCommand, Boolean, System.Data.CommandBehavior), Línea: 0] - ORA-06550: línea 1, columna 7:
PLS-00201: el identificador 'MRVMM.PKG_MRV_VARIABLES' se debe declarar
ORA-06550: línea 1, columna 7:
PL/SQL: Statement ignored
29/02/2020 11:33:26 p.m.: [Método: Boolean MoveNext(), Línea: 0] - ORA-06550: línea 1, columna 7:
PLS-00201: el identificador 'MRVMM.PKG_MRV_VARIABLES' se debe declarar
ORA-06550: línea 1, columna 7:
PL/SQL: Statement ignored
29/02/2020 11:33:26 p.m.: [Método: Void .ctor(System.Collections.Generic.IEnumerable`1[T]), Línea: 0] - ORA-06550: línea 1, columna 7:
PLS-00201: el identificador 'MRVMM.PKG_MRV_VARIABLES' se debe declarar
ORA-06550: línea 1, columna 7:
PL/SQL: Statement ignored
29/02/2020 11:33:26 p.m.: [Método: System.Collections.Generic.List`1[TSource] ToList[TSource](System.Collections.Generic.IEnumerable`1[TSource]), Línea: 0] - ORA-06550: línea 1, columna 7:
PLS-00201: el identificador 'MRVMM.PKG_MRV_VARIABLES' se debe declarar
ORA-06550: línea 1, columna 7:
PL/SQL: Statement ignored
29/02/2020 11:33:26 p.m.: [Método: System.Collections.Generic.IEnumerable`1[T] Query[T](System.Data.IDbConnection, System.String, System.Object, System.Data.IDbTransaction, Boolean, System.Nullable`1[System.Int32], System.Nullable`1[System.Data.CommandType]), Línea: 0] - ORA-06550: línea 1, columna 7:
PLS-00201: el identificador 'MRVMM.PKG_MRV_VARIABLES' se debe declarar
ORA-06550: línea 1, columna 7:
PL/SQL: Statement ignored
29/02/2020 11:33:26 p.m.: [Método: System.Collections.Generic.List`1[entidad.minem.gob.pe.VariableBE] ListaVariables(entidad.minem.gob.pe.VariableBE), Línea: 31] - ORA-06550: línea 1, columna 7:
PLS-00201: el identificador 'MRVMM.PKG_MRV_VARIABLES' se debe declarar
ORA-06550: línea 1, columna 7:
PL/SQL: Statement ignored
29/02/2020 11:36:51 p.m.: [Método: Void HandleErrorHelper(Int32, Oracle.DataAccess.Client.OracleConnection, IntPtr, Oracle.DataAccess.Client.OpoSqlValCtx*, System.Object, System.String, Boolean, Int32, Oracle.DataAccess.Client.OracleLogicalTransaction), Línea: 0] - ORA-06550: línea 1, columna 7:
PLS-00201: el identificador 'MRVMM.PKG_MRV_VARIABLES' se debe declarar
ORA-06550: línea 1, columna 7:
PL/SQL: Statement ignored
29/02/2020 11:36:51 p.m.: [Método: Void HandleError(Int32, Oracle.DataAccess.Client.OracleConnection, System.String, IntPtr, Oracle.DataAccess.Client.OpoSqlValCtx*, System.Object, Boolean, Oracle.DataAccess.Client.OracleLogicalTransaction), Línea: 0] - ORA-06550: línea 1, columna 7:
PLS-00201: el identificador 'MRVMM.PKG_MRV_VARIABLES' se debe declarar
ORA-06550: línea 1, columna 7:
PL/SQL: Statement ignored
29/02/2020 11:36:51 p.m.: [Método: Oracle.DataAccess.Client.OracleDataReader ExecuteReader(Boolean, Boolean, System.Data.CommandBehavior), Línea: 0] - ORA-06550: línea 1, columna 7:
PLS-00201: el identificador 'MRVMM.PKG_MRV_VARIABLES' se debe declarar
ORA-06550: línea 1, columna 7:
PL/SQL: Statement ignored
29/02/2020 11:36:51 p.m.: [Método: System.Data.Common.DbDataReader ExecuteDbDataReader(System.Data.CommandBehavior), Línea: 0] - ORA-06550: línea 1, columna 7:
PLS-00201: el identificador 'MRVMM.PKG_MRV_VARIABLES' se debe declarar
ORA-06550: línea 1, columna 7:
PL/SQL: Statement ignored
29/02/2020 11:36:51 p.m.: [Método: System.Data.IDataReader System.Data.IDbCommand.ExecuteReader(System.Data.CommandBehavior), Línea: 0] - ORA-06550: línea 1, columna 7:
PLS-00201: el identificador 'MRVMM.PKG_MRV_VARIABLES' se debe declarar
ORA-06550: línea 1, columna 7:
PL/SQL: Statement ignored
29/02/2020 11:36:51 p.m.: [Método: System.Data.IDataReader ExecuteReaderWithFlagsFallback(System.Data.IDbCommand, Boolean, System.Data.CommandBehavior), Línea: 0] - ORA-06550: línea 1, columna 7:
PLS-00201: el identificador 'MRVMM.PKG_MRV_VARIABLES' se debe declarar
ORA-06550: línea 1, columna 7:
PL/SQL: Statement ignored
29/02/2020 11:36:51 p.m.: [Método: Boolean MoveNext(), Línea: 0] - ORA-06550: línea 1, columna 7:
PLS-00201: el identificador 'MRVMM.PKG_MRV_VARIABLES' se debe declarar
ORA-06550: línea 1, columna 7:
PL/SQL: Statement ignored
29/02/2020 11:36:51 p.m.: [Método: Void .ctor(System.Collections.Generic.IEnumerable`1[T]), Línea: 0] - ORA-06550: línea 1, columna 7:
PLS-00201: el identificador 'MRVMM.PKG_MRV_VARIABLES' se debe declarar
ORA-06550: línea 1, columna 7:
PL/SQL: Statement ignored
29/02/2020 11:36:51 p.m.: [Método: System.Collections.Generic.List`1[TSource] ToList[TSource](System.Collections.Generic.IEnumerable`1[TSource]), Línea: 0] - ORA-06550: línea 1, columna 7:
PLS-00201: el identificador 'MRVMM.PKG_MRV_VARIABLES' se debe declarar
ORA-06550: línea 1, columna 7:
PL/SQL: Statement ignored
29/02/2020 11:36:51 p.m.: [Método: System.Collections.Generic.IEnumerable`1[T] Query[T](System.Data.IDbConnection, System.String, System.Object, System.Data.IDbTransaction, Boolean, System.Nullable`1[System.Int32], System.Nullable`1[System.Data.CommandType]), Línea: 0] - ORA-06550: línea 1, columna 7:
PLS-00201: el identificador 'MRVMM.PKG_MRV_VARIABLES' se debe declarar
ORA-06550: línea 1, columna 7:
PL/SQL: Statement ignored
29/02/2020 11:36:51 p.m.: [Método: System.Collections.Generic.List`1[entidad.minem.gob.pe.VariableBE] ListaVariables(entidad.minem.gob.pe.VariableBE), Línea: 31] - ORA-06550: línea 1, columna 7:
PLS-00201: el identificador 'MRVMM.PKG_MRV_VARIABLES' se debe declarar
ORA-06550: línea 1, columna 7:
PL/SQL: Statement ignored
29/02/2020 11:46:09 p.m.: [Método: Void HandleErrorHelper(Int32, Oracle.DataAccess.Client.OracleConnection, IntPtr, Oracle.DataAccess.Client.OpoSqlValCtx*, System.Object, System.String, Boolean, Int32, Oracle.DataAccess.Client.OracleLogicalTransaction), Línea: 0] - ORA-06550: línea 1, columna 7:
PLS-00201: el identificador 'MRVMM.PKG_MRV_VARIABLES' se debe declarar
ORA-06550: línea 1, columna 7:
PL/SQL: Statement ignored
29/02/2020 11:46:09 p.m.: [Método: Void HandleError(Int32, Oracle.DataAccess.Client.OracleConnection, System.String, IntPtr, Oracle.DataAccess.Client.OpoSqlValCtx*, System.Object, Boolean, Oracle.DataAccess.Client.OracleLogicalTransaction), Línea: 0] - ORA-06550: línea 1, columna 7:
PLS-00201: el identificador 'MRVMM.PKG_MRV_VARIABLES' se debe declarar
ORA-06550: línea 1, columna 7:
PL/SQL: Statement ignored
29/02/2020 11:46:09 p.m.: [Método: Oracle.DataAccess.Client.OracleDataReader ExecuteReader(Boolean, Boolean, System.Data.CommandBehavior), Línea: 0] - ORA-06550: línea 1, columna 7:
PLS-00201: el identificador 'MRVMM.PKG_MRV_VARIABLES' se debe declarar
ORA-06550: línea 1, columna 7:
PL/SQL: Statement ignored
29/02/2020 11:46:09 p.m.: [Método: System.Data.Common.DbDataReader ExecuteDbDataReader(System.Data.CommandBehavior), Línea: 0] - ORA-06550: línea 1, columna 7:
PLS-00201: el identificador 'MRVMM.PKG_MRV_VARIABLES' se debe declarar
ORA-06550: línea 1, columna 7:
PL/SQL: Statement ignored
29/02/2020 11:46:09 p.m.: [Método: System.Data.IDataReader System.Data.IDbCommand.ExecuteReader(System.Data.CommandBehavior), Línea: 0] - ORA-06550: línea 1, columna 7:
PLS-00201: el identificador 'MRVMM.PKG_MRV_VARIABLES' se debe declarar
ORA-06550: línea 1, columna 7:
PL/SQL: Statement ignored
29/02/2020 11:46:09 p.m.: [Método: System.Data.IDataReader ExecuteReaderWithFlagsFallback(System.Data.IDbCommand, Boolean, System.Data.CommandBehavior), Línea: 0] - ORA-06550: línea 1, columna 7:
PLS-00201: el identificador 'MRVMM.PKG_MRV_VARIABLES' se debe declarar
ORA-06550: línea 1, columna 7:
PL/SQL: Statement ignored
29/02/2020 11:46:09 p.m.: [Método: Boolean MoveNext(), Línea: 0] - ORA-06550: línea 1, columna 7:
PLS-00201: el identificador 'MRVMM.PKG_MRV_VARIABLES' se debe declarar
ORA-06550: línea 1, columna 7:
PL/SQL: Statement ignored
29/02/2020 11:46:09 p.m.: [Método: Void .ctor(System.Collections.Generic.IEnumerable`1[T]), Línea: 0] - ORA-06550: línea 1, columna 7:
PLS-00201: el identificador 'MRVMM.PKG_MRV_VARIABLES' se debe declarar
ORA-06550: línea 1, columna 7:
PL/SQL: Statement ignored
29/02/2020 11:46:09 p.m.: [Método: System.Collections.Generic.List`1[TSource] ToList[TSource](System.Collections.Generic.IEnumerable`1[TSource]), Línea: 0] - ORA-06550: línea 1, columna 7:
PLS-00201: el identificador 'MRVMM.PKG_MRV_VARIABLES' se debe declarar
ORA-06550: línea 1, columna 7:
PL/SQL: Statement ignored
29/02/2020 11:46:09 p.m.: [Método: System.Collections.Generic.IEnumerable`1[T] Query[T](System.Data.IDbConnection, System.String, System.Object, System.Data.IDbTransaction, Boolean, System.Nullable`1[System.Int32], System.Nullable`1[System.Data.CommandType]), Línea: 0] - ORA-06550: línea 1, columna 7:
PLS-00201: el identificador 'MRVMM.PKG_MRV_VARIABLES' se debe declarar
ORA-06550: línea 1, columna 7:
PL/SQL: Statement ignored
29/02/2020 11:46:09 p.m.: [Método: System.Collections.Generic.List`1[entidad.minem.gob.pe.VariableBE] ListaVariables(entidad.minem.gob.pe.VariableBE), Línea: 31] - ORA-06550: línea 1, columna 7:
PLS-00201: el identificador 'MRVMM.PKG_MRV_VARIABLES' se debe declarar
ORA-06550: línea 1, columna 7:
PL/SQL: Statement ignored
29/02/2020 11:46:13 p.m.: [Método: Void HandleErrorHelper(Int32, Oracle.DataAccess.Client.OracleConnection, IntPtr, Oracle.DataAccess.Client.OpoSqlValCtx*, System.Object, System.String, Boolean, Int32, Oracle.DataAccess.Client.OracleLogicalTransaction), Línea: 0] - ORA-06550: línea 1, columna 7:
PLS-00201: el identificador 'MRVMM.PKG_MRV_VARIABLES' se debe declarar
ORA-06550: línea 1, columna 7:
PL/SQL: Statement ignored
29/02/2020 11:46:13 p.m.: [Método: Void HandleError(Int32, Oracle.DataAccess.Client.OracleConnection, System.String, IntPtr, Oracle.DataAccess.Client.OpoSqlValCtx*, System.Object, Boolean, Oracle.DataAccess.Client.OracleLogicalTransaction), Línea: 0] - ORA-06550: línea 1, columna 7:
PLS-00201: el identificador 'MRVMM.PKG_MRV_VARIABLES' se debe declarar
ORA-06550: línea 1, columna 7:
PL/SQL: Statement ignored
29/02/2020 11:46:13 p.m.: [Método: Oracle.DataAccess.Client.OracleDataReader ExecuteReader(Boolean, Boolean, System.Data.CommandBehavior), Línea: 0] - ORA-06550: línea 1, columna 7:
PLS-00201: el identificador 'MRVMM.PKG_MRV_VARIABLES' se debe declarar
ORA-06550: línea 1, columna 7:
PL/SQL: Statement ignored
29/02/2020 11:46:13 p.m.: [Método: System.Data.Common.DbDataReader ExecuteDbDataReader(System.Data.CommandBehavior), Línea: 0] - ORA-06550: línea 1, columna 7:
PLS-00201: el identificador 'MRVMM.PKG_MRV_VARIABLES' se debe declarar
ORA-06550: línea 1, columna 7:
PL/SQL: Statement ignored
29/02/2020 11:46:13 p.m.: [Método: System.Data.IDataReader System.Data.IDbCommand.ExecuteReader(System.Data.CommandBehavior), Línea: 0] - ORA-06550: línea 1, columna 7:
PLS-00201: el identificador 'MRVMM.PKG_MRV_VARIABLES' se debe declarar
ORA-06550: línea 1, columna 7:
PL/SQL: Statement ignored
29/02/2020 11:46:13 p.m.: [Método: System.Data.IDataReader ExecuteReaderWithFlagsFallback(System.Data.IDbCommand, Boolean, System.Data.CommandBehavior), Línea: 0] - ORA-06550: línea 1, columna 7:
PLS-00201: el identificador 'MRVMM.PKG_MRV_VARIABLES' se debe declarar
ORA-06550: línea 1, columna 7:
PL/SQL: Statement ignored
29/02/2020 11:46:13 p.m.: [Método: Boolean MoveNext(), Línea: 0] - ORA-06550: línea 1, columna 7:
PLS-00201: el identificador 'MRVMM.PKG_MRV_VARIABLES' se debe declarar
ORA-06550: línea 1, columna 7:
PL/SQL: Statement ignored
29/02/2020 11:46:13 p.m.: [Método: Void .ctor(System.Collections.Generic.IEnumerable`1[T]), Línea: 0] - ORA-06550: línea 1, columna 7:
PLS-00201: el identificador 'MRVMM.PKG_MRV_VARIABLES' se debe declarar
ORA-06550: línea 1, columna 7:
PL/SQL: Statement ignored
29/02/2020 11:46:13 p.m.: [Método: System.Collections.Generic.List`1[TSource] ToList[TSource](System.Collections.Generic.IEnumerable`1[TSource]), Línea: 0] - ORA-06550: línea 1, columna 7:
PLS-00201: el identificador 'MRVMM.PKG_MRV_VARIABLES' se debe declarar
ORA-06550: línea 1, columna 7:
PL/SQL: Statement ignored
29/02/2020 11:46:13 p.m.: [Método: System.Collections.Generic.IEnumerable`1[T] Query[T](System.Data.IDbConnection, System.String, System.Object, System.Data.IDbTransaction, Boolean, System.Nullable`1[System.Int32], System.Nullable`1[System.Data.CommandType]), Línea: 0] - ORA-06550: línea 1, columna 7:
PLS-00201: el identificador 'MRVMM.PKG_MRV_VARIABLES' se debe declarar
ORA-06550: línea 1, columna 7:
PL/SQL: Statement ignored
29/02/2020 11:46:13 p.m.: [Método: System.Collections.Generic.List`1[entidad.minem.gob.pe.VariableBE] ListaVariables(entidad.minem.gob.pe.VariableBE), Línea: 31] - ORA-06550: línea 1, columna 7:
PLS-00201: el identificador 'MRVMM.PKG_MRV_VARIABLES' se debe declarar
ORA-06550: línea 1, columna 7:
PL/SQL: Statement ignored
29/02/2020 11:46:25 p.m.: [Método: Void HandleErrorHelper(Int32, Oracle.DataAccess.Client.OracleConnection, IntPtr, Oracle.DataAccess.Client.OpoSqlValCtx*, System.Object, System.String, Boolean, Int32, Oracle.DataAccess.Client.OracleLogicalTransaction), Línea: 0] - ORA-06550: línea 1, columna 7:
PLS-00201: el identificador 'MRVMM.PKG_MRV_VARIABLES' se debe declarar
ORA-06550: línea 1, columna 7:
PL/SQL: Statement ignored
29/02/2020 11:46:25 p.m.: [Método: Void HandleError(Int32, Oracle.DataAccess.Client.OracleConnection, System.String, IntPtr, Oracle.DataAccess.Client.OpoSqlValCtx*, System.Object, Boolean, Oracle.DataAccess.Client.OracleLogicalTransaction), Línea: 0] - ORA-06550: línea 1, columna 7:
PLS-00201: el identificador 'MRVMM.PKG_MRV_VARIABLES' se debe declarar
ORA-06550: línea 1, columna 7:
PL/SQL: Statement ignored
29/02/2020 11:46:25 p.m.: [Método: Oracle.DataAccess.Client.OracleDataReader ExecuteReader(Boolean, Boolean, System.Data.CommandBehavior), Línea: 0] - ORA-06550: línea 1, columna 7:
PLS-00201: el identificador 'MRVMM.PKG_MRV_VARIABLES' se debe declarar
ORA-06550: línea 1, columna 7:
PL/SQL: Statement ignored
29/02/2020 11:46:25 p.m.: [Método: System.Data.Common.DbDataReader ExecuteDbDataReader(System.Data.CommandBehavior), Línea: 0] - ORA-06550: línea 1, columna 7:
PLS-00201: el identificador 'MRVMM.PKG_MRV_VARIABLES' se debe declarar
ORA-06550: línea 1, columna 7:
PL/SQL: Statement ignored
29/02/2020 11:46:25 p.m.: [Método: System.Data.IDataReader System.Data.IDbCommand.ExecuteReader(System.Data.CommandBehavior), Línea: 0] - ORA-06550: línea 1, columna 7:
PLS-00201: el identificador 'MRVMM.PKG_MRV_VARIABLES' se debe declarar
ORA-06550: línea 1, columna 7:
PL/SQL: Statement ignored
29/02/2020 11:46:25 p.m.: [Método: System.Data.IDataReader ExecuteReaderWithFlagsFallback(System.Data.IDbCommand, Boolean, System.Data.CommandBehavior), Línea: 0] - ORA-06550: línea 1, columna 7:
PLS-00201: el identificador 'MRVMM.PKG_MRV_VARIABLES' se debe declarar
ORA-06550: línea 1, columna 7:
PL/SQL: Statement ignored
29/02/2020 11:46:25 p.m.: [Método: Boolean MoveNext(), Línea: 0] - ORA-06550: línea 1, columna 7:
PLS-00201: el identificador 'MRVMM.PKG_MRV_VARIABLES' se debe declarar
ORA-06550: línea 1, columna 7:
PL/SQL: Statement ignored
29/02/2020 11:46:25 p.m.: [Método: Void .ctor(System.Collections.Generic.IEnumerable`1[T]), Línea: 0] - ORA-06550: línea 1, columna 7:
PLS-00201: el identificador 'MRVMM.PKG_MRV_VARIABLES' se debe declarar
ORA-06550: línea 1, columna 7:
PL/SQL: Statement ignored
29/02/2020 11:46:25 p.m.: [Método: System.Collections.Generic.List`1[TSource] ToList[TSource](System.Collections.Generic.IEnumerable`1[TSource]), Línea: 0] - ORA-06550: línea 1, columna 7:
PLS-00201: el identificador 'MRVMM.PKG_MRV_VARIABLES' se debe declarar
ORA-06550: línea 1, columna 7:
PL/SQL: Statement ignored
29/02/2020 11:46:25 p.m.: [Método: System.Collections.Generic.IEnumerable`1[T] Query[T](System.Data.IDbConnection, System.String, System.Object, System.Data.IDbTransaction, Boolean, System.Nullable`1[System.Int32], System.Nullable`1[System.Data.CommandType]), Línea: 0] - ORA-06550: línea 1, columna 7:
PLS-00201: el identificador 'MRVMM.PKG_MRV_VARIABLES' se debe declarar
ORA-06550: línea 1, columna 7:
PL/SQL: Statement ignored
29/02/2020 11:46:25 p.m.: [Método: System.Collections.Generic.List`1[entidad.minem.gob.pe.VariableBE] ListaVariables(entidad.minem.gob.pe.VariableBE), Línea: 31] - ORA-06550: línea 1, columna 7:
PLS-00201: el identificador 'MRVMM.PKG_MRV_VARIABLES' se debe declarar
ORA-06550: línea 1, columna 7:
PL/SQL: Statement ignored
29/02/2020 11:47:39 p.m.: [Método: Void HandleErrorHelper(Int32, Oracle.DataAccess.Client.OracleConnection, IntPtr, Oracle.DataAccess.Client.OpoSqlValCtx*, System.Object, System.String, Boolean, Int32, Oracle.DataAccess.Client.OracleLogicalTransaction), Línea: 0] - ORA-00904: "UNDEFINED": identificador no válido
ORA-06512: en "MRVMM.PKG_MRV_MANTENIMIENTO", línea 2548
ORA-06512: en línea 1
29/02/2020 11:47:39 p.m.: [Método: Void HandleError(Int32, Oracle.DataAccess.Client.OracleConnection, System.String, IntPtr, Oracle.DataAccess.Client.OpoSqlValCtx*, System.Object, Boolean, Oracle.DataAccess.Client.OracleLogicalTransaction), Línea: 0] - ORA-00904: "UNDEFINED": identificador no válido
ORA-06512: en "MRVMM.PKG_MRV_MANTENIMIENTO", línea 2548
ORA-06512: en línea 1
29/02/2020 11:47:39 p.m.: [Método: Int32 ExecuteNonQuery(), Línea: 0] - ORA-00904: "UNDEFINED": identificador no válido
ORA-06512: en "MRVMM.PKG_MRV_MANTENIMIENTO", línea 2548
ORA-06512: en línea 1
29/02/2020 11:47:39 p.m.: [Método: Int32 ExecuteCommand(System.Data.IDbConnection, Dapper.CommandDefinition ByRef, System.Action`2[System.Data.IDbCommand,System.Object]), Línea: 0] - ORA-00904: "UNDEFINED": identificador no válido
ORA-06512: en "MRVMM.PKG_MRV_MANTENIMIENTO", línea 2548
ORA-06512: en línea 1
29/02/2020 11:47:39 p.m.: [Método: Int32 ExecuteImpl(System.Data.IDbConnection, Dapper.CommandDefinition ByRef), Línea: 0] - ORA-00904: "UNDEFINED": identificador no válido
ORA-06512: en "MRVMM.PKG_MRV_MANTENIMIENTO", línea 2548
ORA-06512: en línea 1
29/02/2020 11:47:39 p.m.: [Método: Int32 Execute(System.Data.IDbConnection, System.String, System.Object, System.Data.IDbTransaction, System.Nullable`1[System.Int32], System.Nullable`1[System.Data.CommandType]), Línea: 0] - ORA-00904: "UNDEFINED": identificador no válido
ORA-06512: en "MRVMM.PKG_MRV_MANTENIMIENTO", línea 2548
ORA-06512: en línea 1
29/02/2020 11:47:39 p.m.: [Método: entidad.minem.gob.pe.ParametroIndicadorBE EliminarMedidaMitigacionDetalle(entidad.minem.gob.pe.ParametroIndicadorBE), Línea: 112] - ORA-00904: "UNDEFINED": identificador no válido
ORA-06512: en "MRVMM.PKG_MRV_MANTENIMIENTO", línea 2548
ORA-06512: en línea 1
29/02/2020 11:47:45 p.m.: [Método: Void HandleErrorHelper(Int32, Oracle.DataAccess.Client.OracleConnection, IntPtr, Oracle.DataAccess.Client.OpoSqlValCtx*, System.Object, System.String, Boolean, Int32, Oracle.DataAccess.Client.OracleLogicalTransaction), Línea: 0] - ORA-06550: línea 1, columna 7:
PLS-00201: el identificador 'MRVMM.PKG_MRV_VARIABLES' se debe declarar
ORA-06550: línea 1, columna 7:
PL/SQL: Statement ignored
29/02/2020 11:47:45 p.m.: [Método: Void HandleError(Int32, Oracle.DataAccess.Client.OracleConnection, System.String, IntPtr, Oracle.DataAccess.Client.OpoSqlValCtx*, System.Object, Boolean, Oracle.DataAccess.Client.OracleLogicalTransaction), Línea: 0] - ORA-06550: línea 1, columna 7:
PLS-00201: el identificador 'MRVMM.PKG_MRV_VARIABLES' se debe declarar
ORA-06550: línea 1, columna 7:
PL/SQL: Statement ignored
29/02/2020 11:47:45 p.m.: [Método: Oracle.DataAccess.Client.OracleDataReader ExecuteReader(Boolean, Boolean, System.Data.CommandBehavior), Línea: 0] - ORA-06550: línea 1, columna 7:
PLS-00201: el identificador 'MRVMM.PKG_MRV_VARIABLES' se debe declarar
ORA-06550: línea 1, columna 7:
PL/SQL: Statement ignored
29/02/2020 11:47:45 p.m.: [Método: System.Data.Common.DbDataReader ExecuteDbDataReader(System.Data.CommandBehavior), Línea: 0] - ORA-06550: línea 1, columna 7:
PLS-00201: el identificador 'MRVMM.PKG_MRV_VARIABLES' se debe declarar
ORA-06550: línea 1, columna 7:
PL/SQL: Statement ignored
29/02/2020 11:47:45 p.m.: [Método: System.Data.IDataReader System.Data.IDbCommand.ExecuteReader(System.Data.CommandBehavior), Línea: 0] - ORA-06550: línea 1, columna 7:
PLS-00201: el identificador 'MRVMM.PKG_MRV_VARIABLES' se debe declarar
ORA-06550: línea 1, columna 7:
PL/SQL: Statement ignored
29/02/2020 11:47:45 p.m.: [Método: System.Data.IDataReader ExecuteReaderWithFlagsFallback(System.Data.IDbCommand, Boolean, System.Data.CommandBehavior), Línea: 0] - ORA-06550: línea 1, columna 7:
PLS-00201: el identificador 'MRVMM.PKG_MRV_VARIABLES' se debe declarar
ORA-06550: línea 1, columna 7:
PL/SQL: Statement ignored
29/02/2020 11:47:45 p.m.: [Método: Boolean MoveNext(), Línea: 0] - ORA-06550: línea 1, columna 7:
PLS-00201: el identificador 'MRVMM.PKG_MRV_VARIABLES' se debe declarar
ORA-06550: línea 1, columna 7:
PL/SQL: Statement ignored
29/02/2020 11:47:45 p.m.: [Método: Void .ctor(System.Collections.Generic.IEnumerable`1[T]), Línea: 0] - ORA-06550: línea 1, columna 7:
PLS-00201: el identificador 'MRVMM.PKG_MRV_VARIABLES' se debe declarar
ORA-06550: línea 1, columna 7:
PL/SQL: Statement ignored
29/02/2020 11:47:45 p.m.: [Método: System.Collections.Generic.List`1[TSource] ToList[TSource](System.Collections.Generic.IEnumerable`1[TSource]), Línea: 0] - ORA-06550: línea 1, columna 7:
PLS-00201: el identificador 'MRVMM.PKG_MRV_VARIABLES' se debe declarar
ORA-06550: línea 1, columna 7:
PL/SQL: Statement ignored
29/02/2020 11:47:45 p.m.: [Método: System.Collections.Generic.IEnumerable`1[T] Query[T](System.Data.IDbConnection, System.String, System.Object, System.Data.IDbTransaction, Boolean, System.Nullable`1[System.Int32], System.Nullable`1[System.Data.CommandType]), Línea: 0] - ORA-06550: línea 1, columna 7:
PLS-00201: el identificador 'MRVMM.PKG_MRV_VARIABLES' se debe declarar
ORA-06550: línea 1, columna 7:
PL/SQL: Statement ignored
29/02/2020 11:47:45 p.m.: [Método: System.Collections.Generic.List`1[entidad.minem.gob.pe.VariableBE] ListaVariables(entidad.minem.gob.pe.VariableBE), Línea: 31] - ORA-06550: línea 1, columna 7:
PLS-00201: el identificador 'MRVMM.PKG_MRV_VARIABLES' se debe declarar
ORA-06550: línea 1, columna 7:
PL/SQL: Statement ignored
29/02/2020 11:53:08 p.m.: [Método: Void HandleErrorHelper(Int32, Oracle.DataAccess.Client.OracleConnection, IntPtr, Oracle.DataAccess.Client.OpoSqlValCtx*, System.Object, System.String, Boolean, Int32, Oracle.DataAccess.Client.OracleLogicalTransaction), Línea: 0] - ORA-06550: línea 1, columna 7:
PLS-00201: el identificador 'MRVMM.PKG_MRV_VARIABLES' se debe declarar
ORA-06550: línea 1, columna 7:
PL/SQL: Statement ignored
29/02/2020 11:53:08 p.m.: [Método: Void HandleError(Int32, Oracle.DataAccess.Client.OracleConnection, System.String, IntPtr, Oracle.DataAccess.Client.OpoSqlValCtx*, System.Object, Boolean, Oracle.DataAccess.Client.OracleLogicalTransaction), Línea: 0] - ORA-06550: línea 1, columna 7:
PLS-00201: el identificador 'MRVMM.PKG_MRV_VARIABLES' se debe declarar
ORA-06550: línea 1, columna 7:
PL/SQL: Statement ignored
29/02/2020 11:53:08 p.m.: [Método: Oracle.DataAccess.Client.OracleDataReader ExecuteReader(Boolean, Boolean, System.Data.CommandBehavior), Línea: 0] - ORA-06550: línea 1, columna 7:
PLS-00201: el identificador 'MRVMM.PKG_MRV_VARIABLES' se debe declarar
ORA-06550: línea 1, columna 7:
PL/SQL: Statement ignored
29/02/2020 11:53:08 p.m.: [Método: System.Data.Common.DbDataReader ExecuteDbDataReader(System.Data.CommandBehavior), Línea: 0] - ORA-06550: línea 1, columna 7:
PLS-00201: el identificador 'MRVMM.PKG_MRV_VARIABLES' se debe declarar
ORA-06550: línea 1, columna 7:
PL/SQL: Statement ignored
29/02/2020 11:53:08 p.m.: [Método: System.Data.IDataReader System.Data.IDbCommand.ExecuteReader(System.Data.CommandBehavior), Línea: 0] - ORA-06550: línea 1, columna 7:
PLS-00201: el identificador 'MRVMM.PKG_MRV_VARIABLES' se debe declarar
ORA-06550: línea 1, columna 7:
PL/SQL: Statement ignored
29/02/2020 11:53:08 p.m.: [Método: System.Data.IDataReader ExecuteReaderWithFlagsFallback(System.Data.IDbCommand, Boolean, System.Data.CommandBehavior), Línea: 0] - ORA-06550: línea 1, columna 7:
PLS-00201: el identificador 'MRVMM.PKG_MRV_VARIABLES' se debe declarar
ORA-06550: línea 1, columna 7:
PL/SQL: Statement ignored
29/02/2020 11:53:08 p.m.: [Método: Boolean MoveNext(), Línea: 0] - ORA-06550: línea 1, columna 7:
PLS-00201: el identificador 'MRVMM.PKG_MRV_VARIABLES' se debe declarar
ORA-06550: línea 1, columna 7:
PL/SQL: Statement ignored
29/02/2020 11:53:08 p.m.: [Método: Void .ctor(System.Collections.Generic.IEnumerable`1[T]), Línea: 0] - ORA-06550: línea 1, columna 7:
PLS-00201: el identificador 'MRVMM.PKG_MRV_VARIABLES' se debe declarar
ORA-06550: línea 1, columna 7:
PL/SQL: Statement ignored
29/02/2020 11:53:08 p.m.: [Método: System.Collections.Generic.List`1[TSource] ToList[TSource](System.Collections.Generic.IEnumerable`1[TSource]), Línea: 0] - ORA-06550: línea 1, columna 7:
PLS-00201: el identificador 'MRVMM.PKG_MRV_VARIABLES' se debe declarar
ORA-06550: línea 1, columna 7:
PL/SQL: Statement ignored
29/02/2020 11:53:08 p.m.: [Método: System.Collections.Generic.IEnumerable`1[T] Query[T](System.Data.IDbConnection, System.String, System.Object, System.Data.IDbTransaction, Boolean, System.Nullable`1[System.Int32], System.Nullable`1[System.Data.CommandType]), Línea: 0] - ORA-06550: línea 1, columna 7:
PLS-00201: el identificador 'MRVMM.PKG_MRV_VARIABLES' se debe declarar
ORA-06550: línea 1, columna 7:
PL/SQL: Statement ignored
29/02/2020 11:53:08 p.m.: [Método: System.Collections.Generic.List`1[entidad.minem.gob.pe.VariableBE] ListaVariables(entidad.minem.gob.pe.VariableBE), Línea: 31] - ORA-06550: línea 1, columna 7:
PLS-00201: el identificador 'MRVMM.PKG_MRV_VARIABLES' se debe declarar
ORA-06550: línea 1, columna 7:
PL/SQL: Statement ignored
