15/05/2020 00:04:16: [Método: System.Object ExtractParameterFromDictionary(System.Reflection.ParameterInfo, System.Collections.Generic.IDictionary`2[System.String,System.Object], System.Reflection.MethodInfo), Línea: 0] - El diccionario de parámetros contiene una entrada NULL para el parámetro 'id' del tipo que no acepta valores NULL 'System.Int32' del método 'System.Web.Mvc.ActionResult VerificarIniciativaDetalle(Int32, Int32)' en 'MRVMinem.Controllers.GestionController'. Un parámetro opcional debe ser un tipo de referencia, un tipo que acepte valores NULL o debe declararse como parámetro opcional.
Nombre del parámetro: parameters
15/05/2020 00:04:16: [Método: System.Object Execute(System.Web.Mvc.ControllerContext, System.Collections.Generic.IDictionary`2[System.String,System.Object]), Línea: 0] - El diccionario de parámetros contiene una entrada NULL para el parámetro 'id' del tipo que no acepta valores NULL 'System.Int32' del método 'System.Web.Mvc.ActionResult VerificarIniciativaDetalle(Int32, Int32)' en 'MRVMinem.Controllers.GestionController'. Un parámetro opcional debe ser un tipo de referencia, un tipo que acepte valores NULL o debe declararse como parámetro opcional.
Nombre del parámetro: parameters
15/05/2020 00:04:16: [Método: System.Web.Mvc.ActionResult InvokeActionMethod(System.Web.Mvc.ControllerContext, System.Web.Mvc.ActionDescriptor, System.Collections.Generic.IDictionary`2[System.String,System.Object]), Línea: 0] - El diccionario de parámetros contiene una entrada NULL para el parámetro 'id' del tipo que no acepta valores NULL 'System.Int32' del método 'System.Web.Mvc.ActionResult VerificarIniciativaDetalle(Int32, Int32)' en 'MRVMinem.Controllers.GestionController'. Un parámetro opcional debe ser un tipo de referencia, un tipo que acepte valores NULL o debe declararse como parámetro opcional.
Nombre del parámetro: parameters
15/05/2020 00:04:16: [Método: System.Web.Mvc.ActionResult <BeginInvokeSynchronousActionMethod>b__39(System.IAsyncResult, ActionInvocation), Línea: 0] - El diccionario de parámetros contiene una entrada NULL para el parámetro 'id' del tipo que no acepta valores NULL 'System.Int32' del método 'System.Web.Mvc.ActionResult VerificarIniciativaDetalle(Int32, Int32)' en 'MRVMinem.Controllers.GestionController'. Un parámetro opcional debe ser un tipo de referencia, un tipo que acepte valores NULL o debe declararse como parámetro opcional.
Nombre del parámetro: parameters
15/05/2020 00:04:16: [Método: TResult CallEndDelegate(System.IAsyncResult), Línea: 0] - El diccionario de parámetros contiene una entrada NULL para el parámetro 'id' del tipo que no acepta valores NULL 'System.Int32' del método 'System.Web.Mvc.ActionResult VerificarIniciativaDetalle(Int32, Int32)' en 'MRVMinem.Controllers.GestionController'. Un parámetro opcional debe ser un tipo de referencia, un tipo que acepte valores NULL o debe declararse como parámetro opcional.
Nombre del parámetro: parameters
15/05/2020 00:04:16: [Método: TResult End(), Línea: 0] - El diccionario de parámetros contiene una entrada NULL para el parámetro 'id' del tipo que no acepta valores NULL 'System.Int32' del método 'System.Web.Mvc.ActionResult VerificarIniciativaDetalle(Int32, Int32)' en 'MRVMinem.Controllers.GestionController'. Un parámetro opcional debe ser un tipo de referencia, un tipo que acepte valores NULL o debe declararse como parámetro opcional.
Nombre del parámetro: parameters
15/05/2020 00:04:16: [Método: System.Web.Mvc.ActionResult EndInvokeActionMethod(System.IAsyncResult), Línea: 0] - El diccionario de parámetros contiene una entrada NULL para el parámetro 'id' del tipo que no acepta valores NULL 'System.Int32' del método 'System.Web.Mvc.ActionResult VerificarIniciativaDetalle(Int32, Int32)' en 'MRVMinem.Controllers.GestionController'. Un parámetro opcional debe ser un tipo de referencia, un tipo que acepte valores NULL o debe declararse como parámetro opcional.
Nombre del parámetro: parameters
15/05/2020 00:04:16: [Método: System.Web.Mvc.ActionExecutedContext <InvokeActionMethodFilterAsynchronouslyRecursive>b__3d(), Línea: 0] - El diccionario de parámetros contiene una entrada NULL para el parámetro 'id' del tipo que no acepta valores NULL 'System.Int32' del método 'System.Web.Mvc.ActionResult VerificarIniciativaDetalle(Int32, Int32)' en 'MRVMinem.Controllers.GestionController'. Un parámetro opcional debe ser un tipo de referencia, un tipo que acepte valores NULL o debe declararse como parámetro opcional.
Nombre del parámetro: parameters
15/05/2020 00:04:16: [Método: System.Web.Mvc.ActionExecutedContext <InvokeActionMethodFilterAsynchronouslyRecursive>b__3f(), Línea: 0] - El diccionario de parámetros contiene una entrada NULL para el parámetro 'id' del tipo que no acepta valores NULL 'System.Int32' del método 'System.Web.Mvc.ActionResult VerificarIniciativaDetalle(Int32, Int32)' en 'MRVMinem.Controllers.GestionController'. Un parámetro opcional debe ser un tipo de referencia, un tipo que acepte valores NULL o debe declararse como parámetro opcional.
Nombre del parámetro: parameters
15/05/2020 00:04:16: [Método: System.Web.Mvc.ActionExecutedContext <InvokeActionMethodFilterAsynchronouslyRecursive>b__3f(), Línea: 0] - El diccionario de parámetros contiene una entrada NULL para el parámetro 'id' del tipo que no acepta valores NULL 'System.Int32' del método 'System.Web.Mvc.ActionResult VerificarIniciativaDetalle(Int32, Int32)' en 'MRVMinem.Controllers.GestionController'. Un parámetro opcional debe ser un tipo de referencia, un tipo que acepte valores NULL o debe declararse como parámetro opcional.
Nombre del parámetro: parameters
15/05/2020 00:04:16: [Método: System.Web.Mvc.ActionExecutedContext <BeginInvokeActionMethodWithFilters>b__32(System.IAsyncResult), Línea: 0] - El diccionario de parámetros contiene una entrada NULL para el parámetro 'id' del tipo que no acepta valores NULL 'System.Int32' del método 'System.Web.Mvc.ActionResult VerificarIniciativaDetalle(Int32, Int32)' en 'MRVMinem.Controllers.GestionController'. Un parámetro opcional debe ser un tipo de referencia, un tipo que acepte valores NULL o debe declararse como parámetro opcional.
Nombre del parámetro: parameters
15/05/2020 00:04:16: [Método: TResult CallEndDelegate(System.IAsyncResult), Línea: 0] - El diccionario de parámetros contiene una entrada NULL para el parámetro 'id' del tipo que no acepta valores NULL 'System.Int32' del método 'System.Web.Mvc.ActionResult VerificarIniciativaDetalle(Int32, Int32)' en 'MRVMinem.Controllers.GestionController'. Un parámetro opcional debe ser un tipo de referencia, un tipo que acepte valores NULL o debe declararse como parámetro opcional.
Nombre del parámetro: parameters
15/05/2020 00:04:16: [Método: TResult End(), Línea: 0] - El diccionario de parámetros contiene una entrada NULL para el parámetro 'id' del tipo que no acepta valores NULL 'System.Int32' del método 'System.Web.Mvc.ActionResult VerificarIniciativaDetalle(Int32, Int32)' en 'MRVMinem.Controllers.GestionController'. Un parámetro opcional debe ser un tipo de referencia, un tipo que acepte valores NULL o debe declararse como parámetro opcional.
Nombre del parámetro: parameters
15/05/2020 00:04:16: [Método: System.Web.Mvc.ActionExecutedContext EndInvokeActionMethodWithFilters(System.IAsyncResult), Línea: 0] - El diccionario de parámetros contiene una entrada NULL para el parámetro 'id' del tipo que no acepta valores NULL 'System.Int32' del método 'System.Web.Mvc.ActionResult VerificarIniciativaDetalle(Int32, Int32)' en 'MRVMinem.Controllers.GestionController'. Un parámetro opcional debe ser un tipo de referencia, un tipo que acepte valores NULL o debe declararse como parámetro opcional.
Nombre del parámetro: parameters
15/05/2020 00:04:16: [Método: Void <BeginInvokeAction>b__1c(), Línea: 0] - El diccionario de parámetros contiene una entrada NULL para el parámetro 'id' del tipo que no acepta valores NULL 'System.Int32' del método 'System.Web.Mvc.ActionResult VerificarIniciativaDetalle(Int32, Int32)' en 'MRVMinem.Controllers.GestionController'. Un parámetro opcional debe ser un tipo de referencia, un tipo que acepte valores NULL o debe declararse como parámetro opcional.
Nombre del parámetro: parameters
15/05/2020 00:04:16: [Método: Boolean <BeginInvokeAction>b__1e(System.IAsyncResult), Línea: 0] - El diccionario de parámetros contiene una entrada NULL para el parámetro 'id' del tipo que no acepta valores NULL 'System.Int32' del método 'System.Web.Mvc.ActionResult VerificarIniciativaDetalle(Int32, Int32)' en 'MRVMinem.Controllers.GestionController'. Un parámetro opcional debe ser un tipo de referencia, un tipo que acepte valores NULL o debe declararse como parámetro opcional.
Nombre del parámetro: parameters
15/05/2020 00:04:16: [Método: TResult CallEndDelegate(System.IAsyncResult), Línea: 0] - El diccionario de parámetros contiene una entrada NULL para el parámetro 'id' del tipo que no acepta valores NULL 'System.Int32' del método 'System.Web.Mvc.ActionResult VerificarIniciativaDetalle(Int32, Int32)' en 'MRVMinem.Controllers.GestionController'. Un parámetro opcional debe ser un tipo de referencia, un tipo que acepte valores NULL o debe declararse como parámetro opcional.
Nombre del parámetro: parameters
15/05/2020 00:04:16: [Método: TResult End(), Línea: 0] - El diccionario de parámetros contiene una entrada NULL para el parámetro 'id' del tipo que no acepta valores NULL 'System.Int32' del método 'System.Web.Mvc.ActionResult VerificarIniciativaDetalle(Int32, Int32)' en 'MRVMinem.Controllers.GestionController'. Un parámetro opcional debe ser un tipo de referencia, un tipo que acepte valores NULL o debe declararse como parámetro opcional.
Nombre del parámetro: parameters
15/05/2020 00:04:16: [Método: Boolean EndInvokeAction(System.IAsyncResult), Línea: 0] - El diccionario de parámetros contiene una entrada NULL para el parámetro 'id' del tipo que no acepta valores NULL 'System.Int32' del método 'System.Web.Mvc.ActionResult VerificarIniciativaDetalle(Int32, Int32)' en 'MRVMinem.Controllers.GestionController'. Un parámetro opcional debe ser un tipo de referencia, un tipo que acepte valores NULL o debe declararse como parámetro opcional.
Nombre del parámetro: parameters
15/05/2020 00:04:16: [Método: Void <BeginExecuteCore>b__1d(System.IAsyncResult, ExecuteCoreState), Línea: 0] - El diccionario de parámetros contiene una entrada NULL para el parámetro 'id' del tipo que no acepta valores NULL 'System.Int32' del método 'System.Web.Mvc.ActionResult VerificarIniciativaDetalle(Int32, Int32)' en 'MRVMinem.Controllers.GestionController'. Un parámetro opcional debe ser un tipo de referencia, un tipo que acepte valores NULL o debe declararse como parámetro opcional.
Nombre del parámetro: parameters
15/05/2020 00:04:16: [Método: System.Web.Mvc.Async.AsyncVoid CallEndDelegate(System.IAsyncResult), Línea: 0] - El diccionario de parámetros contiene una entrada NULL para el parámetro 'id' del tipo que no acepta valores NULL 'System.Int32' del método 'System.Web.Mvc.ActionResult VerificarIniciativaDetalle(Int32, Int32)' en 'MRVMinem.Controllers.GestionController'. Un parámetro opcional debe ser un tipo de referencia, un tipo que acepte valores NULL o debe declararse como parámetro opcional.
Nombre del parámetro: parameters
15/05/2020 00:04:16: [Método: TResult End(), Línea: 0] - El diccionario de parámetros contiene una entrada NULL para el parámetro 'id' del tipo que no acepta valores NULL 'System.Int32' del método 'System.Web.Mvc.ActionResult VerificarIniciativaDetalle(Int32, Int32)' en 'MRVMinem.Controllers.GestionController'. Un parámetro opcional debe ser un tipo de referencia, un tipo que acepte valores NULL o debe declararse como parámetro opcional.
Nombre del parámetro: parameters
15/05/2020 00:04:16: [Método: Void EndExecuteCore(System.IAsyncResult), Línea: 0] - El diccionario de parámetros contiene una entrada NULL para el parámetro 'id' del tipo que no acepta valores NULL 'System.Int32' del método 'System.Web.Mvc.ActionResult VerificarIniciativaDetalle(Int32, Int32)' en 'MRVMinem.Controllers.GestionController'. Un parámetro opcional debe ser un tipo de referencia, un tipo que acepte valores NULL o debe declararse como parámetro opcional.
Nombre del parámetro: parameters
15/05/2020 00:04:16: [Método: Void <BeginExecute>b__15(System.IAsyncResult, System.Web.Mvc.Controller), Línea: 0] - El diccionario de parámetros contiene una entrada NULL para el parámetro 'id' del tipo que no acepta valores NULL 'System.Int32' del método 'System.Web.Mvc.ActionResult VerificarIniciativaDetalle(Int32, Int32)' en 'MRVMinem.Controllers.GestionController'. Un parámetro opcional debe ser un tipo de referencia, un tipo que acepte valores NULL o debe declararse como parámetro opcional.
Nombre del parámetro: parameters
15/05/2020 00:04:16: [Método: System.Web.Mvc.Async.AsyncVoid CallEndDelegate(System.IAsyncResult), Línea: 0] - El diccionario de parámetros contiene una entrada NULL para el parámetro 'id' del tipo que no acepta valores NULL 'System.Int32' del método 'System.Web.Mvc.ActionResult VerificarIniciativaDetalle(Int32, Int32)' en 'MRVMinem.Controllers.GestionController'. Un parámetro opcional debe ser un tipo de referencia, un tipo que acepte valores NULL o debe declararse como parámetro opcional.
Nombre del parámetro: parameters
15/05/2020 00:04:16: [Método: TResult End(), Línea: 0] - El diccionario de parámetros contiene una entrada NULL para el parámetro 'id' del tipo que no acepta valores NULL 'System.Int32' del método 'System.Web.Mvc.ActionResult VerificarIniciativaDetalle(Int32, Int32)' en 'MRVMinem.Controllers.GestionController'. Un parámetro opcional debe ser un tipo de referencia, un tipo que acepte valores NULL o debe declararse como parámetro opcional.
Nombre del parámetro: parameters
15/05/2020 00:04:16: [Método: Void EndExecute(System.IAsyncResult), Línea: 0] - El diccionario de parámetros contiene una entrada NULL para el parámetro 'id' del tipo que no acepta valores NULL 'System.Int32' del método 'System.Web.Mvc.ActionResult VerificarIniciativaDetalle(Int32, Int32)' en 'MRVMinem.Controllers.GestionController'. Un parámetro opcional debe ser un tipo de referencia, un tipo que acepte valores NULL o debe declararse como parámetro opcional.
Nombre del parámetro: parameters
15/05/2020 00:04:16: [Método: Void System.Web.Mvc.Async.IAsyncController.EndExecute(System.IAsyncResult), Línea: 0] - El diccionario de parámetros contiene una entrada NULL para el parámetro 'id' del tipo que no acepta valores NULL 'System.Int32' del método 'System.Web.Mvc.ActionResult VerificarIniciativaDetalle(Int32, Int32)' en 'MRVMinem.Controllers.GestionController'. Un parámetro opcional debe ser un tipo de referencia, un tipo que acepte valores NULL o debe declararse como parámetro opcional.
Nombre del parámetro: parameters
15/05/2020 00:04:16: [Método: Void <BeginProcessRequest>b__5(System.IAsyncResult, ProcessRequestState), Línea: 0] - El diccionario de parámetros contiene una entrada NULL para el parámetro 'id' del tipo que no acepta valores NULL 'System.Int32' del método 'System.Web.Mvc.ActionResult VerificarIniciativaDetalle(Int32, Int32)' en 'MRVMinem.Controllers.GestionController'. Un parámetro opcional debe ser un tipo de referencia, un tipo que acepte valores NULL o debe declararse como parámetro opcional.
Nombre del parámetro: parameters
15/05/2020 00:04:16: [Método: System.Web.Mvc.Async.AsyncVoid CallEndDelegate(System.IAsyncResult), Línea: 0] - El diccionario de parámetros contiene una entrada NULL para el parámetro 'id' del tipo que no acepta valores NULL 'System.Int32' del método 'System.Web.Mvc.ActionResult VerificarIniciativaDetalle(Int32, Int32)' en 'MRVMinem.Controllers.GestionController'. Un parámetro opcional debe ser un tipo de referencia, un tipo que acepte valores NULL o debe declararse como parámetro opcional.
Nombre del parámetro: parameters
15/05/2020 00:04:16: [Método: TResult End(), Línea: 0] - El diccionario de parámetros contiene una entrada NULL para el parámetro 'id' del tipo que no acepta valores NULL 'System.Int32' del método 'System.Web.Mvc.ActionResult VerificarIniciativaDetalle(Int32, Int32)' en 'MRVMinem.Controllers.GestionController'. Un parámetro opcional debe ser un tipo de referencia, un tipo que acepte valores NULL o debe declararse como parámetro opcional.
Nombre del parámetro: parameters
15/05/2020 00:04:16: [Método: Void EndProcessRequest(System.IAsyncResult), Línea: 0] - El diccionario de parámetros contiene una entrada NULL para el parámetro 'id' del tipo que no acepta valores NULL 'System.Int32' del método 'System.Web.Mvc.ActionResult VerificarIniciativaDetalle(Int32, Int32)' en 'MRVMinem.Controllers.GestionController'. Un parámetro opcional debe ser un tipo de referencia, un tipo que acepte valores NULL o debe declararse como parámetro opcional.
Nombre del parámetro: parameters
15/05/2020 00:04:16: [Método: Void System.Web.IHttpAsyncHandler.EndProcessRequest(System.IAsyncResult), Línea: 0] - El diccionario de parámetros contiene una entrada NULL para el parámetro 'id' del tipo que no acepta valores NULL 'System.Int32' del método 'System.Web.Mvc.ActionResult VerificarIniciativaDetalle(Int32, Int32)' en 'MRVMinem.Controllers.GestionController'. Un parámetro opcional debe ser un tipo de referencia, un tipo que acepte valores NULL o debe declararse como parámetro opcional.
Nombre del parámetro: parameters
15/05/2020 00:04:16: [Método: Void System.Web.HttpApplication.IExecutionStep.Execute(), Línea: 0] - El diccionario de parámetros contiene una entrada NULL para el parámetro 'id' del tipo que no acepta valores NULL 'System.Int32' del método 'System.Web.Mvc.ActionResult VerificarIniciativaDetalle(Int32, Int32)' en 'MRVMinem.Controllers.GestionController'. Un parámetro opcional debe ser un tipo de referencia, un tipo que acepte valores NULL o debe declararse como parámetro opcional.
Nombre del parámetro: parameters
15/05/2020 00:04:16: [Método: Void ExecuteStepImpl(IExecutionStep), Línea: 0] - El diccionario de parámetros contiene una entrada NULL para el parámetro 'id' del tipo que no acepta valores NULL 'System.Int32' del método 'System.Web.Mvc.ActionResult VerificarIniciativaDetalle(Int32, Int32)' en 'MRVMinem.Controllers.GestionController'. Un parámetro opcional debe ser un tipo de referencia, un tipo que acepte valores NULL o debe declararse como parámetro opcional.
Nombre del parámetro: parameters
15/05/2020 00:04:16: [Método: System.Exception ExecuteStep(IExecutionStep, Boolean ByRef), Línea: 0] - El diccionario de parámetros contiene una entrada NULL para el parámetro 'id' del tipo que no acepta valores NULL 'System.Int32' del método 'System.Web.Mvc.ActionResult VerificarIniciativaDetalle(Int32, Int32)' en 'MRVMinem.Controllers.GestionController'. Un parámetro opcional debe ser un tipo de referencia, un tipo que acepte valores NULL o debe declararse como parámetro opcional.
Nombre del parámetro: parameters
15/05/2020 00:05:23: [Método: Void HandleErrorHelper(Int32, Oracle.DataAccess.Client.OracleConnection, IntPtr, Oracle.DataAccess.Client.OpoSqlValCtx*, System.Object, System.String, Boolean, Int32, Oracle.DataAccess.Client.OracleLogicalTransaction), Línea: 0] - ORA-01403: No se ha encontrado ningún dato
ORA-06512: en "MRVMM.PKG_MRV_REPORTES", línea 1183
ORA-06512: en línea 1
15/05/2020 00:05:23: [Método: Void HandleError(Int32, Oracle.DataAccess.Client.OracleConnection, System.String, IntPtr, Oracle.DataAccess.Client.OpoSqlValCtx*, System.Object, Boolean, Oracle.DataAccess.Client.OracleLogicalTransaction), Línea: 0] - ORA-01403: No se ha encontrado ningún dato
ORA-06512: en "MRVMM.PKG_MRV_REPORTES", línea 1183
ORA-06512: en línea 1
15/05/2020 00:05:23: [Método: Oracle.DataAccess.Client.OracleDataReader ExecuteReader(Boolean, Boolean, System.Data.CommandBehavior), Línea: 0] - ORA-01403: No se ha encontrado ningún dato
ORA-06512: en "MRVMM.PKG_MRV_REPORTES", línea 1183
ORA-06512: en línea 1
15/05/2020 00:05:23: [Método: System.Data.Common.DbDataReader ExecuteDbDataReader(System.Data.CommandBehavior), Línea: 0] - ORA-01403: No se ha encontrado ningún dato
ORA-06512: en "MRVMM.PKG_MRV_REPORTES", línea 1183
ORA-06512: en línea 1
15/05/2020 00:05:23: [Método: System.Data.IDataReader System.Data.IDbCommand.ExecuteReader(System.Data.CommandBehavior), Línea: 0] - ORA-01403: No se ha encontrado ningún dato
ORA-06512: en "MRVMM.PKG_MRV_REPORTES", línea 1183
ORA-06512: en línea 1
15/05/2020 00:05:23: [Método: System.Data.IDataReader ExecuteReaderWithFlagsFallback(System.Data.IDbCommand, Boolean, System.Data.CommandBehavior), Línea: 0] - ORA-01403: No se ha encontrado ningún dato
ORA-06512: en "MRVMM.PKG_MRV_REPORTES", línea 1183
ORA-06512: en línea 1
15/05/2020 00:05:23: [Método: Boolean MoveNext(), Línea: 0] - ORA-01403: No se ha encontrado ningún dato
ORA-06512: en "MRVMM.PKG_MRV_REPORTES", línea 1183
ORA-06512: en línea 1
15/05/2020 00:05:23: [Método: Void .ctor(System.Collections.Generic.IEnumerable`1[T]), Línea: 0] - ORA-01403: No se ha encontrado ningún dato
ORA-06512: en "MRVMM.PKG_MRV_REPORTES", línea 1183
ORA-06512: en línea 1
15/05/2020 00:05:23: [Método: System.Collections.Generic.List`1[TSource] ToList[TSource](System.Collections.Generic.IEnumerable`1[TSource]), Línea: 0] - ORA-01403: No se ha encontrado ningún dato
ORA-06512: en "MRVMM.PKG_MRV_REPORTES", línea 1183
ORA-06512: en línea 1
15/05/2020 00:05:23: [Método: System.Collections.Generic.IEnumerable`1[T] Query[T](System.Data.IDbConnection, System.String, System.Object, System.Data.IDbTransaction, Boolean, System.Nullable`1[System.Int32], System.Nullable`1[System.Data.CommandType]), Línea: 0] - ORA-01403: No se ha encontrado ningún dato
ORA-06512: en "MRVMM.PKG_MRV_REPORTES", línea 1183
ORA-06512: en línea 1
15/05/2020 00:05:23: [Método: System.Collections.Generic.List`1[entidad.minem.gob.pe.AcumuladoBE] MostrarAcumulado(entidad.minem.gob.pe.IniciativaBE), Línea: 2547] - ORA-01403: No se ha encontrado ningún dato
ORA-06512: en "MRVMM.PKG_MRV_REPORTES", línea 1183
ORA-06512: en línea 1
15/05/2020 00:05:41: [Método: Void HandleErrorHelper(Int32, Oracle.DataAccess.Client.OracleConnection, IntPtr, Oracle.DataAccess.Client.OpoSqlValCtx*, System.Object, System.String, Boolean, Int32, Oracle.DataAccess.Client.OracleLogicalTransaction), Línea: 0] - ORA-01403: No se ha encontrado ningún dato
ORA-06512: en "MRVMM.PKG_MRV_REPORTES", línea 1183
ORA-06512: en línea 1
15/05/2020 00:05:41: [Método: Void HandleError(Int32, Oracle.DataAccess.Client.OracleConnection, System.String, IntPtr, Oracle.DataAccess.Client.OpoSqlValCtx*, System.Object, Boolean, Oracle.DataAccess.Client.OracleLogicalTransaction), Línea: 0] - ORA-01403: No se ha encontrado ningún dato
ORA-06512: en "MRVMM.PKG_MRV_REPORTES", línea 1183
ORA-06512: en línea 1
15/05/2020 00:05:41: [Método: Oracle.DataAccess.Client.OracleDataReader ExecuteReader(Boolean, Boolean, System.Data.CommandBehavior), Línea: 0] - ORA-01403: No se ha encontrado ningún dato
ORA-06512: en "MRVMM.PKG_MRV_REPORTES", línea 1183
ORA-06512: en línea 1
15/05/2020 00:05:41: [Método: System.Data.Common.DbDataReader ExecuteDbDataReader(System.Data.CommandBehavior), Línea: 0] - ORA-01403: No se ha encontrado ningún dato
ORA-06512: en "MRVMM.PKG_MRV_REPORTES", línea 1183
ORA-06512: en línea 1
15/05/2020 00:05:41: [Método: System.Data.IDataReader System.Data.IDbCommand.ExecuteReader(System.Data.CommandBehavior), Línea: 0] - ORA-01403: No se ha encontrado ningún dato
ORA-06512: en "MRVMM.PKG_MRV_REPORTES", línea 1183
ORA-06512: en línea 1
15/05/2020 00:05:41: [Método: System.Data.IDataReader ExecuteReaderWithFlagsFallback(System.Data.IDbCommand, Boolean, System.Data.CommandBehavior), Línea: 0] - ORA-01403: No se ha encontrado ningún dato
ORA-06512: en "MRVMM.PKG_MRV_REPORTES", línea 1183
ORA-06512: en línea 1
15/05/2020 00:05:41: [Método: Boolean MoveNext(), Línea: 0] - ORA-01403: No se ha encontrado ningún dato
ORA-06512: en "MRVMM.PKG_MRV_REPORTES", línea 1183
ORA-06512: en línea 1
15/05/2020 00:05:41: [Método: Void .ctor(System.Collections.Generic.IEnumerable`1[T]), Línea: 0] - ORA-01403: No se ha encontrado ningún dato
ORA-06512: en "MRVMM.PKG_MRV_REPORTES", línea 1183
ORA-06512: en línea 1
15/05/2020 00:05:41: [Método: System.Collections.Generic.List`1[TSource] ToList[TSource](System.Collections.Generic.IEnumerable`1[TSource]), Línea: 0] - ORA-01403: No se ha encontrado ningún dato
ORA-06512: en "MRVMM.PKG_MRV_REPORTES", línea 1183
ORA-06512: en línea 1
15/05/2020 00:05:41: [Método: System.Collections.Generic.IEnumerable`1[T] Query[T](System.Data.IDbConnection, System.String, System.Object, System.Data.IDbTransaction, Boolean, System.Nullable`1[System.Int32], System.Nullable`1[System.Data.CommandType]), Línea: 0] - ORA-01403: No se ha encontrado ningún dato
ORA-06512: en "MRVMM.PKG_MRV_REPORTES", línea 1183
ORA-06512: en línea 1
15/05/2020 00:05:41: [Método: System.Collections.Generic.List`1[entidad.minem.gob.pe.AcumuladoBE] MostrarAcumulado(entidad.minem.gob.pe.IniciativaBE), Línea: 2547] - ORA-01403: No se ha encontrado ningún dato
ORA-06512: en "MRVMM.PKG_MRV_REPORTES", línea 1183
ORA-06512: en línea 1
15/05/2020 00:12:28: [Método: Void ThrowArgumentException(System.ExceptionResource), Línea: 0] - Ya se agregó un elemento con la misma clave.
15/05/2020 00:12:28: [Método: Void Insert(TKey, TValue, Boolean), Línea: 0] - Ya se agregó un elemento con la misma clave.
15/05/2020 00:12:28: [Método: System.Collections.Generic.Dictionary`2[TKey,TValue] ToDictionaryFast[TKey,TValue](TValue[], System.Func`2[TValue,TKey], System.Collections.Generic.IEqualityComparer`1[TKey]), Línea: 0] - Ya se agregó un elemento con la misma clave.
15/05/2020 00:12:28: [Método: System.Collections.Generic.IDictionary`2[System.String,System.Web.Mvc.ModelMetadata] get_PropertyMetadata(), Línea: 0] - Ya se agregó un elemento con la misma clave.
15/05/2020 00:12:28: [Método: Void BindProperty(System.Web.Mvc.ControllerContext, System.Web.Mvc.ModelBindingContext, System.ComponentModel.PropertyDescriptor), Línea: 0] - Ya se agregó un elemento con la misma clave.
15/05/2020 00:12:28: [Método: Void BindProperties(System.Web.Mvc.ControllerContext, System.Web.Mvc.ModelBindingContext), Línea: 0] - Ya se agregó un elemento con la misma clave.
15/05/2020 00:12:28: [Método: Void BindComplexElementalModel(System.Web.Mvc.ControllerContext, System.Web.Mvc.ModelBindingContext, System.Object), Línea: 0] - Ya se agregó un elemento con la misma clave.
15/05/2020 00:12:28: [Método: System.Object BindComplexModel(System.Web.Mvc.ControllerContext, System.Web.Mvc.ModelBindingContext), Línea: 0] - Ya se agregó un elemento con la misma clave.
15/05/2020 00:12:28: [Método: System.Object BindModel(System.Web.Mvc.ControllerContext, System.Web.Mvc.ModelBindingContext), Línea: 0] - Ya se agregó un elemento con la misma clave.
15/05/2020 00:12:28: [Método: System.Object GetParameterValue(System.Web.Mvc.ControllerContext, System.Web.Mvc.ParameterDescriptor), Línea: 0] - Ya se agregó un elemento con la misma clave.
15/05/2020 00:12:28: [Método: System.Collections.Generic.IDictionary`2[System.String,System.Object] GetParameterValues(System.Web.Mvc.ControllerContext, System.Web.Mvc.ActionDescriptor), Línea: 0] - Ya se agregó un elemento con la misma clave.
15/05/2020 00:12:28: [Método: System.IAsyncResult <BeginInvokeAction>b__19(System.AsyncCallback, System.Object), Línea: 0] - Ya se agregó un elemento con la misma clave.
15/05/2020 00:12:28: [Método: System.IAsyncResult CallBeginDelegate(System.AsyncCallback, System.Object), Línea: 0] - Ya se agregó un elemento con la misma clave.
15/05/2020 00:12:28: [Método: Void Begin(System.AsyncCallback, System.Object, Int32), Línea: 0] - Ya se agregó un elemento con la misma clave.
15/05/2020 00:12:28: [Método: System.IAsyncResult BeginInvokeAction(System.Web.Mvc.ControllerContext, System.String, System.AsyncCallback, System.Object), Línea: 0] - Ya se agregó un elemento con la misma clave.
15/05/2020 00:12:28: [Método: System.IAsyncResult <BeginExecuteCore>b__1c(System.AsyncCallback, System.Object, ExecuteCoreState), Línea: 0] - Ya se agregó un elemento con la misma clave.
15/05/2020 00:12:28: [Método: System.IAsyncResult CallBeginDelegate(System.AsyncCallback, System.Object), Línea: 0] - Ya se agregó un elemento con la misma clave.
15/05/2020 00:12:28: [Método: Void Begin(System.AsyncCallback, System.Object, Int32), Línea: 0] - Ya se agregó un elemento con la misma clave.
15/05/2020 00:12:28: [Método: System.IAsyncResult BeginExecuteCore(System.AsyncCallback, System.Object), Línea: 0] - Ya se agregó un elemento con la misma clave.
15/05/2020 00:12:28: [Método: System.IAsyncResult <BeginExecute>b__14(System.AsyncCallback, System.Object, System.Web.Mvc.Controller), Línea: 0] - Ya se agregó un elemento con la misma clave.
15/05/2020 00:12:28: [Método: System.IAsyncResult CallBeginDelegate(System.AsyncCallback, System.Object), Línea: 0] - Ya se agregó un elemento con la misma clave.
15/05/2020 00:12:28: [Método: Void Begin(System.AsyncCallback, System.Object, Int32), Línea: 0] - Ya se agregó un elemento con la misma clave.
15/05/2020 00:12:28: [Método: System.IAsyncResult BeginExecute(System.Web.Routing.RequestContext, System.AsyncCallback, System.Object), Línea: 0] - Ya se agregó un elemento con la misma clave.
15/05/2020 00:12:28: [Método: System.IAsyncResult System.Web.Mvc.Async.IAsyncController.BeginExecute(System.Web.Routing.RequestContext, System.AsyncCallback, System.Object), Línea: 0] - Ya se agregó un elemento con la misma clave.
15/05/2020 00:12:28: [Método: System.IAsyncResult <BeginProcessRequest>b__4(System.AsyncCallback, System.Object, ProcessRequestState), Línea: 0] - Ya se agregó un elemento con la misma clave.
15/05/2020 00:12:28: [Método: System.IAsyncResult CallBeginDelegate(System.AsyncCallback, System.Object), Línea: 0] - Ya se agregó un elemento con la misma clave.
15/05/2020 00:12:28: [Método: Void Begin(System.AsyncCallback, System.Object, Int32), Línea: 0] - Ya se agregó un elemento con la misma clave.
15/05/2020 00:12:28: [Método: System.IAsyncResult BeginProcessRequest(System.Web.HttpContextBase, System.AsyncCallback, System.Object), Línea: 0] - Ya se agregó un elemento con la misma clave.
15/05/2020 00:12:28: [Método: System.IAsyncResult BeginProcessRequest(System.Web.HttpContext, System.AsyncCallback, System.Object), Línea: 0] - Ya se agregó un elemento con la misma clave.
15/05/2020 00:12:28: [Método: System.IAsyncResult System.Web.IHttpAsyncHandler.BeginProcessRequest(System.Web.HttpContext, System.AsyncCallback, System.Object), Línea: 0] - Ya se agregó un elemento con la misma clave.
15/05/2020 00:12:28: [Método: Void System.Web.HttpApplication.IExecutionStep.Execute(), Línea: 0] - Ya se agregó un elemento con la misma clave.
15/05/2020 00:12:28: [Método: Void ExecuteStepImpl(IExecutionStep), Línea: 0] - Ya se agregó un elemento con la misma clave.
15/05/2020 00:12:28: [Método: System.Exception ExecuteStep(IExecutionStep, Boolean ByRef), Línea: 0] - Ya se agregó un elemento con la misma clave.
15/05/2020 00:12:33: [Método: Void ThrowArgumentException(System.ExceptionResource), Línea: 0] - Ya se agregó un elemento con la misma clave.
15/05/2020 00:12:33: [Método: Void Insert(TKey, TValue, Boolean), Línea: 0] - Ya se agregó un elemento con la misma clave.
15/05/2020 00:12:33: [Método: System.Collections.Generic.Dictionary`2[TKey,TValue] ToDictionaryFast[TKey,TValue](TValue[], System.Func`2[TValue,TKey], System.Collections.Generic.IEqualityComparer`1[TKey]), Línea: 0] - Ya se agregó un elemento con la misma clave.
15/05/2020 00:12:33: [Método: System.Collections.Generic.IDictionary`2[System.String,System.Web.Mvc.ModelMetadata] get_PropertyMetadata(), Línea: 0] - Ya se agregó un elemento con la misma clave.
15/05/2020 00:12:33: [Método: Void BindProperty(System.Web.Mvc.ControllerContext, System.Web.Mvc.ModelBindingContext, System.ComponentModel.PropertyDescriptor), Línea: 0] - Ya se agregó un elemento con la misma clave.
15/05/2020 00:12:33: [Método: Void BindProperties(System.Web.Mvc.ControllerContext, System.Web.Mvc.ModelBindingContext), Línea: 0] - Ya se agregó un elemento con la misma clave.
15/05/2020 00:12:33: [Método: Void BindComplexElementalModel(System.Web.Mvc.ControllerContext, System.Web.Mvc.ModelBindingContext, System.Object), Línea: 0] - Ya se agregó un elemento con la misma clave.
15/05/2020 00:12:33: [Método: System.Object BindComplexModel(System.Web.Mvc.ControllerContext, System.Web.Mvc.ModelBindingContext), Línea: 0] - Ya se agregó un elemento con la misma clave.
15/05/2020 00:12:33: [Método: System.Object BindModel(System.Web.Mvc.ControllerContext, System.Web.Mvc.ModelBindingContext), Línea: 0] - Ya se agregó un elemento con la misma clave.
15/05/2020 00:12:33: [Método: System.Object GetParameterValue(System.Web.Mvc.ControllerContext, System.Web.Mvc.ParameterDescriptor), Línea: 0] - Ya se agregó un elemento con la misma clave.
15/05/2020 00:12:33: [Método: System.Collections.Generic.IDictionary`2[System.String,System.Object] GetParameterValues(System.Web.Mvc.ControllerContext, System.Web.Mvc.ActionDescriptor), Línea: 0] - Ya se agregó un elemento con la misma clave.
15/05/2020 00:12:33: [Método: System.IAsyncResult <BeginInvokeAction>b__19(System.AsyncCallback, System.Object), Línea: 0] - Ya se agregó un elemento con la misma clave.
15/05/2020 00:12:33: [Método: System.IAsyncResult CallBeginDelegate(System.AsyncCallback, System.Object), Línea: 0] - Ya se agregó un elemento con la misma clave.
15/05/2020 00:12:33: [Método: Void Begin(System.AsyncCallback, System.Object, Int32), Línea: 0] - Ya se agregó un elemento con la misma clave.
15/05/2020 00:12:33: [Método: System.IAsyncResult BeginInvokeAction(System.Web.Mvc.ControllerContext, System.String, System.AsyncCallback, System.Object), Línea: 0] - Ya se agregó un elemento con la misma clave.
15/05/2020 00:12:33: [Método: System.IAsyncResult <BeginExecuteCore>b__1c(System.AsyncCallback, System.Object, ExecuteCoreState), Línea: 0] - Ya se agregó un elemento con la misma clave.
15/05/2020 00:12:33: [Método: System.IAsyncResult CallBeginDelegate(System.AsyncCallback, System.Object), Línea: 0] - Ya se agregó un elemento con la misma clave.
15/05/2020 00:12:33: [Método: Void Begin(System.AsyncCallback, System.Object, Int32), Línea: 0] - Ya se agregó un elemento con la misma clave.
15/05/2020 00:12:33: [Método: System.IAsyncResult BeginExecuteCore(System.AsyncCallback, System.Object), Línea: 0] - Ya se agregó un elemento con la misma clave.
15/05/2020 00:12:33: [Método: System.IAsyncResult <BeginExecute>b__14(System.AsyncCallback, System.Object, System.Web.Mvc.Controller), Línea: 0] - Ya se agregó un elemento con la misma clave.
15/05/2020 00:12:33: [Método: System.IAsyncResult CallBeginDelegate(System.AsyncCallback, System.Object), Línea: 0] - Ya se agregó un elemento con la misma clave.
15/05/2020 00:12:33: [Método: Void Begin(System.AsyncCallback, System.Object, Int32), Línea: 0] - Ya se agregó un elemento con la misma clave.
15/05/2020 00:12:33: [Método: System.IAsyncResult BeginExecute(System.Web.Routing.RequestContext, System.AsyncCallback, System.Object), Línea: 0] - Ya se agregó un elemento con la misma clave.
15/05/2020 00:12:33: [Método: System.IAsyncResult System.Web.Mvc.Async.IAsyncController.BeginExecute(System.Web.Routing.RequestContext, System.AsyncCallback, System.Object), Línea: 0] - Ya se agregó un elemento con la misma clave.
15/05/2020 00:12:33: [Método: System.IAsyncResult <BeginProcessRequest>b__4(System.AsyncCallback, System.Object, ProcessRequestState), Línea: 0] - Ya se agregó un elemento con la misma clave.
15/05/2020 00:12:33: [Método: System.IAsyncResult CallBeginDelegate(System.AsyncCallback, System.Object), Línea: 0] - Ya se agregó un elemento con la misma clave.
15/05/2020 00:12:33: [Método: Void Begin(System.AsyncCallback, System.Object, Int32), Línea: 0] - Ya se agregó un elemento con la misma clave.
15/05/2020 00:12:33: [Método: System.IAsyncResult BeginProcessRequest(System.Web.HttpContextBase, System.AsyncCallback, System.Object), Línea: 0] - Ya se agregó un elemento con la misma clave.
15/05/2020 00:12:33: [Método: System.IAsyncResult BeginProcessRequest(System.Web.HttpContext, System.AsyncCallback, System.Object), Línea: 0] - Ya se agregó un elemento con la misma clave.
15/05/2020 00:12:33: [Método: System.IAsyncResult System.Web.IHttpAsyncHandler.BeginProcessRequest(System.Web.HttpContext, System.AsyncCallback, System.Object), Línea: 0] - Ya se agregó un elemento con la misma clave.
15/05/2020 00:12:33: [Método: Void System.Web.HttpApplication.IExecutionStep.Execute(), Línea: 0] - Ya se agregó un elemento con la misma clave.
15/05/2020 00:12:33: [Método: Void ExecuteStepImpl(IExecutionStep), Línea: 0] - Ya se agregó un elemento con la misma clave.
15/05/2020 00:12:33: [Método: System.Exception ExecuteStep(IExecutionStep, Boolean ByRef), Línea: 0] - Ya se agregó un elemento con la misma clave.
15/05/2020 00:12:36: [Método: Void ThrowArgumentException(System.ExceptionResource), Línea: 0] - Ya se agregó un elemento con la misma clave.
15/05/2020 00:12:36: [Método: Void Insert(TKey, TValue, Boolean), Línea: 0] - Ya se agregó un elemento con la misma clave.
15/05/2020 00:12:36: [Método: System.Collections.Generic.Dictionary`2[TKey,TValue] ToDictionaryFast[TKey,TValue](TValue[], System.Func`2[TValue,TKey], System.Collections.Generic.IEqualityComparer`1[TKey]), Línea: 0] - Ya se agregó un elemento con la misma clave.
15/05/2020 00:12:36: [Método: System.Collections.Generic.IDictionary`2[System.String,System.Web.Mvc.ModelMetadata] get_PropertyMetadata(), Línea: 0] - Ya se agregó un elemento con la misma clave.
15/05/2020 00:12:36: [Método: Void BindProperty(System.Web.Mvc.ControllerContext, System.Web.Mvc.ModelBindingContext, System.ComponentModel.PropertyDescriptor), Línea: 0] - Ya se agregó un elemento con la misma clave.
15/05/2020 00:12:36: [Método: Void BindProperties(System.Web.Mvc.ControllerContext, System.Web.Mvc.ModelBindingContext), Línea: 0] - Ya se agregó un elemento con la misma clave.
15/05/2020 00:12:36: [Método: Void BindComplexElementalModel(System.Web.Mvc.ControllerContext, System.Web.Mvc.ModelBindingContext, System.Object), Línea: 0] - Ya se agregó un elemento con la misma clave.
15/05/2020 00:12:36: [Método: System.Object BindComplexModel(System.Web.Mvc.ControllerContext, System.Web.Mvc.ModelBindingContext), Línea: 0] - Ya se agregó un elemento con la misma clave.
15/05/2020 00:12:36: [Método: System.Object BindModel(System.Web.Mvc.ControllerContext, System.Web.Mvc.ModelBindingContext), Línea: 0] - Ya se agregó un elemento con la misma clave.
15/05/2020 00:12:36: [Método: System.Object GetParameterValue(System.Web.Mvc.ControllerContext, System.Web.Mvc.ParameterDescriptor), Línea: 0] - Ya se agregó un elemento con la misma clave.
15/05/2020 00:12:36: [Método: System.Collections.Generic.IDictionary`2[System.String,System.Object] GetParameterValues(System.Web.Mvc.ControllerContext, System.Web.Mvc.ActionDescriptor), Línea: 0] - Ya se agregó un elemento con la misma clave.
15/05/2020 00:12:36: [Método: System.IAsyncResult <BeginInvokeAction>b__19(System.AsyncCallback, System.Object), Línea: 0] - Ya se agregó un elemento con la misma clave.
15/05/2020 00:12:36: [Método: System.IAsyncResult CallBeginDelegate(System.AsyncCallback, System.Object), Línea: 0] - Ya se agregó un elemento con la misma clave.
15/05/2020 00:12:36: [Método: Void Begin(System.AsyncCallback, System.Object, Int32), Línea: 0] - Ya se agregó un elemento con la misma clave.
15/05/2020 00:12:36: [Método: System.IAsyncResult BeginInvokeAction(System.Web.Mvc.ControllerContext, System.String, System.AsyncCallback, System.Object), Línea: 0] - Ya se agregó un elemento con la misma clave.
15/05/2020 00:12:36: [Método: System.IAsyncResult <BeginExecuteCore>b__1c(System.AsyncCallback, System.Object, ExecuteCoreState), Línea: 0] - Ya se agregó un elemento con la misma clave.
15/05/2020 00:12:36: [Método: System.IAsyncResult CallBeginDelegate(System.AsyncCallback, System.Object), Línea: 0] - Ya se agregó un elemento con la misma clave.
15/05/2020 00:12:36: [Método: Void Begin(System.AsyncCallback, System.Object, Int32), Línea: 0] - Ya se agregó un elemento con la misma clave.
15/05/2020 00:12:36: [Método: System.IAsyncResult BeginExecuteCore(System.AsyncCallback, System.Object), Línea: 0] - Ya se agregó un elemento con la misma clave.
15/05/2020 00:12:36: [Método: System.IAsyncResult <BeginExecute>b__14(System.AsyncCallback, System.Object, System.Web.Mvc.Controller), Línea: 0] - Ya se agregó un elemento con la misma clave.
15/05/2020 00:12:36: [Método: System.IAsyncResult CallBeginDelegate(System.AsyncCallback, System.Object), Línea: 0] - Ya se agregó un elemento con la misma clave.
15/05/2020 00:12:36: [Método: Void Begin(System.AsyncCallback, System.Object, Int32), Línea: 0] - Ya se agregó un elemento con la misma clave.
15/05/2020 00:12:36: [Método: System.IAsyncResult BeginExecute(System.Web.Routing.RequestContext, System.AsyncCallback, System.Object), Línea: 0] - Ya se agregó un elemento con la misma clave.
15/05/2020 00:12:36: [Método: System.IAsyncResult System.Web.Mvc.Async.IAsyncController.BeginExecute(System.Web.Routing.RequestContext, System.AsyncCallback, System.Object), Línea: 0] - Ya se agregó un elemento con la misma clave.
15/05/2020 00:12:36: [Método: System.IAsyncResult <BeginProcessRequest>b__4(System.AsyncCallback, System.Object, ProcessRequestState), Línea: 0] - Ya se agregó un elemento con la misma clave.
15/05/2020 00:12:36: [Método: System.IAsyncResult CallBeginDelegate(System.AsyncCallback, System.Object), Línea: 0] - Ya se agregó un elemento con la misma clave.
15/05/2020 00:12:36: [Método: Void Begin(System.AsyncCallback, System.Object, Int32), Línea: 0] - Ya se agregó un elemento con la misma clave.
15/05/2020 00:12:36: [Método: System.IAsyncResult BeginProcessRequest(System.Web.HttpContextBase, System.AsyncCallback, System.Object), Línea: 0] - Ya se agregó un elemento con la misma clave.
15/05/2020 00:12:36: [Método: System.IAsyncResult BeginProcessRequest(System.Web.HttpContext, System.AsyncCallback, System.Object), Línea: 0] - Ya se agregó un elemento con la misma clave.
15/05/2020 00:12:36: [Método: System.IAsyncResult System.Web.IHttpAsyncHandler.BeginProcessRequest(System.Web.HttpContext, System.AsyncCallback, System.Object), Línea: 0] - Ya se agregó un elemento con la misma clave.
15/05/2020 00:12:36: [Método: Void System.Web.HttpApplication.IExecutionStep.Execute(), Línea: 0] - Ya se agregó un elemento con la misma clave.
15/05/2020 00:12:36: [Método: Void ExecuteStepImpl(IExecutionStep), Línea: 0] - Ya se agregó un elemento con la misma clave.
15/05/2020 00:12:36: [Método: System.Exception ExecuteStep(IExecutionStep, Boolean ByRef), Línea: 0] - Ya se agregó un elemento con la misma clave.
15/05/2020 00:12:39: [Método: Void ThrowArgumentException(System.ExceptionResource), Línea: 0] - Ya se agregó un elemento con la misma clave.
15/05/2020 00:12:39: [Método: Void Insert(TKey, TValue, Boolean), Línea: 0] - Ya se agregó un elemento con la misma clave.
15/05/2020 00:12:39: [Método: System.Collections.Generic.Dictionary`2[TKey,TValue] ToDictionaryFast[TKey,TValue](TValue[], System.Func`2[TValue,TKey], System.Collections.Generic.IEqualityComparer`1[TKey]), Línea: 0] - Ya se agregó un elemento con la misma clave.
15/05/2020 00:12:39: [Método: System.Collections.Generic.IDictionary`2[System.String,System.Web.Mvc.ModelMetadata] get_PropertyMetadata(), Línea: 0] - Ya se agregó un elemento con la misma clave.
15/05/2020 00:12:39: [Método: Void BindProperty(System.Web.Mvc.ControllerContext, System.Web.Mvc.ModelBindingContext, System.ComponentModel.PropertyDescriptor), Línea: 0] - Ya se agregó un elemento con la misma clave.
15/05/2020 00:12:39: [Método: Void BindProperties(System.Web.Mvc.ControllerContext, System.Web.Mvc.ModelBindingContext), Línea: 0] - Ya se agregó un elemento con la misma clave.
15/05/2020 00:12:39: [Método: Void BindComplexElementalModel(System.Web.Mvc.ControllerContext, System.Web.Mvc.ModelBindingContext, System.Object), Línea: 0] - Ya se agregó un elemento con la misma clave.
15/05/2020 00:12:39: [Método: System.Object BindComplexModel(System.Web.Mvc.ControllerContext, System.Web.Mvc.ModelBindingContext), Línea: 0] - Ya se agregó un elemento con la misma clave.
15/05/2020 00:12:39: [Método: System.Object BindModel(System.Web.Mvc.ControllerContext, System.Web.Mvc.ModelBindingContext), Línea: 0] - Ya se agregó un elemento con la misma clave.
15/05/2020 00:12:39: [Método: System.Object GetParameterValue(System.Web.Mvc.ControllerContext, System.Web.Mvc.ParameterDescriptor), Línea: 0] - Ya se agregó un elemento con la misma clave.
15/05/2020 00:12:39: [Método: System.Collections.Generic.IDictionary`2[System.String,System.Object] GetParameterValues(System.Web.Mvc.ControllerContext, System.Web.Mvc.ActionDescriptor), Línea: 0] - Ya se agregó un elemento con la misma clave.
15/05/2020 00:12:39: [Método: System.IAsyncResult <BeginInvokeAction>b__19(System.AsyncCallback, System.Object), Línea: 0] - Ya se agregó un elemento con la misma clave.
15/05/2020 00:12:39: [Método: System.IAsyncResult CallBeginDelegate(System.AsyncCallback, System.Object), Línea: 0] - Ya se agregó un elemento con la misma clave.
15/05/2020 00:12:39: [Método: Void Begin(System.AsyncCallback, System.Object, Int32), Línea: 0] - Ya se agregó un elemento con la misma clave.
15/05/2020 00:12:39: [Método: System.IAsyncResult BeginInvokeAction(System.Web.Mvc.ControllerContext, System.String, System.AsyncCallback, System.Object), Línea: 0] - Ya se agregó un elemento con la misma clave.
15/05/2020 00:12:39: [Método: System.IAsyncResult <BeginExecuteCore>b__1c(System.AsyncCallback, System.Object, ExecuteCoreState), Línea: 0] - Ya se agregó un elemento con la misma clave.
15/05/2020 00:12:39: [Método: System.IAsyncResult CallBeginDelegate(System.AsyncCallback, System.Object), Línea: 0] - Ya se agregó un elemento con la misma clave.
15/05/2020 00:12:39: [Método: Void Begin(System.AsyncCallback, System.Object, Int32), Línea: 0] - Ya se agregó un elemento con la misma clave.
15/05/2020 00:12:39: [Método: System.IAsyncResult BeginExecuteCore(System.AsyncCallback, System.Object), Línea: 0] - Ya se agregó un elemento con la misma clave.
15/05/2020 00:12:39: [Método: System.IAsyncResult <BeginExecute>b__14(System.AsyncCallback, System.Object, System.Web.Mvc.Controller), Línea: 0] - Ya se agregó un elemento con la misma clave.
15/05/2020 00:12:39: [Método: System.IAsyncResult CallBeginDelegate(System.AsyncCallback, System.Object), Línea: 0] - Ya se agregó un elemento con la misma clave.
15/05/2020 00:12:39: [Método: Void Begin(System.AsyncCallback, System.Object, Int32), Línea: 0] - Ya se agregó un elemento con la misma clave.
15/05/2020 00:12:39: [Método: System.IAsyncResult BeginExecute(System.Web.Routing.RequestContext, System.AsyncCallback, System.Object), Línea: 0] - Ya se agregó un elemento con la misma clave.
15/05/2020 00:12:39: [Método: System.IAsyncResult System.Web.Mvc.Async.IAsyncController.BeginExecute(System.Web.Routing.RequestContext, System.AsyncCallback, System.Object), Línea: 0] - Ya se agregó un elemento con la misma clave.
15/05/2020 00:12:39: [Método: System.IAsyncResult <BeginProcessRequest>b__4(System.AsyncCallback, System.Object, ProcessRequestState), Línea: 0] - Ya se agregó un elemento con la misma clave.
15/05/2020 00:12:39: [Método: System.IAsyncResult CallBeginDelegate(System.AsyncCallback, System.Object), Línea: 0] - Ya se agregó un elemento con la misma clave.
15/05/2020 00:12:39: [Método: Void Begin(System.AsyncCallback, System.Object, Int32), Línea: 0] - Ya se agregó un elemento con la misma clave.
15/05/2020 00:12:39: [Método: System.IAsyncResult BeginProcessRequest(System.Web.HttpContextBase, System.AsyncCallback, System.Object), Línea: 0] - Ya se agregó un elemento con la misma clave.
15/05/2020 00:12:39: [Método: System.IAsyncResult BeginProcessRequest(System.Web.HttpContext, System.AsyncCallback, System.Object), Línea: 0] - Ya se agregó un elemento con la misma clave.
15/05/2020 00:12:39: [Método: System.IAsyncResult System.Web.IHttpAsyncHandler.BeginProcessRequest(System.Web.HttpContext, System.AsyncCallback, System.Object), Línea: 0] - Ya se agregó un elemento con la misma clave.
15/05/2020 00:12:39: [Método: Void System.Web.HttpApplication.IExecutionStep.Execute(), Línea: 0] - Ya se agregó un elemento con la misma clave.
15/05/2020 00:12:39: [Método: Void ExecuteStepImpl(IExecutionStep), Línea: 0] - Ya se agregó un elemento con la misma clave.
15/05/2020 00:12:39: [Método: System.Exception ExecuteStep(IExecutionStep, Boolean ByRef), Línea: 0] - Ya se agregó un elemento con la misma clave.
15/05/2020 00:12:43: [Método: Void ThrowArgumentException(System.ExceptionResource), Línea: 0] - Ya se agregó un elemento con la misma clave.
15/05/2020 00:12:43: [Método: Void Insert(TKey, TValue, Boolean), Línea: 0] - Ya se agregó un elemento con la misma clave.
15/05/2020 00:12:43: [Método: System.Collections.Generic.Dictionary`2[TKey,TValue] ToDictionaryFast[TKey,TValue](TValue[], System.Func`2[TValue,TKey], System.Collections.Generic.IEqualityComparer`1[TKey]), Línea: 0] - Ya se agregó un elemento con la misma clave.
15/05/2020 00:12:43: [Método: System.Collections.Generic.IDictionary`2[System.String,System.Web.Mvc.ModelMetadata] get_PropertyMetadata(), Línea: 0] - Ya se agregó un elemento con la misma clave.
15/05/2020 00:12:43: [Método: Void BindProperty(System.Web.Mvc.ControllerContext, System.Web.Mvc.ModelBindingContext, System.ComponentModel.PropertyDescriptor), Línea: 0] - Ya se agregó un elemento con la misma clave.
15/05/2020 00:12:43: [Método: Void BindProperties(System.Web.Mvc.ControllerContext, System.Web.Mvc.ModelBindingContext), Línea: 0] - Ya se agregó un elemento con la misma clave.
15/05/2020 00:12:43: [Método: Void BindComplexElementalModel(System.Web.Mvc.ControllerContext, System.Web.Mvc.ModelBindingContext, System.Object), Línea: 0] - Ya se agregó un elemento con la misma clave.
15/05/2020 00:12:43: [Método: System.Object BindComplexModel(System.Web.Mvc.ControllerContext, System.Web.Mvc.ModelBindingContext), Línea: 0] - Ya se agregó un elemento con la misma clave.
15/05/2020 00:12:43: [Método: System.Object BindModel(System.Web.Mvc.ControllerContext, System.Web.Mvc.ModelBindingContext), Línea: 0] - Ya se agregó un elemento con la misma clave.
15/05/2020 00:12:43: [Método: System.Object GetParameterValue(System.Web.Mvc.ControllerContext, System.Web.Mvc.ParameterDescriptor), Línea: 0] - Ya se agregó un elemento con la misma clave.
15/05/2020 00:12:43: [Método: System.Collections.Generic.IDictionary`2[System.String,System.Object] GetParameterValues(System.Web.Mvc.ControllerContext, System.Web.Mvc.ActionDescriptor), Línea: 0] - Ya se agregó un elemento con la misma clave.
15/05/2020 00:12:43: [Método: System.IAsyncResult <BeginInvokeAction>b__19(System.AsyncCallback, System.Object), Línea: 0] - Ya se agregó un elemento con la misma clave.
15/05/2020 00:12:43: [Método: System.IAsyncResult CallBeginDelegate(System.AsyncCallback, System.Object), Línea: 0] - Ya se agregó un elemento con la misma clave.
15/05/2020 00:12:43: [Método: Void Begin(System.AsyncCallback, System.Object, Int32), Línea: 0] - Ya se agregó un elemento con la misma clave.
15/05/2020 00:12:43: [Método: System.IAsyncResult BeginInvokeAction(System.Web.Mvc.ControllerContext, System.String, System.AsyncCallback, System.Object), Línea: 0] - Ya se agregó un elemento con la misma clave.
15/05/2020 00:12:43: [Método: System.IAsyncResult <BeginExecuteCore>b__1c(System.AsyncCallback, System.Object, ExecuteCoreState), Línea: 0] - Ya se agregó un elemento con la misma clave.
15/05/2020 00:12:43: [Método: System.IAsyncResult CallBeginDelegate(System.AsyncCallback, System.Object), Línea: 0] - Ya se agregó un elemento con la misma clave.
15/05/2020 00:12:43: [Método: Void Begin(System.AsyncCallback, System.Object, Int32), Línea: 0] - Ya se agregó un elemento con la misma clave.
15/05/2020 00:12:43: [Método: System.IAsyncResult BeginExecuteCore(System.AsyncCallback, System.Object), Línea: 0] - Ya se agregó un elemento con la misma clave.
15/05/2020 00:12:43: [Método: System.IAsyncResult <BeginExecute>b__14(System.AsyncCallback, System.Object, System.Web.Mvc.Controller), Línea: 0] - Ya se agregó un elemento con la misma clave.
15/05/2020 00:12:43: [Método: System.IAsyncResult CallBeginDelegate(System.AsyncCallback, System.Object), Línea: 0] - Ya se agregó un elemento con la misma clave.
15/05/2020 00:12:43: [Método: Void Begin(System.AsyncCallback, System.Object, Int32), Línea: 0] - Ya se agregó un elemento con la misma clave.
15/05/2020 00:12:43: [Método: System.IAsyncResult BeginExecute(System.Web.Routing.RequestContext, System.AsyncCallback, System.Object), Línea: 0] - Ya se agregó un elemento con la misma clave.
15/05/2020 00:12:43: [Método: System.IAsyncResult System.Web.Mvc.Async.IAsyncController.BeginExecute(System.Web.Routing.RequestContext, System.AsyncCallback, System.Object), Línea: 0] - Ya se agregó un elemento con la misma clave.
15/05/2020 00:12:43: [Método: System.IAsyncResult <BeginProcessRequest>b__4(System.AsyncCallback, System.Object, ProcessRequestState), Línea: 0] - Ya se agregó un elemento con la misma clave.
15/05/2020 00:12:43: [Método: System.IAsyncResult CallBeginDelegate(System.AsyncCallback, System.Object), Línea: 0] - Ya se agregó un elemento con la misma clave.
15/05/2020 00:12:43: [Método: Void Begin(System.AsyncCallback, System.Object, Int32), Línea: 0] - Ya se agregó un elemento con la misma clave.
15/05/2020 00:12:43: [Método: System.IAsyncResult BeginProcessRequest(System.Web.HttpContextBase, System.AsyncCallback, System.Object), Línea: 0] - Ya se agregó un elemento con la misma clave.
15/05/2020 00:12:43: [Método: System.IAsyncResult BeginProcessRequest(System.Web.HttpContext, System.AsyncCallback, System.Object), Línea: 0] - Ya se agregó un elemento con la misma clave.
15/05/2020 00:12:43: [Método: System.IAsyncResult System.Web.IHttpAsyncHandler.BeginProcessRequest(System.Web.HttpContext, System.AsyncCallback, System.Object), Línea: 0] - Ya se agregó un elemento con la misma clave.
15/05/2020 00:12:43: [Método: Void System.Web.HttpApplication.IExecutionStep.Execute(), Línea: 0] - Ya se agregó un elemento con la misma clave.
15/05/2020 00:12:43: [Método: Void ExecuteStepImpl(IExecutionStep), Línea: 0] - Ya se agregó un elemento con la misma clave.
15/05/2020 00:12:43: [Método: System.Exception ExecuteStep(IExecutionStep, Boolean ByRef), Línea: 0] - Ya se agregó un elemento con la misma clave.
15/05/2020 00:12:46: [Método: Void ThrowArgumentException(System.ExceptionResource), Línea: 0] - Ya se agregó un elemento con la misma clave.
15/05/2020 00:12:46: [Método: Void Insert(TKey, TValue, Boolean), Línea: 0] - Ya se agregó un elemento con la misma clave.
15/05/2020 00:12:46: [Método: System.Collections.Generic.Dictionary`2[TKey,TValue] ToDictionaryFast[TKey,TValue](TValue[], System.Func`2[TValue,TKey], System.Collections.Generic.IEqualityComparer`1[TKey]), Línea: 0] - Ya se agregó un elemento con la misma clave.
15/05/2020 00:12:46: [Método: System.Collections.Generic.IDictionary`2[System.String,System.Web.Mvc.ModelMetadata] get_PropertyMetadata(), Línea: 0] - Ya se agregó un elemento con la misma clave.
15/05/2020 00:12:46: [Método: Void BindProperty(System.Web.Mvc.ControllerContext, System.Web.Mvc.ModelBindingContext, System.ComponentModel.PropertyDescriptor), Línea: 0] - Ya se agregó un elemento con la misma clave.
15/05/2020 00:12:46: [Método: Void BindProperties(System.Web.Mvc.ControllerContext, System.Web.Mvc.ModelBindingContext), Línea: 0] - Ya se agregó un elemento con la misma clave.
15/05/2020 00:12:46: [Método: Void BindComplexElementalModel(System.Web.Mvc.ControllerContext, System.Web.Mvc.ModelBindingContext, System.Object), Línea: 0] - Ya se agregó un elemento con la misma clave.
15/05/2020 00:12:46: [Método: System.Object BindComplexModel(System.Web.Mvc.ControllerContext, System.Web.Mvc.ModelBindingContext), Línea: 0] - Ya se agregó un elemento con la misma clave.
15/05/2020 00:12:46: [Método: System.Object BindModel(System.Web.Mvc.ControllerContext, System.Web.Mvc.ModelBindingContext), Línea: 0] - Ya se agregó un elemento con la misma clave.
15/05/2020 00:12:46: [Método: System.Object GetParameterValue(System.Web.Mvc.ControllerContext, System.Web.Mvc.ParameterDescriptor), Línea: 0] - Ya se agregó un elemento con la misma clave.
15/05/2020 00:12:46: [Método: System.Collections.Generic.IDictionary`2[System.String,System.Object] GetParameterValues(System.Web.Mvc.ControllerContext, System.Web.Mvc.ActionDescriptor), Línea: 0] - Ya se agregó un elemento con la misma clave.
15/05/2020 00:12:46: [Método: System.IAsyncResult <BeginInvokeAction>b__19(System.AsyncCallback, System.Object), Línea: 0] - Ya se agregó un elemento con la misma clave.
15/05/2020 00:12:46: [Método: System.IAsyncResult CallBeginDelegate(System.AsyncCallback, System.Object), Línea: 0] - Ya se agregó un elemento con la misma clave.
15/05/2020 00:12:46: [Método: Void Begin(System.AsyncCallback, System.Object, Int32), Línea: 0] - Ya se agregó un elemento con la misma clave.
15/05/2020 00:12:46: [Método: System.IAsyncResult BeginInvokeAction(System.Web.Mvc.ControllerContext, System.String, System.AsyncCallback, System.Object), Línea: 0] - Ya se agregó un elemento con la misma clave.
15/05/2020 00:12:46: [Método: System.IAsyncResult <BeginExecuteCore>b__1c(System.AsyncCallback, System.Object, ExecuteCoreState), Línea: 0] - Ya se agregó un elemento con la misma clave.
15/05/2020 00:12:46: [Método: System.IAsyncResult CallBeginDelegate(System.AsyncCallback, System.Object), Línea: 0] - Ya se agregó un elemento con la misma clave.
15/05/2020 00:12:46: [Método: Void Begin(System.AsyncCallback, System.Object, Int32), Línea: 0] - Ya se agregó un elemento con la misma clave.
15/05/2020 00:12:46: [Método: System.IAsyncResult BeginExecuteCore(System.AsyncCallback, System.Object), Línea: 0] - Ya se agregó un elemento con la misma clave.
15/05/2020 00:12:46: [Método: System.IAsyncResult <BeginExecute>b__14(System.AsyncCallback, System.Object, System.Web.Mvc.Controller), Línea: 0] - Ya se agregó un elemento con la misma clave.
15/05/2020 00:12:46: [Método: System.IAsyncResult CallBeginDelegate(System.AsyncCallback, System.Object), Línea: 0] - Ya se agregó un elemento con la misma clave.
15/05/2020 00:12:46: [Método: Void Begin(System.AsyncCallback, System.Object, Int32), Línea: 0] - Ya se agregó un elemento con la misma clave.
15/05/2020 00:12:46: [Método: System.IAsyncResult BeginExecute(System.Web.Routing.RequestContext, System.AsyncCallback, System.Object), Línea: 0] - Ya se agregó un elemento con la misma clave.
15/05/2020 00:12:46: [Método: System.IAsyncResult System.Web.Mvc.Async.IAsyncController.BeginExecute(System.Web.Routing.RequestContext, System.AsyncCallback, System.Object), Línea: 0] - Ya se agregó un elemento con la misma clave.
15/05/2020 00:12:46: [Método: System.IAsyncResult <BeginProcessRequest>b__4(System.AsyncCallback, System.Object, ProcessRequestState), Línea: 0] - Ya se agregó un elemento con la misma clave.
15/05/2020 00:12:46: [Método: System.IAsyncResult CallBeginDelegate(System.AsyncCallback, System.Object), Línea: 0] - Ya se agregó un elemento con la misma clave.
15/05/2020 00:12:46: [Método: Void Begin(System.AsyncCallback, System.Object, Int32), Línea: 0] - Ya se agregó un elemento con la misma clave.
15/05/2020 00:12:46: [Método: System.IAsyncResult BeginProcessRequest(System.Web.HttpContextBase, System.AsyncCallback, System.Object), Línea: 0] - Ya se agregó un elemento con la misma clave.
15/05/2020 00:12:46: [Método: System.IAsyncResult BeginProcessRequest(System.Web.HttpContext, System.AsyncCallback, System.Object), Línea: 0] - Ya se agregó un elemento con la misma clave.
15/05/2020 00:12:46: [Método: System.IAsyncResult System.Web.IHttpAsyncHandler.BeginProcessRequest(System.Web.HttpContext, System.AsyncCallback, System.Object), Línea: 0] - Ya se agregó un elemento con la misma clave.
15/05/2020 00:12:46: [Método: Void System.Web.HttpApplication.IExecutionStep.Execute(), Línea: 0] - Ya se agregó un elemento con la misma clave.
15/05/2020 00:12:46: [Método: Void ExecuteStepImpl(IExecutionStep), Línea: 0] - Ya se agregó un elemento con la misma clave.
15/05/2020 00:12:46: [Método: System.Exception ExecuteStep(IExecutionStep, Boolean ByRef), Línea: 0] - Ya se agregó un elemento con la misma clave.
15/05/2020 00:12:50: [Método: Void ThrowArgumentException(System.ExceptionResource), Línea: 0] - Ya se agregó un elemento con la misma clave.
15/05/2020 00:12:50: [Método: Void Insert(TKey, TValue, Boolean), Línea: 0] - Ya se agregó un elemento con la misma clave.
15/05/2020 00:12:50: [Método: System.Collections.Generic.Dictionary`2[TKey,TValue] ToDictionaryFast[TKey,TValue](TValue[], System.Func`2[TValue,TKey], System.Collections.Generic.IEqualityComparer`1[TKey]), Línea: 0] - Ya se agregó un elemento con la misma clave.
15/05/2020 00:12:50: [Método: System.Collections.Generic.IDictionary`2[System.String,System.Web.Mvc.ModelMetadata] get_PropertyMetadata(), Línea: 0] - Ya se agregó un elemento con la misma clave.
15/05/2020 00:12:50: [Método: Void BindProperty(System.Web.Mvc.ControllerContext, System.Web.Mvc.ModelBindingContext, System.ComponentModel.PropertyDescriptor), Línea: 0] - Ya se agregó un elemento con la misma clave.
15/05/2020 00:12:50: [Método: Void BindProperties(System.Web.Mvc.ControllerContext, System.Web.Mvc.ModelBindingContext), Línea: 0] - Ya se agregó un elemento con la misma clave.
15/05/2020 00:12:50: [Método: Void BindComplexElementalModel(System.Web.Mvc.ControllerContext, System.Web.Mvc.ModelBindingContext, System.Object), Línea: 0] - Ya se agregó un elemento con la misma clave.
15/05/2020 00:12:50: [Método: System.Object BindComplexModel(System.Web.Mvc.ControllerContext, System.Web.Mvc.ModelBindingContext), Línea: 0] - Ya se agregó un elemento con la misma clave.
15/05/2020 00:12:50: [Método: System.Object BindModel(System.Web.Mvc.ControllerContext, System.Web.Mvc.ModelBindingContext), Línea: 0] - Ya se agregó un elemento con la misma clave.
15/05/2020 00:12:50: [Método: System.Object GetParameterValue(System.Web.Mvc.ControllerContext, System.Web.Mvc.ParameterDescriptor), Línea: 0] - Ya se agregó un elemento con la misma clave.
15/05/2020 00:12:50: [Método: System.Collections.Generic.IDictionary`2[System.String,System.Object] GetParameterValues(System.Web.Mvc.ControllerContext, System.Web.Mvc.ActionDescriptor), Línea: 0] - Ya se agregó un elemento con la misma clave.
15/05/2020 00:12:50: [Método: System.IAsyncResult <BeginInvokeAction>b__19(System.AsyncCallback, System.Object), Línea: 0] - Ya se agregó un elemento con la misma clave.
15/05/2020 00:12:50: [Método: System.IAsyncResult CallBeginDelegate(System.AsyncCallback, System.Object), Línea: 0] - Ya se agregó un elemento con la misma clave.
15/05/2020 00:12:50: [Método: Void Begin(System.AsyncCallback, System.Object, Int32), Línea: 0] - Ya se agregó un elemento con la misma clave.
15/05/2020 00:12:50: [Método: System.IAsyncResult BeginInvokeAction(System.Web.Mvc.ControllerContext, System.String, System.AsyncCallback, System.Object), Línea: 0] - Ya se agregó un elemento con la misma clave.
15/05/2020 00:12:50: [Método: System.IAsyncResult <BeginExecuteCore>b__1c(System.AsyncCallback, System.Object, ExecuteCoreState), Línea: 0] - Ya se agregó un elemento con la misma clave.
15/05/2020 00:12:50: [Método: System.IAsyncResult CallBeginDelegate(System.AsyncCallback, System.Object), Línea: 0] - Ya se agregó un elemento con la misma clave.
15/05/2020 00:12:50: [Método: Void Begin(System.AsyncCallback, System.Object, Int32), Línea: 0] - Ya se agregó un elemento con la misma clave.
15/05/2020 00:12:50: [Método: System.IAsyncResult BeginExecuteCore(System.AsyncCallback, System.Object), Línea: 0] - Ya se agregó un elemento con la misma clave.
15/05/2020 00:12:50: [Método: System.IAsyncResult <BeginExecute>b__14(System.AsyncCallback, System.Object, System.Web.Mvc.Controller), Línea: 0] - Ya se agregó un elemento con la misma clave.
15/05/2020 00:12:50: [Método: System.IAsyncResult CallBeginDelegate(System.AsyncCallback, System.Object), Línea: 0] - Ya se agregó un elemento con la misma clave.
15/05/2020 00:12:50: [Método: Void Begin(System.AsyncCallback, System.Object, Int32), Línea: 0] - Ya se agregó un elemento con la misma clave.
15/05/2020 00:12:50: [Método: System.IAsyncResult BeginExecute(System.Web.Routing.RequestContext, System.AsyncCallback, System.Object), Línea: 0] - Ya se agregó un elemento con la misma clave.
15/05/2020 00:12:50: [Método: System.IAsyncResult System.Web.Mvc.Async.IAsyncController.BeginExecute(System.Web.Routing.RequestContext, System.AsyncCallback, System.Object), Línea: 0] - Ya se agregó un elemento con la misma clave.
15/05/2020 00:12:50: [Método: System.IAsyncResult <BeginProcessRequest>b__4(System.AsyncCallback, System.Object, ProcessRequestState), Línea: 0] - Ya se agregó un elemento con la misma clave.
15/05/2020 00:12:50: [Método: System.IAsyncResult CallBeginDelegate(System.AsyncCallback, System.Object), Línea: 0] - Ya se agregó un elemento con la misma clave.
15/05/2020 00:12:50: [Método: Void Begin(System.AsyncCallback, System.Object, Int32), Línea: 0] - Ya se agregó un elemento con la misma clave.
15/05/2020 00:12:50: [Método: System.IAsyncResult BeginProcessRequest(System.Web.HttpContextBase, System.AsyncCallback, System.Object), Línea: 0] - Ya se agregó un elemento con la misma clave.
15/05/2020 00:12:50: [Método: System.IAsyncResult BeginProcessRequest(System.Web.HttpContext, System.AsyncCallback, System.Object), Línea: 0] - Ya se agregó un elemento con la misma clave.
15/05/2020 00:12:50: [Método: System.IAsyncResult System.Web.IHttpAsyncHandler.BeginProcessRequest(System.Web.HttpContext, System.AsyncCallback, System.Object), Línea: 0] - Ya se agregó un elemento con la misma clave.
15/05/2020 00:12:50: [Método: Void System.Web.HttpApplication.IExecutionStep.Execute(), Línea: 0] - Ya se agregó un elemento con la misma clave.
15/05/2020 00:12:50: [Método: Void ExecuteStepImpl(IExecutionStep), Línea: 0] - Ya se agregó un elemento con la misma clave.
15/05/2020 00:12:50: [Método: System.Exception ExecuteStep(IExecutionStep, Boolean ByRef), Línea: 0] - Ya se agregó un elemento con la misma clave.
15/05/2020 00:13:58: [Método: Void ThrowArgumentException(System.ExceptionResource), Línea: 0] - Ya se agregó un elemento con la misma clave.
15/05/2020 00:13:58: [Método: Void Insert(TKey, TValue, Boolean), Línea: 0] - Ya se agregó un elemento con la misma clave.
15/05/2020 00:13:58: [Método: System.Collections.Generic.Dictionary`2[TKey,TValue] ToDictionaryFast[TKey,TValue](TValue[], System.Func`2[TValue,TKey], System.Collections.Generic.IEqualityComparer`1[TKey]), Línea: 0] - Ya se agregó un elemento con la misma clave.
15/05/2020 00:13:58: [Método: System.Collections.Generic.IDictionary`2[System.String,System.Web.Mvc.ModelMetadata] get_PropertyMetadata(), Línea: 0] - Ya se agregó un elemento con la misma clave.
15/05/2020 00:13:58: [Método: Void BindProperty(System.Web.Mvc.ControllerContext, System.Web.Mvc.ModelBindingContext, System.ComponentModel.PropertyDescriptor), Línea: 0] - Ya se agregó un elemento con la misma clave.
15/05/2020 00:13:58: [Método: Void BindProperties(System.Web.Mvc.ControllerContext, System.Web.Mvc.ModelBindingContext), Línea: 0] - Ya se agregó un elemento con la misma clave.
15/05/2020 00:13:58: [Método: Void BindComplexElementalModel(System.Web.Mvc.ControllerContext, System.Web.Mvc.ModelBindingContext, System.Object), Línea: 0] - Ya se agregó un elemento con la misma clave.
15/05/2020 00:13:58: [Método: System.Object BindComplexModel(System.Web.Mvc.ControllerContext, System.Web.Mvc.ModelBindingContext), Línea: 0] - Ya se agregó un elemento con la misma clave.
15/05/2020 00:13:58: [Método: System.Object BindModel(System.Web.Mvc.ControllerContext, System.Web.Mvc.ModelBindingContext), Línea: 0] - Ya se agregó un elemento con la misma clave.
15/05/2020 00:13:58: [Método: System.Object GetParameterValue(System.Web.Mvc.ControllerContext, System.Web.Mvc.ParameterDescriptor), Línea: 0] - Ya se agregó un elemento con la misma clave.
15/05/2020 00:13:58: [Método: System.Collections.Generic.IDictionary`2[System.String,System.Object] GetParameterValues(System.Web.Mvc.ControllerContext, System.Web.Mvc.ActionDescriptor), Línea: 0] - Ya se agregó un elemento con la misma clave.
15/05/2020 00:13:58: [Método: System.IAsyncResult <BeginInvokeAction>b__19(System.AsyncCallback, System.Object), Línea: 0] - Ya se agregó un elemento con la misma clave.
15/05/2020 00:13:58: [Método: System.IAsyncResult CallBeginDelegate(System.AsyncCallback, System.Object), Línea: 0] - Ya se agregó un elemento con la misma clave.
15/05/2020 00:13:58: [Método: Void Begin(System.AsyncCallback, System.Object, Int32), Línea: 0] - Ya se agregó un elemento con la misma clave.
15/05/2020 00:13:58: [Método: System.IAsyncResult BeginInvokeAction(System.Web.Mvc.ControllerContext, System.String, System.AsyncCallback, System.Object), Línea: 0] - Ya se agregó un elemento con la misma clave.
15/05/2020 00:13:58: [Método: System.IAsyncResult <BeginExecuteCore>b__1c(System.AsyncCallback, System.Object, ExecuteCoreState), Línea: 0] - Ya se agregó un elemento con la misma clave.
15/05/2020 00:13:58: [Método: System.IAsyncResult CallBeginDelegate(System.AsyncCallback, System.Object), Línea: 0] - Ya se agregó un elemento con la misma clave.
15/05/2020 00:13:58: [Método: Void Begin(System.AsyncCallback, System.Object, Int32), Línea: 0] - Ya se agregó un elemento con la misma clave.
15/05/2020 00:13:58: [Método: System.IAsyncResult BeginExecuteCore(System.AsyncCallback, System.Object), Línea: 0] - Ya se agregó un elemento con la misma clave.
15/05/2020 00:13:58: [Método: System.IAsyncResult <BeginExecute>b__14(System.AsyncCallback, System.Object, System.Web.Mvc.Controller), Línea: 0] - Ya se agregó un elemento con la misma clave.
15/05/2020 00:13:58: [Método: System.IAsyncResult CallBeginDelegate(System.AsyncCallback, System.Object), Línea: 0] - Ya se agregó un elemento con la misma clave.
15/05/2020 00:13:58: [Método: Void Begin(System.AsyncCallback, System.Object, Int32), Línea: 0] - Ya se agregó un elemento con la misma clave.
15/05/2020 00:13:58: [Método: System.IAsyncResult BeginExecute(System.Web.Routing.RequestContext, System.AsyncCallback, System.Object), Línea: 0] - Ya se agregó un elemento con la misma clave.
15/05/2020 00:13:58: [Método: System.IAsyncResult System.Web.Mvc.Async.IAsyncController.BeginExecute(System.Web.Routing.RequestContext, System.AsyncCallback, System.Object), Línea: 0] - Ya se agregó un elemento con la misma clave.
15/05/2020 00:13:58: [Método: System.IAsyncResult <BeginProcessRequest>b__4(System.AsyncCallback, System.Object, ProcessRequestState), Línea: 0] - Ya se agregó un elemento con la misma clave.
15/05/2020 00:13:58: [Método: System.IAsyncResult CallBeginDelegate(System.AsyncCallback, System.Object), Línea: 0] - Ya se agregó un elemento con la misma clave.
15/05/2020 00:13:58: [Método: Void Begin(System.AsyncCallback, System.Object, Int32), Línea: 0] - Ya se agregó un elemento con la misma clave.
15/05/2020 00:13:58: [Método: System.IAsyncResult BeginProcessRequest(System.Web.HttpContextBase, System.AsyncCallback, System.Object), Línea: 0] - Ya se agregó un elemento con la misma clave.
15/05/2020 00:13:58: [Método: System.IAsyncResult BeginProcessRequest(System.Web.HttpContext, System.AsyncCallback, System.Object), Línea: 0] - Ya se agregó un elemento con la misma clave.
15/05/2020 00:13:58: [Método: System.IAsyncResult System.Web.IHttpAsyncHandler.BeginProcessRequest(System.Web.HttpContext, System.AsyncCallback, System.Object), Línea: 0] - Ya se agregó un elemento con la misma clave.
15/05/2020 00:13:58: [Método: Void System.Web.HttpApplication.IExecutionStep.Execute(), Línea: 0] - Ya se agregó un elemento con la misma clave.
15/05/2020 00:13:58: [Método: Void ExecuteStepImpl(IExecutionStep), Línea: 0] - Ya se agregó un elemento con la misma clave.
15/05/2020 00:13:58: [Método: System.Exception ExecuteStep(IExecutionStep, Boolean ByRef), Línea: 0] - Ya se agregó un elemento con la misma clave.
15/05/2020 00:17:37: [Método: Void HandleUnknownAction(System.String), Línea: 0] - No se encuentra un método de acción público 'Default' en el controlador 'MRVMinem.Controllers.ErrorController'.
15/05/2020 00:17:37: [Método: Void <BeginExecuteCore>b__1d(System.IAsyncResult, ExecuteCoreState), Línea: 0] - No se encuentra un método de acción público 'Default' en el controlador 'MRVMinem.Controllers.ErrorController'.
15/05/2020 00:17:37: [Método: System.Web.Mvc.Async.AsyncVoid CallEndDelegate(System.IAsyncResult), Línea: 0] - No se encuentra un método de acción público 'Default' en el controlador 'MRVMinem.Controllers.ErrorController'.
15/05/2020 00:17:37: [Método: TResult End(), Línea: 0] - No se encuentra un método de acción público 'Default' en el controlador 'MRVMinem.Controllers.ErrorController'.
15/05/2020 00:17:37: [Método: Void EndExecuteCore(System.IAsyncResult), Línea: 0] - No se encuentra un método de acción público 'Default' en el controlador 'MRVMinem.Controllers.ErrorController'.
15/05/2020 00:17:37: [Método: Void <BeginExecute>b__15(System.IAsyncResult, System.Web.Mvc.Controller), Línea: 0] - No se encuentra un método de acción público 'Default' en el controlador 'MRVMinem.Controllers.ErrorController'.
15/05/2020 00:17:37: [Método: System.Web.Mvc.Async.AsyncVoid CallEndDelegate(System.IAsyncResult), Línea: 0] - No se encuentra un método de acción público 'Default' en el controlador 'MRVMinem.Controllers.ErrorController'.
15/05/2020 00:17:37: [Método: TResult End(), Línea: 0] - No se encuentra un método de acción público 'Default' en el controlador 'MRVMinem.Controllers.ErrorController'.
15/05/2020 00:17:37: [Método: Void EndExecute(System.IAsyncResult), Línea: 0] - No se encuentra un método de acción público 'Default' en el controlador 'MRVMinem.Controllers.ErrorController'.
15/05/2020 00:17:37: [Método: Void System.Web.Mvc.Async.IAsyncController.EndExecute(System.IAsyncResult), Línea: 0] - No se encuentra un método de acción público 'Default' en el controlador 'MRVMinem.Controllers.ErrorController'.
15/05/2020 00:17:37: [Método: Void <BeginProcessRequest>b__5(System.IAsyncResult, ProcessRequestState), Línea: 0] - No se encuentra un método de acción público 'Default' en el controlador 'MRVMinem.Controllers.ErrorController'.
15/05/2020 00:17:37: [Método: System.Web.Mvc.Async.AsyncVoid CallEndDelegate(System.IAsyncResult), Línea: 0] - No se encuentra un método de acción público 'Default' en el controlador 'MRVMinem.Controllers.ErrorController'.
15/05/2020 00:17:37: [Método: TResult End(), Línea: 0] - No se encuentra un método de acción público 'Default' en el controlador 'MRVMinem.Controllers.ErrorController'.
15/05/2020 00:17:37: [Método: Void EndProcessRequest(System.IAsyncResult), Línea: 0] - No se encuentra un método de acción público 'Default' en el controlador 'MRVMinem.Controllers.ErrorController'.
15/05/2020 00:17:37: [Método: Void System.Web.IHttpAsyncHandler.EndProcessRequest(System.IAsyncResult), Línea: 0] - No se encuentra un método de acción público 'Default' en el controlador 'MRVMinem.Controllers.ErrorController'.
15/05/2020 00:17:37: [Método: Void System.Web.HttpApplication.IExecutionStep.Execute(), Línea: 0] - No se encuentra un método de acción público 'Default' en el controlador 'MRVMinem.Controllers.ErrorController'.
15/05/2020 00:17:37: [Método: Void ExecuteStepImpl(IExecutionStep), Línea: 0] - No se encuentra un método de acción público 'Default' en el controlador 'MRVMinem.Controllers.ErrorController'.
15/05/2020 00:17:37: [Método: System.Exception ExecuteStep(IExecutionStep, Boolean ByRef), Línea: 0] - No se encuentra un método de acción público 'Default' en el controlador 'MRVMinem.Controllers.ErrorController'.
15/05/2020 01:23:11: [Método: Void HandleUnknownAction(System.String), Línea: 0] - No se encuentra un método de acción público 'login' en el controlador 'MRVMinem.Controllers.PortalController'.
15/05/2020 01:23:11: [Método: Void <BeginExecuteCore>b__1d(System.IAsyncResult, ExecuteCoreState), Línea: 0] - No se encuentra un método de acción público 'login' en el controlador 'MRVMinem.Controllers.PortalController'.
15/05/2020 01:23:11: [Método: System.Web.Mvc.Async.AsyncVoid CallEndDelegate(System.IAsyncResult), Línea: 0] - No se encuentra un método de acción público 'login' en el controlador 'MRVMinem.Controllers.PortalController'.
15/05/2020 01:23:11: [Método: TResult End(), Línea: 0] - No se encuentra un método de acción público 'login' en el controlador 'MRVMinem.Controllers.PortalController'.
15/05/2020 01:23:11: [Método: Void EndExecuteCore(System.IAsyncResult), Línea: 0] - No se encuentra un método de acción público 'login' en el controlador 'MRVMinem.Controllers.PortalController'.
15/05/2020 01:23:11: [Método: Void <BeginExecute>b__15(System.IAsyncResult, System.Web.Mvc.Controller), Línea: 0] - No se encuentra un método de acción público 'login' en el controlador 'MRVMinem.Controllers.PortalController'.
15/05/2020 01:23:11: [Método: System.Web.Mvc.Async.AsyncVoid CallEndDelegate(System.IAsyncResult), Línea: 0] - No se encuentra un método de acción público 'login' en el controlador 'MRVMinem.Controllers.PortalController'.
15/05/2020 01:23:11: [Método: TResult End(), Línea: 0] - No se encuentra un método de acción público 'login' en el controlador 'MRVMinem.Controllers.PortalController'.
15/05/2020 01:23:11: [Método: Void EndExecute(System.IAsyncResult), Línea: 0] - No se encuentra un método de acción público 'login' en el controlador 'MRVMinem.Controllers.PortalController'.
15/05/2020 01:23:11: [Método: Void System.Web.Mvc.Async.IAsyncController.EndExecute(System.IAsyncResult), Línea: 0] - No se encuentra un método de acción público 'login' en el controlador 'MRVMinem.Controllers.PortalController'.
15/05/2020 01:23:11: [Método: Void <BeginProcessRequest>b__5(System.IAsyncResult, ProcessRequestState), Línea: 0] - No se encuentra un método de acción público 'login' en el controlador 'MRVMinem.Controllers.PortalController'.
15/05/2020 01:23:11: [Método: System.Web.Mvc.Async.AsyncVoid CallEndDelegate(System.IAsyncResult), Línea: 0] - No se encuentra un método de acción público 'login' en el controlador 'MRVMinem.Controllers.PortalController'.
15/05/2020 01:23:11: [Método: TResult End(), Línea: 0] - No se encuentra un método de acción público 'login' en el controlador 'MRVMinem.Controllers.PortalController'.
15/05/2020 01:23:11: [Método: Void EndProcessRequest(System.IAsyncResult), Línea: 0] - No se encuentra un método de acción público 'login' en el controlador 'MRVMinem.Controllers.PortalController'.
15/05/2020 01:23:11: [Método: Void System.Web.IHttpAsyncHandler.EndProcessRequest(System.IAsyncResult), Línea: 0] - No se encuentra un método de acción público 'login' en el controlador 'MRVMinem.Controllers.PortalController'.
15/05/2020 01:23:11: [Método: Void System.Web.HttpApplication.IExecutionStep.Execute(), Línea: 0] - No se encuentra un método de acción público 'login' en el controlador 'MRVMinem.Controllers.PortalController'.
15/05/2020 01:23:11: [Método: Void ExecuteStepImpl(IExecutionStep), Línea: 0] - No se encuentra un método de acción público 'login' en el controlador 'MRVMinem.Controllers.PortalController'.
15/05/2020 01:23:11: [Método: System.Exception ExecuteStep(IExecutionStep, Boolean ByRef), Línea: 0] - No se encuentra un método de acción público 'login' en el controlador 'MRVMinem.Controllers.PortalController'.
15/05/2020 02:22:50: [Método: Void HandleUnknownAction(System.String), Línea: 0] - No se encuentra un método de acción público 'Default' en el controlador 'MRVMinem.Controllers.ErrorController'.
15/05/2020 02:22:50: [Método: Void <BeginExecuteCore>b__1d(System.IAsyncResult, ExecuteCoreState), Línea: 0] - No se encuentra un método de acción público 'Default' en el controlador 'MRVMinem.Controllers.ErrorController'.
15/05/2020 02:22:50: [Método: System.Web.Mvc.Async.AsyncVoid CallEndDelegate(System.IAsyncResult), Línea: 0] - No se encuentra un método de acción público 'Default' en el controlador 'MRVMinem.Controllers.ErrorController'.
15/05/2020 02:22:50: [Método: TResult End(), Línea: 0] - No se encuentra un método de acción público 'Default' en el controlador 'MRVMinem.Controllers.ErrorController'.
15/05/2020 02:22:50: [Método: Void EndExecuteCore(System.IAsyncResult), Línea: 0] - No se encuentra un método de acción público 'Default' en el controlador 'MRVMinem.Controllers.ErrorController'.
15/05/2020 02:22:50: [Método: Void <BeginExecute>b__15(System.IAsyncResult, System.Web.Mvc.Controller), Línea: 0] - No se encuentra un método de acción público 'Default' en el controlador 'MRVMinem.Controllers.ErrorController'.
15/05/2020 02:22:50: [Método: System.Web.Mvc.Async.AsyncVoid CallEndDelegate(System.IAsyncResult), Línea: 0] - No se encuentra un método de acción público 'Default' en el controlador 'MRVMinem.Controllers.ErrorController'.
15/05/2020 02:22:50: [Método: TResult End(), Línea: 0] - No se encuentra un método de acción público 'Default' en el controlador 'MRVMinem.Controllers.ErrorController'.
15/05/2020 02:22:50: [Método: Void EndExecute(System.IAsyncResult), Línea: 0] - No se encuentra un método de acción público 'Default' en el controlador 'MRVMinem.Controllers.ErrorController'.
15/05/2020 02:22:50: [Método: Void System.Web.Mvc.Async.IAsyncController.EndExecute(System.IAsyncResult), Línea: 0] - No se encuentra un método de acción público 'Default' en el controlador 'MRVMinem.Controllers.ErrorController'.
15/05/2020 02:22:50: [Método: Void <BeginProcessRequest>b__5(System.IAsyncResult, ProcessRequestState), Línea: 0] - No se encuentra un método de acción público 'Default' en el controlador 'MRVMinem.Controllers.ErrorController'.
15/05/2020 02:22:50: [Método: System.Web.Mvc.Async.AsyncVoid CallEndDelegate(System.IAsyncResult), Línea: 0] - No se encuentra un método de acción público 'Default' en el controlador 'MRVMinem.Controllers.ErrorController'.
15/05/2020 02:22:50: [Método: TResult End(), Línea: 0] - No se encuentra un método de acción público 'Default' en el controlador 'MRVMinem.Controllers.ErrorController'.
15/05/2020 02:22:50: [Método: Void EndProcessRequest(System.IAsyncResult), Línea: 0] - No se encuentra un método de acción público 'Default' en el controlador 'MRVMinem.Controllers.ErrorController'.
15/05/2020 02:22:50: [Método: Void System.Web.IHttpAsyncHandler.EndProcessRequest(System.IAsyncResult), Línea: 0] - No se encuentra un método de acción público 'Default' en el controlador 'MRVMinem.Controllers.ErrorController'.
15/05/2020 02:22:50: [Método: Void System.Web.HttpApplication.IExecutionStep.Execute(), Línea: 0] - No se encuentra un método de acción público 'Default' en el controlador 'MRVMinem.Controllers.ErrorController'.
15/05/2020 02:22:50: [Método: Void ExecuteStepImpl(IExecutionStep), Línea: 0] - No se encuentra un método de acción público 'Default' en el controlador 'MRVMinem.Controllers.ErrorController'.
15/05/2020 02:22:50: [Método: System.Exception ExecuteStep(IExecutionStep, Boolean ByRef), Línea: 0] - No se encuentra un método de acción público 'Default' en el controlador 'MRVMinem.Controllers.ErrorController'.
15/05/2020 09:05:20: [Método: Void ThrowForNonSuccess(System.Threading.Tasks.Task), Línea: 0] - Error al enviar la solicitud.
15/05/2020 09:05:20: [Método: Void HandleNonSuccessAndDebuggerNotification(System.Threading.Tasks.Task), Línea: 0] - Error al enviar la solicitud.
15/05/2020 09:05:20: [Método: TResult GetResult(), Línea: 0] - Error al enviar la solicitud.
15/05/2020 09:05:20: [Método: Void MoveNext(), Línea: 115] - Error al enviar la solicitud.
