21/04/2021 11:28:11: [Método: Void HandleErrorHelper(Int32, Oracle.DataAccess.Client.OracleConnection, IntPtr, Oracle.DataAccess.Client.OpoSqlValCtx*, System.Object, System.String, Boolean, Int32, Oracle.DataAccess.Client.OracleLogicalTransaction), Línea: 0] - ORA-06550: línea 1, columna 35:
PLS-00302: el componente 'USP_SEL_PASSWORD' se debe declarar
ORA-06550: línea 1, columna 7:
PL/SQL: Statement ignored
21/04/2021 11:28:11: [Método: Void HandleError(Int32, Oracle.DataAccess.Client.OracleConnection, System.String, IntPtr, Oracle.DataAccess.Client.OpoSqlValCtx*, System.Object, Boolean, Oracle.DataAccess.Client.OracleLogicalTransaction), Línea: 0] - ORA-06550: línea 1, columna 35:
PLS-00302: el componente 'USP_SEL_PASSWORD' se debe declarar
ORA-06550: línea 1, columna 7:
PL/SQL: Statement ignored
21/04/2021 11:28:11: [Método: Oracle.DataAccess.Client.OracleDataReader ExecuteReader(Boolean, Boolean, System.Data.CommandBehavior), Línea: 0] - ORA-06550: línea 1, columna 35:
PLS-00302: el componente 'USP_SEL_PASSWORD' se debe declarar
ORA-06550: línea 1, columna 7:
PL/SQL: Statement ignored
21/04/2021 11:28:11: [Método: System.Data.Common.DbDataReader ExecuteDbDataReader(System.Data.CommandBehavior), Línea: 0] - ORA-06550: línea 1, columna 35:
PLS-00302: el componente 'USP_SEL_PASSWORD' se debe declarar
ORA-06550: línea 1, columna 7:
PL/SQL: Statement ignored
21/04/2021 11:28:11: [Método: System.Data.IDataReader System.Data.IDbCommand.ExecuteReader(System.Data.CommandBehavior), Línea: 0] - ORA-06550: línea 1, columna 35:
PLS-00302: el componente 'USP_SEL_PASSWORD' se debe declarar
ORA-06550: línea 1, columna 7:
PL/SQL: Statement ignored
21/04/2021 11:28:11: [Método: System.Data.IDataReader ExecuteReaderWithFlagsFallback(System.Data.IDbCommand, Boolean, System.Data.CommandBehavior), Línea: 0] - ORA-06550: línea 1, columna 35:
PLS-00302: el componente 'USP_SEL_PASSWORD' se debe declarar
ORA-06550: línea 1, columna 7:
PL/SQL: Statement ignored
21/04/2021 11:28:11: [Método: Boolean MoveNext(), Línea: 0] - ORA-06550: línea 1, columna 35:
PLS-00302: el componente 'USP_SEL_PASSWORD' se debe declarar
ORA-06550: línea 1, columna 7:
PL/SQL: Statement ignored
21/04/2021 11:28:11: [Método: Void .ctor(System.Collections.Generic.IEnumerable`1[T]), Línea: 0] - ORA-06550: línea 1, columna 35:
PLS-00302: el componente 'USP_SEL_PASSWORD' se debe declarar
ORA-06550: línea 1, columna 7:
PL/SQL: Statement ignored
21/04/2021 11:28:11: [Método: System.Collections.Generic.List`1[TSource] ToList[TSource](System.Collections.Generic.IEnumerable`1[TSource]), Línea: 0] - ORA-06550: línea 1, columna 35:
PLS-00302: el componente 'USP_SEL_PASSWORD' se debe declarar
ORA-06550: línea 1, columna 7:
PL/SQL: Statement ignored
21/04/2021 11:28:11: [Método: System.Collections.Generic.IEnumerable`1[T] Query[T](System.Data.IDbConnection, System.String, System.Object, System.Data.IDbTransaction, Boolean, System.Nullable`1[System.Int32], System.Nullable`1[System.Data.CommandType]), Línea: 0] - ORA-06550: línea 1, columna 35:
PLS-00302: el componente 'USP_SEL_PASSWORD' se debe declarar
ORA-06550: línea 1, columna 7:
PL/SQL: Statement ignored
21/04/2021 11:28:11: [Método: entidad.minem.gob.pe.UsuarioBE ObtenerPassword(entidad.minem.gob.pe.UsuarioBE), Línea: 248] - ORA-06550: línea 1, columna 35:
PLS-00302: el componente 'USP_SEL_PASSWORD' se debe declarar
ORA-06550: línea 1, columna 7:
PL/SQL: Statement ignored
21/04/2021 11:28:25: [Método: Void HandleErrorHelper(Int32, Oracle.DataAccess.Client.OracleConnection, IntPtr, Oracle.DataAccess.Client.OpoSqlValCtx*, System.Object, System.String, Boolean, Int32, Oracle.DataAccess.Client.OracleLogicalTransaction), Línea: 0] - ORA-06550: línea 1, columna 43:
PLS-00302: el componente 'USP_SEL_LISTA_MEDIDAMITIGACION' se debe declarar
ORA-06550: línea 1, columna 7:
PL/SQL: Statement ignored
21/04/2021 11:28:25: [Método: Void HandleError(Int32, Oracle.DataAccess.Client.OracleConnection, System.String, IntPtr, Oracle.DataAccess.Client.OpoSqlValCtx*, System.Object, Boolean, Oracle.DataAccess.Client.OracleLogicalTransaction), Línea: 0] - ORA-06550: línea 1, columna 43:
PLS-00302: el componente 'USP_SEL_LISTA_MEDIDAMITIGACION' se debe declarar
ORA-06550: línea 1, columna 7:
PL/SQL: Statement ignored
21/04/2021 11:28:25: [Método: Oracle.DataAccess.Client.OracleDataReader ExecuteReader(Boolean, Boolean, System.Data.CommandBehavior), Línea: 0] - ORA-06550: línea 1, columna 43:
PLS-00302: el componente 'USP_SEL_LISTA_MEDIDAMITIGACION' se debe declarar
ORA-06550: línea 1, columna 7:
PL/SQL: Statement ignored
21/04/2021 11:28:25: [Método: System.Data.Common.DbDataReader ExecuteDbDataReader(System.Data.CommandBehavior), Línea: 0] - ORA-06550: línea 1, columna 43:
PLS-00302: el componente 'USP_SEL_LISTA_MEDIDAMITIGACION' se debe declarar
ORA-06550: línea 1, columna 7:
PL/SQL: Statement ignored
21/04/2021 11:28:25: [Método: System.Data.IDataReader System.Data.IDbCommand.ExecuteReader(System.Data.CommandBehavior), Línea: 0] - ORA-06550: línea 1, columna 43:
PLS-00302: el componente 'USP_SEL_LISTA_MEDIDAMITIGACION' se debe declarar
ORA-06550: línea 1, columna 7:
PL/SQL: Statement ignored
21/04/2021 11:28:25: [Método: System.Data.IDataReader ExecuteReaderWithFlagsFallback(System.Data.IDbCommand, Boolean, System.Data.CommandBehavior), Línea: 0] - ORA-06550: línea 1, columna 43:
PLS-00302: el componente 'USP_SEL_LISTA_MEDIDAMITIGACION' se debe declarar
ORA-06550: línea 1, columna 7:
PL/SQL: Statement ignored
21/04/2021 11:28:25: [Método: Boolean MoveNext(), Línea: 0] - ORA-06550: línea 1, columna 43:
PLS-00302: el componente 'USP_SEL_LISTA_MEDIDAMITIGACION' se debe declarar
ORA-06550: línea 1, columna 7:
PL/SQL: Statement ignored
21/04/2021 11:28:25: [Método: Void .ctor(System.Collections.Generic.IEnumerable`1[T]), Línea: 0] - ORA-06550: línea 1, columna 43:
PLS-00302: el componente 'USP_SEL_LISTA_MEDIDAMITIGACION' se debe declarar
ORA-06550: línea 1, columna 7:
PL/SQL: Statement ignored
21/04/2021 11:28:25: [Método: System.Collections.Generic.List`1[TSource] ToList[TSource](System.Collections.Generic.IEnumerable`1[TSource]), Línea: 0] - ORA-06550: línea 1, columna 43:
PLS-00302: el componente 'USP_SEL_LISTA_MEDIDAMITIGACION' se debe declarar
ORA-06550: línea 1, columna 7:
PL/SQL: Statement ignored
21/04/2021 11:28:25: [Método: System.Collections.Generic.IEnumerable`1[T] Query[T](System.Data.IDbConnection, System.String, System.Object, System.Data.IDbTransaction, Boolean, System.Nullable`1[System.Int32], System.Nullable`1[System.Data.CommandType]), Línea: 0] - ORA-06550: línea 1, columna 43:
PLS-00302: el componente 'USP_SEL_LISTA_MEDIDAMITIGACION' se debe declarar
ORA-06550: línea 1, columna 7:
PL/SQL: Statement ignored
21/04/2021 11:28:25: [Método: System.Collections.Generic.List`1[entidad.minem.gob.pe.MedidaMitigacionBE] ListarMedidaMitigacion(entidad.minem.gob.pe.MedidaMitigacionBE), Línea: 30] - ORA-06550: línea 1, columna 43:
PLS-00302: el componente 'USP_SEL_LISTA_MEDIDAMITIGACION' se debe declarar
ORA-06550: línea 1, columna 7:
PL/SQL: Statement ignored
21/04/2021 11:28:26: [Método: Void HandleErrorHelper(Int32, Oracle.DataAccess.Client.OracleConnection, IntPtr, Oracle.DataAccess.Client.OpoSqlValCtx*, System.Object, System.String, Boolean, Int32, Oracle.DataAccess.Client.OracleLogicalTransaction), Línea: 0] - ORA-06550: línea 1, columna 35:
PLS-00302: el componente 'USP_SEL_LISTA_MEDMIT' se debe declarar
ORA-06550: línea 1, columna 7:
PL/SQL: Statement ignored
21/04/2021 11:28:26: [Método: Void HandleError(Int32, Oracle.DataAccess.Client.OracleConnection, System.String, IntPtr, Oracle.DataAccess.Client.OpoSqlValCtx*, System.Object, Boolean, Oracle.DataAccess.Client.OracleLogicalTransaction), Línea: 0] - ORA-06550: línea 1, columna 35:
PLS-00302: el componente 'USP_SEL_LISTA_MEDMIT' se debe declarar
ORA-06550: línea 1, columna 7:
PL/SQL: Statement ignored
21/04/2021 11:28:26: [Método: Oracle.DataAccess.Client.OracleDataReader ExecuteReader(Boolean, Boolean, System.Data.CommandBehavior), Línea: 0] - ORA-06550: línea 1, columna 35:
PLS-00302: el componente 'USP_SEL_LISTA_MEDMIT' se debe declarar
ORA-06550: línea 1, columna 7:
PL/SQL: Statement ignored
21/04/2021 11:28:26: [Método: System.Data.Common.DbDataReader ExecuteDbDataReader(System.Data.CommandBehavior), Línea: 0] - ORA-06550: línea 1, columna 35:
PLS-00302: el componente 'USP_SEL_LISTA_MEDMIT' se debe declarar
ORA-06550: línea 1, columna 7:
PL/SQL: Statement ignored
21/04/2021 11:28:26: [Método: System.Data.IDataReader System.Data.IDbCommand.ExecuteReader(System.Data.CommandBehavior), Línea: 0] - ORA-06550: línea 1, columna 35:
PLS-00302: el componente 'USP_SEL_LISTA_MEDMIT' se debe declarar
ORA-06550: línea 1, columna 7:
PL/SQL: Statement ignored
21/04/2021 11:28:26: [Método: System.Data.IDataReader ExecuteReaderWithFlagsFallback(System.Data.IDbCommand, Boolean, System.Data.CommandBehavior), Línea: 0] - ORA-06550: línea 1, columna 35:
PLS-00302: el componente 'USP_SEL_LISTA_MEDMIT' se debe declarar
ORA-06550: línea 1, columna 7:
PL/SQL: Statement ignored
21/04/2021 11:28:26: [Método: Boolean MoveNext(), Línea: 0] - ORA-06550: línea 1, columna 35:
PLS-00302: el componente 'USP_SEL_LISTA_MEDMIT' se debe declarar
ORA-06550: línea 1, columna 7:
PL/SQL: Statement ignored
21/04/2021 11:28:26: [Método: Void .ctor(System.Collections.Generic.IEnumerable`1[T]), Línea: 0] - ORA-06550: línea 1, columna 35:
PLS-00302: el componente 'USP_SEL_LISTA_MEDMIT' se debe declarar
ORA-06550: línea 1, columna 7:
PL/SQL: Statement ignored
21/04/2021 11:28:26: [Método: System.Collections.Generic.List`1[TSource] ToList[TSource](System.Collections.Generic.IEnumerable`1[TSource]), Línea: 0] - ORA-06550: línea 1, columna 35:
PLS-00302: el componente 'USP_SEL_LISTA_MEDMIT' se debe declarar
ORA-06550: línea 1, columna 7:
PL/SQL: Statement ignored
21/04/2021 11:28:26: [Método: System.Collections.Generic.IEnumerable`1[T] Query[T](System.Data.IDbConnection, System.String, System.Object, System.Data.IDbTransaction, Boolean, System.Nullable`1[System.Int32], System.Nullable`1[System.Data.CommandType]), Línea: 0] - ORA-06550: línea 1, columna 35:
PLS-00302: el componente 'USP_SEL_LISTA_MEDMIT' se debe declarar
ORA-06550: línea 1, columna 7:
PL/SQL: Statement ignored
21/04/2021 11:28:26: [Método: System.Collections.Generic.List`1[entidad.minem.gob.pe.IniciativaBE] ListaMedidaMitigacion(), Línea: 1496] - ORA-06550: línea 1, columna 35:
PLS-00302: el componente 'USP_SEL_LISTA_MEDMIT' se debe declarar
ORA-06550: línea 1, columna 7:
PL/SQL: Statement ignored
21/04/2021 11:28:34: [Método: Void HandleErrorHelper(Int32, Oracle.DataAccess.Client.OracleConnection, IntPtr, Oracle.DataAccess.Client.OpoSqlValCtx*, System.Object, System.String, Boolean, Int32, Oracle.DataAccess.Client.OracleLogicalTransaction), Línea: 0] - ORA-06550: línea 1, columna 35:
PLS-00302: el componente 'USP_SEL_PASSWORD' se debe declarar
ORA-06550: línea 1, columna 7:
PL/SQL: Statement ignored
21/04/2021 11:28:34: [Método: Void HandleError(Int32, Oracle.DataAccess.Client.OracleConnection, System.String, IntPtr, Oracle.DataAccess.Client.OpoSqlValCtx*, System.Object, Boolean, Oracle.DataAccess.Client.OracleLogicalTransaction), Línea: 0] - ORA-06550: línea 1, columna 35:
PLS-00302: el componente 'USP_SEL_PASSWORD' se debe declarar
ORA-06550: línea 1, columna 7:
PL/SQL: Statement ignored
21/04/2021 11:28:34: [Método: Oracle.DataAccess.Client.OracleDataReader ExecuteReader(Boolean, Boolean, System.Data.CommandBehavior), Línea: 0] - ORA-06550: línea 1, columna 35:
PLS-00302: el componente 'USP_SEL_PASSWORD' se debe declarar
ORA-06550: línea 1, columna 7:
PL/SQL: Statement ignored
21/04/2021 11:28:34: [Método: System.Data.Common.DbDataReader ExecuteDbDataReader(System.Data.CommandBehavior), Línea: 0] - ORA-06550: línea 1, columna 35:
PLS-00302: el componente 'USP_SEL_PASSWORD' se debe declarar
ORA-06550: línea 1, columna 7:
PL/SQL: Statement ignored
21/04/2021 11:28:34: [Método: System.Data.IDataReader System.Data.IDbCommand.ExecuteReader(System.Data.CommandBehavior), Línea: 0] - ORA-06550: línea 1, columna 35:
PLS-00302: el componente 'USP_SEL_PASSWORD' se debe declarar
ORA-06550: línea 1, columna 7:
PL/SQL: Statement ignored
21/04/2021 11:28:34: [Método: System.Data.IDataReader ExecuteReaderWithFlagsFallback(System.Data.IDbCommand, Boolean, System.Data.CommandBehavior), Línea: 0] - ORA-06550: línea 1, columna 35:
PLS-00302: el componente 'USP_SEL_PASSWORD' se debe declarar
ORA-06550: línea 1, columna 7:
PL/SQL: Statement ignored
21/04/2021 11:28:34: [Método: Boolean MoveNext(), Línea: 0] - ORA-06550: línea 1, columna 35:
PLS-00302: el componente 'USP_SEL_PASSWORD' se debe declarar
ORA-06550: línea 1, columna 7:
PL/SQL: Statement ignored
21/04/2021 11:28:34: [Método: Void .ctor(System.Collections.Generic.IEnumerable`1[T]), Línea: 0] - ORA-06550: línea 1, columna 35:
PLS-00302: el componente 'USP_SEL_PASSWORD' se debe declarar
ORA-06550: línea 1, columna 7:
PL/SQL: Statement ignored
21/04/2021 11:28:34: [Método: System.Collections.Generic.List`1[TSource] ToList[TSource](System.Collections.Generic.IEnumerable`1[TSource]), Línea: 0] - ORA-06550: línea 1, columna 35:
PLS-00302: el componente 'USP_SEL_PASSWORD' se debe declarar
ORA-06550: línea 1, columna 7:
PL/SQL: Statement ignored
21/04/2021 11:28:34: [Método: System.Collections.Generic.IEnumerable`1[T] Query[T](System.Data.IDbConnection, System.String, System.Object, System.Data.IDbTransaction, Boolean, System.Nullable`1[System.Int32], System.Nullable`1[System.Data.CommandType]), Línea: 0] - ORA-06550: línea 1, columna 35:
PLS-00302: el componente 'USP_SEL_PASSWORD' se debe declarar
ORA-06550: línea 1, columna 7:
PL/SQL: Statement ignored
21/04/2021 11:28:34: [Método: entidad.minem.gob.pe.UsuarioBE ObtenerPassword(entidad.minem.gob.pe.UsuarioBE), Línea: 248] - ORA-06550: línea 1, columna 35:
PLS-00302: el componente 'USP_SEL_PASSWORD' se debe declarar
ORA-06550: línea 1, columna 7:
PL/SQL: Statement ignored
