18/05/2020 09:56:10: [Método: Void HandleErrorHelper(Int32, Oracle.DataAccess.Client.OracleConnection, IntPtr, Oracle.DataAccess.Client.OpoSqlValCtx*, System.Object, System.String, Boolean, Int32, Oracle.DataAccess.Client.OracleLogicalTransaction), Línea: 0] - ORA-12514: TNS:listener does not currently know of service requested in connect descriptor
18/05/2020 09:56:10: [Método: Void HandleError(Int32, Oracle.DataAccess.Client.OracleConnection, IntPtr, System.Object, Oracle.DataAccess.Client.OracleLogicalTransaction), Línea: 0] - ORA-12514: TNS:listener does not currently know of service requested in connect descriptor
18/05/2020 09:56:10: [Método: Void Open(Oracle.DataAccess.Client.OracleConnection), Línea: 0] - ORA-12514: TNS:listener does not currently know of service requested in connect descriptor
18/05/2020 09:56:10: [Método: Void Open(), Línea: 0] - ORA-12514: TNS:listener does not currently know of service requested in connect descriptor
18/05/2020 09:56:10: [Método: Boolean MoveNext(), Línea: 0] - ORA-12514: TNS:listener does not currently know of service requested in connect descriptor
18/05/2020 09:56:10: [Método: Void .ctor(System.Collections.Generic.IEnumerable`1[T]), Línea: 0] - ORA-12514: TNS:listener does not currently know of service requested in connect descriptor
18/05/2020 09:56:10: [Método: System.Collections.Generic.List`1[TSource] ToList[TSource](System.Collections.Generic.IEnumerable`1[TSource]), Línea: 0] - ORA-12514: TNS:listener does not currently know of service requested in connect descriptor
18/05/2020 09:56:10: [Método: System.Collections.Generic.IEnumerable`1[T] Query[T](System.Data.IDbConnection, System.String, System.Object, System.Data.IDbTransaction, Boolean, System.Nullable`1[System.Int32], System.Nullable`1[System.Data.CommandType]), Línea: 0] - ORA-12514: TNS:listener does not currently know of service requested in connect descriptor
18/05/2020 09:56:10: [Método: entidad.minem.gob.pe.UsuarioBE ObtenerPassword(entidad.minem.gob.pe.UsuarioBE), Línea: 230] - ORA-12514: TNS:listener does not currently know of service requested in connect descriptor
18/05/2020 11:27:42: [Método: Void ThrowArgumentException(System.ExceptionResource), Línea: 0] - Ya se agregó un elemento con la misma clave.
18/05/2020 11:27:42: [Método: Void Insert(TKey, TValue, Boolean), Línea: 0] - Ya se agregó un elemento con la misma clave.
18/05/2020 11:27:42: [Método: System.Collections.Generic.Dictionary`2[TKey,TValue] ToDictionaryFast[TKey,TValue](TValue[], System.Func`2[TValue,TKey], System.Collections.Generic.IEqualityComparer`1[TKey]), Línea: 0] - Ya se agregó un elemento con la misma clave.
18/05/2020 11:27:42: [Método: System.Collections.Generic.IDictionary`2[System.String,System.Web.Mvc.ModelMetadata] get_PropertyMetadata(), Línea: 0] - Ya se agregó un elemento con la misma clave.
18/05/2020 11:27:42: [Método: Void BindProperty(System.Web.Mvc.ControllerContext, System.Web.Mvc.ModelBindingContext, System.ComponentModel.PropertyDescriptor), Línea: 0] - Ya se agregó un elemento con la misma clave.
18/05/2020 11:27:42: [Método: Void BindProperties(System.Web.Mvc.ControllerContext, System.Web.Mvc.ModelBindingContext), Línea: 0] - Ya se agregó un elemento con la misma clave.
18/05/2020 11:27:42: [Método: Void BindComplexElementalModel(System.Web.Mvc.ControllerContext, System.Web.Mvc.ModelBindingContext, System.Object), Línea: 0] - Ya se agregó un elemento con la misma clave.
18/05/2020 11:27:42: [Método: System.Object BindComplexModel(System.Web.Mvc.ControllerContext, System.Web.Mvc.ModelBindingContext), Línea: 0] - Ya se agregó un elemento con la misma clave.
18/05/2020 11:27:42: [Método: System.Object BindModel(System.Web.Mvc.ControllerContext, System.Web.Mvc.ModelBindingContext), Línea: 0] - Ya se agregó un elemento con la misma clave.
18/05/2020 11:27:42: [Método: System.Object GetParameterValue(System.Web.Mvc.ControllerContext, System.Web.Mvc.ParameterDescriptor), Línea: 0] - Ya se agregó un elemento con la misma clave.
18/05/2020 11:27:42: [Método: System.Collections.Generic.IDictionary`2[System.String,System.Object] GetParameterValues(System.Web.Mvc.ControllerContext, System.Web.Mvc.ActionDescriptor), Línea: 0] - Ya se agregó un elemento con la misma clave.
18/05/2020 11:27:42: [Método: System.IAsyncResult <BeginInvokeAction>b__19(System.AsyncCallback, System.Object), Línea: 0] - Ya se agregó un elemento con la misma clave.
18/05/2020 11:27:42: [Método: System.IAsyncResult CallBeginDelegate(System.AsyncCallback, System.Object), Línea: 0] - Ya se agregó un elemento con la misma clave.
18/05/2020 11:27:42: [Método: Void Begin(System.AsyncCallback, System.Object, Int32), Línea: 0] - Ya se agregó un elemento con la misma clave.
18/05/2020 11:27:42: [Método: System.IAsyncResult BeginInvokeAction(System.Web.Mvc.ControllerContext, System.String, System.AsyncCallback, System.Object), Línea: 0] - Ya se agregó un elemento con la misma clave.
18/05/2020 11:27:42: [Método: System.IAsyncResult <BeginExecuteCore>b__1c(System.AsyncCallback, System.Object, ExecuteCoreState), Línea: 0] - Ya se agregó un elemento con la misma clave.
18/05/2020 11:27:42: [Método: System.IAsyncResult CallBeginDelegate(System.AsyncCallback, System.Object), Línea: 0] - Ya se agregó un elemento con la misma clave.
18/05/2020 11:27:42: [Método: Void Begin(System.AsyncCallback, System.Object, Int32), Línea: 0] - Ya se agregó un elemento con la misma clave.
18/05/2020 11:27:42: [Método: System.IAsyncResult BeginExecuteCore(System.AsyncCallback, System.Object), Línea: 0] - Ya se agregó un elemento con la misma clave.
18/05/2020 11:27:42: [Método: System.IAsyncResult <BeginExecute>b__14(System.AsyncCallback, System.Object, System.Web.Mvc.Controller), Línea: 0] - Ya se agregó un elemento con la misma clave.
18/05/2020 11:27:42: [Método: System.IAsyncResult CallBeginDelegate(System.AsyncCallback, System.Object), Línea: 0] - Ya se agregó un elemento con la misma clave.
18/05/2020 11:27:42: [Método: Void Begin(System.AsyncCallback, System.Object, Int32), Línea: 0] - Ya se agregó un elemento con la misma clave.
18/05/2020 11:27:42: [Método: System.IAsyncResult BeginExecute(System.Web.Routing.RequestContext, System.AsyncCallback, System.Object), Línea: 0] - Ya se agregó un elemento con la misma clave.
18/05/2020 11:27:42: [Método: System.IAsyncResult System.Web.Mvc.Async.IAsyncController.BeginExecute(System.Web.Routing.RequestContext, System.AsyncCallback, System.Object), Línea: 0] - Ya se agregó un elemento con la misma clave.
18/05/2020 11:27:42: [Método: System.IAsyncResult <BeginProcessRequest>b__4(System.AsyncCallback, System.Object, ProcessRequestState), Línea: 0] - Ya se agregó un elemento con la misma clave.
18/05/2020 11:27:42: [Método: System.IAsyncResult CallBeginDelegate(System.AsyncCallback, System.Object), Línea: 0] - Ya se agregó un elemento con la misma clave.
18/05/2020 11:27:42: [Método: Void Begin(System.AsyncCallback, System.Object, Int32), Línea: 0] - Ya se agregó un elemento con la misma clave.
18/05/2020 11:27:42: [Método: System.IAsyncResult BeginProcessRequest(System.Web.HttpContextBase, System.AsyncCallback, System.Object), Línea: 0] - Ya se agregó un elemento con la misma clave.
18/05/2020 11:27:42: [Método: System.IAsyncResult BeginProcessRequest(System.Web.HttpContext, System.AsyncCallback, System.Object), Línea: 0] - Ya se agregó un elemento con la misma clave.
18/05/2020 11:27:42: [Método: System.IAsyncResult System.Web.IHttpAsyncHandler.BeginProcessRequest(System.Web.HttpContext, System.AsyncCallback, System.Object), Línea: 0] - Ya se agregó un elemento con la misma clave.
18/05/2020 11:27:42: [Método: Void System.Web.HttpApplication.IExecutionStep.Execute(), Línea: 0] - Ya se agregó un elemento con la misma clave.
18/05/2020 11:27:42: [Método: Void ExecuteStepImpl(IExecutionStep), Línea: 0] - Ya se agregó un elemento con la misma clave.
18/05/2020 11:27:42: [Método: System.Exception ExecuteStep(IExecutionStep, Boolean ByRef), Línea: 0] - Ya se agregó un elemento con la misma clave.
18/05/2020 11:27:45: [Método: Void ThrowArgumentException(System.ExceptionResource), Línea: 0] - Ya se agregó un elemento con la misma clave.
18/05/2020 11:27:45: [Método: Void Insert(TKey, TValue, Boolean), Línea: 0] - Ya se agregó un elemento con la misma clave.
18/05/2020 11:27:45: [Método: System.Collections.Generic.Dictionary`2[TKey,TValue] ToDictionaryFast[TKey,TValue](TValue[], System.Func`2[TValue,TKey], System.Collections.Generic.IEqualityComparer`1[TKey]), Línea: 0] - Ya se agregó un elemento con la misma clave.
18/05/2020 11:27:45: [Método: System.Collections.Generic.IDictionary`2[System.String,System.Web.Mvc.ModelMetadata] get_PropertyMetadata(), Línea: 0] - Ya se agregó un elemento con la misma clave.
18/05/2020 11:27:45: [Método: Void BindProperty(System.Web.Mvc.ControllerContext, System.Web.Mvc.ModelBindingContext, System.ComponentModel.PropertyDescriptor), Línea: 0] - Ya se agregó un elemento con la misma clave.
18/05/2020 11:27:45: [Método: Void BindProperties(System.Web.Mvc.ControllerContext, System.Web.Mvc.ModelBindingContext), Línea: 0] - Ya se agregó un elemento con la misma clave.
18/05/2020 11:27:45: [Método: Void BindComplexElementalModel(System.Web.Mvc.ControllerContext, System.Web.Mvc.ModelBindingContext, System.Object), Línea: 0] - Ya se agregó un elemento con la misma clave.
18/05/2020 11:27:45: [Método: System.Object BindComplexModel(System.Web.Mvc.ControllerContext, System.Web.Mvc.ModelBindingContext), Línea: 0] - Ya se agregó un elemento con la misma clave.
18/05/2020 11:27:45: [Método: System.Object BindModel(System.Web.Mvc.ControllerContext, System.Web.Mvc.ModelBindingContext), Línea: 0] - Ya se agregó un elemento con la misma clave.
18/05/2020 11:27:45: [Método: System.Object GetParameterValue(System.Web.Mvc.ControllerContext, System.Web.Mvc.ParameterDescriptor), Línea: 0] - Ya se agregó un elemento con la misma clave.
18/05/2020 11:27:45: [Método: System.Collections.Generic.IDictionary`2[System.String,System.Object] GetParameterValues(System.Web.Mvc.ControllerContext, System.Web.Mvc.ActionDescriptor), Línea: 0] - Ya se agregó un elemento con la misma clave.
18/05/2020 11:27:45: [Método: System.IAsyncResult <BeginInvokeAction>b__19(System.AsyncCallback, System.Object), Línea: 0] - Ya se agregó un elemento con la misma clave.
18/05/2020 11:27:45: [Método: System.IAsyncResult CallBeginDelegate(System.AsyncCallback, System.Object), Línea: 0] - Ya se agregó un elemento con la misma clave.
18/05/2020 11:27:45: [Método: Void Begin(System.AsyncCallback, System.Object, Int32), Línea: 0] - Ya se agregó un elemento con la misma clave.
18/05/2020 11:27:45: [Método: System.IAsyncResult BeginInvokeAction(System.Web.Mvc.ControllerContext, System.String, System.AsyncCallback, System.Object), Línea: 0] - Ya se agregó un elemento con la misma clave.
18/05/2020 11:27:45: [Método: System.IAsyncResult <BeginExecuteCore>b__1c(System.AsyncCallback, System.Object, ExecuteCoreState), Línea: 0] - Ya se agregó un elemento con la misma clave.
18/05/2020 11:27:45: [Método: System.IAsyncResult CallBeginDelegate(System.AsyncCallback, System.Object), Línea: 0] - Ya se agregó un elemento con la misma clave.
18/05/2020 11:27:45: [Método: Void Begin(System.AsyncCallback, System.Object, Int32), Línea: 0] - Ya se agregó un elemento con la misma clave.
18/05/2020 11:27:45: [Método: System.IAsyncResult BeginExecuteCore(System.AsyncCallback, System.Object), Línea: 0] - Ya se agregó un elemento con la misma clave.
18/05/2020 11:27:45: [Método: System.IAsyncResult <BeginExecute>b__14(System.AsyncCallback, System.Object, System.Web.Mvc.Controller), Línea: 0] - Ya se agregó un elemento con la misma clave.
18/05/2020 11:27:45: [Método: System.IAsyncResult CallBeginDelegate(System.AsyncCallback, System.Object), Línea: 0] - Ya se agregó un elemento con la misma clave.
18/05/2020 11:27:45: [Método: Void Begin(System.AsyncCallback, System.Object, Int32), Línea: 0] - Ya se agregó un elemento con la misma clave.
18/05/2020 11:27:45: [Método: System.IAsyncResult BeginExecute(System.Web.Routing.RequestContext, System.AsyncCallback, System.Object), Línea: 0] - Ya se agregó un elemento con la misma clave.
18/05/2020 11:27:45: [Método: System.IAsyncResult System.Web.Mvc.Async.IAsyncController.BeginExecute(System.Web.Routing.RequestContext, System.AsyncCallback, System.Object), Línea: 0] - Ya se agregó un elemento con la misma clave.
18/05/2020 11:27:45: [Método: System.IAsyncResult <BeginProcessRequest>b__4(System.AsyncCallback, System.Object, ProcessRequestState), Línea: 0] - Ya se agregó un elemento con la misma clave.
18/05/2020 11:27:45: [Método: System.IAsyncResult CallBeginDelegate(System.AsyncCallback, System.Object), Línea: 0] - Ya se agregó un elemento con la misma clave.
18/05/2020 11:27:45: [Método: Void Begin(System.AsyncCallback, System.Object, Int32), Línea: 0] - Ya se agregó un elemento con la misma clave.
18/05/2020 11:27:45: [Método: System.IAsyncResult BeginProcessRequest(System.Web.HttpContextBase, System.AsyncCallback, System.Object), Línea: 0] - Ya se agregó un elemento con la misma clave.
18/05/2020 11:27:45: [Método: System.IAsyncResult BeginProcessRequest(System.Web.HttpContext, System.AsyncCallback, System.Object), Línea: 0] - Ya se agregó un elemento con la misma clave.
18/05/2020 11:27:45: [Método: System.IAsyncResult System.Web.IHttpAsyncHandler.BeginProcessRequest(System.Web.HttpContext, System.AsyncCallback, System.Object), Línea: 0] - Ya se agregó un elemento con la misma clave.
18/05/2020 11:27:45: [Método: Void System.Web.HttpApplication.IExecutionStep.Execute(), Línea: 0] - Ya se agregó un elemento con la misma clave.
18/05/2020 11:27:45: [Método: Void ExecuteStepImpl(IExecutionStep), Línea: 0] - Ya se agregó un elemento con la misma clave.
18/05/2020 11:27:45: [Método: System.Exception ExecuteStep(IExecutionStep, Boolean ByRef), Línea: 0] - Ya se agregó un elemento con la misma clave.
18/05/2020 11:27:47: [Método: Void ThrowArgumentException(System.ExceptionResource), Línea: 0] - Ya se agregó un elemento con la misma clave.
18/05/2020 11:27:47: [Método: Void Insert(TKey, TValue, Boolean), Línea: 0] - Ya se agregó un elemento con la misma clave.
18/05/2020 11:27:47: [Método: System.Collections.Generic.Dictionary`2[TKey,TValue] ToDictionaryFast[TKey,TValue](TValue[], System.Func`2[TValue,TKey], System.Collections.Generic.IEqualityComparer`1[TKey]), Línea: 0] - Ya se agregó un elemento con la misma clave.
18/05/2020 11:27:47: [Método: System.Collections.Generic.IDictionary`2[System.String,System.Web.Mvc.ModelMetadata] get_PropertyMetadata(), Línea: 0] - Ya se agregó un elemento con la misma clave.
18/05/2020 11:27:47: [Método: Void BindProperty(System.Web.Mvc.ControllerContext, System.Web.Mvc.ModelBindingContext, System.ComponentModel.PropertyDescriptor), Línea: 0] - Ya se agregó un elemento con la misma clave.
18/05/2020 11:27:47: [Método: Void BindProperties(System.Web.Mvc.ControllerContext, System.Web.Mvc.ModelBindingContext), Línea: 0] - Ya se agregó un elemento con la misma clave.
18/05/2020 11:27:47: [Método: Void BindComplexElementalModel(System.Web.Mvc.ControllerContext, System.Web.Mvc.ModelBindingContext, System.Object), Línea: 0] - Ya se agregó un elemento con la misma clave.
18/05/2020 11:27:47: [Método: System.Object BindComplexModel(System.Web.Mvc.ControllerContext, System.Web.Mvc.ModelBindingContext), Línea: 0] - Ya se agregó un elemento con la misma clave.
18/05/2020 11:27:47: [Método: System.Object BindModel(System.Web.Mvc.ControllerContext, System.Web.Mvc.ModelBindingContext), Línea: 0] - Ya se agregó un elemento con la misma clave.
18/05/2020 11:27:47: [Método: System.Object GetParameterValue(System.Web.Mvc.ControllerContext, System.Web.Mvc.ParameterDescriptor), Línea: 0] - Ya se agregó un elemento con la misma clave.
18/05/2020 11:27:47: [Método: System.Collections.Generic.IDictionary`2[System.String,System.Object] GetParameterValues(System.Web.Mvc.ControllerContext, System.Web.Mvc.ActionDescriptor), Línea: 0] - Ya se agregó un elemento con la misma clave.
18/05/2020 11:27:47: [Método: System.IAsyncResult <BeginInvokeAction>b__19(System.AsyncCallback, System.Object), Línea: 0] - Ya se agregó un elemento con la misma clave.
18/05/2020 11:27:47: [Método: System.IAsyncResult CallBeginDelegate(System.AsyncCallback, System.Object), Línea: 0] - Ya se agregó un elemento con la misma clave.
18/05/2020 11:27:47: [Método: Void Begin(System.AsyncCallback, System.Object, Int32), Línea: 0] - Ya se agregó un elemento con la misma clave.
18/05/2020 11:27:47: [Método: System.IAsyncResult BeginInvokeAction(System.Web.Mvc.ControllerContext, System.String, System.AsyncCallback, System.Object), Línea: 0] - Ya se agregó un elemento con la misma clave.
18/05/2020 11:27:47: [Método: System.IAsyncResult <BeginExecuteCore>b__1c(System.AsyncCallback, System.Object, ExecuteCoreState), Línea: 0] - Ya se agregó un elemento con la misma clave.
18/05/2020 11:27:47: [Método: System.IAsyncResult CallBeginDelegate(System.AsyncCallback, System.Object), Línea: 0] - Ya se agregó un elemento con la misma clave.
18/05/2020 11:27:47: [Método: Void Begin(System.AsyncCallback, System.Object, Int32), Línea: 0] - Ya se agregó un elemento con la misma clave.
18/05/2020 11:27:47: [Método: System.IAsyncResult BeginExecuteCore(System.AsyncCallback, System.Object), Línea: 0] - Ya se agregó un elemento con la misma clave.
18/05/2020 11:27:47: [Método: System.IAsyncResult <BeginExecute>b__14(System.AsyncCallback, System.Object, System.Web.Mvc.Controller), Línea: 0] - Ya se agregó un elemento con la misma clave.
18/05/2020 11:27:47: [Método: System.IAsyncResult CallBeginDelegate(System.AsyncCallback, System.Object), Línea: 0] - Ya se agregó un elemento con la misma clave.
18/05/2020 11:27:47: [Método: Void Begin(System.AsyncCallback, System.Object, Int32), Línea: 0] - Ya se agregó un elemento con la misma clave.
18/05/2020 11:27:47: [Método: System.IAsyncResult BeginExecute(System.Web.Routing.RequestContext, System.AsyncCallback, System.Object), Línea: 0] - Ya se agregó un elemento con la misma clave.
18/05/2020 11:27:47: [Método: System.IAsyncResult System.Web.Mvc.Async.IAsyncController.BeginExecute(System.Web.Routing.RequestContext, System.AsyncCallback, System.Object), Línea: 0] - Ya se agregó un elemento con la misma clave.
18/05/2020 11:27:47: [Método: System.IAsyncResult <BeginProcessRequest>b__4(System.AsyncCallback, System.Object, ProcessRequestState), Línea: 0] - Ya se agregó un elemento con la misma clave.
18/05/2020 11:27:47: [Método: System.IAsyncResult CallBeginDelegate(System.AsyncCallback, System.Object), Línea: 0] - Ya se agregó un elemento con la misma clave.
18/05/2020 11:27:47: [Método: Void Begin(System.AsyncCallback, System.Object, Int32), Línea: 0] - Ya se agregó un elemento con la misma clave.
18/05/2020 11:27:47: [Método: System.IAsyncResult BeginProcessRequest(System.Web.HttpContextBase, System.AsyncCallback, System.Object), Línea: 0] - Ya se agregó un elemento con la misma clave.
18/05/2020 11:27:47: [Método: System.IAsyncResult BeginProcessRequest(System.Web.HttpContext, System.AsyncCallback, System.Object), Línea: 0] - Ya se agregó un elemento con la misma clave.
18/05/2020 11:27:47: [Método: System.IAsyncResult System.Web.IHttpAsyncHandler.BeginProcessRequest(System.Web.HttpContext, System.AsyncCallback, System.Object), Línea: 0] - Ya se agregó un elemento con la misma clave.
18/05/2020 11:27:47: [Método: Void System.Web.HttpApplication.IExecutionStep.Execute(), Línea: 0] - Ya se agregó un elemento con la misma clave.
18/05/2020 11:27:47: [Método: Void ExecuteStepImpl(IExecutionStep), Línea: 0] - Ya se agregó un elemento con la misma clave.
18/05/2020 11:27:47: [Método: System.Exception ExecuteStep(IExecutionStep, Boolean ByRef), Línea: 0] - Ya se agregó un elemento con la misma clave.
18/05/2020 11:27:49: [Método: Void ThrowArgumentException(System.ExceptionResource), Línea: 0] - Ya se agregó un elemento con la misma clave.
18/05/2020 11:27:49: [Método: Void Insert(TKey, TValue, Boolean), Línea: 0] - Ya se agregó un elemento con la misma clave.
18/05/2020 11:27:49: [Método: System.Collections.Generic.Dictionary`2[TKey,TValue] ToDictionaryFast[TKey,TValue](TValue[], System.Func`2[TValue,TKey], System.Collections.Generic.IEqualityComparer`1[TKey]), Línea: 0] - Ya se agregó un elemento con la misma clave.
18/05/2020 11:27:49: [Método: System.Collections.Generic.IDictionary`2[System.String,System.Web.Mvc.ModelMetadata] get_PropertyMetadata(), Línea: 0] - Ya se agregó un elemento con la misma clave.
18/05/2020 11:27:49: [Método: Void BindProperty(System.Web.Mvc.ControllerContext, System.Web.Mvc.ModelBindingContext, System.ComponentModel.PropertyDescriptor), Línea: 0] - Ya se agregó un elemento con la misma clave.
18/05/2020 11:27:49: [Método: Void BindProperties(System.Web.Mvc.ControllerContext, System.Web.Mvc.ModelBindingContext), Línea: 0] - Ya se agregó un elemento con la misma clave.
18/05/2020 11:27:49: [Método: Void BindComplexElementalModel(System.Web.Mvc.ControllerContext, System.Web.Mvc.ModelBindingContext, System.Object), Línea: 0] - Ya se agregó un elemento con la misma clave.
18/05/2020 11:27:49: [Método: System.Object BindComplexModel(System.Web.Mvc.ControllerContext, System.Web.Mvc.ModelBindingContext), Línea: 0] - Ya se agregó un elemento con la misma clave.
18/05/2020 11:27:49: [Método: System.Object BindModel(System.Web.Mvc.ControllerContext, System.Web.Mvc.ModelBindingContext), Línea: 0] - Ya se agregó un elemento con la misma clave.
18/05/2020 11:27:49: [Método: System.Object GetParameterValue(System.Web.Mvc.ControllerContext, System.Web.Mvc.ParameterDescriptor), Línea: 0] - Ya se agregó un elemento con la misma clave.
18/05/2020 11:27:49: [Método: System.Collections.Generic.IDictionary`2[System.String,System.Object] GetParameterValues(System.Web.Mvc.ControllerContext, System.Web.Mvc.ActionDescriptor), Línea: 0] - Ya se agregó un elemento con la misma clave.
18/05/2020 11:27:49: [Método: System.IAsyncResult <BeginInvokeAction>b__19(System.AsyncCallback, System.Object), Línea: 0] - Ya se agregó un elemento con la misma clave.
18/05/2020 11:27:49: [Método: System.IAsyncResult CallBeginDelegate(System.AsyncCallback, System.Object), Línea: 0] - Ya se agregó un elemento con la misma clave.
18/05/2020 11:27:49: [Método: Void Begin(System.AsyncCallback, System.Object, Int32), Línea: 0] - Ya se agregó un elemento con la misma clave.
18/05/2020 11:27:49: [Método: System.IAsyncResult BeginInvokeAction(System.Web.Mvc.ControllerContext, System.String, System.AsyncCallback, System.Object), Línea: 0] - Ya se agregó un elemento con la misma clave.
18/05/2020 11:27:49: [Método: System.IAsyncResult <BeginExecuteCore>b__1c(System.AsyncCallback, System.Object, ExecuteCoreState), Línea: 0] - Ya se agregó un elemento con la misma clave.
18/05/2020 11:27:49: [Método: System.IAsyncResult CallBeginDelegate(System.AsyncCallback, System.Object), Línea: 0] - Ya se agregó un elemento con la misma clave.
18/05/2020 11:27:49: [Método: Void Begin(System.AsyncCallback, System.Object, Int32), Línea: 0] - Ya se agregó un elemento con la misma clave.
18/05/2020 11:27:49: [Método: System.IAsyncResult BeginExecuteCore(System.AsyncCallback, System.Object), Línea: 0] - Ya se agregó un elemento con la misma clave.
18/05/2020 11:27:49: [Método: System.IAsyncResult <BeginExecute>b__14(System.AsyncCallback, System.Object, System.Web.Mvc.Controller), Línea: 0] - Ya se agregó un elemento con la misma clave.
18/05/2020 11:27:49: [Método: System.IAsyncResult CallBeginDelegate(System.AsyncCallback, System.Object), Línea: 0] - Ya se agregó un elemento con la misma clave.
18/05/2020 11:27:49: [Método: Void Begin(System.AsyncCallback, System.Object, Int32), Línea: 0] - Ya se agregó un elemento con la misma clave.
18/05/2020 11:27:49: [Método: System.IAsyncResult BeginExecute(System.Web.Routing.RequestContext, System.AsyncCallback, System.Object), Línea: 0] - Ya se agregó un elemento con la misma clave.
18/05/2020 11:27:49: [Método: System.IAsyncResult System.Web.Mvc.Async.IAsyncController.BeginExecute(System.Web.Routing.RequestContext, System.AsyncCallback, System.Object), Línea: 0] - Ya se agregó un elemento con la misma clave.
18/05/2020 11:27:49: [Método: System.IAsyncResult <BeginProcessRequest>b__4(System.AsyncCallback, System.Object, ProcessRequestState), Línea: 0] - Ya se agregó un elemento con la misma clave.
18/05/2020 11:27:49: [Método: System.IAsyncResult CallBeginDelegate(System.AsyncCallback, System.Object), Línea: 0] - Ya se agregó un elemento con la misma clave.
18/05/2020 11:27:49: [Método: Void Begin(System.AsyncCallback, System.Object, Int32), Línea: 0] - Ya se agregó un elemento con la misma clave.
18/05/2020 11:27:49: [Método: System.IAsyncResult BeginProcessRequest(System.Web.HttpContextBase, System.AsyncCallback, System.Object), Línea: 0] - Ya se agregó un elemento con la misma clave.
18/05/2020 11:27:49: [Método: System.IAsyncResult BeginProcessRequest(System.Web.HttpContext, System.AsyncCallback, System.Object), Línea: 0] - Ya se agregó un elemento con la misma clave.
18/05/2020 11:27:49: [Método: System.IAsyncResult System.Web.IHttpAsyncHandler.BeginProcessRequest(System.Web.HttpContext, System.AsyncCallback, System.Object), Línea: 0] - Ya se agregó un elemento con la misma clave.
18/05/2020 11:27:49: [Método: Void System.Web.HttpApplication.IExecutionStep.Execute(), Línea: 0] - Ya se agregó un elemento con la misma clave.
18/05/2020 11:27:49: [Método: Void ExecuteStepImpl(IExecutionStep), Línea: 0] - Ya se agregó un elemento con la misma clave.
18/05/2020 11:27:49: [Método: System.Exception ExecuteStep(IExecutionStep, Boolean ByRef), Línea: 0] - Ya se agregó un elemento con la misma clave.
18/05/2020 11:27:51: [Método: Void ThrowArgumentException(System.ExceptionResource), Línea: 0] - Ya se agregó un elemento con la misma clave.
18/05/2020 11:27:51: [Método: Void Insert(TKey, TValue, Boolean), Línea: 0] - Ya se agregó un elemento con la misma clave.
18/05/2020 11:27:51: [Método: System.Collections.Generic.Dictionary`2[TKey,TValue] ToDictionaryFast[TKey,TValue](TValue[], System.Func`2[TValue,TKey], System.Collections.Generic.IEqualityComparer`1[TKey]), Línea: 0] - Ya se agregó un elemento con la misma clave.
18/05/2020 11:27:51: [Método: System.Collections.Generic.IDictionary`2[System.String,System.Web.Mvc.ModelMetadata] get_PropertyMetadata(), Línea: 0] - Ya se agregó un elemento con la misma clave.
18/05/2020 11:27:51: [Método: Void BindProperty(System.Web.Mvc.ControllerContext, System.Web.Mvc.ModelBindingContext, System.ComponentModel.PropertyDescriptor), Línea: 0] - Ya se agregó un elemento con la misma clave.
18/05/2020 11:27:51: [Método: Void BindProperties(System.Web.Mvc.ControllerContext, System.Web.Mvc.ModelBindingContext), Línea: 0] - Ya se agregó un elemento con la misma clave.
18/05/2020 11:27:51: [Método: Void BindComplexElementalModel(System.Web.Mvc.ControllerContext, System.Web.Mvc.ModelBindingContext, System.Object), Línea: 0] - Ya se agregó un elemento con la misma clave.
18/05/2020 11:27:51: [Método: System.Object BindComplexModel(System.Web.Mvc.ControllerContext, System.Web.Mvc.ModelBindingContext), Línea: 0] - Ya se agregó un elemento con la misma clave.
18/05/2020 11:27:51: [Método: System.Object BindModel(System.Web.Mvc.ControllerContext, System.Web.Mvc.ModelBindingContext), Línea: 0] - Ya se agregó un elemento con la misma clave.
18/05/2020 11:27:51: [Método: System.Object GetParameterValue(System.Web.Mvc.ControllerContext, System.Web.Mvc.ParameterDescriptor), Línea: 0] - Ya se agregó un elemento con la misma clave.
18/05/2020 11:27:51: [Método: System.Collections.Generic.IDictionary`2[System.String,System.Object] GetParameterValues(System.Web.Mvc.ControllerContext, System.Web.Mvc.ActionDescriptor), Línea: 0] - Ya se agregó un elemento con la misma clave.
18/05/2020 11:27:51: [Método: System.IAsyncResult <BeginInvokeAction>b__19(System.AsyncCallback, System.Object), Línea: 0] - Ya se agregó un elemento con la misma clave.
18/05/2020 11:27:51: [Método: System.IAsyncResult CallBeginDelegate(System.AsyncCallback, System.Object), Línea: 0] - Ya se agregó un elemento con la misma clave.
18/05/2020 11:27:51: [Método: Void Begin(System.AsyncCallback, System.Object, Int32), Línea: 0] - Ya se agregó un elemento con la misma clave.
18/05/2020 11:27:51: [Método: System.IAsyncResult BeginInvokeAction(System.Web.Mvc.ControllerContext, System.String, System.AsyncCallback, System.Object), Línea: 0] - Ya se agregó un elemento con la misma clave.
18/05/2020 11:27:51: [Método: System.IAsyncResult <BeginExecuteCore>b__1c(System.AsyncCallback, System.Object, ExecuteCoreState), Línea: 0] - Ya se agregó un elemento con la misma clave.
18/05/2020 11:27:51: [Método: System.IAsyncResult CallBeginDelegate(System.AsyncCallback, System.Object), Línea: 0] - Ya se agregó un elemento con la misma clave.
18/05/2020 11:27:51: [Método: Void Begin(System.AsyncCallback, System.Object, Int32), Línea: 0] - Ya se agregó un elemento con la misma clave.
18/05/2020 11:27:51: [Método: System.IAsyncResult BeginExecuteCore(System.AsyncCallback, System.Object), Línea: 0] - Ya se agregó un elemento con la misma clave.
18/05/2020 11:27:51: [Método: System.IAsyncResult <BeginExecute>b__14(System.AsyncCallback, System.Object, System.Web.Mvc.Controller), Línea: 0] - Ya se agregó un elemento con la misma clave.
18/05/2020 11:27:51: [Método: System.IAsyncResult CallBeginDelegate(System.AsyncCallback, System.Object), Línea: 0] - Ya se agregó un elemento con la misma clave.
18/05/2020 11:27:51: [Método: Void Begin(System.AsyncCallback, System.Object, Int32), Línea: 0] - Ya se agregó un elemento con la misma clave.
18/05/2020 11:27:51: [Método: System.IAsyncResult BeginExecute(System.Web.Routing.RequestContext, System.AsyncCallback, System.Object), Línea: 0] - Ya se agregó un elemento con la misma clave.
18/05/2020 11:27:51: [Método: System.IAsyncResult System.Web.Mvc.Async.IAsyncController.BeginExecute(System.Web.Routing.RequestContext, System.AsyncCallback, System.Object), Línea: 0] - Ya se agregó un elemento con la misma clave.
18/05/2020 11:27:51: [Método: System.IAsyncResult <BeginProcessRequest>b__4(System.AsyncCallback, System.Object, ProcessRequestState), Línea: 0] - Ya se agregó un elemento con la misma clave.
18/05/2020 11:27:51: [Método: System.IAsyncResult CallBeginDelegate(System.AsyncCallback, System.Object), Línea: 0] - Ya se agregó un elemento con la misma clave.
18/05/2020 11:27:51: [Método: Void Begin(System.AsyncCallback, System.Object, Int32), Línea: 0] - Ya se agregó un elemento con la misma clave.
18/05/2020 11:27:51: [Método: System.IAsyncResult BeginProcessRequest(System.Web.HttpContextBase, System.AsyncCallback, System.Object), Línea: 0] - Ya se agregó un elemento con la misma clave.
18/05/2020 11:27:51: [Método: System.IAsyncResult BeginProcessRequest(System.Web.HttpContext, System.AsyncCallback, System.Object), Línea: 0] - Ya se agregó un elemento con la misma clave.
18/05/2020 11:27:51: [Método: System.IAsyncResult System.Web.IHttpAsyncHandler.BeginProcessRequest(System.Web.HttpContext, System.AsyncCallback, System.Object), Línea: 0] - Ya se agregó un elemento con la misma clave.
18/05/2020 11:27:51: [Método: Void System.Web.HttpApplication.IExecutionStep.Execute(), Línea: 0] - Ya se agregó un elemento con la misma clave.
18/05/2020 11:27:51: [Método: Void ExecuteStepImpl(IExecutionStep), Línea: 0] - Ya se agregó un elemento con la misma clave.
18/05/2020 11:27:51: [Método: System.Exception ExecuteStep(IExecutionStep, Boolean ByRef), Línea: 0] - Ya se agregó un elemento con la misma clave.
18/05/2020 11:27:53: [Método: Void ThrowArgumentException(System.ExceptionResource), Línea: 0] - Ya se agregó un elemento con la misma clave.
18/05/2020 11:27:53: [Método: Void Insert(TKey, TValue, Boolean), Línea: 0] - Ya se agregó un elemento con la misma clave.
18/05/2020 11:27:53: [Método: System.Collections.Generic.Dictionary`2[TKey,TValue] ToDictionaryFast[TKey,TValue](TValue[], System.Func`2[TValue,TKey], System.Collections.Generic.IEqualityComparer`1[TKey]), Línea: 0] - Ya se agregó un elemento con la misma clave.
18/05/2020 11:27:53: [Método: System.Collections.Generic.IDictionary`2[System.String,System.Web.Mvc.ModelMetadata] get_PropertyMetadata(), Línea: 0] - Ya se agregó un elemento con la misma clave.
18/05/2020 11:27:53: [Método: Void BindProperty(System.Web.Mvc.ControllerContext, System.Web.Mvc.ModelBindingContext, System.ComponentModel.PropertyDescriptor), Línea: 0] - Ya se agregó un elemento con la misma clave.
18/05/2020 11:27:53: [Método: Void BindProperties(System.Web.Mvc.ControllerContext, System.Web.Mvc.ModelBindingContext), Línea: 0] - Ya se agregó un elemento con la misma clave.
18/05/2020 11:27:53: [Método: Void BindComplexElementalModel(System.Web.Mvc.ControllerContext, System.Web.Mvc.ModelBindingContext, System.Object), Línea: 0] - Ya se agregó un elemento con la misma clave.
18/05/2020 11:27:53: [Método: System.Object BindComplexModel(System.Web.Mvc.ControllerContext, System.Web.Mvc.ModelBindingContext), Línea: 0] - Ya se agregó un elemento con la misma clave.
18/05/2020 11:27:53: [Método: System.Object BindModel(System.Web.Mvc.ControllerContext, System.Web.Mvc.ModelBindingContext), Línea: 0] - Ya se agregó un elemento con la misma clave.
18/05/2020 11:27:53: [Método: System.Object GetParameterValue(System.Web.Mvc.ControllerContext, System.Web.Mvc.ParameterDescriptor), Línea: 0] - Ya se agregó un elemento con la misma clave.
18/05/2020 11:27:53: [Método: System.Collections.Generic.IDictionary`2[System.String,System.Object] GetParameterValues(System.Web.Mvc.ControllerContext, System.Web.Mvc.ActionDescriptor), Línea: 0] - Ya se agregó un elemento con la misma clave.
18/05/2020 11:27:53: [Método: System.IAsyncResult <BeginInvokeAction>b__19(System.AsyncCallback, System.Object), Línea: 0] - Ya se agregó un elemento con la misma clave.
18/05/2020 11:27:53: [Método: System.IAsyncResult CallBeginDelegate(System.AsyncCallback, System.Object), Línea: 0] - Ya se agregó un elemento con la misma clave.
18/05/2020 11:27:53: [Método: Void Begin(System.AsyncCallback, System.Object, Int32), Línea: 0] - Ya se agregó un elemento con la misma clave.
18/05/2020 11:27:53: [Método: System.IAsyncResult BeginInvokeAction(System.Web.Mvc.ControllerContext, System.String, System.AsyncCallback, System.Object), Línea: 0] - Ya se agregó un elemento con la misma clave.
18/05/2020 11:27:53: [Método: System.IAsyncResult <BeginExecuteCore>b__1c(System.AsyncCallback, System.Object, ExecuteCoreState), Línea: 0] - Ya se agregó un elemento con la misma clave.
18/05/2020 11:27:53: [Método: System.IAsyncResult CallBeginDelegate(System.AsyncCallback, System.Object), Línea: 0] - Ya se agregó un elemento con la misma clave.
18/05/2020 11:27:53: [Método: Void Begin(System.AsyncCallback, System.Object, Int32), Línea: 0] - Ya se agregó un elemento con la misma clave.
18/05/2020 11:27:53: [Método: System.IAsyncResult BeginExecuteCore(System.AsyncCallback, System.Object), Línea: 0] - Ya se agregó un elemento con la misma clave.
18/05/2020 11:27:53: [Método: System.IAsyncResult <BeginExecute>b__14(System.AsyncCallback, System.Object, System.Web.Mvc.Controller), Línea: 0] - Ya se agregó un elemento con la misma clave.
18/05/2020 11:27:53: [Método: System.IAsyncResult CallBeginDelegate(System.AsyncCallback, System.Object), Línea: 0] - Ya se agregó un elemento con la misma clave.
18/05/2020 11:27:53: [Método: Void Begin(System.AsyncCallback, System.Object, Int32), Línea: 0] - Ya se agregó un elemento con la misma clave.
18/05/2020 11:27:53: [Método: System.IAsyncResult BeginExecute(System.Web.Routing.RequestContext, System.AsyncCallback, System.Object), Línea: 0] - Ya se agregó un elemento con la misma clave.
18/05/2020 11:27:53: [Método: System.IAsyncResult System.Web.Mvc.Async.IAsyncController.BeginExecute(System.Web.Routing.RequestContext, System.AsyncCallback, System.Object), Línea: 0] - Ya se agregó un elemento con la misma clave.
18/05/2020 11:27:53: [Método: System.IAsyncResult <BeginProcessRequest>b__4(System.AsyncCallback, System.Object, ProcessRequestState), Línea: 0] - Ya se agregó un elemento con la misma clave.
18/05/2020 11:27:53: [Método: System.IAsyncResult CallBeginDelegate(System.AsyncCallback, System.Object), Línea: 0] - Ya se agregó un elemento con la misma clave.
18/05/2020 11:27:53: [Método: Void Begin(System.AsyncCallback, System.Object, Int32), Línea: 0] - Ya se agregó un elemento con la misma clave.
18/05/2020 11:27:53: [Método: System.IAsyncResult BeginProcessRequest(System.Web.HttpContextBase, System.AsyncCallback, System.Object), Línea: 0] - Ya se agregó un elemento con la misma clave.
18/05/2020 11:27:53: [Método: System.IAsyncResult BeginProcessRequest(System.Web.HttpContext, System.AsyncCallback, System.Object), Línea: 0] - Ya se agregó un elemento con la misma clave.
18/05/2020 11:27:53: [Método: System.IAsyncResult System.Web.IHttpAsyncHandler.BeginProcessRequest(System.Web.HttpContext, System.AsyncCallback, System.Object), Línea: 0] - Ya se agregó un elemento con la misma clave.
18/05/2020 11:27:53: [Método: Void System.Web.HttpApplication.IExecutionStep.Execute(), Línea: 0] - Ya se agregó un elemento con la misma clave.
18/05/2020 11:27:53: [Método: Void ExecuteStepImpl(IExecutionStep), Línea: 0] - Ya se agregó un elemento con la misma clave.
18/05/2020 11:27:53: [Método: System.Exception ExecuteStep(IExecutionStep, Boolean ByRef), Línea: 0] - Ya se agregó un elemento con la misma clave.
18/05/2020 11:36:44: [Método: Void ThrowArgumentException(System.ExceptionResource), Línea: 0] - Ya se agregó un elemento con la misma clave.
18/05/2020 11:36:44: [Método: Void Insert(TKey, TValue, Boolean), Línea: 0] - Ya se agregó un elemento con la misma clave.
18/05/2020 11:36:44: [Método: System.Collections.Generic.Dictionary`2[TKey,TValue] ToDictionaryFast[TKey,TValue](TValue[], System.Func`2[TValue,TKey], System.Collections.Generic.IEqualityComparer`1[TKey]), Línea: 0] - Ya se agregó un elemento con la misma clave.
18/05/2020 11:36:44: [Método: System.Collections.Generic.IDictionary`2[System.String,System.Web.Mvc.ModelMetadata] get_PropertyMetadata(), Línea: 0] - Ya se agregó un elemento con la misma clave.
18/05/2020 11:36:44: [Método: Void BindProperty(System.Web.Mvc.ControllerContext, System.Web.Mvc.ModelBindingContext, System.ComponentModel.PropertyDescriptor), Línea: 0] - Ya se agregó un elemento con la misma clave.
18/05/2020 11:36:44: [Método: Void BindProperties(System.Web.Mvc.ControllerContext, System.Web.Mvc.ModelBindingContext), Línea: 0] - Ya se agregó un elemento con la misma clave.
18/05/2020 11:36:44: [Método: Void BindComplexElementalModel(System.Web.Mvc.ControllerContext, System.Web.Mvc.ModelBindingContext, System.Object), Línea: 0] - Ya se agregó un elemento con la misma clave.
18/05/2020 11:36:44: [Método: System.Object BindComplexModel(System.Web.Mvc.ControllerContext, System.Web.Mvc.ModelBindingContext), Línea: 0] - Ya se agregó un elemento con la misma clave.
18/05/2020 11:36:44: [Método: System.Object BindModel(System.Web.Mvc.ControllerContext, System.Web.Mvc.ModelBindingContext), Línea: 0] - Ya se agregó un elemento con la misma clave.
18/05/2020 11:36:44: [Método: System.Object GetParameterValue(System.Web.Mvc.ControllerContext, System.Web.Mvc.ParameterDescriptor), Línea: 0] - Ya se agregó un elemento con la misma clave.
18/05/2020 11:36:44: [Método: System.Collections.Generic.IDictionary`2[System.String,System.Object] GetParameterValues(System.Web.Mvc.ControllerContext, System.Web.Mvc.ActionDescriptor), Línea: 0] - Ya se agregó un elemento con la misma clave.
18/05/2020 11:36:44: [Método: System.IAsyncResult <BeginInvokeAction>b__19(System.AsyncCallback, System.Object), Línea: 0] - Ya se agregó un elemento con la misma clave.
18/05/2020 11:36:44: [Método: System.IAsyncResult CallBeginDelegate(System.AsyncCallback, System.Object), Línea: 0] - Ya se agregó un elemento con la misma clave.
18/05/2020 11:36:44: [Método: Void Begin(System.AsyncCallback, System.Object, Int32), Línea: 0] - Ya se agregó un elemento con la misma clave.
18/05/2020 11:36:44: [Método: System.IAsyncResult BeginInvokeAction(System.Web.Mvc.ControllerContext, System.String, System.AsyncCallback, System.Object), Línea: 0] - Ya se agregó un elemento con la misma clave.
18/05/2020 11:36:44: [Método: System.IAsyncResult <BeginExecuteCore>b__1c(System.AsyncCallback, System.Object, ExecuteCoreState), Línea: 0] - Ya se agregó un elemento con la misma clave.
18/05/2020 11:36:44: [Método: System.IAsyncResult CallBeginDelegate(System.AsyncCallback, System.Object), Línea: 0] - Ya se agregó un elemento con la misma clave.
18/05/2020 11:36:44: [Método: Void Begin(System.AsyncCallback, System.Object, Int32), Línea: 0] - Ya se agregó un elemento con la misma clave.
18/05/2020 11:36:44: [Método: System.IAsyncResult BeginExecuteCore(System.AsyncCallback, System.Object), Línea: 0] - Ya se agregó un elemento con la misma clave.
18/05/2020 11:36:44: [Método: System.IAsyncResult <BeginExecute>b__14(System.AsyncCallback, System.Object, System.Web.Mvc.Controller), Línea: 0] - Ya se agregó un elemento con la misma clave.
18/05/2020 11:36:44: [Método: System.IAsyncResult CallBeginDelegate(System.AsyncCallback, System.Object), Línea: 0] - Ya se agregó un elemento con la misma clave.
18/05/2020 11:36:44: [Método: Void Begin(System.AsyncCallback, System.Object, Int32), Línea: 0] - Ya se agregó un elemento con la misma clave.
18/05/2020 11:36:44: [Método: System.IAsyncResult BeginExecute(System.Web.Routing.RequestContext, System.AsyncCallback, System.Object), Línea: 0] - Ya se agregó un elemento con la misma clave.
18/05/2020 11:36:44: [Método: System.IAsyncResult System.Web.Mvc.Async.IAsyncController.BeginExecute(System.Web.Routing.RequestContext, System.AsyncCallback, System.Object), Línea: 0] - Ya se agregó un elemento con la misma clave.
18/05/2020 11:36:44: [Método: System.IAsyncResult <BeginProcessRequest>b__4(System.AsyncCallback, System.Object, ProcessRequestState), Línea: 0] - Ya se agregó un elemento con la misma clave.
18/05/2020 11:36:44: [Método: System.IAsyncResult CallBeginDelegate(System.AsyncCallback, System.Object), Línea: 0] - Ya se agregó un elemento con la misma clave.
18/05/2020 11:36:44: [Método: Void Begin(System.AsyncCallback, System.Object, Int32), Línea: 0] - Ya se agregó un elemento con la misma clave.
18/05/2020 11:36:44: [Método: System.IAsyncResult BeginProcessRequest(System.Web.HttpContextBase, System.AsyncCallback, System.Object), Línea: 0] - Ya se agregó un elemento con la misma clave.
18/05/2020 11:36:44: [Método: System.IAsyncResult BeginProcessRequest(System.Web.HttpContext, System.AsyncCallback, System.Object), Línea: 0] - Ya se agregó un elemento con la misma clave.
18/05/2020 11:36:44: [Método: System.IAsyncResult System.Web.IHttpAsyncHandler.BeginProcessRequest(System.Web.HttpContext, System.AsyncCallback, System.Object), Línea: 0] - Ya se agregó un elemento con la misma clave.
18/05/2020 11:36:44: [Método: Void System.Web.HttpApplication.IExecutionStep.Execute(), Línea: 0] - Ya se agregó un elemento con la misma clave.
18/05/2020 11:36:44: [Método: Void ExecuteStepImpl(IExecutionStep), Línea: 0] - Ya se agregó un elemento con la misma clave.
18/05/2020 11:36:44: [Método: System.Exception ExecuteStep(IExecutionStep, Boolean ByRef), Línea: 0] - Ya se agregó un elemento con la misma clave.
18/05/2020 11:36:48: [Método: Void ThrowArgumentException(System.ExceptionResource), Línea: 0] - Ya se agregó un elemento con la misma clave.
18/05/2020 11:36:48: [Método: Void Insert(TKey, TValue, Boolean), Línea: 0] - Ya se agregó un elemento con la misma clave.
18/05/2020 11:36:48: [Método: System.Collections.Generic.Dictionary`2[TKey,TValue] ToDictionaryFast[TKey,TValue](TValue[], System.Func`2[TValue,TKey], System.Collections.Generic.IEqualityComparer`1[TKey]), Línea: 0] - Ya se agregó un elemento con la misma clave.
18/05/2020 11:36:48: [Método: System.Collections.Generic.IDictionary`2[System.String,System.Web.Mvc.ModelMetadata] get_PropertyMetadata(), Línea: 0] - Ya se agregó un elemento con la misma clave.
18/05/2020 11:36:48: [Método: Void BindProperty(System.Web.Mvc.ControllerContext, System.Web.Mvc.ModelBindingContext, System.ComponentModel.PropertyDescriptor), Línea: 0] - Ya se agregó un elemento con la misma clave.
18/05/2020 11:36:48: [Método: Void BindProperties(System.Web.Mvc.ControllerContext, System.Web.Mvc.ModelBindingContext), Línea: 0] - Ya se agregó un elemento con la misma clave.
18/05/2020 11:36:48: [Método: Void BindComplexElementalModel(System.Web.Mvc.ControllerContext, System.Web.Mvc.ModelBindingContext, System.Object), Línea: 0] - Ya se agregó un elemento con la misma clave.
18/05/2020 11:36:48: [Método: System.Object BindComplexModel(System.Web.Mvc.ControllerContext, System.Web.Mvc.ModelBindingContext), Línea: 0] - Ya se agregó un elemento con la misma clave.
18/05/2020 11:36:48: [Método: System.Object BindModel(System.Web.Mvc.ControllerContext, System.Web.Mvc.ModelBindingContext), Línea: 0] - Ya se agregó un elemento con la misma clave.
18/05/2020 11:36:48: [Método: System.Object GetParameterValue(System.Web.Mvc.ControllerContext, System.Web.Mvc.ParameterDescriptor), Línea: 0] - Ya se agregó un elemento con la misma clave.
18/05/2020 11:36:48: [Método: System.Collections.Generic.IDictionary`2[System.String,System.Object] GetParameterValues(System.Web.Mvc.ControllerContext, System.Web.Mvc.ActionDescriptor), Línea: 0] - Ya se agregó un elemento con la misma clave.
18/05/2020 11:36:48: [Método: System.IAsyncResult <BeginInvokeAction>b__19(System.AsyncCallback, System.Object), Línea: 0] - Ya se agregó un elemento con la misma clave.
18/05/2020 11:36:48: [Método: System.IAsyncResult CallBeginDelegate(System.AsyncCallback, System.Object), Línea: 0] - Ya se agregó un elemento con la misma clave.
18/05/2020 11:36:48: [Método: Void Begin(System.AsyncCallback, System.Object, Int32), Línea: 0] - Ya se agregó un elemento con la misma clave.
18/05/2020 11:36:48: [Método: System.IAsyncResult BeginInvokeAction(System.Web.Mvc.ControllerContext, System.String, System.AsyncCallback, System.Object), Línea: 0] - Ya se agregó un elemento con la misma clave.
18/05/2020 11:36:48: [Método: System.IAsyncResult <BeginExecuteCore>b__1c(System.AsyncCallback, System.Object, ExecuteCoreState), Línea: 0] - Ya se agregó un elemento con la misma clave.
18/05/2020 11:36:48: [Método: System.IAsyncResult CallBeginDelegate(System.AsyncCallback, System.Object), Línea: 0] - Ya se agregó un elemento con la misma clave.
18/05/2020 11:36:48: [Método: Void Begin(System.AsyncCallback, System.Object, Int32), Línea: 0] - Ya se agregó un elemento con la misma clave.
18/05/2020 11:36:48: [Método: System.IAsyncResult BeginExecuteCore(System.AsyncCallback, System.Object), Línea: 0] - Ya se agregó un elemento con la misma clave.
18/05/2020 11:36:48: [Método: System.IAsyncResult <BeginExecute>b__14(System.AsyncCallback, System.Object, System.Web.Mvc.Controller), Línea: 0] - Ya se agregó un elemento con la misma clave.
18/05/2020 11:36:48: [Método: System.IAsyncResult CallBeginDelegate(System.AsyncCallback, System.Object), Línea: 0] - Ya se agregó un elemento con la misma clave.
18/05/2020 11:36:48: [Método: Void Begin(System.AsyncCallback, System.Object, Int32), Línea: 0] - Ya se agregó un elemento con la misma clave.
18/05/2020 11:36:48: [Método: System.IAsyncResult BeginExecute(System.Web.Routing.RequestContext, System.AsyncCallback, System.Object), Línea: 0] - Ya se agregó un elemento con la misma clave.
18/05/2020 11:36:48: [Método: System.IAsyncResult System.Web.Mvc.Async.IAsyncController.BeginExecute(System.Web.Routing.RequestContext, System.AsyncCallback, System.Object), Línea: 0] - Ya se agregó un elemento con la misma clave.
18/05/2020 11:36:48: [Método: System.IAsyncResult <BeginProcessRequest>b__4(System.AsyncCallback, System.Object, ProcessRequestState), Línea: 0] - Ya se agregó un elemento con la misma clave.
18/05/2020 11:36:48: [Método: System.IAsyncResult CallBeginDelegate(System.AsyncCallback, System.Object), Línea: 0] - Ya se agregó un elemento con la misma clave.
18/05/2020 11:36:48: [Método: Void Begin(System.AsyncCallback, System.Object, Int32), Línea: 0] - Ya se agregó un elemento con la misma clave.
18/05/2020 11:36:48: [Método: System.IAsyncResult BeginProcessRequest(System.Web.HttpContextBase, System.AsyncCallback, System.Object), Línea: 0] - Ya se agregó un elemento con la misma clave.
18/05/2020 11:36:48: [Método: System.IAsyncResult BeginProcessRequest(System.Web.HttpContext, System.AsyncCallback, System.Object), Línea: 0] - Ya se agregó un elemento con la misma clave.
18/05/2020 11:36:48: [Método: System.IAsyncResult System.Web.IHttpAsyncHandler.BeginProcessRequest(System.Web.HttpContext, System.AsyncCallback, System.Object), Línea: 0] - Ya se agregó un elemento con la misma clave.
18/05/2020 11:36:48: [Método: Void System.Web.HttpApplication.IExecutionStep.Execute(), Línea: 0] - Ya se agregó un elemento con la misma clave.
18/05/2020 11:36:48: [Método: Void ExecuteStepImpl(IExecutionStep), Línea: 0] - Ya se agregó un elemento con la misma clave.
18/05/2020 11:36:48: [Método: System.Exception ExecuteStep(IExecutionStep, Boolean ByRef), Línea: 0] - Ya se agregó un elemento con la misma clave.
18/05/2020 11:36:53: [Método: Void ThrowArgumentException(System.ExceptionResource), Línea: 0] - Ya se agregó un elemento con la misma clave.
18/05/2020 11:36:53: [Método: Void Insert(TKey, TValue, Boolean), Línea: 0] - Ya se agregó un elemento con la misma clave.
18/05/2020 11:36:53: [Método: System.Collections.Generic.Dictionary`2[TKey,TValue] ToDictionaryFast[TKey,TValue](TValue[], System.Func`2[TValue,TKey], System.Collections.Generic.IEqualityComparer`1[TKey]), Línea: 0] - Ya se agregó un elemento con la misma clave.
18/05/2020 11:36:53: [Método: System.Collections.Generic.IDictionary`2[System.String,System.Web.Mvc.ModelMetadata] get_PropertyMetadata(), Línea: 0] - Ya se agregó un elemento con la misma clave.
18/05/2020 11:36:53: [Método: Void BindProperty(System.Web.Mvc.ControllerContext, System.Web.Mvc.ModelBindingContext, System.ComponentModel.PropertyDescriptor), Línea: 0] - Ya se agregó un elemento con la misma clave.
18/05/2020 11:36:53: [Método: Void BindProperties(System.Web.Mvc.ControllerContext, System.Web.Mvc.ModelBindingContext), Línea: 0] - Ya se agregó un elemento con la misma clave.
18/05/2020 11:36:53: [Método: Void BindComplexElementalModel(System.Web.Mvc.ControllerContext, System.Web.Mvc.ModelBindingContext, System.Object), Línea: 0] - Ya se agregó un elemento con la misma clave.
18/05/2020 11:36:53: [Método: System.Object BindComplexModel(System.Web.Mvc.ControllerContext, System.Web.Mvc.ModelBindingContext), Línea: 0] - Ya se agregó un elemento con la misma clave.
18/05/2020 11:36:53: [Método: System.Object BindModel(System.Web.Mvc.ControllerContext, System.Web.Mvc.ModelBindingContext), Línea: 0] - Ya se agregó un elemento con la misma clave.
18/05/2020 11:36:53: [Método: System.Object GetParameterValue(System.Web.Mvc.ControllerContext, System.Web.Mvc.ParameterDescriptor), Línea: 0] - Ya se agregó un elemento con la misma clave.
18/05/2020 11:36:53: [Método: System.Collections.Generic.IDictionary`2[System.String,System.Object] GetParameterValues(System.Web.Mvc.ControllerContext, System.Web.Mvc.ActionDescriptor), Línea: 0] - Ya se agregó un elemento con la misma clave.
18/05/2020 11:36:53: [Método: System.IAsyncResult <BeginInvokeAction>b__19(System.AsyncCallback, System.Object), Línea: 0] - Ya se agregó un elemento con la misma clave.
18/05/2020 11:36:53: [Método: System.IAsyncResult CallBeginDelegate(System.AsyncCallback, System.Object), Línea: 0] - Ya se agregó un elemento con la misma clave.
18/05/2020 11:36:53: [Método: Void Begin(System.AsyncCallback, System.Object, Int32), Línea: 0] - Ya se agregó un elemento con la misma clave.
18/05/2020 11:36:53: [Método: System.IAsyncResult BeginInvokeAction(System.Web.Mvc.ControllerContext, System.String, System.AsyncCallback, System.Object), Línea: 0] - Ya se agregó un elemento con la misma clave.
18/05/2020 11:36:53: [Método: System.IAsyncResult <BeginExecuteCore>b__1c(System.AsyncCallback, System.Object, ExecuteCoreState), Línea: 0] - Ya se agregó un elemento con la misma clave.
18/05/2020 11:36:53: [Método: System.IAsyncResult CallBeginDelegate(System.AsyncCallback, System.Object), Línea: 0] - Ya se agregó un elemento con la misma clave.
18/05/2020 11:36:53: [Método: Void Begin(System.AsyncCallback, System.Object, Int32), Línea: 0] - Ya se agregó un elemento con la misma clave.
18/05/2020 11:36:53: [Método: System.IAsyncResult BeginExecuteCore(System.AsyncCallback, System.Object), Línea: 0] - Ya se agregó un elemento con la misma clave.
18/05/2020 11:36:53: [Método: System.IAsyncResult <BeginExecute>b__14(System.AsyncCallback, System.Object, System.Web.Mvc.Controller), Línea: 0] - Ya se agregó un elemento con la misma clave.
18/05/2020 11:36:53: [Método: System.IAsyncResult CallBeginDelegate(System.AsyncCallback, System.Object), Línea: 0] - Ya se agregó un elemento con la misma clave.
18/05/2020 11:36:53: [Método: Void Begin(System.AsyncCallback, System.Object, Int32), Línea: 0] - Ya se agregó un elemento con la misma clave.
18/05/2020 11:36:53: [Método: System.IAsyncResult BeginExecute(System.Web.Routing.RequestContext, System.AsyncCallback, System.Object), Línea: 0] - Ya se agregó un elemento con la misma clave.
18/05/2020 11:36:53: [Método: System.IAsyncResult System.Web.Mvc.Async.IAsyncController.BeginExecute(System.Web.Routing.RequestContext, System.AsyncCallback, System.Object), Línea: 0] - Ya se agregó un elemento con la misma clave.
18/05/2020 11:36:53: [Método: System.IAsyncResult <BeginProcessRequest>b__4(System.AsyncCallback, System.Object, ProcessRequestState), Línea: 0] - Ya se agregó un elemento con la misma clave.
18/05/2020 11:36:53: [Método: System.IAsyncResult CallBeginDelegate(System.AsyncCallback, System.Object), Línea: 0] - Ya se agregó un elemento con la misma clave.
18/05/2020 11:36:53: [Método: Void Begin(System.AsyncCallback, System.Object, Int32), Línea: 0] - Ya se agregó un elemento con la misma clave.
18/05/2020 11:36:53: [Método: System.IAsyncResult BeginProcessRequest(System.Web.HttpContextBase, System.AsyncCallback, System.Object), Línea: 0] - Ya se agregó un elemento con la misma clave.
18/05/2020 11:36:53: [Método: System.IAsyncResult BeginProcessRequest(System.Web.HttpContext, System.AsyncCallback, System.Object), Línea: 0] - Ya se agregó un elemento con la misma clave.
18/05/2020 11:36:53: [Método: System.IAsyncResult System.Web.IHttpAsyncHandler.BeginProcessRequest(System.Web.HttpContext, System.AsyncCallback, System.Object), Línea: 0] - Ya se agregó un elemento con la misma clave.
18/05/2020 11:36:53: [Método: Void System.Web.HttpApplication.IExecutionStep.Execute(), Línea: 0] - Ya se agregó un elemento con la misma clave.
18/05/2020 11:36:53: [Método: Void ExecuteStepImpl(IExecutionStep), Línea: 0] - Ya se agregó un elemento con la misma clave.
18/05/2020 11:36:53: [Método: System.Exception ExecuteStep(IExecutionStep, Boolean ByRef), Línea: 0] - Ya se agregó un elemento con la misma clave.
18/05/2020 11:36:55: [Método: Void ThrowArgumentException(System.ExceptionResource), Línea: 0] - Ya se agregó un elemento con la misma clave.
18/05/2020 11:36:55: [Método: Void Insert(TKey, TValue, Boolean), Línea: 0] - Ya se agregó un elemento con la misma clave.
18/05/2020 11:36:55: [Método: System.Collections.Generic.Dictionary`2[TKey,TValue] ToDictionaryFast[TKey,TValue](TValue[], System.Func`2[TValue,TKey], System.Collections.Generic.IEqualityComparer`1[TKey]), Línea: 0] - Ya se agregó un elemento con la misma clave.
18/05/2020 11:36:55: [Método: System.Collections.Generic.IDictionary`2[System.String,System.Web.Mvc.ModelMetadata] get_PropertyMetadata(), Línea: 0] - Ya se agregó un elemento con la misma clave.
18/05/2020 11:36:55: [Método: Void BindProperty(System.Web.Mvc.ControllerContext, System.Web.Mvc.ModelBindingContext, System.ComponentModel.PropertyDescriptor), Línea: 0] - Ya se agregó un elemento con la misma clave.
18/05/2020 11:36:55: [Método: Void BindProperties(System.Web.Mvc.ControllerContext, System.Web.Mvc.ModelBindingContext), Línea: 0] - Ya se agregó un elemento con la misma clave.
18/05/2020 11:36:55: [Método: Void BindComplexElementalModel(System.Web.Mvc.ControllerContext, System.Web.Mvc.ModelBindingContext, System.Object), Línea: 0] - Ya se agregó un elemento con la misma clave.
18/05/2020 11:36:55: [Método: System.Object BindComplexModel(System.Web.Mvc.ControllerContext, System.Web.Mvc.ModelBindingContext), Línea: 0] - Ya se agregó un elemento con la misma clave.
18/05/2020 11:36:55: [Método: System.Object BindModel(System.Web.Mvc.ControllerContext, System.Web.Mvc.ModelBindingContext), Línea: 0] - Ya se agregó un elemento con la misma clave.
18/05/2020 11:36:55: [Método: System.Object GetParameterValue(System.Web.Mvc.ControllerContext, System.Web.Mvc.ParameterDescriptor), Línea: 0] - Ya se agregó un elemento con la misma clave.
18/05/2020 11:36:55: [Método: System.Collections.Generic.IDictionary`2[System.String,System.Object] GetParameterValues(System.Web.Mvc.ControllerContext, System.Web.Mvc.ActionDescriptor), Línea: 0] - Ya se agregó un elemento con la misma clave.
18/05/2020 11:36:55: [Método: System.IAsyncResult <BeginInvokeAction>b__19(System.AsyncCallback, System.Object), Línea: 0] - Ya se agregó un elemento con la misma clave.
18/05/2020 11:36:55: [Método: System.IAsyncResult CallBeginDelegate(System.AsyncCallback, System.Object), Línea: 0] - Ya se agregó un elemento con la misma clave.
18/05/2020 11:36:55: [Método: Void Begin(System.AsyncCallback, System.Object, Int32), Línea: 0] - Ya se agregó un elemento con la misma clave.
18/05/2020 11:36:55: [Método: System.IAsyncResult BeginInvokeAction(System.Web.Mvc.ControllerContext, System.String, System.AsyncCallback, System.Object), Línea: 0] - Ya se agregó un elemento con la misma clave.
18/05/2020 11:36:55: [Método: System.IAsyncResult <BeginExecuteCore>b__1c(System.AsyncCallback, System.Object, ExecuteCoreState), Línea: 0] - Ya se agregó un elemento con la misma clave.
18/05/2020 11:36:55: [Método: System.IAsyncResult CallBeginDelegate(System.AsyncCallback, System.Object), Línea: 0] - Ya se agregó un elemento con la misma clave.
18/05/2020 11:36:55: [Método: Void Begin(System.AsyncCallback, System.Object, Int32), Línea: 0] - Ya se agregó un elemento con la misma clave.
18/05/2020 11:36:55: [Método: System.IAsyncResult BeginExecuteCore(System.AsyncCallback, System.Object), Línea: 0] - Ya se agregó un elemento con la misma clave.
18/05/2020 11:36:55: [Método: System.IAsyncResult <BeginExecute>b__14(System.AsyncCallback, System.Object, System.Web.Mvc.Controller), Línea: 0] - Ya se agregó un elemento con la misma clave.
18/05/2020 11:36:55: [Método: System.IAsyncResult CallBeginDelegate(System.AsyncCallback, System.Object), Línea: 0] - Ya se agregó un elemento con la misma clave.
18/05/2020 11:36:55: [Método: Void Begin(System.AsyncCallback, System.Object, Int32), Línea: 0] - Ya se agregó un elemento con la misma clave.
18/05/2020 11:36:55: [Método: System.IAsyncResult BeginExecute(System.Web.Routing.RequestContext, System.AsyncCallback, System.Object), Línea: 0] - Ya se agregó un elemento con la misma clave.
18/05/2020 11:36:55: [Método: System.IAsyncResult System.Web.Mvc.Async.IAsyncController.BeginExecute(System.Web.Routing.RequestContext, System.AsyncCallback, System.Object), Línea: 0] - Ya se agregó un elemento con la misma clave.
18/05/2020 11:36:55: [Método: System.IAsyncResult <BeginProcessRequest>b__4(System.AsyncCallback, System.Object, ProcessRequestState), Línea: 0] - Ya se agregó un elemento con la misma clave.
18/05/2020 11:36:55: [Método: System.IAsyncResult CallBeginDelegate(System.AsyncCallback, System.Object), Línea: 0] - Ya se agregó un elemento con la misma clave.
18/05/2020 11:36:55: [Método: Void Begin(System.AsyncCallback, System.Object, Int32), Línea: 0] - Ya se agregó un elemento con la misma clave.
18/05/2020 11:36:55: [Método: System.IAsyncResult BeginProcessRequest(System.Web.HttpContextBase, System.AsyncCallback, System.Object), Línea: 0] - Ya se agregó un elemento con la misma clave.
18/05/2020 11:36:55: [Método: System.IAsyncResult BeginProcessRequest(System.Web.HttpContext, System.AsyncCallback, System.Object), Línea: 0] - Ya se agregó un elemento con la misma clave.
18/05/2020 11:36:55: [Método: System.IAsyncResult System.Web.IHttpAsyncHandler.BeginProcessRequest(System.Web.HttpContext, System.AsyncCallback, System.Object), Línea: 0] - Ya se agregó un elemento con la misma clave.
18/05/2020 11:36:55: [Método: Void System.Web.HttpApplication.IExecutionStep.Execute(), Línea: 0] - Ya se agregó un elemento con la misma clave.
18/05/2020 11:36:55: [Método: Void ExecuteStepImpl(IExecutionStep), Línea: 0] - Ya se agregó un elemento con la misma clave.
18/05/2020 11:36:55: [Método: System.Exception ExecuteStep(IExecutionStep, Boolean ByRef), Línea: 0] - Ya se agregó un elemento con la misma clave.
18/05/2020 11:45:12: [Método: Void ThrowArgumentException(System.ExceptionResource), Línea: 0] - Ya se agregó un elemento con la misma clave.
18/05/2020 11:45:12: [Método: Void Insert(TKey, TValue, Boolean), Línea: 0] - Ya se agregó un elemento con la misma clave.
18/05/2020 11:45:12: [Método: System.Collections.Generic.Dictionary`2[TKey,TValue] ToDictionaryFast[TKey,TValue](TValue[], System.Func`2[TValue,TKey], System.Collections.Generic.IEqualityComparer`1[TKey]), Línea: 0] - Ya se agregó un elemento con la misma clave.
18/05/2020 11:45:12: [Método: System.Collections.Generic.IDictionary`2[System.String,System.Web.Mvc.ModelMetadata] get_PropertyMetadata(), Línea: 0] - Ya se agregó un elemento con la misma clave.
18/05/2020 11:45:12: [Método: Void BindProperty(System.Web.Mvc.ControllerContext, System.Web.Mvc.ModelBindingContext, System.ComponentModel.PropertyDescriptor), Línea: 0] - Ya se agregó un elemento con la misma clave.
18/05/2020 11:45:12: [Método: Void BindProperties(System.Web.Mvc.ControllerContext, System.Web.Mvc.ModelBindingContext), Línea: 0] - Ya se agregó un elemento con la misma clave.
18/05/2020 11:45:12: [Método: Void BindComplexElementalModel(System.Web.Mvc.ControllerContext, System.Web.Mvc.ModelBindingContext, System.Object), Línea: 0] - Ya se agregó un elemento con la misma clave.
18/05/2020 11:45:12: [Método: System.Object BindComplexModel(System.Web.Mvc.ControllerContext, System.Web.Mvc.ModelBindingContext), Línea: 0] - Ya se agregó un elemento con la misma clave.
18/05/2020 11:45:12: [Método: System.Object BindModel(System.Web.Mvc.ControllerContext, System.Web.Mvc.ModelBindingContext), Línea: 0] - Ya se agregó un elemento con la misma clave.
18/05/2020 11:45:12: [Método: System.Object GetParameterValue(System.Web.Mvc.ControllerContext, System.Web.Mvc.ParameterDescriptor), Línea: 0] - Ya se agregó un elemento con la misma clave.
18/05/2020 11:45:12: [Método: System.Collections.Generic.IDictionary`2[System.String,System.Object] GetParameterValues(System.Web.Mvc.ControllerContext, System.Web.Mvc.ActionDescriptor), Línea: 0] - Ya se agregó un elemento con la misma clave.
18/05/2020 11:45:12: [Método: System.IAsyncResult <BeginInvokeAction>b__19(System.AsyncCallback, System.Object), Línea: 0] - Ya se agregó un elemento con la misma clave.
18/05/2020 11:45:12: [Método: System.IAsyncResult CallBeginDelegate(System.AsyncCallback, System.Object), Línea: 0] - Ya se agregó un elemento con la misma clave.
18/05/2020 11:45:12: [Método: Void Begin(System.AsyncCallback, System.Object, Int32), Línea: 0] - Ya se agregó un elemento con la misma clave.
18/05/2020 11:45:12: [Método: System.IAsyncResult BeginInvokeAction(System.Web.Mvc.ControllerContext, System.String, System.AsyncCallback, System.Object), Línea: 0] - Ya se agregó un elemento con la misma clave.
18/05/2020 11:45:12: [Método: System.IAsyncResult <BeginExecuteCore>b__1c(System.AsyncCallback, System.Object, ExecuteCoreState), Línea: 0] - Ya se agregó un elemento con la misma clave.
18/05/2020 11:45:12: [Método: System.IAsyncResult CallBeginDelegate(System.AsyncCallback, System.Object), Línea: 0] - Ya se agregó un elemento con la misma clave.
18/05/2020 11:45:12: [Método: Void Begin(System.AsyncCallback, System.Object, Int32), Línea: 0] - Ya se agregó un elemento con la misma clave.
18/05/2020 11:45:12: [Método: System.IAsyncResult BeginExecuteCore(System.AsyncCallback, System.Object), Línea: 0] - Ya se agregó un elemento con la misma clave.
18/05/2020 11:45:12: [Método: System.IAsyncResult <BeginExecute>b__14(System.AsyncCallback, System.Object, System.Web.Mvc.Controller), Línea: 0] - Ya se agregó un elemento con la misma clave.
18/05/2020 11:45:12: [Método: System.IAsyncResult CallBeginDelegate(System.AsyncCallback, System.Object), Línea: 0] - Ya se agregó un elemento con la misma clave.
18/05/2020 11:45:12: [Método: Void Begin(System.AsyncCallback, System.Object, Int32), Línea: 0] - Ya se agregó un elemento con la misma clave.
18/05/2020 11:45:12: [Método: System.IAsyncResult BeginExecute(System.Web.Routing.RequestContext, System.AsyncCallback, System.Object), Línea: 0] - Ya se agregó un elemento con la misma clave.
18/05/2020 11:45:12: [Método: System.IAsyncResult System.Web.Mvc.Async.IAsyncController.BeginExecute(System.Web.Routing.RequestContext, System.AsyncCallback, System.Object), Línea: 0] - Ya se agregó un elemento con la misma clave.
18/05/2020 11:45:12: [Método: System.IAsyncResult <BeginProcessRequest>b__4(System.AsyncCallback, System.Object, ProcessRequestState), Línea: 0] - Ya se agregó un elemento con la misma clave.
18/05/2020 11:45:12: [Método: System.IAsyncResult CallBeginDelegate(System.AsyncCallback, System.Object), Línea: 0] - Ya se agregó un elemento con la misma clave.
18/05/2020 11:45:12: [Método: Void Begin(System.AsyncCallback, System.Object, Int32), Línea: 0] - Ya se agregó un elemento con la misma clave.
18/05/2020 11:45:12: [Método: System.IAsyncResult BeginProcessRequest(System.Web.HttpContextBase, System.AsyncCallback, System.Object), Línea: 0] - Ya se agregó un elemento con la misma clave.
18/05/2020 11:45:12: [Método: System.IAsyncResult BeginProcessRequest(System.Web.HttpContext, System.AsyncCallback, System.Object), Línea: 0] - Ya se agregó un elemento con la misma clave.
18/05/2020 11:45:12: [Método: System.IAsyncResult System.Web.IHttpAsyncHandler.BeginProcessRequest(System.Web.HttpContext, System.AsyncCallback, System.Object), Línea: 0] - Ya se agregó un elemento con la misma clave.
18/05/2020 11:45:12: [Método: Void System.Web.HttpApplication.IExecutionStep.Execute(), Línea: 0] - Ya se agregó un elemento con la misma clave.
18/05/2020 11:45:12: [Método: Void ExecuteStepImpl(IExecutionStep), Línea: 0] - Ya se agregó un elemento con la misma clave.
18/05/2020 11:45:12: [Método: System.Exception ExecuteStep(IExecutionStep, Boolean ByRef), Línea: 0] - Ya se agregó un elemento con la misma clave.
18/05/2020 11:47:51: [Método: Void ThrowArgumentException(System.ExceptionResource), Línea: 0] - Ya se agregó un elemento con la misma clave.
18/05/2020 11:47:51: [Método: Void Insert(TKey, TValue, Boolean), Línea: 0] - Ya se agregó un elemento con la misma clave.
18/05/2020 11:47:51: [Método: System.Collections.Generic.Dictionary`2[TKey,TValue] ToDictionaryFast[TKey,TValue](TValue[], System.Func`2[TValue,TKey], System.Collections.Generic.IEqualityComparer`1[TKey]), Línea: 0] - Ya se agregó un elemento con la misma clave.
18/05/2020 11:47:51: [Método: System.Collections.Generic.IDictionary`2[System.String,System.Web.Mvc.ModelMetadata] get_PropertyMetadata(), Línea: 0] - Ya se agregó un elemento con la misma clave.
18/05/2020 11:47:51: [Método: Void BindProperty(System.Web.Mvc.ControllerContext, System.Web.Mvc.ModelBindingContext, System.ComponentModel.PropertyDescriptor), Línea: 0] - Ya se agregó un elemento con la misma clave.
18/05/2020 11:47:51: [Método: Void BindProperties(System.Web.Mvc.ControllerContext, System.Web.Mvc.ModelBindingContext), Línea: 0] - Ya se agregó un elemento con la misma clave.
18/05/2020 11:47:51: [Método: Void BindComplexElementalModel(System.Web.Mvc.ControllerContext, System.Web.Mvc.ModelBindingContext, System.Object), Línea: 0] - Ya se agregó un elemento con la misma clave.
18/05/2020 11:47:51: [Método: System.Object BindComplexModel(System.Web.Mvc.ControllerContext, System.Web.Mvc.ModelBindingContext), Línea: 0] - Ya se agregó un elemento con la misma clave.
18/05/2020 11:47:51: [Método: System.Object BindModel(System.Web.Mvc.ControllerContext, System.Web.Mvc.ModelBindingContext), Línea: 0] - Ya se agregó un elemento con la misma clave.
18/05/2020 11:47:51: [Método: System.Object GetParameterValue(System.Web.Mvc.ControllerContext, System.Web.Mvc.ParameterDescriptor), Línea: 0] - Ya se agregó un elemento con la misma clave.
18/05/2020 11:47:51: [Método: System.Collections.Generic.IDictionary`2[System.String,System.Object] GetParameterValues(System.Web.Mvc.ControllerContext, System.Web.Mvc.ActionDescriptor), Línea: 0] - Ya se agregó un elemento con la misma clave.
18/05/2020 11:47:51: [Método: System.IAsyncResult <BeginInvokeAction>b__19(System.AsyncCallback, System.Object), Línea: 0] - Ya se agregó un elemento con la misma clave.
18/05/2020 11:47:51: [Método: System.IAsyncResult CallBeginDelegate(System.AsyncCallback, System.Object), Línea: 0] - Ya se agregó un elemento con la misma clave.
18/05/2020 11:47:51: [Método: Void Begin(System.AsyncCallback, System.Object, Int32), Línea: 0] - Ya se agregó un elemento con la misma clave.
18/05/2020 11:47:51: [Método: System.IAsyncResult BeginInvokeAction(System.Web.Mvc.ControllerContext, System.String, System.AsyncCallback, System.Object), Línea: 0] - Ya se agregó un elemento con la misma clave.
18/05/2020 11:47:51: [Método: System.IAsyncResult <BeginExecuteCore>b__1c(System.AsyncCallback, System.Object, ExecuteCoreState), Línea: 0] - Ya se agregó un elemento con la misma clave.
18/05/2020 11:47:51: [Método: System.IAsyncResult CallBeginDelegate(System.AsyncCallback, System.Object), Línea: 0] - Ya se agregó un elemento con la misma clave.
18/05/2020 11:47:51: [Método: Void Begin(System.AsyncCallback, System.Object, Int32), Línea: 0] - Ya se agregó un elemento con la misma clave.
18/05/2020 11:47:51: [Método: System.IAsyncResult BeginExecuteCore(System.AsyncCallback, System.Object), Línea: 0] - Ya se agregó un elemento con la misma clave.
18/05/2020 11:47:51: [Método: System.IAsyncResult <BeginExecute>b__14(System.AsyncCallback, System.Object, System.Web.Mvc.Controller), Línea: 0] - Ya se agregó un elemento con la misma clave.
18/05/2020 11:47:51: [Método: System.IAsyncResult CallBeginDelegate(System.AsyncCallback, System.Object), Línea: 0] - Ya se agregó un elemento con la misma clave.
18/05/2020 11:47:51: [Método: Void Begin(System.AsyncCallback, System.Object, Int32), Línea: 0] - Ya se agregó un elemento con la misma clave.
18/05/2020 11:47:51: [Método: System.IAsyncResult BeginExecute(System.Web.Routing.RequestContext, System.AsyncCallback, System.Object), Línea: 0] - Ya se agregó un elemento con la misma clave.
18/05/2020 11:47:51: [Método: System.IAsyncResult System.Web.Mvc.Async.IAsyncController.BeginExecute(System.Web.Routing.RequestContext, System.AsyncCallback, System.Object), Línea: 0] - Ya se agregó un elemento con la misma clave.
18/05/2020 11:47:51: [Método: System.IAsyncResult <BeginProcessRequest>b__4(System.AsyncCallback, System.Object, ProcessRequestState), Línea: 0] - Ya se agregó un elemento con la misma clave.
18/05/2020 11:47:51: [Método: System.IAsyncResult CallBeginDelegate(System.AsyncCallback, System.Object), Línea: 0] - Ya se agregó un elemento con la misma clave.
18/05/2020 11:47:51: [Método: Void Begin(System.AsyncCallback, System.Object, Int32), Línea: 0] - Ya se agregó un elemento con la misma clave.
18/05/2020 11:47:51: [Método: System.IAsyncResult BeginProcessRequest(System.Web.HttpContextBase, System.AsyncCallback, System.Object), Línea: 0] - Ya se agregó un elemento con la misma clave.
18/05/2020 11:47:51: [Método: System.IAsyncResult BeginProcessRequest(System.Web.HttpContext, System.AsyncCallback, System.Object), Línea: 0] - Ya se agregó un elemento con la misma clave.
18/05/2020 11:47:51: [Método: System.IAsyncResult System.Web.IHttpAsyncHandler.BeginProcessRequest(System.Web.HttpContext, System.AsyncCallback, System.Object), Línea: 0] - Ya se agregó un elemento con la misma clave.
18/05/2020 11:47:51: [Método: Void System.Web.HttpApplication.IExecutionStep.Execute(), Línea: 0] - Ya se agregó un elemento con la misma clave.
18/05/2020 11:47:51: [Método: Void ExecuteStepImpl(IExecutionStep), Línea: 0] - Ya se agregó un elemento con la misma clave.
18/05/2020 11:47:51: [Método: System.Exception ExecuteStep(IExecutionStep, Boolean ByRef), Línea: 0] - Ya se agregó un elemento con la misma clave.
18/05/2020 11:47:54: [Método: Void ThrowArgumentException(System.ExceptionResource), Línea: 0] - Ya se agregó un elemento con la misma clave.
18/05/2020 11:47:54: [Método: Void Insert(TKey, TValue, Boolean), Línea: 0] - Ya se agregó un elemento con la misma clave.
18/05/2020 11:47:54: [Método: System.Collections.Generic.Dictionary`2[TKey,TValue] ToDictionaryFast[TKey,TValue](TValue[], System.Func`2[TValue,TKey], System.Collections.Generic.IEqualityComparer`1[TKey]), Línea: 0] - Ya se agregó un elemento con la misma clave.
18/05/2020 11:47:54: [Método: System.Collections.Generic.IDictionary`2[System.String,System.Web.Mvc.ModelMetadata] get_PropertyMetadata(), Línea: 0] - Ya se agregó un elemento con la misma clave.
18/05/2020 11:47:54: [Método: Void BindProperty(System.Web.Mvc.ControllerContext, System.Web.Mvc.ModelBindingContext, System.ComponentModel.PropertyDescriptor), Línea: 0] - Ya se agregó un elemento con la misma clave.
18/05/2020 11:47:54: [Método: Void BindProperties(System.Web.Mvc.ControllerContext, System.Web.Mvc.ModelBindingContext), Línea: 0] - Ya se agregó un elemento con la misma clave.
18/05/2020 11:47:54: [Método: Void BindComplexElementalModel(System.Web.Mvc.ControllerContext, System.Web.Mvc.ModelBindingContext, System.Object), Línea: 0] - Ya se agregó un elemento con la misma clave.
18/05/2020 11:47:54: [Método: System.Object BindComplexModel(System.Web.Mvc.ControllerContext, System.Web.Mvc.ModelBindingContext), Línea: 0] - Ya se agregó un elemento con la misma clave.
18/05/2020 11:47:54: [Método: System.Object BindModel(System.Web.Mvc.ControllerContext, System.Web.Mvc.ModelBindingContext), Línea: 0] - Ya se agregó un elemento con la misma clave.
18/05/2020 11:47:54: [Método: System.Object GetParameterValue(System.Web.Mvc.ControllerContext, System.Web.Mvc.ParameterDescriptor), Línea: 0] - Ya se agregó un elemento con la misma clave.
18/05/2020 11:47:54: [Método: System.Collections.Generic.IDictionary`2[System.String,System.Object] GetParameterValues(System.Web.Mvc.ControllerContext, System.Web.Mvc.ActionDescriptor), Línea: 0] - Ya se agregó un elemento con la misma clave.
18/05/2020 11:47:54: [Método: System.IAsyncResult <BeginInvokeAction>b__19(System.AsyncCallback, System.Object), Línea: 0] - Ya se agregó un elemento con la misma clave.
18/05/2020 11:47:54: [Método: System.IAsyncResult CallBeginDelegate(System.AsyncCallback, System.Object), Línea: 0] - Ya se agregó un elemento con la misma clave.
18/05/2020 11:47:54: [Método: Void Begin(System.AsyncCallback, System.Object, Int32), Línea: 0] - Ya se agregó un elemento con la misma clave.
18/05/2020 11:47:54: [Método: System.IAsyncResult BeginInvokeAction(System.Web.Mvc.ControllerContext, System.String, System.AsyncCallback, System.Object), Línea: 0] - Ya se agregó un elemento con la misma clave.
18/05/2020 11:47:54: [Método: System.IAsyncResult <BeginExecuteCore>b__1c(System.AsyncCallback, System.Object, ExecuteCoreState), Línea: 0] - Ya se agregó un elemento con la misma clave.
18/05/2020 11:47:54: [Método: System.IAsyncResult CallBeginDelegate(System.AsyncCallback, System.Object), Línea: 0] - Ya se agregó un elemento con la misma clave.
18/05/2020 11:47:54: [Método: Void Begin(System.AsyncCallback, System.Object, Int32), Línea: 0] - Ya se agregó un elemento con la misma clave.
18/05/2020 11:47:54: [Método: System.IAsyncResult BeginExecuteCore(System.AsyncCallback, System.Object), Línea: 0] - Ya se agregó un elemento con la misma clave.
18/05/2020 11:47:54: [Método: System.IAsyncResult <BeginExecute>b__14(System.AsyncCallback, System.Object, System.Web.Mvc.Controller), Línea: 0] - Ya se agregó un elemento con la misma clave.
18/05/2020 11:47:54: [Método: System.IAsyncResult CallBeginDelegate(System.AsyncCallback, System.Object), Línea: 0] - Ya se agregó un elemento con la misma clave.
18/05/2020 11:47:54: [Método: Void Begin(System.AsyncCallback, System.Object, Int32), Línea: 0] - Ya se agregó un elemento con la misma clave.
18/05/2020 11:47:54: [Método: System.IAsyncResult BeginExecute(System.Web.Routing.RequestContext, System.AsyncCallback, System.Object), Línea: 0] - Ya se agregó un elemento con la misma clave.
18/05/2020 11:47:54: [Método: System.IAsyncResult System.Web.Mvc.Async.IAsyncController.BeginExecute(System.Web.Routing.RequestContext, System.AsyncCallback, System.Object), Línea: 0] - Ya se agregó un elemento con la misma clave.
18/05/2020 11:47:54: [Método: System.IAsyncResult <BeginProcessRequest>b__4(System.AsyncCallback, System.Object, ProcessRequestState), Línea: 0] - Ya se agregó un elemento con la misma clave.
18/05/2020 11:47:54: [Método: System.IAsyncResult CallBeginDelegate(System.AsyncCallback, System.Object), Línea: 0] - Ya se agregó un elemento con la misma clave.
18/05/2020 11:47:54: [Método: Void Begin(System.AsyncCallback, System.Object, Int32), Línea: 0] - Ya se agregó un elemento con la misma clave.
18/05/2020 11:47:54: [Método: System.IAsyncResult BeginProcessRequest(System.Web.HttpContextBase, System.AsyncCallback, System.Object), Línea: 0] - Ya se agregó un elemento con la misma clave.
18/05/2020 11:47:54: [Método: System.IAsyncResult BeginProcessRequest(System.Web.HttpContext, System.AsyncCallback, System.Object), Línea: 0] - Ya se agregó un elemento con la misma clave.
18/05/2020 11:47:54: [Método: System.IAsyncResult System.Web.IHttpAsyncHandler.BeginProcessRequest(System.Web.HttpContext, System.AsyncCallback, System.Object), Línea: 0] - Ya se agregó un elemento con la misma clave.
18/05/2020 11:47:54: [Método: Void System.Web.HttpApplication.IExecutionStep.Execute(), Línea: 0] - Ya se agregó un elemento con la misma clave.
18/05/2020 11:47:54: [Método: Void ExecuteStepImpl(IExecutionStep), Línea: 0] - Ya se agregó un elemento con la misma clave.
18/05/2020 11:47:54: [Método: System.Exception ExecuteStep(IExecutionStep, Boolean ByRef), Línea: 0] - Ya se agregó un elemento con la misma clave.
18/05/2020 11:54:09: [Método: Void ThrowArgumentException(System.ExceptionResource), Línea: 0] - Ya se agregó un elemento con la misma clave.
18/05/2020 11:54:09: [Método: Void Insert(TKey, TValue, Boolean), Línea: 0] - Ya se agregó un elemento con la misma clave.
18/05/2020 11:54:09: [Método: System.Collections.Generic.Dictionary`2[TKey,TValue] ToDictionaryFast[TKey,TValue](TValue[], System.Func`2[TValue,TKey], System.Collections.Generic.IEqualityComparer`1[TKey]), Línea: 0] - Ya se agregó un elemento con la misma clave.
18/05/2020 11:54:09: [Método: System.Collections.Generic.IDictionary`2[System.String,System.Web.Mvc.ModelMetadata] get_PropertyMetadata(), Línea: 0] - Ya se agregó un elemento con la misma clave.
18/05/2020 11:54:09: [Método: Void BindProperty(System.Web.Mvc.ControllerContext, System.Web.Mvc.ModelBindingContext, System.ComponentModel.PropertyDescriptor), Línea: 0] - Ya se agregó un elemento con la misma clave.
18/05/2020 11:54:09: [Método: Void BindProperties(System.Web.Mvc.ControllerContext, System.Web.Mvc.ModelBindingContext), Línea: 0] - Ya se agregó un elemento con la misma clave.
18/05/2020 11:54:09: [Método: Void BindComplexElementalModel(System.Web.Mvc.ControllerContext, System.Web.Mvc.ModelBindingContext, System.Object), Línea: 0] - Ya se agregó un elemento con la misma clave.
18/05/2020 11:54:09: [Método: System.Object BindComplexModel(System.Web.Mvc.ControllerContext, System.Web.Mvc.ModelBindingContext), Línea: 0] - Ya se agregó un elemento con la misma clave.
18/05/2020 11:54:09: [Método: System.Object BindModel(System.Web.Mvc.ControllerContext, System.Web.Mvc.ModelBindingContext), Línea: 0] - Ya se agregó un elemento con la misma clave.
18/05/2020 11:54:09: [Método: System.Object GetParameterValue(System.Web.Mvc.ControllerContext, System.Web.Mvc.ParameterDescriptor), Línea: 0] - Ya se agregó un elemento con la misma clave.
18/05/2020 11:54:09: [Método: System.Collections.Generic.IDictionary`2[System.String,System.Object] GetParameterValues(System.Web.Mvc.ControllerContext, System.Web.Mvc.ActionDescriptor), Línea: 0] - Ya se agregó un elemento con la misma clave.
18/05/2020 11:54:09: [Método: System.IAsyncResult <BeginInvokeAction>b__19(System.AsyncCallback, System.Object), Línea: 0] - Ya se agregó un elemento con la misma clave.
18/05/2020 11:54:09: [Método: System.IAsyncResult CallBeginDelegate(System.AsyncCallback, System.Object), Línea: 0] - Ya se agregó un elemento con la misma clave.
18/05/2020 11:54:09: [Método: Void Begin(System.AsyncCallback, System.Object, Int32), Línea: 0] - Ya se agregó un elemento con la misma clave.
18/05/2020 11:54:09: [Método: System.IAsyncResult BeginInvokeAction(System.Web.Mvc.ControllerContext, System.String, System.AsyncCallback, System.Object), Línea: 0] - Ya se agregó un elemento con la misma clave.
18/05/2020 11:54:09: [Método: System.IAsyncResult <BeginExecuteCore>b__1c(System.AsyncCallback, System.Object, ExecuteCoreState), Línea: 0] - Ya se agregó un elemento con la misma clave.
18/05/2020 11:54:09: [Método: System.IAsyncResult CallBeginDelegate(System.AsyncCallback, System.Object), Línea: 0] - Ya se agregó un elemento con la misma clave.
18/05/2020 11:54:09: [Método: Void Begin(System.AsyncCallback, System.Object, Int32), Línea: 0] - Ya se agregó un elemento con la misma clave.
18/05/2020 11:54:09: [Método: System.IAsyncResult BeginExecuteCore(System.AsyncCallback, System.Object), Línea: 0] - Ya se agregó un elemento con la misma clave.
18/05/2020 11:54:09: [Método: System.IAsyncResult <BeginExecute>b__14(System.AsyncCallback, System.Object, System.Web.Mvc.Controller), Línea: 0] - Ya se agregó un elemento con la misma clave.
18/05/2020 11:54:09: [Método: System.IAsyncResult CallBeginDelegate(System.AsyncCallback, System.Object), Línea: 0] - Ya se agregó un elemento con la misma clave.
18/05/2020 11:54:09: [Método: Void Begin(System.AsyncCallback, System.Object, Int32), Línea: 0] - Ya se agregó un elemento con la misma clave.
18/05/2020 11:54:09: [Método: System.IAsyncResult BeginExecute(System.Web.Routing.RequestContext, System.AsyncCallback, System.Object), Línea: 0] - Ya se agregó un elemento con la misma clave.
18/05/2020 11:54:09: [Método: System.IAsyncResult System.Web.Mvc.Async.IAsyncController.BeginExecute(System.Web.Routing.RequestContext, System.AsyncCallback, System.Object), Línea: 0] - Ya se agregó un elemento con la misma clave.
18/05/2020 11:54:09: [Método: System.IAsyncResult <BeginProcessRequest>b__4(System.AsyncCallback, System.Object, ProcessRequestState), Línea: 0] - Ya se agregó un elemento con la misma clave.
18/05/2020 11:54:09: [Método: System.IAsyncResult CallBeginDelegate(System.AsyncCallback, System.Object), Línea: 0] - Ya se agregó un elemento con la misma clave.
18/05/2020 11:54:09: [Método: Void Begin(System.AsyncCallback, System.Object, Int32), Línea: 0] - Ya se agregó un elemento con la misma clave.
18/05/2020 11:54:09: [Método: System.IAsyncResult BeginProcessRequest(System.Web.HttpContextBase, System.AsyncCallback, System.Object), Línea: 0] - Ya se agregó un elemento con la misma clave.
18/05/2020 11:54:09: [Método: System.IAsyncResult BeginProcessRequest(System.Web.HttpContext, System.AsyncCallback, System.Object), Línea: 0] - Ya se agregó un elemento con la misma clave.
18/05/2020 11:54:09: [Método: System.IAsyncResult System.Web.IHttpAsyncHandler.BeginProcessRequest(System.Web.HttpContext, System.AsyncCallback, System.Object), Línea: 0] - Ya se agregó un elemento con la misma clave.
18/05/2020 11:54:09: [Método: Void System.Web.HttpApplication.IExecutionStep.Execute(), Línea: 0] - Ya se agregó un elemento con la misma clave.
18/05/2020 11:54:09: [Método: Void ExecuteStepImpl(IExecutionStep), Línea: 0] - Ya se agregó un elemento con la misma clave.
18/05/2020 11:54:09: [Método: System.Exception ExecuteStep(IExecutionStep, Boolean ByRef), Línea: 0] - Ya se agregó un elemento con la misma clave.
