15/03/2020 10:08:23 p.m.: [Método: Void WinIOError(Int32, System.String), Línea: 0] - El proceso no puede obtener acceso al archivo 'C:\Users\JK\Downloads\PLANTILLA_MINEN\CONECTADO\ORDENADO\git-new-repository\back-end\Web Dinamico 2\MRVMinem\Temp\0298f332-56e4-4eb6-bbef-5db9421989d8.pdf' porque está siendo utilizado en otro proceso.
15/03/2020 10:08:23 p.m.: [Método: Void Init(System.String, System.IO.FileMode, System.IO.FileAccess, Int32, Boolean, System.IO.FileShare, Int32, System.IO.FileOptions, SECURITY_ATTRIBUTES, System.String, Boolean, Boolean, Boolean), Línea: 0] - El proceso no puede obtener acceso al archivo 'C:\Users\JK\Downloads\PLANTILLA_MINEN\CONECTADO\ORDENADO\git-new-repository\back-end\Web Dinamico 2\MRVMinem\Temp\0298f332-56e4-4eb6-bbef-5db9421989d8.pdf' porque está siendo utilizado en otro proceso.
15/03/2020 10:08:23 p.m.: [Método: Void .ctor(System.String, System.IO.FileMode, System.IO.FileAccess, System.IO.FileShare, Int32, System.IO.FileOptions, System.String, Boolean), Línea: 0] - El proceso no puede obtener acceso al archivo 'C:\Users\JK\Downloads\PLANTILLA_MINEN\CONECTADO\ORDENADO\git-new-repository\back-end\Web Dinamico 2\MRVMinem\Temp\0298f332-56e4-4eb6-bbef-5db9421989d8.pdf' porque está siendo utilizado en otro proceso.
15/03/2020 10:08:23 p.m.: [Método: Void .ctor(System.String, System.IO.FileMode), Línea: 0] - El proceso no puede obtener acceso al archivo 'C:\Users\JK\Downloads\PLANTILLA_MINEN\CONECTADO\ORDENADO\git-new-repository\back-end\Web Dinamico 2\MRVMinem\Temp\0298f332-56e4-4eb6-bbef-5db9421989d8.pdf' porque está siendo utilizado en otro proceso.
15/03/2020 10:08:23 p.m.: [Método: Boolean GenerarPDFBlockChain(Int32, System.String), Línea: 48] - El proceso no puede obtener acceso al archivo 'C:\Users\JK\Downloads\PLANTILLA_MINEN\CONECTADO\ORDENADO\git-new-repository\back-end\Web Dinamico 2\MRVMinem\Temp\0298f332-56e4-4eb6-bbef-5db9421989d8.pdf' porque está siendo utilizado en otro proceso.
15/03/2020 10:19:48 p.m.: [Método: Void HandleErrorHelper(Int32, Oracle.DataAccess.Client.OracleConnection, IntPtr, Oracle.DataAccess.Client.OpoSqlValCtx*, System.Object, System.String, Boolean, Int32, Oracle.DataAccess.Client.OracleLogicalTransaction), Línea: 0] - ORA-06550: línea 1, columna 7:
PLS-00306: número o tipos de argumentos erróneos al llamar a 'USP_UPD_BLOCKCHAIN_PDF'
ORA-06550: línea 1, columna 7:
PL/SQL: Statement ignored
15/03/2020 10:19:51 p.m.: [Método: Void HandleError(Int32, Oracle.DataAccess.Client.OracleConnection, System.String, IntPtr, Oracle.DataAccess.Client.OpoSqlValCtx*, System.Object, Boolean, Oracle.DataAccess.Client.OracleLogicalTransaction), Línea: 0] - ORA-06550: línea 1, columna 7:
PLS-00306: número o tipos de argumentos erróneos al llamar a 'USP_UPD_BLOCKCHAIN_PDF'
ORA-06550: línea 1, columna 7:
PL/SQL: Statement ignored
15/03/2020 10:19:52 p.m.: [Método: Oracle.DataAccess.Client.OracleDataReader ExecuteReader(Boolean, Boolean, System.Data.CommandBehavior), Línea: 0] - ORA-06550: línea 1, columna 7:
PLS-00306: número o tipos de argumentos erróneos al llamar a 'USP_UPD_BLOCKCHAIN_PDF'
ORA-06550: línea 1, columna 7:
PL/SQL: Statement ignored
15/03/2020 10:19:54 p.m.: [Método: System.Data.Common.DbDataReader ExecuteDbDataReader(System.Data.CommandBehavior), Línea: 0] - ORA-06550: línea 1, columna 7:
PLS-00306: número o tipos de argumentos erróneos al llamar a 'USP_UPD_BLOCKCHAIN_PDF'
ORA-06550: línea 1, columna 7:
PL/SQL: Statement ignored
15/03/2020 10:19:55 p.m.: [Método: System.Data.IDataReader System.Data.IDbCommand.ExecuteReader(System.Data.CommandBehavior), Línea: 0] - ORA-06550: línea 1, columna 7:
PLS-00306: número o tipos de argumentos erróneos al llamar a 'USP_UPD_BLOCKCHAIN_PDF'
ORA-06550: línea 1, columna 7:
PL/SQL: Statement ignored
15/03/2020 10:19:58 p.m.: [Método: System.Data.IDataReader ExecuteReaderWithFlagsFallback(System.Data.IDbCommand, Boolean, System.Data.CommandBehavior), Línea: 0] - ORA-06550: línea 1, columna 7:
PLS-00306: número o tipos de argumentos erróneos al llamar a 'USP_UPD_BLOCKCHAIN_PDF'
ORA-06550: línea 1, columna 7:
PL/SQL: Statement ignored
15/03/2020 10:19:59 p.m.: [Método: Boolean MoveNext(), Línea: 0] - ORA-06550: línea 1, columna 7:
PLS-00306: número o tipos de argumentos erróneos al llamar a 'USP_UPD_BLOCKCHAIN_PDF'
ORA-06550: línea 1, columna 7:
PL/SQL: Statement ignored
15/03/2020 10:20:01 p.m.: [Método: Void .ctor(System.Collections.Generic.IEnumerable`1[T]), Línea: 0] - ORA-06550: línea 1, columna 7:
PLS-00306: número o tipos de argumentos erróneos al llamar a 'USP_UPD_BLOCKCHAIN_PDF'
ORA-06550: línea 1, columna 7:
PL/SQL: Statement ignored
15/03/2020 10:20:03 p.m.: [Método: System.Collections.Generic.List`1[TSource] ToList[TSource](System.Collections.Generic.IEnumerable`1[TSource]), Línea: 0] - ORA-06550: línea 1, columna 7:
PLS-00306: número o tipos de argumentos erróneos al llamar a 'USP_UPD_BLOCKCHAIN_PDF'
ORA-06550: línea 1, columna 7:
PL/SQL: Statement ignored
15/03/2020 10:20:22 p.m.: [Método: System.Collections.Generic.IEnumerable`1[T] Query[T](System.Data.IDbConnection, System.String, System.Object, System.Data.IDbTransaction, Boolean, System.Nullable`1[System.Int32], System.Nullable`1[System.Data.CommandType]), Línea: 0] - ORA-06550: línea 1, columna 7:
PLS-00306: número o tipos de argumentos erróneos al llamar a 'USP_UPD_BLOCKCHAIN_PDF'
ORA-06550: línea 1, columna 7:
PL/SQL: Statement ignored
15/03/2020 10:20:30 p.m.: [Método: System.Collections.Generic.List`1[entidad.minem.gob.pe.BlockChainBE] NombrePDFBlockchain(entidad.minem.gob.pe.BlockChainBE), Línea: 78] - ORA-06550: línea 1, columna 7:
PLS-00306: número o tipos de argumentos erróneos al llamar a 'USP_UPD_BLOCKCHAIN_PDF'
ORA-06550: línea 1, columna 7:
PL/SQL: Statement ignored
15/03/2020 10:20:41 p.m.: [Método: Void HandleErrorHelper(Int32, Oracle.DataAccess.Client.OracleConnection, IntPtr, Oracle.DataAccess.Client.OpoSqlValCtx*, System.Object, System.String, Boolean, Int32, Oracle.DataAccess.Client.OracleLogicalTransaction), Línea: 0] - ORA-06550: línea 1, columna 7:
PLS-00306: número o tipos de argumentos erróneos al llamar a 'USP_UPD_BLOCKCHAIN_PDF'
ORA-06550: línea 1, columna 7:
PL/SQL: Statement ignored
15/03/2020 10:20:41 p.m.: [Método: Void HandleError(Int32, Oracle.DataAccess.Client.OracleConnection, System.String, IntPtr, Oracle.DataAccess.Client.OpoSqlValCtx*, System.Object, Boolean, Oracle.DataAccess.Client.OracleLogicalTransaction), Línea: 0] - ORA-06550: línea 1, columna 7:
PLS-00306: número o tipos de argumentos erróneos al llamar a 'USP_UPD_BLOCKCHAIN_PDF'
ORA-06550: línea 1, columna 7:
PL/SQL: Statement ignored
15/03/2020 10:20:41 p.m.: [Método: Oracle.DataAccess.Client.OracleDataReader ExecuteReader(Boolean, Boolean, System.Data.CommandBehavior), Línea: 0] - ORA-06550: línea 1, columna 7:
PLS-00306: número o tipos de argumentos erróneos al llamar a 'USP_UPD_BLOCKCHAIN_PDF'
ORA-06550: línea 1, columna 7:
PL/SQL: Statement ignored
15/03/2020 10:20:41 p.m.: [Método: System.Data.Common.DbDataReader ExecuteDbDataReader(System.Data.CommandBehavior), Línea: 0] - ORA-06550: línea 1, columna 7:
PLS-00306: número o tipos de argumentos erróneos al llamar a 'USP_UPD_BLOCKCHAIN_PDF'
ORA-06550: línea 1, columna 7:
PL/SQL: Statement ignored
15/03/2020 10:20:41 p.m.: [Método: System.Data.IDataReader System.Data.IDbCommand.ExecuteReader(System.Data.CommandBehavior), Línea: 0] - ORA-06550: línea 1, columna 7:
PLS-00306: número o tipos de argumentos erróneos al llamar a 'USP_UPD_BLOCKCHAIN_PDF'
ORA-06550: línea 1, columna 7:
PL/SQL: Statement ignored
15/03/2020 10:20:41 p.m.: [Método: System.Data.IDataReader ExecuteReaderWithFlagsFallback(System.Data.IDbCommand, Boolean, System.Data.CommandBehavior), Línea: 0] - ORA-06550: línea 1, columna 7:
PLS-00306: número o tipos de argumentos erróneos al llamar a 'USP_UPD_BLOCKCHAIN_PDF'
ORA-06550: línea 1, columna 7:
PL/SQL: Statement ignored
15/03/2020 10:20:41 p.m.: [Método: Boolean MoveNext(), Línea: 0] - ORA-06550: línea 1, columna 7:
PLS-00306: número o tipos de argumentos erróneos al llamar a 'USP_UPD_BLOCKCHAIN_PDF'
ORA-06550: línea 1, columna 7:
PL/SQL: Statement ignored
15/03/2020 10:20:41 p.m.: [Método: Void .ctor(System.Collections.Generic.IEnumerable`1[T]), Línea: 0] - ORA-06550: línea 1, columna 7:
PLS-00306: número o tipos de argumentos erróneos al llamar a 'USP_UPD_BLOCKCHAIN_PDF'
ORA-06550: línea 1, columna 7:
PL/SQL: Statement ignored
15/03/2020 10:20:41 p.m.: [Método: System.Collections.Generic.List`1[TSource] ToList[TSource](System.Collections.Generic.IEnumerable`1[TSource]), Línea: 0] - ORA-06550: línea 1, columna 7:
PLS-00306: número o tipos de argumentos erróneos al llamar a 'USP_UPD_BLOCKCHAIN_PDF'
ORA-06550: línea 1, columna 7:
PL/SQL: Statement ignored
15/03/2020 10:20:41 p.m.: [Método: System.Collections.Generic.IEnumerable`1[T] Query[T](System.Data.IDbConnection, System.String, System.Object, System.Data.IDbTransaction, Boolean, System.Nullable`1[System.Int32], System.Nullable`1[System.Data.CommandType]), Línea: 0] - ORA-06550: línea 1, columna 7:
PLS-00306: número o tipos de argumentos erróneos al llamar a 'USP_UPD_BLOCKCHAIN_PDF'
ORA-06550: línea 1, columna 7:
PL/SQL: Statement ignored
15/03/2020 10:20:41 p.m.: [Método: System.Collections.Generic.List`1[entidad.minem.gob.pe.BlockChainBE] NombrePDFBlockchain(entidad.minem.gob.pe.BlockChainBE), Línea: 78] - ORA-06550: línea 1, columna 7:
PLS-00306: número o tipos de argumentos erróneos al llamar a 'USP_UPD_BLOCKCHAIN_PDF'
ORA-06550: línea 1, columna 7:
PL/SQL: Statement ignored
15/03/2020 11:43:13 p.m.: [Método: Void HandleErrorHelper(Int32, Oracle.DataAccess.Client.OracleConnection, IntPtr, Oracle.DataAccess.Client.OpoSqlValCtx*, System.Object, System.String, Boolean, Int32, Oracle.DataAccess.Client.OracleLogicalTransaction), Línea: 0] - ORA-06550: línea 1, columna 7:
PLS-00306: número o tipos de argumentos erróneos al llamar a 'USP_SEL_BLOCKCHAIN_PDF'
ORA-06550: línea 1, columna 7:
PL/SQL: Statement ignored
15/03/2020 11:43:13 p.m.: [Método: Void HandleError(Int32, Oracle.DataAccess.Client.OracleConnection, System.String, IntPtr, Oracle.DataAccess.Client.OpoSqlValCtx*, System.Object, Boolean, Oracle.DataAccess.Client.OracleLogicalTransaction), Línea: 0] - ORA-06550: línea 1, columna 7:
PLS-00306: número o tipos de argumentos erróneos al llamar a 'USP_SEL_BLOCKCHAIN_PDF'
ORA-06550: línea 1, columna 7:
PL/SQL: Statement ignored
15/03/2020 11:43:13 p.m.: [Método: Oracle.DataAccess.Client.OracleDataReader ExecuteReader(Boolean, Boolean, System.Data.CommandBehavior), Línea: 0] - ORA-06550: línea 1, columna 7:
PLS-00306: número o tipos de argumentos erróneos al llamar a 'USP_SEL_BLOCKCHAIN_PDF'
ORA-06550: línea 1, columna 7:
PL/SQL: Statement ignored
15/03/2020 11:43:13 p.m.: [Método: Oracle.DataAccess.Client.OracleDataReader ExecuteReader(), Línea: 0] - ORA-06550: línea 1, columna 7:
PLS-00306: número o tipos de argumentos erróneos al llamar a 'USP_SEL_BLOCKCHAIN_PDF'
ORA-06550: línea 1, columna 7:
PL/SQL: Statement ignored
15/03/2020 11:43:13 p.m.: [Método: System.Object ExecuteScalar(), Línea: 0] - ORA-06550: línea 1, columna 7:
PLS-00306: número o tipos de argumentos erróneos al llamar a 'USP_SEL_BLOCKCHAIN_PDF'
ORA-06550: línea 1, columna 7:
PL/SQL: Statement ignored
15/03/2020 11:43:13 p.m.: [Método: T ExecuteScalarImpl[T](System.Data.IDbConnection, Dapper.CommandDefinition ByRef), Línea: 0] - ORA-06550: línea 1, columna 7:
PLS-00306: número o tipos de argumentos erróneos al llamar a 'USP_SEL_BLOCKCHAIN_PDF'
ORA-06550: línea 1, columna 7:
PL/SQL: Statement ignored
15/03/2020 11:43:13 p.m.: [Método: System.Object ExecuteScalar(System.Data.IDbConnection, System.String, System.Object, System.Data.IDbTransaction, System.Nullable`1[System.Int32], System.Nullable`1[System.Data.CommandType]), Línea: 0] - ORA-06550: línea 1, columna 7:
PLS-00306: número o tipos de argumentos erróneos al llamar a 'USP_SEL_BLOCKCHAIN_PDF'
ORA-06550: línea 1, columna 7:
PL/SQL: Statement ignored
15/03/2020 11:43:13 p.m.: [Método: entidad.minem.gob.pe.BlockChainBE MostrarBlockchain(entidad.minem.gob.pe.BlockChainBE), Línea: 98] - ORA-06550: línea 1, columna 7:
PLS-00306: número o tipos de argumentos erróneos al llamar a 'USP_SEL_BLOCKCHAIN_PDF'
ORA-06550: línea 1, columna 7:
PL/SQL: Statement ignored
15/03/2020 11:44:08 p.m.: [Método: Void HandleErrorHelper(Int32, Oracle.DataAccess.Client.OracleConnection, IntPtr, Oracle.DataAccess.Client.OpoSqlValCtx*, System.Object, System.String, Boolean, Int32, Oracle.DataAccess.Client.OracleLogicalTransaction), Línea: 0] - ORA-06550: línea 1, columna 7:
PLS-00306: número o tipos de argumentos erróneos al llamar a 'USP_SEL_BLOCKCHAIN_PDF'
ORA-06550: línea 1, columna 7:
PL/SQL: Statement ignored
15/03/2020 11:44:08 p.m.: [Método: Void HandleError(Int32, Oracle.DataAccess.Client.OracleConnection, System.String, IntPtr, Oracle.DataAccess.Client.OpoSqlValCtx*, System.Object, Boolean, Oracle.DataAccess.Client.OracleLogicalTransaction), Línea: 0] - ORA-06550: línea 1, columna 7:
PLS-00306: número o tipos de argumentos erróneos al llamar a 'USP_SEL_BLOCKCHAIN_PDF'
ORA-06550: línea 1, columna 7:
PL/SQL: Statement ignored
15/03/2020 11:44:08 p.m.: [Método: Oracle.DataAccess.Client.OracleDataReader ExecuteReader(Boolean, Boolean, System.Data.CommandBehavior), Línea: 0] - ORA-06550: línea 1, columna 7:
PLS-00306: número o tipos de argumentos erróneos al llamar a 'USP_SEL_BLOCKCHAIN_PDF'
ORA-06550: línea 1, columna 7:
PL/SQL: Statement ignored
15/03/2020 11:44:08 p.m.: [Método: Oracle.DataAccess.Client.OracleDataReader ExecuteReader(), Línea: 0] - ORA-06550: línea 1, columna 7:
PLS-00306: número o tipos de argumentos erróneos al llamar a 'USP_SEL_BLOCKCHAIN_PDF'
ORA-06550: línea 1, columna 7:
PL/SQL: Statement ignored
15/03/2020 11:44:08 p.m.: [Método: System.Object ExecuteScalar(), Línea: 0] - ORA-06550: línea 1, columna 7:
PLS-00306: número o tipos de argumentos erróneos al llamar a 'USP_SEL_BLOCKCHAIN_PDF'
ORA-06550: línea 1, columna 7:
PL/SQL: Statement ignored
15/03/2020 11:44:08 p.m.: [Método: T ExecuteScalarImpl[T](System.Data.IDbConnection, Dapper.CommandDefinition ByRef), Línea: 0] - ORA-06550: línea 1, columna 7:
PLS-00306: número o tipos de argumentos erróneos al llamar a 'USP_SEL_BLOCKCHAIN_PDF'
ORA-06550: línea 1, columna 7:
PL/SQL: Statement ignored
15/03/2020 11:44:08 p.m.: [Método: System.Object ExecuteScalar(System.Data.IDbConnection, System.String, System.Object, System.Data.IDbTransaction, System.Nullable`1[System.Int32], System.Nullable`1[System.Data.CommandType]), Línea: 0] - ORA-06550: línea 1, columna 7:
PLS-00306: número o tipos de argumentos erróneos al llamar a 'USP_SEL_BLOCKCHAIN_PDF'
ORA-06550: línea 1, columna 7:
PL/SQL: Statement ignored
15/03/2020 11:44:08 p.m.: [Método: entidad.minem.gob.pe.BlockChainBE MostrarBlockchain(entidad.minem.gob.pe.BlockChainBE), Línea: 98] - ORA-06550: línea 1, columna 7:
PLS-00306: número o tipos de argumentos erróneos al llamar a 'USP_SEL_BLOCKCHAIN_PDF'
ORA-06550: línea 1, columna 7:
PL/SQL: Statement ignored
15/03/2020 11:45:02 p.m.: [Método: Void HandleErrorHelper(Int32, Oracle.DataAccess.Client.OracleConnection, IntPtr, Oracle.DataAccess.Client.OpoSqlValCtx*, System.Object, System.String, Boolean, Int32, Oracle.DataAccess.Client.OracleLogicalTransaction), Línea: 0] - ORA-06550: línea 1, columna 7:
PLS-00306: número o tipos de argumentos erróneos al llamar a 'USP_SEL_BLOCKCHAIN_PDF'
ORA-06550: línea 1, columna 7:
PL/SQL: Statement ignored
15/03/2020 11:45:02 p.m.: [Método: Void HandleError(Int32, Oracle.DataAccess.Client.OracleConnection, System.String, IntPtr, Oracle.DataAccess.Client.OpoSqlValCtx*, System.Object, Boolean, Oracle.DataAccess.Client.OracleLogicalTransaction), Línea: 0] - ORA-06550: línea 1, columna 7:
PLS-00306: número o tipos de argumentos erróneos al llamar a 'USP_SEL_BLOCKCHAIN_PDF'
ORA-06550: línea 1, columna 7:
PL/SQL: Statement ignored
15/03/2020 11:45:02 p.m.: [Método: Oracle.DataAccess.Client.OracleDataReader ExecuteReader(Boolean, Boolean, System.Data.CommandBehavior), Línea: 0] - ORA-06550: línea 1, columna 7:
PLS-00306: número o tipos de argumentos erróneos al llamar a 'USP_SEL_BLOCKCHAIN_PDF'
ORA-06550: línea 1, columna 7:
PL/SQL: Statement ignored
15/03/2020 11:45:02 p.m.: [Método: Oracle.DataAccess.Client.OracleDataReader ExecuteReader(), Línea: 0] - ORA-06550: línea 1, columna 7:
PLS-00306: número o tipos de argumentos erróneos al llamar a 'USP_SEL_BLOCKCHAIN_PDF'
ORA-06550: línea 1, columna 7:
PL/SQL: Statement ignored
15/03/2020 11:45:02 p.m.: [Método: System.Object ExecuteScalar(), Línea: 0] - ORA-06550: línea 1, columna 7:
PLS-00306: número o tipos de argumentos erróneos al llamar a 'USP_SEL_BLOCKCHAIN_PDF'
ORA-06550: línea 1, columna 7:
PL/SQL: Statement ignored
15/03/2020 11:45:02 p.m.: [Método: T ExecuteScalarImpl[T](System.Data.IDbConnection, Dapper.CommandDefinition ByRef), Línea: 0] - ORA-06550: línea 1, columna 7:
PLS-00306: número o tipos de argumentos erróneos al llamar a 'USP_SEL_BLOCKCHAIN_PDF'
ORA-06550: línea 1, columna 7:
PL/SQL: Statement ignored
15/03/2020 11:45:02 p.m.: [Método: System.Object ExecuteScalar(System.Data.IDbConnection, System.String, System.Object, System.Data.IDbTransaction, System.Nullable`1[System.Int32], System.Nullable`1[System.Data.CommandType]), Línea: 0] - ORA-06550: línea 1, columna 7:
PLS-00306: número o tipos de argumentos erróneos al llamar a 'USP_SEL_BLOCKCHAIN_PDF'
ORA-06550: línea 1, columna 7:
PL/SQL: Statement ignored
15/03/2020 11:45:02 p.m.: [Método: entidad.minem.gob.pe.BlockChainBE MostrarBlockchain(entidad.minem.gob.pe.BlockChainBE), Línea: 0] - ORA-06550: línea 1, columna 7:
PLS-00306: número o tipos de argumentos erróneos al llamar a 'USP_SEL_BLOCKCHAIN_PDF'
ORA-06550: línea 1, columna 7:
PL/SQL: Statement ignored
