28/04/2020 16:39:23: [Método: Void HandleErrorHelper(Int32, Oracle.DataAccess.Client.OracleConnection, IntPtr, Oracle.DataAccess.Client.OpoSqlValCtx*, System.Object, System.String, Boolean, Int32, Oracle.DataAccess.Client.OracleLogicalTransaction), Línea: 0] - ORA-00001: restricción única (MRVMM.PK_FACTOR) violada
ORA-06512: en "MRVMM.PKG_MRV_PARAMETROS", línea 130
ORA-06512: en línea 1
28/04/2020 16:39:23: [Método: Void HandleError(Int32, Oracle.DataAccess.Client.OracleConnection, System.String, IntPtr, Oracle.DataAccess.Client.OpoSqlValCtx*, System.Object, Boolean, Oracle.DataAccess.Client.OracleLogicalTransaction), Línea: 0] - ORA-00001: restricción única (MRVMM.PK_FACTOR) violada
ORA-06512: en "MRVMM.PKG_MRV_PARAMETROS", línea 130
ORA-06512: en línea 1
28/04/2020 16:39:23: [Método: Int32 ExecuteNonQuery(), Línea: 0] - ORA-00001: restricción única (MRVMM.PK_FACTOR) violada
ORA-06512: en "MRVMM.PKG_MRV_PARAMETROS", línea 130
ORA-06512: en línea 1
28/04/2020 16:39:23: [Método: Int32 ExecuteNonQuery(Oracle.DataAccess.Client.OracleConnection, System.Data.CommandType, System.String, Oracle.DataAccess.Client.OracleParameter[]), Línea: 255] - ORA-00001: restricción única (MRVMM.PK_FACTOR) violada
ORA-06512: en "MRVMM.PKG_MRV_PARAMETROS", línea 130
ORA-06512: en línea 1
28/04/2020 16:39:23: [Método: Int32 ExecuteNonQuery(System.String, System.Data.CommandType, System.String, Oracle.DataAccess.Client.OracleParameter[]), Línea: 178] - ORA-00001: restricción única (MRVMM.PK_FACTOR) violada
ORA-06512: en "MRVMM.PKG_MRV_PARAMETROS", línea 130
ORA-06512: en línea 1
28/04/2020 16:39:23: [Método: entidad.minem.gob.pe.FactorBE RegistraFactor(entidad.minem.gob.pe.FactorBE), Línea: 396] - ORA-00001: restricción única (MRVMM.PK_FACTOR) violada
ORA-06512: en "MRVMM.PKG_MRV_PARAMETROS", línea 130
ORA-06512: en línea 1
28/04/2020 16:40:51: [Método: Void HandleErrorHelper(Int32, Oracle.DataAccess.Client.OracleConnection, IntPtr, Oracle.DataAccess.Client.OpoSqlValCtx*, System.Object, System.String, Boolean, Int32, Oracle.DataAccess.Client.OracleLogicalTransaction), Línea: 0] - ORA-00001: restricción única (MRVMM.PK_FACTOR) violada
ORA-06512: en "MRVMM.PKG_MRV_PARAMETROS", línea 130
ORA-06512: en línea 1
28/04/2020 16:40:51: [Método: Void HandleError(Int32, Oracle.DataAccess.Client.OracleConnection, System.String, IntPtr, Oracle.DataAccess.Client.OpoSqlValCtx*, System.Object, Boolean, Oracle.DataAccess.Client.OracleLogicalTransaction), Línea: 0] - ORA-00001: restricción única (MRVMM.PK_FACTOR) violada
ORA-06512: en "MRVMM.PKG_MRV_PARAMETROS", línea 130
ORA-06512: en línea 1
28/04/2020 16:40:51: [Método: Int32 ExecuteNonQuery(), Línea: 0] - ORA-00001: restricción única (MRVMM.PK_FACTOR) violada
ORA-06512: en "MRVMM.PKG_MRV_PARAMETROS", línea 130
ORA-06512: en línea 1
28/04/2020 16:40:51: [Método: Int32 ExecuteNonQuery(Oracle.DataAccess.Client.OracleConnection, System.Data.CommandType, System.String, Oracle.DataAccess.Client.OracleParameter[]), Línea: 255] - ORA-00001: restricción única (MRVMM.PK_FACTOR) violada
ORA-06512: en "MRVMM.PKG_MRV_PARAMETROS", línea 130
ORA-06512: en línea 1
28/04/2020 16:40:51: [Método: Int32 ExecuteNonQuery(System.String, System.Data.CommandType, System.String, Oracle.DataAccess.Client.OracleParameter[]), Línea: 178] - ORA-00001: restricción única (MRVMM.PK_FACTOR) violada
ORA-06512: en "MRVMM.PKG_MRV_PARAMETROS", línea 130
ORA-06512: en línea 1
28/04/2020 16:40:51: [Método: entidad.minem.gob.pe.FactorBE RegistraFactor(entidad.minem.gob.pe.FactorBE), Línea: 396] - ORA-00001: restricción única (MRVMM.PK_FACTOR) violada
ORA-06512: en "MRVMM.PKG_MRV_PARAMETROS", línea 130
ORA-06512: en línea 1
