07/03/2020 05:46:44 a.m.: [Método: Void HandleErrorHelper(Int32, Oracle.DataAccess.Client.OracleConnection, IntPtr, Oracle.DataAccess.Client.OpoSqlValCtx*, System.Object, System.String, Boolean, Int32, Oracle.DataAccess.Client.OracleLogicalTransaction), Línea: 0] - ORA-06550: línea 1, columna 35:
PLS-00302: el componente 'USP_SEL_LISTA_TIPO_INICIATIVA' se debe declarar
ORA-06550: línea 1, columna 7:
PL/SQL: Statement ignored
07/03/2020 05:46:44 a.m.: [Método: Void HandleError(Int32, Oracle.DataAccess.Client.OracleConnection, System.String, IntPtr, Oracle.DataAccess.Client.OpoSqlValCtx*, System.Object, Boolean, Oracle.DataAccess.Client.OracleLogicalTransaction), Línea: 0] - ORA-06550: línea 1, columna 35:
PLS-00302: el componente 'USP_SEL_LISTA_TIPO_INICIATIVA' se debe declarar
ORA-06550: línea 1, columna 7:
PL/SQL: Statement ignored
07/03/2020 05:46:44 a.m.: [Método: Oracle.DataAccess.Client.OracleDataReader ExecuteReader(Boolean, Boolean, System.Data.CommandBehavior), Línea: 0] - ORA-06550: línea 1, columna 35:
PLS-00302: el componente 'USP_SEL_LISTA_TIPO_INICIATIVA' se debe declarar
ORA-06550: línea 1, columna 7:
PL/SQL: Statement ignored
07/03/2020 05:46:44 a.m.: [Método: System.Data.Common.DbDataReader ExecuteDbDataReader(System.Data.CommandBehavior), Línea: 0] - ORA-06550: línea 1, columna 35:
PLS-00302: el componente 'USP_SEL_LISTA_TIPO_INICIATIVA' se debe declarar
ORA-06550: línea 1, columna 7:
PL/SQL: Statement ignored
07/03/2020 05:46:44 a.m.: [Método: System.Data.IDataReader System.Data.IDbCommand.ExecuteReader(System.Data.CommandBehavior), Línea: 0] - ORA-06550: línea 1, columna 35:
PLS-00302: el componente 'USP_SEL_LISTA_TIPO_INICIATIVA' se debe declarar
ORA-06550: línea 1, columna 7:
PL/SQL: Statement ignored
07/03/2020 05:46:44 a.m.: [Método: System.Data.IDataReader ExecuteReaderWithFlagsFallback(System.Data.IDbCommand, Boolean, System.Data.CommandBehavior), Línea: 0] - ORA-06550: línea 1, columna 35:
PLS-00302: el componente 'USP_SEL_LISTA_TIPO_INICIATIVA' se debe declarar
ORA-06550: línea 1, columna 7:
PL/SQL: Statement ignored
07/03/2020 05:46:44 a.m.: [Método: Boolean MoveNext(), Línea: 0] - ORA-06550: línea 1, columna 35:
PLS-00302: el componente 'USP_SEL_LISTA_TIPO_INICIATIVA' se debe declarar
ORA-06550: línea 1, columna 7:
PL/SQL: Statement ignored
07/03/2020 05:46:44 a.m.: [Método: Void .ctor(System.Collections.Generic.IEnumerable`1[T]), Línea: 0] - ORA-06550: línea 1, columna 35:
PLS-00302: el componente 'USP_SEL_LISTA_TIPO_INICIATIVA' se debe declarar
ORA-06550: línea 1, columna 7:
PL/SQL: Statement ignored
07/03/2020 05:46:44 a.m.: [Método: System.Collections.Generic.List`1[TSource] ToList[TSource](System.Collections.Generic.IEnumerable`1[TSource]), Línea: 0] - ORA-06550: línea 1, columna 35:
PLS-00302: el componente 'USP_SEL_LISTA_TIPO_INICIATIVA' se debe declarar
ORA-06550: línea 1, columna 7:
PL/SQL: Statement ignored
07/03/2020 05:46:45 a.m.: [Método: System.Collections.Generic.IEnumerable`1[T] Query[T](System.Data.IDbConnection, System.String, System.Object, System.Data.IDbTransaction, Boolean, System.Nullable`1[System.Int32], System.Nullable`1[System.Data.CommandType]), Línea: 0] - ORA-06550: línea 1, columna 35:
PLS-00302: el componente 'USP_SEL_LISTA_TIPO_INICIATIVA' se debe declarar
ORA-06550: línea 1, columna 7:
PL/SQL: Statement ignored
07/03/2020 05:46:45 a.m.: [Método: System.Collections.Generic.List`1[entidad.minem.gob.pe.TipoIniciativaBE] ListarTipoIniciativa(), Línea: 30] - ORA-06550: línea 1, columna 35:
PLS-00302: el componente 'USP_SEL_LISTA_TIPO_INICIATIVA' se debe declarar
ORA-06550: línea 1, columna 7:
PL/SQL: Statement ignored
07/03/2020 05:49:35 a.m.: [Método: Void HandleErrorHelper(Int32, Oracle.DataAccess.Client.OracleConnection, IntPtr, Oracle.DataAccess.Client.OpoSqlValCtx*, System.Object, System.String, Boolean, Int32, Oracle.DataAccess.Client.OracleLogicalTransaction), Línea: 0] - ORA-06550: línea 1, columna 35:
PLS-00302: el componente 'USP_SEL_LISTA_TIPO_INICIATIVA' se debe declarar
ORA-06550: línea 1, columna 7:
PL/SQL: Statement ignored
07/03/2020 05:49:35 a.m.: [Método: Void HandleError(Int32, Oracle.DataAccess.Client.OracleConnection, System.String, IntPtr, Oracle.DataAccess.Client.OpoSqlValCtx*, System.Object, Boolean, Oracle.DataAccess.Client.OracleLogicalTransaction), Línea: 0] - ORA-06550: línea 1, columna 35:
PLS-00302: el componente 'USP_SEL_LISTA_TIPO_INICIATIVA' se debe declarar
ORA-06550: línea 1, columna 7:
PL/SQL: Statement ignored
07/03/2020 05:49:35 a.m.: [Método: Oracle.DataAccess.Client.OracleDataReader ExecuteReader(Boolean, Boolean, System.Data.CommandBehavior), Línea: 0] - ORA-06550: línea 1, columna 35:
PLS-00302: el componente 'USP_SEL_LISTA_TIPO_INICIATIVA' se debe declarar
ORA-06550: línea 1, columna 7:
PL/SQL: Statement ignored
07/03/2020 05:49:35 a.m.: [Método: System.Data.Common.DbDataReader ExecuteDbDataReader(System.Data.CommandBehavior), Línea: 0] - ORA-06550: línea 1, columna 35:
PLS-00302: el componente 'USP_SEL_LISTA_TIPO_INICIATIVA' se debe declarar
ORA-06550: línea 1, columna 7:
PL/SQL: Statement ignored
07/03/2020 05:49:35 a.m.: [Método: System.Data.IDataReader System.Data.IDbCommand.ExecuteReader(System.Data.CommandBehavior), Línea: 0] - ORA-06550: línea 1, columna 35:
PLS-00302: el componente 'USP_SEL_LISTA_TIPO_INICIATIVA' se debe declarar
ORA-06550: línea 1, columna 7:
PL/SQL: Statement ignored
07/03/2020 05:49:35 a.m.: [Método: System.Data.IDataReader ExecuteReaderWithFlagsFallback(System.Data.IDbCommand, Boolean, System.Data.CommandBehavior), Línea: 0] - ORA-06550: línea 1, columna 35:
PLS-00302: el componente 'USP_SEL_LISTA_TIPO_INICIATIVA' se debe declarar
ORA-06550: línea 1, columna 7:
PL/SQL: Statement ignored
07/03/2020 05:49:35 a.m.: [Método: Boolean MoveNext(), Línea: 0] - ORA-06550: línea 1, columna 35:
PLS-00302: el componente 'USP_SEL_LISTA_TIPO_INICIATIVA' se debe declarar
ORA-06550: línea 1, columna 7:
PL/SQL: Statement ignored
07/03/2020 05:49:35 a.m.: [Método: Void .ctor(System.Collections.Generic.IEnumerable`1[T]), Línea: 0] - ORA-06550: línea 1, columna 35:
PLS-00302: el componente 'USP_SEL_LISTA_TIPO_INICIATIVA' se debe declarar
ORA-06550: línea 1, columna 7:
PL/SQL: Statement ignored
07/03/2020 05:49:35 a.m.: [Método: System.Collections.Generic.List`1[TSource] ToList[TSource](System.Collections.Generic.IEnumerable`1[TSource]), Línea: 0] - ORA-06550: línea 1, columna 35:
PLS-00302: el componente 'USP_SEL_LISTA_TIPO_INICIATIVA' se debe declarar
ORA-06550: línea 1, columna 7:
PL/SQL: Statement ignored
07/03/2020 05:49:35 a.m.: [Método: System.Collections.Generic.IEnumerable`1[T] Query[T](System.Data.IDbConnection, System.String, System.Object, System.Data.IDbTransaction, Boolean, System.Nullable`1[System.Int32], System.Nullable`1[System.Data.CommandType]), Línea: 0] - ORA-06550: línea 1, columna 35:
PLS-00302: el componente 'USP_SEL_LISTA_TIPO_INICIATIVA' se debe declarar
ORA-06550: línea 1, columna 7:
PL/SQL: Statement ignored
07/03/2020 05:49:35 a.m.: [Método: System.Collections.Generic.List`1[entidad.minem.gob.pe.TipoIniciativaBE] ListarTipoIniciativa(), Línea: 30] - ORA-06550: línea 1, columna 35:
PLS-00302: el componente 'USP_SEL_LISTA_TIPO_INICIATIVA' se debe declarar
ORA-06550: línea 1, columna 7:
PL/SQL: Statement ignored
07/03/2020 05:50:16 a.m.: [Método: Void HandleErrorHelper(Int32, Oracle.DataAccess.Client.OracleConnection, IntPtr, Oracle.DataAccess.Client.OpoSqlValCtx*, System.Object, System.String, Boolean, Int32, Oracle.DataAccess.Client.OracleLogicalTransaction), Línea: 0] - ORA-06550: línea 1, columna 35:
PLS-00302: el componente 'USP_SEL_LISTA_TIPO_INICIATIVA' se debe declarar
ORA-06550: línea 1, columna 7:
PL/SQL: Statement ignored
07/03/2020 05:50:16 a.m.: [Método: Void HandleError(Int32, Oracle.DataAccess.Client.OracleConnection, System.String, IntPtr, Oracle.DataAccess.Client.OpoSqlValCtx*, System.Object, Boolean, Oracle.DataAccess.Client.OracleLogicalTransaction), Línea: 0] - ORA-06550: línea 1, columna 35:
PLS-00302: el componente 'USP_SEL_LISTA_TIPO_INICIATIVA' se debe declarar
ORA-06550: línea 1, columna 7:
PL/SQL: Statement ignored
07/03/2020 05:50:16 a.m.: [Método: Oracle.DataAccess.Client.OracleDataReader ExecuteReader(Boolean, Boolean, System.Data.CommandBehavior), Línea: 0] - ORA-06550: línea 1, columna 35:
PLS-00302: el componente 'USP_SEL_LISTA_TIPO_INICIATIVA' se debe declarar
ORA-06550: línea 1, columna 7:
PL/SQL: Statement ignored
07/03/2020 05:50:16 a.m.: [Método: System.Data.Common.DbDataReader ExecuteDbDataReader(System.Data.CommandBehavior), Línea: 0] - ORA-06550: línea 1, columna 35:
PLS-00302: el componente 'USP_SEL_LISTA_TIPO_INICIATIVA' se debe declarar
ORA-06550: línea 1, columna 7:
PL/SQL: Statement ignored
07/03/2020 05:50:16 a.m.: [Método: System.Data.IDataReader System.Data.IDbCommand.ExecuteReader(System.Data.CommandBehavior), Línea: 0] - ORA-06550: línea 1, columna 35:
PLS-00302: el componente 'USP_SEL_LISTA_TIPO_INICIATIVA' se debe declarar
ORA-06550: línea 1, columna 7:
PL/SQL: Statement ignored
07/03/2020 05:50:16 a.m.: [Método: System.Data.IDataReader ExecuteReaderWithFlagsFallback(System.Data.IDbCommand, Boolean, System.Data.CommandBehavior), Línea: 0] - ORA-06550: línea 1, columna 35:
PLS-00302: el componente 'USP_SEL_LISTA_TIPO_INICIATIVA' se debe declarar
ORA-06550: línea 1, columna 7:
PL/SQL: Statement ignored
07/03/2020 05:50:16 a.m.: [Método: Boolean MoveNext(), Línea: 0] - ORA-06550: línea 1, columna 35:
PLS-00302: el componente 'USP_SEL_LISTA_TIPO_INICIATIVA' se debe declarar
ORA-06550: línea 1, columna 7:
PL/SQL: Statement ignored
07/03/2020 05:50:16 a.m.: [Método: Void .ctor(System.Collections.Generic.IEnumerable`1[T]), Línea: 0] - ORA-06550: línea 1, columna 35:
PLS-00302: el componente 'USP_SEL_LISTA_TIPO_INICIATIVA' se debe declarar
ORA-06550: línea 1, columna 7:
PL/SQL: Statement ignored
07/03/2020 05:50:16 a.m.: [Método: System.Collections.Generic.List`1[TSource] ToList[TSource](System.Collections.Generic.IEnumerable`1[TSource]), Línea: 0] - ORA-06550: línea 1, columna 35:
PLS-00302: el componente 'USP_SEL_LISTA_TIPO_INICIATIVA' se debe declarar
ORA-06550: línea 1, columna 7:
PL/SQL: Statement ignored
07/03/2020 05:50:16 a.m.: [Método: System.Collections.Generic.IEnumerable`1[T] Query[T](System.Data.IDbConnection, System.String, System.Object, System.Data.IDbTransaction, Boolean, System.Nullable`1[System.Int32], System.Nullable`1[System.Data.CommandType]), Línea: 0] - ORA-06550: línea 1, columna 35:
PLS-00302: el componente 'USP_SEL_LISTA_TIPO_INICIATIVA' se debe declarar
ORA-06550: línea 1, columna 7:
PL/SQL: Statement ignored
07/03/2020 05:50:16 a.m.: [Método: System.Collections.Generic.List`1[entidad.minem.gob.pe.TipoIniciativaBE] ListarTipoIniciativa(), Línea: 30] - ORA-06550: línea 1, columna 35:
PLS-00302: el componente 'USP_SEL_LISTA_TIPO_INICIATIVA' se debe declarar
ORA-06550: línea 1, columna 7:
PL/SQL: Statement ignored
07/03/2020 05:51:21 a.m.: [Método: Void HandleErrorHelper(Int32, Oracle.DataAccess.Client.OracleConnection, IntPtr, Oracle.DataAccess.Client.OpoSqlValCtx*, System.Object, System.String, Boolean, Int32, Oracle.DataAccess.Client.OracleLogicalTransaction), Línea: 0] - ORA-06550: línea 1, columna 35:
PLS-00302: el componente 'USP_SEL_LISTA_TIPO_INICIATIVA' se debe declarar
ORA-06550: línea 1, columna 7:
PL/SQL: Statement ignored
07/03/2020 05:51:21 a.m.: [Método: Void HandleError(Int32, Oracle.DataAccess.Client.OracleConnection, System.String, IntPtr, Oracle.DataAccess.Client.OpoSqlValCtx*, System.Object, Boolean, Oracle.DataAccess.Client.OracleLogicalTransaction), Línea: 0] - ORA-06550: línea 1, columna 35:
PLS-00302: el componente 'USP_SEL_LISTA_TIPO_INICIATIVA' se debe declarar
ORA-06550: línea 1, columna 7:
PL/SQL: Statement ignored
07/03/2020 05:51:21 a.m.: [Método: Oracle.DataAccess.Client.OracleDataReader ExecuteReader(Boolean, Boolean, System.Data.CommandBehavior), Línea: 0] - ORA-06550: línea 1, columna 35:
PLS-00302: el componente 'USP_SEL_LISTA_TIPO_INICIATIVA' se debe declarar
ORA-06550: línea 1, columna 7:
PL/SQL: Statement ignored
07/03/2020 05:51:21 a.m.: [Método: System.Data.Common.DbDataReader ExecuteDbDataReader(System.Data.CommandBehavior), Línea: 0] - ORA-06550: línea 1, columna 35:
PLS-00302: el componente 'USP_SEL_LISTA_TIPO_INICIATIVA' se debe declarar
ORA-06550: línea 1, columna 7:
PL/SQL: Statement ignored
07/03/2020 05:51:21 a.m.: [Método: System.Data.IDataReader System.Data.IDbCommand.ExecuteReader(System.Data.CommandBehavior), Línea: 0] - ORA-06550: línea 1, columna 35:
PLS-00302: el componente 'USP_SEL_LISTA_TIPO_INICIATIVA' se debe declarar
ORA-06550: línea 1, columna 7:
PL/SQL: Statement ignored
07/03/2020 05:51:21 a.m.: [Método: System.Data.IDataReader ExecuteReaderWithFlagsFallback(System.Data.IDbCommand, Boolean, System.Data.CommandBehavior), Línea: 0] - ORA-06550: línea 1, columna 35:
PLS-00302: el componente 'USP_SEL_LISTA_TIPO_INICIATIVA' se debe declarar
ORA-06550: línea 1, columna 7:
PL/SQL: Statement ignored
07/03/2020 05:51:21 a.m.: [Método: Boolean MoveNext(), Línea: 0] - ORA-06550: línea 1, columna 35:
PLS-00302: el componente 'USP_SEL_LISTA_TIPO_INICIATIVA' se debe declarar
ORA-06550: línea 1, columna 7:
PL/SQL: Statement ignored
07/03/2020 05:51:21 a.m.: [Método: Void .ctor(System.Collections.Generic.IEnumerable`1[T]), Línea: 0] - ORA-06550: línea 1, columna 35:
PLS-00302: el componente 'USP_SEL_LISTA_TIPO_INICIATIVA' se debe declarar
ORA-06550: línea 1, columna 7:
PL/SQL: Statement ignored
07/03/2020 05:51:21 a.m.: [Método: System.Collections.Generic.List`1[TSource] ToList[TSource](System.Collections.Generic.IEnumerable`1[TSource]), Línea: 0] - ORA-06550: línea 1, columna 35:
PLS-00302: el componente 'USP_SEL_LISTA_TIPO_INICIATIVA' se debe declarar
ORA-06550: línea 1, columna 7:
PL/SQL: Statement ignored
07/03/2020 05:51:21 a.m.: [Método: System.Collections.Generic.IEnumerable`1[T] Query[T](System.Data.IDbConnection, System.String, System.Object, System.Data.IDbTransaction, Boolean, System.Nullable`1[System.Int32], System.Nullable`1[System.Data.CommandType]), Línea: 0] - ORA-06550: línea 1, columna 35:
PLS-00302: el componente 'USP_SEL_LISTA_TIPO_INICIATIVA' se debe declarar
ORA-06550: línea 1, columna 7:
PL/SQL: Statement ignored
07/03/2020 05:51:21 a.m.: [Método: System.Collections.Generic.List`1[entidad.minem.gob.pe.TipoIniciativaBE] ListarTipoIniciativa(), Línea: 30] - ORA-06550: línea 1, columna 35:
PLS-00302: el componente 'USP_SEL_LISTA_TIPO_INICIATIVA' se debe declarar
ORA-06550: línea 1, columna 7:
PL/SQL: Statement ignored
07/03/2020 05:51:43 a.m.: [Método: Void HandleErrorHelper(Int32, Oracle.DataAccess.Client.OracleConnection, IntPtr, Oracle.DataAccess.Client.OpoSqlValCtx*, System.Object, System.String, Boolean, Int32, Oracle.DataAccess.Client.OracleLogicalTransaction), Línea: 0] - ORA-06550: línea 1, columna 35:
PLS-00302: el componente 'USP_SEL_LISTA_TIPO_INICIATIVA' se debe declarar
ORA-06550: línea 1, columna 7:
PL/SQL: Statement ignored
07/03/2020 05:51:43 a.m.: [Método: Void HandleError(Int32, Oracle.DataAccess.Client.OracleConnection, System.String, IntPtr, Oracle.DataAccess.Client.OpoSqlValCtx*, System.Object, Boolean, Oracle.DataAccess.Client.OracleLogicalTransaction), Línea: 0] - ORA-06550: línea 1, columna 35:
PLS-00302: el componente 'USP_SEL_LISTA_TIPO_INICIATIVA' se debe declarar
ORA-06550: línea 1, columna 7:
PL/SQL: Statement ignored
07/03/2020 05:51:43 a.m.: [Método: Oracle.DataAccess.Client.OracleDataReader ExecuteReader(Boolean, Boolean, System.Data.CommandBehavior), Línea: 0] - ORA-06550: línea 1, columna 35:
PLS-00302: el componente 'USP_SEL_LISTA_TIPO_INICIATIVA' se debe declarar
ORA-06550: línea 1, columna 7:
PL/SQL: Statement ignored
07/03/2020 05:51:43 a.m.: [Método: System.Data.Common.DbDataReader ExecuteDbDataReader(System.Data.CommandBehavior), Línea: 0] - ORA-06550: línea 1, columna 35:
PLS-00302: el componente 'USP_SEL_LISTA_TIPO_INICIATIVA' se debe declarar
ORA-06550: línea 1, columna 7:
PL/SQL: Statement ignored
07/03/2020 05:51:43 a.m.: [Método: System.Data.IDataReader System.Data.IDbCommand.ExecuteReader(System.Data.CommandBehavior), Línea: 0] - ORA-06550: línea 1, columna 35:
PLS-00302: el componente 'USP_SEL_LISTA_TIPO_INICIATIVA' se debe declarar
ORA-06550: línea 1, columna 7:
PL/SQL: Statement ignored
07/03/2020 05:51:43 a.m.: [Método: System.Data.IDataReader ExecuteReaderWithFlagsFallback(System.Data.IDbCommand, Boolean, System.Data.CommandBehavior), Línea: 0] - ORA-06550: línea 1, columna 35:
PLS-00302: el componente 'USP_SEL_LISTA_TIPO_INICIATIVA' se debe declarar
ORA-06550: línea 1, columna 7:
PL/SQL: Statement ignored
07/03/2020 05:51:43 a.m.: [Método: Boolean MoveNext(), Línea: 0] - ORA-06550: línea 1, columna 35:
PLS-00302: el componente 'USP_SEL_LISTA_TIPO_INICIATIVA' se debe declarar
ORA-06550: línea 1, columna 7:
PL/SQL: Statement ignored
07/03/2020 05:51:43 a.m.: [Método: Void .ctor(System.Collections.Generic.IEnumerable`1[T]), Línea: 0] - ORA-06550: línea 1, columna 35:
PLS-00302: el componente 'USP_SEL_LISTA_TIPO_INICIATIVA' se debe declarar
ORA-06550: línea 1, columna 7:
PL/SQL: Statement ignored
07/03/2020 05:51:43 a.m.: [Método: System.Collections.Generic.List`1[TSource] ToList[TSource](System.Collections.Generic.IEnumerable`1[TSource]), Línea: 0] - ORA-06550: línea 1, columna 35:
PLS-00302: el componente 'USP_SEL_LISTA_TIPO_INICIATIVA' se debe declarar
ORA-06550: línea 1, columna 7:
PL/SQL: Statement ignored
07/03/2020 05:51:43 a.m.: [Método: System.Collections.Generic.IEnumerable`1[T] Query[T](System.Data.IDbConnection, System.String, System.Object, System.Data.IDbTransaction, Boolean, System.Nullable`1[System.Int32], System.Nullable`1[System.Data.CommandType]), Línea: 0] - ORA-06550: línea 1, columna 35:
PLS-00302: el componente 'USP_SEL_LISTA_TIPO_INICIATIVA' se debe declarar
ORA-06550: línea 1, columna 7:
PL/SQL: Statement ignored
07/03/2020 05:51:43 a.m.: [Método: System.Collections.Generic.List`1[entidad.minem.gob.pe.TipoIniciativaBE] ListarTipoIniciativa(), Línea: 30] - ORA-06550: línea 1, columna 35:
PLS-00302: el componente 'USP_SEL_LISTA_TIPO_INICIATIVA' se debe declarar
ORA-06550: línea 1, columna 7:
PL/SQL: Statement ignored
07/03/2020 05:54:13 a.m.: [Método: Void HandleErrorHelper(Int32, Oracle.DataAccess.Client.OracleConnection, IntPtr, Oracle.DataAccess.Client.OpoSqlValCtx*, System.Object, System.String, Boolean, Int32, Oracle.DataAccess.Client.OracleLogicalTransaction), Línea: 0] - ORA-06550: línea 1, columna 35:
PLS-00302: el componente 'USP_SEL_LISTA_TIPO_INICIATIVA' se debe declarar
ORA-06550: línea 1, columna 7:
PL/SQL: Statement ignored
07/03/2020 05:54:13 a.m.: [Método: Void HandleError(Int32, Oracle.DataAccess.Client.OracleConnection, System.String, IntPtr, Oracle.DataAccess.Client.OpoSqlValCtx*, System.Object, Boolean, Oracle.DataAccess.Client.OracleLogicalTransaction), Línea: 0] - ORA-06550: línea 1, columna 35:
PLS-00302: el componente 'USP_SEL_LISTA_TIPO_INICIATIVA' se debe declarar
ORA-06550: línea 1, columna 7:
PL/SQL: Statement ignored
07/03/2020 05:54:13 a.m.: [Método: Oracle.DataAccess.Client.OracleDataReader ExecuteReader(Boolean, Boolean, System.Data.CommandBehavior), Línea: 0] - ORA-06550: línea 1, columna 35:
PLS-00302: el componente 'USP_SEL_LISTA_TIPO_INICIATIVA' se debe declarar
ORA-06550: línea 1, columna 7:
PL/SQL: Statement ignored
07/03/2020 05:54:13 a.m.: [Método: System.Data.Common.DbDataReader ExecuteDbDataReader(System.Data.CommandBehavior), Línea: 0] - ORA-06550: línea 1, columna 35:
PLS-00302: el componente 'USP_SEL_LISTA_TIPO_INICIATIVA' se debe declarar
ORA-06550: línea 1, columna 7:
PL/SQL: Statement ignored
07/03/2020 05:54:13 a.m.: [Método: System.Data.IDataReader System.Data.IDbCommand.ExecuteReader(System.Data.CommandBehavior), Línea: 0] - ORA-06550: línea 1, columna 35:
PLS-00302: el componente 'USP_SEL_LISTA_TIPO_INICIATIVA' se debe declarar
ORA-06550: línea 1, columna 7:
PL/SQL: Statement ignored
07/03/2020 05:54:13 a.m.: [Método: System.Data.IDataReader ExecuteReaderWithFlagsFallback(System.Data.IDbCommand, Boolean, System.Data.CommandBehavior), Línea: 0] - ORA-06550: línea 1, columna 35:
PLS-00302: el componente 'USP_SEL_LISTA_TIPO_INICIATIVA' se debe declarar
ORA-06550: línea 1, columna 7:
PL/SQL: Statement ignored
07/03/2020 05:54:13 a.m.: [Método: Boolean MoveNext(), Línea: 0] - ORA-06550: línea 1, columna 35:
PLS-00302: el componente 'USP_SEL_LISTA_TIPO_INICIATIVA' se debe declarar
ORA-06550: línea 1, columna 7:
PL/SQL: Statement ignored
07/03/2020 05:54:13 a.m.: [Método: Void .ctor(System.Collections.Generic.IEnumerable`1[T]), Línea: 0] - ORA-06550: línea 1, columna 35:
PLS-00302: el componente 'USP_SEL_LISTA_TIPO_INICIATIVA' se debe declarar
ORA-06550: línea 1, columna 7:
PL/SQL: Statement ignored
07/03/2020 05:54:13 a.m.: [Método: System.Collections.Generic.List`1[TSource] ToList[TSource](System.Collections.Generic.IEnumerable`1[TSource]), Línea: 0] - ORA-06550: línea 1, columna 35:
PLS-00302: el componente 'USP_SEL_LISTA_TIPO_INICIATIVA' se debe declarar
ORA-06550: línea 1, columna 7:
PL/SQL: Statement ignored
07/03/2020 05:54:13 a.m.: [Método: System.Collections.Generic.IEnumerable`1[T] Query[T](System.Data.IDbConnection, System.String, System.Object, System.Data.IDbTransaction, Boolean, System.Nullable`1[System.Int32], System.Nullable`1[System.Data.CommandType]), Línea: 0] - ORA-06550: línea 1, columna 35:
PLS-00302: el componente 'USP_SEL_LISTA_TIPO_INICIATIVA' se debe declarar
ORA-06550: línea 1, columna 7:
PL/SQL: Statement ignored
07/03/2020 05:54:13 a.m.: [Método: System.Collections.Generic.List`1[entidad.minem.gob.pe.TipoIniciativaBE] ListarTipoIniciativa(), Línea: 30] - ORA-06550: línea 1, columna 35:
PLS-00302: el componente 'USP_SEL_LISTA_TIPO_INICIATIVA' se debe declarar
ORA-06550: línea 1, columna 7:
PL/SQL: Statement ignored
07/03/2020 05:58:56 a.m.: [Método: Void HandleErrorHelper(Int32, Oracle.DataAccess.Client.OracleConnection, IntPtr, Oracle.DataAccess.Client.OpoSqlValCtx*, System.Object, System.String, Boolean, Int32, Oracle.DataAccess.Client.OracleLogicalTransaction), Línea: 0] - ORA-06550: línea 1, columna 7:
PLS-00306: número o tipos de argumentos erróneos al llamar a 'USP_UPD_APROBAR_DETALLE'
ORA-06550: línea 1, columna 7:
PL/SQL: Statement ignored
07/03/2020 05:58:56 a.m.: [Método: Void HandleError(Int32, Oracle.DataAccess.Client.OracleConnection, System.String, IntPtr, Oracle.DataAccess.Client.OpoSqlValCtx*, System.Object, Boolean, Oracle.DataAccess.Client.OracleLogicalTransaction), Línea: 0] - ORA-06550: línea 1, columna 7:
PLS-00306: número o tipos de argumentos erróneos al llamar a 'USP_UPD_APROBAR_DETALLE'
ORA-06550: línea 1, columna 7:
PL/SQL: Statement ignored
07/03/2020 05:58:56 a.m.: [Método: Int32 ExecuteNonQuery(), Línea: 0] - ORA-06550: línea 1, columna 7:
PLS-00306: número o tipos de argumentos erróneos al llamar a 'USP_UPD_APROBAR_DETALLE'
ORA-06550: línea 1, columna 7:
PL/SQL: Statement ignored
07/03/2020 05:58:56 a.m.: [Método: Int32 ExecuteCommand(System.Data.IDbConnection, Dapper.CommandDefinition ByRef, System.Action`2[System.Data.IDbCommand,System.Object]), Línea: 0] - ORA-06550: línea 1, columna 7:
PLS-00306: número o tipos de argumentos erróneos al llamar a 'USP_UPD_APROBAR_DETALLE'
ORA-06550: línea 1, columna 7:
PL/SQL: Statement ignored
07/03/2020 05:58:56 a.m.: [Método: Int32 ExecuteImpl(System.Data.IDbConnection, Dapper.CommandDefinition ByRef), Línea: 0] - ORA-06550: línea 1, columna 7:
PLS-00306: número o tipos de argumentos erróneos al llamar a 'USP_UPD_APROBAR_DETALLE'
ORA-06550: línea 1, columna 7:
PL/SQL: Statement ignored
07/03/2020 05:58:56 a.m.: [Método: Int32 Execute(System.Data.IDbConnection, System.String, System.Object, System.Data.IDbTransaction, System.Nullable`1[System.Int32], System.Nullable`1[System.Data.CommandType]), Línea: 0] - ORA-06550: línea 1, columna 7:
PLS-00306: número o tipos de argumentos erróneos al llamar a 'USP_UPD_APROBAR_DETALLE'
ORA-06550: línea 1, columna 7:
PL/SQL: Statement ignored
07/03/2020 05:58:56 a.m.: [Método: entidad.minem.gob.pe.IndicadorBE AprobarDetalleIndicador(entidad.minem.gob.pe.IndicadorBE), Línea: 360] - ORA-06550: línea 1, columna 7:
PLS-00306: número o tipos de argumentos erróneos al llamar a 'USP_UPD_APROBAR_DETALLE'
ORA-06550: línea 1, columna 7:
PL/SQL: Statement ignored
07/03/2020 06:19:12 a.m.: [Método: Void HandleErrorHelper(Int32, Oracle.DataAccess.Client.OracleConnection, IntPtr, Oracle.DataAccess.Client.OpoSqlValCtx*, System.Object, System.String, Boolean, Int32, Oracle.DataAccess.Client.OracleLogicalTransaction), Línea: 0] - ORA-06550: línea 1, columna 35:
PLS-00302: el componente 'USP_SEL_LISTA_TIPO_INICIATIVA' se debe declarar
ORA-06550: línea 1, columna 7:
PL/SQL: Statement ignored
07/03/2020 06:19:12 a.m.: [Método: Void HandleError(Int32, Oracle.DataAccess.Client.OracleConnection, System.String, IntPtr, Oracle.DataAccess.Client.OpoSqlValCtx*, System.Object, Boolean, Oracle.DataAccess.Client.OracleLogicalTransaction), Línea: 0] - ORA-06550: línea 1, columna 35:
PLS-00302: el componente 'USP_SEL_LISTA_TIPO_INICIATIVA' se debe declarar
ORA-06550: línea 1, columna 7:
PL/SQL: Statement ignored
07/03/2020 06:19:12 a.m.: [Método: Oracle.DataAccess.Client.OracleDataReader ExecuteReader(Boolean, Boolean, System.Data.CommandBehavior), Línea: 0] - ORA-06550: línea 1, columna 35:
PLS-00302: el componente 'USP_SEL_LISTA_TIPO_INICIATIVA' se debe declarar
ORA-06550: línea 1, columna 7:
PL/SQL: Statement ignored
07/03/2020 06:19:12 a.m.: [Método: System.Data.Common.DbDataReader ExecuteDbDataReader(System.Data.CommandBehavior), Línea: 0] - ORA-06550: línea 1, columna 35:
PLS-00302: el componente 'USP_SEL_LISTA_TIPO_INICIATIVA' se debe declarar
ORA-06550: línea 1, columna 7:
PL/SQL: Statement ignored
07/03/2020 06:19:12 a.m.: [Método: System.Data.IDataReader System.Data.IDbCommand.ExecuteReader(System.Data.CommandBehavior), Línea: 0] - ORA-06550: línea 1, columna 35:
PLS-00302: el componente 'USP_SEL_LISTA_TIPO_INICIATIVA' se debe declarar
ORA-06550: línea 1, columna 7:
PL/SQL: Statement ignored
07/03/2020 06:19:12 a.m.: [Método: System.Data.IDataReader ExecuteReaderWithFlagsFallback(System.Data.IDbCommand, Boolean, System.Data.CommandBehavior), Línea: 0] - ORA-06550: línea 1, columna 35:
PLS-00302: el componente 'USP_SEL_LISTA_TIPO_INICIATIVA' se debe declarar
ORA-06550: línea 1, columna 7:
PL/SQL: Statement ignored
07/03/2020 06:19:12 a.m.: [Método: Boolean MoveNext(), Línea: 0] - ORA-06550: línea 1, columna 35:
PLS-00302: el componente 'USP_SEL_LISTA_TIPO_INICIATIVA' se debe declarar
ORA-06550: línea 1, columna 7:
PL/SQL: Statement ignored
07/03/2020 06:19:12 a.m.: [Método: Void .ctor(System.Collections.Generic.IEnumerable`1[T]), Línea: 0] - ORA-06550: línea 1, columna 35:
PLS-00302: el componente 'USP_SEL_LISTA_TIPO_INICIATIVA' se debe declarar
ORA-06550: línea 1, columna 7:
PL/SQL: Statement ignored
07/03/2020 06:19:12 a.m.: [Método: System.Collections.Generic.List`1[TSource] ToList[TSource](System.Collections.Generic.IEnumerable`1[TSource]), Línea: 0] - ORA-06550: línea 1, columna 35:
PLS-00302: el componente 'USP_SEL_LISTA_TIPO_INICIATIVA' se debe declarar
ORA-06550: línea 1, columna 7:
PL/SQL: Statement ignored
07/03/2020 06:19:12 a.m.: [Método: System.Collections.Generic.IEnumerable`1[T] Query[T](System.Data.IDbConnection, System.String, System.Object, System.Data.IDbTransaction, Boolean, System.Nullable`1[System.Int32], System.Nullable`1[System.Data.CommandType]), Línea: 0] - ORA-06550: línea 1, columna 35:
PLS-00302: el componente 'USP_SEL_LISTA_TIPO_INICIATIVA' se debe declarar
ORA-06550: línea 1, columna 7:
PL/SQL: Statement ignored
07/03/2020 06:19:12 a.m.: [Método: System.Collections.Generic.List`1[entidad.minem.gob.pe.TipoIniciativaBE] ListarTipoIniciativa(), Línea: 30] - ORA-06550: línea 1, columna 35:
PLS-00302: el componente 'USP_SEL_LISTA_TIPO_INICIATIVA' se debe declarar
ORA-06550: línea 1, columna 7:
PL/SQL: Statement ignored
07/03/2020 06:21:57 a.m.: [Método: Void HandleErrorHelper(Int32, Oracle.DataAccess.Client.OracleConnection, IntPtr, Oracle.DataAccess.Client.OpoSqlValCtx*, System.Object, System.String, Boolean, Int32, Oracle.DataAccess.Client.OracleLogicalTransaction), Línea: 0] - ORA-06550: línea 1, columna 35:
PLS-00302: el componente 'USP_SEL_LISTA_TIPO_INICIATIVA' se debe declarar
ORA-06550: línea 1, columna 7:
PL/SQL: Statement ignored
07/03/2020 06:21:57 a.m.: [Método: Void HandleError(Int32, Oracle.DataAccess.Client.OracleConnection, System.String, IntPtr, Oracle.DataAccess.Client.OpoSqlValCtx*, System.Object, Boolean, Oracle.DataAccess.Client.OracleLogicalTransaction), Línea: 0] - ORA-06550: línea 1, columna 35:
PLS-00302: el componente 'USP_SEL_LISTA_TIPO_INICIATIVA' se debe declarar
ORA-06550: línea 1, columna 7:
PL/SQL: Statement ignored
07/03/2020 06:21:57 a.m.: [Método: Oracle.DataAccess.Client.OracleDataReader ExecuteReader(Boolean, Boolean, System.Data.CommandBehavior), Línea: 0] - ORA-06550: línea 1, columna 35:
PLS-00302: el componente 'USP_SEL_LISTA_TIPO_INICIATIVA' se debe declarar
ORA-06550: línea 1, columna 7:
PL/SQL: Statement ignored
07/03/2020 06:21:57 a.m.: [Método: System.Data.Common.DbDataReader ExecuteDbDataReader(System.Data.CommandBehavior), Línea: 0] - ORA-06550: línea 1, columna 35:
PLS-00302: el componente 'USP_SEL_LISTA_TIPO_INICIATIVA' se debe declarar
ORA-06550: línea 1, columna 7:
PL/SQL: Statement ignored
07/03/2020 06:21:57 a.m.: [Método: System.Data.IDataReader System.Data.IDbCommand.ExecuteReader(System.Data.CommandBehavior), Línea: 0] - ORA-06550: línea 1, columna 35:
PLS-00302: el componente 'USP_SEL_LISTA_TIPO_INICIATIVA' se debe declarar
ORA-06550: línea 1, columna 7:
PL/SQL: Statement ignored
07/03/2020 06:21:57 a.m.: [Método: System.Data.IDataReader ExecuteReaderWithFlagsFallback(System.Data.IDbCommand, Boolean, System.Data.CommandBehavior), Línea: 0] - ORA-06550: línea 1, columna 35:
PLS-00302: el componente 'USP_SEL_LISTA_TIPO_INICIATIVA' se debe declarar
ORA-06550: línea 1, columna 7:
PL/SQL: Statement ignored
07/03/2020 06:21:57 a.m.: [Método: Boolean MoveNext(), Línea: 0] - ORA-06550: línea 1, columna 35:
PLS-00302: el componente 'USP_SEL_LISTA_TIPO_INICIATIVA' se debe declarar
ORA-06550: línea 1, columna 7:
PL/SQL: Statement ignored
07/03/2020 06:21:57 a.m.: [Método: Void .ctor(System.Collections.Generic.IEnumerable`1[T]), Línea: 0] - ORA-06550: línea 1, columna 35:
PLS-00302: el componente 'USP_SEL_LISTA_TIPO_INICIATIVA' se debe declarar
ORA-06550: línea 1, columna 7:
PL/SQL: Statement ignored
07/03/2020 06:21:57 a.m.: [Método: System.Collections.Generic.List`1[TSource] ToList[TSource](System.Collections.Generic.IEnumerable`1[TSource]), Línea: 0] - ORA-06550: línea 1, columna 35:
PLS-00302: el componente 'USP_SEL_LISTA_TIPO_INICIATIVA' se debe declarar
ORA-06550: línea 1, columna 7:
PL/SQL: Statement ignored
07/03/2020 06:21:57 a.m.: [Método: System.Collections.Generic.IEnumerable`1[T] Query[T](System.Data.IDbConnection, System.String, System.Object, System.Data.IDbTransaction, Boolean, System.Nullable`1[System.Int32], System.Nullable`1[System.Data.CommandType]), Línea: 0] - ORA-06550: línea 1, columna 35:
PLS-00302: el componente 'USP_SEL_LISTA_TIPO_INICIATIVA' se debe declarar
ORA-06550: línea 1, columna 7:
PL/SQL: Statement ignored
07/03/2020 06:21:57 a.m.: [Método: System.Collections.Generic.List`1[entidad.minem.gob.pe.TipoIniciativaBE] ListarTipoIniciativa(), Línea: 30] - ORA-06550: línea 1, columna 35:
PLS-00302: el componente 'USP_SEL_LISTA_TIPO_INICIATIVA' se debe declarar
ORA-06550: línea 1, columna 7:
PL/SQL: Statement ignored
07/03/2020 06:27:38 a.m.: [Método: Void HandleErrorHelper(Int32, Oracle.DataAccess.Client.OracleConnection, IntPtr, Oracle.DataAccess.Client.OpoSqlValCtx*, System.Object, System.String, Boolean, Int32, Oracle.DataAccess.Client.OracleLogicalTransaction), Línea: 0] - ORA-06550: línea 1, columna 35:
PLS-00302: el componente 'USP_SEL_LISTA_TIPO_INICIATIVA' se debe declarar
ORA-06550: línea 1, columna 7:
PL/SQL: Statement ignored
07/03/2020 06:27:38 a.m.: [Método: Void HandleError(Int32, Oracle.DataAccess.Client.OracleConnection, System.String, IntPtr, Oracle.DataAccess.Client.OpoSqlValCtx*, System.Object, Boolean, Oracle.DataAccess.Client.OracleLogicalTransaction), Línea: 0] - ORA-06550: línea 1, columna 35:
PLS-00302: el componente 'USP_SEL_LISTA_TIPO_INICIATIVA' se debe declarar
ORA-06550: línea 1, columna 7:
PL/SQL: Statement ignored
07/03/2020 06:27:38 a.m.: [Método: Oracle.DataAccess.Client.OracleDataReader ExecuteReader(Boolean, Boolean, System.Data.CommandBehavior), Línea: 0] - ORA-06550: línea 1, columna 35:
PLS-00302: el componente 'USP_SEL_LISTA_TIPO_INICIATIVA' se debe declarar
ORA-06550: línea 1, columna 7:
PL/SQL: Statement ignored
07/03/2020 06:27:38 a.m.: [Método: System.Data.Common.DbDataReader ExecuteDbDataReader(System.Data.CommandBehavior), Línea: 0] - ORA-06550: línea 1, columna 35:
PLS-00302: el componente 'USP_SEL_LISTA_TIPO_INICIATIVA' se debe declarar
ORA-06550: línea 1, columna 7:
PL/SQL: Statement ignored
07/03/2020 06:27:38 a.m.: [Método: System.Data.IDataReader System.Data.IDbCommand.ExecuteReader(System.Data.CommandBehavior), Línea: 0] - ORA-06550: línea 1, columna 35:
PLS-00302: el componente 'USP_SEL_LISTA_TIPO_INICIATIVA' se debe declarar
ORA-06550: línea 1, columna 7:
PL/SQL: Statement ignored
07/03/2020 06:27:38 a.m.: [Método: System.Data.IDataReader ExecuteReaderWithFlagsFallback(System.Data.IDbCommand, Boolean, System.Data.CommandBehavior), Línea: 0] - ORA-06550: línea 1, columna 35:
PLS-00302: el componente 'USP_SEL_LISTA_TIPO_INICIATIVA' se debe declarar
ORA-06550: línea 1, columna 7:
PL/SQL: Statement ignored
07/03/2020 06:27:38 a.m.: [Método: Boolean MoveNext(), Línea: 0] - ORA-06550: línea 1, columna 35:
PLS-00302: el componente 'USP_SEL_LISTA_TIPO_INICIATIVA' se debe declarar
ORA-06550: línea 1, columna 7:
PL/SQL: Statement ignored
07/03/2020 06:27:38 a.m.: [Método: Void .ctor(System.Collections.Generic.IEnumerable`1[T]), Línea: 0] - ORA-06550: línea 1, columna 35:
PLS-00302: el componente 'USP_SEL_LISTA_TIPO_INICIATIVA' se debe declarar
ORA-06550: línea 1, columna 7:
PL/SQL: Statement ignored
07/03/2020 06:27:38 a.m.: [Método: System.Collections.Generic.List`1[TSource] ToList[TSource](System.Collections.Generic.IEnumerable`1[TSource]), Línea: 0] - ORA-06550: línea 1, columna 35:
PLS-00302: el componente 'USP_SEL_LISTA_TIPO_INICIATIVA' se debe declarar
ORA-06550: línea 1, columna 7:
PL/SQL: Statement ignored
07/03/2020 06:27:38 a.m.: [Método: System.Collections.Generic.IEnumerable`1[T] Query[T](System.Data.IDbConnection, System.String, System.Object, System.Data.IDbTransaction, Boolean, System.Nullable`1[System.Int32], System.Nullable`1[System.Data.CommandType]), Línea: 0] - ORA-06550: línea 1, columna 35:
PLS-00302: el componente 'USP_SEL_LISTA_TIPO_INICIATIVA' se debe declarar
ORA-06550: línea 1, columna 7:
PL/SQL: Statement ignored
07/03/2020 06:27:38 a.m.: [Método: System.Collections.Generic.List`1[entidad.minem.gob.pe.TipoIniciativaBE] ListarTipoIniciativa(), Línea: 30] - ORA-06550: línea 1, columna 35:
PLS-00302: el componente 'USP_SEL_LISTA_TIPO_INICIATIVA' se debe declarar
ORA-06550: línea 1, columna 7:
PL/SQL: Statement ignored
07/03/2020 06:43:22 a.m.: [Método: Void HandleErrorHelper(Int32, Oracle.DataAccess.Client.OracleConnection, IntPtr, Oracle.DataAccess.Client.OpoSqlValCtx*, System.Object, System.String, Boolean, Int32, Oracle.DataAccess.Client.OracleLogicalTransaction), Línea: 0] - ORA-06550: línea 1, columna 35:
PLS-00302: el componente 'USP_SEL_LISTA_TIPO_INICIATIVA' se debe declarar
ORA-06550: línea 1, columna 7:
PL/SQL: Statement ignored
07/03/2020 06:43:22 a.m.: [Método: Void HandleError(Int32, Oracle.DataAccess.Client.OracleConnection, System.String, IntPtr, Oracle.DataAccess.Client.OpoSqlValCtx*, System.Object, Boolean, Oracle.DataAccess.Client.OracleLogicalTransaction), Línea: 0] - ORA-06550: línea 1, columna 35:
PLS-00302: el componente 'USP_SEL_LISTA_TIPO_INICIATIVA' se debe declarar
ORA-06550: línea 1, columna 7:
PL/SQL: Statement ignored
07/03/2020 06:43:22 a.m.: [Método: Oracle.DataAccess.Client.OracleDataReader ExecuteReader(Boolean, Boolean, System.Data.CommandBehavior), Línea: 0] - ORA-06550: línea 1, columna 35:
PLS-00302: el componente 'USP_SEL_LISTA_TIPO_INICIATIVA' se debe declarar
ORA-06550: línea 1, columna 7:
PL/SQL: Statement ignored
07/03/2020 06:43:22 a.m.: [Método: System.Data.Common.DbDataReader ExecuteDbDataReader(System.Data.CommandBehavior), Línea: 0] - ORA-06550: línea 1, columna 35:
PLS-00302: el componente 'USP_SEL_LISTA_TIPO_INICIATIVA' se debe declarar
ORA-06550: línea 1, columna 7:
PL/SQL: Statement ignored
07/03/2020 06:43:22 a.m.: [Método: System.Data.IDataReader System.Data.IDbCommand.ExecuteReader(System.Data.CommandBehavior), Línea: 0] - ORA-06550: línea 1, columna 35:
PLS-00302: el componente 'USP_SEL_LISTA_TIPO_INICIATIVA' se debe declarar
ORA-06550: línea 1, columna 7:
PL/SQL: Statement ignored
07/03/2020 06:43:22 a.m.: [Método: System.Data.IDataReader ExecuteReaderWithFlagsFallback(System.Data.IDbCommand, Boolean, System.Data.CommandBehavior), Línea: 0] - ORA-06550: línea 1, columna 35:
PLS-00302: el componente 'USP_SEL_LISTA_TIPO_INICIATIVA' se debe declarar
ORA-06550: línea 1, columna 7:
PL/SQL: Statement ignored
07/03/2020 06:43:22 a.m.: [Método: Boolean MoveNext(), Línea: 0] - ORA-06550: línea 1, columna 35:
PLS-00302: el componente 'USP_SEL_LISTA_TIPO_INICIATIVA' se debe declarar
ORA-06550: línea 1, columna 7:
PL/SQL: Statement ignored
07/03/2020 06:43:22 a.m.: [Método: Void .ctor(System.Collections.Generic.IEnumerable`1[T]), Línea: 0] - ORA-06550: línea 1, columna 35:
PLS-00302: el componente 'USP_SEL_LISTA_TIPO_INICIATIVA' se debe declarar
ORA-06550: línea 1, columna 7:
PL/SQL: Statement ignored
07/03/2020 06:43:22 a.m.: [Método: System.Collections.Generic.List`1[TSource] ToList[TSource](System.Collections.Generic.IEnumerable`1[TSource]), Línea: 0] - ORA-06550: línea 1, columna 35:
PLS-00302: el componente 'USP_SEL_LISTA_TIPO_INICIATIVA' se debe declarar
ORA-06550: línea 1, columna 7:
PL/SQL: Statement ignored
07/03/2020 06:43:22 a.m.: [Método: System.Collections.Generic.IEnumerable`1[T] Query[T](System.Data.IDbConnection, System.String, System.Object, System.Data.IDbTransaction, Boolean, System.Nullable`1[System.Int32], System.Nullable`1[System.Data.CommandType]), Línea: 0] - ORA-06550: línea 1, columna 35:
PLS-00302: el componente 'USP_SEL_LISTA_TIPO_INICIATIVA' se debe declarar
ORA-06550: línea 1, columna 7:
PL/SQL: Statement ignored
07/03/2020 06:43:22 a.m.: [Método: System.Collections.Generic.List`1[entidad.minem.gob.pe.TipoIniciativaBE] ListarTipoIniciativa(), Línea: 30] - ORA-06550: línea 1, columna 35:
PLS-00302: el componente 'USP_SEL_LISTA_TIPO_INICIATIVA' se debe declarar
ORA-06550: línea 1, columna 7:
PL/SQL: Statement ignored
07/03/2020 06:45:54 a.m.: [Método: Void HandleErrorHelper(Int32, Oracle.DataAccess.Client.OracleConnection, IntPtr, Oracle.DataAccess.Client.OpoSqlValCtx*, System.Object, System.String, Boolean, Int32, Oracle.DataAccess.Client.OracleLogicalTransaction), Línea: 0] - ORA-06550: línea 1, columna 35:
PLS-00302: el componente 'USP_SEL_LISTA_TIPO_INICIATIVA' se debe declarar
ORA-06550: línea 1, columna 7:
PL/SQL: Statement ignored
07/03/2020 06:45:54 a.m.: [Método: Void HandleError(Int32, Oracle.DataAccess.Client.OracleConnection, System.String, IntPtr, Oracle.DataAccess.Client.OpoSqlValCtx*, System.Object, Boolean, Oracle.DataAccess.Client.OracleLogicalTransaction), Línea: 0] - ORA-06550: línea 1, columna 35:
PLS-00302: el componente 'USP_SEL_LISTA_TIPO_INICIATIVA' se debe declarar
ORA-06550: línea 1, columna 7:
PL/SQL: Statement ignored
07/03/2020 06:45:54 a.m.: [Método: Oracle.DataAccess.Client.OracleDataReader ExecuteReader(Boolean, Boolean, System.Data.CommandBehavior), Línea: 0] - ORA-06550: línea 1, columna 35:
PLS-00302: el componente 'USP_SEL_LISTA_TIPO_INICIATIVA' se debe declarar
ORA-06550: línea 1, columna 7:
PL/SQL: Statement ignored
07/03/2020 06:45:54 a.m.: [Método: System.Data.Common.DbDataReader ExecuteDbDataReader(System.Data.CommandBehavior), Línea: 0] - ORA-06550: línea 1, columna 35:
PLS-00302: el componente 'USP_SEL_LISTA_TIPO_INICIATIVA' se debe declarar
ORA-06550: línea 1, columna 7:
PL/SQL: Statement ignored
07/03/2020 06:45:54 a.m.: [Método: System.Data.IDataReader System.Data.IDbCommand.ExecuteReader(System.Data.CommandBehavior), Línea: 0] - ORA-06550: línea 1, columna 35:
PLS-00302: el componente 'USP_SEL_LISTA_TIPO_INICIATIVA' se debe declarar
ORA-06550: línea 1, columna 7:
PL/SQL: Statement ignored
07/03/2020 06:45:54 a.m.: [Método: System.Data.IDataReader ExecuteReaderWithFlagsFallback(System.Data.IDbCommand, Boolean, System.Data.CommandBehavior), Línea: 0] - ORA-06550: línea 1, columna 35:
PLS-00302: el componente 'USP_SEL_LISTA_TIPO_INICIATIVA' se debe declarar
ORA-06550: línea 1, columna 7:
PL/SQL: Statement ignored
07/03/2020 06:45:54 a.m.: [Método: Boolean MoveNext(), Línea: 0] - ORA-06550: línea 1, columna 35:
PLS-00302: el componente 'USP_SEL_LISTA_TIPO_INICIATIVA' se debe declarar
ORA-06550: línea 1, columna 7:
PL/SQL: Statement ignored
07/03/2020 06:45:54 a.m.: [Método: Void .ctor(System.Collections.Generic.IEnumerable`1[T]), Línea: 0] - ORA-06550: línea 1, columna 35:
PLS-00302: el componente 'USP_SEL_LISTA_TIPO_INICIATIVA' se debe declarar
ORA-06550: línea 1, columna 7:
PL/SQL: Statement ignored
07/03/2020 06:45:54 a.m.: [Método: System.Collections.Generic.List`1[TSource] ToList[TSource](System.Collections.Generic.IEnumerable`1[TSource]), Línea: 0] - ORA-06550: línea 1, columna 35:
PLS-00302: el componente 'USP_SEL_LISTA_TIPO_INICIATIVA' se debe declarar
ORA-06550: línea 1, columna 7:
PL/SQL: Statement ignored
07/03/2020 06:45:54 a.m.: [Método: System.Collections.Generic.IEnumerable`1[T] Query[T](System.Data.IDbConnection, System.String, System.Object, System.Data.IDbTransaction, Boolean, System.Nullable`1[System.Int32], System.Nullable`1[System.Data.CommandType]), Línea: 0] - ORA-06550: línea 1, columna 35:
PLS-00302: el componente 'USP_SEL_LISTA_TIPO_INICIATIVA' se debe declarar
ORA-06550: línea 1, columna 7:
PL/SQL: Statement ignored
07/03/2020 06:45:54 a.m.: [Método: System.Collections.Generic.List`1[entidad.minem.gob.pe.TipoIniciativaBE] ListarTipoIniciativa(), Línea: 30] - ORA-06550: línea 1, columna 35:
PLS-00302: el componente 'USP_SEL_LISTA_TIPO_INICIATIVA' se debe declarar
ORA-06550: línea 1, columna 7:
PL/SQL: Statement ignored
07/03/2020 06:45:58 a.m.: [Método: Void HandleErrorHelper(Int32, Oracle.DataAccess.Client.OracleConnection, IntPtr, Oracle.DataAccess.Client.OpoSqlValCtx*, System.Object, System.String, Boolean, Int32, Oracle.DataAccess.Client.OracleLogicalTransaction), Línea: 0] - ORA-06550: línea 1, columna 35:
PLS-00302: el componente 'USP_SEL_LISTA_TIPO_INICIATIVA' se debe declarar
ORA-06550: línea 1, columna 7:
PL/SQL: Statement ignored
07/03/2020 06:45:58 a.m.: [Método: Void HandleError(Int32, Oracle.DataAccess.Client.OracleConnection, System.String, IntPtr, Oracle.DataAccess.Client.OpoSqlValCtx*, System.Object, Boolean, Oracle.DataAccess.Client.OracleLogicalTransaction), Línea: 0] - ORA-06550: línea 1, columna 35:
PLS-00302: el componente 'USP_SEL_LISTA_TIPO_INICIATIVA' se debe declarar
ORA-06550: línea 1, columna 7:
PL/SQL: Statement ignored
07/03/2020 06:45:58 a.m.: [Método: Oracle.DataAccess.Client.OracleDataReader ExecuteReader(Boolean, Boolean, System.Data.CommandBehavior), Línea: 0] - ORA-06550: línea 1, columna 35:
PLS-00302: el componente 'USP_SEL_LISTA_TIPO_INICIATIVA' se debe declarar
ORA-06550: línea 1, columna 7:
PL/SQL: Statement ignored
07/03/2020 06:45:58 a.m.: [Método: System.Data.Common.DbDataReader ExecuteDbDataReader(System.Data.CommandBehavior), Línea: 0] - ORA-06550: línea 1, columna 35:
PLS-00302: el componente 'USP_SEL_LISTA_TIPO_INICIATIVA' se debe declarar
ORA-06550: línea 1, columna 7:
PL/SQL: Statement ignored
07/03/2020 06:45:58 a.m.: [Método: System.Data.IDataReader System.Data.IDbCommand.ExecuteReader(System.Data.CommandBehavior), Línea: 0] - ORA-06550: línea 1, columna 35:
PLS-00302: el componente 'USP_SEL_LISTA_TIPO_INICIATIVA' se debe declarar
ORA-06550: línea 1, columna 7:
PL/SQL: Statement ignored
07/03/2020 06:45:58 a.m.: [Método: System.Data.IDataReader ExecuteReaderWithFlagsFallback(System.Data.IDbCommand, Boolean, System.Data.CommandBehavior), Línea: 0] - ORA-06550: línea 1, columna 35:
PLS-00302: el componente 'USP_SEL_LISTA_TIPO_INICIATIVA' se debe declarar
ORA-06550: línea 1, columna 7:
PL/SQL: Statement ignored
07/03/2020 06:45:58 a.m.: [Método: Boolean MoveNext(), Línea: 0] - ORA-06550: línea 1, columna 35:
PLS-00302: el componente 'USP_SEL_LISTA_TIPO_INICIATIVA' se debe declarar
ORA-06550: línea 1, columna 7:
PL/SQL: Statement ignored
07/03/2020 06:45:58 a.m.: [Método: Void .ctor(System.Collections.Generic.IEnumerable`1[T]), Línea: 0] - ORA-06550: línea 1, columna 35:
PLS-00302: el componente 'USP_SEL_LISTA_TIPO_INICIATIVA' se debe declarar
ORA-06550: línea 1, columna 7:
PL/SQL: Statement ignored
07/03/2020 06:45:58 a.m.: [Método: System.Collections.Generic.List`1[TSource] ToList[TSource](System.Collections.Generic.IEnumerable`1[TSource]), Línea: 0] - ORA-06550: línea 1, columna 35:
PLS-00302: el componente 'USP_SEL_LISTA_TIPO_INICIATIVA' se debe declarar
ORA-06550: línea 1, columna 7:
PL/SQL: Statement ignored
07/03/2020 06:45:58 a.m.: [Método: System.Collections.Generic.IEnumerable`1[T] Query[T](System.Data.IDbConnection, System.String, System.Object, System.Data.IDbTransaction, Boolean, System.Nullable`1[System.Int32], System.Nullable`1[System.Data.CommandType]), Línea: 0] - ORA-06550: línea 1, columna 35:
PLS-00302: el componente 'USP_SEL_LISTA_TIPO_INICIATIVA' se debe declarar
ORA-06550: línea 1, columna 7:
PL/SQL: Statement ignored
07/03/2020 06:45:58 a.m.: [Método: System.Collections.Generic.List`1[entidad.minem.gob.pe.TipoIniciativaBE] ListarTipoIniciativa(), Línea: 30] - ORA-06550: línea 1, columna 35:
PLS-00302: el componente 'USP_SEL_LISTA_TIPO_INICIATIVA' se debe declarar
ORA-06550: línea 1, columna 7:
PL/SQL: Statement ignored
07/03/2020 06:45:59 a.m.: [Método: Void HandleErrorHelper(Int32, Oracle.DataAccess.Client.OracleConnection, IntPtr, Oracle.DataAccess.Client.OpoSqlValCtx*, System.Object, System.String, Boolean, Int32, Oracle.DataAccess.Client.OracleLogicalTransaction), Línea: 0] - ORA-06550: línea 1, columna 35:
PLS-00302: el componente 'USP_SEL_LISTA_TIPO_INICIATIVA' se debe declarar
ORA-06550: línea 1, columna 7:
PL/SQL: Statement ignored
07/03/2020 06:45:59 a.m.: [Método: Void HandleError(Int32, Oracle.DataAccess.Client.OracleConnection, System.String, IntPtr, Oracle.DataAccess.Client.OpoSqlValCtx*, System.Object, Boolean, Oracle.DataAccess.Client.OracleLogicalTransaction), Línea: 0] - ORA-06550: línea 1, columna 35:
PLS-00302: el componente 'USP_SEL_LISTA_TIPO_INICIATIVA' se debe declarar
ORA-06550: línea 1, columna 7:
PL/SQL: Statement ignored
07/03/2020 06:45:59 a.m.: [Método: Oracle.DataAccess.Client.OracleDataReader ExecuteReader(Boolean, Boolean, System.Data.CommandBehavior), Línea: 0] - ORA-06550: línea 1, columna 35:
PLS-00302: el componente 'USP_SEL_LISTA_TIPO_INICIATIVA' se debe declarar
ORA-06550: línea 1, columna 7:
PL/SQL: Statement ignored
07/03/2020 06:45:59 a.m.: [Método: System.Data.Common.DbDataReader ExecuteDbDataReader(System.Data.CommandBehavior), Línea: 0] - ORA-06550: línea 1, columna 35:
PLS-00302: el componente 'USP_SEL_LISTA_TIPO_INICIATIVA' se debe declarar
ORA-06550: línea 1, columna 7:
PL/SQL: Statement ignored
07/03/2020 06:45:59 a.m.: [Método: System.Data.IDataReader System.Data.IDbCommand.ExecuteReader(System.Data.CommandBehavior), Línea: 0] - ORA-06550: línea 1, columna 35:
PLS-00302: el componente 'USP_SEL_LISTA_TIPO_INICIATIVA' se debe declarar
ORA-06550: línea 1, columna 7:
PL/SQL: Statement ignored
07/03/2020 06:45:59 a.m.: [Método: System.Data.IDataReader ExecuteReaderWithFlagsFallback(System.Data.IDbCommand, Boolean, System.Data.CommandBehavior), Línea: 0] - ORA-06550: línea 1, columna 35:
PLS-00302: el componente 'USP_SEL_LISTA_TIPO_INICIATIVA' se debe declarar
ORA-06550: línea 1, columna 7:
PL/SQL: Statement ignored
07/03/2020 06:45:59 a.m.: [Método: Boolean MoveNext(), Línea: 0] - ORA-06550: línea 1, columna 35:
PLS-00302: el componente 'USP_SEL_LISTA_TIPO_INICIATIVA' se debe declarar
ORA-06550: línea 1, columna 7:
PL/SQL: Statement ignored
07/03/2020 06:45:59 a.m.: [Método: Void .ctor(System.Collections.Generic.IEnumerable`1[T]), Línea: 0] - ORA-06550: línea 1, columna 35:
PLS-00302: el componente 'USP_SEL_LISTA_TIPO_INICIATIVA' se debe declarar
ORA-06550: línea 1, columna 7:
PL/SQL: Statement ignored
07/03/2020 06:45:59 a.m.: [Método: System.Collections.Generic.List`1[TSource] ToList[TSource](System.Collections.Generic.IEnumerable`1[TSource]), Línea: 0] - ORA-06550: línea 1, columna 35:
PLS-00302: el componente 'USP_SEL_LISTA_TIPO_INICIATIVA' se debe declarar
ORA-06550: línea 1, columna 7:
PL/SQL: Statement ignored
07/03/2020 06:45:59 a.m.: [Método: System.Collections.Generic.IEnumerable`1[T] Query[T](System.Data.IDbConnection, System.String, System.Object, System.Data.IDbTransaction, Boolean, System.Nullable`1[System.Int32], System.Nullable`1[System.Data.CommandType]), Línea: 0] - ORA-06550: línea 1, columna 35:
PLS-00302: el componente 'USP_SEL_LISTA_TIPO_INICIATIVA' se debe declarar
ORA-06550: línea 1, columna 7:
PL/SQL: Statement ignored
07/03/2020 06:45:59 a.m.: [Método: System.Collections.Generic.List`1[entidad.minem.gob.pe.TipoIniciativaBE] ListarTipoIniciativa(), Línea: 30] - ORA-06550: línea 1, columna 35:
PLS-00302: el componente 'USP_SEL_LISTA_TIPO_INICIATIVA' se debe declarar
ORA-06550: línea 1, columna 7:
PL/SQL: Statement ignored
07/03/2020 06:46:01 a.m.: [Método: Void HandleErrorHelper(Int32, Oracle.DataAccess.Client.OracleConnection, IntPtr, Oracle.DataAccess.Client.OpoSqlValCtx*, System.Object, System.String, Boolean, Int32, Oracle.DataAccess.Client.OracleLogicalTransaction), Línea: 0] - ORA-06550: línea 1, columna 35:
PLS-00302: el componente 'USP_SEL_LISTA_TIPO_INICIATIVA' se debe declarar
ORA-06550: línea 1, columna 7:
PL/SQL: Statement ignored
07/03/2020 06:46:01 a.m.: [Método: Void HandleError(Int32, Oracle.DataAccess.Client.OracleConnection, System.String, IntPtr, Oracle.DataAccess.Client.OpoSqlValCtx*, System.Object, Boolean, Oracle.DataAccess.Client.OracleLogicalTransaction), Línea: 0] - ORA-06550: línea 1, columna 35:
PLS-00302: el componente 'USP_SEL_LISTA_TIPO_INICIATIVA' se debe declarar
ORA-06550: línea 1, columna 7:
PL/SQL: Statement ignored
07/03/2020 06:46:01 a.m.: [Método: Oracle.DataAccess.Client.OracleDataReader ExecuteReader(Boolean, Boolean, System.Data.CommandBehavior), Línea: 0] - ORA-06550: línea 1, columna 35:
PLS-00302: el componente 'USP_SEL_LISTA_TIPO_INICIATIVA' se debe declarar
ORA-06550: línea 1, columna 7:
PL/SQL: Statement ignored
07/03/2020 06:46:01 a.m.: [Método: System.Data.Common.DbDataReader ExecuteDbDataReader(System.Data.CommandBehavior), Línea: 0] - ORA-06550: línea 1, columna 35:
PLS-00302: el componente 'USP_SEL_LISTA_TIPO_INICIATIVA' se debe declarar
ORA-06550: línea 1, columna 7:
PL/SQL: Statement ignored
07/03/2020 06:46:01 a.m.: [Método: System.Data.IDataReader System.Data.IDbCommand.ExecuteReader(System.Data.CommandBehavior), Línea: 0] - ORA-06550: línea 1, columna 35:
PLS-00302: el componente 'USP_SEL_LISTA_TIPO_INICIATIVA' se debe declarar
ORA-06550: línea 1, columna 7:
PL/SQL: Statement ignored
07/03/2020 06:46:01 a.m.: [Método: System.Data.IDataReader ExecuteReaderWithFlagsFallback(System.Data.IDbCommand, Boolean, System.Data.CommandBehavior), Línea: 0] - ORA-06550: línea 1, columna 35:
PLS-00302: el componente 'USP_SEL_LISTA_TIPO_INICIATIVA' se debe declarar
ORA-06550: línea 1, columna 7:
PL/SQL: Statement ignored
07/03/2020 06:46:01 a.m.: [Método: Boolean MoveNext(), Línea: 0] - ORA-06550: línea 1, columna 35:
PLS-00302: el componente 'USP_SEL_LISTA_TIPO_INICIATIVA' se debe declarar
ORA-06550: línea 1, columna 7:
PL/SQL: Statement ignored
07/03/2020 06:46:01 a.m.: [Método: Void .ctor(System.Collections.Generic.IEnumerable`1[T]), Línea: 0] - ORA-06550: línea 1, columna 35:
PLS-00302: el componente 'USP_SEL_LISTA_TIPO_INICIATIVA' se debe declarar
ORA-06550: línea 1, columna 7:
PL/SQL: Statement ignored
07/03/2020 06:46:01 a.m.: [Método: System.Collections.Generic.List`1[TSource] ToList[TSource](System.Collections.Generic.IEnumerable`1[TSource]), Línea: 0] - ORA-06550: línea 1, columna 35:
PLS-00302: el componente 'USP_SEL_LISTA_TIPO_INICIATIVA' se debe declarar
ORA-06550: línea 1, columna 7:
PL/SQL: Statement ignored
07/03/2020 06:46:01 a.m.: [Método: System.Collections.Generic.IEnumerable`1[T] Query[T](System.Data.IDbConnection, System.String, System.Object, System.Data.IDbTransaction, Boolean, System.Nullable`1[System.Int32], System.Nullable`1[System.Data.CommandType]), Línea: 0] - ORA-06550: línea 1, columna 35:
PLS-00302: el componente 'USP_SEL_LISTA_TIPO_INICIATIVA' se debe declarar
ORA-06550: línea 1, columna 7:
PL/SQL: Statement ignored
07/03/2020 06:46:01 a.m.: [Método: System.Collections.Generic.List`1[entidad.minem.gob.pe.TipoIniciativaBE] ListarTipoIniciativa(), Línea: 30] - ORA-06550: línea 1, columna 35:
PLS-00302: el componente 'USP_SEL_LISTA_TIPO_INICIATIVA' se debe declarar
ORA-06550: línea 1, columna 7:
PL/SQL: Statement ignored
07/03/2020 06:46:44 a.m.: [Método: Void HandleErrorHelper(Int32, Oracle.DataAccess.Client.OracleConnection, IntPtr, Oracle.DataAccess.Client.OpoSqlValCtx*, System.Object, System.String, Boolean, Int32, Oracle.DataAccess.Client.OracleLogicalTransaction), Línea: 0] - ORA-06550: línea 1, columna 35:
PLS-00302: el componente 'USP_SEL_LISTA_TIPO_INICIATIVA' se debe declarar
ORA-06550: línea 1, columna 7:
PL/SQL: Statement ignored
07/03/2020 06:46:44 a.m.: [Método: Void HandleError(Int32, Oracle.DataAccess.Client.OracleConnection, System.String, IntPtr, Oracle.DataAccess.Client.OpoSqlValCtx*, System.Object, Boolean, Oracle.DataAccess.Client.OracleLogicalTransaction), Línea: 0] - ORA-06550: línea 1, columna 35:
PLS-00302: el componente 'USP_SEL_LISTA_TIPO_INICIATIVA' se debe declarar
ORA-06550: línea 1, columna 7:
PL/SQL: Statement ignored
07/03/2020 06:46:44 a.m.: [Método: Oracle.DataAccess.Client.OracleDataReader ExecuteReader(Boolean, Boolean, System.Data.CommandBehavior), Línea: 0] - ORA-06550: línea 1, columna 35:
PLS-00302: el componente 'USP_SEL_LISTA_TIPO_INICIATIVA' se debe declarar
ORA-06550: línea 1, columna 7:
PL/SQL: Statement ignored
07/03/2020 06:46:44 a.m.: [Método: System.Data.Common.DbDataReader ExecuteDbDataReader(System.Data.CommandBehavior), Línea: 0] - ORA-06550: línea 1, columna 35:
PLS-00302: el componente 'USP_SEL_LISTA_TIPO_INICIATIVA' se debe declarar
ORA-06550: línea 1, columna 7:
PL/SQL: Statement ignored
07/03/2020 06:46:44 a.m.: [Método: System.Data.IDataReader System.Data.IDbCommand.ExecuteReader(System.Data.CommandBehavior), Línea: 0] - ORA-06550: línea 1, columna 35:
PLS-00302: el componente 'USP_SEL_LISTA_TIPO_INICIATIVA' se debe declarar
ORA-06550: línea 1, columna 7:
PL/SQL: Statement ignored
07/03/2020 06:46:44 a.m.: [Método: System.Data.IDataReader ExecuteReaderWithFlagsFallback(System.Data.IDbCommand, Boolean, System.Data.CommandBehavior), Línea: 0] - ORA-06550: línea 1, columna 35:
PLS-00302: el componente 'USP_SEL_LISTA_TIPO_INICIATIVA' se debe declarar
ORA-06550: línea 1, columna 7:
PL/SQL: Statement ignored
07/03/2020 06:46:44 a.m.: [Método: Boolean MoveNext(), Línea: 0] - ORA-06550: línea 1, columna 35:
PLS-00302: el componente 'USP_SEL_LISTA_TIPO_INICIATIVA' se debe declarar
ORA-06550: línea 1, columna 7:
PL/SQL: Statement ignored
07/03/2020 06:46:44 a.m.: [Método: Void .ctor(System.Collections.Generic.IEnumerable`1[T]), Línea: 0] - ORA-06550: línea 1, columna 35:
PLS-00302: el componente 'USP_SEL_LISTA_TIPO_INICIATIVA' se debe declarar
ORA-06550: línea 1, columna 7:
PL/SQL: Statement ignored
07/03/2020 06:46:44 a.m.: [Método: System.Collections.Generic.List`1[TSource] ToList[TSource](System.Collections.Generic.IEnumerable`1[TSource]), Línea: 0] - ORA-06550: línea 1, columna 35:
PLS-00302: el componente 'USP_SEL_LISTA_TIPO_INICIATIVA' se debe declarar
ORA-06550: línea 1, columna 7:
PL/SQL: Statement ignored
07/03/2020 06:46:44 a.m.: [Método: System.Collections.Generic.IEnumerable`1[T] Query[T](System.Data.IDbConnection, System.String, System.Object, System.Data.IDbTransaction, Boolean, System.Nullable`1[System.Int32], System.Nullable`1[System.Data.CommandType]), Línea: 0] - ORA-06550: línea 1, columna 35:
PLS-00302: el componente 'USP_SEL_LISTA_TIPO_INICIATIVA' se debe declarar
ORA-06550: línea 1, columna 7:
PL/SQL: Statement ignored
07/03/2020 06:46:44 a.m.: [Método: System.Collections.Generic.List`1[entidad.minem.gob.pe.TipoIniciativaBE] ListarTipoIniciativa(), Línea: 30] - ORA-06550: línea 1, columna 35:
PLS-00302: el componente 'USP_SEL_LISTA_TIPO_INICIATIVA' se debe declarar
ORA-06550: línea 1, columna 7:
PL/SQL: Statement ignored
07/03/2020 07:03:58 a.m.: [Método: Void HandleErrorHelper(Int32, Oracle.DataAccess.Client.OracleConnection, IntPtr, Oracle.DataAccess.Client.OpoSqlValCtx*, System.Object, System.String, Boolean, Int32, Oracle.DataAccess.Client.OracleLogicalTransaction), Línea: 0] - ORA-06550: línea 1, columna 35:
PLS-00302: el componente 'USP_SEL_LISTA_TIPO_INICIATIVA' se debe declarar
ORA-06550: línea 1, columna 7:
PL/SQL: Statement ignored
07/03/2020 07:03:58 a.m.: [Método: Void HandleError(Int32, Oracle.DataAccess.Client.OracleConnection, System.String, IntPtr, Oracle.DataAccess.Client.OpoSqlValCtx*, System.Object, Boolean, Oracle.DataAccess.Client.OracleLogicalTransaction), Línea: 0] - ORA-06550: línea 1, columna 35:
PLS-00302: el componente 'USP_SEL_LISTA_TIPO_INICIATIVA' se debe declarar
ORA-06550: línea 1, columna 7:
PL/SQL: Statement ignored
07/03/2020 07:03:58 a.m.: [Método: Oracle.DataAccess.Client.OracleDataReader ExecuteReader(Boolean, Boolean, System.Data.CommandBehavior), Línea: 0] - ORA-06550: línea 1, columna 35:
PLS-00302: el componente 'USP_SEL_LISTA_TIPO_INICIATIVA' se debe declarar
ORA-06550: línea 1, columna 7:
PL/SQL: Statement ignored
07/03/2020 07:03:58 a.m.: [Método: System.Data.Common.DbDataReader ExecuteDbDataReader(System.Data.CommandBehavior), Línea: 0] - ORA-06550: línea 1, columna 35:
PLS-00302: el componente 'USP_SEL_LISTA_TIPO_INICIATIVA' se debe declarar
ORA-06550: línea 1, columna 7:
PL/SQL: Statement ignored
07/03/2020 07:03:58 a.m.: [Método: System.Data.IDataReader System.Data.IDbCommand.ExecuteReader(System.Data.CommandBehavior), Línea: 0] - ORA-06550: línea 1, columna 35:
PLS-00302: el componente 'USP_SEL_LISTA_TIPO_INICIATIVA' se debe declarar
ORA-06550: línea 1, columna 7:
PL/SQL: Statement ignored
07/03/2020 07:03:58 a.m.: [Método: System.Data.IDataReader ExecuteReaderWithFlagsFallback(System.Data.IDbCommand, Boolean, System.Data.CommandBehavior), Línea: 0] - ORA-06550: línea 1, columna 35:
PLS-00302: el componente 'USP_SEL_LISTA_TIPO_INICIATIVA' se debe declarar
ORA-06550: línea 1, columna 7:
PL/SQL: Statement ignored
07/03/2020 07:03:58 a.m.: [Método: Boolean MoveNext(), Línea: 0] - ORA-06550: línea 1, columna 35:
PLS-00302: el componente 'USP_SEL_LISTA_TIPO_INICIATIVA' se debe declarar
ORA-06550: línea 1, columna 7:
PL/SQL: Statement ignored
07/03/2020 07:03:58 a.m.: [Método: Void .ctor(System.Collections.Generic.IEnumerable`1[T]), Línea: 0] - ORA-06550: línea 1, columna 35:
PLS-00302: el componente 'USP_SEL_LISTA_TIPO_INICIATIVA' se debe declarar
ORA-06550: línea 1, columna 7:
PL/SQL: Statement ignored
07/03/2020 07:03:58 a.m.: [Método: System.Collections.Generic.List`1[TSource] ToList[TSource](System.Collections.Generic.IEnumerable`1[TSource]), Línea: 0] - ORA-06550: línea 1, columna 35:
PLS-00302: el componente 'USP_SEL_LISTA_TIPO_INICIATIVA' se debe declarar
ORA-06550: línea 1, columna 7:
PL/SQL: Statement ignored
07/03/2020 07:03:58 a.m.: [Método: System.Collections.Generic.IEnumerable`1[T] Query[T](System.Data.IDbConnection, System.String, System.Object, System.Data.IDbTransaction, Boolean, System.Nullable`1[System.Int32], System.Nullable`1[System.Data.CommandType]), Línea: 0] - ORA-06550: línea 1, columna 35:
PLS-00302: el componente 'USP_SEL_LISTA_TIPO_INICIATIVA' se debe declarar
ORA-06550: línea 1, columna 7:
PL/SQL: Statement ignored
07/03/2020 07:03:58 a.m.: [Método: System.Collections.Generic.List`1[entidad.minem.gob.pe.TipoIniciativaBE] ListarTipoIniciativa(), Línea: 30] - ORA-06550: línea 1, columna 35:
PLS-00302: el componente 'USP_SEL_LISTA_TIPO_INICIATIVA' se debe declarar
ORA-06550: línea 1, columna 7:
PL/SQL: Statement ignored
07/03/2020 07:04:04 a.m.: [Método: Void HandleErrorHelper(Int32, Oracle.DataAccess.Client.OracleConnection, IntPtr, Oracle.DataAccess.Client.OpoSqlValCtx*, System.Object, System.String, Boolean, Int32, Oracle.DataAccess.Client.OracleLogicalTransaction), Línea: 0] - ORA-06550: línea 1, columna 35:
PLS-00302: el componente 'USP_SEL_LISTA_TIPO_INICIATIVA' se debe declarar
ORA-06550: línea 1, columna 7:
PL/SQL: Statement ignored
07/03/2020 07:04:04 a.m.: [Método: Void HandleError(Int32, Oracle.DataAccess.Client.OracleConnection, System.String, IntPtr, Oracle.DataAccess.Client.OpoSqlValCtx*, System.Object, Boolean, Oracle.DataAccess.Client.OracleLogicalTransaction), Línea: 0] - ORA-06550: línea 1, columna 35:
PLS-00302: el componente 'USP_SEL_LISTA_TIPO_INICIATIVA' se debe declarar
ORA-06550: línea 1, columna 7:
PL/SQL: Statement ignored
07/03/2020 07:04:04 a.m.: [Método: Oracle.DataAccess.Client.OracleDataReader ExecuteReader(Boolean, Boolean, System.Data.CommandBehavior), Línea: 0] - ORA-06550: línea 1, columna 35:
PLS-00302: el componente 'USP_SEL_LISTA_TIPO_INICIATIVA' se debe declarar
ORA-06550: línea 1, columna 7:
PL/SQL: Statement ignored
07/03/2020 07:04:04 a.m.: [Método: System.Data.Common.DbDataReader ExecuteDbDataReader(System.Data.CommandBehavior), Línea: 0] - ORA-06550: línea 1, columna 35:
PLS-00302: el componente 'USP_SEL_LISTA_TIPO_INICIATIVA' se debe declarar
ORA-06550: línea 1, columna 7:
PL/SQL: Statement ignored
07/03/2020 07:04:04 a.m.: [Método: System.Data.IDataReader System.Data.IDbCommand.ExecuteReader(System.Data.CommandBehavior), Línea: 0] - ORA-06550: línea 1, columna 35:
PLS-00302: el componente 'USP_SEL_LISTA_TIPO_INICIATIVA' se debe declarar
ORA-06550: línea 1, columna 7:
PL/SQL: Statement ignored
07/03/2020 07:04:04 a.m.: [Método: System.Data.IDataReader ExecuteReaderWithFlagsFallback(System.Data.IDbCommand, Boolean, System.Data.CommandBehavior), Línea: 0] - ORA-06550: línea 1, columna 35:
PLS-00302: el componente 'USP_SEL_LISTA_TIPO_INICIATIVA' se debe declarar
ORA-06550: línea 1, columna 7:
PL/SQL: Statement ignored
07/03/2020 07:04:04 a.m.: [Método: Boolean MoveNext(), Línea: 0] - ORA-06550: línea 1, columna 35:
PLS-00302: el componente 'USP_SEL_LISTA_TIPO_INICIATIVA' se debe declarar
ORA-06550: línea 1, columna 7:
PL/SQL: Statement ignored
07/03/2020 07:04:04 a.m.: [Método: Void .ctor(System.Collections.Generic.IEnumerable`1[T]), Línea: 0] - ORA-06550: línea 1, columna 35:
PLS-00302: el componente 'USP_SEL_LISTA_TIPO_INICIATIVA' se debe declarar
ORA-06550: línea 1, columna 7:
PL/SQL: Statement ignored
07/03/2020 07:04:04 a.m.: [Método: System.Collections.Generic.List`1[TSource] ToList[TSource](System.Collections.Generic.IEnumerable`1[TSource]), Línea: 0] - ORA-06550: línea 1, columna 35:
PLS-00302: el componente 'USP_SEL_LISTA_TIPO_INICIATIVA' se debe declarar
ORA-06550: línea 1, columna 7:
PL/SQL: Statement ignored
07/03/2020 07:04:04 a.m.: [Método: System.Collections.Generic.IEnumerable`1[T] Query[T](System.Data.IDbConnection, System.String, System.Object, System.Data.IDbTransaction, Boolean, System.Nullable`1[System.Int32], System.Nullable`1[System.Data.CommandType]), Línea: 0] - ORA-06550: línea 1, columna 35:
PLS-00302: el componente 'USP_SEL_LISTA_TIPO_INICIATIVA' se debe declarar
ORA-06550: línea 1, columna 7:
PL/SQL: Statement ignored
07/03/2020 07:04:04 a.m.: [Método: System.Collections.Generic.List`1[entidad.minem.gob.pe.TipoIniciativaBE] ListarTipoIniciativa(), Línea: 30] - ORA-06550: línea 1, columna 35:
PLS-00302: el componente 'USP_SEL_LISTA_TIPO_INICIATIVA' se debe declarar
ORA-06550: línea 1, columna 7:
PL/SQL: Statement ignored
07/03/2020 07:04:50 a.m.: [Método: Void HandleErrorHelper(Int32, Oracle.DataAccess.Client.OracleConnection, IntPtr, Oracle.DataAccess.Client.OpoSqlValCtx*, System.Object, System.String, Boolean, Int32, Oracle.DataAccess.Client.OracleLogicalTransaction), Línea: 0] - ORA-06550: línea 1, columna 35:
PLS-00302: el componente 'USP_SEL_LISTA_TIPO_INICIATIVA' se debe declarar
ORA-06550: línea 1, columna 7:
PL/SQL: Statement ignored
07/03/2020 07:04:50 a.m.: [Método: Void HandleError(Int32, Oracle.DataAccess.Client.OracleConnection, System.String, IntPtr, Oracle.DataAccess.Client.OpoSqlValCtx*, System.Object, Boolean, Oracle.DataAccess.Client.OracleLogicalTransaction), Línea: 0] - ORA-06550: línea 1, columna 35:
PLS-00302: el componente 'USP_SEL_LISTA_TIPO_INICIATIVA' se debe declarar
ORA-06550: línea 1, columna 7:
PL/SQL: Statement ignored
07/03/2020 07:04:50 a.m.: [Método: Oracle.DataAccess.Client.OracleDataReader ExecuteReader(Boolean, Boolean, System.Data.CommandBehavior), Línea: 0] - ORA-06550: línea 1, columna 35:
PLS-00302: el componente 'USP_SEL_LISTA_TIPO_INICIATIVA' se debe declarar
ORA-06550: línea 1, columna 7:
PL/SQL: Statement ignored
07/03/2020 07:04:50 a.m.: [Método: System.Data.Common.DbDataReader ExecuteDbDataReader(System.Data.CommandBehavior), Línea: 0] - ORA-06550: línea 1, columna 35:
PLS-00302: el componente 'USP_SEL_LISTA_TIPO_INICIATIVA' se debe declarar
ORA-06550: línea 1, columna 7:
PL/SQL: Statement ignored
07/03/2020 07:04:50 a.m.: [Método: System.Data.IDataReader System.Data.IDbCommand.ExecuteReader(System.Data.CommandBehavior), Línea: 0] - ORA-06550: línea 1, columna 35:
PLS-00302: el componente 'USP_SEL_LISTA_TIPO_INICIATIVA' se debe declarar
ORA-06550: línea 1, columna 7:
PL/SQL: Statement ignored
07/03/2020 07:04:50 a.m.: [Método: System.Data.IDataReader ExecuteReaderWithFlagsFallback(System.Data.IDbCommand, Boolean, System.Data.CommandBehavior), Línea: 0] - ORA-06550: línea 1, columna 35:
PLS-00302: el componente 'USP_SEL_LISTA_TIPO_INICIATIVA' se debe declarar
ORA-06550: línea 1, columna 7:
PL/SQL: Statement ignored
07/03/2020 07:04:50 a.m.: [Método: Boolean MoveNext(), Línea: 0] - ORA-06550: línea 1, columna 35:
PLS-00302: el componente 'USP_SEL_LISTA_TIPO_INICIATIVA' se debe declarar
ORA-06550: línea 1, columna 7:
PL/SQL: Statement ignored
07/03/2020 07:04:50 a.m.: [Método: Void .ctor(System.Collections.Generic.IEnumerable`1[T]), Línea: 0] - ORA-06550: línea 1, columna 35:
PLS-00302: el componente 'USP_SEL_LISTA_TIPO_INICIATIVA' se debe declarar
ORA-06550: línea 1, columna 7:
PL/SQL: Statement ignored
07/03/2020 07:04:50 a.m.: [Método: System.Collections.Generic.List`1[TSource] ToList[TSource](System.Collections.Generic.IEnumerable`1[TSource]), Línea: 0] - ORA-06550: línea 1, columna 35:
PLS-00302: el componente 'USP_SEL_LISTA_TIPO_INICIATIVA' se debe declarar
ORA-06550: línea 1, columna 7:
PL/SQL: Statement ignored
07/03/2020 07:04:50 a.m.: [Método: System.Collections.Generic.IEnumerable`1[T] Query[T](System.Data.IDbConnection, System.String, System.Object, System.Data.IDbTransaction, Boolean, System.Nullable`1[System.Int32], System.Nullable`1[System.Data.CommandType]), Línea: 0] - ORA-06550: línea 1, columna 35:
PLS-00302: el componente 'USP_SEL_LISTA_TIPO_INICIATIVA' se debe declarar
ORA-06550: línea 1, columna 7:
PL/SQL: Statement ignored
07/03/2020 07:04:50 a.m.: [Método: System.Collections.Generic.List`1[entidad.minem.gob.pe.TipoIniciativaBE] ListarTipoIniciativa(), Línea: 30] - ORA-06550: línea 1, columna 35:
PLS-00302: el componente 'USP_SEL_LISTA_TIPO_INICIATIVA' se debe declarar
ORA-06550: línea 1, columna 7:
PL/SQL: Statement ignored
07/03/2020 07:05:18 a.m.: [Método: Void HandleErrorHelper(Int32, Oracle.DataAccess.Client.OracleConnection, IntPtr, Oracle.DataAccess.Client.OpoSqlValCtx*, System.Object, System.String, Boolean, Int32, Oracle.DataAccess.Client.OracleLogicalTransaction), Línea: 0] - ORA-06550: línea 1, columna 35:
PLS-00302: el componente 'USP_SEL_LISTA_TIPO_INICIATIVA' se debe declarar
ORA-06550: línea 1, columna 7:
PL/SQL: Statement ignored
07/03/2020 07:05:18 a.m.: [Método: Void HandleError(Int32, Oracle.DataAccess.Client.OracleConnection, System.String, IntPtr, Oracle.DataAccess.Client.OpoSqlValCtx*, System.Object, Boolean, Oracle.DataAccess.Client.OracleLogicalTransaction), Línea: 0] - ORA-06550: línea 1, columna 35:
PLS-00302: el componente 'USP_SEL_LISTA_TIPO_INICIATIVA' se debe declarar
ORA-06550: línea 1, columna 7:
PL/SQL: Statement ignored
07/03/2020 07:05:18 a.m.: [Método: Oracle.DataAccess.Client.OracleDataReader ExecuteReader(Boolean, Boolean, System.Data.CommandBehavior), Línea: 0] - ORA-06550: línea 1, columna 35:
PLS-00302: el componente 'USP_SEL_LISTA_TIPO_INICIATIVA' se debe declarar
ORA-06550: línea 1, columna 7:
PL/SQL: Statement ignored
07/03/2020 07:05:18 a.m.: [Método: System.Data.Common.DbDataReader ExecuteDbDataReader(System.Data.CommandBehavior), Línea: 0] - ORA-06550: línea 1, columna 35:
PLS-00302: el componente 'USP_SEL_LISTA_TIPO_INICIATIVA' se debe declarar
ORA-06550: línea 1, columna 7:
PL/SQL: Statement ignored
07/03/2020 07:05:18 a.m.: [Método: System.Data.IDataReader System.Data.IDbCommand.ExecuteReader(System.Data.CommandBehavior), Línea: 0] - ORA-06550: línea 1, columna 35:
PLS-00302: el componente 'USP_SEL_LISTA_TIPO_INICIATIVA' se debe declarar
ORA-06550: línea 1, columna 7:
PL/SQL: Statement ignored
07/03/2020 07:05:18 a.m.: [Método: System.Data.IDataReader ExecuteReaderWithFlagsFallback(System.Data.IDbCommand, Boolean, System.Data.CommandBehavior), Línea: 0] - ORA-06550: línea 1, columna 35:
PLS-00302: el componente 'USP_SEL_LISTA_TIPO_INICIATIVA' se debe declarar
ORA-06550: línea 1, columna 7:
PL/SQL: Statement ignored
07/03/2020 07:05:18 a.m.: [Método: Boolean MoveNext(), Línea: 0] - ORA-06550: línea 1, columna 35:
PLS-00302: el componente 'USP_SEL_LISTA_TIPO_INICIATIVA' se debe declarar
ORA-06550: línea 1, columna 7:
PL/SQL: Statement ignored
07/03/2020 07:05:18 a.m.: [Método: Void .ctor(System.Collections.Generic.IEnumerable`1[T]), Línea: 0] - ORA-06550: línea 1, columna 35:
PLS-00302: el componente 'USP_SEL_LISTA_TIPO_INICIATIVA' se debe declarar
ORA-06550: línea 1, columna 7:
PL/SQL: Statement ignored
07/03/2020 07:05:18 a.m.: [Método: System.Collections.Generic.List`1[TSource] ToList[TSource](System.Collections.Generic.IEnumerable`1[TSource]), Línea: 0] - ORA-06550: línea 1, columna 35:
PLS-00302: el componente 'USP_SEL_LISTA_TIPO_INICIATIVA' se debe declarar
ORA-06550: línea 1, columna 7:
PL/SQL: Statement ignored
07/03/2020 07:05:18 a.m.: [Método: System.Collections.Generic.IEnumerable`1[T] Query[T](System.Data.IDbConnection, System.String, System.Object, System.Data.IDbTransaction, Boolean, System.Nullable`1[System.Int32], System.Nullable`1[System.Data.CommandType]), Línea: 0] - ORA-06550: línea 1, columna 35:
PLS-00302: el componente 'USP_SEL_LISTA_TIPO_INICIATIVA' se debe declarar
ORA-06550: línea 1, columna 7:
PL/SQL: Statement ignored
07/03/2020 07:05:18 a.m.: [Método: System.Collections.Generic.List`1[entidad.minem.gob.pe.TipoIniciativaBE] ListarTipoIniciativa(), Línea: 30] - ORA-06550: línea 1, columna 35:
PLS-00302: el componente 'USP_SEL_LISTA_TIPO_INICIATIVA' se debe declarar
ORA-06550: línea 1, columna 7:
PL/SQL: Statement ignored
07/03/2020 07:08:08 a.m.: [Método: Void HandleErrorHelper(Int32, Oracle.DataAccess.Client.OracleConnection, IntPtr, Oracle.DataAccess.Client.OpoSqlValCtx*, System.Object, System.String, Boolean, Int32, Oracle.DataAccess.Client.OracleLogicalTransaction), Línea: 0] - ORA-06550: línea 1, columna 35:
PLS-00302: el componente 'USP_SEL_LISTA_TIPO_INICIATIVA' se debe declarar
ORA-06550: línea 1, columna 7:
PL/SQL: Statement ignored
07/03/2020 07:08:08 a.m.: [Método: Void HandleError(Int32, Oracle.DataAccess.Client.OracleConnection, System.String, IntPtr, Oracle.DataAccess.Client.OpoSqlValCtx*, System.Object, Boolean, Oracle.DataAccess.Client.OracleLogicalTransaction), Línea: 0] - ORA-06550: línea 1, columna 35:
PLS-00302: el componente 'USP_SEL_LISTA_TIPO_INICIATIVA' se debe declarar
ORA-06550: línea 1, columna 7:
PL/SQL: Statement ignored
07/03/2020 07:08:08 a.m.: [Método: Oracle.DataAccess.Client.OracleDataReader ExecuteReader(Boolean, Boolean, System.Data.CommandBehavior), Línea: 0] - ORA-06550: línea 1, columna 35:
PLS-00302: el componente 'USP_SEL_LISTA_TIPO_INICIATIVA' se debe declarar
ORA-06550: línea 1, columna 7:
PL/SQL: Statement ignored
07/03/2020 07:08:08 a.m.: [Método: System.Data.Common.DbDataReader ExecuteDbDataReader(System.Data.CommandBehavior), Línea: 0] - ORA-06550: línea 1, columna 35:
PLS-00302: el componente 'USP_SEL_LISTA_TIPO_INICIATIVA' se debe declarar
ORA-06550: línea 1, columna 7:
PL/SQL: Statement ignored
07/03/2020 07:08:08 a.m.: [Método: System.Data.IDataReader System.Data.IDbCommand.ExecuteReader(System.Data.CommandBehavior), Línea: 0] - ORA-06550: línea 1, columna 35:
PLS-00302: el componente 'USP_SEL_LISTA_TIPO_INICIATIVA' se debe declarar
ORA-06550: línea 1, columna 7:
PL/SQL: Statement ignored
07/03/2020 07:08:08 a.m.: [Método: System.Data.IDataReader ExecuteReaderWithFlagsFallback(System.Data.IDbCommand, Boolean, System.Data.CommandBehavior), Línea: 0] - ORA-06550: línea 1, columna 35:
PLS-00302: el componente 'USP_SEL_LISTA_TIPO_INICIATIVA' se debe declarar
ORA-06550: línea 1, columna 7:
PL/SQL: Statement ignored
07/03/2020 07:08:08 a.m.: [Método: Boolean MoveNext(), Línea: 0] - ORA-06550: línea 1, columna 35:
PLS-00302: el componente 'USP_SEL_LISTA_TIPO_INICIATIVA' se debe declarar
ORA-06550: línea 1, columna 7:
PL/SQL: Statement ignored
07/03/2020 07:08:08 a.m.: [Método: Void .ctor(System.Collections.Generic.IEnumerable`1[T]), Línea: 0] - ORA-06550: línea 1, columna 35:
PLS-00302: el componente 'USP_SEL_LISTA_TIPO_INICIATIVA' se debe declarar
ORA-06550: línea 1, columna 7:
PL/SQL: Statement ignored
07/03/2020 07:08:08 a.m.: [Método: System.Collections.Generic.List`1[TSource] ToList[TSource](System.Collections.Generic.IEnumerable`1[TSource]), Línea: 0] - ORA-06550: línea 1, columna 35:
PLS-00302: el componente 'USP_SEL_LISTA_TIPO_INICIATIVA' se debe declarar
ORA-06550: línea 1, columna 7:
PL/SQL: Statement ignored
07/03/2020 07:08:08 a.m.: [Método: System.Collections.Generic.IEnumerable`1[T] Query[T](System.Data.IDbConnection, System.String, System.Object, System.Data.IDbTransaction, Boolean, System.Nullable`1[System.Int32], System.Nullable`1[System.Data.CommandType]), Línea: 0] - ORA-06550: línea 1, columna 35:
PLS-00302: el componente 'USP_SEL_LISTA_TIPO_INICIATIVA' se debe declarar
ORA-06550: línea 1, columna 7:
PL/SQL: Statement ignored
07/03/2020 07:08:08 a.m.: [Método: System.Collections.Generic.List`1[entidad.minem.gob.pe.TipoIniciativaBE] ListarTipoIniciativa(), Línea: 30] - ORA-06550: línea 1, columna 35:
PLS-00302: el componente 'USP_SEL_LISTA_TIPO_INICIATIVA' se debe declarar
ORA-06550: línea 1, columna 7:
PL/SQL: Statement ignored
07/03/2020 11:32:42 a.m.: [Método: Void HandleErrorHelper(Int32, Oracle.DataAccess.Client.OracleConnection, IntPtr, Oracle.DataAccess.Client.OpoSqlValCtx*, System.Object, System.String, Boolean, Int32, Oracle.DataAccess.Client.OracleLogicalTransaction), Línea: 0] - ORA-06550: line 1, column 7:
PLS-00201: identifier 'MRVMM.PKG_MRV_BLOCKCHAIN' must be declared
ORA-06550: line 1, column 7:
PL/SQL: Statement ignored
07/03/2020 11:32:42 a.m.: [Método: Void HandleError(Int32, Oracle.DataAccess.Client.OracleConnection, System.String, IntPtr, Oracle.DataAccess.Client.OpoSqlValCtx*, System.Object, Boolean, Oracle.DataAccess.Client.OracleLogicalTransaction), Línea: 0] - ORA-06550: line 1, column 7:
PLS-00201: identifier 'MRVMM.PKG_MRV_BLOCKCHAIN' must be declared
ORA-06550: line 1, column 7:
PL/SQL: Statement ignored
07/03/2020 11:32:42 a.m.: [Método: Oracle.DataAccess.Client.OracleDataReader ExecuteReader(Boolean, Boolean, System.Data.CommandBehavior), Línea: 0] - ORA-06550: line 1, column 7:
PLS-00201: identifier 'MRVMM.PKG_MRV_BLOCKCHAIN' must be declared
ORA-06550: line 1, column 7:
PL/SQL: Statement ignored
07/03/2020 11:32:42 a.m.: [Método: System.Data.Common.DbDataReader ExecuteDbDataReader(System.Data.CommandBehavior), Línea: 0] - ORA-06550: line 1, column 7:
PLS-00201: identifier 'MRVMM.PKG_MRV_BLOCKCHAIN' must be declared
ORA-06550: line 1, column 7:
PL/SQL: Statement ignored
07/03/2020 11:32:42 a.m.: [Método: System.Data.IDataReader System.Data.IDbCommand.ExecuteReader(System.Data.CommandBehavior), Línea: 0] - ORA-06550: line 1, column 7:
PLS-00201: identifier 'MRVMM.PKG_MRV_BLOCKCHAIN' must be declared
ORA-06550: line 1, column 7:
PL/SQL: Statement ignored
07/03/2020 11:32:43 a.m.: [Método: System.Data.IDataReader ExecuteReaderWithFlagsFallback(System.Data.IDbCommand, Boolean, System.Data.CommandBehavior), Línea: 0] - ORA-06550: line 1, column 7:
PLS-00201: identifier 'MRVMM.PKG_MRV_BLOCKCHAIN' must be declared
ORA-06550: line 1, column 7:
PL/SQL: Statement ignored
07/03/2020 11:32:43 a.m.: [Método: Boolean MoveNext(), Línea: 0] - ORA-06550: line 1, column 7:
PLS-00201: identifier 'MRVMM.PKG_MRV_BLOCKCHAIN' must be declared
ORA-06550: line 1, column 7:
PL/SQL: Statement ignored
07/03/2020 11:32:43 a.m.: [Método: Void .ctor(System.Collections.Generic.IEnumerable`1[T]), Línea: 0] - ORA-06550: line 1, column 7:
PLS-00201: identifier 'MRVMM.PKG_MRV_BLOCKCHAIN' must be declared
ORA-06550: line 1, column 7:
PL/SQL: Statement ignored
07/03/2020 11:32:43 a.m.: [Método: System.Collections.Generic.List`1[TSource] ToList[TSource](System.Collections.Generic.IEnumerable`1[TSource]), Línea: 0] - ORA-06550: line 1, column 7:
PLS-00201: identifier 'MRVMM.PKG_MRV_BLOCKCHAIN' must be declared
ORA-06550: line 1, column 7:
PL/SQL: Statement ignored
07/03/2020 11:32:43 a.m.: [Método: System.Collections.Generic.IEnumerable`1[T] Query[T](System.Data.IDbConnection, System.String, System.Object, System.Data.IDbTransaction, Boolean, System.Nullable`1[System.Int32], System.Nullable`1[System.Data.CommandType]), Línea: 0] - ORA-06550: line 1, column 7:
PLS-00201: identifier 'MRVMM.PKG_MRV_BLOCKCHAIN' must be declared
ORA-06550: line 1, column 7:
PL/SQL: Statement ignored
07/03/2020 11:32:43 a.m.: [Método: entidad.minem.gob.pe.BlockChainBE GeneraBlockChain(entidad.minem.gob.pe.BlockChainBE), Línea: 31] - ORA-06550: line 1, column 7:
PLS-00201: identifier 'MRVMM.PKG_MRV_BLOCKCHAIN' must be declared
ORA-06550: line 1, column 7:
PL/SQL: Statement ignored
07/03/2020 11:34:36 a.m.: [Método: Void EnsureExecutionSession(), Línea: 0] - Se ha producido un error durante el procesamiento local de informes.
07/03/2020 11:34:36 a.m.: [Método: Void InternalRender(System.String, Boolean, System.String, Microsoft.Reporting.WebForms.PageCountMode, Microsoft.ReportingServices.Interfaces.CreateAndRegisterStream, Microsoft.Reporting.WebForms.Warning[] ByRef), Línea: 0] - Se ha producido un error durante el procesamiento local de informes.
07/03/2020 11:34:36 a.m.: [Método: Byte[] InternalRender(System.String, Boolean, System.String, Microsoft.Reporting.WebForms.PageCountMode, System.String ByRef, System.String ByRef, System.String ByRef, System.String[] ByRef, Microsoft.Reporting.WebForms.Warning[] ByRef), Línea: 0] - Se ha producido un error durante el procesamiento local de informes.
07/03/2020 11:34:36 a.m.: [Método: Byte[] Render(System.String, System.String, Microsoft.Reporting.WebForms.PageCountMode, System.String ByRef, System.String ByRef, System.String ByRef, System.String[] ByRef, Microsoft.Reporting.WebForms.Warning[] ByRef), Línea: 0] - Se ha producido un error durante el procesamiento local de informes.
07/03/2020 11:34:36 a.m.: [Método: Byte[] Render(System.String, System.String, System.String ByRef, System.String ByRef, System.String ByRef, System.String[] ByRef, Microsoft.Reporting.WebForms.Warning[] ByRef), Línea: 0] - Se ha producido un error durante el procesamiento local de informes.
07/03/2020 11:34:36 a.m.: [Método: Boolean GenerarPDFBlockChain(Int32, System.String), Línea: 46] - Se ha producido un error durante el procesamiento local de informes.
07/03/2020 11:34:44 a.m.: [Método: Void EnsureExecutionSession(), Línea: 0] - Se ha producido un error durante el procesamiento local de informes.
07/03/2020 11:34:44 a.m.: [Método: Void InternalRender(System.String, Boolean, System.String, Microsoft.Reporting.WebForms.PageCountMode, Microsoft.ReportingServices.Interfaces.CreateAndRegisterStream, Microsoft.Reporting.WebForms.Warning[] ByRef), Línea: 0] - Se ha producido un error durante el procesamiento local de informes.
07/03/2020 11:34:44 a.m.: [Método: Byte[] InternalRender(System.String, Boolean, System.String, Microsoft.Reporting.WebForms.PageCountMode, System.String ByRef, System.String ByRef, System.String ByRef, System.String[] ByRef, Microsoft.Reporting.WebForms.Warning[] ByRef), Línea: 0] - Se ha producido un error durante el procesamiento local de informes.
07/03/2020 11:34:44 a.m.: [Método: Byte[] Render(System.String, System.String, Microsoft.Reporting.WebForms.PageCountMode, System.String ByRef, System.String ByRef, System.String ByRef, System.String[] ByRef, Microsoft.Reporting.WebForms.Warning[] ByRef), Línea: 0] - Se ha producido un error durante el procesamiento local de informes.
07/03/2020 11:34:44 a.m.: [Método: Byte[] Render(System.String, System.String, System.String ByRef, System.String ByRef, System.String ByRef, System.String[] ByRef, Microsoft.Reporting.WebForms.Warning[] ByRef), Línea: 0] - Se ha producido un error durante el procesamiento local de informes.
07/03/2020 11:34:44 a.m.: [Método: Boolean GenerarPDFBlockChain(Int32, System.String), Línea: 46] - Se ha producido un error durante el procesamiento local de informes.
07/03/2020 11:34:55 a.m.: [Método: Void EnsureExecutionSession(), Línea: 0] - Se ha producido un error durante el procesamiento local de informes.
07/03/2020 11:34:55 a.m.: [Método: Void InternalRender(System.String, Boolean, System.String, Microsoft.Reporting.WebForms.PageCountMode, Microsoft.ReportingServices.Interfaces.CreateAndRegisterStream, Microsoft.Reporting.WebForms.Warning[] ByRef), Línea: 0] - Se ha producido un error durante el procesamiento local de informes.
07/03/2020 11:34:55 a.m.: [Método: Byte[] InternalRender(System.String, Boolean, System.String, Microsoft.Reporting.WebForms.PageCountMode, System.String ByRef, System.String ByRef, System.String ByRef, System.String[] ByRef, Microsoft.Reporting.WebForms.Warning[] ByRef), Línea: 0] - Se ha producido un error durante el procesamiento local de informes.
07/03/2020 11:34:55 a.m.: [Método: Byte[] Render(System.String, System.String, Microsoft.Reporting.WebForms.PageCountMode, System.String ByRef, System.String ByRef, System.String ByRef, System.String[] ByRef, Microsoft.Reporting.WebForms.Warning[] ByRef), Línea: 0] - Se ha producido un error durante el procesamiento local de informes.
07/03/2020 11:34:55 a.m.: [Método: Byte[] Render(System.String, System.String, System.String ByRef, System.String ByRef, System.String ByRef, System.String[] ByRef, Microsoft.Reporting.WebForms.Warning[] ByRef), Línea: 0] - Se ha producido un error durante el procesamiento local de informes.
07/03/2020 11:34:55 a.m.: [Método: Boolean GenerarPDFBlockChain(Int32, System.String), Línea: 46] - Se ha producido un error durante el procesamiento local de informes.
07/03/2020 11:35:13 a.m.: [Método: Void EnsureExecutionSession(), Línea: 0] - Se ha producido un error durante el procesamiento local de informes.
07/03/2020 11:35:13 a.m.: [Método: Void InternalRender(System.String, Boolean, System.String, Microsoft.Reporting.WebForms.PageCountMode, Microsoft.ReportingServices.Interfaces.CreateAndRegisterStream, Microsoft.Reporting.WebForms.Warning[] ByRef), Línea: 0] - Se ha producido un error durante el procesamiento local de informes.
07/03/2020 11:35:13 a.m.: [Método: Byte[] InternalRender(System.String, Boolean, System.String, Microsoft.Reporting.WebForms.PageCountMode, System.String ByRef, System.String ByRef, System.String ByRef, System.String[] ByRef, Microsoft.Reporting.WebForms.Warning[] ByRef), Línea: 0] - Se ha producido un error durante el procesamiento local de informes.
07/03/2020 11:35:13 a.m.: [Método: Byte[] Render(System.String, System.String, Microsoft.Reporting.WebForms.PageCountMode, System.String ByRef, System.String ByRef, System.String ByRef, System.String[] ByRef, Microsoft.Reporting.WebForms.Warning[] ByRef), Línea: 0] - Se ha producido un error durante el procesamiento local de informes.
07/03/2020 11:35:13 a.m.: [Método: Byte[] Render(System.String, System.String, System.String ByRef, System.String ByRef, System.String ByRef, System.String[] ByRef, Microsoft.Reporting.WebForms.Warning[] ByRef), Línea: 0] - Se ha producido un error durante el procesamiento local de informes.
07/03/2020 11:35:13 a.m.: [Método: Boolean GenerarPDFBlockChain(Int32, System.String), Línea: 46] - Se ha producido un error durante el procesamiento local de informes.
07/03/2020 11:36:19 a.m.: [Método: Void EnsureExecutionSession(), Línea: 0] - Se ha producido un error durante el procesamiento local de informes.
07/03/2020 11:36:19 a.m.: [Método: Void InternalRender(System.String, Boolean, System.String, Microsoft.Reporting.WebForms.PageCountMode, Microsoft.ReportingServices.Interfaces.CreateAndRegisterStream, Microsoft.Reporting.WebForms.Warning[] ByRef), Línea: 0] - Se ha producido un error durante el procesamiento local de informes.
07/03/2020 11:36:19 a.m.: [Método: Byte[] InternalRender(System.String, Boolean, System.String, Microsoft.Reporting.WebForms.PageCountMode, System.String ByRef, System.String ByRef, System.String ByRef, System.String[] ByRef, Microsoft.Reporting.WebForms.Warning[] ByRef), Línea: 0] - Se ha producido un error durante el procesamiento local de informes.
07/03/2020 11:36:19 a.m.: [Método: Byte[] Render(System.String, System.String, Microsoft.Reporting.WebForms.PageCountMode, System.String ByRef, System.String ByRef, System.String ByRef, System.String[] ByRef, Microsoft.Reporting.WebForms.Warning[] ByRef), Línea: 0] - Se ha producido un error durante el procesamiento local de informes.
07/03/2020 11:36:19 a.m.: [Método: Byte[] Render(System.String, System.String, System.String ByRef, System.String ByRef, System.String ByRef, System.String[] ByRef, Microsoft.Reporting.WebForms.Warning[] ByRef), Línea: 0] - Se ha producido un error durante el procesamiento local de informes.
07/03/2020 11:36:19 a.m.: [Método: Boolean GenerarPDFBlockChain(Int32, System.String), Línea: 46] - Se ha producido un error durante el procesamiento local de informes.
07/03/2020 11:41:18 a.m.: [Método: Void EnsureExecutionSession(), Línea: 0] - Se ha producido un error durante el procesamiento local de informes.
07/03/2020 11:41:18 a.m.: [Método: Void InternalRender(System.String, Boolean, System.String, Microsoft.Reporting.WebForms.PageCountMode, Microsoft.ReportingServices.Interfaces.CreateAndRegisterStream, Microsoft.Reporting.WebForms.Warning[] ByRef), Línea: 0] - Se ha producido un error durante el procesamiento local de informes.
07/03/2020 11:41:18 a.m.: [Método: Byte[] InternalRender(System.String, Boolean, System.String, Microsoft.Reporting.WebForms.PageCountMode, System.String ByRef, System.String ByRef, System.String ByRef, System.String[] ByRef, Microsoft.Reporting.WebForms.Warning[] ByRef), Línea: 0] - Se ha producido un error durante el procesamiento local de informes.
07/03/2020 11:41:18 a.m.: [Método: Byte[] Render(System.String, System.String, Microsoft.Reporting.WebForms.PageCountMode, System.String ByRef, System.String ByRef, System.String ByRef, System.String[] ByRef, Microsoft.Reporting.WebForms.Warning[] ByRef), Línea: 0] - Se ha producido un error durante el procesamiento local de informes.
07/03/2020 11:41:18 a.m.: [Método: Byte[] Render(System.String, System.String, System.String ByRef, System.String ByRef, System.String ByRef, System.String[] ByRef, Microsoft.Reporting.WebForms.Warning[] ByRef), Línea: 0] - Se ha producido un error durante el procesamiento local de informes.
07/03/2020 11:41:18 a.m.: [Método: Boolean GenerarPDFBlockChain(Int32, System.String), Línea: 46] - Se ha producido un error durante el procesamiento local de informes.
07/03/2020 11:42:03 a.m.: [Método: Void EnsureExecutionSession(), Línea: 0] - Se ha producido un error durante el procesamiento local de informes.
07/03/2020 11:42:03 a.m.: [Método: Void InternalRender(System.String, Boolean, System.String, Microsoft.Reporting.WebForms.PageCountMode, Microsoft.ReportingServices.Interfaces.CreateAndRegisterStream, Microsoft.Reporting.WebForms.Warning[] ByRef), Línea: 0] - Se ha producido un error durante el procesamiento local de informes.
07/03/2020 11:42:03 a.m.: [Método: Byte[] InternalRender(System.String, Boolean, System.String, Microsoft.Reporting.WebForms.PageCountMode, System.String ByRef, System.String ByRef, System.String ByRef, System.String[] ByRef, Microsoft.Reporting.WebForms.Warning[] ByRef), Línea: 0] - Se ha producido un error durante el procesamiento local de informes.
07/03/2020 11:42:03 a.m.: [Método: Byte[] Render(System.String, System.String, Microsoft.Reporting.WebForms.PageCountMode, System.String ByRef, System.String ByRef, System.String ByRef, System.String[] ByRef, Microsoft.Reporting.WebForms.Warning[] ByRef), Línea: 0] - Se ha producido un error durante el procesamiento local de informes.
07/03/2020 11:42:03 a.m.: [Método: Byte[] Render(System.String, System.String, System.String ByRef, System.String ByRef, System.String ByRef, System.String[] ByRef, Microsoft.Reporting.WebForms.Warning[] ByRef), Línea: 0] - Se ha producido un error durante el procesamiento local de informes.
07/03/2020 11:42:03 a.m.: [Método: Boolean GenerarPDFBlockChain(Int32, System.String), Línea: 46] - Se ha producido un error durante el procesamiento local de informes.
07/03/2020 11:43:46 a.m.: [Método: Void EnsureExecutionSession(), Línea: 0] - Se ha producido un error durante el procesamiento local de informes.
07/03/2020 11:43:46 a.m.: [Método: Void InternalRender(System.String, Boolean, System.String, Microsoft.Reporting.WebForms.PageCountMode, Microsoft.ReportingServices.Interfaces.CreateAndRegisterStream, Microsoft.Reporting.WebForms.Warning[] ByRef), Línea: 0] - Se ha producido un error durante el procesamiento local de informes.
07/03/2020 11:43:46 a.m.: [Método: Byte[] InternalRender(System.String, Boolean, System.String, Microsoft.Reporting.WebForms.PageCountMode, System.String ByRef, System.String ByRef, System.String ByRef, System.String[] ByRef, Microsoft.Reporting.WebForms.Warning[] ByRef), Línea: 0] - Se ha producido un error durante el procesamiento local de informes.
07/03/2020 11:43:46 a.m.: [Método: Byte[] Render(System.String, System.String, Microsoft.Reporting.WebForms.PageCountMode, System.String ByRef, System.String ByRef, System.String ByRef, System.String[] ByRef, Microsoft.Reporting.WebForms.Warning[] ByRef), Línea: 0] - Se ha producido un error durante el procesamiento local de informes.
07/03/2020 11:43:46 a.m.: [Método: Byte[] Render(System.String, System.String, System.String ByRef, System.String ByRef, System.String ByRef, System.String[] ByRef, Microsoft.Reporting.WebForms.Warning[] ByRef), Línea: 0] - Se ha producido un error durante el procesamiento local de informes.
07/03/2020 11:43:46 a.m.: [Método: Boolean GenerarPDFBlockChain(Int32, System.String), Línea: 46] - Se ha producido un error durante el procesamiento local de informes.
07/03/2020 02:42:49 p.m.: [Método: Void HandleErrorHelper(Int32, Oracle.DataAccess.Client.OracleConnection, IntPtr, Oracle.DataAccess.Client.OpoSqlValCtx*, System.Object, System.String, Boolean, Int32, Oracle.DataAccess.Client.OracleLogicalTransaction), Línea: 0] - ORA-00936: missing expression
ORA-06512: at "MRVMM.PKG_MRV_INICIATIVA_MITIGACION", line 4360
ORA-06512: at line 1
07/03/2020 02:42:49 p.m.: [Método: Void HandleError(Int32, Oracle.DataAccess.Client.OracleConnection, System.String, IntPtr, Oracle.DataAccess.Client.OpoSqlValCtx*, System.Object, Boolean, Oracle.DataAccess.Client.OracleLogicalTransaction), Línea: 0] - ORA-00936: missing expression
ORA-06512: at "MRVMM.PKG_MRV_INICIATIVA_MITIGACION", line 4360
ORA-06512: at line 1
07/03/2020 02:42:49 p.m.: [Método: Oracle.DataAccess.Client.OracleDataReader ExecuteReader(Boolean, Boolean, System.Data.CommandBehavior), Línea: 0] - ORA-00936: missing expression
ORA-06512: at "MRVMM.PKG_MRV_INICIATIVA_MITIGACION", line 4360
ORA-06512: at line 1
07/03/2020 02:42:49 p.m.: [Método: System.Data.Common.DbDataReader ExecuteDbDataReader(System.Data.CommandBehavior), Línea: 0] - ORA-00936: missing expression
ORA-06512: at "MRVMM.PKG_MRV_INICIATIVA_MITIGACION", line 4360
ORA-06512: at line 1
07/03/2020 02:42:49 p.m.: [Método: System.Data.IDataReader System.Data.IDbCommand.ExecuteReader(System.Data.CommandBehavior), Línea: 0] - ORA-00936: missing expression
ORA-06512: at "MRVMM.PKG_MRV_INICIATIVA_MITIGACION", line 4360
ORA-06512: at line 1
07/03/2020 02:42:50 p.m.: [Método: System.Data.IDataReader ExecuteReaderWithFlagsFallback(System.Data.IDbCommand, Boolean, System.Data.CommandBehavior), Línea: 0] - ORA-00936: missing expression
ORA-06512: at "MRVMM.PKG_MRV_INICIATIVA_MITIGACION", line 4360
ORA-06512: at line 1
07/03/2020 02:42:50 p.m.: [Método: Boolean MoveNext(), Línea: 0] - ORA-00936: missing expression
ORA-06512: at "MRVMM.PKG_MRV_INICIATIVA_MITIGACION", line 4360
ORA-06512: at line 1
07/03/2020 02:42:50 p.m.: [Método: Void .ctor(System.Collections.Generic.IEnumerable`1[T]), Línea: 0] - ORA-00936: missing expression
ORA-06512: at "MRVMM.PKG_MRV_INICIATIVA_MITIGACION", line 4360
ORA-06512: at line 1
07/03/2020 02:42:50 p.m.: [Método: System.Collections.Generic.List`1[TSource] ToList[TSource](System.Collections.Generic.IEnumerable`1[TSource]), Línea: 0] - ORA-00936: missing expression
ORA-06512: at "MRVMM.PKG_MRV_INICIATIVA_MITIGACION", line 4360
ORA-06512: at line 1
07/03/2020 02:42:50 p.m.: [Método: System.Collections.Generic.IEnumerable`1[T] Query[T](System.Data.IDbConnection, System.String, System.Object, System.Data.IDbTransaction, Boolean, System.Nullable`1[System.Int32], System.Nullable`1[System.Data.CommandType]), Línea: 0] - ORA-00936: missing expression
ORA-06512: at "MRVMM.PKG_MRV_INICIATIVA_MITIGACION", line 4360
ORA-06512: at line 1
07/03/2020 02:42:50 p.m.: [Método: System.Collections.Generic.List`1[entidad.minem.gob.pe.IniciativaBE] ListaBusquedaSimplePrivado(entidad.minem.gob.pe.IniciativaBE), Línea: 1409] - ORA-00936: missing expression
ORA-06512: at "MRVMM.PKG_MRV_INICIATIVA_MITIGACION", line 4360
ORA-06512: at line 1
07/03/2020 02:43:33 p.m.: [Método: Void HandleErrorHelper(Int32, Oracle.DataAccess.Client.OracleConnection, IntPtr, Oracle.DataAccess.Client.OpoSqlValCtx*, System.Object, System.String, Boolean, Int32, Oracle.DataAccess.Client.OracleLogicalTransaction), Línea: 0] - ORA-00936: missing expression
ORA-06512: at "MRVMM.PKG_MRV_INICIATIVA_MITIGACION", line 4579
ORA-06512: at line 1
07/03/2020 02:43:33 p.m.: [Método: Void HandleError(Int32, Oracle.DataAccess.Client.OracleConnection, System.String, IntPtr, Oracle.DataAccess.Client.OpoSqlValCtx*, System.Object, Boolean, Oracle.DataAccess.Client.OracleLogicalTransaction), Línea: 0] - ORA-00936: missing expression
ORA-06512: at "MRVMM.PKG_MRV_INICIATIVA_MITIGACION", line 4579
ORA-06512: at line 1
07/03/2020 02:43:33 p.m.: [Método: Oracle.DataAccess.Client.OracleDataReader ExecuteReader(Boolean, Boolean, System.Data.CommandBehavior), Línea: 0] - ORA-00936: missing expression
ORA-06512: at "MRVMM.PKG_MRV_INICIATIVA_MITIGACION", line 4579
ORA-06512: at line 1
07/03/2020 02:43:33 p.m.: [Método: System.Data.Common.DbDataReader ExecuteDbDataReader(System.Data.CommandBehavior), Línea: 0] - ORA-00936: missing expression
ORA-06512: at "MRVMM.PKG_MRV_INICIATIVA_MITIGACION", line 4579
ORA-06512: at line 1
07/03/2020 02:43:33 p.m.: [Método: System.Data.IDataReader System.Data.IDbCommand.ExecuteReader(System.Data.CommandBehavior), Línea: 0] - ORA-00936: missing expression
ORA-06512: at "MRVMM.PKG_MRV_INICIATIVA_MITIGACION", line 4579
ORA-06512: at line 1
07/03/2020 02:43:33 p.m.: [Método: System.Data.IDataReader ExecuteReaderWithFlagsFallback(System.Data.IDbCommand, Boolean, System.Data.CommandBehavior), Línea: 0] - ORA-00936: missing expression
ORA-06512: at "MRVMM.PKG_MRV_INICIATIVA_MITIGACION", line 4579
ORA-06512: at line 1
07/03/2020 02:43:33 p.m.: [Método: Boolean MoveNext(), Línea: 0] - ORA-00936: missing expression
ORA-06512: at "MRVMM.PKG_MRV_INICIATIVA_MITIGACION", line 4579
ORA-06512: at line 1
07/03/2020 02:43:33 p.m.: [Método: Void .ctor(System.Collections.Generic.IEnumerable`1[T]), Línea: 0] - ORA-00936: missing expression
ORA-06512: at "MRVMM.PKG_MRV_INICIATIVA_MITIGACION", line 4579
ORA-06512: at line 1
07/03/2020 02:43:33 p.m.: [Método: System.Collections.Generic.List`1[TSource] ToList[TSource](System.Collections.Generic.IEnumerable`1[TSource]), Línea: 0] - ORA-00936: missing expression
ORA-06512: at "MRVMM.PKG_MRV_INICIATIVA_MITIGACION", line 4579
ORA-06512: at line 1
07/03/2020 02:43:33 p.m.: [Método: System.Collections.Generic.IEnumerable`1[T] Query[T](System.Data.IDbConnection, System.String, System.Object, System.Data.IDbTransaction, Boolean, System.Nullable`1[System.Int32], System.Nullable`1[System.Data.CommandType]), Línea: 0] - ORA-00936: missing expression
ORA-06512: at "MRVMM.PKG_MRV_INICIATIVA_MITIGACION", line 4579
ORA-06512: at line 1
07/03/2020 02:43:33 p.m.: [Método: System.Collections.Generic.List`1[entidad.minem.gob.pe.IniciativaBE] ListaBusquedaSimplePublico(entidad.minem.gob.pe.IniciativaBE), Línea: 1776] - ORA-00936: missing expression
ORA-06512: at "MRVMM.PKG_MRV_INICIATIVA_MITIGACION", line 4579
ORA-06512: at line 1
