02/11/2020 01:41:21: [Método: System.CodeDom.Compiler.CompilerResults Compile(), Línea: 0] - C:\Users\Pc\Desktop\GIT MRV NEW\back-end\Web Dinamico 2\MRVMinem\Views\Gestion\VerMasIniciativaDetalle.cshtml(371): error CS0103: The name 'text' does not exist in the current context
02/11/2020 01:41:21: [Método: System.CodeDom.Compiler.CompilerResults PerformBuild(), Línea: 0] - C:\Users\Pc\Desktop\GIT MRV NEW\back-end\Web Dinamico 2\MRVMinem\Views\Gestion\VerMasIniciativaDetalle.cshtml(371): error CS0103: The name 'text' does not exist in the current context
02/11/2020 01:41:21: [Método: System.Web.Compilation.BuildResult CompileWebFile(System.Web.VirtualPath), Línea: 0] - C:\Users\Pc\Desktop\GIT MRV NEW\back-end\Web Dinamico 2\MRVMinem\Views\Gestion\VerMasIniciativaDetalle.cshtml(371): error CS0103: The name 'text' does not exist in the current context
02/11/2020 01:41:21: [Método: System.Web.Compilation.BuildResult GetVPathBuildResultInternal(System.Web.VirtualPath, Boolean, Boolean, Boolean, Boolean, Boolean), Línea: 0] - C:\Users\Pc\Desktop\GIT MRV NEW\back-end\Web Dinamico 2\MRVMinem\Views\Gestion\VerMasIniciativaDetalle.cshtml(371): error CS0103: The name 'text' does not exist in the current context
02/11/2020 01:41:21: [Método: System.Web.Compilation.BuildResult GetVPathBuildResultWithNoAssert(System.Web.HttpContext, System.Web.VirtualPath, Boolean, Boolean, Boolean, Boolean, Boolean), Línea: 0] - C:\Users\Pc\Desktop\GIT MRV NEW\back-end\Web Dinamico 2\MRVMinem\Views\Gestion\VerMasIniciativaDetalle.cshtml(371): error CS0103: The name 'text' does not exist in the current context
02/11/2020 01:41:21: [Método: System.Web.Util.ITypedWebObjectFactory GetVirtualPathObjectFactory(System.Web.VirtualPath, System.Web.HttpContext, Boolean, Boolean), Línea: 0] - C:\Users\Pc\Desktop\GIT MRV NEW\back-end\Web Dinamico 2\MRVMinem\Views\Gestion\VerMasIniciativaDetalle.cshtml(371): error CS0103: The name 'text' does not exist in the current context
02/11/2020 01:41:21: [Método: System.Type GetCompiledType(System.Web.VirtualPath), Línea: 0] - C:\Users\Pc\Desktop\GIT MRV NEW\back-end\Web Dinamico 2\MRVMinem\Views\Gestion\VerMasIniciativaDetalle.cshtml(371): error CS0103: The name 'text' does not exist in the current context
02/11/2020 01:41:21: [Método: System.Type GetCompiledType(System.String), Línea: 0] - C:\Users\Pc\Desktop\GIT MRV NEW\back-end\Web Dinamico 2\MRVMinem\Views\Gestion\VerMasIniciativaDetalle.cshtml(371): error CS0103: The name 'text' does not exist in the current context
02/11/2020 01:41:21: [Método: System.Type System.Web.Mvc.IBuildManager.GetCompiledType(System.String), Línea: 0] - C:\Users\Pc\Desktop\GIT MRV NEW\back-end\Web Dinamico 2\MRVMinem\Views\Gestion\VerMasIniciativaDetalle.cshtml(371): error CS0103: The name 'text' does not exist in the current context
02/11/2020 01:41:21: [Método: Void Render(System.Web.Mvc.ViewContext, System.IO.TextWriter), Línea: 0] - C:\Users\Pc\Desktop\GIT MRV NEW\back-end\Web Dinamico 2\MRVMinem\Views\Gestion\VerMasIniciativaDetalle.cshtml(371): error CS0103: The name 'text' does not exist in the current context
02/11/2020 01:41:21: [Método: Void ExecuteResult(System.Web.Mvc.ControllerContext), Línea: 0] - C:\Users\Pc\Desktop\GIT MRV NEW\back-end\Web Dinamico 2\MRVMinem\Views\Gestion\VerMasIniciativaDetalle.cshtml(371): error CS0103: The name 'text' does not exist in the current context
02/11/2020 01:41:21: [Método: Void InvokeActionResult(System.Web.Mvc.ControllerContext, System.Web.Mvc.ActionResult), Línea: 0] - C:\Users\Pc\Desktop\GIT MRV NEW\back-end\Web Dinamico 2\MRVMinem\Views\Gestion\VerMasIniciativaDetalle.cshtml(371): error CS0103: The name 'text' does not exist in the current context
02/11/2020 01:41:21: [Método: System.Web.Mvc.ResultExecutedContext InvokeActionResultFilterRecursive(System.Collections.Generic.IList`1[System.Web.Mvc.IResultFilter], Int32, System.Web.Mvc.ResultExecutingContext, System.Web.Mvc.ControllerContext, System.Web.Mvc.ActionResult), Línea: 0] - C:\Users\Pc\Desktop\GIT MRV NEW\back-end\Web Dinamico 2\MRVMinem\Views\Gestion\VerMasIniciativaDetalle.cshtml(371): error CS0103: The name 'text' does not exist in the current context
02/11/2020 01:41:21: [Método: System.Web.Mvc.ResultExecutedContext InvokeActionResultFilterRecursive(System.Collections.Generic.IList`1[System.Web.Mvc.IResultFilter], Int32, System.Web.Mvc.ResultExecutingContext, System.Web.Mvc.ControllerContext, System.Web.Mvc.ActionResult), Línea: 0] - C:\Users\Pc\Desktop\GIT MRV NEW\back-end\Web Dinamico 2\MRVMinem\Views\Gestion\VerMasIniciativaDetalle.cshtml(371): error CS0103: The name 'text' does not exist in the current context
02/11/2020 01:41:21: [Método: System.Web.Mvc.ResultExecutedContext InvokeActionResultFilterRecursive(System.Collections.Generic.IList`1[System.Web.Mvc.IResultFilter], Int32, System.Web.Mvc.ResultExecutingContext, System.Web.Mvc.ControllerContext, System.Web.Mvc.ActionResult), Línea: 0] - C:\Users\Pc\Desktop\GIT MRV NEW\back-end\Web Dinamico 2\MRVMinem\Views\Gestion\VerMasIniciativaDetalle.cshtml(371): error CS0103: The name 'text' does not exist in the current context
02/11/2020 01:41:21: [Método: System.Web.Mvc.ResultExecutedContext InvokeActionResultWithFilters(System.Web.Mvc.ControllerContext, System.Collections.Generic.IList`1[System.Web.Mvc.IResultFilter], System.Web.Mvc.ActionResult), Línea: 0] - C:\Users\Pc\Desktop\GIT MRV NEW\back-end\Web Dinamico 2\MRVMinem\Views\Gestion\VerMasIniciativaDetalle.cshtml(371): error CS0103: The name 'text' does not exist in the current context
02/11/2020 01:41:21: [Método: Void <BeginInvokeAction>b__1c(), Línea: 0] - C:\Users\Pc\Desktop\GIT MRV NEW\back-end\Web Dinamico 2\MRVMinem\Views\Gestion\VerMasIniciativaDetalle.cshtml(371): error CS0103: The name 'text' does not exist in the current context
02/11/2020 01:41:21: [Método: Boolean <BeginInvokeAction>b__1e(System.IAsyncResult), Línea: 0] - C:\Users\Pc\Desktop\GIT MRV NEW\back-end\Web Dinamico 2\MRVMinem\Views\Gestion\VerMasIniciativaDetalle.cshtml(371): error CS0103: The name 'text' does not exist in the current context
02/11/2020 01:41:21: [Método: TResult CallEndDelegate(System.IAsyncResult), Línea: 0] - C:\Users\Pc\Desktop\GIT MRV NEW\back-end\Web Dinamico 2\MRVMinem\Views\Gestion\VerMasIniciativaDetalle.cshtml(371): error CS0103: The name 'text' does not exist in the current context
02/11/2020 01:41:21: [Método: TResult End(), Línea: 0] - C:\Users\Pc\Desktop\GIT MRV NEW\back-end\Web Dinamico 2\MRVMinem\Views\Gestion\VerMasIniciativaDetalle.cshtml(371): error CS0103: The name 'text' does not exist in the current context
02/11/2020 01:41:21: [Método: Boolean EndInvokeAction(System.IAsyncResult), Línea: 0] - C:\Users\Pc\Desktop\GIT MRV NEW\back-end\Web Dinamico 2\MRVMinem\Views\Gestion\VerMasIniciativaDetalle.cshtml(371): error CS0103: The name 'text' does not exist in the current context
02/11/2020 01:41:21: [Método: Void <BeginExecuteCore>b__1d(System.IAsyncResult, ExecuteCoreState), Línea: 0] - C:\Users\Pc\Desktop\GIT MRV NEW\back-end\Web Dinamico 2\MRVMinem\Views\Gestion\VerMasIniciativaDetalle.cshtml(371): error CS0103: The name 'text' does not exist in the current context
02/11/2020 01:41:21: [Método: System.Web.Mvc.Async.AsyncVoid CallEndDelegate(System.IAsyncResult), Línea: 0] - C:\Users\Pc\Desktop\GIT MRV NEW\back-end\Web Dinamico 2\MRVMinem\Views\Gestion\VerMasIniciativaDetalle.cshtml(371): error CS0103: The name 'text' does not exist in the current context
02/11/2020 01:41:21: [Método: TResult End(), Línea: 0] - C:\Users\Pc\Desktop\GIT MRV NEW\back-end\Web Dinamico 2\MRVMinem\Views\Gestion\VerMasIniciativaDetalle.cshtml(371): error CS0103: The name 'text' does not exist in the current context
02/11/2020 01:41:21: [Método: Void EndExecuteCore(System.IAsyncResult), Línea: 0] - C:\Users\Pc\Desktop\GIT MRV NEW\back-end\Web Dinamico 2\MRVMinem\Views\Gestion\VerMasIniciativaDetalle.cshtml(371): error CS0103: The name 'text' does not exist in the current context
02/11/2020 01:41:21: [Método: Void <BeginExecute>b__15(System.IAsyncResult, System.Web.Mvc.Controller), Línea: 0] - C:\Users\Pc\Desktop\GIT MRV NEW\back-end\Web Dinamico 2\MRVMinem\Views\Gestion\VerMasIniciativaDetalle.cshtml(371): error CS0103: The name 'text' does not exist in the current context
02/11/2020 01:41:21: [Método: System.Web.Mvc.Async.AsyncVoid CallEndDelegate(System.IAsyncResult), Línea: 0] - C:\Users\Pc\Desktop\GIT MRV NEW\back-end\Web Dinamico 2\MRVMinem\Views\Gestion\VerMasIniciativaDetalle.cshtml(371): error CS0103: The name 'text' does not exist in the current context
02/11/2020 01:41:21: [Método: TResult End(), Línea: 0] - C:\Users\Pc\Desktop\GIT MRV NEW\back-end\Web Dinamico 2\MRVMinem\Views\Gestion\VerMasIniciativaDetalle.cshtml(371): error CS0103: The name 'text' does not exist in the current context
02/11/2020 01:41:21: [Método: Void EndExecute(System.IAsyncResult), Línea: 0] - C:\Users\Pc\Desktop\GIT MRV NEW\back-end\Web Dinamico 2\MRVMinem\Views\Gestion\VerMasIniciativaDetalle.cshtml(371): error CS0103: The name 'text' does not exist in the current context
02/11/2020 01:41:21: [Método: Void System.Web.Mvc.Async.IAsyncController.EndExecute(System.IAsyncResult), Línea: 0] - C:\Users\Pc\Desktop\GIT MRV NEW\back-end\Web Dinamico 2\MRVMinem\Views\Gestion\VerMasIniciativaDetalle.cshtml(371): error CS0103: The name 'text' does not exist in the current context
02/11/2020 01:41:21: [Método: Void <BeginProcessRequest>b__5(System.IAsyncResult, ProcessRequestState), Línea: 0] - C:\Users\Pc\Desktop\GIT MRV NEW\back-end\Web Dinamico 2\MRVMinem\Views\Gestion\VerMasIniciativaDetalle.cshtml(371): error CS0103: The name 'text' does not exist in the current context
02/11/2020 01:41:21: [Método: System.Web.Mvc.Async.AsyncVoid CallEndDelegate(System.IAsyncResult), Línea: 0] - C:\Users\Pc\Desktop\GIT MRV NEW\back-end\Web Dinamico 2\MRVMinem\Views\Gestion\VerMasIniciativaDetalle.cshtml(371): error CS0103: The name 'text' does not exist in the current context
02/11/2020 01:41:21: [Método: TResult End(), Línea: 0] - C:\Users\Pc\Desktop\GIT MRV NEW\back-end\Web Dinamico 2\MRVMinem\Views\Gestion\VerMasIniciativaDetalle.cshtml(371): error CS0103: The name 'text' does not exist in the current context
02/11/2020 01:41:21: [Método: Void EndProcessRequest(System.IAsyncResult), Línea: 0] - C:\Users\Pc\Desktop\GIT MRV NEW\back-end\Web Dinamico 2\MRVMinem\Views\Gestion\VerMasIniciativaDetalle.cshtml(371): error CS0103: The name 'text' does not exist in the current context
02/11/2020 01:41:21: [Método: Void System.Web.IHttpAsyncHandler.EndProcessRequest(System.IAsyncResult), Línea: 0] - C:\Users\Pc\Desktop\GIT MRV NEW\back-end\Web Dinamico 2\MRVMinem\Views\Gestion\VerMasIniciativaDetalle.cshtml(371): error CS0103: The name 'text' does not exist in the current context
02/11/2020 01:41:21: [Método: Void System.Web.HttpApplication.IExecutionStep.Execute(), Línea: 0] - C:\Users\Pc\Desktop\GIT MRV NEW\back-end\Web Dinamico 2\MRVMinem\Views\Gestion\VerMasIniciativaDetalle.cshtml(371): error CS0103: The name 'text' does not exist in the current context
02/11/2020 01:41:21: [Método: Void ExecuteStepImpl(IExecutionStep), Línea: 0] - C:\Users\Pc\Desktop\GIT MRV NEW\back-end\Web Dinamico 2\MRVMinem\Views\Gestion\VerMasIniciativaDetalle.cshtml(371): error CS0103: The name 'text' does not exist in the current context
02/11/2020 01:41:21: [Método: System.Exception ExecuteStep(IExecutionStep, Boolean ByRef), Línea: 0] - C:\Users\Pc\Desktop\GIT MRV NEW\back-end\Web Dinamico 2\MRVMinem\Views\Gestion\VerMasIniciativaDetalle.cshtml(371): error CS0103: The name 'text' does not exist in the current context
02/11/2020 01:52:51: [Método: Void StringToNumber(System.String, System.Globalization.NumberStyles, NumberBuffer ByRef, System.Globalization.NumberFormatInfo, Boolean), Línea: 0] - La cadena de entrada no tiene el formato correcto.
02/11/2020 01:52:51: [Método: Int64 ParseInt64(System.String, System.Globalization.NumberStyles, System.Globalization.NumberFormatInfo), Línea: 0] - La cadena de entrada no tiene el formato correcto.
02/11/2020 01:52:51: [Método: Int64 Parse(System.String), Línea: 0] - La cadena de entrada no tiene el formato correcto.
02/11/2020 01:52:51: [Método: System.Collections.Generic.List`1[entidad.minem.gob.pe.IndicadorDataBE] validar_campo(OfficeOpenXml.ExcelWorksheet, entidad.minem.gob.pe.ParametroBE, System.Collections.Generic.List`1[entidad.minem.gob.pe.ParametroBE], Int32), Línea: 333] - La cadena de entrada no tiene el formato correcto.
02/11/2020 01:52:51: [Método: System.Web.Mvc.JsonResult ProcesarExcel(System.Web.HttpPostedFileBase, entidad.minem.gob.pe.ParametroBE), Línea: 159] - La cadena de entrada no tiene el formato correcto.
02/11/2020 01:54:58: [Método: Void StringToNumber(System.String, System.Globalization.NumberStyles, NumberBuffer ByRef, System.Globalization.NumberFormatInfo, Boolean), Línea: 0] - La cadena de entrada no tiene el formato correcto.
02/11/2020 01:54:58: [Método: Int64 ParseInt64(System.String, System.Globalization.NumberStyles, System.Globalization.NumberFormatInfo), Línea: 0] - La cadena de entrada no tiene el formato correcto.
02/11/2020 01:54:58: [Método: Int64 Parse(System.String), Línea: 0] - La cadena de entrada no tiene el formato correcto.
02/11/2020 01:54:58: [Método: System.Collections.Generic.List`1[entidad.minem.gob.pe.IndicadorDataBE] validar_campo(OfficeOpenXml.ExcelWorksheet, entidad.minem.gob.pe.ParametroBE, System.Collections.Generic.List`1[entidad.minem.gob.pe.ParametroBE], Int32), Línea: 333] - La cadena de entrada no tiene el formato correcto.
02/11/2020 01:54:58: [Método: System.Web.Mvc.JsonResult ProcesarExcel(System.Web.HttpPostedFileBase, entidad.minem.gob.pe.ParametroBE), Línea: 159] - La cadena de entrada no tiene el formato correcto.
02/11/2020 01:58:12: [Método: System.Object ExtractParameterFromDictionary(System.Reflection.ParameterInfo, System.Collections.Generic.IDictionary`2[System.String,System.Object], System.Reflection.MethodInfo), Línea: 0] - El diccionario de parámetros contiene una entrada NULL para el parámetro 'ini' del tipo que no acepta valores NULL 'System.Int32' del método 'System.Web.Mvc.ActionResult VerMasIniciativaDetalle(Int32)' en 'MRVMinem.Controllers.PortalController'. Un parámetro opcional debe ser un tipo de referencia, un tipo que acepte valores NULL o debe declararse como parámetro opcional.
Nombre del parámetro: parameters
02/11/2020 01:58:12: [Método: System.Object Execute(System.Web.Mvc.ControllerContext, System.Collections.Generic.IDictionary`2[System.String,System.Object]), Línea: 0] - El diccionario de parámetros contiene una entrada NULL para el parámetro 'ini' del tipo que no acepta valores NULL 'System.Int32' del método 'System.Web.Mvc.ActionResult VerMasIniciativaDetalle(Int32)' en 'MRVMinem.Controllers.PortalController'. Un parámetro opcional debe ser un tipo de referencia, un tipo que acepte valores NULL o debe declararse como parámetro opcional.
Nombre del parámetro: parameters
02/11/2020 01:58:12: [Método: System.Web.Mvc.ActionResult InvokeActionMethod(System.Web.Mvc.ControllerContext, System.Web.Mvc.ActionDescriptor, System.Collections.Generic.IDictionary`2[System.String,System.Object]), Línea: 0] - El diccionario de parámetros contiene una entrada NULL para el parámetro 'ini' del tipo que no acepta valores NULL 'System.Int32' del método 'System.Web.Mvc.ActionResult VerMasIniciativaDetalle(Int32)' en 'MRVMinem.Controllers.PortalController'. Un parámetro opcional debe ser un tipo de referencia, un tipo que acepte valores NULL o debe declararse como parámetro opcional.
Nombre del parámetro: parameters
02/11/2020 01:58:12: [Método: System.Web.Mvc.ActionResult <BeginInvokeSynchronousActionMethod>b__39(System.IAsyncResult, ActionInvocation), Línea: 0] - El diccionario de parámetros contiene una entrada NULL para el parámetro 'ini' del tipo que no acepta valores NULL 'System.Int32' del método 'System.Web.Mvc.ActionResult VerMasIniciativaDetalle(Int32)' en 'MRVMinem.Controllers.PortalController'. Un parámetro opcional debe ser un tipo de referencia, un tipo que acepte valores NULL o debe declararse como parámetro opcional.
Nombre del parámetro: parameters
02/11/2020 01:58:12: [Método: TResult CallEndDelegate(System.IAsyncResult), Línea: 0] - El diccionario de parámetros contiene una entrada NULL para el parámetro 'ini' del tipo que no acepta valores NULL 'System.Int32' del método 'System.Web.Mvc.ActionResult VerMasIniciativaDetalle(Int32)' en 'MRVMinem.Controllers.PortalController'. Un parámetro opcional debe ser un tipo de referencia, un tipo que acepte valores NULL o debe declararse como parámetro opcional.
Nombre del parámetro: parameters
02/11/2020 01:58:12: [Método: TResult End(), Línea: 0] - El diccionario de parámetros contiene una entrada NULL para el parámetro 'ini' del tipo que no acepta valores NULL 'System.Int32' del método 'System.Web.Mvc.ActionResult VerMasIniciativaDetalle(Int32)' en 'MRVMinem.Controllers.PortalController'. Un parámetro opcional debe ser un tipo de referencia, un tipo que acepte valores NULL o debe declararse como parámetro opcional.
Nombre del parámetro: parameters
02/11/2020 01:58:12: [Método: System.Web.Mvc.ActionResult EndInvokeActionMethod(System.IAsyncResult), Línea: 0] - El diccionario de parámetros contiene una entrada NULL para el parámetro 'ini' del tipo que no acepta valores NULL 'System.Int32' del método 'System.Web.Mvc.ActionResult VerMasIniciativaDetalle(Int32)' en 'MRVMinem.Controllers.PortalController'. Un parámetro opcional debe ser un tipo de referencia, un tipo que acepte valores NULL o debe declararse como parámetro opcional.
Nombre del parámetro: parameters
02/11/2020 01:58:12: [Método: System.Web.Mvc.ActionExecutedContext <InvokeActionMethodFilterAsynchronouslyRecursive>b__3d(), Línea: 0] - El diccionario de parámetros contiene una entrada NULL para el parámetro 'ini' del tipo que no acepta valores NULL 'System.Int32' del método 'System.Web.Mvc.ActionResult VerMasIniciativaDetalle(Int32)' en 'MRVMinem.Controllers.PortalController'. Un parámetro opcional debe ser un tipo de referencia, un tipo que acepte valores NULL o debe declararse como parámetro opcional.
Nombre del parámetro: parameters
02/11/2020 01:58:12: [Método: System.Web.Mvc.ActionExecutedContext <InvokeActionMethodFilterAsynchronouslyRecursive>b__3f(), Línea: 0] - El diccionario de parámetros contiene una entrada NULL para el parámetro 'ini' del tipo que no acepta valores NULL 'System.Int32' del método 'System.Web.Mvc.ActionResult VerMasIniciativaDetalle(Int32)' en 'MRVMinem.Controllers.PortalController'. Un parámetro opcional debe ser un tipo de referencia, un tipo que acepte valores NULL o debe declararse como parámetro opcional.
Nombre del parámetro: parameters
02/11/2020 01:58:12: [Método: System.Web.Mvc.ActionExecutedContext <BeginInvokeActionMethodWithFilters>b__32(System.IAsyncResult), Línea: 0] - El diccionario de parámetros contiene una entrada NULL para el parámetro 'ini' del tipo que no acepta valores NULL 'System.Int32' del método 'System.Web.Mvc.ActionResult VerMasIniciativaDetalle(Int32)' en 'MRVMinem.Controllers.PortalController'. Un parámetro opcional debe ser un tipo de referencia, un tipo que acepte valores NULL o debe declararse como parámetro opcional.
Nombre del parámetro: parameters
02/11/2020 01:58:12: [Método: TResult CallEndDelegate(System.IAsyncResult), Línea: 0] - El diccionario de parámetros contiene una entrada NULL para el parámetro 'ini' del tipo que no acepta valores NULL 'System.Int32' del método 'System.Web.Mvc.ActionResult VerMasIniciativaDetalle(Int32)' en 'MRVMinem.Controllers.PortalController'. Un parámetro opcional debe ser un tipo de referencia, un tipo que acepte valores NULL o debe declararse como parámetro opcional.
Nombre del parámetro: parameters
02/11/2020 01:58:12: [Método: TResult End(), Línea: 0] - El diccionario de parámetros contiene una entrada NULL para el parámetro 'ini' del tipo que no acepta valores NULL 'System.Int32' del método 'System.Web.Mvc.ActionResult VerMasIniciativaDetalle(Int32)' en 'MRVMinem.Controllers.PortalController'. Un parámetro opcional debe ser un tipo de referencia, un tipo que acepte valores NULL o debe declararse como parámetro opcional.
Nombre del parámetro: parameters
02/11/2020 01:58:12: [Método: System.Web.Mvc.ActionExecutedContext EndInvokeActionMethodWithFilters(System.IAsyncResult), Línea: 0] - El diccionario de parámetros contiene una entrada NULL para el parámetro 'ini' del tipo que no acepta valores NULL 'System.Int32' del método 'System.Web.Mvc.ActionResult VerMasIniciativaDetalle(Int32)' en 'MRVMinem.Controllers.PortalController'. Un parámetro opcional debe ser un tipo de referencia, un tipo que acepte valores NULL o debe declararse como parámetro opcional.
Nombre del parámetro: parameters
02/11/2020 01:58:12: [Método: Void <BeginInvokeAction>b__1c(), Línea: 0] - El diccionario de parámetros contiene una entrada NULL para el parámetro 'ini' del tipo que no acepta valores NULL 'System.Int32' del método 'System.Web.Mvc.ActionResult VerMasIniciativaDetalle(Int32)' en 'MRVMinem.Controllers.PortalController'. Un parámetro opcional debe ser un tipo de referencia, un tipo que acepte valores NULL o debe declararse como parámetro opcional.
Nombre del parámetro: parameters
02/11/2020 01:58:12: [Método: Boolean <BeginInvokeAction>b__1e(System.IAsyncResult), Línea: 0] - El diccionario de parámetros contiene una entrada NULL para el parámetro 'ini' del tipo que no acepta valores NULL 'System.Int32' del método 'System.Web.Mvc.ActionResult VerMasIniciativaDetalle(Int32)' en 'MRVMinem.Controllers.PortalController'. Un parámetro opcional debe ser un tipo de referencia, un tipo que acepte valores NULL o debe declararse como parámetro opcional.
Nombre del parámetro: parameters
02/11/2020 01:58:12: [Método: TResult CallEndDelegate(System.IAsyncResult), Línea: 0] - El diccionario de parámetros contiene una entrada NULL para el parámetro 'ini' del tipo que no acepta valores NULL 'System.Int32' del método 'System.Web.Mvc.ActionResult VerMasIniciativaDetalle(Int32)' en 'MRVMinem.Controllers.PortalController'. Un parámetro opcional debe ser un tipo de referencia, un tipo que acepte valores NULL o debe declararse como parámetro opcional.
Nombre del parámetro: parameters
02/11/2020 01:58:12: [Método: TResult End(), Línea: 0] - El diccionario de parámetros contiene una entrada NULL para el parámetro 'ini' del tipo que no acepta valores NULL 'System.Int32' del método 'System.Web.Mvc.ActionResult VerMasIniciativaDetalle(Int32)' en 'MRVMinem.Controllers.PortalController'. Un parámetro opcional debe ser un tipo de referencia, un tipo que acepte valores NULL o debe declararse como parámetro opcional.
Nombre del parámetro: parameters
02/11/2020 01:58:12: [Método: Boolean EndInvokeAction(System.IAsyncResult), Línea: 0] - El diccionario de parámetros contiene una entrada NULL para el parámetro 'ini' del tipo que no acepta valores NULL 'System.Int32' del método 'System.Web.Mvc.ActionResult VerMasIniciativaDetalle(Int32)' en 'MRVMinem.Controllers.PortalController'. Un parámetro opcional debe ser un tipo de referencia, un tipo que acepte valores NULL o debe declararse como parámetro opcional.
Nombre del parámetro: parameters
02/11/2020 01:58:12: [Método: Void <BeginExecuteCore>b__1d(System.IAsyncResult, ExecuteCoreState), Línea: 0] - El diccionario de parámetros contiene una entrada NULL para el parámetro 'ini' del tipo que no acepta valores NULL 'System.Int32' del método 'System.Web.Mvc.ActionResult VerMasIniciativaDetalle(Int32)' en 'MRVMinem.Controllers.PortalController'. Un parámetro opcional debe ser un tipo de referencia, un tipo que acepte valores NULL o debe declararse como parámetro opcional.
Nombre del parámetro: parameters
02/11/2020 01:58:12: [Método: System.Web.Mvc.Async.AsyncVoid CallEndDelegate(System.IAsyncResult), Línea: 0] - El diccionario de parámetros contiene una entrada NULL para el parámetro 'ini' del tipo que no acepta valores NULL 'System.Int32' del método 'System.Web.Mvc.ActionResult VerMasIniciativaDetalle(Int32)' en 'MRVMinem.Controllers.PortalController'. Un parámetro opcional debe ser un tipo de referencia, un tipo que acepte valores NULL o debe declararse como parámetro opcional.
Nombre del parámetro: parameters
02/11/2020 01:58:12: [Método: TResult End(), Línea: 0] - El diccionario de parámetros contiene una entrada NULL para el parámetro 'ini' del tipo que no acepta valores NULL 'System.Int32' del método 'System.Web.Mvc.ActionResult VerMasIniciativaDetalle(Int32)' en 'MRVMinem.Controllers.PortalController'. Un parámetro opcional debe ser un tipo de referencia, un tipo que acepte valores NULL o debe declararse como parámetro opcional.
Nombre del parámetro: parameters
02/11/2020 01:58:12: [Método: Void EndExecuteCore(System.IAsyncResult), Línea: 0] - El diccionario de parámetros contiene una entrada NULL para el parámetro 'ini' del tipo que no acepta valores NULL 'System.Int32' del método 'System.Web.Mvc.ActionResult VerMasIniciativaDetalle(Int32)' en 'MRVMinem.Controllers.PortalController'. Un parámetro opcional debe ser un tipo de referencia, un tipo que acepte valores NULL o debe declararse como parámetro opcional.
Nombre del parámetro: parameters
02/11/2020 01:58:12: [Método: Void <BeginExecute>b__15(System.IAsyncResult, System.Web.Mvc.Controller), Línea: 0] - El diccionario de parámetros contiene una entrada NULL para el parámetro 'ini' del tipo que no acepta valores NULL 'System.Int32' del método 'System.Web.Mvc.ActionResult VerMasIniciativaDetalle(Int32)' en 'MRVMinem.Controllers.PortalController'. Un parámetro opcional debe ser un tipo de referencia, un tipo que acepte valores NULL o debe declararse como parámetro opcional.
Nombre del parámetro: parameters
02/11/2020 01:58:12: [Método: System.Web.Mvc.Async.AsyncVoid CallEndDelegate(System.IAsyncResult), Línea: 0] - El diccionario de parámetros contiene una entrada NULL para el parámetro 'ini' del tipo que no acepta valores NULL 'System.Int32' del método 'System.Web.Mvc.ActionResult VerMasIniciativaDetalle(Int32)' en 'MRVMinem.Controllers.PortalController'. Un parámetro opcional debe ser un tipo de referencia, un tipo que acepte valores NULL o debe declararse como parámetro opcional.
Nombre del parámetro: parameters
02/11/2020 01:58:12: [Método: TResult End(), Línea: 0] - El diccionario de parámetros contiene una entrada NULL para el parámetro 'ini' del tipo que no acepta valores NULL 'System.Int32' del método 'System.Web.Mvc.ActionResult VerMasIniciativaDetalle(Int32)' en 'MRVMinem.Controllers.PortalController'. Un parámetro opcional debe ser un tipo de referencia, un tipo que acepte valores NULL o debe declararse como parámetro opcional.
Nombre del parámetro: parameters
02/11/2020 01:58:12: [Método: Void EndExecute(System.IAsyncResult), Línea: 0] - El diccionario de parámetros contiene una entrada NULL para el parámetro 'ini' del tipo que no acepta valores NULL 'System.Int32' del método 'System.Web.Mvc.ActionResult VerMasIniciativaDetalle(Int32)' en 'MRVMinem.Controllers.PortalController'. Un parámetro opcional debe ser un tipo de referencia, un tipo que acepte valores NULL o debe declararse como parámetro opcional.
Nombre del parámetro: parameters
02/11/2020 01:58:12: [Método: Void System.Web.Mvc.Async.IAsyncController.EndExecute(System.IAsyncResult), Línea: 0] - El diccionario de parámetros contiene una entrada NULL para el parámetro 'ini' del tipo que no acepta valores NULL 'System.Int32' del método 'System.Web.Mvc.ActionResult VerMasIniciativaDetalle(Int32)' en 'MRVMinem.Controllers.PortalController'. Un parámetro opcional debe ser un tipo de referencia, un tipo que acepte valores NULL o debe declararse como parámetro opcional.
Nombre del parámetro: parameters
02/11/2020 01:58:12: [Método: Void <BeginProcessRequest>b__5(System.IAsyncResult, ProcessRequestState), Línea: 0] - El diccionario de parámetros contiene una entrada NULL para el parámetro 'ini' del tipo que no acepta valores NULL 'System.Int32' del método 'System.Web.Mvc.ActionResult VerMasIniciativaDetalle(Int32)' en 'MRVMinem.Controllers.PortalController'. Un parámetro opcional debe ser un tipo de referencia, un tipo que acepte valores NULL o debe declararse como parámetro opcional.
Nombre del parámetro: parameters
02/11/2020 01:58:12: [Método: System.Web.Mvc.Async.AsyncVoid CallEndDelegate(System.IAsyncResult), Línea: 0] - El diccionario de parámetros contiene una entrada NULL para el parámetro 'ini' del tipo que no acepta valores NULL 'System.Int32' del método 'System.Web.Mvc.ActionResult VerMasIniciativaDetalle(Int32)' en 'MRVMinem.Controllers.PortalController'. Un parámetro opcional debe ser un tipo de referencia, un tipo que acepte valores NULL o debe declararse como parámetro opcional.
Nombre del parámetro: parameters
02/11/2020 01:58:12: [Método: TResult End(), Línea: 0] - El diccionario de parámetros contiene una entrada NULL para el parámetro 'ini' del tipo que no acepta valores NULL 'System.Int32' del método 'System.Web.Mvc.ActionResult VerMasIniciativaDetalle(Int32)' en 'MRVMinem.Controllers.PortalController'. Un parámetro opcional debe ser un tipo de referencia, un tipo que acepte valores NULL o debe declararse como parámetro opcional.
Nombre del parámetro: parameters
02/11/2020 01:58:12: [Método: Void EndProcessRequest(System.IAsyncResult), Línea: 0] - El diccionario de parámetros contiene una entrada NULL para el parámetro 'ini' del tipo que no acepta valores NULL 'System.Int32' del método 'System.Web.Mvc.ActionResult VerMasIniciativaDetalle(Int32)' en 'MRVMinem.Controllers.PortalController'. Un parámetro opcional debe ser un tipo de referencia, un tipo que acepte valores NULL o debe declararse como parámetro opcional.
Nombre del parámetro: parameters
02/11/2020 01:58:12: [Método: Void System.Web.IHttpAsyncHandler.EndProcessRequest(System.IAsyncResult), Línea: 0] - El diccionario de parámetros contiene una entrada NULL para el parámetro 'ini' del tipo que no acepta valores NULL 'System.Int32' del método 'System.Web.Mvc.ActionResult VerMasIniciativaDetalle(Int32)' en 'MRVMinem.Controllers.PortalController'. Un parámetro opcional debe ser un tipo de referencia, un tipo que acepte valores NULL o debe declararse como parámetro opcional.
Nombre del parámetro: parameters
02/11/2020 01:58:12: [Método: Void System.Web.HttpApplication.IExecutionStep.Execute(), Línea: 0] - El diccionario de parámetros contiene una entrada NULL para el parámetro 'ini' del tipo que no acepta valores NULL 'System.Int32' del método 'System.Web.Mvc.ActionResult VerMasIniciativaDetalle(Int32)' en 'MRVMinem.Controllers.PortalController'. Un parámetro opcional debe ser un tipo de referencia, un tipo que acepte valores NULL o debe declararse como parámetro opcional.
Nombre del parámetro: parameters
02/11/2020 01:58:12: [Método: Void ExecuteStepImpl(IExecutionStep), Línea: 0] - El diccionario de parámetros contiene una entrada NULL para el parámetro 'ini' del tipo que no acepta valores NULL 'System.Int32' del método 'System.Web.Mvc.ActionResult VerMasIniciativaDetalle(Int32)' en 'MRVMinem.Controllers.PortalController'. Un parámetro opcional debe ser un tipo de referencia, un tipo que acepte valores NULL o debe declararse como parámetro opcional.
Nombre del parámetro: parameters
02/11/2020 01:58:12: [Método: System.Exception ExecuteStep(IExecutionStep, Boolean ByRef), Línea: 0] - El diccionario de parámetros contiene una entrada NULL para el parámetro 'ini' del tipo que no acepta valores NULL 'System.Int32' del método 'System.Web.Mvc.ActionResult VerMasIniciativaDetalle(Int32)' en 'MRVMinem.Controllers.PortalController'. Un parámetro opcional debe ser un tipo de referencia, un tipo que acepte valores NULL o debe declararse como parámetro opcional.
Nombre del parámetro: parameters
02/11/2020 02:01:03: [Método: Void StringToNumber(System.String, System.Globalization.NumberStyles, NumberBuffer ByRef, System.Globalization.NumberFormatInfo, Boolean), Línea: 0] - La cadena de entrada no tiene el formato correcto.
02/11/2020 02:01:03: [Método: Int64 ParseInt64(System.String, System.Globalization.NumberStyles, System.Globalization.NumberFormatInfo), Línea: 0] - La cadena de entrada no tiene el formato correcto.
02/11/2020 02:01:03: [Método: Int64 Parse(System.String), Línea: 0] - La cadena de entrada no tiene el formato correcto.
02/11/2020 02:01:03: [Método: System.Collections.Generic.List`1[entidad.minem.gob.pe.IndicadorDataBE] validar_campo(OfficeOpenXml.ExcelWorksheet, entidad.minem.gob.pe.ParametroBE, System.Collections.Generic.List`1[entidad.minem.gob.pe.ParametroBE], Int32), Línea: 333] - La cadena de entrada no tiene el formato correcto.
02/11/2020 02:01:03: [Método: System.Web.Mvc.JsonResult ProcesarExcel(System.Web.HttpPostedFileBase, entidad.minem.gob.pe.ParametroBE), Línea: 159] - La cadena de entrada no tiene el formato correcto.
02/11/2020 02:11:58: [Método: Void StringToNumber(System.String, System.Globalization.NumberStyles, NumberBuffer ByRef, System.Globalization.NumberFormatInfo, Boolean), Línea: 0] - La cadena de entrada no tiene el formato correcto.
02/11/2020 02:11:58: [Método: Int64 ParseInt64(System.String, System.Globalization.NumberStyles, System.Globalization.NumberFormatInfo), Línea: 0] - La cadena de entrada no tiene el formato correcto.
02/11/2020 02:11:58: [Método: Int64 Parse(System.String), Línea: 0] - La cadena de entrada no tiene el formato correcto.
02/11/2020 02:11:58: [Método: System.Collections.Generic.List`1[entidad.minem.gob.pe.IndicadorDataBE] validar_campo(OfficeOpenXml.ExcelWorksheet, entidad.minem.gob.pe.ParametroBE, System.Collections.Generic.List`1[entidad.minem.gob.pe.ParametroBE], Int32), Línea: 333] - La cadena de entrada no tiene el formato correcto.
02/11/2020 02:11:58: [Método: System.Web.Mvc.JsonResult ProcesarExcel(System.Web.HttpPostedFileBase, entidad.minem.gob.pe.ParametroBE), Línea: 159] - La cadena de entrada no tiene el formato correcto.
02/11/2020 15:18:41: [Método: System.Object ExtractParameterFromDictionary(System.Reflection.ParameterInfo, System.Collections.Generic.IDictionary`2[System.String,System.Object], System.Reflection.MethodInfo), Línea: 0] - El diccionario de parámetros contiene una entrada NULL para el parámetro 'id' del tipo que no acepta valores NULL 'System.Int32' del método 'System.Web.Mvc.ActionResult RevisarDetalleIndicador(Int32, Int32)' en 'MRVMinem.Controllers.GestionController'. Un parámetro opcional debe ser un tipo de referencia, un tipo que acepte valores NULL o debe declararse como parámetro opcional.
Nombre del parámetro: parameters
02/11/2020 15:18:41: [Método: System.Object Execute(System.Web.Mvc.ControllerContext, System.Collections.Generic.IDictionary`2[System.String,System.Object]), Línea: 0] - El diccionario de parámetros contiene una entrada NULL para el parámetro 'id' del tipo que no acepta valores NULL 'System.Int32' del método 'System.Web.Mvc.ActionResult RevisarDetalleIndicador(Int32, Int32)' en 'MRVMinem.Controllers.GestionController'. Un parámetro opcional debe ser un tipo de referencia, un tipo que acepte valores NULL o debe declararse como parámetro opcional.
Nombre del parámetro: parameters
02/11/2020 15:18:41: [Método: System.Web.Mvc.ActionResult InvokeActionMethod(System.Web.Mvc.ControllerContext, System.Web.Mvc.ActionDescriptor, System.Collections.Generic.IDictionary`2[System.String,System.Object]), Línea: 0] - El diccionario de parámetros contiene una entrada NULL para el parámetro 'id' del tipo que no acepta valores NULL 'System.Int32' del método 'System.Web.Mvc.ActionResult RevisarDetalleIndicador(Int32, Int32)' en 'MRVMinem.Controllers.GestionController'. Un parámetro opcional debe ser un tipo de referencia, un tipo que acepte valores NULL o debe declararse como parámetro opcional.
Nombre del parámetro: parameters
02/11/2020 15:18:41: [Método: System.Web.Mvc.ActionResult <BeginInvokeSynchronousActionMethod>b__39(System.IAsyncResult, ActionInvocation), Línea: 0] - El diccionario de parámetros contiene una entrada NULL para el parámetro 'id' del tipo que no acepta valores NULL 'System.Int32' del método 'System.Web.Mvc.ActionResult RevisarDetalleIndicador(Int32, Int32)' en 'MRVMinem.Controllers.GestionController'. Un parámetro opcional debe ser un tipo de referencia, un tipo que acepte valores NULL o debe declararse como parámetro opcional.
Nombre del parámetro: parameters
02/11/2020 15:18:41: [Método: TResult CallEndDelegate(System.IAsyncResult), Línea: 0] - El diccionario de parámetros contiene una entrada NULL para el parámetro 'id' del tipo que no acepta valores NULL 'System.Int32' del método 'System.Web.Mvc.ActionResult RevisarDetalleIndicador(Int32, Int32)' en 'MRVMinem.Controllers.GestionController'. Un parámetro opcional debe ser un tipo de referencia, un tipo que acepte valores NULL o debe declararse como parámetro opcional.
Nombre del parámetro: parameters
02/11/2020 15:18:41: [Método: TResult End(), Línea: 0] - El diccionario de parámetros contiene una entrada NULL para el parámetro 'id' del tipo que no acepta valores NULL 'System.Int32' del método 'System.Web.Mvc.ActionResult RevisarDetalleIndicador(Int32, Int32)' en 'MRVMinem.Controllers.GestionController'. Un parámetro opcional debe ser un tipo de referencia, un tipo que acepte valores NULL o debe declararse como parámetro opcional.
Nombre del parámetro: parameters
02/11/2020 15:18:41: [Método: System.Web.Mvc.ActionResult EndInvokeActionMethod(System.IAsyncResult), Línea: 0] - El diccionario de parámetros contiene una entrada NULL para el parámetro 'id' del tipo que no acepta valores NULL 'System.Int32' del método 'System.Web.Mvc.ActionResult RevisarDetalleIndicador(Int32, Int32)' en 'MRVMinem.Controllers.GestionController'. Un parámetro opcional debe ser un tipo de referencia, un tipo que acepte valores NULL o debe declararse como parámetro opcional.
Nombre del parámetro: parameters
02/11/2020 15:18:41: [Método: System.Web.Mvc.ActionExecutedContext <InvokeActionMethodFilterAsynchronouslyRecursive>b__3d(), Línea: 0] - El diccionario de parámetros contiene una entrada NULL para el parámetro 'id' del tipo que no acepta valores NULL 'System.Int32' del método 'System.Web.Mvc.ActionResult RevisarDetalleIndicador(Int32, Int32)' en 'MRVMinem.Controllers.GestionController'. Un parámetro opcional debe ser un tipo de referencia, un tipo que acepte valores NULL o debe declararse como parámetro opcional.
Nombre del parámetro: parameters
02/11/2020 15:18:41: [Método: System.Web.Mvc.ActionExecutedContext <InvokeActionMethodFilterAsynchronouslyRecursive>b__3f(), Línea: 0] - El diccionario de parámetros contiene una entrada NULL para el parámetro 'id' del tipo que no acepta valores NULL 'System.Int32' del método 'System.Web.Mvc.ActionResult RevisarDetalleIndicador(Int32, Int32)' en 'MRVMinem.Controllers.GestionController'. Un parámetro opcional debe ser un tipo de referencia, un tipo que acepte valores NULL o debe declararse como parámetro opcional.
Nombre del parámetro: parameters
02/11/2020 15:18:41: [Método: System.Web.Mvc.ActionExecutedContext <InvokeActionMethodFilterAsynchronouslyRecursive>b__3f(), Línea: 0] - El diccionario de parámetros contiene una entrada NULL para el parámetro 'id' del tipo que no acepta valores NULL 'System.Int32' del método 'System.Web.Mvc.ActionResult RevisarDetalleIndicador(Int32, Int32)' en 'MRVMinem.Controllers.GestionController'. Un parámetro opcional debe ser un tipo de referencia, un tipo que acepte valores NULL o debe declararse como parámetro opcional.
Nombre del parámetro: parameters
02/11/2020 15:18:41: [Método: System.Web.Mvc.ActionExecutedContext <BeginInvokeActionMethodWithFilters>b__32(System.IAsyncResult), Línea: 0] - El diccionario de parámetros contiene una entrada NULL para el parámetro 'id' del tipo que no acepta valores NULL 'System.Int32' del método 'System.Web.Mvc.ActionResult RevisarDetalleIndicador(Int32, Int32)' en 'MRVMinem.Controllers.GestionController'. Un parámetro opcional debe ser un tipo de referencia, un tipo que acepte valores NULL o debe declararse como parámetro opcional.
Nombre del parámetro: parameters
02/11/2020 15:18:41: [Método: TResult CallEndDelegate(System.IAsyncResult), Línea: 0] - El diccionario de parámetros contiene una entrada NULL para el parámetro 'id' del tipo que no acepta valores NULL 'System.Int32' del método 'System.Web.Mvc.ActionResult RevisarDetalleIndicador(Int32, Int32)' en 'MRVMinem.Controllers.GestionController'. Un parámetro opcional debe ser un tipo de referencia, un tipo que acepte valores NULL o debe declararse como parámetro opcional.
Nombre del parámetro: parameters
02/11/2020 15:18:41: [Método: TResult End(), Línea: 0] - El diccionario de parámetros contiene una entrada NULL para el parámetro 'id' del tipo que no acepta valores NULL 'System.Int32' del método 'System.Web.Mvc.ActionResult RevisarDetalleIndicador(Int32, Int32)' en 'MRVMinem.Controllers.GestionController'. Un parámetro opcional debe ser un tipo de referencia, un tipo que acepte valores NULL o debe declararse como parámetro opcional.
Nombre del parámetro: parameters
02/11/2020 15:18:41: [Método: System.Web.Mvc.ActionExecutedContext EndInvokeActionMethodWithFilters(System.IAsyncResult), Línea: 0] - El diccionario de parámetros contiene una entrada NULL para el parámetro 'id' del tipo que no acepta valores NULL 'System.Int32' del método 'System.Web.Mvc.ActionResult RevisarDetalleIndicador(Int32, Int32)' en 'MRVMinem.Controllers.GestionController'. Un parámetro opcional debe ser un tipo de referencia, un tipo que acepte valores NULL o debe declararse como parámetro opcional.
Nombre del parámetro: parameters
02/11/2020 15:18:41: [Método: Void <BeginInvokeAction>b__1c(), Línea: 0] - El diccionario de parámetros contiene una entrada NULL para el parámetro 'id' del tipo que no acepta valores NULL 'System.Int32' del método 'System.Web.Mvc.ActionResult RevisarDetalleIndicador(Int32, Int32)' en 'MRVMinem.Controllers.GestionController'. Un parámetro opcional debe ser un tipo de referencia, un tipo que acepte valores NULL o debe declararse como parámetro opcional.
Nombre del parámetro: parameters
02/11/2020 15:18:41: [Método: Boolean <BeginInvokeAction>b__1e(System.IAsyncResult), Línea: 0] - El diccionario de parámetros contiene una entrada NULL para el parámetro 'id' del tipo que no acepta valores NULL 'System.Int32' del método 'System.Web.Mvc.ActionResult RevisarDetalleIndicador(Int32, Int32)' en 'MRVMinem.Controllers.GestionController'. Un parámetro opcional debe ser un tipo de referencia, un tipo que acepte valores NULL o debe declararse como parámetro opcional.
Nombre del parámetro: parameters
02/11/2020 15:18:41: [Método: TResult CallEndDelegate(System.IAsyncResult), Línea: 0] - El diccionario de parámetros contiene una entrada NULL para el parámetro 'id' del tipo que no acepta valores NULL 'System.Int32' del método 'System.Web.Mvc.ActionResult RevisarDetalleIndicador(Int32, Int32)' en 'MRVMinem.Controllers.GestionController'. Un parámetro opcional debe ser un tipo de referencia, un tipo que acepte valores NULL o debe declararse como parámetro opcional.
Nombre del parámetro: parameters
02/11/2020 15:18:41: [Método: TResult End(), Línea: 0] - El diccionario de parámetros contiene una entrada NULL para el parámetro 'id' del tipo que no acepta valores NULL 'System.Int32' del método 'System.Web.Mvc.ActionResult RevisarDetalleIndicador(Int32, Int32)' en 'MRVMinem.Controllers.GestionController'. Un parámetro opcional debe ser un tipo de referencia, un tipo que acepte valores NULL o debe declararse como parámetro opcional.
Nombre del parámetro: parameters
02/11/2020 15:18:41: [Método: Boolean EndInvokeAction(System.IAsyncResult), Línea: 0] - El diccionario de parámetros contiene una entrada NULL para el parámetro 'id' del tipo que no acepta valores NULL 'System.Int32' del método 'System.Web.Mvc.ActionResult RevisarDetalleIndicador(Int32, Int32)' en 'MRVMinem.Controllers.GestionController'. Un parámetro opcional debe ser un tipo de referencia, un tipo que acepte valores NULL o debe declararse como parámetro opcional.
Nombre del parámetro: parameters
02/11/2020 15:18:41: [Método: Void <BeginExecuteCore>b__1d(System.IAsyncResult, ExecuteCoreState), Línea: 0] - El diccionario de parámetros contiene una entrada NULL para el parámetro 'id' del tipo que no acepta valores NULL 'System.Int32' del método 'System.Web.Mvc.ActionResult RevisarDetalleIndicador(Int32, Int32)' en 'MRVMinem.Controllers.GestionController'. Un parámetro opcional debe ser un tipo de referencia, un tipo que acepte valores NULL o debe declararse como parámetro opcional.
Nombre del parámetro: parameters
02/11/2020 15:18:41: [Método: System.Web.Mvc.Async.AsyncVoid CallEndDelegate(System.IAsyncResult), Línea: 0] - El diccionario de parámetros contiene una entrada NULL para el parámetro 'id' del tipo que no acepta valores NULL 'System.Int32' del método 'System.Web.Mvc.ActionResult RevisarDetalleIndicador(Int32, Int32)' en 'MRVMinem.Controllers.GestionController'. Un parámetro opcional debe ser un tipo de referencia, un tipo que acepte valores NULL o debe declararse como parámetro opcional.
Nombre del parámetro: parameters
02/11/2020 15:18:41: [Método: TResult End(), Línea: 0] - El diccionario de parámetros contiene una entrada NULL para el parámetro 'id' del tipo que no acepta valores NULL 'System.Int32' del método 'System.Web.Mvc.ActionResult RevisarDetalleIndicador(Int32, Int32)' en 'MRVMinem.Controllers.GestionController'. Un parámetro opcional debe ser un tipo de referencia, un tipo que acepte valores NULL o debe declararse como parámetro opcional.
Nombre del parámetro: parameters
02/11/2020 15:18:41: [Método: Void EndExecuteCore(System.IAsyncResult), Línea: 0] - El diccionario de parámetros contiene una entrada NULL para el parámetro 'id' del tipo que no acepta valores NULL 'System.Int32' del método 'System.Web.Mvc.ActionResult RevisarDetalleIndicador(Int32, Int32)' en 'MRVMinem.Controllers.GestionController'. Un parámetro opcional debe ser un tipo de referencia, un tipo que acepte valores NULL o debe declararse como parámetro opcional.
Nombre del parámetro: parameters
02/11/2020 15:18:41: [Método: Void <BeginExecute>b__15(System.IAsyncResult, System.Web.Mvc.Controller), Línea: 0] - El diccionario de parámetros contiene una entrada NULL para el parámetro 'id' del tipo que no acepta valores NULL 'System.Int32' del método 'System.Web.Mvc.ActionResult RevisarDetalleIndicador(Int32, Int32)' en 'MRVMinem.Controllers.GestionController'. Un parámetro opcional debe ser un tipo de referencia, un tipo que acepte valores NULL o debe declararse como parámetro opcional.
Nombre del parámetro: parameters
02/11/2020 15:18:41: [Método: System.Web.Mvc.Async.AsyncVoid CallEndDelegate(System.IAsyncResult), Línea: 0] - El diccionario de parámetros contiene una entrada NULL para el parámetro 'id' del tipo que no acepta valores NULL 'System.Int32' del método 'System.Web.Mvc.ActionResult RevisarDetalleIndicador(Int32, Int32)' en 'MRVMinem.Controllers.GestionController'. Un parámetro opcional debe ser un tipo de referencia, un tipo que acepte valores NULL o debe declararse como parámetro opcional.
Nombre del parámetro: parameters
02/11/2020 15:18:41: [Método: TResult End(), Línea: 0] - El diccionario de parámetros contiene una entrada NULL para el parámetro 'id' del tipo que no acepta valores NULL 'System.Int32' del método 'System.Web.Mvc.ActionResult RevisarDetalleIndicador(Int32, Int32)' en 'MRVMinem.Controllers.GestionController'. Un parámetro opcional debe ser un tipo de referencia, un tipo que acepte valores NULL o debe declararse como parámetro opcional.
Nombre del parámetro: parameters
02/11/2020 15:18:41: [Método: Void EndExecute(System.IAsyncResult), Línea: 0] - El diccionario de parámetros contiene una entrada NULL para el parámetro 'id' del tipo que no acepta valores NULL 'System.Int32' del método 'System.Web.Mvc.ActionResult RevisarDetalleIndicador(Int32, Int32)' en 'MRVMinem.Controllers.GestionController'. Un parámetro opcional debe ser un tipo de referencia, un tipo que acepte valores NULL o debe declararse como parámetro opcional.
Nombre del parámetro: parameters
02/11/2020 15:18:41: [Método: Void System.Web.Mvc.Async.IAsyncController.EndExecute(System.IAsyncResult), Línea: 0] - El diccionario de parámetros contiene una entrada NULL para el parámetro 'id' del tipo que no acepta valores NULL 'System.Int32' del método 'System.Web.Mvc.ActionResult RevisarDetalleIndicador(Int32, Int32)' en 'MRVMinem.Controllers.GestionController'. Un parámetro opcional debe ser un tipo de referencia, un tipo que acepte valores NULL o debe declararse como parámetro opcional.
Nombre del parámetro: parameters
02/11/2020 15:18:41: [Método: Void <BeginProcessRequest>b__5(System.IAsyncResult, ProcessRequestState), Línea: 0] - El diccionario de parámetros contiene una entrada NULL para el parámetro 'id' del tipo que no acepta valores NULL 'System.Int32' del método 'System.Web.Mvc.ActionResult RevisarDetalleIndicador(Int32, Int32)' en 'MRVMinem.Controllers.GestionController'. Un parámetro opcional debe ser un tipo de referencia, un tipo que acepte valores NULL o debe declararse como parámetro opcional.
Nombre del parámetro: parameters
02/11/2020 15:18:41: [Método: System.Web.Mvc.Async.AsyncVoid CallEndDelegate(System.IAsyncResult), Línea: 0] - El diccionario de parámetros contiene una entrada NULL para el parámetro 'id' del tipo que no acepta valores NULL 'System.Int32' del método 'System.Web.Mvc.ActionResult RevisarDetalleIndicador(Int32, Int32)' en 'MRVMinem.Controllers.GestionController'. Un parámetro opcional debe ser un tipo de referencia, un tipo que acepte valores NULL o debe declararse como parámetro opcional.
Nombre del parámetro: parameters
02/11/2020 15:18:41: [Método: TResult End(), Línea: 0] - El diccionario de parámetros contiene una entrada NULL para el parámetro 'id' del tipo que no acepta valores NULL 'System.Int32' del método 'System.Web.Mvc.ActionResult RevisarDetalleIndicador(Int32, Int32)' en 'MRVMinem.Controllers.GestionController'. Un parámetro opcional debe ser un tipo de referencia, un tipo que acepte valores NULL o debe declararse como parámetro opcional.
Nombre del parámetro: parameters
02/11/2020 15:18:41: [Método: Void EndProcessRequest(System.IAsyncResult), Línea: 0] - El diccionario de parámetros contiene una entrada NULL para el parámetro 'id' del tipo que no acepta valores NULL 'System.Int32' del método 'System.Web.Mvc.ActionResult RevisarDetalleIndicador(Int32, Int32)' en 'MRVMinem.Controllers.GestionController'. Un parámetro opcional debe ser un tipo de referencia, un tipo que acepte valores NULL o debe declararse como parámetro opcional.
Nombre del parámetro: parameters
02/11/2020 15:18:41: [Método: Void System.Web.IHttpAsyncHandler.EndProcessRequest(System.IAsyncResult), Línea: 0] - El diccionario de parámetros contiene una entrada NULL para el parámetro 'id' del tipo que no acepta valores NULL 'System.Int32' del método 'System.Web.Mvc.ActionResult RevisarDetalleIndicador(Int32, Int32)' en 'MRVMinem.Controllers.GestionController'. Un parámetro opcional debe ser un tipo de referencia, un tipo que acepte valores NULL o debe declararse como parámetro opcional.
Nombre del parámetro: parameters
02/11/2020 15:18:41: [Método: Void System.Web.HttpApplication.IExecutionStep.Execute(), Línea: 0] - El diccionario de parámetros contiene una entrada NULL para el parámetro 'id' del tipo que no acepta valores NULL 'System.Int32' del método 'System.Web.Mvc.ActionResult RevisarDetalleIndicador(Int32, Int32)' en 'MRVMinem.Controllers.GestionController'. Un parámetro opcional debe ser un tipo de referencia, un tipo que acepte valores NULL o debe declararse como parámetro opcional.
Nombre del parámetro: parameters
02/11/2020 15:18:41: [Método: Void ExecuteStepImpl(IExecutionStep), Línea: 0] - El diccionario de parámetros contiene una entrada NULL para el parámetro 'id' del tipo que no acepta valores NULL 'System.Int32' del método 'System.Web.Mvc.ActionResult RevisarDetalleIndicador(Int32, Int32)' en 'MRVMinem.Controllers.GestionController'. Un parámetro opcional debe ser un tipo de referencia, un tipo que acepte valores NULL o debe declararse como parámetro opcional.
Nombre del parámetro: parameters
02/11/2020 15:18:41: [Método: System.Exception ExecuteStep(IExecutionStep, Boolean ByRef), Línea: 0] - El diccionario de parámetros contiene una entrada NULL para el parámetro 'id' del tipo que no acepta valores NULL 'System.Int32' del método 'System.Web.Mvc.ActionResult RevisarDetalleIndicador(Int32, Int32)' en 'MRVMinem.Controllers.GestionController'. Un parámetro opcional debe ser un tipo de referencia, un tipo que acepte valores NULL o debe declararse como parámetro opcional.
Nombre del parámetro: parameters
