6/10/2020 17:05:06: [Método: Void StringToNumber(System.String, System.Globalization.NumberStyles, NumberBuffer ByRef, System.Globalization.NumberFormatInfo, Boolean), Línea: 0] - La cadena de entrada no tiene el formato correcto.
6/10/2020 17:05:06: [Método: Int32 ParseInt32(System.String, System.Globalization.NumberStyles, System.Globalization.NumberFormatInfo), Línea: 0] - La cadena de entrada no tiene el formato correcto.
6/10/2020 17:05:06: [Método: Int32 ToInt32(System.String), Línea: 0] - La cadena de entrada no tiene el formato correcto.
6/10/2020 17:05:06: [Método: System.Collections.Generic.List`1[entidad.minem.gob.pe.AcumuladoBE] detalleAcumulado(System.Collections.Generic.List`1[entidad.minem.gob.pe.IndicadorDataBE]), Línea: 479] - La cadena de entrada no tiene el formato correcto.
6/10/2020 17:05:06: [Método: Void StringToNumber(System.String, System.Globalization.NumberStyles, NumberBuffer ByRef, System.Globalization.NumberFormatInfo, Boolean), Línea: 0] - La cadena de entrada no tiene el formato correcto.
6/10/2020 17:05:06: [Método: System.Decimal ParseDecimal(System.String, System.Globalization.NumberStyles, System.Globalization.NumberFormatInfo), Línea: 0] - La cadena de entrada no tiene el formato correcto.
6/10/2020 17:05:06: [Método: System.Decimal Parse(System.String), Línea: 0] - La cadena de entrada no tiene el formato correcto.
6/10/2020 17:05:06: [Método: System.String VerificaOperando(System.String, System.Collections.Generic.List`1[entidad.minem.gob.pe.IndicadorDataBE]), Línea: 482] - La cadena de entrada no tiene el formato correcto.
6/10/2020 17:05:06: [Método: System.Collections.Generic.List`1[entidad.minem.gob.pe.IndicadorDataBE] CalculoIndicador(System.Collections.Generic.List`1[entidad.minem.gob.pe.IndicadorDataBE]), Línea: 397] - La cadena de entrada no tiene el formato correcto.
6/10/2020 17:05:06: [Método: System.Web.Mvc.JsonResult ProcesarExcel(System.Web.HttpPostedFileBase, entidad.minem.gob.pe.ParametroBE), Línea: 239] - La cadena de entrada no tiene el formato correcto.
6/10/2020 17:05:22: [Método: Void StringToNumber(System.String, System.Globalization.NumberStyles, NumberBuffer ByRef, System.Globalization.NumberFormatInfo, Boolean), Línea: 0] - La cadena de entrada no tiene el formato correcto.
6/10/2020 17:05:22: [Método: Int32 ParseInt32(System.String, System.Globalization.NumberStyles, System.Globalization.NumberFormatInfo), Línea: 0] - La cadena de entrada no tiene el formato correcto.
6/10/2020 17:05:22: [Método: Int32 ToInt32(System.String), Línea: 0] - La cadena de entrada no tiene el formato correcto.
6/10/2020 17:05:22: [Método: System.Collections.Generic.List`1[entidad.minem.gob.pe.AcumuladoBE] detalleAcumulado(System.Collections.Generic.List`1[entidad.minem.gob.pe.IndicadorDataBE]), Línea: 479] - La cadena de entrada no tiene el formato correcto.
6/10/2020 17:05:22: [Método: Void StringToNumber(System.String, System.Globalization.NumberStyles, NumberBuffer ByRef, System.Globalization.NumberFormatInfo, Boolean), Línea: 0] - La cadena de entrada no tiene el formato correcto.
6/10/2020 17:05:22: [Método: System.Decimal ParseDecimal(System.String, System.Globalization.NumberStyles, System.Globalization.NumberFormatInfo), Línea: 0] - La cadena de entrada no tiene el formato correcto.
6/10/2020 17:05:22: [Método: System.Decimal Parse(System.String), Línea: 0] - La cadena de entrada no tiene el formato correcto.
6/10/2020 17:05:22: [Método: System.String VerificaOperando(System.String, System.Collections.Generic.List`1[entidad.minem.gob.pe.IndicadorDataBE]), Línea: 482] - La cadena de entrada no tiene el formato correcto.
6/10/2020 17:05:22: [Método: System.Collections.Generic.List`1[entidad.minem.gob.pe.IndicadorDataBE] CalculoIndicador(System.Collections.Generic.List`1[entidad.minem.gob.pe.IndicadorDataBE]), Línea: 397] - La cadena de entrada no tiene el formato correcto.
6/10/2020 17:05:22: [Método: System.Web.Mvc.JsonResult ProcesarExcel(System.Web.HttpPostedFileBase, entidad.minem.gob.pe.ParametroBE), Línea: 239] - La cadena de entrada no tiene el formato correcto.
6/10/2020 17:06:22: [Método: Void StringToNumber(System.String, System.Globalization.NumberStyles, NumberBuffer ByRef, System.Globalization.NumberFormatInfo, Boolean), Línea: 0] - La cadena de entrada no tiene el formato correcto.
6/10/2020 17:06:22: [Método: Int32 ParseInt32(System.String, System.Globalization.NumberStyles, System.Globalization.NumberFormatInfo), Línea: 0] - La cadena de entrada no tiene el formato correcto.
6/10/2020 17:06:22: [Método: Int32 ToInt32(System.String), Línea: 0] - La cadena de entrada no tiene el formato correcto.
6/10/2020 17:06:22: [Método: System.Collections.Generic.List`1[entidad.minem.gob.pe.AcumuladoBE] detalleAcumulado(System.Collections.Generic.List`1[entidad.minem.gob.pe.IndicadorDataBE]), Línea: 479] - La cadena de entrada no tiene el formato correcto.
6/10/2020 17:06:23: [Método: Void StringToNumber(System.String, System.Globalization.NumberStyles, NumberBuffer ByRef, System.Globalization.NumberFormatInfo, Boolean), Línea: 0] - La cadena de entrada no tiene el formato correcto.
6/10/2020 17:06:23: [Método: System.Decimal ParseDecimal(System.String, System.Globalization.NumberStyles, System.Globalization.NumberFormatInfo), Línea: 0] - La cadena de entrada no tiene el formato correcto.
6/10/2020 17:06:23: [Método: System.Decimal Parse(System.String), Línea: 0] - La cadena de entrada no tiene el formato correcto.
6/10/2020 17:06:23: [Método: System.String VerificaOperando(System.String, System.Collections.Generic.List`1[entidad.minem.gob.pe.IndicadorDataBE]), Línea: 482] - La cadena de entrada no tiene el formato correcto.
6/10/2020 17:06:23: [Método: System.Collections.Generic.List`1[entidad.minem.gob.pe.IndicadorDataBE] CalculoIndicador(System.Collections.Generic.List`1[entidad.minem.gob.pe.IndicadorDataBE]), Línea: 397] - La cadena de entrada no tiene el formato correcto.
6/10/2020 17:06:23: [Método: System.Web.Mvc.JsonResult ProcesarExcel(System.Web.HttpPostedFileBase, entidad.minem.gob.pe.ParametroBE), Línea: 239] - La cadena de entrada no tiene el formato correcto.
6/10/2020 17:08:53: [Método: System.Web.Mvc.JsonResult ProcesarExcel(System.Web.HttpPostedFileBase, entidad.minem.gob.pe.ParametroBE), Línea: 153] - Referencia a objeto no establecida como instancia de un objeto.
6/10/2020 20:39:01: [Método: System.Web.Mvc.JsonResult ProcesarExcel(System.Web.HttpPostedFileBase, entidad.minem.gob.pe.ParametroBE), Línea: 153] - Referencia a objeto no establecida como instancia de un objeto.
