29/04/2020 21:54:10: [Método: System.Object ExtractParameterFromDictionary(System.Reflection.ParameterInfo, System.Collections.Generic.IDictionary`2[System.String,System.Object], System.Reflection.MethodInfo), Línea: 0] - El diccionario de parámetros contiene una entrada NULL para el parámetro 'id' del tipo que no acepta valores NULL 'System.Int32' del método 'System.Web.Mvc.ActionResult DetalleIndicadorMasivo(Int32, Int32)' en 'MRVMinem.Controllers.DetalleController'. Un parámetro opcional debe ser un tipo de referencia, un tipo que acepte valores NULL o debe declararse como parámetro opcional.
Nombre del parámetro: parameters
29/04/2020 21:54:10: [Método: System.Object Execute(System.Web.Mvc.ControllerContext, System.Collections.Generic.IDictionary`2[System.String,System.Object]), Línea: 0] - El diccionario de parámetros contiene una entrada NULL para el parámetro 'id' del tipo que no acepta valores NULL 'System.Int32' del método 'System.Web.Mvc.ActionResult DetalleIndicadorMasivo(Int32, Int32)' en 'MRVMinem.Controllers.DetalleController'. Un parámetro opcional debe ser un tipo de referencia, un tipo que acepte valores NULL o debe declararse como parámetro opcional.
Nombre del parámetro: parameters
29/04/2020 21:54:10: [Método: System.Web.Mvc.ActionResult InvokeActionMethod(System.Web.Mvc.ControllerContext, System.Web.Mvc.ActionDescriptor, System.Collections.Generic.IDictionary`2[System.String,System.Object]), Línea: 0] - El diccionario de parámetros contiene una entrada NULL para el parámetro 'id' del tipo que no acepta valores NULL 'System.Int32' del método 'System.Web.Mvc.ActionResult DetalleIndicadorMasivo(Int32, Int32)' en 'MRVMinem.Controllers.DetalleController'. Un parámetro opcional debe ser un tipo de referencia, un tipo que acepte valores NULL o debe declararse como parámetro opcional.
Nombre del parámetro: parameters
29/04/2020 21:54:10: [Método: System.Web.Mvc.ActionResult <BeginInvokeSynchronousActionMethod>b__39(System.IAsyncResult, ActionInvocation), Línea: 0] - El diccionario de parámetros contiene una entrada NULL para el parámetro 'id' del tipo que no acepta valores NULL 'System.Int32' del método 'System.Web.Mvc.ActionResult DetalleIndicadorMasivo(Int32, Int32)' en 'MRVMinem.Controllers.DetalleController'. Un parámetro opcional debe ser un tipo de referencia, un tipo que acepte valores NULL o debe declararse como parámetro opcional.
Nombre del parámetro: parameters
29/04/2020 21:54:10: [Método: TResult CallEndDelegate(System.IAsyncResult), Línea: 0] - El diccionario de parámetros contiene una entrada NULL para el parámetro 'id' del tipo que no acepta valores NULL 'System.Int32' del método 'System.Web.Mvc.ActionResult DetalleIndicadorMasivo(Int32, Int32)' en 'MRVMinem.Controllers.DetalleController'. Un parámetro opcional debe ser un tipo de referencia, un tipo que acepte valores NULL o debe declararse como parámetro opcional.
Nombre del parámetro: parameters
29/04/2020 21:54:10: [Método: TResult End(), Línea: 0] - El diccionario de parámetros contiene una entrada NULL para el parámetro 'id' del tipo que no acepta valores NULL 'System.Int32' del método 'System.Web.Mvc.ActionResult DetalleIndicadorMasivo(Int32, Int32)' en 'MRVMinem.Controllers.DetalleController'. Un parámetro opcional debe ser un tipo de referencia, un tipo que acepte valores NULL o debe declararse como parámetro opcional.
Nombre del parámetro: parameters
29/04/2020 21:54:10: [Método: System.Web.Mvc.ActionResult EndInvokeActionMethod(System.IAsyncResult), Línea: 0] - El diccionario de parámetros contiene una entrada NULL para el parámetro 'id' del tipo que no acepta valores NULL 'System.Int32' del método 'System.Web.Mvc.ActionResult DetalleIndicadorMasivo(Int32, Int32)' en 'MRVMinem.Controllers.DetalleController'. Un parámetro opcional debe ser un tipo de referencia, un tipo que acepte valores NULL o debe declararse como parámetro opcional.
Nombre del parámetro: parameters
29/04/2020 21:54:10: [Método: System.Web.Mvc.ActionExecutedContext <InvokeActionMethodFilterAsynchronouslyRecursive>b__3d(), Línea: 0] - El diccionario de parámetros contiene una entrada NULL para el parámetro 'id' del tipo que no acepta valores NULL 'System.Int32' del método 'System.Web.Mvc.ActionResult DetalleIndicadorMasivo(Int32, Int32)' en 'MRVMinem.Controllers.DetalleController'. Un parámetro opcional debe ser un tipo de referencia, un tipo que acepte valores NULL o debe declararse como parámetro opcional.
Nombre del parámetro: parameters
29/04/2020 21:54:10: [Método: System.Web.Mvc.ActionExecutedContext <InvokeActionMethodFilterAsynchronouslyRecursive>b__3f(), Línea: 0] - El diccionario de parámetros contiene una entrada NULL para el parámetro 'id' del tipo que no acepta valores NULL 'System.Int32' del método 'System.Web.Mvc.ActionResult DetalleIndicadorMasivo(Int32, Int32)' en 'MRVMinem.Controllers.DetalleController'. Un parámetro opcional debe ser un tipo de referencia, un tipo que acepte valores NULL o debe declararse como parámetro opcional.
Nombre del parámetro: parameters
29/04/2020 21:54:10: [Método: System.Web.Mvc.ActionExecutedContext <InvokeActionMethodFilterAsynchronouslyRecursive>b__3f(), Línea: 0] - El diccionario de parámetros contiene una entrada NULL para el parámetro 'id' del tipo que no acepta valores NULL 'System.Int32' del método 'System.Web.Mvc.ActionResult DetalleIndicadorMasivo(Int32, Int32)' en 'MRVMinem.Controllers.DetalleController'. Un parámetro opcional debe ser un tipo de referencia, un tipo que acepte valores NULL o debe declararse como parámetro opcional.
Nombre del parámetro: parameters
29/04/2020 21:54:10: [Método: System.Web.Mvc.ActionExecutedContext <BeginInvokeActionMethodWithFilters>b__32(System.IAsyncResult), Línea: 0] - El diccionario de parámetros contiene una entrada NULL para el parámetro 'id' del tipo que no acepta valores NULL 'System.Int32' del método 'System.Web.Mvc.ActionResult DetalleIndicadorMasivo(Int32, Int32)' en 'MRVMinem.Controllers.DetalleController'. Un parámetro opcional debe ser un tipo de referencia, un tipo que acepte valores NULL o debe declararse como parámetro opcional.
Nombre del parámetro: parameters
29/04/2020 21:54:10: [Método: TResult CallEndDelegate(System.IAsyncResult), Línea: 0] - El diccionario de parámetros contiene una entrada NULL para el parámetro 'id' del tipo que no acepta valores NULL 'System.Int32' del método 'System.Web.Mvc.ActionResult DetalleIndicadorMasivo(Int32, Int32)' en 'MRVMinem.Controllers.DetalleController'. Un parámetro opcional debe ser un tipo de referencia, un tipo que acepte valores NULL o debe declararse como parámetro opcional.
Nombre del parámetro: parameters
29/04/2020 21:54:10: [Método: TResult End(), Línea: 0] - El diccionario de parámetros contiene una entrada NULL para el parámetro 'id' del tipo que no acepta valores NULL 'System.Int32' del método 'System.Web.Mvc.ActionResult DetalleIndicadorMasivo(Int32, Int32)' en 'MRVMinem.Controllers.DetalleController'. Un parámetro opcional debe ser un tipo de referencia, un tipo que acepte valores NULL o debe declararse como parámetro opcional.
Nombre del parámetro: parameters
29/04/2020 21:54:10: [Método: System.Web.Mvc.ActionExecutedContext EndInvokeActionMethodWithFilters(System.IAsyncResult), Línea: 0] - El diccionario de parámetros contiene una entrada NULL para el parámetro 'id' del tipo que no acepta valores NULL 'System.Int32' del método 'System.Web.Mvc.ActionResult DetalleIndicadorMasivo(Int32, Int32)' en 'MRVMinem.Controllers.DetalleController'. Un parámetro opcional debe ser un tipo de referencia, un tipo que acepte valores NULL o debe declararse como parámetro opcional.
Nombre del parámetro: parameters
29/04/2020 21:54:10: [Método: Void <BeginInvokeAction>b__1c(), Línea: 0] - El diccionario de parámetros contiene una entrada NULL para el parámetro 'id' del tipo que no acepta valores NULL 'System.Int32' del método 'System.Web.Mvc.ActionResult DetalleIndicadorMasivo(Int32, Int32)' en 'MRVMinem.Controllers.DetalleController'. Un parámetro opcional debe ser un tipo de referencia, un tipo que acepte valores NULL o debe declararse como parámetro opcional.
Nombre del parámetro: parameters
29/04/2020 21:54:10: [Método: Boolean <BeginInvokeAction>b__1e(System.IAsyncResult), Línea: 0] - El diccionario de parámetros contiene una entrada NULL para el parámetro 'id' del tipo que no acepta valores NULL 'System.Int32' del método 'System.Web.Mvc.ActionResult DetalleIndicadorMasivo(Int32, Int32)' en 'MRVMinem.Controllers.DetalleController'. Un parámetro opcional debe ser un tipo de referencia, un tipo que acepte valores NULL o debe declararse como parámetro opcional.
Nombre del parámetro: parameters
29/04/2020 21:54:10: [Método: TResult CallEndDelegate(System.IAsyncResult), Línea: 0] - El diccionario de parámetros contiene una entrada NULL para el parámetro 'id' del tipo que no acepta valores NULL 'System.Int32' del método 'System.Web.Mvc.ActionResult DetalleIndicadorMasivo(Int32, Int32)' en 'MRVMinem.Controllers.DetalleController'. Un parámetro opcional debe ser un tipo de referencia, un tipo que acepte valores NULL o debe declararse como parámetro opcional.
Nombre del parámetro: parameters
29/04/2020 21:54:10: [Método: TResult End(), Línea: 0] - El diccionario de parámetros contiene una entrada NULL para el parámetro 'id' del tipo que no acepta valores NULL 'System.Int32' del método 'System.Web.Mvc.ActionResult DetalleIndicadorMasivo(Int32, Int32)' en 'MRVMinem.Controllers.DetalleController'. Un parámetro opcional debe ser un tipo de referencia, un tipo que acepte valores NULL o debe declararse como parámetro opcional.
Nombre del parámetro: parameters
29/04/2020 21:54:10: [Método: Boolean EndInvokeAction(System.IAsyncResult), Línea: 0] - El diccionario de parámetros contiene una entrada NULL para el parámetro 'id' del tipo que no acepta valores NULL 'System.Int32' del método 'System.Web.Mvc.ActionResult DetalleIndicadorMasivo(Int32, Int32)' en 'MRVMinem.Controllers.DetalleController'. Un parámetro opcional debe ser un tipo de referencia, un tipo que acepte valores NULL o debe declararse como parámetro opcional.
Nombre del parámetro: parameters
29/04/2020 21:54:10: [Método: Void <BeginExecuteCore>b__1d(System.IAsyncResult, ExecuteCoreState), Línea: 0] - El diccionario de parámetros contiene una entrada NULL para el parámetro 'id' del tipo que no acepta valores NULL 'System.Int32' del método 'System.Web.Mvc.ActionResult DetalleIndicadorMasivo(Int32, Int32)' en 'MRVMinem.Controllers.DetalleController'. Un parámetro opcional debe ser un tipo de referencia, un tipo que acepte valores NULL o debe declararse como parámetro opcional.
Nombre del parámetro: parameters
29/04/2020 21:54:10: [Método: System.Web.Mvc.Async.AsyncVoid CallEndDelegate(System.IAsyncResult), Línea: 0] - El diccionario de parámetros contiene una entrada NULL para el parámetro 'id' del tipo que no acepta valores NULL 'System.Int32' del método 'System.Web.Mvc.ActionResult DetalleIndicadorMasivo(Int32, Int32)' en 'MRVMinem.Controllers.DetalleController'. Un parámetro opcional debe ser un tipo de referencia, un tipo que acepte valores NULL o debe declararse como parámetro opcional.
Nombre del parámetro: parameters
29/04/2020 21:54:10: [Método: TResult End(), Línea: 0] - El diccionario de parámetros contiene una entrada NULL para el parámetro 'id' del tipo que no acepta valores NULL 'System.Int32' del método 'System.Web.Mvc.ActionResult DetalleIndicadorMasivo(Int32, Int32)' en 'MRVMinem.Controllers.DetalleController'. Un parámetro opcional debe ser un tipo de referencia, un tipo que acepte valores NULL o debe declararse como parámetro opcional.
Nombre del parámetro: parameters
29/04/2020 21:54:10: [Método: Void EndExecuteCore(System.IAsyncResult), Línea: 0] - El diccionario de parámetros contiene una entrada NULL para el parámetro 'id' del tipo que no acepta valores NULL 'System.Int32' del método 'System.Web.Mvc.ActionResult DetalleIndicadorMasivo(Int32, Int32)' en 'MRVMinem.Controllers.DetalleController'. Un parámetro opcional debe ser un tipo de referencia, un tipo que acepte valores NULL o debe declararse como parámetro opcional.
Nombre del parámetro: parameters
29/04/2020 21:54:10: [Método: Void <BeginExecute>b__15(System.IAsyncResult, System.Web.Mvc.Controller), Línea: 0] - El diccionario de parámetros contiene una entrada NULL para el parámetro 'id' del tipo que no acepta valores NULL 'System.Int32' del método 'System.Web.Mvc.ActionResult DetalleIndicadorMasivo(Int32, Int32)' en 'MRVMinem.Controllers.DetalleController'. Un parámetro opcional debe ser un tipo de referencia, un tipo que acepte valores NULL o debe declararse como parámetro opcional.
Nombre del parámetro: parameters
29/04/2020 21:54:10: [Método: System.Web.Mvc.Async.AsyncVoid CallEndDelegate(System.IAsyncResult), Línea: 0] - El diccionario de parámetros contiene una entrada NULL para el parámetro 'id' del tipo que no acepta valores NULL 'System.Int32' del método 'System.Web.Mvc.ActionResult DetalleIndicadorMasivo(Int32, Int32)' en 'MRVMinem.Controllers.DetalleController'. Un parámetro opcional debe ser un tipo de referencia, un tipo que acepte valores NULL o debe declararse como parámetro opcional.
Nombre del parámetro: parameters
29/04/2020 21:54:10: [Método: TResult End(), Línea: 0] - El diccionario de parámetros contiene una entrada NULL para el parámetro 'id' del tipo que no acepta valores NULL 'System.Int32' del método 'System.Web.Mvc.ActionResult DetalleIndicadorMasivo(Int32, Int32)' en 'MRVMinem.Controllers.DetalleController'. Un parámetro opcional debe ser un tipo de referencia, un tipo que acepte valores NULL o debe declararse como parámetro opcional.
Nombre del parámetro: parameters
29/04/2020 21:54:10: [Método: Void EndExecute(System.IAsyncResult), Línea: 0] - El diccionario de parámetros contiene una entrada NULL para el parámetro 'id' del tipo que no acepta valores NULL 'System.Int32' del método 'System.Web.Mvc.ActionResult DetalleIndicadorMasivo(Int32, Int32)' en 'MRVMinem.Controllers.DetalleController'. Un parámetro opcional debe ser un tipo de referencia, un tipo que acepte valores NULL o debe declararse como parámetro opcional.
Nombre del parámetro: parameters
29/04/2020 21:54:10: [Método: Void System.Web.Mvc.Async.IAsyncController.EndExecute(System.IAsyncResult), Línea: 0] - El diccionario de parámetros contiene una entrada NULL para el parámetro 'id' del tipo que no acepta valores NULL 'System.Int32' del método 'System.Web.Mvc.ActionResult DetalleIndicadorMasivo(Int32, Int32)' en 'MRVMinem.Controllers.DetalleController'. Un parámetro opcional debe ser un tipo de referencia, un tipo que acepte valores NULL o debe declararse como parámetro opcional.
Nombre del parámetro: parameters
29/04/2020 21:54:10: [Método: Void <BeginProcessRequest>b__5(System.IAsyncResult, ProcessRequestState), Línea: 0] - El diccionario de parámetros contiene una entrada NULL para el parámetro 'id' del tipo que no acepta valores NULL 'System.Int32' del método 'System.Web.Mvc.ActionResult DetalleIndicadorMasivo(Int32, Int32)' en 'MRVMinem.Controllers.DetalleController'. Un parámetro opcional debe ser un tipo de referencia, un tipo que acepte valores NULL o debe declararse como parámetro opcional.
Nombre del parámetro: parameters
29/04/2020 21:54:10: [Método: System.Web.Mvc.Async.AsyncVoid CallEndDelegate(System.IAsyncResult), Línea: 0] - El diccionario de parámetros contiene una entrada NULL para el parámetro 'id' del tipo que no acepta valores NULL 'System.Int32' del método 'System.Web.Mvc.ActionResult DetalleIndicadorMasivo(Int32, Int32)' en 'MRVMinem.Controllers.DetalleController'. Un parámetro opcional debe ser un tipo de referencia, un tipo que acepte valores NULL o debe declararse como parámetro opcional.
Nombre del parámetro: parameters
29/04/2020 21:54:10: [Método: TResult End(), Línea: 0] - El diccionario de parámetros contiene una entrada NULL para el parámetro 'id' del tipo que no acepta valores NULL 'System.Int32' del método 'System.Web.Mvc.ActionResult DetalleIndicadorMasivo(Int32, Int32)' en 'MRVMinem.Controllers.DetalleController'. Un parámetro opcional debe ser un tipo de referencia, un tipo que acepte valores NULL o debe declararse como parámetro opcional.
Nombre del parámetro: parameters
29/04/2020 21:54:10: [Método: Void EndProcessRequest(System.IAsyncResult), Línea: 0] - El diccionario de parámetros contiene una entrada NULL para el parámetro 'id' del tipo que no acepta valores NULL 'System.Int32' del método 'System.Web.Mvc.ActionResult DetalleIndicadorMasivo(Int32, Int32)' en 'MRVMinem.Controllers.DetalleController'. Un parámetro opcional debe ser un tipo de referencia, un tipo que acepte valores NULL o debe declararse como parámetro opcional.
Nombre del parámetro: parameters
29/04/2020 21:54:10: [Método: Void System.Web.IHttpAsyncHandler.EndProcessRequest(System.IAsyncResult), Línea: 0] - El diccionario de parámetros contiene una entrada NULL para el parámetro 'id' del tipo que no acepta valores NULL 'System.Int32' del método 'System.Web.Mvc.ActionResult DetalleIndicadorMasivo(Int32, Int32)' en 'MRVMinem.Controllers.DetalleController'. Un parámetro opcional debe ser un tipo de referencia, un tipo que acepte valores NULL o debe declararse como parámetro opcional.
Nombre del parámetro: parameters
29/04/2020 21:54:10: [Método: Void System.Web.HttpApplication.IExecutionStep.Execute(), Línea: 0] - El diccionario de parámetros contiene una entrada NULL para el parámetro 'id' del tipo que no acepta valores NULL 'System.Int32' del método 'System.Web.Mvc.ActionResult DetalleIndicadorMasivo(Int32, Int32)' en 'MRVMinem.Controllers.DetalleController'. Un parámetro opcional debe ser un tipo de referencia, un tipo que acepte valores NULL o debe declararse como parámetro opcional.
Nombre del parámetro: parameters
29/04/2020 21:54:10: [Método: Void ExecuteStepImpl(IExecutionStep), Línea: 0] - El diccionario de parámetros contiene una entrada NULL para el parámetro 'id' del tipo que no acepta valores NULL 'System.Int32' del método 'System.Web.Mvc.ActionResult DetalleIndicadorMasivo(Int32, Int32)' en 'MRVMinem.Controllers.DetalleController'. Un parámetro opcional debe ser un tipo de referencia, un tipo que acepte valores NULL o debe declararse como parámetro opcional.
Nombre del parámetro: parameters
29/04/2020 21:54:10: [Método: System.Exception ExecuteStep(IExecutionStep, Boolean ByRef), Línea: 0] - El diccionario de parámetros contiene una entrada NULL para el parámetro 'id' del tipo que no acepta valores NULL 'System.Int32' del método 'System.Web.Mvc.ActionResult DetalleIndicadorMasivo(Int32, Int32)' en 'MRVMinem.Controllers.DetalleController'. Un parámetro opcional debe ser un tipo de referencia, un tipo que acepte valores NULL o debe declararse como parámetro opcional.
Nombre del parámetro: parameters
29/04/2020 22:13:05: [Método: Void HandleErrorHelper(Int32, Oracle.DataAccess.Client.OracleConnection, IntPtr, Oracle.DataAccess.Client.OpoSqlValCtx*, System.Object, System.String, Boolean, Int32, Oracle.DataAccess.Client.OracleLogicalTransaction), Línea: 0] - ORA-12899: el valor es demasiado grande para la columna "MRVMM"."T_GEND_INICIATIVA_SUSTENTA"."ADJUNTO_BASE" (real: 119, máximo: 100)
ORA-06512: en "MRVMM.PKG_MRV_DETALLE_INDICADORES", línea 320
ORA-06512: en línea 1
29/04/2020 22:13:05: [Método: Void HandleError(Int32, Oracle.DataAccess.Client.OracleConnection, System.String, IntPtr, Oracle.DataAccess.Client.OpoSqlValCtx*, System.Object, Boolean, Oracle.DataAccess.Client.OracleLogicalTransaction), Línea: 0] - ORA-12899: el valor es demasiado grande para la columna "MRVMM"."T_GEND_INICIATIVA_SUSTENTA"."ADJUNTO_BASE" (real: 119, máximo: 100)
ORA-06512: en "MRVMM.PKG_MRV_DETALLE_INDICADORES", línea 320
ORA-06512: en línea 1
29/04/2020 22:13:05: [Método: Int32 ExecuteNonQuery(), Línea: 0] - ORA-12899: el valor es demasiado grande para la columna "MRVMM"."T_GEND_INICIATIVA_SUSTENTA"."ADJUNTO_BASE" (real: 119, máximo: 100)
ORA-06512: en "MRVMM.PKG_MRV_DETALLE_INDICADORES", línea 320
ORA-06512: en línea 1
29/04/2020 22:13:05: [Método: Int32 ExecuteCommand(System.Data.IDbConnection, Dapper.CommandDefinition ByRef, System.Action`2[System.Data.IDbCommand,System.Object]), Línea: 0] - ORA-12899: el valor es demasiado grande para la columna "MRVMM"."T_GEND_INICIATIVA_SUSTENTA"."ADJUNTO_BASE" (real: 119, máximo: 100)
ORA-06512: en "MRVMM.PKG_MRV_DETALLE_INDICADORES", línea 320
ORA-06512: en línea 1
29/04/2020 22:13:05: [Método: Int32 ExecuteImpl(System.Data.IDbConnection, Dapper.CommandDefinition ByRef), Línea: 0] - ORA-12899: el valor es demasiado grande para la columna "MRVMM"."T_GEND_INICIATIVA_SUSTENTA"."ADJUNTO_BASE" (real: 119, máximo: 100)
ORA-06512: en "MRVMM.PKG_MRV_DETALLE_INDICADORES", línea 320
ORA-06512: en línea 1
29/04/2020 22:13:05: [Método: Int32 Execute(System.Data.IDbConnection, System.String, System.Object, System.Data.IDbTransaction, System.Nullable`1[System.Int32], System.Nullable`1[System.Data.CommandType]), Línea: 0] - ORA-12899: el valor es demasiado grande para la columna "MRVMM"."T_GEND_INICIATIVA_SUSTENTA"."ADJUNTO_BASE" (real: 119, máximo: 100)
ORA-06512: en "MRVMM.PKG_MRV_DETALLE_INDICADORES", línea 320
ORA-06512: en línea 1
29/04/2020 22:13:05: [Método: entidad.minem.gob.pe.SustentoIniciativaBE RegistrarSustentoIniciativa(entidad.minem.gob.pe.SustentoIniciativaBE), Línea: 549] - ORA-12899: el valor es demasiado grande para la columna "MRVMM"."T_GEND_INICIATIVA_SUSTENTA"."ADJUNTO_BASE" (real: 119, máximo: 100)
ORA-06512: en "MRVMM.PKG_MRV_DETALLE_INDICADORES", línea 320
ORA-06512: en línea 1
29/04/2020 22:13:21: [Método: Void HandleErrorHelper(Int32, Oracle.DataAccess.Client.OracleConnection, IntPtr, Oracle.DataAccess.Client.OpoSqlValCtx*, System.Object, System.String, Boolean, Int32, Oracle.DataAccess.Client.OracleLogicalTransaction), Línea: 0] - ORA-12899: el valor es demasiado grande para la columna "MRVMM"."T_GEND_INICIATIVA_SUSTENTA"."ADJUNTO_BASE" (real: 119, máximo: 100)
ORA-06512: en "MRVMM.PKG_MRV_DETALLE_INDICADORES", línea 320
ORA-06512: en línea 1
29/04/2020 22:13:21: [Método: Void HandleError(Int32, Oracle.DataAccess.Client.OracleConnection, System.String, IntPtr, Oracle.DataAccess.Client.OpoSqlValCtx*, System.Object, Boolean, Oracle.DataAccess.Client.OracleLogicalTransaction), Línea: 0] - ORA-12899: el valor es demasiado grande para la columna "MRVMM"."T_GEND_INICIATIVA_SUSTENTA"."ADJUNTO_BASE" (real: 119, máximo: 100)
ORA-06512: en "MRVMM.PKG_MRV_DETALLE_INDICADORES", línea 320
ORA-06512: en línea 1
29/04/2020 22:13:21: [Método: Int32 ExecuteNonQuery(), Línea: 0] - ORA-12899: el valor es demasiado grande para la columna "MRVMM"."T_GEND_INICIATIVA_SUSTENTA"."ADJUNTO_BASE" (real: 119, máximo: 100)
ORA-06512: en "MRVMM.PKG_MRV_DETALLE_INDICADORES", línea 320
ORA-06512: en línea 1
29/04/2020 22:13:21: [Método: Int32 ExecuteCommand(System.Data.IDbConnection, Dapper.CommandDefinition ByRef, System.Action`2[System.Data.IDbCommand,System.Object]), Línea: 0] - ORA-12899: el valor es demasiado grande para la columna "MRVMM"."T_GEND_INICIATIVA_SUSTENTA"."ADJUNTO_BASE" (real: 119, máximo: 100)
ORA-06512: en "MRVMM.PKG_MRV_DETALLE_INDICADORES", línea 320
ORA-06512: en línea 1
29/04/2020 22:13:21: [Método: Int32 ExecuteImpl(System.Data.IDbConnection, Dapper.CommandDefinition ByRef), Línea: 0] - ORA-12899: el valor es demasiado grande para la columna "MRVMM"."T_GEND_INICIATIVA_SUSTENTA"."ADJUNTO_BASE" (real: 119, máximo: 100)
ORA-06512: en "MRVMM.PKG_MRV_DETALLE_INDICADORES", línea 320
ORA-06512: en línea 1
29/04/2020 22:13:21: [Método: Int32 Execute(System.Data.IDbConnection, System.String, System.Object, System.Data.IDbTransaction, System.Nullable`1[System.Int32], System.Nullable`1[System.Data.CommandType]), Línea: 0] - ORA-12899: el valor es demasiado grande para la columna "MRVMM"."T_GEND_INICIATIVA_SUSTENTA"."ADJUNTO_BASE" (real: 119, máximo: 100)
ORA-06512: en "MRVMM.PKG_MRV_DETALLE_INDICADORES", línea 320
ORA-06512: en línea 1
29/04/2020 22:13:21: [Método: entidad.minem.gob.pe.SustentoIniciativaBE RegistrarSustentoIniciativa(entidad.minem.gob.pe.SustentoIniciativaBE), Línea: 549] - ORA-12899: el valor es demasiado grande para la columna "MRVMM"."T_GEND_INICIATIVA_SUSTENTA"."ADJUNTO_BASE" (real: 119, máximo: 100)
ORA-06512: en "MRVMM.PKG_MRV_DETALLE_INDICADORES", línea 320
ORA-06512: en línea 1
29/04/2020 22:13:56: [Método: Void HandleErrorHelper(Int32, Oracle.DataAccess.Client.OracleConnection, IntPtr, Oracle.DataAccess.Client.OpoSqlValCtx*, System.Object, System.String, Boolean, Int32, Oracle.DataAccess.Client.OracleLogicalTransaction), Línea: 0] - ORA-12899: el valor es demasiado grande para la columna "MRVMM"."T_GEND_INICIATIVA_SUSTENTA"."ADJUNTO_BASE" (real: 119, máximo: 100)
ORA-06512: en "MRVMM.PKG_MRV_DETALLE_INDICADORES", línea 320
ORA-06512: en línea 1
29/04/2020 22:13:56: [Método: Void HandleError(Int32, Oracle.DataAccess.Client.OracleConnection, System.String, IntPtr, Oracle.DataAccess.Client.OpoSqlValCtx*, System.Object, Boolean, Oracle.DataAccess.Client.OracleLogicalTransaction), Línea: 0] - ORA-12899: el valor es demasiado grande para la columna "MRVMM"."T_GEND_INICIATIVA_SUSTENTA"."ADJUNTO_BASE" (real: 119, máximo: 100)
ORA-06512: en "MRVMM.PKG_MRV_DETALLE_INDICADORES", línea 320
ORA-06512: en línea 1
29/04/2020 22:13:56: [Método: Int32 ExecuteNonQuery(), Línea: 0] - ORA-12899: el valor es demasiado grande para la columna "MRVMM"."T_GEND_INICIATIVA_SUSTENTA"."ADJUNTO_BASE" (real: 119, máximo: 100)
ORA-06512: en "MRVMM.PKG_MRV_DETALLE_INDICADORES", línea 320
ORA-06512: en línea 1
29/04/2020 22:13:56: [Método: Int32 ExecuteCommand(System.Data.IDbConnection, Dapper.CommandDefinition ByRef, System.Action`2[System.Data.IDbCommand,System.Object]), Línea: 0] - ORA-12899: el valor es demasiado grande para la columna "MRVMM"."T_GEND_INICIATIVA_SUSTENTA"."ADJUNTO_BASE" (real: 119, máximo: 100)
ORA-06512: en "MRVMM.PKG_MRV_DETALLE_INDICADORES", línea 320
ORA-06512: en línea 1
29/04/2020 22:13:56: [Método: Int32 ExecuteImpl(System.Data.IDbConnection, Dapper.CommandDefinition ByRef), Línea: 0] - ORA-12899: el valor es demasiado grande para la columna "MRVMM"."T_GEND_INICIATIVA_SUSTENTA"."ADJUNTO_BASE" (real: 119, máximo: 100)
ORA-06512: en "MRVMM.PKG_MRV_DETALLE_INDICADORES", línea 320
ORA-06512: en línea 1
29/04/2020 22:13:56: [Método: Int32 Execute(System.Data.IDbConnection, System.String, System.Object, System.Data.IDbTransaction, System.Nullable`1[System.Int32], System.Nullable`1[System.Data.CommandType]), Línea: 0] - ORA-12899: el valor es demasiado grande para la columna "MRVMM"."T_GEND_INICIATIVA_SUSTENTA"."ADJUNTO_BASE" (real: 119, máximo: 100)
ORA-06512: en "MRVMM.PKG_MRV_DETALLE_INDICADORES", línea 320
ORA-06512: en línea 1
29/04/2020 22:13:56: [Método: entidad.minem.gob.pe.SustentoIniciativaBE RegistrarSustentoIniciativa(entidad.minem.gob.pe.SustentoIniciativaBE), Línea: 549] - ORA-12899: el valor es demasiado grande para la columna "MRVMM"."T_GEND_INICIATIVA_SUSTENTA"."ADJUNTO_BASE" (real: 119, máximo: 100)
ORA-06512: en "MRVMM.PKG_MRV_DETALLE_INDICADORES", línea 320
ORA-06512: en línea 1
29/04/2020 22:14:20: [Método: Void HandleErrorHelper(Int32, Oracle.DataAccess.Client.OracleConnection, IntPtr, Oracle.DataAccess.Client.OpoSqlValCtx*, System.Object, System.String, Boolean, Int32, Oracle.DataAccess.Client.OracleLogicalTransaction), Línea: 0] - ORA-12899: el valor es demasiado grande para la columna "MRVMM"."T_GEND_INICIATIVA_SUSTENTA"."ADJUNTO_BASE" (real: 119, máximo: 100)
ORA-06512: en "MRVMM.PKG_MRV_DETALLE_INDICADORES", línea 320
ORA-06512: en línea 1
29/04/2020 22:14:20: [Método: Void HandleError(Int32, Oracle.DataAccess.Client.OracleConnection, System.String, IntPtr, Oracle.DataAccess.Client.OpoSqlValCtx*, System.Object, Boolean, Oracle.DataAccess.Client.OracleLogicalTransaction), Línea: 0] - ORA-12899: el valor es demasiado grande para la columna "MRVMM"."T_GEND_INICIATIVA_SUSTENTA"."ADJUNTO_BASE" (real: 119, máximo: 100)
ORA-06512: en "MRVMM.PKG_MRV_DETALLE_INDICADORES", línea 320
ORA-06512: en línea 1
29/04/2020 22:14:20: [Método: Int32 ExecuteNonQuery(), Línea: 0] - ORA-12899: el valor es demasiado grande para la columna "MRVMM"."T_GEND_INICIATIVA_SUSTENTA"."ADJUNTO_BASE" (real: 119, máximo: 100)
ORA-06512: en "MRVMM.PKG_MRV_DETALLE_INDICADORES", línea 320
ORA-06512: en línea 1
29/04/2020 22:14:20: [Método: Int32 ExecuteCommand(System.Data.IDbConnection, Dapper.CommandDefinition ByRef, System.Action`2[System.Data.IDbCommand,System.Object]), Línea: 0] - ORA-12899: el valor es demasiado grande para la columna "MRVMM"."T_GEND_INICIATIVA_SUSTENTA"."ADJUNTO_BASE" (real: 119, máximo: 100)
ORA-06512: en "MRVMM.PKG_MRV_DETALLE_INDICADORES", línea 320
ORA-06512: en línea 1
29/04/2020 22:14:20: [Método: Int32 ExecuteImpl(System.Data.IDbConnection, Dapper.CommandDefinition ByRef), Línea: 0] - ORA-12899: el valor es demasiado grande para la columna "MRVMM"."T_GEND_INICIATIVA_SUSTENTA"."ADJUNTO_BASE" (real: 119, máximo: 100)
ORA-06512: en "MRVMM.PKG_MRV_DETALLE_INDICADORES", línea 320
ORA-06512: en línea 1
29/04/2020 22:14:20: [Método: Int32 Execute(System.Data.IDbConnection, System.String, System.Object, System.Data.IDbTransaction, System.Nullable`1[System.Int32], System.Nullable`1[System.Data.CommandType]), Línea: 0] - ORA-12899: el valor es demasiado grande para la columna "MRVMM"."T_GEND_INICIATIVA_SUSTENTA"."ADJUNTO_BASE" (real: 119, máximo: 100)
ORA-06512: en "MRVMM.PKG_MRV_DETALLE_INDICADORES", línea 320
ORA-06512: en línea 1
29/04/2020 22:14:20: [Método: entidad.minem.gob.pe.SustentoIniciativaBE RegistrarSustentoIniciativa(entidad.minem.gob.pe.SustentoIniciativaBE), Línea: 549] - ORA-12899: el valor es demasiado grande para la columna "MRVMM"."T_GEND_INICIATIVA_SUSTENTA"."ADJUNTO_BASE" (real: 119, máximo: 100)
ORA-06512: en "MRVMM.PKG_MRV_DETALLE_INDICADORES", línea 320
ORA-06512: en línea 1
29/04/2020 22:15:47: [Método: Void HandleErrorHelper(Int32, Oracle.DataAccess.Client.OracleConnection, IntPtr, Oracle.DataAccess.Client.OpoSqlValCtx*, System.Object, System.String, Boolean, Int32, Oracle.DataAccess.Client.OracleLogicalTransaction), Línea: 0] - ORA-12899: el valor es demasiado grande para la columna "MRVMM"."T_GEND_INICIATIVA_SUSTENTA"."ADJUNTO_BASE" (real: 119, máximo: 100)
ORA-06512: en "MRVMM.PKG_MRV_DETALLE_INDICADORES", línea 320
ORA-06512: en línea 1
29/04/2020 22:15:47: [Método: Void HandleError(Int32, Oracle.DataAccess.Client.OracleConnection, System.String, IntPtr, Oracle.DataAccess.Client.OpoSqlValCtx*, System.Object, Boolean, Oracle.DataAccess.Client.OracleLogicalTransaction), Línea: 0] - ORA-12899: el valor es demasiado grande para la columna "MRVMM"."T_GEND_INICIATIVA_SUSTENTA"."ADJUNTO_BASE" (real: 119, máximo: 100)
ORA-06512: en "MRVMM.PKG_MRV_DETALLE_INDICADORES", línea 320
ORA-06512: en línea 1
29/04/2020 22:15:47: [Método: Int32 ExecuteNonQuery(), Línea: 0] - ORA-12899: el valor es demasiado grande para la columna "MRVMM"."T_GEND_INICIATIVA_SUSTENTA"."ADJUNTO_BASE" (real: 119, máximo: 100)
ORA-06512: en "MRVMM.PKG_MRV_DETALLE_INDICADORES", línea 320
ORA-06512: en línea 1
29/04/2020 22:15:47: [Método: Int32 ExecuteCommand(System.Data.IDbConnection, Dapper.CommandDefinition ByRef, System.Action`2[System.Data.IDbCommand,System.Object]), Línea: 0] - ORA-12899: el valor es demasiado grande para la columna "MRVMM"."T_GEND_INICIATIVA_SUSTENTA"."ADJUNTO_BASE" (real: 119, máximo: 100)
ORA-06512: en "MRVMM.PKG_MRV_DETALLE_INDICADORES", línea 320
ORA-06512: en línea 1
29/04/2020 22:15:47: [Método: Int32 ExecuteImpl(System.Data.IDbConnection, Dapper.CommandDefinition ByRef), Línea: 0] - ORA-12899: el valor es demasiado grande para la columna "MRVMM"."T_GEND_INICIATIVA_SUSTENTA"."ADJUNTO_BASE" (real: 119, máximo: 100)
ORA-06512: en "MRVMM.PKG_MRV_DETALLE_INDICADORES", línea 320
ORA-06512: en línea 1
29/04/2020 22:15:47: [Método: Int32 Execute(System.Data.IDbConnection, System.String, System.Object, System.Data.IDbTransaction, System.Nullable`1[System.Int32], System.Nullable`1[System.Data.CommandType]), Línea: 0] - ORA-12899: el valor es demasiado grande para la columna "MRVMM"."T_GEND_INICIATIVA_SUSTENTA"."ADJUNTO_BASE" (real: 119, máximo: 100)
ORA-06512: en "MRVMM.PKG_MRV_DETALLE_INDICADORES", línea 320
ORA-06512: en línea 1
29/04/2020 22:15:47: [Método: entidad.minem.gob.pe.SustentoIniciativaBE RegistrarSustentoIniciativa(entidad.minem.gob.pe.SustentoIniciativaBE), Línea: 549] - ORA-12899: el valor es demasiado grande para la columna "MRVMM"."T_GEND_INICIATIVA_SUSTENTA"."ADJUNTO_BASE" (real: 119, máximo: 100)
ORA-06512: en "MRVMM.PKG_MRV_DETALLE_INDICADORES", línea 320
ORA-06512: en línea 1
29/04/2020 22:54:32: [Método: System.Object ExtractParameterFromDictionary(System.Reflection.ParameterInfo, System.Collections.Generic.IDictionary`2[System.String,System.Object], System.Reflection.MethodInfo), Línea: 0] - El diccionario de parámetros contiene una entrada NULL para el parámetro 'id' del tipo que no acepta valores NULL 'System.Int32' del método 'System.Web.Mvc.ActionResult DetalleIndicadorMasivo(Int32, Int32)' en 'MRVMinem.Controllers.DetalleController'. Un parámetro opcional debe ser un tipo de referencia, un tipo que acepte valores NULL o debe declararse como parámetro opcional.
Nombre del parámetro: parameters
29/04/2020 22:54:32: [Método: System.Object Execute(System.Web.Mvc.ControllerContext, System.Collections.Generic.IDictionary`2[System.String,System.Object]), Línea: 0] - El diccionario de parámetros contiene una entrada NULL para el parámetro 'id' del tipo que no acepta valores NULL 'System.Int32' del método 'System.Web.Mvc.ActionResult DetalleIndicadorMasivo(Int32, Int32)' en 'MRVMinem.Controllers.DetalleController'. Un parámetro opcional debe ser un tipo de referencia, un tipo que acepte valores NULL o debe declararse como parámetro opcional.
Nombre del parámetro: parameters
29/04/2020 22:54:32: [Método: System.Web.Mvc.ActionResult InvokeActionMethod(System.Web.Mvc.ControllerContext, System.Web.Mvc.ActionDescriptor, System.Collections.Generic.IDictionary`2[System.String,System.Object]), Línea: 0] - El diccionario de parámetros contiene una entrada NULL para el parámetro 'id' del tipo que no acepta valores NULL 'System.Int32' del método 'System.Web.Mvc.ActionResult DetalleIndicadorMasivo(Int32, Int32)' en 'MRVMinem.Controllers.DetalleController'. Un parámetro opcional debe ser un tipo de referencia, un tipo que acepte valores NULL o debe declararse como parámetro opcional.
Nombre del parámetro: parameters
29/04/2020 22:54:32: [Método: System.Web.Mvc.ActionResult <BeginInvokeSynchronousActionMethod>b__39(System.IAsyncResult, ActionInvocation), Línea: 0] - El diccionario de parámetros contiene una entrada NULL para el parámetro 'id' del tipo que no acepta valores NULL 'System.Int32' del método 'System.Web.Mvc.ActionResult DetalleIndicadorMasivo(Int32, Int32)' en 'MRVMinem.Controllers.DetalleController'. Un parámetro opcional debe ser un tipo de referencia, un tipo que acepte valores NULL o debe declararse como parámetro opcional.
Nombre del parámetro: parameters
29/04/2020 22:54:32: [Método: TResult CallEndDelegate(System.IAsyncResult), Línea: 0] - El diccionario de parámetros contiene una entrada NULL para el parámetro 'id' del tipo que no acepta valores NULL 'System.Int32' del método 'System.Web.Mvc.ActionResult DetalleIndicadorMasivo(Int32, Int32)' en 'MRVMinem.Controllers.DetalleController'. Un parámetro opcional debe ser un tipo de referencia, un tipo que acepte valores NULL o debe declararse como parámetro opcional.
Nombre del parámetro: parameters
29/04/2020 22:54:32: [Método: TResult End(), Línea: 0] - El diccionario de parámetros contiene una entrada NULL para el parámetro 'id' del tipo que no acepta valores NULL 'System.Int32' del método 'System.Web.Mvc.ActionResult DetalleIndicadorMasivo(Int32, Int32)' en 'MRVMinem.Controllers.DetalleController'. Un parámetro opcional debe ser un tipo de referencia, un tipo que acepte valores NULL o debe declararse como parámetro opcional.
Nombre del parámetro: parameters
29/04/2020 22:54:32: [Método: System.Web.Mvc.ActionResult EndInvokeActionMethod(System.IAsyncResult), Línea: 0] - El diccionario de parámetros contiene una entrada NULL para el parámetro 'id' del tipo que no acepta valores NULL 'System.Int32' del método 'System.Web.Mvc.ActionResult DetalleIndicadorMasivo(Int32, Int32)' en 'MRVMinem.Controllers.DetalleController'. Un parámetro opcional debe ser un tipo de referencia, un tipo que acepte valores NULL o debe declararse como parámetro opcional.
Nombre del parámetro: parameters
29/04/2020 22:54:32: [Método: System.Web.Mvc.ActionExecutedContext <InvokeActionMethodFilterAsynchronouslyRecursive>b__3d(), Línea: 0] - El diccionario de parámetros contiene una entrada NULL para el parámetro 'id' del tipo que no acepta valores NULL 'System.Int32' del método 'System.Web.Mvc.ActionResult DetalleIndicadorMasivo(Int32, Int32)' en 'MRVMinem.Controllers.DetalleController'. Un parámetro opcional debe ser un tipo de referencia, un tipo que acepte valores NULL o debe declararse como parámetro opcional.
Nombre del parámetro: parameters
29/04/2020 22:54:32: [Método: System.Web.Mvc.ActionExecutedContext <InvokeActionMethodFilterAsynchronouslyRecursive>b__3f(), Línea: 0] - El diccionario de parámetros contiene una entrada NULL para el parámetro 'id' del tipo que no acepta valores NULL 'System.Int32' del método 'System.Web.Mvc.ActionResult DetalleIndicadorMasivo(Int32, Int32)' en 'MRVMinem.Controllers.DetalleController'. Un parámetro opcional debe ser un tipo de referencia, un tipo que acepte valores NULL o debe declararse como parámetro opcional.
Nombre del parámetro: parameters
29/04/2020 22:54:32: [Método: System.Web.Mvc.ActionExecutedContext <InvokeActionMethodFilterAsynchronouslyRecursive>b__3f(), Línea: 0] - El diccionario de parámetros contiene una entrada NULL para el parámetro 'id' del tipo que no acepta valores NULL 'System.Int32' del método 'System.Web.Mvc.ActionResult DetalleIndicadorMasivo(Int32, Int32)' en 'MRVMinem.Controllers.DetalleController'. Un parámetro opcional debe ser un tipo de referencia, un tipo que acepte valores NULL o debe declararse como parámetro opcional.
Nombre del parámetro: parameters
29/04/2020 22:54:32: [Método: System.Web.Mvc.ActionExecutedContext <BeginInvokeActionMethodWithFilters>b__32(System.IAsyncResult), Línea: 0] - El diccionario de parámetros contiene una entrada NULL para el parámetro 'id' del tipo que no acepta valores NULL 'System.Int32' del método 'System.Web.Mvc.ActionResult DetalleIndicadorMasivo(Int32, Int32)' en 'MRVMinem.Controllers.DetalleController'. Un parámetro opcional debe ser un tipo de referencia, un tipo que acepte valores NULL o debe declararse como parámetro opcional.
Nombre del parámetro: parameters
29/04/2020 22:54:32: [Método: TResult CallEndDelegate(System.IAsyncResult), Línea: 0] - El diccionario de parámetros contiene una entrada NULL para el parámetro 'id' del tipo que no acepta valores NULL 'System.Int32' del método 'System.Web.Mvc.ActionResult DetalleIndicadorMasivo(Int32, Int32)' en 'MRVMinem.Controllers.DetalleController'. Un parámetro opcional debe ser un tipo de referencia, un tipo que acepte valores NULL o debe declararse como parámetro opcional.
Nombre del parámetro: parameters
29/04/2020 22:54:32: [Método: TResult End(), Línea: 0] - El diccionario de parámetros contiene una entrada NULL para el parámetro 'id' del tipo que no acepta valores NULL 'System.Int32' del método 'System.Web.Mvc.ActionResult DetalleIndicadorMasivo(Int32, Int32)' en 'MRVMinem.Controllers.DetalleController'. Un parámetro opcional debe ser un tipo de referencia, un tipo que acepte valores NULL o debe declararse como parámetro opcional.
Nombre del parámetro: parameters
29/04/2020 22:54:32: [Método: System.Web.Mvc.ActionExecutedContext EndInvokeActionMethodWithFilters(System.IAsyncResult), Línea: 0] - El diccionario de parámetros contiene una entrada NULL para el parámetro 'id' del tipo que no acepta valores NULL 'System.Int32' del método 'System.Web.Mvc.ActionResult DetalleIndicadorMasivo(Int32, Int32)' en 'MRVMinem.Controllers.DetalleController'. Un parámetro opcional debe ser un tipo de referencia, un tipo que acepte valores NULL o debe declararse como parámetro opcional.
Nombre del parámetro: parameters
29/04/2020 22:54:32: [Método: Void <BeginInvokeAction>b__1c(), Línea: 0] - El diccionario de parámetros contiene una entrada NULL para el parámetro 'id' del tipo que no acepta valores NULL 'System.Int32' del método 'System.Web.Mvc.ActionResult DetalleIndicadorMasivo(Int32, Int32)' en 'MRVMinem.Controllers.DetalleController'. Un parámetro opcional debe ser un tipo de referencia, un tipo que acepte valores NULL o debe declararse como parámetro opcional.
Nombre del parámetro: parameters
29/04/2020 22:54:32: [Método: Boolean <BeginInvokeAction>b__1e(System.IAsyncResult), Línea: 0] - El diccionario de parámetros contiene una entrada NULL para el parámetro 'id' del tipo que no acepta valores NULL 'System.Int32' del método 'System.Web.Mvc.ActionResult DetalleIndicadorMasivo(Int32, Int32)' en 'MRVMinem.Controllers.DetalleController'. Un parámetro opcional debe ser un tipo de referencia, un tipo que acepte valores NULL o debe declararse como parámetro opcional.
Nombre del parámetro: parameters
29/04/2020 22:54:32: [Método: TResult CallEndDelegate(System.IAsyncResult), Línea: 0] - El diccionario de parámetros contiene una entrada NULL para el parámetro 'id' del tipo que no acepta valores NULL 'System.Int32' del método 'System.Web.Mvc.ActionResult DetalleIndicadorMasivo(Int32, Int32)' en 'MRVMinem.Controllers.DetalleController'. Un parámetro opcional debe ser un tipo de referencia, un tipo que acepte valores NULL o debe declararse como parámetro opcional.
Nombre del parámetro: parameters
29/04/2020 22:54:32: [Método: TResult End(), Línea: 0] - El diccionario de parámetros contiene una entrada NULL para el parámetro 'id' del tipo que no acepta valores NULL 'System.Int32' del método 'System.Web.Mvc.ActionResult DetalleIndicadorMasivo(Int32, Int32)' en 'MRVMinem.Controllers.DetalleController'. Un parámetro opcional debe ser un tipo de referencia, un tipo que acepte valores NULL o debe declararse como parámetro opcional.
Nombre del parámetro: parameters
29/04/2020 22:54:32: [Método: Boolean EndInvokeAction(System.IAsyncResult), Línea: 0] - El diccionario de parámetros contiene una entrada NULL para el parámetro 'id' del tipo que no acepta valores NULL 'System.Int32' del método 'System.Web.Mvc.ActionResult DetalleIndicadorMasivo(Int32, Int32)' en 'MRVMinem.Controllers.DetalleController'. Un parámetro opcional debe ser un tipo de referencia, un tipo que acepte valores NULL o debe declararse como parámetro opcional.
Nombre del parámetro: parameters
29/04/2020 22:54:32: [Método: Void <BeginExecuteCore>b__1d(System.IAsyncResult, ExecuteCoreState), Línea: 0] - El diccionario de parámetros contiene una entrada NULL para el parámetro 'id' del tipo que no acepta valores NULL 'System.Int32' del método 'System.Web.Mvc.ActionResult DetalleIndicadorMasivo(Int32, Int32)' en 'MRVMinem.Controllers.DetalleController'. Un parámetro opcional debe ser un tipo de referencia, un tipo que acepte valores NULL o debe declararse como parámetro opcional.
Nombre del parámetro: parameters
29/04/2020 22:54:32: [Método: System.Web.Mvc.Async.AsyncVoid CallEndDelegate(System.IAsyncResult), Línea: 0] - El diccionario de parámetros contiene una entrada NULL para el parámetro 'id' del tipo que no acepta valores NULL 'System.Int32' del método 'System.Web.Mvc.ActionResult DetalleIndicadorMasivo(Int32, Int32)' en 'MRVMinem.Controllers.DetalleController'. Un parámetro opcional debe ser un tipo de referencia, un tipo que acepte valores NULL o debe declararse como parámetro opcional.
Nombre del parámetro: parameters
29/04/2020 22:54:32: [Método: TResult End(), Línea: 0] - El diccionario de parámetros contiene una entrada NULL para el parámetro 'id' del tipo que no acepta valores NULL 'System.Int32' del método 'System.Web.Mvc.ActionResult DetalleIndicadorMasivo(Int32, Int32)' en 'MRVMinem.Controllers.DetalleController'. Un parámetro opcional debe ser un tipo de referencia, un tipo que acepte valores NULL o debe declararse como parámetro opcional.
Nombre del parámetro: parameters
29/04/2020 22:54:32: [Método: Void EndExecuteCore(System.IAsyncResult), Línea: 0] - El diccionario de parámetros contiene una entrada NULL para el parámetro 'id' del tipo que no acepta valores NULL 'System.Int32' del método 'System.Web.Mvc.ActionResult DetalleIndicadorMasivo(Int32, Int32)' en 'MRVMinem.Controllers.DetalleController'. Un parámetro opcional debe ser un tipo de referencia, un tipo que acepte valores NULL o debe declararse como parámetro opcional.
Nombre del parámetro: parameters
29/04/2020 22:54:32: [Método: Void <BeginExecute>b__15(System.IAsyncResult, System.Web.Mvc.Controller), Línea: 0] - El diccionario de parámetros contiene una entrada NULL para el parámetro 'id' del tipo que no acepta valores NULL 'System.Int32' del método 'System.Web.Mvc.ActionResult DetalleIndicadorMasivo(Int32, Int32)' en 'MRVMinem.Controllers.DetalleController'. Un parámetro opcional debe ser un tipo de referencia, un tipo que acepte valores NULL o debe declararse como parámetro opcional.
Nombre del parámetro: parameters
29/04/2020 22:54:32: [Método: System.Web.Mvc.Async.AsyncVoid CallEndDelegate(System.IAsyncResult), Línea: 0] - El diccionario de parámetros contiene una entrada NULL para el parámetro 'id' del tipo que no acepta valores NULL 'System.Int32' del método 'System.Web.Mvc.ActionResult DetalleIndicadorMasivo(Int32, Int32)' en 'MRVMinem.Controllers.DetalleController'. Un parámetro opcional debe ser un tipo de referencia, un tipo que acepte valores NULL o debe declararse como parámetro opcional.
Nombre del parámetro: parameters
29/04/2020 22:54:32: [Método: TResult End(), Línea: 0] - El diccionario de parámetros contiene una entrada NULL para el parámetro 'id' del tipo que no acepta valores NULL 'System.Int32' del método 'System.Web.Mvc.ActionResult DetalleIndicadorMasivo(Int32, Int32)' en 'MRVMinem.Controllers.DetalleController'. Un parámetro opcional debe ser un tipo de referencia, un tipo que acepte valores NULL o debe declararse como parámetro opcional.
Nombre del parámetro: parameters
29/04/2020 22:54:32: [Método: Void EndExecute(System.IAsyncResult), Línea: 0] - El diccionario de parámetros contiene una entrada NULL para el parámetro 'id' del tipo que no acepta valores NULL 'System.Int32' del método 'System.Web.Mvc.ActionResult DetalleIndicadorMasivo(Int32, Int32)' en 'MRVMinem.Controllers.DetalleController'. Un parámetro opcional debe ser un tipo de referencia, un tipo que acepte valores NULL o debe declararse como parámetro opcional.
Nombre del parámetro: parameters
29/04/2020 22:54:32: [Método: Void System.Web.Mvc.Async.IAsyncController.EndExecute(System.IAsyncResult), Línea: 0] - El diccionario de parámetros contiene una entrada NULL para el parámetro 'id' del tipo que no acepta valores NULL 'System.Int32' del método 'System.Web.Mvc.ActionResult DetalleIndicadorMasivo(Int32, Int32)' en 'MRVMinem.Controllers.DetalleController'. Un parámetro opcional debe ser un tipo de referencia, un tipo que acepte valores NULL o debe declararse como parámetro opcional.
Nombre del parámetro: parameters
29/04/2020 22:54:32: [Método: Void <BeginProcessRequest>b__5(System.IAsyncResult, ProcessRequestState), Línea: 0] - El diccionario de parámetros contiene una entrada NULL para el parámetro 'id' del tipo que no acepta valores NULL 'System.Int32' del método 'System.Web.Mvc.ActionResult DetalleIndicadorMasivo(Int32, Int32)' en 'MRVMinem.Controllers.DetalleController'. Un parámetro opcional debe ser un tipo de referencia, un tipo que acepte valores NULL o debe declararse como parámetro opcional.
Nombre del parámetro: parameters
29/04/2020 22:54:32: [Método: System.Web.Mvc.Async.AsyncVoid CallEndDelegate(System.IAsyncResult), Línea: 0] - El diccionario de parámetros contiene una entrada NULL para el parámetro 'id' del tipo que no acepta valores NULL 'System.Int32' del método 'System.Web.Mvc.ActionResult DetalleIndicadorMasivo(Int32, Int32)' en 'MRVMinem.Controllers.DetalleController'. Un parámetro opcional debe ser un tipo de referencia, un tipo que acepte valores NULL o debe declararse como parámetro opcional.
Nombre del parámetro: parameters
29/04/2020 22:54:32: [Método: TResult End(), Línea: 0] - El diccionario de parámetros contiene una entrada NULL para el parámetro 'id' del tipo que no acepta valores NULL 'System.Int32' del método 'System.Web.Mvc.ActionResult DetalleIndicadorMasivo(Int32, Int32)' en 'MRVMinem.Controllers.DetalleController'. Un parámetro opcional debe ser un tipo de referencia, un tipo que acepte valores NULL o debe declararse como parámetro opcional.
Nombre del parámetro: parameters
29/04/2020 22:54:32: [Método: Void EndProcessRequest(System.IAsyncResult), Línea: 0] - El diccionario de parámetros contiene una entrada NULL para el parámetro 'id' del tipo que no acepta valores NULL 'System.Int32' del método 'System.Web.Mvc.ActionResult DetalleIndicadorMasivo(Int32, Int32)' en 'MRVMinem.Controllers.DetalleController'. Un parámetro opcional debe ser un tipo de referencia, un tipo que acepte valores NULL o debe declararse como parámetro opcional.
Nombre del parámetro: parameters
29/04/2020 22:54:32: [Método: Void System.Web.IHttpAsyncHandler.EndProcessRequest(System.IAsyncResult), Línea: 0] - El diccionario de parámetros contiene una entrada NULL para el parámetro 'id' del tipo que no acepta valores NULL 'System.Int32' del método 'System.Web.Mvc.ActionResult DetalleIndicadorMasivo(Int32, Int32)' en 'MRVMinem.Controllers.DetalleController'. Un parámetro opcional debe ser un tipo de referencia, un tipo que acepte valores NULL o debe declararse como parámetro opcional.
Nombre del parámetro: parameters
29/04/2020 22:54:32: [Método: Void System.Web.HttpApplication.IExecutionStep.Execute(), Línea: 0] - El diccionario de parámetros contiene una entrada NULL para el parámetro 'id' del tipo que no acepta valores NULL 'System.Int32' del método 'System.Web.Mvc.ActionResult DetalleIndicadorMasivo(Int32, Int32)' en 'MRVMinem.Controllers.DetalleController'. Un parámetro opcional debe ser un tipo de referencia, un tipo que acepte valores NULL o debe declararse como parámetro opcional.
Nombre del parámetro: parameters
29/04/2020 22:54:32: [Método: Void ExecuteStepImpl(IExecutionStep), Línea: 0] - El diccionario de parámetros contiene una entrada NULL para el parámetro 'id' del tipo que no acepta valores NULL 'System.Int32' del método 'System.Web.Mvc.ActionResult DetalleIndicadorMasivo(Int32, Int32)' en 'MRVMinem.Controllers.DetalleController'. Un parámetro opcional debe ser un tipo de referencia, un tipo que acepte valores NULL o debe declararse como parámetro opcional.
Nombre del parámetro: parameters
29/04/2020 22:54:32: [Método: System.Exception ExecuteStep(IExecutionStep, Boolean ByRef), Línea: 0] - El diccionario de parámetros contiene una entrada NULL para el parámetro 'id' del tipo que no acepta valores NULL 'System.Int32' del método 'System.Web.Mvc.ActionResult DetalleIndicadorMasivo(Int32, Int32)' en 'MRVMinem.Controllers.DetalleController'. Un parámetro opcional debe ser un tipo de referencia, un tipo que acepte valores NULL o debe declararse como parámetro opcional.
Nombre del parámetro: parameters
29/04/2020 23:34:04: [Método: Void ThrowArgumentOutOfRangeException(System.ExceptionArgument, System.ExceptionResource), Línea: 0] - El índice estaba fuera del intervalo. Debe ser un valor no negativo e inferior al tamaño de la colección.
Nombre del parámetro: index
29/04/2020 23:34:04: [Método: T get_Item(Int32), Línea: 0] - El índice estaba fuera del intervalo. Debe ser un valor no negativo e inferior al tamaño de la colección.
Nombre del parámetro: index
29/04/2020 23:34:04: [Método: Void Execute(), Línea: 10] - El índice estaba fuera del intervalo. Debe ser un valor no negativo e inferior al tamaño de la colección.
Nombre del parámetro: index
29/04/2020 23:34:04: [Método: Void ExecutePageHierarchy(), Línea: 0] - El índice estaba fuera del intervalo. Debe ser un valor no negativo e inferior al tamaño de la colección.
Nombre del parámetro: index
29/04/2020 23:34:04: [Método: Void ExecutePageHierarchy(), Línea: 0] - El índice estaba fuera del intervalo. Debe ser un valor no negativo e inferior al tamaño de la colección.
Nombre del parámetro: index
29/04/2020 23:34:04: [Método: Void ExecutePageHierarchy(System.Web.WebPages.WebPageContext, System.IO.TextWriter, System.Web.WebPages.WebPageRenderingBase), Línea: 0] - El índice estaba fuera del intervalo. Debe ser un valor no negativo e inferior al tamaño de la colección.
Nombre del parámetro: index
29/04/2020 23:34:04: [Método: Void RenderView(System.Web.Mvc.ViewContext, System.IO.TextWriter, System.Object), Línea: 0] - El índice estaba fuera del intervalo. Debe ser un valor no negativo e inferior al tamaño de la colección.
Nombre del parámetro: index
29/04/2020 23:34:04: [Método: Void Render(System.Web.Mvc.ViewContext, System.IO.TextWriter), Línea: 0] - El índice estaba fuera del intervalo. Debe ser un valor no negativo e inferior al tamaño de la colección.
Nombre del parámetro: index
29/04/2020 23:34:04: [Método: Void ExecuteResult(System.Web.Mvc.ControllerContext), Línea: 0] - El índice estaba fuera del intervalo. Debe ser un valor no negativo e inferior al tamaño de la colección.
Nombre del parámetro: index
29/04/2020 23:34:04: [Método: Void InvokeActionResult(System.Web.Mvc.ControllerContext, System.Web.Mvc.ActionResult), Línea: 0] - El índice estaba fuera del intervalo. Debe ser un valor no negativo e inferior al tamaño de la colección.
Nombre del parámetro: index
29/04/2020 23:34:04: [Método: System.Web.Mvc.ResultExecutedContext InvokeActionResultFilterRecursive(System.Collections.Generic.IList`1[System.Web.Mvc.IResultFilter], Int32, System.Web.Mvc.ResultExecutingContext, System.Web.Mvc.ControllerContext, System.Web.Mvc.ActionResult), Línea: 0] - El índice estaba fuera del intervalo. Debe ser un valor no negativo e inferior al tamaño de la colección.
Nombre del parámetro: index
29/04/2020 23:34:04: [Método: System.Web.Mvc.ResultExecutedContext InvokeActionResultFilterRecursive(System.Collections.Generic.IList`1[System.Web.Mvc.IResultFilter], Int32, System.Web.Mvc.ResultExecutingContext, System.Web.Mvc.ControllerContext, System.Web.Mvc.ActionResult), Línea: 0] - El índice estaba fuera del intervalo. Debe ser un valor no negativo e inferior al tamaño de la colección.
Nombre del parámetro: index
29/04/2020 23:34:04: [Método: System.Web.Mvc.ResultExecutedContext InvokeActionResultFilterRecursive(System.Collections.Generic.IList`1[System.Web.Mvc.IResultFilter], Int32, System.Web.Mvc.ResultExecutingContext, System.Web.Mvc.ControllerContext, System.Web.Mvc.ActionResult), Línea: 0] - El índice estaba fuera del intervalo. Debe ser un valor no negativo e inferior al tamaño de la colección.
Nombre del parámetro: index
29/04/2020 23:34:04: [Método: System.Web.Mvc.ResultExecutedContext InvokeActionResultWithFilters(System.Web.Mvc.ControllerContext, System.Collections.Generic.IList`1[System.Web.Mvc.IResultFilter], System.Web.Mvc.ActionResult), Línea: 0] - El índice estaba fuera del intervalo. Debe ser un valor no negativo e inferior al tamaño de la colección.
Nombre del parámetro: index
29/04/2020 23:34:04: [Método: Void <BeginInvokeAction>b__1c(), Línea: 0] - El índice estaba fuera del intervalo. Debe ser un valor no negativo e inferior al tamaño de la colección.
Nombre del parámetro: index
29/04/2020 23:34:04: [Método: Boolean <BeginInvokeAction>b__1e(System.IAsyncResult), Línea: 0] - El índice estaba fuera del intervalo. Debe ser un valor no negativo e inferior al tamaño de la colección.
Nombre del parámetro: index
29/04/2020 23:34:04: [Método: TResult CallEndDelegate(System.IAsyncResult), Línea: 0] - El índice estaba fuera del intervalo. Debe ser un valor no negativo e inferior al tamaño de la colección.
Nombre del parámetro: index
29/04/2020 23:34:04: [Método: TResult End(), Línea: 0] - El índice estaba fuera del intervalo. Debe ser un valor no negativo e inferior al tamaño de la colección.
Nombre del parámetro: index
29/04/2020 23:34:04: [Método: Boolean EndInvokeAction(System.IAsyncResult), Línea: 0] - El índice estaba fuera del intervalo. Debe ser un valor no negativo e inferior al tamaño de la colección.
Nombre del parámetro: index
29/04/2020 23:34:04: [Método: Void <BeginExecuteCore>b__1d(System.IAsyncResult, ExecuteCoreState), Línea: 0] - El índice estaba fuera del intervalo. Debe ser un valor no negativo e inferior al tamaño de la colección.
Nombre del parámetro: index
29/04/2020 23:34:04: [Método: System.Web.Mvc.Async.AsyncVoid CallEndDelegate(System.IAsyncResult), Línea: 0] - El índice estaba fuera del intervalo. Debe ser un valor no negativo e inferior al tamaño de la colección.
Nombre del parámetro: index
29/04/2020 23:34:04: [Método: TResult End(), Línea: 0] - El índice estaba fuera del intervalo. Debe ser un valor no negativo e inferior al tamaño de la colección.
Nombre del parámetro: index
29/04/2020 23:34:04: [Método: Void EndExecuteCore(System.IAsyncResult), Línea: 0] - El índice estaba fuera del intervalo. Debe ser un valor no negativo e inferior al tamaño de la colección.
Nombre del parámetro: index
29/04/2020 23:34:04: [Método: Void <BeginExecute>b__15(System.IAsyncResult, System.Web.Mvc.Controller), Línea: 0] - El índice estaba fuera del intervalo. Debe ser un valor no negativo e inferior al tamaño de la colección.
Nombre del parámetro: index
29/04/2020 23:34:04: [Método: System.Web.Mvc.Async.AsyncVoid CallEndDelegate(System.IAsyncResult), Línea: 0] - El índice estaba fuera del intervalo. Debe ser un valor no negativo e inferior al tamaño de la colección.
Nombre del parámetro: index
29/04/2020 23:34:04: [Método: TResult End(), Línea: 0] - El índice estaba fuera del intervalo. Debe ser un valor no negativo e inferior al tamaño de la colección.
Nombre del parámetro: index
29/04/2020 23:34:04: [Método: Void EndExecute(System.IAsyncResult), Línea: 0] - El índice estaba fuera del intervalo. Debe ser un valor no negativo e inferior al tamaño de la colección.
Nombre del parámetro: index
29/04/2020 23:34:04: [Método: Void System.Web.Mvc.Async.IAsyncController.EndExecute(System.IAsyncResult), Línea: 0] - El índice estaba fuera del intervalo. Debe ser un valor no negativo e inferior al tamaño de la colección.
Nombre del parámetro: index
29/04/2020 23:34:04: [Método: Void <BeginProcessRequest>b__5(System.IAsyncResult, ProcessRequestState), Línea: 0] - El índice estaba fuera del intervalo. Debe ser un valor no negativo e inferior al tamaño de la colección.
Nombre del parámetro: index
29/04/2020 23:34:04: [Método: System.Web.Mvc.Async.AsyncVoid CallEndDelegate(System.IAsyncResult), Línea: 0] - El índice estaba fuera del intervalo. Debe ser un valor no negativo e inferior al tamaño de la colección.
Nombre del parámetro: index
29/04/2020 23:34:04: [Método: TResult End(), Línea: 0] - El índice estaba fuera del intervalo. Debe ser un valor no negativo e inferior al tamaño de la colección.
Nombre del parámetro: index
29/04/2020 23:34:04: [Método: Void EndProcessRequest(System.IAsyncResult), Línea: 0] - El índice estaba fuera del intervalo. Debe ser un valor no negativo e inferior al tamaño de la colección.
Nombre del parámetro: index
29/04/2020 23:34:04: [Método: Void System.Web.IHttpAsyncHandler.EndProcessRequest(System.IAsyncResult), Línea: 0] - El índice estaba fuera del intervalo. Debe ser un valor no negativo e inferior al tamaño de la colección.
Nombre del parámetro: index
29/04/2020 23:34:04: [Método: Void System.Web.HttpApplication.IExecutionStep.Execute(), Línea: 0] - El índice estaba fuera del intervalo. Debe ser un valor no negativo e inferior al tamaño de la colección.
Nombre del parámetro: index
29/04/2020 23:34:04: [Método: Void ExecuteStepImpl(IExecutionStep), Línea: 0] - El índice estaba fuera del intervalo. Debe ser un valor no negativo e inferior al tamaño de la colección.
Nombre del parámetro: index
29/04/2020 23:34:04: [Método: System.Exception ExecuteStep(IExecutionStep, Boolean ByRef), Línea: 0] - El índice estaba fuera del intervalo. Debe ser un valor no negativo e inferior al tamaño de la colección.
Nombre del parámetro: index
29/04/2020 23:34:34: [Método: Void HandleErrorHelper(Int32, Oracle.DataAccess.Client.OracleConnection, IntPtr, Oracle.DataAccess.Client.OpoSqlValCtx*, System.Object, System.String, Boolean, Int32, Oracle.DataAccess.Client.OracleLogicalTransaction), Línea: 0] - ORA-00936: falta una expresión
ORA-06512: en "MRVMM.PKG_MRV_DETALLE_INDICADORES", línea 1166
ORA-06512: en línea 1
29/04/2020 23:34:34: [Método: Void HandleError(Int32, Oracle.DataAccess.Client.OracleConnection, System.String, IntPtr, Oracle.DataAccess.Client.OpoSqlValCtx*, System.Object, Boolean, Oracle.DataAccess.Client.OracleLogicalTransaction), Línea: 0] - ORA-00936: falta una expresión
ORA-06512: en "MRVMM.PKG_MRV_DETALLE_INDICADORES", línea 1166
ORA-06512: en línea 1
29/04/2020 23:34:34: [Método: Int32 ExecuteNonQuery(), Línea: 0] - ORA-00936: falta una expresión
ORA-06512: en "MRVMM.PKG_MRV_DETALLE_INDICADORES", línea 1166
ORA-06512: en línea 1
29/04/2020 23:34:34: [Método: Int32 ExecuteCommand(System.Data.IDbConnection, Dapper.CommandDefinition ByRef, System.Action`2[System.Data.IDbCommand,System.Object]), Línea: 0] - ORA-00936: falta una expresión
ORA-06512: en "MRVMM.PKG_MRV_DETALLE_INDICADORES", línea 1166
ORA-06512: en línea 1
29/04/2020 23:34:34: [Método: Int32 ExecuteImpl(System.Data.IDbConnection, Dapper.CommandDefinition ByRef), Línea: 0] - ORA-00936: falta una expresión
ORA-06512: en "MRVMM.PKG_MRV_DETALLE_INDICADORES", línea 1166
ORA-06512: en línea 1
29/04/2020 23:34:34: [Método: Int32 Execute(System.Data.IDbConnection, System.String, System.Object, System.Data.IDbTransaction, System.Nullable`1[System.Int32], System.Nullable`1[System.Data.CommandType]), Línea: 0] - ORA-00936: falta una expresión
ORA-06512: en "MRVMM.PKG_MRV_DETALLE_INDICADORES", línea 1166
ORA-06512: en línea 1
29/04/2020 23:34:34: [Método: entidad.minem.gob.pe.IniciativaBE EliminarIndicadoresFile(entidad.minem.gob.pe.IniciativaBE), Línea: 652] - ORA-00936: falta una expresión
ORA-06512: en "MRVMM.PKG_MRV_DETALLE_INDICADORES", línea 1166
ORA-06512: en línea 1
29/04/2020 23:35:21: [Método: Void HandleErrorHelper(Int32, Oracle.DataAccess.Client.OracleConnection, IntPtr, Oracle.DataAccess.Client.OpoSqlValCtx*, System.Object, System.String, Boolean, Int32, Oracle.DataAccess.Client.OracleLogicalTransaction), Línea: 0] - ORA-00936: falta una expresión
ORA-06512: en "MRVMM.PKG_MRV_DETALLE_INDICADORES", línea 1166
ORA-06512: en línea 1
29/04/2020 23:35:21: [Método: Void HandleError(Int32, Oracle.DataAccess.Client.OracleConnection, System.String, IntPtr, Oracle.DataAccess.Client.OpoSqlValCtx*, System.Object, Boolean, Oracle.DataAccess.Client.OracleLogicalTransaction), Línea: 0] - ORA-00936: falta una expresión
ORA-06512: en "MRVMM.PKG_MRV_DETALLE_INDICADORES", línea 1166
ORA-06512: en línea 1
29/04/2020 23:35:21: [Método: Int32 ExecuteNonQuery(), Línea: 0] - ORA-00936: falta una expresión
ORA-06512: en "MRVMM.PKG_MRV_DETALLE_INDICADORES", línea 1166
ORA-06512: en línea 1
29/04/2020 23:35:21: [Método: Int32 ExecuteCommand(System.Data.IDbConnection, Dapper.CommandDefinition ByRef, System.Action`2[System.Data.IDbCommand,System.Object]), Línea: 0] - ORA-00936: falta una expresión
ORA-06512: en "MRVMM.PKG_MRV_DETALLE_INDICADORES", línea 1166
ORA-06512: en línea 1
29/04/2020 23:35:21: [Método: Int32 ExecuteImpl(System.Data.IDbConnection, Dapper.CommandDefinition ByRef), Línea: 0] - ORA-00936: falta una expresión
ORA-06512: en "MRVMM.PKG_MRV_DETALLE_INDICADORES", línea 1166
ORA-06512: en línea 1
29/04/2020 23:35:21: [Método: Int32 Execute(System.Data.IDbConnection, System.String, System.Object, System.Data.IDbTransaction, System.Nullable`1[System.Int32], System.Nullable`1[System.Data.CommandType]), Línea: 0] - ORA-00936: falta una expresión
ORA-06512: en "MRVMM.PKG_MRV_DETALLE_INDICADORES", línea 1166
ORA-06512: en línea 1
29/04/2020 23:35:21: [Método: entidad.minem.gob.pe.IniciativaBE EliminarIndicadoresFile(entidad.minem.gob.pe.IniciativaBE), Línea: 652] - ORA-00936: falta una expresión
ORA-06512: en "MRVMM.PKG_MRV_DETALLE_INDICADORES", línea 1166
ORA-06512: en línea 1
29/04/2020 23:35:58: [Método: Void HandleErrorHelper(Int32, Oracle.DataAccess.Client.OracleConnection, IntPtr, Oracle.DataAccess.Client.OpoSqlValCtx*, System.Object, System.String, Boolean, Int32, Oracle.DataAccess.Client.OracleLogicalTransaction), Línea: 0] - ORA-00936: falta una expresión
ORA-06512: en "MRVMM.PKG_MRV_DETALLE_INDICADORES", línea 1166
ORA-06512: en línea 1
29/04/2020 23:35:58: [Método: Void HandleError(Int32, Oracle.DataAccess.Client.OracleConnection, System.String, IntPtr, Oracle.DataAccess.Client.OpoSqlValCtx*, System.Object, Boolean, Oracle.DataAccess.Client.OracleLogicalTransaction), Línea: 0] - ORA-00936: falta una expresión
ORA-06512: en "MRVMM.PKG_MRV_DETALLE_INDICADORES", línea 1166
ORA-06512: en línea 1
29/04/2020 23:35:58: [Método: Int32 ExecuteNonQuery(), Línea: 0] - ORA-00936: falta una expresión
ORA-06512: en "MRVMM.PKG_MRV_DETALLE_INDICADORES", línea 1166
ORA-06512: en línea 1
29/04/2020 23:35:58: [Método: Int32 ExecuteCommand(System.Data.IDbConnection, Dapper.CommandDefinition ByRef, System.Action`2[System.Data.IDbCommand,System.Object]), Línea: 0] - ORA-00936: falta una expresión
ORA-06512: en "MRVMM.PKG_MRV_DETALLE_INDICADORES", línea 1166
ORA-06512: en línea 1
29/04/2020 23:35:58: [Método: Int32 ExecuteImpl(System.Data.IDbConnection, Dapper.CommandDefinition ByRef), Línea: 0] - ORA-00936: falta una expresión
ORA-06512: en "MRVMM.PKG_MRV_DETALLE_INDICADORES", línea 1166
ORA-06512: en línea 1
29/04/2020 23:35:58: [Método: Int32 Execute(System.Data.IDbConnection, System.String, System.Object, System.Data.IDbTransaction, System.Nullable`1[System.Int32], System.Nullable`1[System.Data.CommandType]), Línea: 0] - ORA-00936: falta una expresión
ORA-06512: en "MRVMM.PKG_MRV_DETALLE_INDICADORES", línea 1166
ORA-06512: en línea 1
29/04/2020 23:35:58: [Método: entidad.minem.gob.pe.IniciativaBE EliminarIndicadoresFile(entidad.minem.gob.pe.IniciativaBE), Línea: 652] - ORA-00936: falta una expresión
ORA-06512: en "MRVMM.PKG_MRV_DETALLE_INDICADORES", línea 1166
ORA-06512: en línea 1
