18/01/2021 14:19:03: [Método: Void HandleErrorHelper(Int32, Oracle.DataAccess.Client.OracleConnection, IntPtr, Oracle.DataAccess.Client.OpoSqlValCtx*, System.Object, System.String, Boolean, Int32, Oracle.DataAccess.Client.OracleLogicalTransaction), Línea: 0] - ORA-04063: package body "MRVMM_P.PKG_MRV_REPORTES" tiene errores
ORA-06508: PL/SQL: no se ha encontrado la unidad de programa llamada : "MRVMM_P.PKG_MRV_REPORTES"
ORA-06512: en línea 1
18/01/2021 14:19:03: [Método: Void HandleError(Int32, Oracle.DataAccess.Client.OracleConnection, System.String, IntPtr, Oracle.DataAccess.Client.OpoSqlValCtx*, System.Object, Boolean, Oracle.DataAccess.Client.OracleLogicalTransaction), Línea: 0] - ORA-04063: package body "MRVMM_P.PKG_MRV_REPORTES" tiene errores
ORA-06508: PL/SQL: no se ha encontrado la unidad de programa llamada : "MRVMM_P.PKG_MRV_REPORTES"
ORA-06512: en línea 1
18/01/2021 14:19:03: [Método: Oracle.DataAccess.Client.OracleDataReader ExecuteReader(Boolean, Boolean, System.Data.CommandBehavior), Línea: 0] - ORA-04063: package body "MRVMM_P.PKG_MRV_REPORTES" tiene errores
ORA-06508: PL/SQL: no se ha encontrado la unidad de programa llamada : "MRVMM_P.PKG_MRV_REPORTES"
ORA-06512: en línea 1
18/01/2021 14:19:03: [Método: System.Data.Common.DbDataReader ExecuteDbDataReader(System.Data.CommandBehavior), Línea: 0] - ORA-04063: package body "MRVMM_P.PKG_MRV_REPORTES" tiene errores
ORA-06508: PL/SQL: no se ha encontrado la unidad de programa llamada : "MRVMM_P.PKG_MRV_REPORTES"
ORA-06512: en línea 1
18/01/2021 14:19:03: [Método: System.Data.IDataReader System.Data.IDbCommand.ExecuteReader(System.Data.CommandBehavior), Línea: 0] - ORA-04063: package body "MRVMM_P.PKG_MRV_REPORTES" tiene errores
ORA-06508: PL/SQL: no se ha encontrado la unidad de programa llamada : "MRVMM_P.PKG_MRV_REPORTES"
ORA-06512: en línea 1
18/01/2021 14:19:03: [Método: System.Data.IDataReader ExecuteReaderWithFlagsFallback(System.Data.IDbCommand, Boolean, System.Data.CommandBehavior), Línea: 0] - ORA-04063: package body "MRVMM_P.PKG_MRV_REPORTES" tiene errores
ORA-06508: PL/SQL: no se ha encontrado la unidad de programa llamada : "MRVMM_P.PKG_MRV_REPORTES"
ORA-06512: en línea 1
18/01/2021 14:19:03: [Método: Boolean MoveNext(), Línea: 0] - ORA-04063: package body "MRVMM_P.PKG_MRV_REPORTES" tiene errores
ORA-06508: PL/SQL: no se ha encontrado la unidad de programa llamada : "MRVMM_P.PKG_MRV_REPORTES"
ORA-06512: en línea 1
18/01/2021 14:19:03: [Método: Void .ctor(System.Collections.Generic.IEnumerable`1[T]), Línea: 0] - ORA-04063: package body "MRVMM_P.PKG_MRV_REPORTES" tiene errores
ORA-06508: PL/SQL: no se ha encontrado la unidad de programa llamada : "MRVMM_P.PKG_MRV_REPORTES"
ORA-06512: en línea 1
18/01/2021 14:19:03: [Método: System.Collections.Generic.List`1[TSource] ToList[TSource](System.Collections.Generic.IEnumerable`1[TSource]), Línea: 0] - ORA-04063: package body "MRVMM_P.PKG_MRV_REPORTES" tiene errores
ORA-06508: PL/SQL: no se ha encontrado la unidad de programa llamada : "MRVMM_P.PKG_MRV_REPORTES"
ORA-06512: en línea 1
18/01/2021 14:19:03: [Método: System.Collections.Generic.IEnumerable`1[T] Query[T](System.Data.IDbConnection, System.String, System.Object, System.Data.IDbTransaction, Boolean, System.Nullable`1[System.Int32], System.Nullable`1[System.Data.CommandType]), Línea: 0] - ORA-04063: package body "MRVMM_P.PKG_MRV_REPORTES" tiene errores
ORA-06508: PL/SQL: no se ha encontrado la unidad de programa llamada : "MRVMM_P.PKG_MRV_REPORTES"
ORA-06512: en línea 1
18/01/2021 14:19:03: [Método: System.Collections.Generic.List`1[entidad.minem.gob.pe.IniciativaBE] MostrarGeiporAnio(entidad.minem.gob.pe.IniciativaBE), Línea: 1460] - ORA-04063: package body "MRVMM_P.PKG_MRV_REPORTES" tiene errores
ORA-06508: PL/SQL: no se ha encontrado la unidad de programa llamada : "MRVMM_P.PKG_MRV_REPORTES"
ORA-06512: en línea 1
