03/06/2020 07:44:40 p.m.: [Método: System.Web.Mvc.IController GetControllerInstance(System.Web.Routing.RequestContext, System.Type), Línea: 0] - No se encuentra el controlador de la ruta de acceso '/Temp/(null)' o no implementa IController.
03/06/2020 07:44:40 p.m.: [Método: System.Web.Mvc.IController CreateController(System.Web.Routing.RequestContext, System.String), Línea: 0] - No se encuentra el controlador de la ruta de acceso '/Temp/(null)' o no implementa IController.
03/06/2020 07:44:40 p.m.: [Método: Void ProcessRequestInit(System.Web.HttpContextBase, System.Web.Mvc.IController ByRef, System.Web.Mvc.IControllerFactory ByRef), Línea: 0] - No se encuentra el controlador de la ruta de acceso '/Temp/(null)' o no implementa IController.
03/06/2020 07:44:40 p.m.: [Método: System.IAsyncResult BeginProcessRequest(System.Web.HttpContextBase, System.AsyncCallback, System.Object), Línea: 0] - No se encuentra el controlador de la ruta de acceso '/Temp/(null)' o no implementa IController.
03/06/2020 07:44:40 p.m.: [Método: System.IAsyncResult BeginProcessRequest(System.Web.HttpContext, System.AsyncCallback, System.Object), Línea: 0] - No se encuentra el controlador de la ruta de acceso '/Temp/(null)' o no implementa IController.
03/06/2020 07:44:40 p.m.: [Método: System.IAsyncResult System.Web.IHttpAsyncHandler.BeginProcessRequest(System.Web.HttpContext, System.AsyncCallback, System.Object), Línea: 0] - No se encuentra el controlador de la ruta de acceso '/Temp/(null)' o no implementa IController.
03/06/2020 07:44:40 p.m.: [Método: Void System.Web.HttpApplication.IExecutionStep.Execute(), Línea: 0] - No se encuentra el controlador de la ruta de acceso '/Temp/(null)' o no implementa IController.
03/06/2020 07:44:40 p.m.: [Método: Void ExecuteStepImpl(IExecutionStep), Línea: 0] - No se encuentra el controlador de la ruta de acceso '/Temp/(null)' o no implementa IController.
03/06/2020 07:44:40 p.m.: [Método: System.Exception ExecuteStep(IExecutionStep, Boolean ByRef), Línea: 0] - No se encuentra el controlador de la ruta de acceso '/Temp/(null)' o no implementa IController.
03/06/2020 07:44:49 p.m.: [Método: System.Web.Mvc.IController GetControllerInstance(System.Web.Routing.RequestContext, System.Type), Línea: 0] - No se encuentra el controlador de la ruta de acceso '/Temp/(null)' o no implementa IController.
03/06/2020 07:44:49 p.m.: [Método: System.Web.Mvc.IController CreateController(System.Web.Routing.RequestContext, System.String), Línea: 0] - No se encuentra el controlador de la ruta de acceso '/Temp/(null)' o no implementa IController.
03/06/2020 07:44:49 p.m.: [Método: Void ProcessRequestInit(System.Web.HttpContextBase, System.Web.Mvc.IController ByRef, System.Web.Mvc.IControllerFactory ByRef), Línea: 0] - No se encuentra el controlador de la ruta de acceso '/Temp/(null)' o no implementa IController.
03/06/2020 07:44:49 p.m.: [Método: System.IAsyncResult BeginProcessRequest(System.Web.HttpContextBase, System.AsyncCallback, System.Object), Línea: 0] - No se encuentra el controlador de la ruta de acceso '/Temp/(null)' o no implementa IController.
03/06/2020 07:44:49 p.m.: [Método: System.IAsyncResult BeginProcessRequest(System.Web.HttpContext, System.AsyncCallback, System.Object), Línea: 0] - No se encuentra el controlador de la ruta de acceso '/Temp/(null)' o no implementa IController.
03/06/2020 07:44:49 p.m.: [Método: System.IAsyncResult System.Web.IHttpAsyncHandler.BeginProcessRequest(System.Web.HttpContext, System.AsyncCallback, System.Object), Línea: 0] - No se encuentra el controlador de la ruta de acceso '/Temp/(null)' o no implementa IController.
03/06/2020 07:44:49 p.m.: [Método: Void System.Web.HttpApplication.IExecutionStep.Execute(), Línea: 0] - No se encuentra el controlador de la ruta de acceso '/Temp/(null)' o no implementa IController.
03/06/2020 07:44:49 p.m.: [Método: Void ExecuteStepImpl(IExecutionStep), Línea: 0] - No se encuentra el controlador de la ruta de acceso '/Temp/(null)' o no implementa IController.
03/06/2020 07:44:49 p.m.: [Método: System.Exception ExecuteStep(IExecutionStep, Boolean ByRef), Línea: 0] - No se encuentra el controlador de la ruta de acceso '/Temp/(null)' o no implementa IController.
03/06/2020 07:51:35 p.m.: [Método: System.Web.Mvc.IController GetControllerInstance(System.Web.Routing.RequestContext, System.Type), Línea: 0] - No se encuentra el controlador de la ruta de acceso '/Temp/(null)' o no implementa IController.
03/06/2020 07:51:35 p.m.: [Método: System.Web.Mvc.IController CreateController(System.Web.Routing.RequestContext, System.String), Línea: 0] - No se encuentra el controlador de la ruta de acceso '/Temp/(null)' o no implementa IController.
03/06/2020 07:51:35 p.m.: [Método: Void ProcessRequestInit(System.Web.HttpContextBase, System.Web.Mvc.IController ByRef, System.Web.Mvc.IControllerFactory ByRef), Línea: 0] - No se encuentra el controlador de la ruta de acceso '/Temp/(null)' o no implementa IController.
03/06/2020 07:51:35 p.m.: [Método: System.IAsyncResult BeginProcessRequest(System.Web.HttpContextBase, System.AsyncCallback, System.Object), Línea: 0] - No se encuentra el controlador de la ruta de acceso '/Temp/(null)' o no implementa IController.
03/06/2020 07:51:35 p.m.: [Método: System.IAsyncResult BeginProcessRequest(System.Web.HttpContext, System.AsyncCallback, System.Object), Línea: 0] - No se encuentra el controlador de la ruta de acceso '/Temp/(null)' o no implementa IController.
03/06/2020 07:51:35 p.m.: [Método: System.IAsyncResult System.Web.IHttpAsyncHandler.BeginProcessRequest(System.Web.HttpContext, System.AsyncCallback, System.Object), Línea: 0] - No se encuentra el controlador de la ruta de acceso '/Temp/(null)' o no implementa IController.
03/06/2020 07:51:35 p.m.: [Método: Void System.Web.HttpApplication.IExecutionStep.Execute(), Línea: 0] - No se encuentra el controlador de la ruta de acceso '/Temp/(null)' o no implementa IController.
03/06/2020 07:51:35 p.m.: [Método: Void ExecuteStepImpl(IExecutionStep), Línea: 0] - No se encuentra el controlador de la ruta de acceso '/Temp/(null)' o no implementa IController.
03/06/2020 07:51:35 p.m.: [Método: System.Exception ExecuteStep(IExecutionStep, Boolean ByRef), Línea: 0] - No se encuentra el controlador de la ruta de acceso '/Temp/(null)' o no implementa IController.
