06/03/2020 12:17:09 a.m.: [Método: Void HandleErrorHelper(Int32, Oracle.DataAccess.Client.OracleConnection, IntPtr, Oracle.DataAccess.Client.OpoSqlValCtx*, System.Object, System.String, Boolean, Int32, Oracle.DataAccess.Client.OracleLogicalTransaction), Línea: 0] - ORA-06550: línea 1, columna 35:
PLS-00302: el componente 'USP_SEL_LISTA_TIPO_INICIATIVA' se debe declarar
ORA-06550: línea 1, columna 7:
PL/SQL: Statement ignored
06/03/2020 12:17:09 a.m.: [Método: Void HandleError(Int32, Oracle.DataAccess.Client.OracleConnection, System.String, IntPtr, Oracle.DataAccess.Client.OpoSqlValCtx*, System.Object, Boolean, Oracle.DataAccess.Client.OracleLogicalTransaction), Línea: 0] - ORA-06550: línea 1, columna 35:
PLS-00302: el componente 'USP_SEL_LISTA_TIPO_INICIATIVA' se debe declarar
ORA-06550: línea 1, columna 7:
PL/SQL: Statement ignored
06/03/2020 12:17:09 a.m.: [Método: Oracle.DataAccess.Client.OracleDataReader ExecuteReader(Boolean, Boolean, System.Data.CommandBehavior), Línea: 0] - ORA-06550: línea 1, columna 35:
PLS-00302: el componente 'USP_SEL_LISTA_TIPO_INICIATIVA' se debe declarar
ORA-06550: línea 1, columna 7:
PL/SQL: Statement ignored
06/03/2020 12:17:09 a.m.: [Método: System.Data.Common.DbDataReader ExecuteDbDataReader(System.Data.CommandBehavior), Línea: 0] - ORA-06550: línea 1, columna 35:
PLS-00302: el componente 'USP_SEL_LISTA_TIPO_INICIATIVA' se debe declarar
ORA-06550: línea 1, columna 7:
PL/SQL: Statement ignored
06/03/2020 12:17:09 a.m.: [Método: System.Data.IDataReader System.Data.IDbCommand.ExecuteReader(System.Data.CommandBehavior), Línea: 0] - ORA-06550: línea 1, columna 35:
PLS-00302: el componente 'USP_SEL_LISTA_TIPO_INICIATIVA' se debe declarar
ORA-06550: línea 1, columna 7:
PL/SQL: Statement ignored
06/03/2020 12:17:09 a.m.: [Método: System.Data.IDataReader ExecuteReaderWithFlagsFallback(System.Data.IDbCommand, Boolean, System.Data.CommandBehavior), Línea: 0] - ORA-06550: línea 1, columna 35:
PLS-00302: el componente 'USP_SEL_LISTA_TIPO_INICIATIVA' se debe declarar
ORA-06550: línea 1, columna 7:
PL/SQL: Statement ignored
06/03/2020 12:17:09 a.m.: [Método: Boolean MoveNext(), Línea: 0] - ORA-06550: línea 1, columna 35:
PLS-00302: el componente 'USP_SEL_LISTA_TIPO_INICIATIVA' se debe declarar
ORA-06550: línea 1, columna 7:
PL/SQL: Statement ignored
06/03/2020 12:17:09 a.m.: [Método: Void .ctor(System.Collections.Generic.IEnumerable`1[T]), Línea: 0] - ORA-06550: línea 1, columna 35:
PLS-00302: el componente 'USP_SEL_LISTA_TIPO_INICIATIVA' se debe declarar
ORA-06550: línea 1, columna 7:
PL/SQL: Statement ignored
06/03/2020 12:17:09 a.m.: [Método: System.Collections.Generic.List`1[TSource] ToList[TSource](System.Collections.Generic.IEnumerable`1[TSource]), Línea: 0] - ORA-06550: línea 1, columna 35:
PLS-00302: el componente 'USP_SEL_LISTA_TIPO_INICIATIVA' se debe declarar
ORA-06550: línea 1, columna 7:
PL/SQL: Statement ignored
06/03/2020 12:17:09 a.m.: [Método: System.Collections.Generic.IEnumerable`1[T] Query[T](System.Data.IDbConnection, System.String, System.Object, System.Data.IDbTransaction, Boolean, System.Nullable`1[System.Int32], System.Nullable`1[System.Data.CommandType]), Línea: 0] - ORA-06550: línea 1, columna 35:
PLS-00302: el componente 'USP_SEL_LISTA_TIPO_INICIATIVA' se debe declarar
ORA-06550: línea 1, columna 7:
PL/SQL: Statement ignored
06/03/2020 12:17:09 a.m.: [Método: System.Collections.Generic.List`1[entidad.minem.gob.pe.TipoIniciativaBE] ListarTipoIniciativa(), Línea: 30] - ORA-06550: línea 1, columna 35:
PLS-00302: el componente 'USP_SEL_LISTA_TIPO_INICIATIVA' se debe declarar
ORA-06550: línea 1, columna 7:
PL/SQL: Statement ignored
06/03/2020 12:17:21 a.m.: [Método: Void HandleErrorHelper(Int32, Oracle.DataAccess.Client.OracleConnection, IntPtr, Oracle.DataAccess.Client.OpoSqlValCtx*, System.Object, System.String, Boolean, Int32, Oracle.DataAccess.Client.OracleLogicalTransaction), Línea: 0] - ORA-06550: línea 1, columna 7:
PLS-00306: número o tipos de argumentos erróneos al llamar a 'USP_UPD_APROBAR_INICIATIVA'
ORA-06550: línea 1, columna 7:
PL/SQL: Statement ignored
06/03/2020 12:17:21 a.m.: [Método: Void HandleError(Int32, Oracle.DataAccess.Client.OracleConnection, System.String, IntPtr, Oracle.DataAccess.Client.OpoSqlValCtx*, System.Object, Boolean, Oracle.DataAccess.Client.OracleLogicalTransaction), Línea: 0] - ORA-06550: línea 1, columna 7:
PLS-00306: número o tipos de argumentos erróneos al llamar a 'USP_UPD_APROBAR_INICIATIVA'
ORA-06550: línea 1, columna 7:
PL/SQL: Statement ignored
06/03/2020 12:17:21 a.m.: [Método: Int32 ExecuteNonQuery(), Línea: 0] - ORA-06550: línea 1, columna 7:
PLS-00306: número o tipos de argumentos erróneos al llamar a 'USP_UPD_APROBAR_INICIATIVA'
ORA-06550: línea 1, columna 7:
PL/SQL: Statement ignored
06/03/2020 12:17:21 a.m.: [Método: Int32 ExecuteCommand(System.Data.IDbConnection, Dapper.CommandDefinition ByRef, System.Action`2[System.Data.IDbCommand,System.Object]), Línea: 0] - ORA-06550: línea 1, columna 7:
PLS-00306: número o tipos de argumentos erróneos al llamar a 'USP_UPD_APROBAR_INICIATIVA'
ORA-06550: línea 1, columna 7:
PL/SQL: Statement ignored
06/03/2020 12:17:21 a.m.: [Método: Int32 ExecuteImpl(System.Data.IDbConnection, Dapper.CommandDefinition ByRef), Línea: 0] - ORA-06550: línea 1, columna 7:
PLS-00306: número o tipos de argumentos erróneos al llamar a 'USP_UPD_APROBAR_INICIATIVA'
ORA-06550: línea 1, columna 7:
PL/SQL: Statement ignored
06/03/2020 12:17:21 a.m.: [Método: Int32 Execute(System.Data.IDbConnection, System.String, System.Object, System.Data.IDbTransaction, System.Nullable`1[System.Int32], System.Nullable`1[System.Data.CommandType]), Línea: 0] - ORA-06550: línea 1, columna 7:
PLS-00306: número o tipos de argumentos erróneos al llamar a 'USP_UPD_APROBAR_INICIATIVA'
ORA-06550: línea 1, columna 7:
PL/SQL: Statement ignored
06/03/2020 12:17:21 a.m.: [Método: entidad.minem.gob.pe.IniciativaBE AprobarIniciativaMitigacion(entidad.minem.gob.pe.IniciativaBE), Línea: 526] - ORA-06550: línea 1, columna 7:
PLS-00306: número o tipos de argumentos erróneos al llamar a 'USP_UPD_APROBAR_INICIATIVA'
ORA-06550: línea 1, columna 7:
PL/SQL: Statement ignored
06/03/2020 12:17:52 a.m.: [Método: Void HandleErrorHelper(Int32, Oracle.DataAccess.Client.OracleConnection, IntPtr, Oracle.DataAccess.Client.OpoSqlValCtx*, System.Object, System.String, Boolean, Int32, Oracle.DataAccess.Client.OracleLogicalTransaction), Línea: 0] - ORA-06550: línea 1, columna 7:
PLS-00306: número o tipos de argumentos erróneos al llamar a 'USP_UPD_APROBAR_INICIATIVA'
ORA-06550: línea 1, columna 7:
PL/SQL: Statement ignored
06/03/2020 12:17:52 a.m.: [Método: Void HandleError(Int32, Oracle.DataAccess.Client.OracleConnection, System.String, IntPtr, Oracle.DataAccess.Client.OpoSqlValCtx*, System.Object, Boolean, Oracle.DataAccess.Client.OracleLogicalTransaction), Línea: 0] - ORA-06550: línea 1, columna 7:
PLS-00306: número o tipos de argumentos erróneos al llamar a 'USP_UPD_APROBAR_INICIATIVA'
ORA-06550: línea 1, columna 7:
PL/SQL: Statement ignored
06/03/2020 12:17:52 a.m.: [Método: Int32 ExecuteNonQuery(), Línea: 0] - ORA-06550: línea 1, columna 7:
PLS-00306: número o tipos de argumentos erróneos al llamar a 'USP_UPD_APROBAR_INICIATIVA'
ORA-06550: línea 1, columna 7:
PL/SQL: Statement ignored
06/03/2020 12:17:52 a.m.: [Método: Int32 ExecuteCommand(System.Data.IDbConnection, Dapper.CommandDefinition ByRef, System.Action`2[System.Data.IDbCommand,System.Object]), Línea: 0] - ORA-06550: línea 1, columna 7:
PLS-00306: número o tipos de argumentos erróneos al llamar a 'USP_UPD_APROBAR_INICIATIVA'
ORA-06550: línea 1, columna 7:
PL/SQL: Statement ignored
06/03/2020 12:17:52 a.m.: [Método: Int32 ExecuteImpl(System.Data.IDbConnection, Dapper.CommandDefinition ByRef), Línea: 0] - ORA-06550: línea 1, columna 7:
PLS-00306: número o tipos de argumentos erróneos al llamar a 'USP_UPD_APROBAR_INICIATIVA'
ORA-06550: línea 1, columna 7:
PL/SQL: Statement ignored
06/03/2020 12:17:52 a.m.: [Método: Int32 Execute(System.Data.IDbConnection, System.String, System.Object, System.Data.IDbTransaction, System.Nullable`1[System.Int32], System.Nullable`1[System.Data.CommandType]), Línea: 0] - ORA-06550: línea 1, columna 7:
PLS-00306: número o tipos de argumentos erróneos al llamar a 'USP_UPD_APROBAR_INICIATIVA'
ORA-06550: línea 1, columna 7:
PL/SQL: Statement ignored
06/03/2020 12:17:52 a.m.: [Método: entidad.minem.gob.pe.IniciativaBE AprobarIniciativaMitigacion(entidad.minem.gob.pe.IniciativaBE), Línea: 526] - ORA-06550: línea 1, columna 7:
PLS-00306: número o tipos de argumentos erróneos al llamar a 'USP_UPD_APROBAR_INICIATIVA'
ORA-06550: línea 1, columna 7:
PL/SQL: Statement ignored
06/03/2020 12:21:55 a.m.: [Método: Void HandleErrorHelper(Int32, Oracle.DataAccess.Client.OracleConnection, IntPtr, Oracle.DataAccess.Client.OpoSqlValCtx*, System.Object, System.String, Boolean, Int32, Oracle.DataAccess.Client.OracleLogicalTransaction), Línea: 0] - ORA-06550: línea 1, columna 7:
PLS-00306: número o tipos de argumentos erróneos al llamar a 'USP_UPD_APROBAR_INICIATIVA'
ORA-06550: línea 1, columna 7:
PL/SQL: Statement ignored
06/03/2020 12:21:55 a.m.: [Método: Void HandleError(Int32, Oracle.DataAccess.Client.OracleConnection, System.String, IntPtr, Oracle.DataAccess.Client.OpoSqlValCtx*, System.Object, Boolean, Oracle.DataAccess.Client.OracleLogicalTransaction), Línea: 0] - ORA-06550: línea 1, columna 7:
PLS-00306: número o tipos de argumentos erróneos al llamar a 'USP_UPD_APROBAR_INICIATIVA'
ORA-06550: línea 1, columna 7:
PL/SQL: Statement ignored
06/03/2020 12:21:55 a.m.: [Método: Int32 ExecuteNonQuery(), Línea: 0] - ORA-06550: línea 1, columna 7:
PLS-00306: número o tipos de argumentos erróneos al llamar a 'USP_UPD_APROBAR_INICIATIVA'
ORA-06550: línea 1, columna 7:
PL/SQL: Statement ignored
06/03/2020 12:21:55 a.m.: [Método: Int32 ExecuteCommand(System.Data.IDbConnection, Dapper.CommandDefinition ByRef, System.Action`2[System.Data.IDbCommand,System.Object]), Línea: 0] - ORA-06550: línea 1, columna 7:
PLS-00306: número o tipos de argumentos erróneos al llamar a 'USP_UPD_APROBAR_INICIATIVA'
ORA-06550: línea 1, columna 7:
PL/SQL: Statement ignored
06/03/2020 12:21:55 a.m.: [Método: Int32 ExecuteImpl(System.Data.IDbConnection, Dapper.CommandDefinition ByRef), Línea: 0] - ORA-06550: línea 1, columna 7:
PLS-00306: número o tipos de argumentos erróneos al llamar a 'USP_UPD_APROBAR_INICIATIVA'
ORA-06550: línea 1, columna 7:
PL/SQL: Statement ignored
06/03/2020 12:21:55 a.m.: [Método: Int32 Execute(System.Data.IDbConnection, System.String, System.Object, System.Data.IDbTransaction, System.Nullable`1[System.Int32], System.Nullable`1[System.Data.CommandType]), Línea: 0] - ORA-06550: línea 1, columna 7:
PLS-00306: número o tipos de argumentos erróneos al llamar a 'USP_UPD_APROBAR_INICIATIVA'
ORA-06550: línea 1, columna 7:
PL/SQL: Statement ignored
06/03/2020 12:21:55 a.m.: [Método: entidad.minem.gob.pe.IniciativaBE AprobarIniciativaMitigacion(entidad.minem.gob.pe.IniciativaBE), Línea: 526] - ORA-06550: línea 1, columna 7:
PLS-00306: número o tipos de argumentos erróneos al llamar a 'USP_UPD_APROBAR_INICIATIVA'
ORA-06550: línea 1, columna 7:
PL/SQL: Statement ignored
06/03/2020 12:32:51 a.m.: [Método: Void HandleErrorHelper(Int32, Oracle.DataAccess.Client.OracleConnection, IntPtr, Oracle.DataAccess.Client.OpoSqlValCtx*, System.Object, System.String, Boolean, Int32, Oracle.DataAccess.Client.OracleLogicalTransaction), Línea: 0] - ORA-06550: línea 1, columna 35:
PLS-00302: el componente 'USP_SEL_LISTA_TIPO_INICIATIVA' se debe declarar
ORA-06550: línea 1, columna 7:
PL/SQL: Statement ignored
06/03/2020 12:32:51 a.m.: [Método: Void HandleError(Int32, Oracle.DataAccess.Client.OracleConnection, System.String, IntPtr, Oracle.DataAccess.Client.OpoSqlValCtx*, System.Object, Boolean, Oracle.DataAccess.Client.OracleLogicalTransaction), Línea: 0] - ORA-06550: línea 1, columna 35:
PLS-00302: el componente 'USP_SEL_LISTA_TIPO_INICIATIVA' se debe declarar
ORA-06550: línea 1, columna 7:
PL/SQL: Statement ignored
06/03/2020 12:32:51 a.m.: [Método: Oracle.DataAccess.Client.OracleDataReader ExecuteReader(Boolean, Boolean, System.Data.CommandBehavior), Línea: 0] - ORA-06550: línea 1, columna 35:
PLS-00302: el componente 'USP_SEL_LISTA_TIPO_INICIATIVA' se debe declarar
ORA-06550: línea 1, columna 7:
PL/SQL: Statement ignored
06/03/2020 12:32:51 a.m.: [Método: System.Data.Common.DbDataReader ExecuteDbDataReader(System.Data.CommandBehavior), Línea: 0] - ORA-06550: línea 1, columna 35:
PLS-00302: el componente 'USP_SEL_LISTA_TIPO_INICIATIVA' se debe declarar
ORA-06550: línea 1, columna 7:
PL/SQL: Statement ignored
06/03/2020 12:32:51 a.m.: [Método: System.Data.IDataReader System.Data.IDbCommand.ExecuteReader(System.Data.CommandBehavior), Línea: 0] - ORA-06550: línea 1, columna 35:
PLS-00302: el componente 'USP_SEL_LISTA_TIPO_INICIATIVA' se debe declarar
ORA-06550: línea 1, columna 7:
PL/SQL: Statement ignored
06/03/2020 12:32:51 a.m.: [Método: System.Data.IDataReader ExecuteReaderWithFlagsFallback(System.Data.IDbCommand, Boolean, System.Data.CommandBehavior), Línea: 0] - ORA-06550: línea 1, columna 35:
PLS-00302: el componente 'USP_SEL_LISTA_TIPO_INICIATIVA' se debe declarar
ORA-06550: línea 1, columna 7:
PL/SQL: Statement ignored
06/03/2020 12:32:51 a.m.: [Método: Boolean MoveNext(), Línea: 0] - ORA-06550: línea 1, columna 35:
PLS-00302: el componente 'USP_SEL_LISTA_TIPO_INICIATIVA' se debe declarar
ORA-06550: línea 1, columna 7:
PL/SQL: Statement ignored
06/03/2020 12:32:51 a.m.: [Método: Void .ctor(System.Collections.Generic.IEnumerable`1[T]), Línea: 0] - ORA-06550: línea 1, columna 35:
PLS-00302: el componente 'USP_SEL_LISTA_TIPO_INICIATIVA' se debe declarar
ORA-06550: línea 1, columna 7:
PL/SQL: Statement ignored
06/03/2020 12:32:51 a.m.: [Método: System.Collections.Generic.List`1[TSource] ToList[TSource](System.Collections.Generic.IEnumerable`1[TSource]), Línea: 0] - ORA-06550: línea 1, columna 35:
PLS-00302: el componente 'USP_SEL_LISTA_TIPO_INICIATIVA' se debe declarar
ORA-06550: línea 1, columna 7:
PL/SQL: Statement ignored
06/03/2020 12:32:51 a.m.: [Método: System.Collections.Generic.IEnumerable`1[T] Query[T](System.Data.IDbConnection, System.String, System.Object, System.Data.IDbTransaction, Boolean, System.Nullable`1[System.Int32], System.Nullable`1[System.Data.CommandType]), Línea: 0] - ORA-06550: línea 1, columna 35:
PLS-00302: el componente 'USP_SEL_LISTA_TIPO_INICIATIVA' se debe declarar
ORA-06550: línea 1, columna 7:
PL/SQL: Statement ignored
06/03/2020 12:32:51 a.m.: [Método: System.Collections.Generic.List`1[entidad.minem.gob.pe.TipoIniciativaBE] ListarTipoIniciativa(), Línea: 30] - ORA-06550: línea 1, columna 35:
PLS-00302: el componente 'USP_SEL_LISTA_TIPO_INICIATIVA' se debe declarar
ORA-06550: línea 1, columna 7:
PL/SQL: Statement ignored
06/03/2020 12:37:35 a.m.: [Método: Void HandleErrorHelper(Int32, Oracle.DataAccess.Client.OracleConnection, IntPtr, Oracle.DataAccess.Client.OpoSqlValCtx*, System.Object, System.String, Boolean, Int32, Oracle.DataAccess.Client.OracleLogicalTransaction), Línea: 0] - ORA-06550: línea 1, columna 35:
PLS-00302: el componente 'USP_SEL_LISTA_TIPO_INICIATIVA' se debe declarar
ORA-06550: línea 1, columna 7:
PL/SQL: Statement ignored
06/03/2020 12:37:35 a.m.: [Método: Void HandleError(Int32, Oracle.DataAccess.Client.OracleConnection, System.String, IntPtr, Oracle.DataAccess.Client.OpoSqlValCtx*, System.Object, Boolean, Oracle.DataAccess.Client.OracleLogicalTransaction), Línea: 0] - ORA-06550: línea 1, columna 35:
PLS-00302: el componente 'USP_SEL_LISTA_TIPO_INICIATIVA' se debe declarar
ORA-06550: línea 1, columna 7:
PL/SQL: Statement ignored
06/03/2020 12:37:35 a.m.: [Método: Oracle.DataAccess.Client.OracleDataReader ExecuteReader(Boolean, Boolean, System.Data.CommandBehavior), Línea: 0] - ORA-06550: línea 1, columna 35:
PLS-00302: el componente 'USP_SEL_LISTA_TIPO_INICIATIVA' se debe declarar
ORA-06550: línea 1, columna 7:
PL/SQL: Statement ignored
06/03/2020 12:37:35 a.m.: [Método: System.Data.Common.DbDataReader ExecuteDbDataReader(System.Data.CommandBehavior), Línea: 0] - ORA-06550: línea 1, columna 35:
PLS-00302: el componente 'USP_SEL_LISTA_TIPO_INICIATIVA' se debe declarar
ORA-06550: línea 1, columna 7:
PL/SQL: Statement ignored
06/03/2020 12:37:35 a.m.: [Método: System.Data.IDataReader System.Data.IDbCommand.ExecuteReader(System.Data.CommandBehavior), Línea: 0] - ORA-06550: línea 1, columna 35:
PLS-00302: el componente 'USP_SEL_LISTA_TIPO_INICIATIVA' se debe declarar
ORA-06550: línea 1, columna 7:
PL/SQL: Statement ignored
06/03/2020 12:37:35 a.m.: [Método: System.Data.IDataReader ExecuteReaderWithFlagsFallback(System.Data.IDbCommand, Boolean, System.Data.CommandBehavior), Línea: 0] - ORA-06550: línea 1, columna 35:
PLS-00302: el componente 'USP_SEL_LISTA_TIPO_INICIATIVA' se debe declarar
ORA-06550: línea 1, columna 7:
PL/SQL: Statement ignored
06/03/2020 12:37:35 a.m.: [Método: Boolean MoveNext(), Línea: 0] - ORA-06550: línea 1, columna 35:
PLS-00302: el componente 'USP_SEL_LISTA_TIPO_INICIATIVA' se debe declarar
ORA-06550: línea 1, columna 7:
PL/SQL: Statement ignored
06/03/2020 12:37:35 a.m.: [Método: Void .ctor(System.Collections.Generic.IEnumerable`1[T]), Línea: 0] - ORA-06550: línea 1, columna 35:
PLS-00302: el componente 'USP_SEL_LISTA_TIPO_INICIATIVA' se debe declarar
ORA-06550: línea 1, columna 7:
PL/SQL: Statement ignored
06/03/2020 12:37:35 a.m.: [Método: System.Collections.Generic.List`1[TSource] ToList[TSource](System.Collections.Generic.IEnumerable`1[TSource]), Línea: 0] - ORA-06550: línea 1, columna 35:
PLS-00302: el componente 'USP_SEL_LISTA_TIPO_INICIATIVA' se debe declarar
ORA-06550: línea 1, columna 7:
PL/SQL: Statement ignored
06/03/2020 12:37:35 a.m.: [Método: System.Collections.Generic.IEnumerable`1[T] Query[T](System.Data.IDbConnection, System.String, System.Object, System.Data.IDbTransaction, Boolean, System.Nullable`1[System.Int32], System.Nullable`1[System.Data.CommandType]), Línea: 0] - ORA-06550: línea 1, columna 35:
PLS-00302: el componente 'USP_SEL_LISTA_TIPO_INICIATIVA' se debe declarar
ORA-06550: línea 1, columna 7:
PL/SQL: Statement ignored
06/03/2020 12:37:35 a.m.: [Método: System.Collections.Generic.List`1[entidad.minem.gob.pe.TipoIniciativaBE] ListarTipoIniciativa(), Línea: 30] - ORA-06550: línea 1, columna 35:
PLS-00302: el componente 'USP_SEL_LISTA_TIPO_INICIATIVA' se debe declarar
ORA-06550: línea 1, columna 7:
PL/SQL: Statement ignored
06/03/2020 12:43:33 a.m.: [Método: Void HandleErrorHelper(Int32, Oracle.DataAccess.Client.OracleConnection, IntPtr, Oracle.DataAccess.Client.OpoSqlValCtx*, System.Object, System.String, Boolean, Int32, Oracle.DataAccess.Client.OracleLogicalTransaction), Línea: 0] - ORA-06550: línea 1, columna 35:
PLS-00302: el componente 'USP_SEL_LISTA_TIPO_INICIATIVA' se debe declarar
ORA-06550: línea 1, columna 7:
PL/SQL: Statement ignored
06/03/2020 12:43:33 a.m.: [Método: Void HandleError(Int32, Oracle.DataAccess.Client.OracleConnection, System.String, IntPtr, Oracle.DataAccess.Client.OpoSqlValCtx*, System.Object, Boolean, Oracle.DataAccess.Client.OracleLogicalTransaction), Línea: 0] - ORA-06550: línea 1, columna 35:
PLS-00302: el componente 'USP_SEL_LISTA_TIPO_INICIATIVA' se debe declarar
ORA-06550: línea 1, columna 7:
PL/SQL: Statement ignored
06/03/2020 12:43:33 a.m.: [Método: Oracle.DataAccess.Client.OracleDataReader ExecuteReader(Boolean, Boolean, System.Data.CommandBehavior), Línea: 0] - ORA-06550: línea 1, columna 35:
PLS-00302: el componente 'USP_SEL_LISTA_TIPO_INICIATIVA' se debe declarar
ORA-06550: línea 1, columna 7:
PL/SQL: Statement ignored
06/03/2020 12:43:33 a.m.: [Método: System.Data.Common.DbDataReader ExecuteDbDataReader(System.Data.CommandBehavior), Línea: 0] - ORA-06550: línea 1, columna 35:
PLS-00302: el componente 'USP_SEL_LISTA_TIPO_INICIATIVA' se debe declarar
ORA-06550: línea 1, columna 7:
PL/SQL: Statement ignored
06/03/2020 12:43:33 a.m.: [Método: System.Data.IDataReader System.Data.IDbCommand.ExecuteReader(System.Data.CommandBehavior), Línea: 0] - ORA-06550: línea 1, columna 35:
PLS-00302: el componente 'USP_SEL_LISTA_TIPO_INICIATIVA' se debe declarar
ORA-06550: línea 1, columna 7:
PL/SQL: Statement ignored
06/03/2020 12:43:33 a.m.: [Método: System.Data.IDataReader ExecuteReaderWithFlagsFallback(System.Data.IDbCommand, Boolean, System.Data.CommandBehavior), Línea: 0] - ORA-06550: línea 1, columna 35:
PLS-00302: el componente 'USP_SEL_LISTA_TIPO_INICIATIVA' se debe declarar
ORA-06550: línea 1, columna 7:
PL/SQL: Statement ignored
06/03/2020 12:43:33 a.m.: [Método: Boolean MoveNext(), Línea: 0] - ORA-06550: línea 1, columna 35:
PLS-00302: el componente 'USP_SEL_LISTA_TIPO_INICIATIVA' se debe declarar
ORA-06550: línea 1, columna 7:
PL/SQL: Statement ignored
06/03/2020 12:43:33 a.m.: [Método: Void .ctor(System.Collections.Generic.IEnumerable`1[T]), Línea: 0] - ORA-06550: línea 1, columna 35:
PLS-00302: el componente 'USP_SEL_LISTA_TIPO_INICIATIVA' se debe declarar
ORA-06550: línea 1, columna 7:
PL/SQL: Statement ignored
06/03/2020 12:43:33 a.m.: [Método: System.Collections.Generic.List`1[TSource] ToList[TSource](System.Collections.Generic.IEnumerable`1[TSource]), Línea: 0] - ORA-06550: línea 1, columna 35:
PLS-00302: el componente 'USP_SEL_LISTA_TIPO_INICIATIVA' se debe declarar
ORA-06550: línea 1, columna 7:
PL/SQL: Statement ignored
06/03/2020 12:43:33 a.m.: [Método: System.Collections.Generic.IEnumerable`1[T] Query[T](System.Data.IDbConnection, System.String, System.Object, System.Data.IDbTransaction, Boolean, System.Nullable`1[System.Int32], System.Nullable`1[System.Data.CommandType]), Línea: 0] - ORA-06550: línea 1, columna 35:
PLS-00302: el componente 'USP_SEL_LISTA_TIPO_INICIATIVA' se debe declarar
ORA-06550: línea 1, columna 7:
PL/SQL: Statement ignored
06/03/2020 12:43:33 a.m.: [Método: System.Collections.Generic.List`1[entidad.minem.gob.pe.TipoIniciativaBE] ListarTipoIniciativa(), Línea: 30] - ORA-06550: línea 1, columna 35:
PLS-00302: el componente 'USP_SEL_LISTA_TIPO_INICIATIVA' se debe declarar
ORA-06550: línea 1, columna 7:
PL/SQL: Statement ignored
06/03/2020 03:02:41 p.m.: [Método: Void HandleErrorHelper(Int32, Oracle.DataAccess.Client.OracleConnection, IntPtr, Oracle.DataAccess.Client.OpoSqlValCtx*, System.Object, System.String, Boolean, Int32, Oracle.DataAccess.Client.OracleLogicalTransaction), Línea: 0] - ORA-00936: missing expression
ORA-06512: at "MRVMM.PKG_MRV_INICIATIVA_MITIGACION", line 4579
ORA-06512: at line 1
06/03/2020 03:02:41 p.m.: [Método: Void HandleError(Int32, Oracle.DataAccess.Client.OracleConnection, System.String, IntPtr, Oracle.DataAccess.Client.OpoSqlValCtx*, System.Object, Boolean, Oracle.DataAccess.Client.OracleLogicalTransaction), Línea: 0] - ORA-00936: missing expression
ORA-06512: at "MRVMM.PKG_MRV_INICIATIVA_MITIGACION", line 4579
ORA-06512: at line 1
06/03/2020 03:02:41 p.m.: [Método: Oracle.DataAccess.Client.OracleDataReader ExecuteReader(Boolean, Boolean, System.Data.CommandBehavior), Línea: 0] - ORA-00936: missing expression
ORA-06512: at "MRVMM.PKG_MRV_INICIATIVA_MITIGACION", line 4579
ORA-06512: at line 1
06/03/2020 03:02:41 p.m.: [Método: System.Data.Common.DbDataReader ExecuteDbDataReader(System.Data.CommandBehavior), Línea: 0] - ORA-00936: missing expression
ORA-06512: at "MRVMM.PKG_MRV_INICIATIVA_MITIGACION", line 4579
ORA-06512: at line 1
06/03/2020 03:02:41 p.m.: [Método: System.Data.IDataReader System.Data.IDbCommand.ExecuteReader(System.Data.CommandBehavior), Línea: 0] - ORA-00936: missing expression
ORA-06512: at "MRVMM.PKG_MRV_INICIATIVA_MITIGACION", line 4579
ORA-06512: at line 1
06/03/2020 03:02:41 p.m.: [Método: System.Data.IDataReader ExecuteReaderWithFlagsFallback(System.Data.IDbCommand, Boolean, System.Data.CommandBehavior), Línea: 0] - ORA-00936: missing expression
ORA-06512: at "MRVMM.PKG_MRV_INICIATIVA_MITIGACION", line 4579
ORA-06512: at line 1
06/03/2020 03:02:41 p.m.: [Método: Boolean MoveNext(), Línea: 0] - ORA-00936: missing expression
ORA-06512: at "MRVMM.PKG_MRV_INICIATIVA_MITIGACION", line 4579
ORA-06512: at line 1
06/03/2020 03:02:41 p.m.: [Método: Void .ctor(System.Collections.Generic.IEnumerable`1[T]), Línea: 0] - ORA-00936: missing expression
ORA-06512: at "MRVMM.PKG_MRV_INICIATIVA_MITIGACION", line 4579
ORA-06512: at line 1
06/03/2020 03:02:41 p.m.: [Método: System.Collections.Generic.List`1[TSource] ToList[TSource](System.Collections.Generic.IEnumerable`1[TSource]), Línea: 0] - ORA-00936: missing expression
ORA-06512: at "MRVMM.PKG_MRV_INICIATIVA_MITIGACION", line 4579
ORA-06512: at line 1
06/03/2020 03:02:41 p.m.: [Método: System.Collections.Generic.IEnumerable`1[T] Query[T](System.Data.IDbConnection, System.String, System.Object, System.Data.IDbTransaction, Boolean, System.Nullable`1[System.Int32], System.Nullable`1[System.Data.CommandType]), Línea: 0] - ORA-00936: missing expression
ORA-06512: at "MRVMM.PKG_MRV_INICIATIVA_MITIGACION", line 4579
ORA-06512: at line 1
06/03/2020 03:02:41 p.m.: [Método: System.Collections.Generic.List`1[entidad.minem.gob.pe.IniciativaBE] ListaBusquedaSimplePublico(entidad.minem.gob.pe.IniciativaBE), Línea: 1776] - ORA-00936: missing expression
ORA-06512: at "MRVMM.PKG_MRV_INICIATIVA_MITIGACION", line 4579
ORA-06512: at line 1
06/03/2020 03:04:04 p.m.: [Método: Void HandleErrorHelper(Int32, Oracle.DataAccess.Client.OracleConnection, IntPtr, Oracle.DataAccess.Client.OpoSqlValCtx*, System.Object, System.String, Boolean, Int32, Oracle.DataAccess.Client.OracleLogicalTransaction), Línea: 0] - ORA-00936: missing expression
ORA-06512: at "MRVMM.PKG_MRV_INICIATIVA_MITIGACION", line 4579
ORA-06512: at line 1
06/03/2020 03:04:04 p.m.: [Método: Void HandleError(Int32, Oracle.DataAccess.Client.OracleConnection, System.String, IntPtr, Oracle.DataAccess.Client.OpoSqlValCtx*, System.Object, Boolean, Oracle.DataAccess.Client.OracleLogicalTransaction), Línea: 0] - ORA-00936: missing expression
ORA-06512: at "MRVMM.PKG_MRV_INICIATIVA_MITIGACION", line 4579
ORA-06512: at line 1
06/03/2020 03:04:04 p.m.: [Método: Oracle.DataAccess.Client.OracleDataReader ExecuteReader(Boolean, Boolean, System.Data.CommandBehavior), Línea: 0] - ORA-00936: missing expression
ORA-06512: at "MRVMM.PKG_MRV_INICIATIVA_MITIGACION", line 4579
ORA-06512: at line 1
06/03/2020 03:04:04 p.m.: [Método: System.Data.Common.DbDataReader ExecuteDbDataReader(System.Data.CommandBehavior), Línea: 0] - ORA-00936: missing expression
ORA-06512: at "MRVMM.PKG_MRV_INICIATIVA_MITIGACION", line 4579
ORA-06512: at line 1
06/03/2020 03:04:04 p.m.: [Método: System.Data.IDataReader System.Data.IDbCommand.ExecuteReader(System.Data.CommandBehavior), Línea: 0] - ORA-00936: missing expression
ORA-06512: at "MRVMM.PKG_MRV_INICIATIVA_MITIGACION", line 4579
ORA-06512: at line 1
06/03/2020 03:04:04 p.m.: [Método: System.Data.IDataReader ExecuteReaderWithFlagsFallback(System.Data.IDbCommand, Boolean, System.Data.CommandBehavior), Línea: 0] - ORA-00936: missing expression
ORA-06512: at "MRVMM.PKG_MRV_INICIATIVA_MITIGACION", line 4579
ORA-06512: at line 1
06/03/2020 03:04:04 p.m.: [Método: Boolean MoveNext(), Línea: 0] - ORA-00936: missing expression
ORA-06512: at "MRVMM.PKG_MRV_INICIATIVA_MITIGACION", line 4579
ORA-06512: at line 1
06/03/2020 03:04:04 p.m.: [Método: Void .ctor(System.Collections.Generic.IEnumerable`1[T]), Línea: 0] - ORA-00936: missing expression
ORA-06512: at "MRVMM.PKG_MRV_INICIATIVA_MITIGACION", line 4579
ORA-06512: at line 1
06/03/2020 03:04:04 p.m.: [Método: System.Collections.Generic.List`1[TSource] ToList[TSource](System.Collections.Generic.IEnumerable`1[TSource]), Línea: 0] - ORA-00936: missing expression
ORA-06512: at "MRVMM.PKG_MRV_INICIATIVA_MITIGACION", line 4579
ORA-06512: at line 1
06/03/2020 03:04:04 p.m.: [Método: System.Collections.Generic.IEnumerable`1[T] Query[T](System.Data.IDbConnection, System.String, System.Object, System.Data.IDbTransaction, Boolean, System.Nullable`1[System.Int32], System.Nullable`1[System.Data.CommandType]), Línea: 0] - ORA-00936: missing expression
ORA-06512: at "MRVMM.PKG_MRV_INICIATIVA_MITIGACION", line 4579
ORA-06512: at line 1
06/03/2020 03:04:04 p.m.: [Método: System.Collections.Generic.List`1[entidad.minem.gob.pe.IniciativaBE] ListaBusquedaSimplePublico(entidad.minem.gob.pe.IniciativaBE), Línea: 1776] - ORA-00936: missing expression
ORA-06512: at "MRVMM.PKG_MRV_INICIATIVA_MITIGACION", line 4579
ORA-06512: at line 1
06/03/2020 03:04:09 p.m.: [Método: Void HandleErrorHelper(Int32, Oracle.DataAccess.Client.OracleConnection, IntPtr, Oracle.DataAccess.Client.OpoSqlValCtx*, System.Object, System.String, Boolean, Int32, Oracle.DataAccess.Client.OracleLogicalTransaction), Línea: 0] - ORA-00936: missing expression
ORA-06512: at "MRVMM.PKG_MRV_INICIATIVA_MITIGACION", line 4579
ORA-06512: at line 1
06/03/2020 03:04:09 p.m.: [Método: Void HandleError(Int32, Oracle.DataAccess.Client.OracleConnection, System.String, IntPtr, Oracle.DataAccess.Client.OpoSqlValCtx*, System.Object, Boolean, Oracle.DataAccess.Client.OracleLogicalTransaction), Línea: 0] - ORA-00936: missing expression
ORA-06512: at "MRVMM.PKG_MRV_INICIATIVA_MITIGACION", line 4579
ORA-06512: at line 1
06/03/2020 03:04:09 p.m.: [Método: Oracle.DataAccess.Client.OracleDataReader ExecuteReader(Boolean, Boolean, System.Data.CommandBehavior), Línea: 0] - ORA-00936: missing expression
ORA-06512: at "MRVMM.PKG_MRV_INICIATIVA_MITIGACION", line 4579
ORA-06512: at line 1
06/03/2020 03:04:09 p.m.: [Método: System.Data.Common.DbDataReader ExecuteDbDataReader(System.Data.CommandBehavior), Línea: 0] - ORA-00936: missing expression
ORA-06512: at "MRVMM.PKG_MRV_INICIATIVA_MITIGACION", line 4579
ORA-06512: at line 1
06/03/2020 03:04:09 p.m.: [Método: System.Data.IDataReader System.Data.IDbCommand.ExecuteReader(System.Data.CommandBehavior), Línea: 0] - ORA-00936: missing expression
ORA-06512: at "MRVMM.PKG_MRV_INICIATIVA_MITIGACION", line 4579
ORA-06512: at line 1
06/03/2020 03:04:09 p.m.: [Método: System.Data.IDataReader ExecuteReaderWithFlagsFallback(System.Data.IDbCommand, Boolean, System.Data.CommandBehavior), Línea: 0] - ORA-00936: missing expression
ORA-06512: at "MRVMM.PKG_MRV_INICIATIVA_MITIGACION", line 4579
ORA-06512: at line 1
06/03/2020 03:04:09 p.m.: [Método: Boolean MoveNext(), Línea: 0] - ORA-00936: missing expression
ORA-06512: at "MRVMM.PKG_MRV_INICIATIVA_MITIGACION", line 4579
ORA-06512: at line 1
06/03/2020 03:04:09 p.m.: [Método: Void .ctor(System.Collections.Generic.IEnumerable`1[T]), Línea: 0] - ORA-00936: missing expression
ORA-06512: at "MRVMM.PKG_MRV_INICIATIVA_MITIGACION", line 4579
ORA-06512: at line 1
06/03/2020 03:04:09 p.m.: [Método: System.Collections.Generic.List`1[TSource] ToList[TSource](System.Collections.Generic.IEnumerable`1[TSource]), Línea: 0] - ORA-00936: missing expression
ORA-06512: at "MRVMM.PKG_MRV_INICIATIVA_MITIGACION", line 4579
ORA-06512: at line 1
06/03/2020 03:04:09 p.m.: [Método: System.Collections.Generic.IEnumerable`1[T] Query[T](System.Data.IDbConnection, System.String, System.Object, System.Data.IDbTransaction, Boolean, System.Nullable`1[System.Int32], System.Nullable`1[System.Data.CommandType]), Línea: 0] - ORA-00936: missing expression
ORA-06512: at "MRVMM.PKG_MRV_INICIATIVA_MITIGACION", line 4579
ORA-06512: at line 1
06/03/2020 03:04:09 p.m.: [Método: System.Collections.Generic.List`1[entidad.minem.gob.pe.IniciativaBE] ListaBusquedaSimplePublico(entidad.minem.gob.pe.IniciativaBE), Línea: 1776] - ORA-00936: missing expression
ORA-06512: at "MRVMM.PKG_MRV_INICIATIVA_MITIGACION", line 4579
ORA-06512: at line 1
06/03/2020 10:04:48 p.m.: [Método: Void HandleErrorHelper(Int32, Oracle.DataAccess.Client.OracleConnection, IntPtr, Oracle.DataAccess.Client.OpoSqlValCtx*, System.Object, System.String, Boolean, Int32, Oracle.DataAccess.Client.OracleLogicalTransaction), Línea: 0] - ORA-06550: línea 1, columna 35:
PLS-00302: el componente 'USP_SEL_LISTA_TIPO_INICIATIVA' se debe declarar
ORA-06550: línea 1, columna 7:
PL/SQL: Statement ignored
06/03/2020 10:04:48 p.m.: [Método: Void HandleError(Int32, Oracle.DataAccess.Client.OracleConnection, System.String, IntPtr, Oracle.DataAccess.Client.OpoSqlValCtx*, System.Object, Boolean, Oracle.DataAccess.Client.OracleLogicalTransaction), Línea: 0] - ORA-06550: línea 1, columna 35:
PLS-00302: el componente 'USP_SEL_LISTA_TIPO_INICIATIVA' se debe declarar
ORA-06550: línea 1, columna 7:
PL/SQL: Statement ignored
06/03/2020 10:04:48 p.m.: [Método: Oracle.DataAccess.Client.OracleDataReader ExecuteReader(Boolean, Boolean, System.Data.CommandBehavior), Línea: 0] - ORA-06550: línea 1, columna 35:
PLS-00302: el componente 'USP_SEL_LISTA_TIPO_INICIATIVA' se debe declarar
ORA-06550: línea 1, columna 7:
PL/SQL: Statement ignored
06/03/2020 10:04:48 p.m.: [Método: System.Data.Common.DbDataReader ExecuteDbDataReader(System.Data.CommandBehavior), Línea: 0] - ORA-06550: línea 1, columna 35:
PLS-00302: el componente 'USP_SEL_LISTA_TIPO_INICIATIVA' se debe declarar
ORA-06550: línea 1, columna 7:
PL/SQL: Statement ignored
06/03/2020 10:04:48 p.m.: [Método: System.Data.IDataReader System.Data.IDbCommand.ExecuteReader(System.Data.CommandBehavior), Línea: 0] - ORA-06550: línea 1, columna 35:
PLS-00302: el componente 'USP_SEL_LISTA_TIPO_INICIATIVA' se debe declarar
ORA-06550: línea 1, columna 7:
PL/SQL: Statement ignored
06/03/2020 10:04:48 p.m.: [Método: System.Data.IDataReader ExecuteReaderWithFlagsFallback(System.Data.IDbCommand, Boolean, System.Data.CommandBehavior), Línea: 0] - ORA-06550: línea 1, columna 35:
PLS-00302: el componente 'USP_SEL_LISTA_TIPO_INICIATIVA' se debe declarar
ORA-06550: línea 1, columna 7:
PL/SQL: Statement ignored
06/03/2020 10:04:48 p.m.: [Método: Boolean MoveNext(), Línea: 0] - ORA-06550: línea 1, columna 35:
PLS-00302: el componente 'USP_SEL_LISTA_TIPO_INICIATIVA' se debe declarar
ORA-06550: línea 1, columna 7:
PL/SQL: Statement ignored
06/03/2020 10:04:48 p.m.: [Método: Void .ctor(System.Collections.Generic.IEnumerable`1[T]), Línea: 0] - ORA-06550: línea 1, columna 35:
PLS-00302: el componente 'USP_SEL_LISTA_TIPO_INICIATIVA' se debe declarar
ORA-06550: línea 1, columna 7:
PL/SQL: Statement ignored
06/03/2020 10:04:48 p.m.: [Método: System.Collections.Generic.List`1[TSource] ToList[TSource](System.Collections.Generic.IEnumerable`1[TSource]), Línea: 0] - ORA-06550: línea 1, columna 35:
PLS-00302: el componente 'USP_SEL_LISTA_TIPO_INICIATIVA' se debe declarar
ORA-06550: línea 1, columna 7:
PL/SQL: Statement ignored
06/03/2020 10:04:48 p.m.: [Método: System.Collections.Generic.IEnumerable`1[T] Query[T](System.Data.IDbConnection, System.String, System.Object, System.Data.IDbTransaction, Boolean, System.Nullable`1[System.Int32], System.Nullable`1[System.Data.CommandType]), Línea: 0] - ORA-06550: línea 1, columna 35:
PLS-00302: el componente 'USP_SEL_LISTA_TIPO_INICIATIVA' se debe declarar
ORA-06550: línea 1, columna 7:
PL/SQL: Statement ignored
06/03/2020 10:04:48 p.m.: [Método: System.Collections.Generic.List`1[entidad.minem.gob.pe.TipoIniciativaBE] ListarTipoIniciativa(), Línea: 30] - ORA-06550: línea 1, columna 35:
PLS-00302: el componente 'USP_SEL_LISTA_TIPO_INICIATIVA' se debe declarar
ORA-06550: línea 1, columna 7:
PL/SQL: Statement ignored
06/03/2020 10:29:12 p.m.: [Método: Void HandleErrorHelper(Int32, Oracle.DataAccess.Client.OracleConnection, IntPtr, Oracle.DataAccess.Client.OpoSqlValCtx*, System.Object, System.String, Boolean, Int32, Oracle.DataAccess.Client.OracleLogicalTransaction), Línea: 0] - ORA-06550: línea 1, columna 35:
PLS-00302: el componente 'USP_SEL_LISTA_TIPO_INICIATIVA' se debe declarar
ORA-06550: línea 1, columna 7:
PL/SQL: Statement ignored
06/03/2020 10:29:12 p.m.: [Método: Void HandleError(Int32, Oracle.DataAccess.Client.OracleConnection, System.String, IntPtr, Oracle.DataAccess.Client.OpoSqlValCtx*, System.Object, Boolean, Oracle.DataAccess.Client.OracleLogicalTransaction), Línea: 0] - ORA-06550: línea 1, columna 35:
PLS-00302: el componente 'USP_SEL_LISTA_TIPO_INICIATIVA' se debe declarar
ORA-06550: línea 1, columna 7:
PL/SQL: Statement ignored
06/03/2020 10:29:12 p.m.: [Método: Oracle.DataAccess.Client.OracleDataReader ExecuteReader(Boolean, Boolean, System.Data.CommandBehavior), Línea: 0] - ORA-06550: línea 1, columna 35:
PLS-00302: el componente 'USP_SEL_LISTA_TIPO_INICIATIVA' se debe declarar
ORA-06550: línea 1, columna 7:
PL/SQL: Statement ignored
06/03/2020 10:29:12 p.m.: [Método: System.Data.Common.DbDataReader ExecuteDbDataReader(System.Data.CommandBehavior), Línea: 0] - ORA-06550: línea 1, columna 35:
PLS-00302: el componente 'USP_SEL_LISTA_TIPO_INICIATIVA' se debe declarar
ORA-06550: línea 1, columna 7:
PL/SQL: Statement ignored
06/03/2020 10:29:12 p.m.: [Método: System.Data.IDataReader System.Data.IDbCommand.ExecuteReader(System.Data.CommandBehavior), Línea: 0] - ORA-06550: línea 1, columna 35:
PLS-00302: el componente 'USP_SEL_LISTA_TIPO_INICIATIVA' se debe declarar
ORA-06550: línea 1, columna 7:
PL/SQL: Statement ignored
06/03/2020 10:29:12 p.m.: [Método: System.Data.IDataReader ExecuteReaderWithFlagsFallback(System.Data.IDbCommand, Boolean, System.Data.CommandBehavior), Línea: 0] - ORA-06550: línea 1, columna 35:
PLS-00302: el componente 'USP_SEL_LISTA_TIPO_INICIATIVA' se debe declarar
ORA-06550: línea 1, columna 7:
PL/SQL: Statement ignored
06/03/2020 10:29:12 p.m.: [Método: Boolean MoveNext(), Línea: 0] - ORA-06550: línea 1, columna 35:
PLS-00302: el componente 'USP_SEL_LISTA_TIPO_INICIATIVA' se debe declarar
ORA-06550: línea 1, columna 7:
PL/SQL: Statement ignored
06/03/2020 10:29:12 p.m.: [Método: Void .ctor(System.Collections.Generic.IEnumerable`1[T]), Línea: 0] - ORA-06550: línea 1, columna 35:
PLS-00302: el componente 'USP_SEL_LISTA_TIPO_INICIATIVA' se debe declarar
ORA-06550: línea 1, columna 7:
PL/SQL: Statement ignored
06/03/2020 10:29:12 p.m.: [Método: System.Collections.Generic.List`1[TSource] ToList[TSource](System.Collections.Generic.IEnumerable`1[TSource]), Línea: 0] - ORA-06550: línea 1, columna 35:
PLS-00302: el componente 'USP_SEL_LISTA_TIPO_INICIATIVA' se debe declarar
ORA-06550: línea 1, columna 7:
PL/SQL: Statement ignored
06/03/2020 10:29:12 p.m.: [Método: System.Collections.Generic.IEnumerable`1[T] Query[T](System.Data.IDbConnection, System.String, System.Object, System.Data.IDbTransaction, Boolean, System.Nullable`1[System.Int32], System.Nullable`1[System.Data.CommandType]), Línea: 0] - ORA-06550: línea 1, columna 35:
PLS-00302: el componente 'USP_SEL_LISTA_TIPO_INICIATIVA' se debe declarar
ORA-06550: línea 1, columna 7:
PL/SQL: Statement ignored
06/03/2020 10:29:12 p.m.: [Método: System.Collections.Generic.List`1[entidad.minem.gob.pe.TipoIniciativaBE] ListarTipoIniciativa(), Línea: 30] - ORA-06550: línea 1, columna 35:
PLS-00302: el componente 'USP_SEL_LISTA_TIPO_INICIATIVA' se debe declarar
ORA-06550: línea 1, columna 7:
PL/SQL: Statement ignored
06/03/2020 10:30:25 p.m.: [Método: Void HandleErrorHelper(Int32, Oracle.DataAccess.Client.OracleConnection, IntPtr, Oracle.DataAccess.Client.OpoSqlValCtx*, System.Object, System.String, Boolean, Int32, Oracle.DataAccess.Client.OracleLogicalTransaction), Línea: 0] - ORA-06550: línea 1, columna 35:
PLS-00302: el componente 'USP_SEL_LISTA_TIPO_INICIATIVA' se debe declarar
ORA-06550: línea 1, columna 7:
PL/SQL: Statement ignored
06/03/2020 10:30:25 p.m.: [Método: Void HandleError(Int32, Oracle.DataAccess.Client.OracleConnection, System.String, IntPtr, Oracle.DataAccess.Client.OpoSqlValCtx*, System.Object, Boolean, Oracle.DataAccess.Client.OracleLogicalTransaction), Línea: 0] - ORA-06550: línea 1, columna 35:
PLS-00302: el componente 'USP_SEL_LISTA_TIPO_INICIATIVA' se debe declarar
ORA-06550: línea 1, columna 7:
PL/SQL: Statement ignored
06/03/2020 10:30:25 p.m.: [Método: Oracle.DataAccess.Client.OracleDataReader ExecuteReader(Boolean, Boolean, System.Data.CommandBehavior), Línea: 0] - ORA-06550: línea 1, columna 35:
PLS-00302: el componente 'USP_SEL_LISTA_TIPO_INICIATIVA' se debe declarar
ORA-06550: línea 1, columna 7:
PL/SQL: Statement ignored
06/03/2020 10:30:25 p.m.: [Método: System.Data.Common.DbDataReader ExecuteDbDataReader(System.Data.CommandBehavior), Línea: 0] - ORA-06550: línea 1, columna 35:
PLS-00302: el componente 'USP_SEL_LISTA_TIPO_INICIATIVA' se debe declarar
ORA-06550: línea 1, columna 7:
PL/SQL: Statement ignored
06/03/2020 10:30:25 p.m.: [Método: System.Data.IDataReader System.Data.IDbCommand.ExecuteReader(System.Data.CommandBehavior), Línea: 0] - ORA-06550: línea 1, columna 35:
PLS-00302: el componente 'USP_SEL_LISTA_TIPO_INICIATIVA' se debe declarar
ORA-06550: línea 1, columna 7:
PL/SQL: Statement ignored
06/03/2020 10:30:25 p.m.: [Método: System.Data.IDataReader ExecuteReaderWithFlagsFallback(System.Data.IDbCommand, Boolean, System.Data.CommandBehavior), Línea: 0] - ORA-06550: línea 1, columna 35:
PLS-00302: el componente 'USP_SEL_LISTA_TIPO_INICIATIVA' se debe declarar
ORA-06550: línea 1, columna 7:
PL/SQL: Statement ignored
06/03/2020 10:30:25 p.m.: [Método: Boolean MoveNext(), Línea: 0] - ORA-06550: línea 1, columna 35:
PLS-00302: el componente 'USP_SEL_LISTA_TIPO_INICIATIVA' se debe declarar
ORA-06550: línea 1, columna 7:
PL/SQL: Statement ignored
06/03/2020 10:30:25 p.m.: [Método: Void .ctor(System.Collections.Generic.IEnumerable`1[T]), Línea: 0] - ORA-06550: línea 1, columna 35:
PLS-00302: el componente 'USP_SEL_LISTA_TIPO_INICIATIVA' se debe declarar
ORA-06550: línea 1, columna 7:
PL/SQL: Statement ignored
06/03/2020 10:30:25 p.m.: [Método: System.Collections.Generic.List`1[TSource] ToList[TSource](System.Collections.Generic.IEnumerable`1[TSource]), Línea: 0] - ORA-06550: línea 1, columna 35:
PLS-00302: el componente 'USP_SEL_LISTA_TIPO_INICIATIVA' se debe declarar
ORA-06550: línea 1, columna 7:
PL/SQL: Statement ignored
06/03/2020 10:30:25 p.m.: [Método: System.Collections.Generic.IEnumerable`1[T] Query[T](System.Data.IDbConnection, System.String, System.Object, System.Data.IDbTransaction, Boolean, System.Nullable`1[System.Int32], System.Nullable`1[System.Data.CommandType]), Línea: 0] - ORA-06550: línea 1, columna 35:
PLS-00302: el componente 'USP_SEL_LISTA_TIPO_INICIATIVA' se debe declarar
ORA-06550: línea 1, columna 7:
PL/SQL: Statement ignored
06/03/2020 10:30:25 p.m.: [Método: System.Collections.Generic.List`1[entidad.minem.gob.pe.TipoIniciativaBE] ListarTipoIniciativa(), Línea: 30] - ORA-06550: línea 1, columna 35:
PLS-00302: el componente 'USP_SEL_LISTA_TIPO_INICIATIVA' se debe declarar
ORA-06550: línea 1, columna 7:
PL/SQL: Statement ignored
06/03/2020 10:30:36 p.m.: [Método: Void HandleErrorHelper(Int32, Oracle.DataAccess.Client.OracleConnection, IntPtr, Oracle.DataAccess.Client.OpoSqlValCtx*, System.Object, System.String, Boolean, Int32, Oracle.DataAccess.Client.OracleLogicalTransaction), Línea: 0] - ORA-06550: línea 1, columna 35:
PLS-00302: el componente 'USP_SEL_LISTA_TIPO_INICIATIVA' se debe declarar
ORA-06550: línea 1, columna 7:
PL/SQL: Statement ignored
06/03/2020 10:30:36 p.m.: [Método: Void HandleError(Int32, Oracle.DataAccess.Client.OracleConnection, System.String, IntPtr, Oracle.DataAccess.Client.OpoSqlValCtx*, System.Object, Boolean, Oracle.DataAccess.Client.OracleLogicalTransaction), Línea: 0] - ORA-06550: línea 1, columna 35:
PLS-00302: el componente 'USP_SEL_LISTA_TIPO_INICIATIVA' se debe declarar
ORA-06550: línea 1, columna 7:
PL/SQL: Statement ignored
06/03/2020 10:30:36 p.m.: [Método: Oracle.DataAccess.Client.OracleDataReader ExecuteReader(Boolean, Boolean, System.Data.CommandBehavior), Línea: 0] - ORA-06550: línea 1, columna 35:
PLS-00302: el componente 'USP_SEL_LISTA_TIPO_INICIATIVA' se debe declarar
ORA-06550: línea 1, columna 7:
PL/SQL: Statement ignored
06/03/2020 10:30:36 p.m.: [Método: System.Data.Common.DbDataReader ExecuteDbDataReader(System.Data.CommandBehavior), Línea: 0] - ORA-06550: línea 1, columna 35:
PLS-00302: el componente 'USP_SEL_LISTA_TIPO_INICIATIVA' se debe declarar
ORA-06550: línea 1, columna 7:
PL/SQL: Statement ignored
06/03/2020 10:30:36 p.m.: [Método: System.Data.IDataReader System.Data.IDbCommand.ExecuteReader(System.Data.CommandBehavior), Línea: 0] - ORA-06550: línea 1, columna 35:
PLS-00302: el componente 'USP_SEL_LISTA_TIPO_INICIATIVA' se debe declarar
ORA-06550: línea 1, columna 7:
PL/SQL: Statement ignored
06/03/2020 10:30:36 p.m.: [Método: System.Data.IDataReader ExecuteReaderWithFlagsFallback(System.Data.IDbCommand, Boolean, System.Data.CommandBehavior), Línea: 0] - ORA-06550: línea 1, columna 35:
PLS-00302: el componente 'USP_SEL_LISTA_TIPO_INICIATIVA' se debe declarar
ORA-06550: línea 1, columna 7:
PL/SQL: Statement ignored
06/03/2020 10:30:36 p.m.: [Método: Boolean MoveNext(), Línea: 0] - ORA-06550: línea 1, columna 35:
PLS-00302: el componente 'USP_SEL_LISTA_TIPO_INICIATIVA' se debe declarar
ORA-06550: línea 1, columna 7:
PL/SQL: Statement ignored
06/03/2020 10:30:36 p.m.: [Método: Void .ctor(System.Collections.Generic.IEnumerable`1[T]), Línea: 0] - ORA-06550: línea 1, columna 35:
PLS-00302: el componente 'USP_SEL_LISTA_TIPO_INICIATIVA' se debe declarar
ORA-06550: línea 1, columna 7:
PL/SQL: Statement ignored
06/03/2020 10:30:36 p.m.: [Método: System.Collections.Generic.List`1[TSource] ToList[TSource](System.Collections.Generic.IEnumerable`1[TSource]), Línea: 0] - ORA-06550: línea 1, columna 35:
PLS-00302: el componente 'USP_SEL_LISTA_TIPO_INICIATIVA' se debe declarar
ORA-06550: línea 1, columna 7:
PL/SQL: Statement ignored
06/03/2020 10:30:36 p.m.: [Método: System.Collections.Generic.IEnumerable`1[T] Query[T](System.Data.IDbConnection, System.String, System.Object, System.Data.IDbTransaction, Boolean, System.Nullable`1[System.Int32], System.Nullable`1[System.Data.CommandType]), Línea: 0] - ORA-06550: línea 1, columna 35:
PLS-00302: el componente 'USP_SEL_LISTA_TIPO_INICIATIVA' se debe declarar
ORA-06550: línea 1, columna 7:
PL/SQL: Statement ignored
06/03/2020 10:30:36 p.m.: [Método: System.Collections.Generic.List`1[entidad.minem.gob.pe.TipoIniciativaBE] ListarTipoIniciativa(), Línea: 30] - ORA-06550: línea 1, columna 35:
PLS-00302: el componente 'USP_SEL_LISTA_TIPO_INICIATIVA' se debe declarar
ORA-06550: línea 1, columna 7:
PL/SQL: Statement ignored
06/03/2020 10:39:41 p.m.: [Método: Void HandleErrorHelper(Int32, Oracle.DataAccess.Client.OracleConnection, IntPtr, Oracle.DataAccess.Client.OpoSqlValCtx*, System.Object, System.String, Boolean, Int32, Oracle.DataAccess.Client.OracleLogicalTransaction), Línea: 0] - ORA-06550: línea 1, columna 35:
PLS-00302: el componente 'USP_SEL_LISTA_TIPO_INICIATIVA' se debe declarar
ORA-06550: línea 1, columna 7:
PL/SQL: Statement ignored
06/03/2020 10:39:41 p.m.: [Método: Void HandleError(Int32, Oracle.DataAccess.Client.OracleConnection, System.String, IntPtr, Oracle.DataAccess.Client.OpoSqlValCtx*, System.Object, Boolean, Oracle.DataAccess.Client.OracleLogicalTransaction), Línea: 0] - ORA-06550: línea 1, columna 35:
PLS-00302: el componente 'USP_SEL_LISTA_TIPO_INICIATIVA' se debe declarar
ORA-06550: línea 1, columna 7:
PL/SQL: Statement ignored
06/03/2020 10:39:41 p.m.: [Método: Oracle.DataAccess.Client.OracleDataReader ExecuteReader(Boolean, Boolean, System.Data.CommandBehavior), Línea: 0] - ORA-06550: línea 1, columna 35:
PLS-00302: el componente 'USP_SEL_LISTA_TIPO_INICIATIVA' se debe declarar
ORA-06550: línea 1, columna 7:
PL/SQL: Statement ignored
06/03/2020 10:39:41 p.m.: [Método: System.Data.Common.DbDataReader ExecuteDbDataReader(System.Data.CommandBehavior), Línea: 0] - ORA-06550: línea 1, columna 35:
PLS-00302: el componente 'USP_SEL_LISTA_TIPO_INICIATIVA' se debe declarar
ORA-06550: línea 1, columna 7:
PL/SQL: Statement ignored
06/03/2020 10:39:41 p.m.: [Método: System.Data.IDataReader System.Data.IDbCommand.ExecuteReader(System.Data.CommandBehavior), Línea: 0] - ORA-06550: línea 1, columna 35:
PLS-00302: el componente 'USP_SEL_LISTA_TIPO_INICIATIVA' se debe declarar
ORA-06550: línea 1, columna 7:
PL/SQL: Statement ignored
06/03/2020 10:39:41 p.m.: [Método: System.Data.IDataReader ExecuteReaderWithFlagsFallback(System.Data.IDbCommand, Boolean, System.Data.CommandBehavior), Línea: 0] - ORA-06550: línea 1, columna 35:
PLS-00302: el componente 'USP_SEL_LISTA_TIPO_INICIATIVA' se debe declarar
ORA-06550: línea 1, columna 7:
PL/SQL: Statement ignored
06/03/2020 10:39:41 p.m.: [Método: Boolean MoveNext(), Línea: 0] - ORA-06550: línea 1, columna 35:
PLS-00302: el componente 'USP_SEL_LISTA_TIPO_INICIATIVA' se debe declarar
ORA-06550: línea 1, columna 7:
PL/SQL: Statement ignored
06/03/2020 10:39:41 p.m.: [Método: Void .ctor(System.Collections.Generic.IEnumerable`1[T]), Línea: 0] - ORA-06550: línea 1, columna 35:
PLS-00302: el componente 'USP_SEL_LISTA_TIPO_INICIATIVA' se debe declarar
ORA-06550: línea 1, columna 7:
PL/SQL: Statement ignored
06/03/2020 10:39:41 p.m.: [Método: System.Collections.Generic.List`1[TSource] ToList[TSource](System.Collections.Generic.IEnumerable`1[TSource]), Línea: 0] - ORA-06550: línea 1, columna 35:
PLS-00302: el componente 'USP_SEL_LISTA_TIPO_INICIATIVA' se debe declarar
ORA-06550: línea 1, columna 7:
PL/SQL: Statement ignored
06/03/2020 10:39:41 p.m.: [Método: System.Collections.Generic.IEnumerable`1[T] Query[T](System.Data.IDbConnection, System.String, System.Object, System.Data.IDbTransaction, Boolean, System.Nullable`1[System.Int32], System.Nullable`1[System.Data.CommandType]), Línea: 0] - ORA-06550: línea 1, columna 35:
PLS-00302: el componente 'USP_SEL_LISTA_TIPO_INICIATIVA' se debe declarar
ORA-06550: línea 1, columna 7:
PL/SQL: Statement ignored
06/03/2020 10:39:41 p.m.: [Método: System.Collections.Generic.List`1[entidad.minem.gob.pe.TipoIniciativaBE] ListarTipoIniciativa(), Línea: 30] - ORA-06550: línea 1, columna 35:
PLS-00302: el componente 'USP_SEL_LISTA_TIPO_INICIATIVA' se debe declarar
ORA-06550: línea 1, columna 7:
PL/SQL: Statement ignored
