23/04/2020 16:47:28: [Método: Void HandleErrorHelper(Int32, Oracle.DataAccess.Client.OracleConnection, IntPtr, Oracle.DataAccess.Client.OpoSqlValCtx*, System.Object, System.String, Boolean, Int32, Oracle.DataAccess.Client.OracleLogicalTransaction), Línea: 0] - ORA-12170: TNS:Connect timeout occurred
23/04/2020 16:47:28: [Método: Void HandleError(Int32, Oracle.DataAccess.Client.OracleConnection, IntPtr, System.Object, Oracle.DataAccess.Client.OracleLogicalTransaction), Línea: 0] - ORA-12170: TNS:Connect timeout occurred
23/04/2020 16:47:28: [Método: Void Open(Oracle.DataAccess.Client.OracleConnection), Línea: 0] - ORA-12170: TNS:Connect timeout occurred
23/04/2020 16:47:28: [Método: Void Open(), Línea: 0] - ORA-12170: TNS:Connect timeout occurred
23/04/2020 16:47:28: [Método: Boolean MoveNext(), Línea: 0] - ORA-12170: TNS:Connect timeout occurred
23/04/2020 16:47:28: [Método: Void .ctor(System.Collections.Generic.IEnumerable`1[T]), Línea: 0] - ORA-12170: TNS:Connect timeout occurred
23/04/2020 16:47:28: [Método: System.Collections.Generic.List`1[TSource] ToList[TSource](System.Collections.Generic.IEnumerable`1[TSource]), Línea: 0] - ORA-12170: TNS:Connect timeout occurred
23/04/2020 16:47:28: [Método: System.Collections.Generic.IEnumerable`1[T] Query[T](System.Data.IDbConnection, System.String, System.Object, System.Data.IDbTransaction, Boolean, System.Nullable`1[System.Int32], System.Nullable`1[System.Data.CommandType]), Línea: 0] - ORA-12170: TNS:Connect timeout occurred
23/04/2020 16:47:28: [Método: System.Collections.Generic.List`1[entidad.minem.gob.pe.MedidaMitigacionBE] ListarMedidaMitigacion(entidad.minem.gob.pe.MedidaMitigacionBE), Línea: 30] - ORA-12170: TNS:Connect timeout occurred
23/04/2020 23:48:03: [Método: System.String Substring(Int32, Int32), Línea: 0] - La longitud no puede ser inferior a cero.
Nombre del parámetro: length
23/04/2020 23:48:03: [Método: System.Web.Mvc.ActionResult RevisarDetalleIndicador(Int32, Int32), Línea: 269] - La longitud no puede ser inferior a cero.
Nombre del parámetro: length
23/04/2020 23:48:03: [Método: System.Object lambda_method(System.Runtime.CompilerServices.Closure, System.Web.Mvc.ControllerBase, System.Object[]), Línea: 0] - La longitud no puede ser inferior a cero.
Nombre del parámetro: length
23/04/2020 23:48:03: [Método: System.Object Execute(System.Web.Mvc.ControllerBase, System.Object[]), Línea: 0] - La longitud no puede ser inferior a cero.
Nombre del parámetro: length
23/04/2020 23:48:03: [Método: System.Object Execute(System.Web.Mvc.ControllerContext, System.Collections.Generic.IDictionary`2[System.String,System.Object]), Línea: 0] - La longitud no puede ser inferior a cero.
Nombre del parámetro: length
23/04/2020 23:48:03: [Método: System.Web.Mvc.ActionResult InvokeActionMethod(System.Web.Mvc.ControllerContext, System.Web.Mvc.ActionDescriptor, System.Collections.Generic.IDictionary`2[System.String,System.Object]), Línea: 0] - La longitud no puede ser inferior a cero.
Nombre del parámetro: length
23/04/2020 23:48:03: [Método: System.Web.Mvc.ActionResult <BeginInvokeSynchronousActionMethod>b__39(System.IAsyncResult, ActionInvocation), Línea: 0] - La longitud no puede ser inferior a cero.
Nombre del parámetro: length
23/04/2020 23:48:03: [Método: TResult CallEndDelegate(System.IAsyncResult), Línea: 0] - La longitud no puede ser inferior a cero.
Nombre del parámetro: length
23/04/2020 23:48:03: [Método: TResult End(), Línea: 0] - La longitud no puede ser inferior a cero.
Nombre del parámetro: length
23/04/2020 23:48:03: [Método: System.Web.Mvc.ActionResult EndInvokeActionMethod(System.IAsyncResult), Línea: 0] - La longitud no puede ser inferior a cero.
Nombre del parámetro: length
23/04/2020 23:48:03: [Método: System.Web.Mvc.ActionExecutedContext <InvokeActionMethodFilterAsynchronouslyRecursive>b__3d(), Línea: 0] - La longitud no puede ser inferior a cero.
Nombre del parámetro: length
23/04/2020 23:48:03: [Método: System.Web.Mvc.ActionExecutedContext <InvokeActionMethodFilterAsynchronouslyRecursive>b__3f(), Línea: 0] - La longitud no puede ser inferior a cero.
Nombre del parámetro: length
23/04/2020 23:48:03: [Método: System.Web.Mvc.ActionExecutedContext <InvokeActionMethodFilterAsynchronouslyRecursive>b__3f(), Línea: 0] - La longitud no puede ser inferior a cero.
Nombre del parámetro: length
23/04/2020 23:48:03: [Método: System.Web.Mvc.ActionExecutedContext <BeginInvokeActionMethodWithFilters>b__32(System.IAsyncResult), Línea: 0] - La longitud no puede ser inferior a cero.
Nombre del parámetro: length
23/04/2020 23:48:03: [Método: TResult CallEndDelegate(System.IAsyncResult), Línea: 0] - La longitud no puede ser inferior a cero.
Nombre del parámetro: length
23/04/2020 23:48:03: [Método: TResult End(), Línea: 0] - La longitud no puede ser inferior a cero.
Nombre del parámetro: length
23/04/2020 23:48:03: [Método: System.Web.Mvc.ActionExecutedContext EndInvokeActionMethodWithFilters(System.IAsyncResult), Línea: 0] - La longitud no puede ser inferior a cero.
Nombre del parámetro: length
23/04/2020 23:48:03: [Método: Void <BeginInvokeAction>b__1c(), Línea: 0] - La longitud no puede ser inferior a cero.
Nombre del parámetro: length
23/04/2020 23:48:03: [Método: Boolean <BeginInvokeAction>b__1e(System.IAsyncResult), Línea: 0] - La longitud no puede ser inferior a cero.
Nombre del parámetro: length
23/04/2020 23:48:03: [Método: TResult CallEndDelegate(System.IAsyncResult), Línea: 0] - La longitud no puede ser inferior a cero.
Nombre del parámetro: length
23/04/2020 23:48:03: [Método: TResult End(), Línea: 0] - La longitud no puede ser inferior a cero.
Nombre del parámetro: length
23/04/2020 23:48:03: [Método: Boolean EndInvokeAction(System.IAsyncResult), Línea: 0] - La longitud no puede ser inferior a cero.
Nombre del parámetro: length
23/04/2020 23:48:03: [Método: Void <BeginExecuteCore>b__1d(System.IAsyncResult, ExecuteCoreState), Línea: 0] - La longitud no puede ser inferior a cero.
Nombre del parámetro: length
23/04/2020 23:48:03: [Método: System.Web.Mvc.Async.AsyncVoid CallEndDelegate(System.IAsyncResult), Línea: 0] - La longitud no puede ser inferior a cero.
Nombre del parámetro: length
23/04/2020 23:48:03: [Método: TResult End(), Línea: 0] - La longitud no puede ser inferior a cero.
Nombre del parámetro: length
23/04/2020 23:48:03: [Método: Void EndExecuteCore(System.IAsyncResult), Línea: 0] - La longitud no puede ser inferior a cero.
Nombre del parámetro: length
23/04/2020 23:48:03: [Método: Void <BeginExecute>b__15(System.IAsyncResult, System.Web.Mvc.Controller), Línea: 0] - La longitud no puede ser inferior a cero.
Nombre del parámetro: length
23/04/2020 23:48:03: [Método: System.Web.Mvc.Async.AsyncVoid CallEndDelegate(System.IAsyncResult), Línea: 0] - La longitud no puede ser inferior a cero.
Nombre del parámetro: length
23/04/2020 23:48:03: [Método: TResult End(), Línea: 0] - La longitud no puede ser inferior a cero.
Nombre del parámetro: length
23/04/2020 23:48:03: [Método: Void EndExecute(System.IAsyncResult), Línea: 0] - La longitud no puede ser inferior a cero.
Nombre del parámetro: length
23/04/2020 23:48:03: [Método: Void System.Web.Mvc.Async.IAsyncController.EndExecute(System.IAsyncResult), Línea: 0] - La longitud no puede ser inferior a cero.
Nombre del parámetro: length
23/04/2020 23:48:03: [Método: Void <BeginProcessRequest>b__5(System.IAsyncResult, ProcessRequestState), Línea: 0] - La longitud no puede ser inferior a cero.
Nombre del parámetro: length
23/04/2020 23:48:03: [Método: System.Web.Mvc.Async.AsyncVoid CallEndDelegate(System.IAsyncResult), Línea: 0] - La longitud no puede ser inferior a cero.
Nombre del parámetro: length
23/04/2020 23:48:03: [Método: TResult End(), Línea: 0] - La longitud no puede ser inferior a cero.
Nombre del parámetro: length
23/04/2020 23:48:03: [Método: Void EndProcessRequest(System.IAsyncResult), Línea: 0] - La longitud no puede ser inferior a cero.
Nombre del parámetro: length
23/04/2020 23:48:03: [Método: Void System.Web.IHttpAsyncHandler.EndProcessRequest(System.IAsyncResult), Línea: 0] - La longitud no puede ser inferior a cero.
Nombre del parámetro: length
23/04/2020 23:48:03: [Método: Void System.Web.HttpApplication.IExecutionStep.Execute(), Línea: 0] - La longitud no puede ser inferior a cero.
Nombre del parámetro: length
23/04/2020 23:48:03: [Método: Void ExecuteStepImpl(IExecutionStep), Línea: 0] - La longitud no puede ser inferior a cero.
Nombre del parámetro: length
23/04/2020 23:48:03: [Método: System.Exception ExecuteStep(IExecutionStep, Boolean ByRef), Línea: 0] - La longitud no puede ser inferior a cero.
Nombre del parámetro: length
