06/01/2021 21:45:59: [Método: Void HandleErrorHelper(Int32, Oracle.DataAccess.Client.OracleConnection, IntPtr, Oracle.DataAccess.Client.OpoSqlValCtx*, System.Object, System.String, Boolean, Int32, Oracle.DataAccess.Client.OracleLogicalTransaction), Línea: 0] - ORA-12514: TNS:listener does not currently know of service requested in connect descriptor
06/01/2021 21:45:59: [Método: Void HandleError(Int32, Oracle.DataAccess.Client.OracleConnection, IntPtr, System.Object, Oracle.DataAccess.Client.OracleLogicalTransaction), Línea: 0] - ORA-12514: TNS:listener does not currently know of service requested in connect descriptor
06/01/2021 21:45:59: [Método: Void Open(Oracle.DataAccess.Client.OracleConnection), Línea: 0] - ORA-12514: TNS:listener does not currently know of service requested in connect descriptor
06/01/2021 21:45:59: [Método: Void Open(), Línea: 0] - ORA-12514: TNS:listener does not currently know of service requested in connect descriptor
06/01/2021 21:45:59: [Método: Boolean MoveNext(), Línea: 0] - ORA-12514: TNS:listener does not currently know of service requested in connect descriptor
06/01/2021 21:45:59: [Método: Void .ctor(System.Collections.Generic.IEnumerable`1[T]), Línea: 0] - ORA-12514: TNS:listener does not currently know of service requested in connect descriptor
06/01/2021 21:45:59: [Método: System.Collections.Generic.List`1[TSource] ToList[TSource](System.Collections.Generic.IEnumerable`1[TSource]), Línea: 0] - ORA-12514: TNS:listener does not currently know of service requested in connect descriptor
06/01/2021 21:45:59: [Método: System.Collections.Generic.IEnumerable`1[T] Query[T](System.Data.IDbConnection, System.String, System.Object, System.Data.IDbTransaction, Boolean, System.Nullable`1[System.Int32], System.Nullable`1[System.Data.CommandType]), Línea: 0] - ORA-12514: TNS:listener does not currently know of service requested in connect descriptor
06/01/2021 21:45:59: [Método: System.Collections.Generic.List`1[entidad.minem.gob.pe.MedidaMitigacionBE] ListarMedidaMitigacion(entidad.minem.gob.pe.MedidaMitigacionBE), Línea: 30] - ORA-12514: TNS:listener does not currently know of service requested in connect descriptor
06/01/2021 21:46:03: [Método: Void HandleErrorHelper(Int32, Oracle.DataAccess.Client.OracleConnection, IntPtr, Oracle.DataAccess.Client.OpoSqlValCtx*, System.Object, System.String, Boolean, Int32, Oracle.DataAccess.Client.OracleLogicalTransaction), Línea: 0] - ORA-12514: TNS:listener does not currently know of service requested in connect descriptor
06/01/2021 21:46:03: [Método: Void HandleError(Int32, Oracle.DataAccess.Client.OracleConnection, IntPtr, System.Object, Oracle.DataAccess.Client.OracleLogicalTransaction), Línea: 0] - ORA-12514: TNS:listener does not currently know of service requested in connect descriptor
06/01/2021 21:46:03: [Método: Void Open(Oracle.DataAccess.Client.OracleConnection), Línea: 0] - ORA-12514: TNS:listener does not currently know of service requested in connect descriptor
06/01/2021 21:46:03: [Método: Void Open(), Línea: 0] - ORA-12514: TNS:listener does not currently know of service requested in connect descriptor
06/01/2021 21:46:03: [Método: Boolean MoveNext(), Línea: 0] - ORA-12514: TNS:listener does not currently know of service requested in connect descriptor
06/01/2021 21:46:03: [Método: Void .ctor(System.Collections.Generic.IEnumerable`1[T]), Línea: 0] - ORA-12514: TNS:listener does not currently know of service requested in connect descriptor
06/01/2021 21:46:03: [Método: System.Collections.Generic.List`1[TSource] ToList[TSource](System.Collections.Generic.IEnumerable`1[TSource]), Línea: 0] - ORA-12514: TNS:listener does not currently know of service requested in connect descriptor
06/01/2021 21:46:03: [Método: System.Collections.Generic.IEnumerable`1[T] Query[T](System.Data.IDbConnection, System.String, System.Object, System.Data.IDbTransaction, Boolean, System.Nullable`1[System.Int32], System.Nullable`1[System.Data.CommandType]), Línea: 0] - ORA-12514: TNS:listener does not currently know of service requested in connect descriptor
06/01/2021 21:46:03: [Método: System.Collections.Generic.List`1[entidad.minem.gob.pe.IniciativaBE] MostrarGeiporAnio(entidad.minem.gob.pe.IniciativaBE), Línea: 1460] - ORA-12514: TNS:listener does not currently know of service requested in connect descriptor
06/01/2021 21:46:13: [Método: Void HandleErrorHelper(Int32, Oracle.DataAccess.Client.OracleConnection, IntPtr, Oracle.DataAccess.Client.OpoSqlValCtx*, System.Object, System.String, Boolean, Int32, Oracle.DataAccess.Client.OracleLogicalTransaction), Línea: 0] - ORA-12514: TNS:listener does not currently know of service requested in connect descriptor
06/01/2021 21:46:13: [Método: Void HandleError(Int32, Oracle.DataAccess.Client.OracleConnection, IntPtr, System.Object, Oracle.DataAccess.Client.OracleLogicalTransaction), Línea: 0] - ORA-12514: TNS:listener does not currently know of service requested in connect descriptor
06/01/2021 21:46:13: [Método: Void Open(Oracle.DataAccess.Client.OracleConnection), Línea: 0] - ORA-12514: TNS:listener does not currently know of service requested in connect descriptor
06/01/2021 21:46:13: [Método: Void Open(), Línea: 0] - ORA-12514: TNS:listener does not currently know of service requested in connect descriptor
06/01/2021 21:46:13: [Método: Boolean MoveNext(), Línea: 0] - ORA-12514: TNS:listener does not currently know of service requested in connect descriptor
06/01/2021 21:46:13: [Método: Void .ctor(System.Collections.Generic.IEnumerable`1[T]), Línea: 0] - ORA-12514: TNS:listener does not currently know of service requested in connect descriptor
06/01/2021 21:46:13: [Método: System.Collections.Generic.List`1[TSource] ToList[TSource](System.Collections.Generic.IEnumerable`1[TSource]), Línea: 0] - ORA-12514: TNS:listener does not currently know of service requested in connect descriptor
06/01/2021 21:46:13: [Método: System.Collections.Generic.IEnumerable`1[T] Query[T](System.Data.IDbConnection, System.String, System.Object, System.Data.IDbTransaction, Boolean, System.Nullable`1[System.Int32], System.Nullable`1[System.Data.CommandType]), Línea: 0] - ORA-12514: TNS:listener does not currently know of service requested in connect descriptor
06/01/2021 21:46:13: [Método: entidad.minem.gob.pe.UsuarioBE ObtenerPassword(entidad.minem.gob.pe.UsuarioBE), Línea: 248] - ORA-12514: TNS:listener does not currently know of service requested in connect descriptor
06/01/2021 21:47:55: [Método: Void HandleErrorHelper(Int32, Oracle.DataAccess.Client.OracleConnection, IntPtr, Oracle.DataAccess.Client.OpoSqlValCtx*, System.Object, System.String, Boolean, Int32, Oracle.DataAccess.Client.OracleLogicalTransaction), Línea: 0] - ORA-06550: línea 1, columna 43:
PLS-00302: el componente 'USP_SEL_ACCION_MEDIDA' se debe declarar
ORA-06550: línea 1, columna 7:
PL/SQL: Statement ignored
06/01/2021 21:47:55: [Método: Void HandleError(Int32, Oracle.DataAccess.Client.OracleConnection, System.String, IntPtr, Oracle.DataAccess.Client.OpoSqlValCtx*, System.Object, Boolean, Oracle.DataAccess.Client.OracleLogicalTransaction), Línea: 0] - ORA-06550: línea 1, columna 43:
PLS-00302: el componente 'USP_SEL_ACCION_MEDIDA' se debe declarar
ORA-06550: línea 1, columna 7:
PL/SQL: Statement ignored
06/01/2021 21:47:55: [Método: Oracle.DataAccess.Client.OracleDataReader ExecuteReader(Boolean, Boolean, System.Data.CommandBehavior), Línea: 0] - ORA-06550: línea 1, columna 43:
PLS-00302: el componente 'USP_SEL_ACCION_MEDIDA' se debe declarar
ORA-06550: línea 1, columna 7:
PL/SQL: Statement ignored
06/01/2021 21:47:55: [Método: System.Data.Common.DbDataReader ExecuteDbDataReader(System.Data.CommandBehavior), Línea: 0] - ORA-06550: línea 1, columna 43:
PLS-00302: el componente 'USP_SEL_ACCION_MEDIDA' se debe declarar
ORA-06550: línea 1, columna 7:
PL/SQL: Statement ignored
06/01/2021 21:47:55: [Método: System.Data.IDataReader System.Data.IDbCommand.ExecuteReader(System.Data.CommandBehavior), Línea: 0] - ORA-06550: línea 1, columna 43:
PLS-00302: el componente 'USP_SEL_ACCION_MEDIDA' se debe declarar
ORA-06550: línea 1, columna 7:
PL/SQL: Statement ignored
06/01/2021 21:47:55: [Método: System.Data.IDataReader ExecuteReaderWithFlagsFallback(System.Data.IDbCommand, Boolean, System.Data.CommandBehavior), Línea: 0] - ORA-06550: línea 1, columna 43:
PLS-00302: el componente 'USP_SEL_ACCION_MEDIDA' se debe declarar
ORA-06550: línea 1, columna 7:
PL/SQL: Statement ignored
06/01/2021 21:47:55: [Método: Boolean MoveNext(), Línea: 0] - ORA-06550: línea 1, columna 43:
PLS-00302: el componente 'USP_SEL_ACCION_MEDIDA' se debe declarar
ORA-06550: línea 1, columna 7:
PL/SQL: Statement ignored
06/01/2021 21:47:55: [Método: Void .ctor(System.Collections.Generic.IEnumerable`1[T]), Línea: 0] - ORA-06550: línea 1, columna 43:
PLS-00302: el componente 'USP_SEL_ACCION_MEDIDA' se debe declarar
ORA-06550: línea 1, columna 7:
PL/SQL: Statement ignored
06/01/2021 21:47:55: [Método: System.Collections.Generic.List`1[TSource] ToList[TSource](System.Collections.Generic.IEnumerable`1[TSource]), Línea: 0] - ORA-06550: línea 1, columna 43:
PLS-00302: el componente 'USP_SEL_ACCION_MEDIDA' se debe declarar
ORA-06550: línea 1, columna 7:
PL/SQL: Statement ignored
06/01/2021 21:47:55: [Método: System.Collections.Generic.IEnumerable`1[T] Query[T](System.Data.IDbConnection, System.String, System.Object, System.Data.IDbTransaction, Boolean, System.Nullable`1[System.Int32], System.Nullable`1[System.Data.CommandType]), Línea: 0] - ORA-06550: línea 1, columna 43:
PLS-00302: el componente 'USP_SEL_ACCION_MEDIDA' se debe declarar
ORA-06550: línea 1, columna 7:
PL/SQL: Statement ignored
06/01/2021 21:47:55: [Método: System.Collections.Generic.List`1[entidad.minem.gob.pe.IniciativaBE] ListarAcciones(entidad.minem.gob.pe.IniciativaBE), Línea: 2928] - ORA-06550: línea 1, columna 43:
PLS-00302: el componente 'USP_SEL_ACCION_MEDIDA' se debe declarar
ORA-06550: línea 1, columna 7:
PL/SQL: Statement ignored
06/01/2021 21:48:25: [Método: Void HandleErrorHelper(Int32, Oracle.DataAccess.Client.OracleConnection, IntPtr, Oracle.DataAccess.Client.OpoSqlValCtx*, System.Object, System.String, Boolean, Int32, Oracle.DataAccess.Client.OracleLogicalTransaction), Línea: 0] - ORA-06550: línea 1, columna 43:
PLS-00302: el componente 'USP_SEL_MONTO_INVERSION' se debe declarar
ORA-06550: línea 1, columna 7:
PL/SQL: Statement ignored
06/01/2021 21:48:25: [Método: Void HandleError(Int32, Oracle.DataAccess.Client.OracleConnection, System.String, IntPtr, Oracle.DataAccess.Client.OpoSqlValCtx*, System.Object, Boolean, Oracle.DataAccess.Client.OracleLogicalTransaction), Línea: 0] - ORA-06550: línea 1, columna 43:
PLS-00302: el componente 'USP_SEL_MONTO_INVERSION' se debe declarar
ORA-06550: línea 1, columna 7:
PL/SQL: Statement ignored
06/01/2021 21:48:25: [Método: Oracle.DataAccess.Client.OracleDataReader ExecuteReader(Boolean, Boolean, System.Data.CommandBehavior), Línea: 0] - ORA-06550: línea 1, columna 43:
PLS-00302: el componente 'USP_SEL_MONTO_INVERSION' se debe declarar
ORA-06550: línea 1, columna 7:
PL/SQL: Statement ignored
06/01/2021 21:48:25: [Método: System.Data.Common.DbDataReader ExecuteDbDataReader(System.Data.CommandBehavior), Línea: 0] - ORA-06550: línea 1, columna 43:
PLS-00302: el componente 'USP_SEL_MONTO_INVERSION' se debe declarar
ORA-06550: línea 1, columna 7:
PL/SQL: Statement ignored
06/01/2021 21:48:25: [Método: System.Data.IDataReader System.Data.IDbCommand.ExecuteReader(System.Data.CommandBehavior), Línea: 0] - ORA-06550: línea 1, columna 43:
PLS-00302: el componente 'USP_SEL_MONTO_INVERSION' se debe declarar
ORA-06550: línea 1, columna 7:
PL/SQL: Statement ignored
06/01/2021 21:48:25: [Método: System.Data.IDataReader ExecuteReaderWithFlagsFallback(System.Data.IDbCommand, Boolean, System.Data.CommandBehavior), Línea: 0] - ORA-06550: línea 1, columna 43:
PLS-00302: el componente 'USP_SEL_MONTO_INVERSION' se debe declarar
ORA-06550: línea 1, columna 7:
PL/SQL: Statement ignored
06/01/2021 21:48:25: [Método: Boolean MoveNext(), Línea: 0] - ORA-06550: línea 1, columna 43:
PLS-00302: el componente 'USP_SEL_MONTO_INVERSION' se debe declarar
ORA-06550: línea 1, columna 7:
PL/SQL: Statement ignored
06/01/2021 21:48:25: [Método: Void .ctor(System.Collections.Generic.IEnumerable`1[T]), Línea: 0] - ORA-06550: línea 1, columna 43:
PLS-00302: el componente 'USP_SEL_MONTO_INVERSION' se debe declarar
ORA-06550: línea 1, columna 7:
PL/SQL: Statement ignored
06/01/2021 21:48:25: [Método: System.Collections.Generic.List`1[TSource] ToList[TSource](System.Collections.Generic.IEnumerable`1[TSource]), Línea: 0] - ORA-06550: línea 1, columna 43:
PLS-00302: el componente 'USP_SEL_MONTO_INVERSION' se debe declarar
ORA-06550: línea 1, columna 7:
PL/SQL: Statement ignored
06/01/2021 21:48:25: [Método: System.Collections.Generic.IEnumerable`1[T] Query[T](System.Data.IDbConnection, System.String, System.Object, System.Data.IDbTransaction, Boolean, System.Nullable`1[System.Int32], System.Nullable`1[System.Data.CommandType]), Línea: 0] - ORA-06550: línea 1, columna 43:
PLS-00302: el componente 'USP_SEL_MONTO_INVERSION' se debe declarar
ORA-06550: línea 1, columna 7:
PL/SQL: Statement ignored
06/01/2021 21:48:25: [Método: System.Collections.Generic.List`1[entidad.minem.gob.pe.MontoInversionBE] ListarMontos(entidad.minem.gob.pe.IniciativaBE), Línea: 2904] - ORA-06550: línea 1, columna 43:
PLS-00302: el componente 'USP_SEL_MONTO_INVERSION' se debe declarar
ORA-06550: línea 1, columna 7:
PL/SQL: Statement ignored
