23/03/2020 01:11:58 a.m.: [Método: System.DateTime ParseExact(System.String, System.String, System.Globalization.DateTimeFormatInfo, System.Globalization.DateTimeStyles), Línea: 0] - No se puede reconocer la cadena como valor DateTime válido.
23/03/2020 01:11:58 a.m.: [Método: System.DateTime ParseExact(System.String, System.String, System.IFormatProvider), Línea: 0] - No se puede reconocer la cadena como valor DateTime válido.
23/03/2020 01:11:58 a.m.: [Método: System.String VerificaOperando(System.String, System.Collections.Generic.List`1[entidad.minem.gob.pe.IndicadorDataBE]), Línea: 620] - No se puede reconocer la cadena como valor DateTime válido.
23/03/2020 01:11:58 a.m.: [Método: System.Collections.Generic.List`1[entidad.minem.gob.pe.IndicadorDataBE] CalculoIndicador(System.Collections.Generic.List`1[entidad.minem.gob.pe.IndicadorDataBE]), Línea: 379] - No se puede reconocer la cadena como valor DateTime válido.
23/03/2020 01:11:58 a.m.: [Método: System.Web.Mvc.JsonResult CalcularIndicadorDinamico(System.String), Línea: 2105] - No se puede reconocer la cadena como valor DateTime válido.
23/03/2020 01:59:11 p.m.: [Método: Void HandleErrorHelper(Int32, Oracle.DataAccess.Client.OracleConnection, IntPtr, Oracle.DataAccess.Client.OpoSqlValCtx*, System.Object, System.String, Boolean, Int32, Oracle.DataAccess.Client.OracleLogicalTransaction), Línea: 0] - ORA-00936: falta una expresión
ORA-06512: en "MRVMM.PKG_MRV_INICIATIVA_MITIGACION", línea 4622
ORA-06512: en línea 1
23/03/2020 01:59:11 p.m.: [Método: Void HandleError(Int32, Oracle.DataAccess.Client.OracleConnection, System.String, IntPtr, Oracle.DataAccess.Client.OpoSqlValCtx*, System.Object, Boolean, Oracle.DataAccess.Client.OracleLogicalTransaction), Línea: 0] - ORA-00936: falta una expresión
ORA-06512: en "MRVMM.PKG_MRV_INICIATIVA_MITIGACION", línea 4622
ORA-06512: en línea 1
23/03/2020 01:59:11 p.m.: [Método: Oracle.DataAccess.Client.OracleDataReader ExecuteReader(Boolean, Boolean, System.Data.CommandBehavior), Línea: 0] - ORA-00936: falta una expresión
ORA-06512: en "MRVMM.PKG_MRV_INICIATIVA_MITIGACION", línea 4622
ORA-06512: en línea 1
23/03/2020 01:59:11 p.m.: [Método: System.Data.Common.DbDataReader ExecuteDbDataReader(System.Data.CommandBehavior), Línea: 0] - ORA-00936: falta una expresión
ORA-06512: en "MRVMM.PKG_MRV_INICIATIVA_MITIGACION", línea 4622
ORA-06512: en línea 1
23/03/2020 01:59:11 p.m.: [Método: System.Data.IDataReader System.Data.IDbCommand.ExecuteReader(System.Data.CommandBehavior), Línea: 0] - ORA-00936: falta una expresión
ORA-06512: en "MRVMM.PKG_MRV_INICIATIVA_MITIGACION", línea 4622
ORA-06512: en línea 1
23/03/2020 01:59:11 p.m.: [Método: System.Data.IDataReader ExecuteReaderWithFlagsFallback(System.Data.IDbCommand, Boolean, System.Data.CommandBehavior), Línea: 0] - ORA-00936: falta una expresión
ORA-06512: en "MRVMM.PKG_MRV_INICIATIVA_MITIGACION", línea 4622
ORA-06512: en línea 1
23/03/2020 01:59:11 p.m.: [Método: Boolean MoveNext(), Línea: 0] - ORA-00936: falta una expresión
ORA-06512: en "MRVMM.PKG_MRV_INICIATIVA_MITIGACION", línea 4622
ORA-06512: en línea 1
23/03/2020 01:59:11 p.m.: [Método: Void .ctor(System.Collections.Generic.IEnumerable`1[T]), Línea: 0] - ORA-00936: falta una expresión
ORA-06512: en "MRVMM.PKG_MRV_INICIATIVA_MITIGACION", línea 4622
ORA-06512: en línea 1
23/03/2020 01:59:11 p.m.: [Método: System.Collections.Generic.List`1[TSource] ToList[TSource](System.Collections.Generic.IEnumerable`1[TSource]), Línea: 0] - ORA-00936: falta una expresión
ORA-06512: en "MRVMM.PKG_MRV_INICIATIVA_MITIGACION", línea 4622
ORA-06512: en línea 1
23/03/2020 01:59:11 p.m.: [Método: System.Collections.Generic.IEnumerable`1[T] Query[T](System.Data.IDbConnection, System.String, System.Object, System.Data.IDbTransaction, Boolean, System.Nullable`1[System.Int32], System.Nullable`1[System.Data.CommandType]), Línea: 0] - ORA-00936: falta una expresión
ORA-06512: en "MRVMM.PKG_MRV_INICIATIVA_MITIGACION", línea 4622
ORA-06512: en línea 1
23/03/2020 01:59:11 p.m.: [Método: System.Collections.Generic.List`1[entidad.minem.gob.pe.IniciativaBE] ListaBusquedaSimplePublico(entidad.minem.gob.pe.IniciativaBE), Línea: 1801] - ORA-00936: falta una expresión
ORA-06512: en "MRVMM.PKG_MRV_INICIATIVA_MITIGACION", línea 4622
ORA-06512: en línea 1
23/03/2020 02:21:37 p.m.: [Método: Void HandleErrorHelper(Int32, Oracle.DataAccess.Client.OracleConnection, IntPtr, Oracle.DataAccess.Client.OpoSqlValCtx*, System.Object, System.String, Boolean, Int32, Oracle.DataAccess.Client.OracleLogicalTransaction), Línea: 0] - ORA-00936: falta una expresión
ORA-06512: en "MRVMM.PKG_MRV_INICIATIVA_MITIGACION", línea 4622
ORA-06512: en línea 1
23/03/2020 02:21:37 p.m.: [Método: Void HandleError(Int32, Oracle.DataAccess.Client.OracleConnection, System.String, IntPtr, Oracle.DataAccess.Client.OpoSqlValCtx*, System.Object, Boolean, Oracle.DataAccess.Client.OracleLogicalTransaction), Línea: 0] - ORA-00936: falta una expresión
ORA-06512: en "MRVMM.PKG_MRV_INICIATIVA_MITIGACION", línea 4622
ORA-06512: en línea 1
23/03/2020 02:21:37 p.m.: [Método: Oracle.DataAccess.Client.OracleDataReader ExecuteReader(Boolean, Boolean, System.Data.CommandBehavior), Línea: 0] - ORA-00936: falta una expresión
ORA-06512: en "MRVMM.PKG_MRV_INICIATIVA_MITIGACION", línea 4622
ORA-06512: en línea 1
23/03/2020 02:21:37 p.m.: [Método: System.Data.Common.DbDataReader ExecuteDbDataReader(System.Data.CommandBehavior), Línea: 0] - ORA-00936: falta una expresión
ORA-06512: en "MRVMM.PKG_MRV_INICIATIVA_MITIGACION", línea 4622
ORA-06512: en línea 1
23/03/2020 02:21:37 p.m.: [Método: System.Data.IDataReader System.Data.IDbCommand.ExecuteReader(System.Data.CommandBehavior), Línea: 0] - ORA-00936: falta una expresión
ORA-06512: en "MRVMM.PKG_MRV_INICIATIVA_MITIGACION", línea 4622
ORA-06512: en línea 1
23/03/2020 02:21:37 p.m.: [Método: System.Data.IDataReader ExecuteReaderWithFlagsFallback(System.Data.IDbCommand, Boolean, System.Data.CommandBehavior), Línea: 0] - ORA-00936: falta una expresión
ORA-06512: en "MRVMM.PKG_MRV_INICIATIVA_MITIGACION", línea 4622
ORA-06512: en línea 1
23/03/2020 02:21:37 p.m.: [Método: Boolean MoveNext(), Línea: 0] - ORA-00936: falta una expresión
ORA-06512: en "MRVMM.PKG_MRV_INICIATIVA_MITIGACION", línea 4622
ORA-06512: en línea 1
23/03/2020 02:21:37 p.m.: [Método: Void .ctor(System.Collections.Generic.IEnumerable`1[T]), Línea: 0] - ORA-00936: falta una expresión
ORA-06512: en "MRVMM.PKG_MRV_INICIATIVA_MITIGACION", línea 4622
ORA-06512: en línea 1
23/03/2020 02:21:37 p.m.: [Método: System.Collections.Generic.List`1[TSource] ToList[TSource](System.Collections.Generic.IEnumerable`1[TSource]), Línea: 0] - ORA-00936: falta una expresión
ORA-06512: en "MRVMM.PKG_MRV_INICIATIVA_MITIGACION", línea 4622
ORA-06512: en línea 1
23/03/2020 02:21:37 p.m.: [Método: System.Collections.Generic.IEnumerable`1[T] Query[T](System.Data.IDbConnection, System.String, System.Object, System.Data.IDbTransaction, Boolean, System.Nullable`1[System.Int32], System.Nullable`1[System.Data.CommandType]), Línea: 0] - ORA-00936: falta una expresión
ORA-06512: en "MRVMM.PKG_MRV_INICIATIVA_MITIGACION", línea 4622
ORA-06512: en línea 1
23/03/2020 02:21:37 p.m.: [Método: System.Collections.Generic.List`1[entidad.minem.gob.pe.IniciativaBE] ListaBusquedaSimplePublico(entidad.minem.gob.pe.IniciativaBE), Línea: 1801] - ORA-00936: falta una expresión
ORA-06512: en "MRVMM.PKG_MRV_INICIATIVA_MITIGACION", línea 4622
ORA-06512: en línea 1
