01/05/2020 18:08:44: [Método: Void .ctor(), Línea: 0] - La sesión ASP.NET ha expirado o no se pudo encontrar.
01/05/2020 18:08:44: [Método: Microsoft.Reporting.WebForms.HandlerOperation GetHandler(System.String), Línea: 0] - La sesión ASP.NET ha expirado o no se pudo encontrar.
01/05/2020 18:08:44: [Método: Void ProcessRequest(System.Web.HttpContext), Línea: 0] - La sesión ASP.NET ha expirado o no se pudo encontrar.
01/05/2020 18:08:44: [Método: Void System.Web.HttpApplication.IExecutionStep.Execute(), Línea: 0] - La sesión ASP.NET ha expirado o no se pudo encontrar.
01/05/2020 18:08:44: [Método: Void ExecuteStepImpl(IExecutionStep), Línea: 0] - La sesión ASP.NET ha expirado o no se pudo encontrar.
01/05/2020 18:08:44: [Método: System.Exception ExecuteStep(IExecutionStep, Boolean ByRef), Línea: 0] - La sesión ASP.NET ha expirado o no se pudo encontrar.
01/05/2020 18:15:32: [Método: Void .ctor(), Línea: 0] - La sesión ASP.NET ha expirado o no se pudo encontrar.
01/05/2020 18:15:32: [Método: Microsoft.Reporting.WebForms.HandlerOperation GetHandler(System.String), Línea: 0] - La sesión ASP.NET ha expirado o no se pudo encontrar.
01/05/2020 18:15:32: [Método: Void ProcessRequest(System.Web.HttpContext), Línea: 0] - La sesión ASP.NET ha expirado o no se pudo encontrar.
01/05/2020 18:15:32: [Método: Void System.Web.HttpApplication.IExecutionStep.Execute(), Línea: 0] - La sesión ASP.NET ha expirado o no se pudo encontrar.
01/05/2020 18:15:32: [Método: Void ExecuteStepImpl(IExecutionStep), Línea: 0] - La sesión ASP.NET ha expirado o no se pudo encontrar.
01/05/2020 18:15:32: [Método: System.Exception ExecuteStep(IExecutionStep, Boolean ByRef), Línea: 0] - La sesión ASP.NET ha expirado o no se pudo encontrar.
01/05/2020 18:37:44: [Método: Void .ctor(), Línea: 0] - La sesión ASP.NET ha expirado o no se pudo encontrar.
01/05/2020 18:37:44: [Método: Microsoft.Reporting.WebForms.HandlerOperation GetHandler(System.String), Línea: 0] - La sesión ASP.NET ha expirado o no se pudo encontrar.
01/05/2020 18:37:44: [Método: Void ProcessRequest(System.Web.HttpContext), Línea: 0] - La sesión ASP.NET ha expirado o no se pudo encontrar.
01/05/2020 18:37:44: [Método: Void System.Web.HttpApplication.IExecutionStep.Execute(), Línea: 0] - La sesión ASP.NET ha expirado o no se pudo encontrar.
01/05/2020 18:37:44: [Método: Void ExecuteStepImpl(IExecutionStep), Línea: 0] - La sesión ASP.NET ha expirado o no se pudo encontrar.
01/05/2020 18:37:44: [Método: System.Exception ExecuteStep(IExecutionStep, Boolean ByRef), Línea: 0] - La sesión ASP.NET ha expirado o no se pudo encontrar.
01/05/2020 18:44:32: [Método: Void .ctor(), Línea: 0] - La sesión ASP.NET ha expirado o no se pudo encontrar.
01/05/2020 18:44:32: [Método: Microsoft.Reporting.WebForms.HandlerOperation GetHandler(System.String), Línea: 0] - La sesión ASP.NET ha expirado o no se pudo encontrar.
01/05/2020 18:44:32: [Método: Void ProcessRequest(System.Web.HttpContext), Línea: 0] - La sesión ASP.NET ha expirado o no se pudo encontrar.
01/05/2020 18:44:32: [Método: Void System.Web.HttpApplication.IExecutionStep.Execute(), Línea: 0] - La sesión ASP.NET ha expirado o no se pudo encontrar.
01/05/2020 18:44:32: [Método: Void ExecuteStepImpl(IExecutionStep), Línea: 0] - La sesión ASP.NET ha expirado o no se pudo encontrar.
01/05/2020 18:44:32: [Método: System.Exception ExecuteStep(IExecutionStep, Boolean ByRef), Línea: 0] - La sesión ASP.NET ha expirado o no se pudo encontrar.
01/05/2020 19:06:44: [Método: Void .ctor(), Línea: 0] - La sesión ASP.NET ha expirado o no se pudo encontrar.
01/05/2020 19:06:44: [Método: Microsoft.Reporting.WebForms.HandlerOperation GetHandler(System.String), Línea: 0] - La sesión ASP.NET ha expirado o no se pudo encontrar.
01/05/2020 19:06:44: [Método: Void ProcessRequest(System.Web.HttpContext), Línea: 0] - La sesión ASP.NET ha expirado o no se pudo encontrar.
01/05/2020 19:06:44: [Método: Void System.Web.HttpApplication.IExecutionStep.Execute(), Línea: 0] - La sesión ASP.NET ha expirado o no se pudo encontrar.
01/05/2020 19:06:44: [Método: Void ExecuteStepImpl(IExecutionStep), Línea: 0] - La sesión ASP.NET ha expirado o no se pudo encontrar.
01/05/2020 19:06:44: [Método: System.Exception ExecuteStep(IExecutionStep, Boolean ByRef), Línea: 0] - La sesión ASP.NET ha expirado o no se pudo encontrar.
01/05/2020 19:13:32: [Método: Void .ctor(), Línea: 0] - La sesión ASP.NET ha expirado o no se pudo encontrar.
01/05/2020 19:13:32: [Método: Microsoft.Reporting.WebForms.HandlerOperation GetHandler(System.String), Línea: 0] - La sesión ASP.NET ha expirado o no se pudo encontrar.
01/05/2020 19:13:32: [Método: Void ProcessRequest(System.Web.HttpContext), Línea: 0] - La sesión ASP.NET ha expirado o no se pudo encontrar.
01/05/2020 19:13:32: [Método: Void System.Web.HttpApplication.IExecutionStep.Execute(), Línea: 0] - La sesión ASP.NET ha expirado o no se pudo encontrar.
01/05/2020 19:13:32: [Método: Void ExecuteStepImpl(IExecutionStep), Línea: 0] - La sesión ASP.NET ha expirado o no se pudo encontrar.
01/05/2020 19:13:32: [Método: System.Exception ExecuteStep(IExecutionStep, Boolean ByRef), Línea: 0] - La sesión ASP.NET ha expirado o no se pudo encontrar.
01/05/2020 19:35:44: [Método: Void .ctor(), Línea: 0] - La sesión ASP.NET ha expirado o no se pudo encontrar.
01/05/2020 19:35:44: [Método: Microsoft.Reporting.WebForms.HandlerOperation GetHandler(System.String), Línea: 0] - La sesión ASP.NET ha expirado o no se pudo encontrar.
01/05/2020 19:35:44: [Método: Void ProcessRequest(System.Web.HttpContext), Línea: 0] - La sesión ASP.NET ha expirado o no se pudo encontrar.
01/05/2020 19:35:44: [Método: Void System.Web.HttpApplication.IExecutionStep.Execute(), Línea: 0] - La sesión ASP.NET ha expirado o no se pudo encontrar.
01/05/2020 19:35:44: [Método: Void ExecuteStepImpl(IExecutionStep), Línea: 0] - La sesión ASP.NET ha expirado o no se pudo encontrar.
01/05/2020 19:35:44: [Método: System.Exception ExecuteStep(IExecutionStep, Boolean ByRef), Línea: 0] - La sesión ASP.NET ha expirado o no se pudo encontrar.
01/05/2020 19:42:32: [Método: Void .ctor(), Línea: 0] - La sesión ASP.NET ha expirado o no se pudo encontrar.
01/05/2020 19:42:32: [Método: Microsoft.Reporting.WebForms.HandlerOperation GetHandler(System.String), Línea: 0] - La sesión ASP.NET ha expirado o no se pudo encontrar.
01/05/2020 19:42:32: [Método: Void ProcessRequest(System.Web.HttpContext), Línea: 0] - La sesión ASP.NET ha expirado o no se pudo encontrar.
01/05/2020 19:42:32: [Método: Void System.Web.HttpApplication.IExecutionStep.Execute(), Línea: 0] - La sesión ASP.NET ha expirado o no se pudo encontrar.
01/05/2020 19:42:32: [Método: Void ExecuteStepImpl(IExecutionStep), Línea: 0] - La sesión ASP.NET ha expirado o no se pudo encontrar.
01/05/2020 19:42:32: [Método: System.Exception ExecuteStep(IExecutionStep, Boolean ByRef), Línea: 0] - La sesión ASP.NET ha expirado o no se pudo encontrar.
01/05/2020 19:45:58: [Método: Void HandleErrorHelper(Int32, Oracle.DataAccess.Client.OracleConnection, IntPtr, Oracle.DataAccess.Client.OpoSqlValCtx*, System.Object, System.String, Boolean, Int32, Oracle.DataAccess.Client.OracleLogicalTransaction), Línea: 0] - ORA-00936: falta una expresión
ORA-06512: en "MRVMM.PKG_MRV_DETALLE_INDICADORES", línea 1166
ORA-06512: en línea 1
01/05/2020 19:45:58: [Método: Void HandleError(Int32, Oracle.DataAccess.Client.OracleConnection, System.String, IntPtr, Oracle.DataAccess.Client.OpoSqlValCtx*, System.Object, Boolean, Oracle.DataAccess.Client.OracleLogicalTransaction), Línea: 0] - ORA-00936: falta una expresión
ORA-06512: en "MRVMM.PKG_MRV_DETALLE_INDICADORES", línea 1166
ORA-06512: en línea 1
01/05/2020 19:45:58: [Método: Int32 ExecuteNonQuery(), Línea: 0] - ORA-00936: falta una expresión
ORA-06512: en "MRVMM.PKG_MRV_DETALLE_INDICADORES", línea 1166
ORA-06512: en línea 1
01/05/2020 19:45:58: [Método: Int32 ExecuteCommand(System.Data.IDbConnection, Dapper.CommandDefinition ByRef, System.Action`2[System.Data.IDbCommand,System.Object]), Línea: 0] - ORA-00936: falta una expresión
ORA-06512: en "MRVMM.PKG_MRV_DETALLE_INDICADORES", línea 1166
ORA-06512: en línea 1
01/05/2020 19:45:58: [Método: Int32 ExecuteImpl(System.Data.IDbConnection, Dapper.CommandDefinition ByRef), Línea: 0] - ORA-00936: falta una expresión
ORA-06512: en "MRVMM.PKG_MRV_DETALLE_INDICADORES", línea 1166
ORA-06512: en línea 1
01/05/2020 19:45:58: [Método: Int32 Execute(System.Data.IDbConnection, System.String, System.Object, System.Data.IDbTransaction, System.Nullable`1[System.Int32], System.Nullable`1[System.Data.CommandType]), Línea: 0] - ORA-00936: falta una expresión
ORA-06512: en "MRVMM.PKG_MRV_DETALLE_INDICADORES", línea 1166
ORA-06512: en línea 1
01/05/2020 19:45:58: [Método: entidad.minem.gob.pe.IniciativaBE EliminarIndicadoresFile(entidad.minem.gob.pe.IniciativaBE), Línea: 652] - ORA-00936: falta una expresión
ORA-06512: en "MRVMM.PKG_MRV_DETALLE_INDICADORES", línea 1166
ORA-06512: en línea 1
01/05/2020 20:04:44: [Método: Void .ctor(), Línea: 0] - La sesión ASP.NET ha expirado o no se pudo encontrar.
01/05/2020 20:04:44: [Método: Microsoft.Reporting.WebForms.HandlerOperation GetHandler(System.String), Línea: 0] - La sesión ASP.NET ha expirado o no se pudo encontrar.
01/05/2020 20:04:44: [Método: Void ProcessRequest(System.Web.HttpContext), Línea: 0] - La sesión ASP.NET ha expirado o no se pudo encontrar.
01/05/2020 20:04:44: [Método: Void System.Web.HttpApplication.IExecutionStep.Execute(), Línea: 0] - La sesión ASP.NET ha expirado o no se pudo encontrar.
01/05/2020 20:04:44: [Método: Void ExecuteStepImpl(IExecutionStep), Línea: 0] - La sesión ASP.NET ha expirado o no se pudo encontrar.
01/05/2020 20:04:44: [Método: System.Exception ExecuteStep(IExecutionStep, Boolean ByRef), Línea: 0] - La sesión ASP.NET ha expirado o no se pudo encontrar.
01/05/2020 20:11:32: [Método: Void .ctor(), Línea: 0] - La sesión ASP.NET ha expirado o no se pudo encontrar.
01/05/2020 20:11:32: [Método: Microsoft.Reporting.WebForms.HandlerOperation GetHandler(System.String), Línea: 0] - La sesión ASP.NET ha expirado o no se pudo encontrar.
01/05/2020 20:11:32: [Método: Void ProcessRequest(System.Web.HttpContext), Línea: 0] - La sesión ASP.NET ha expirado o no se pudo encontrar.
01/05/2020 20:11:32: [Método: Void System.Web.HttpApplication.IExecutionStep.Execute(), Línea: 0] - La sesión ASP.NET ha expirado o no se pudo encontrar.
01/05/2020 20:11:32: [Método: Void ExecuteStepImpl(IExecutionStep), Línea: 0] - La sesión ASP.NET ha expirado o no se pudo encontrar.
01/05/2020 20:11:32: [Método: System.Exception ExecuteStep(IExecutionStep, Boolean ByRef), Línea: 0] - La sesión ASP.NET ha expirado o no se pudo encontrar.
01/05/2020 20:33:44: [Método: Void .ctor(), Línea: 0] - La sesión ASP.NET ha expirado o no se pudo encontrar.
01/05/2020 20:33:44: [Método: Microsoft.Reporting.WebForms.HandlerOperation GetHandler(System.String), Línea: 0] - La sesión ASP.NET ha expirado o no se pudo encontrar.
01/05/2020 20:33:44: [Método: Void ProcessRequest(System.Web.HttpContext), Línea: 0] - La sesión ASP.NET ha expirado o no se pudo encontrar.
01/05/2020 20:33:44: [Método: Void System.Web.HttpApplication.IExecutionStep.Execute(), Línea: 0] - La sesión ASP.NET ha expirado o no se pudo encontrar.
01/05/2020 20:33:44: [Método: Void ExecuteStepImpl(IExecutionStep), Línea: 0] - La sesión ASP.NET ha expirado o no se pudo encontrar.
01/05/2020 20:33:44: [Método: System.Exception ExecuteStep(IExecutionStep, Boolean ByRef), Línea: 0] - La sesión ASP.NET ha expirado o no se pudo encontrar.
01/05/2020 20:40:32: [Método: Void .ctor(), Línea: 0] - La sesión ASP.NET ha expirado o no se pudo encontrar.
01/05/2020 20:40:32: [Método: Microsoft.Reporting.WebForms.HandlerOperation GetHandler(System.String), Línea: 0] - La sesión ASP.NET ha expirado o no se pudo encontrar.
01/05/2020 20:40:32: [Método: Void ProcessRequest(System.Web.HttpContext), Línea: 0] - La sesión ASP.NET ha expirado o no se pudo encontrar.
01/05/2020 20:40:32: [Método: Void System.Web.HttpApplication.IExecutionStep.Execute(), Línea: 0] - La sesión ASP.NET ha expirado o no se pudo encontrar.
01/05/2020 20:40:32: [Método: Void ExecuteStepImpl(IExecutionStep), Línea: 0] - La sesión ASP.NET ha expirado o no se pudo encontrar.
01/05/2020 20:40:32: [Método: System.Exception ExecuteStep(IExecutionStep, Boolean ByRef), Línea: 0] - La sesión ASP.NET ha expirado o no se pudo encontrar.
01/05/2020 21:02:44: [Método: Void .ctor(), Línea: 0] - La sesión ASP.NET ha expirado o no se pudo encontrar.
01/05/2020 21:02:44: [Método: Microsoft.Reporting.WebForms.HandlerOperation GetHandler(System.String), Línea: 0] - La sesión ASP.NET ha expirado o no se pudo encontrar.
01/05/2020 21:02:44: [Método: Void ProcessRequest(System.Web.HttpContext), Línea: 0] - La sesión ASP.NET ha expirado o no se pudo encontrar.
01/05/2020 21:02:44: [Método: Void System.Web.HttpApplication.IExecutionStep.Execute(), Línea: 0] - La sesión ASP.NET ha expirado o no se pudo encontrar.
01/05/2020 21:02:44: [Método: Void ExecuteStepImpl(IExecutionStep), Línea: 0] - La sesión ASP.NET ha expirado o no se pudo encontrar.
01/05/2020 21:02:44: [Método: System.Exception ExecuteStep(IExecutionStep, Boolean ByRef), Línea: 0] - La sesión ASP.NET ha expirado o no se pudo encontrar.
01/05/2020 21:09:32: [Método: Void .ctor(), Línea: 0] - La sesión ASP.NET ha expirado o no se pudo encontrar.
01/05/2020 21:09:32: [Método: Microsoft.Reporting.WebForms.HandlerOperation GetHandler(System.String), Línea: 0] - La sesión ASP.NET ha expirado o no se pudo encontrar.
01/05/2020 21:09:32: [Método: Void ProcessRequest(System.Web.HttpContext), Línea: 0] - La sesión ASP.NET ha expirado o no se pudo encontrar.
01/05/2020 21:09:32: [Método: Void System.Web.HttpApplication.IExecutionStep.Execute(), Línea: 0] - La sesión ASP.NET ha expirado o no se pudo encontrar.
01/05/2020 21:09:32: [Método: Void ExecuteStepImpl(IExecutionStep), Línea: 0] - La sesión ASP.NET ha expirado o no se pudo encontrar.
01/05/2020 21:09:32: [Método: System.Exception ExecuteStep(IExecutionStep, Boolean ByRef), Línea: 0] - La sesión ASP.NET ha expirado o no se pudo encontrar.
