20/04/2020 12:28:32: [Método: Void HandleErrorHelper(Int32, Oracle.DataAccess.Client.OracleConnection, IntPtr, Oracle.DataAccess.Client.OpoSqlValCtx*, System.Object, System.String, Boolean, Int32, Oracle.DataAccess.Client.OracleLogicalTransaction), Línea: 0] - ORA-12170: TNS:Connect timeout occurred
20/04/2020 12:28:32: [Método: Void HandleError(Int32, Oracle.DataAccess.Client.OracleConnection, IntPtr, System.Object, Oracle.DataAccess.Client.OracleLogicalTransaction), Línea: 0] - ORA-12170: TNS:Connect timeout occurred
20/04/2020 12:28:32: [Método: Void Open(Oracle.DataAccess.Client.OracleConnection), Línea: 0] - ORA-12170: TNS:Connect timeout occurred
20/04/2020 12:28:32: [Método: Void Open(), Línea: 0] - ORA-12170: TNS:Connect timeout occurred
20/04/2020 12:28:32: [Método: Boolean MoveNext(), Línea: 0] - ORA-12170: TNS:Connect timeout occurred
20/04/2020 12:28:32: [Método: Void .ctor(System.Collections.Generic.IEnumerable`1[T]), Línea: 0] - ORA-12170: TNS:Connect timeout occurred
20/04/2020 12:28:32: [Método: System.Collections.Generic.List`1[TSource] ToList[TSource](System.Collections.Generic.IEnumerable`1[TSource]), Línea: 0] - ORA-12170: TNS:Connect timeout occurred
20/04/2020 12:28:32: [Método: System.Collections.Generic.IEnumerable`1[T] Query[T](System.Data.IDbConnection, System.String, System.Object, System.Data.IDbTransaction, Boolean, System.Nullable`1[System.Int32], System.Nullable`1[System.Data.CommandType]), Línea: 0] - ORA-12170: TNS:Connect timeout occurred
20/04/2020 12:28:32: [Método: System.Collections.Generic.List`1[entidad.minem.gob.pe.MedidaMitigacionBE] ListarMedidaMitigacion(entidad.minem.gob.pe.MedidaMitigacionBE), Línea: 30] - ORA-12170: TNS:Connect timeout occurred
20/04/2020 12:28:56: [Método: Void HandleErrorHelper(Int32, Oracle.DataAccess.Client.OracleConnection, IntPtr, Oracle.DataAccess.Client.OpoSqlValCtx*, System.Object, System.String, Boolean, Int32, Oracle.DataAccess.Client.OracleLogicalTransaction), Línea: 0] - ORA-12170: TNS:Connect timeout occurred
20/04/2020 12:28:56: [Método: Void HandleError(Int32, Oracle.DataAccess.Client.OracleConnection, IntPtr, System.Object, Oracle.DataAccess.Client.OracleLogicalTransaction), Línea: 0] - ORA-12170: TNS:Connect timeout occurred
20/04/2020 12:28:56: [Método: Void Open(Oracle.DataAccess.Client.OracleConnection), Línea: 0] - ORA-12170: TNS:Connect timeout occurred
20/04/2020 12:28:56: [Método: Void Open(), Línea: 0] - ORA-12170: TNS:Connect timeout occurred
20/04/2020 12:28:56: [Método: Boolean MoveNext(), Línea: 0] - ORA-12170: TNS:Connect timeout occurred
20/04/2020 12:28:56: [Método: Void .ctor(System.Collections.Generic.IEnumerable`1[T]), Línea: 0] - ORA-12170: TNS:Connect timeout occurred
20/04/2020 12:28:56: [Método: System.Collections.Generic.List`1[TSource] ToList[TSource](System.Collections.Generic.IEnumerable`1[TSource]), Línea: 0] - ORA-12170: TNS:Connect timeout occurred
20/04/2020 12:28:56: [Método: System.Collections.Generic.IEnumerable`1[T] Query[T](System.Data.IDbConnection, System.String, System.Object, System.Data.IDbTransaction, Boolean, System.Nullable`1[System.Int32], System.Nullable`1[System.Data.CommandType]), Línea: 0] - ORA-12170: TNS:Connect timeout occurred
20/04/2020 12:28:56: [Método: System.Collections.Generic.List`1[entidad.minem.gob.pe.IniciativaBE] MostrarGeiporAnio(entidad.minem.gob.pe.IniciativaBE), Línea: 1455] - ORA-12170: TNS:Connect timeout occurred
20/04/2020 12:30:49: [Método: Void HandleErrorHelper(Int32, Oracle.DataAccess.Client.OracleConnection, IntPtr, Oracle.DataAccess.Client.OpoSqlValCtx*, System.Object, System.String, Boolean, Int32, Oracle.DataAccess.Client.OracleLogicalTransaction), Línea: 0] - ORA-12170: TNS:Connect timeout occurred
20/04/2020 12:30:49: [Método: Void HandleError(Int32, Oracle.DataAccess.Client.OracleConnection, IntPtr, System.Object, Oracle.DataAccess.Client.OracleLogicalTransaction), Línea: 0] - ORA-12170: TNS:Connect timeout occurred
20/04/2020 12:30:49: [Método: Void Open(Oracle.DataAccess.Client.OracleConnection), Línea: 0] - ORA-12170: TNS:Connect timeout occurred
20/04/2020 12:30:49: [Método: Void Open(), Línea: 0] - ORA-12170: TNS:Connect timeout occurred
20/04/2020 12:30:49: [Método: Boolean MoveNext(), Línea: 0] - ORA-12170: TNS:Connect timeout occurred
20/04/2020 12:30:49: [Método: Void .ctor(System.Collections.Generic.IEnumerable`1[T]), Línea: 0] - ORA-12170: TNS:Connect timeout occurred
20/04/2020 12:30:49: [Método: System.Collections.Generic.List`1[TSource] ToList[TSource](System.Collections.Generic.IEnumerable`1[TSource]), Línea: 0] - ORA-12170: TNS:Connect timeout occurred
20/04/2020 12:30:49: [Método: System.Collections.Generic.IEnumerable`1[T] Query[T](System.Data.IDbConnection, System.String, System.Object, System.Data.IDbTransaction, Boolean, System.Nullable`1[System.Int32], System.Nullable`1[System.Data.CommandType]), Línea: 0] - ORA-12170: TNS:Connect timeout occurred
20/04/2020 12:30:49: [Método: entidad.minem.gob.pe.UsuarioBE ObtenerPassword(entidad.minem.gob.pe.UsuarioBE), Línea: 230] - ORA-12170: TNS:Connect timeout occurred
