23/02/2020 12:43:51 a.m.: [Método: System.Collections.Generic.List`1[entidad.minem.gob.pe.IndicadorBE] DashboardResultado(entidad.minem.gob.pe.IndicadorBE), Línea: 0] - Referencia a objeto no establecida como instancia de un objeto.
23/02/2020 12:51:43 a.m.: [Método: Void HandleErrorHelper(Int32, Oracle.DataAccess.Client.OracleConnection, IntPtr, Oracle.DataAccess.Client.OpoSqlValCtx*, System.Object, System.String, Boolean, Int32, Oracle.DataAccess.Client.OracleLogicalTransaction), Línea: 0] - ORA-00979: no es una expresión GROUP BY
ORA-06512: en "MRVMM.PKG_MRV_REPORTES", línea 630
ORA-06512: en línea 1
23/02/2020 12:51:43 a.m.: [Método: Void HandleError(Int32, Oracle.DataAccess.Client.OracleConnection, System.String, IntPtr, Oracle.DataAccess.Client.OpoSqlValCtx*, System.Object, Boolean, Oracle.DataAccess.Client.OracleLogicalTransaction), Línea: 0] - ORA-00979: no es una expresión GROUP BY
ORA-06512: en "MRVMM.PKG_MRV_REPORTES", línea 630
ORA-06512: en línea 1
23/02/2020 12:51:43 a.m.: [Método: Oracle.DataAccess.Client.OracleDataReader ExecuteReader(Boolean, Boolean, System.Data.CommandBehavior), Línea: 0] - ORA-00979: no es una expresión GROUP BY
ORA-06512: en "MRVMM.PKG_MRV_REPORTES", línea 630
ORA-06512: en línea 1
23/02/2020 12:51:43 a.m.: [Método: System.Data.Common.DbDataReader ExecuteDbDataReader(System.Data.CommandBehavior), Línea: 0] - ORA-00979: no es una expresión GROUP BY
ORA-06512: en "MRVMM.PKG_MRV_REPORTES", línea 630
ORA-06512: en línea 1
23/02/2020 12:51:43 a.m.: [Método: System.Data.IDataReader System.Data.IDbCommand.ExecuteReader(System.Data.CommandBehavior), Línea: 0] - ORA-00979: no es una expresión GROUP BY
ORA-06512: en "MRVMM.PKG_MRV_REPORTES", línea 630
ORA-06512: en línea 1
23/02/2020 12:51:43 a.m.: [Método: System.Data.IDataReader ExecuteReaderWithFlagsFallback(System.Data.IDbCommand, Boolean, System.Data.CommandBehavior), Línea: 0] - ORA-00979: no es una expresión GROUP BY
ORA-06512: en "MRVMM.PKG_MRV_REPORTES", línea 630
ORA-06512: en línea 1
23/02/2020 12:51:43 a.m.: [Método: Boolean MoveNext(), Línea: 0] - ORA-00979: no es una expresión GROUP BY
ORA-06512: en "MRVMM.PKG_MRV_REPORTES", línea 630
ORA-06512: en línea 1
23/02/2020 12:51:43 a.m.: [Método: Void .ctor(System.Collections.Generic.IEnumerable`1[T]), Línea: 0] - ORA-00979: no es una expresión GROUP BY
ORA-06512: en "MRVMM.PKG_MRV_REPORTES", línea 630
ORA-06512: en línea 1
23/02/2020 12:51:43 a.m.: [Método: System.Collections.Generic.List`1[TSource] ToList[TSource](System.Collections.Generic.IEnumerable`1[TSource]), Línea: 0] - ORA-00979: no es una expresión GROUP BY
ORA-06512: en "MRVMM.PKG_MRV_REPORTES", línea 630
ORA-06512: en línea 1
23/02/2020 12:51:43 a.m.: [Método: System.Collections.Generic.IEnumerable`1[T] Query[T](System.Data.IDbConnection, System.String, System.Object, System.Data.IDbTransaction, Boolean, System.Nullable`1[System.Int32], System.Nullable`1[System.Data.CommandType]), Línea: 0] - ORA-00979: no es una expresión GROUP BY
ORA-06512: en "MRVMM.PKG_MRV_REPORTES", línea 630
ORA-06512: en línea 1
23/02/2020 12:51:43 a.m.: [Método: System.Collections.Generic.List`1[entidad.minem.gob.pe.IniciativaBE] ListarDatosAnnoGei(Int32, Int32), Línea: 0] - ORA-00979: no es una expresión GROUP BY
ORA-06512: en "MRVMM.PKG_MRV_REPORTES", línea 630
ORA-06512: en línea 1
23/02/2020 01:44:27 a.m.: [Método: Void HandleErrorHelper(Int32, Oracle.DataAccess.Client.OracleConnection, IntPtr, Oracle.DataAccess.Client.OpoSqlValCtx*, System.Object, System.String, Boolean, Int32, Oracle.DataAccess.Client.OracleLogicalTransaction), Línea: 0] - ORA-00979: no es una expresión GROUP BY
ORA-06512: en "MRVMM.PKG_MRV_REPORTES", línea 541
ORA-06512: en línea 1
23/02/2020 01:44:27 a.m.: [Método: Void HandleError(Int32, Oracle.DataAccess.Client.OracleConnection, System.String, IntPtr, Oracle.DataAccess.Client.OpoSqlValCtx*, System.Object, Boolean, Oracle.DataAccess.Client.OracleLogicalTransaction), Línea: 0] - ORA-00979: no es una expresión GROUP BY
ORA-06512: en "MRVMM.PKG_MRV_REPORTES", línea 541
ORA-06512: en línea 1
23/02/2020 01:44:27 a.m.: [Método: Oracle.DataAccess.Client.OracleDataReader ExecuteReader(Boolean, Boolean, System.Data.CommandBehavior), Línea: 0] - ORA-00979: no es una expresión GROUP BY
ORA-06512: en "MRVMM.PKG_MRV_REPORTES", línea 541
ORA-06512: en línea 1
23/02/2020 01:44:27 a.m.: [Método: System.Data.Common.DbDataReader ExecuteDbDataReader(System.Data.CommandBehavior), Línea: 0] - ORA-00979: no es una expresión GROUP BY
ORA-06512: en "MRVMM.PKG_MRV_REPORTES", línea 541
ORA-06512: en línea 1
23/02/2020 01:44:27 a.m.: [Método: System.Data.IDataReader System.Data.IDbCommand.ExecuteReader(System.Data.CommandBehavior), Línea: 0] - ORA-00979: no es una expresión GROUP BY
ORA-06512: en "MRVMM.PKG_MRV_REPORTES", línea 541
ORA-06512: en línea 1
23/02/2020 01:44:27 a.m.: [Método: System.Data.IDataReader ExecuteReaderWithFlagsFallback(System.Data.IDbCommand, Boolean, System.Data.CommandBehavior), Línea: 0] - ORA-00979: no es una expresión GROUP BY
ORA-06512: en "MRVMM.PKG_MRV_REPORTES", línea 541
ORA-06512: en línea 1
23/02/2020 01:44:27 a.m.: [Método: Boolean MoveNext(), Línea: 0] - ORA-00979: no es una expresión GROUP BY
ORA-06512: en "MRVMM.PKG_MRV_REPORTES", línea 541
ORA-06512: en línea 1
23/02/2020 01:44:27 a.m.: [Método: Void .ctor(System.Collections.Generic.IEnumerable`1[T]), Línea: 0] - ORA-00979: no es una expresión GROUP BY
ORA-06512: en "MRVMM.PKG_MRV_REPORTES", línea 541
ORA-06512: en línea 1
23/02/2020 01:44:27 a.m.: [Método: System.Collections.Generic.List`1[TSource] ToList[TSource](System.Collections.Generic.IEnumerable`1[TSource]), Línea: 0] - ORA-00979: no es una expresión GROUP BY
ORA-06512: en "MRVMM.PKG_MRV_REPORTES", línea 541
ORA-06512: en línea 1
23/02/2020 01:44:27 a.m.: [Método: System.Collections.Generic.IEnumerable`1[T] Query[T](System.Data.IDbConnection, System.String, System.Object, System.Data.IDbTransaction, Boolean, System.Nullable`1[System.Int32], System.Nullable`1[System.Data.CommandType]), Línea: 0] - ORA-00979: no es una expresión GROUP BY
ORA-06512: en "MRVMM.PKG_MRV_REPORTES", línea 541
ORA-06512: en línea 1
23/02/2020 01:44:27 a.m.: [Método: System.Collections.Generic.List`1[entidad.minem.gob.pe.IniciativaBE] ListarDatosSectorMedida(Int32), Línea: 1160] - ORA-00979: no es una expresión GROUP BY
ORA-06512: en "MRVMM.PKG_MRV_REPORTES", línea 541
ORA-06512: en línea 1
23/02/2020 01:44:27 a.m.: [Método: Void HandleErrorHelper(Int32, Oracle.DataAccess.Client.OracleConnection, IntPtr, Oracle.DataAccess.Client.OpoSqlValCtx*, System.Object, System.String, Boolean, Int32, Oracle.DataAccess.Client.OracleLogicalTransaction), Línea: 0] - ORA-00979: no es una expresión GROUP BY
ORA-06512: en "MRVMM.PKG_MRV_REPORTES", línea 541
ORA-06512: en línea 1
23/02/2020 01:44:27 a.m.: [Método: Void HandleError(Int32, Oracle.DataAccess.Client.OracleConnection, System.String, IntPtr, Oracle.DataAccess.Client.OpoSqlValCtx*, System.Object, Boolean, Oracle.DataAccess.Client.OracleLogicalTransaction), Línea: 0] - ORA-00979: no es una expresión GROUP BY
ORA-06512: en "MRVMM.PKG_MRV_REPORTES", línea 541
ORA-06512: en línea 1
23/02/2020 01:44:27 a.m.: [Método: Oracle.DataAccess.Client.OracleDataReader ExecuteReader(Boolean, Boolean, System.Data.CommandBehavior), Línea: 0] - ORA-00979: no es una expresión GROUP BY
ORA-06512: en "MRVMM.PKG_MRV_REPORTES", línea 541
ORA-06512: en línea 1
23/02/2020 01:44:27 a.m.: [Método: System.Data.Common.DbDataReader ExecuteDbDataReader(System.Data.CommandBehavior), Línea: 0] - ORA-00979: no es una expresión GROUP BY
ORA-06512: en "MRVMM.PKG_MRV_REPORTES", línea 541
ORA-06512: en línea 1
23/02/2020 01:44:27 a.m.: [Método: System.Data.IDataReader System.Data.IDbCommand.ExecuteReader(System.Data.CommandBehavior), Línea: 0] - ORA-00979: no es una expresión GROUP BY
ORA-06512: en "MRVMM.PKG_MRV_REPORTES", línea 541
ORA-06512: en línea 1
23/02/2020 01:44:27 a.m.: [Método: System.Data.IDataReader ExecuteReaderWithFlagsFallback(System.Data.IDbCommand, Boolean, System.Data.CommandBehavior), Línea: 0] - ORA-00979: no es una expresión GROUP BY
ORA-06512: en "MRVMM.PKG_MRV_REPORTES", línea 541
ORA-06512: en línea 1
23/02/2020 01:44:27 a.m.: [Método: Boolean MoveNext(), Línea: 0] - ORA-00979: no es una expresión GROUP BY
ORA-06512: en "MRVMM.PKG_MRV_REPORTES", línea 541
ORA-06512: en línea 1
23/02/2020 01:44:27 a.m.: [Método: Void .ctor(System.Collections.Generic.IEnumerable`1[T]), Línea: 0] - ORA-00979: no es una expresión GROUP BY
ORA-06512: en "MRVMM.PKG_MRV_REPORTES", línea 541
ORA-06512: en línea 1
23/02/2020 01:44:27 a.m.: [Método: System.Collections.Generic.List`1[TSource] ToList[TSource](System.Collections.Generic.IEnumerable`1[TSource]), Línea: 0] - ORA-00979: no es una expresión GROUP BY
ORA-06512: en "MRVMM.PKG_MRV_REPORTES", línea 541
ORA-06512: en línea 1
23/02/2020 01:44:27 a.m.: [Método: System.Collections.Generic.IEnumerable`1[T] Query[T](System.Data.IDbConnection, System.String, System.Object, System.Data.IDbTransaction, Boolean, System.Nullable`1[System.Int32], System.Nullable`1[System.Data.CommandType]), Línea: 0] - ORA-00979: no es una expresión GROUP BY
ORA-06512: en "MRVMM.PKG_MRV_REPORTES", línea 541
ORA-06512: en línea 1
23/02/2020 01:44:27 a.m.: [Método: System.Collections.Generic.List`1[entidad.minem.gob.pe.IniciativaBE] ListarDatosSectorMedida(Int32), Línea: 1160] - ORA-00979: no es una expresión GROUP BY
ORA-06512: en "MRVMM.PKG_MRV_REPORTES", línea 541
ORA-06512: en línea 1
23/02/2020 03:10:37 a.m.: [Método: Void HandleErrorHelper(Int32, Oracle.DataAccess.Client.OracleConnection, IntPtr, Oracle.DataAccess.Client.OpoSqlValCtx*, System.Object, System.String, Boolean, Int32, Oracle.DataAccess.Client.OracleLogicalTransaction), Línea: 0] - ORA-06550: línea 1, columna 30:
PLS-00302: el componente 'USP_SEL_MEDIDA_MITIGACION' se debe declarar
ORA-06550: línea 1, columna 7:
PL/SQL: Statement ignored
23/02/2020 03:10:37 a.m.: [Método: Void HandleError(Int32, Oracle.DataAccess.Client.OracleConnection, System.String, IntPtr, Oracle.DataAccess.Client.OpoSqlValCtx*, System.Object, Boolean, Oracle.DataAccess.Client.OracleLogicalTransaction), Línea: 0] - ORA-06550: línea 1, columna 30:
PLS-00302: el componente 'USP_SEL_MEDIDA_MITIGACION' se debe declarar
ORA-06550: línea 1, columna 7:
PL/SQL: Statement ignored
23/02/2020 03:10:37 a.m.: [Método: Oracle.DataAccess.Client.OracleDataReader ExecuteReader(Boolean, Boolean, System.Data.CommandBehavior), Línea: 0] - ORA-06550: línea 1, columna 30:
PLS-00302: el componente 'USP_SEL_MEDIDA_MITIGACION' se debe declarar
ORA-06550: línea 1, columna 7:
PL/SQL: Statement ignored
23/02/2020 03:10:37 a.m.: [Método: System.Data.Common.DbDataReader ExecuteDbDataReader(System.Data.CommandBehavior), Línea: 0] - ORA-06550: línea 1, columna 30:
PLS-00302: el componente 'USP_SEL_MEDIDA_MITIGACION' se debe declarar
ORA-06550: línea 1, columna 7:
PL/SQL: Statement ignored
23/02/2020 03:10:37 a.m.: [Método: System.Data.IDataReader System.Data.IDbCommand.ExecuteReader(System.Data.CommandBehavior), Línea: 0] - ORA-06550: línea 1, columna 30:
PLS-00302: el componente 'USP_SEL_MEDIDA_MITIGACION' se debe declarar
ORA-06550: línea 1, columna 7:
PL/SQL: Statement ignored
23/02/2020 03:10:37 a.m.: [Método: System.Data.IDataReader ExecuteReaderWithFlagsFallback(System.Data.IDbCommand, Boolean, System.Data.CommandBehavior), Línea: 0] - ORA-06550: línea 1, columna 30:
PLS-00302: el componente 'USP_SEL_MEDIDA_MITIGACION' se debe declarar
ORA-06550: línea 1, columna 7:
PL/SQL: Statement ignored
23/02/2020 03:10:37 a.m.: [Método: Boolean MoveNext(), Línea: 0] - ORA-06550: línea 1, columna 30:
PLS-00302: el componente 'USP_SEL_MEDIDA_MITIGACION' se debe declarar
ORA-06550: línea 1, columna 7:
PL/SQL: Statement ignored
23/02/2020 03:10:37 a.m.: [Método: Void .ctor(System.Collections.Generic.IEnumerable`1[T]), Línea: 0] - ORA-06550: línea 1, columna 30:
PLS-00302: el componente 'USP_SEL_MEDIDA_MITIGACION' se debe declarar
ORA-06550: línea 1, columna 7:
PL/SQL: Statement ignored
23/02/2020 03:10:37 a.m.: [Método: System.Collections.Generic.List`1[TSource] ToList[TSource](System.Collections.Generic.IEnumerable`1[TSource]), Línea: 0] - ORA-06550: línea 1, columna 30:
PLS-00302: el componente 'USP_SEL_MEDIDA_MITIGACION' se debe declarar
ORA-06550: línea 1, columna 7:
PL/SQL: Statement ignored
23/02/2020 03:10:37 a.m.: [Método: System.Collections.Generic.IEnumerable`1[T] Query[T](System.Data.IDbConnection, System.String, System.Object, System.Data.IDbTransaction, Boolean, System.Nullable`1[System.Int32], System.Nullable`1[System.Data.CommandType]), Línea: 0] - ORA-06550: línea 1, columna 30:
PLS-00302: el componente 'USP_SEL_MEDIDA_MITIGACION' se debe declarar
ORA-06550: línea 1, columna 7:
PL/SQL: Statement ignored
23/02/2020 03:10:37 a.m.: [Método: entidad.minem.gob.pe.IniciativaBE ListarIdMedida(Int32), Línea: 1371] - ORA-06550: línea 1, columna 30:
PLS-00302: el componente 'USP_SEL_MEDIDA_MITIGACION' se debe declarar
ORA-06550: línea 1, columna 7:
PL/SQL: Statement ignored
23/02/2020 03:13:28 a.m.: [Método: Void HandleErrorHelper(Int32, Oracle.DataAccess.Client.OracleConnection, IntPtr, Oracle.DataAccess.Client.OpoSqlValCtx*, System.Object, System.String, Boolean, Int32, Oracle.DataAccess.Client.OracleLogicalTransaction), Línea: 0] - ORA-06550: línea 1, columna 7:
PLS-00201: el identificador 'USP_SEL_MEDIDA_MITIGACION' se debe declarar
ORA-06550: línea 1, columna 7:
PL/SQL: Statement ignored
23/02/2020 03:13:28 a.m.: [Método: Void HandleError(Int32, Oracle.DataAccess.Client.OracleConnection, System.String, IntPtr, Oracle.DataAccess.Client.OpoSqlValCtx*, System.Object, Boolean, Oracle.DataAccess.Client.OracleLogicalTransaction), Línea: 0] - ORA-06550: línea 1, columna 7:
PLS-00201: el identificador 'USP_SEL_MEDIDA_MITIGACION' se debe declarar
ORA-06550: línea 1, columna 7:
PL/SQL: Statement ignored
23/02/2020 03:13:28 a.m.: [Método: Oracle.DataAccess.Client.OracleDataReader ExecuteReader(Boolean, Boolean, System.Data.CommandBehavior), Línea: 0] - ORA-06550: línea 1, columna 7:
PLS-00201: el identificador 'USP_SEL_MEDIDA_MITIGACION' se debe declarar
ORA-06550: línea 1, columna 7:
PL/SQL: Statement ignored
23/02/2020 03:13:28 a.m.: [Método: System.Data.Common.DbDataReader ExecuteDbDataReader(System.Data.CommandBehavior), Línea: 0] - ORA-06550: línea 1, columna 7:
PLS-00201: el identificador 'USP_SEL_MEDIDA_MITIGACION' se debe declarar
ORA-06550: línea 1, columna 7:
PL/SQL: Statement ignored
23/02/2020 03:13:28 a.m.: [Método: System.Data.IDataReader System.Data.IDbCommand.ExecuteReader(System.Data.CommandBehavior), Línea: 0] - ORA-06550: línea 1, columna 7:
PLS-00201: el identificador 'USP_SEL_MEDIDA_MITIGACION' se debe declarar
ORA-06550: línea 1, columna 7:
PL/SQL: Statement ignored
23/02/2020 03:13:28 a.m.: [Método: System.Data.IDataReader ExecuteReaderWithFlagsFallback(System.Data.IDbCommand, Boolean, System.Data.CommandBehavior), Línea: 0] - ORA-06550: línea 1, columna 7:
PLS-00201: el identificador 'USP_SEL_MEDIDA_MITIGACION' se debe declarar
ORA-06550: línea 1, columna 7:
PL/SQL: Statement ignored
23/02/2020 03:13:28 a.m.: [Método: Boolean MoveNext(), Línea: 0] - ORA-06550: línea 1, columna 7:
PLS-00201: el identificador 'USP_SEL_MEDIDA_MITIGACION' se debe declarar
ORA-06550: línea 1, columna 7:
PL/SQL: Statement ignored
23/02/2020 03:13:28 a.m.: [Método: Void .ctor(System.Collections.Generic.IEnumerable`1[T]), Línea: 0] - ORA-06550: línea 1, columna 7:
PLS-00201: el identificador 'USP_SEL_MEDIDA_MITIGACION' se debe declarar
ORA-06550: línea 1, columna 7:
PL/SQL: Statement ignored
23/02/2020 03:13:28 a.m.: [Método: System.Collections.Generic.List`1[TSource] ToList[TSource](System.Collections.Generic.IEnumerable`1[TSource]), Línea: 0] - ORA-06550: línea 1, columna 7:
PLS-00201: el identificador 'USP_SEL_MEDIDA_MITIGACION' se debe declarar
ORA-06550: línea 1, columna 7:
PL/SQL: Statement ignored
23/02/2020 03:13:28 a.m.: [Método: System.Collections.Generic.IEnumerable`1[T] Query[T](System.Data.IDbConnection, System.String, System.Object, System.Data.IDbTransaction, Boolean, System.Nullable`1[System.Int32], System.Nullable`1[System.Data.CommandType]), Línea: 0] - ORA-06550: línea 1, columna 7:
PLS-00201: el identificador 'USP_SEL_MEDIDA_MITIGACION' se debe declarar
ORA-06550: línea 1, columna 7:
PL/SQL: Statement ignored
23/02/2020 03:13:28 a.m.: [Método: entidad.minem.gob.pe.IniciativaBE ListarIdMedida(Int32), Línea: 0] - ORA-06550: línea 1, columna 7:
PLS-00201: el identificador 'USP_SEL_MEDIDA_MITIGACION' se debe declarar
ORA-06550: línea 1, columna 7:
PL/SQL: Statement ignored
23/02/2020 03:13:33 a.m.: [Método: Void HandleErrorHelper(Int32, Oracle.DataAccess.Client.OracleConnection, IntPtr, Oracle.DataAccess.Client.OpoSqlValCtx*, System.Object, System.String, Boolean, Int32, Oracle.DataAccess.Client.OracleLogicalTransaction), Línea: 0] - ORA-06550: línea 1, columna 7:
PLS-00201: el identificador 'USP_SEL_MEDIDA_MITIGACION' se debe declarar
ORA-06550: línea 1, columna 7:
PL/SQL: Statement ignored
23/02/2020 03:13:33 a.m.: [Método: Void HandleError(Int32, Oracle.DataAccess.Client.OracleConnection, System.String, IntPtr, Oracle.DataAccess.Client.OpoSqlValCtx*, System.Object, Boolean, Oracle.DataAccess.Client.OracleLogicalTransaction), Línea: 0] - ORA-06550: línea 1, columna 7:
PLS-00201: el identificador 'USP_SEL_MEDIDA_MITIGACION' se debe declarar
ORA-06550: línea 1, columna 7:
PL/SQL: Statement ignored
23/02/2020 03:13:33 a.m.: [Método: Oracle.DataAccess.Client.OracleDataReader ExecuteReader(Boolean, Boolean, System.Data.CommandBehavior), Línea: 0] - ORA-06550: línea 1, columna 7:
PLS-00201: el identificador 'USP_SEL_MEDIDA_MITIGACION' se debe declarar
ORA-06550: línea 1, columna 7:
PL/SQL: Statement ignored
23/02/2020 03:13:33 a.m.: [Método: System.Data.Common.DbDataReader ExecuteDbDataReader(System.Data.CommandBehavior), Línea: 0] - ORA-06550: línea 1, columna 7:
PLS-00201: el identificador 'USP_SEL_MEDIDA_MITIGACION' se debe declarar
ORA-06550: línea 1, columna 7:
PL/SQL: Statement ignored
23/02/2020 03:13:33 a.m.: [Método: System.Data.IDataReader System.Data.IDbCommand.ExecuteReader(System.Data.CommandBehavior), Línea: 0] - ORA-06550: línea 1, columna 7:
PLS-00201: el identificador 'USP_SEL_MEDIDA_MITIGACION' se debe declarar
ORA-06550: línea 1, columna 7:
PL/SQL: Statement ignored
23/02/2020 03:13:33 a.m.: [Método: System.Data.IDataReader ExecuteReaderWithFlagsFallback(System.Data.IDbCommand, Boolean, System.Data.CommandBehavior), Línea: 0] - ORA-06550: línea 1, columna 7:
PLS-00201: el identificador 'USP_SEL_MEDIDA_MITIGACION' se debe declarar
ORA-06550: línea 1, columna 7:
PL/SQL: Statement ignored
23/02/2020 03:13:33 a.m.: [Método: Boolean MoveNext(), Línea: 0] - ORA-06550: línea 1, columna 7:
PLS-00201: el identificador 'USP_SEL_MEDIDA_MITIGACION' se debe declarar
ORA-06550: línea 1, columna 7:
PL/SQL: Statement ignored
23/02/2020 03:13:33 a.m.: [Método: Void .ctor(System.Collections.Generic.IEnumerable`1[T]), Línea: 0] - ORA-06550: línea 1, columna 7:
PLS-00201: el identificador 'USP_SEL_MEDIDA_MITIGACION' se debe declarar
ORA-06550: línea 1, columna 7:
PL/SQL: Statement ignored
23/02/2020 03:13:33 a.m.: [Método: System.Collections.Generic.List`1[TSource] ToList[TSource](System.Collections.Generic.IEnumerable`1[TSource]), Línea: 0] - ORA-06550: línea 1, columna 7:
PLS-00201: el identificador 'USP_SEL_MEDIDA_MITIGACION' se debe declarar
ORA-06550: línea 1, columna 7:
PL/SQL: Statement ignored
23/02/2020 03:13:33 a.m.: [Método: System.Collections.Generic.IEnumerable`1[T] Query[T](System.Data.IDbConnection, System.String, System.Object, System.Data.IDbTransaction, Boolean, System.Nullable`1[System.Int32], System.Nullable`1[System.Data.CommandType]), Línea: 0] - ORA-06550: línea 1, columna 7:
PLS-00201: el identificador 'USP_SEL_MEDIDA_MITIGACION' se debe declarar
ORA-06550: línea 1, columna 7:
PL/SQL: Statement ignored
23/02/2020 03:13:33 a.m.: [Método: entidad.minem.gob.pe.IniciativaBE ListarIdMedida(Int32), Línea: 0] - ORA-06550: línea 1, columna 7:
PLS-00201: el identificador 'USP_SEL_MEDIDA_MITIGACION' se debe declarar
ORA-06550: línea 1, columna 7:
PL/SQL: Statement ignored
23/02/2020 10:23:21 a.m.: [Método: Void HandleErrorHelper(Int32, Oracle.DataAccess.Client.OracleConnection, IntPtr, Oracle.DataAccess.Client.OpoSqlValCtx*, System.Object, System.String, Boolean, Int32, Oracle.DataAccess.Client.OracleLogicalTransaction), Línea: 0] - ORA-06550: línea 1, columna 32:
PLS-00302: el componente 'USP_SEL_FACTOR_PAGINADO' se debe declarar
ORA-06550: línea 1, columna 7:
PL/SQL: Statement ignored
23/02/2020 10:23:21 a.m.: [Método: Void HandleError(Int32, Oracle.DataAccess.Client.OracleConnection, System.String, IntPtr, Oracle.DataAccess.Client.OpoSqlValCtx*, System.Object, Boolean, Oracle.DataAccess.Client.OracleLogicalTransaction), Línea: 0] - ORA-06550: línea 1, columna 32:
PLS-00302: el componente 'USP_SEL_FACTOR_PAGINADO' se debe declarar
ORA-06550: línea 1, columna 7:
PL/SQL: Statement ignored
23/02/2020 10:23:21 a.m.: [Método: Oracle.DataAccess.Client.OracleDataReader ExecuteReader(Boolean, Boolean, System.Data.CommandBehavior), Línea: 0] - ORA-06550: línea 1, columna 32:
PLS-00302: el componente 'USP_SEL_FACTOR_PAGINADO' se debe declarar
ORA-06550: línea 1, columna 7:
PL/SQL: Statement ignored
23/02/2020 10:23:21 a.m.: [Método: System.Data.Common.DbDataReader ExecuteDbDataReader(System.Data.CommandBehavior), Línea: 0] - ORA-06550: línea 1, columna 32:
PLS-00302: el componente 'USP_SEL_FACTOR_PAGINADO' se debe declarar
ORA-06550: línea 1, columna 7:
PL/SQL: Statement ignored
23/02/2020 10:23:21 a.m.: [Método: System.Data.IDataReader System.Data.IDbCommand.ExecuteReader(System.Data.CommandBehavior), Línea: 0] - ORA-06550: línea 1, columna 32:
PLS-00302: el componente 'USP_SEL_FACTOR_PAGINADO' se debe declarar
ORA-06550: línea 1, columna 7:
PL/SQL: Statement ignored
23/02/2020 10:23:21 a.m.: [Método: System.Data.IDataReader ExecuteReaderWithFlagsFallback(System.Data.IDbCommand, Boolean, System.Data.CommandBehavior), Línea: 0] - ORA-06550: línea 1, columna 32:
PLS-00302: el componente 'USP_SEL_FACTOR_PAGINADO' se debe declarar
ORA-06550: línea 1, columna 7:
PL/SQL: Statement ignored
23/02/2020 10:23:21 a.m.: [Método: Boolean MoveNext(), Línea: 0] - ORA-06550: línea 1, columna 32:
PLS-00302: el componente 'USP_SEL_FACTOR_PAGINADO' se debe declarar
ORA-06550: línea 1, columna 7:
PL/SQL: Statement ignored
23/02/2020 10:23:21 a.m.: [Método: Void .ctor(System.Collections.Generic.IEnumerable`1[T]), Línea: 0] - ORA-06550: línea 1, columna 32:
PLS-00302: el componente 'USP_SEL_FACTOR_PAGINADO' se debe declarar
ORA-06550: línea 1, columna 7:
PL/SQL: Statement ignored
23/02/2020 10:23:21 a.m.: [Método: System.Collections.Generic.List`1[TSource] ToList[TSource](System.Collections.Generic.IEnumerable`1[TSource]), Línea: 0] - ORA-06550: línea 1, columna 32:
PLS-00302: el componente 'USP_SEL_FACTOR_PAGINADO' se debe declarar
ORA-06550: línea 1, columna 7:
PL/SQL: Statement ignored
23/02/2020 10:23:21 a.m.: [Método: System.Collections.Generic.IEnumerable`1[T] Query[T](System.Data.IDbConnection, System.String, System.Object, System.Data.IDbTransaction, Boolean, System.Nullable`1[System.Int32], System.Nullable`1[System.Data.CommandType]), Línea: 0] - ORA-06550: línea 1, columna 32:
PLS-00302: el componente 'USP_SEL_FACTOR_PAGINADO' se debe declarar
ORA-06550: línea 1, columna 7:
PL/SQL: Statement ignored
23/02/2020 10:23:21 a.m.: [Método: System.Collections.Generic.List`1[entidad.minem.gob.pe.FactorBE] ListaFactorPaginado(entidad.minem.gob.pe.FactorBE), Línea: 371] - ORA-06550: línea 1, columna 32:
PLS-00302: el componente 'USP_SEL_FACTOR_PAGINADO' se debe declarar
ORA-06550: línea 1, columna 7:
PL/SQL: Statement ignored
23/02/2020 10:24:28 a.m.: [Método: Void HandleErrorHelper(Int32, Oracle.DataAccess.Client.OracleConnection, IntPtr, Oracle.DataAccess.Client.OpoSqlValCtx*, System.Object, System.String, Boolean, Int32, Oracle.DataAccess.Client.OracleLogicalTransaction), Línea: 0] - ORA-06550: línea 1, columna 32:
PLS-00302: el componente 'USP_SEL_FACTOR_PAGINADO' se debe declarar
ORA-06550: línea 1, columna 7:
PL/SQL: Statement ignored
23/02/2020 10:24:28 a.m.: [Método: Void HandleError(Int32, Oracle.DataAccess.Client.OracleConnection, System.String, IntPtr, Oracle.DataAccess.Client.OpoSqlValCtx*, System.Object, Boolean, Oracle.DataAccess.Client.OracleLogicalTransaction), Línea: 0] - ORA-06550: línea 1, columna 32:
PLS-00302: el componente 'USP_SEL_FACTOR_PAGINADO' se debe declarar
ORA-06550: línea 1, columna 7:
PL/SQL: Statement ignored
23/02/2020 10:24:28 a.m.: [Método: Oracle.DataAccess.Client.OracleDataReader ExecuteReader(Boolean, Boolean, System.Data.CommandBehavior), Línea: 0] - ORA-06550: línea 1, columna 32:
PLS-00302: el componente 'USP_SEL_FACTOR_PAGINADO' se debe declarar
ORA-06550: línea 1, columna 7:
PL/SQL: Statement ignored
23/02/2020 10:24:28 a.m.: [Método: System.Data.Common.DbDataReader ExecuteDbDataReader(System.Data.CommandBehavior), Línea: 0] - ORA-06550: línea 1, columna 32:
PLS-00302: el componente 'USP_SEL_FACTOR_PAGINADO' se debe declarar
ORA-06550: línea 1, columna 7:
PL/SQL: Statement ignored
23/02/2020 10:24:28 a.m.: [Método: System.Data.IDataReader System.Data.IDbCommand.ExecuteReader(System.Data.CommandBehavior), Línea: 0] - ORA-06550: línea 1, columna 32:
PLS-00302: el componente 'USP_SEL_FACTOR_PAGINADO' se debe declarar
ORA-06550: línea 1, columna 7:
PL/SQL: Statement ignored
23/02/2020 10:24:28 a.m.: [Método: System.Data.IDataReader ExecuteReaderWithFlagsFallback(System.Data.IDbCommand, Boolean, System.Data.CommandBehavior), Línea: 0] - ORA-06550: línea 1, columna 32:
PLS-00302: el componente 'USP_SEL_FACTOR_PAGINADO' se debe declarar
ORA-06550: línea 1, columna 7:
PL/SQL: Statement ignored
23/02/2020 10:24:28 a.m.: [Método: Boolean MoveNext(), Línea: 0] - ORA-06550: línea 1, columna 32:
PLS-00302: el componente 'USP_SEL_FACTOR_PAGINADO' se debe declarar
ORA-06550: línea 1, columna 7:
PL/SQL: Statement ignored
23/02/2020 10:24:28 a.m.: [Método: Void .ctor(System.Collections.Generic.IEnumerable`1[T]), Línea: 0] - ORA-06550: línea 1, columna 32:
PLS-00302: el componente 'USP_SEL_FACTOR_PAGINADO' se debe declarar
ORA-06550: línea 1, columna 7:
PL/SQL: Statement ignored
23/02/2020 10:24:28 a.m.: [Método: System.Collections.Generic.List`1[TSource] ToList[TSource](System.Collections.Generic.IEnumerable`1[TSource]), Línea: 0] - ORA-06550: línea 1, columna 32:
PLS-00302: el componente 'USP_SEL_FACTOR_PAGINADO' se debe declarar
ORA-06550: línea 1, columna 7:
PL/SQL: Statement ignored
23/02/2020 10:24:28 a.m.: [Método: System.Collections.Generic.IEnumerable`1[T] Query[T](System.Data.IDbConnection, System.String, System.Object, System.Data.IDbTransaction, Boolean, System.Nullable`1[System.Int32], System.Nullable`1[System.Data.CommandType]), Línea: 0] - ORA-06550: línea 1, columna 32:
PLS-00302: el componente 'USP_SEL_FACTOR_PAGINADO' se debe declarar
ORA-06550: línea 1, columna 7:
PL/SQL: Statement ignored
23/02/2020 10:24:28 a.m.: [Método: System.Collections.Generic.List`1[entidad.minem.gob.pe.FactorBE] ListaFactorPaginado(entidad.minem.gob.pe.FactorBE), Línea: 371] - ORA-06550: línea 1, columna 32:
PLS-00302: el componente 'USP_SEL_FACTOR_PAGINADO' se debe declarar
ORA-06550: línea 1, columna 7:
PL/SQL: Statement ignored
23/02/2020 07:34:57 p.m.: [Método: Void HandleErrorHelper(Int32, Oracle.DataAccess.Client.OracleConnection, IntPtr, Oracle.DataAccess.Client.OpoSqlValCtx*, System.Object, System.String, Boolean, Int32, Oracle.DataAccess.Client.OracleLogicalTransaction), Línea: 0] - ORA-06550: línea 1, columna 32:
PLS-00302: el componente 'USP_SEL_FACTOR_PAGINADO' se debe declarar
ORA-06550: línea 1, columna 7:
PL/SQL: Statement ignored
23/02/2020 07:34:57 p.m.: [Método: Void HandleError(Int32, Oracle.DataAccess.Client.OracleConnection, System.String, IntPtr, Oracle.DataAccess.Client.OpoSqlValCtx*, System.Object, Boolean, Oracle.DataAccess.Client.OracleLogicalTransaction), Línea: 0] - ORA-06550: línea 1, columna 32:
PLS-00302: el componente 'USP_SEL_FACTOR_PAGINADO' se debe declarar
ORA-06550: línea 1, columna 7:
PL/SQL: Statement ignored
23/02/2020 07:34:57 p.m.: [Método: Oracle.DataAccess.Client.OracleDataReader ExecuteReader(Boolean, Boolean, System.Data.CommandBehavior), Línea: 0] - ORA-06550: línea 1, columna 32:
PLS-00302: el componente 'USP_SEL_FACTOR_PAGINADO' se debe declarar
ORA-06550: línea 1, columna 7:
PL/SQL: Statement ignored
23/02/2020 07:34:57 p.m.: [Método: System.Data.Common.DbDataReader ExecuteDbDataReader(System.Data.CommandBehavior), Línea: 0] - ORA-06550: línea 1, columna 32:
PLS-00302: el componente 'USP_SEL_FACTOR_PAGINADO' se debe declarar
ORA-06550: línea 1, columna 7:
PL/SQL: Statement ignored
23/02/2020 07:34:57 p.m.: [Método: System.Data.IDataReader System.Data.IDbCommand.ExecuteReader(System.Data.CommandBehavior), Línea: 0] - ORA-06550: línea 1, columna 32:
PLS-00302: el componente 'USP_SEL_FACTOR_PAGINADO' se debe declarar
ORA-06550: línea 1, columna 7:
PL/SQL: Statement ignored
23/02/2020 07:34:57 p.m.: [Método: System.Data.IDataReader ExecuteReaderWithFlagsFallback(System.Data.IDbCommand, Boolean, System.Data.CommandBehavior), Línea: 0] - ORA-06550: línea 1, columna 32:
PLS-00302: el componente 'USP_SEL_FACTOR_PAGINADO' se debe declarar
ORA-06550: línea 1, columna 7:
PL/SQL: Statement ignored
23/02/2020 07:34:57 p.m.: [Método: Boolean MoveNext(), Línea: 0] - ORA-06550: línea 1, columna 32:
PLS-00302: el componente 'USP_SEL_FACTOR_PAGINADO' se debe declarar
ORA-06550: línea 1, columna 7:
PL/SQL: Statement ignored
23/02/2020 07:34:57 p.m.: [Método: Void .ctor(System.Collections.Generic.IEnumerable`1[T]), Línea: 0] - ORA-06550: línea 1, columna 32:
PLS-00302: el componente 'USP_SEL_FACTOR_PAGINADO' se debe declarar
ORA-06550: línea 1, columna 7:
PL/SQL: Statement ignored
23/02/2020 07:34:57 p.m.: [Método: System.Collections.Generic.List`1[TSource] ToList[TSource](System.Collections.Generic.IEnumerable`1[TSource]), Línea: 0] - ORA-06550: línea 1, columna 32:
PLS-00302: el componente 'USP_SEL_FACTOR_PAGINADO' se debe declarar
ORA-06550: línea 1, columna 7:
PL/SQL: Statement ignored
23/02/2020 07:34:57 p.m.: [Método: System.Collections.Generic.IEnumerable`1[T] Query[T](System.Data.IDbConnection, System.String, System.Object, System.Data.IDbTransaction, Boolean, System.Nullable`1[System.Int32], System.Nullable`1[System.Data.CommandType]), Línea: 0] - ORA-06550: línea 1, columna 32:
PLS-00302: el componente 'USP_SEL_FACTOR_PAGINADO' se debe declarar
ORA-06550: línea 1, columna 7:
PL/SQL: Statement ignored
23/02/2020 07:34:57 p.m.: [Método: System.Collections.Generic.List`1[entidad.minem.gob.pe.FactorBE] ListaFactorPaginado(entidad.minem.gob.pe.FactorBE), Línea: 371] - ORA-06550: línea 1, columna 32:
PLS-00302: el componente 'USP_SEL_FACTOR_PAGINADO' se debe declarar
ORA-06550: línea 1, columna 7:
PL/SQL: Statement ignored
23/02/2020 07:35:38 p.m.: [Método: Void HandleErrorHelper(Int32, Oracle.DataAccess.Client.OracleConnection, IntPtr, Oracle.DataAccess.Client.OpoSqlValCtx*, System.Object, System.String, Boolean, Int32, Oracle.DataAccess.Client.OracleLogicalTransaction), Línea: 0] - ORA-06550: línea 1, columna 32:
PLS-00302: el componente 'USP_SEL_FACTOR_PAGINADO' se debe declarar
ORA-06550: línea 1, columna 7:
PL/SQL: Statement ignored
23/02/2020 07:35:38 p.m.: [Método: Void HandleError(Int32, Oracle.DataAccess.Client.OracleConnection, System.String, IntPtr, Oracle.DataAccess.Client.OpoSqlValCtx*, System.Object, Boolean, Oracle.DataAccess.Client.OracleLogicalTransaction), Línea: 0] - ORA-06550: línea 1, columna 32:
PLS-00302: el componente 'USP_SEL_FACTOR_PAGINADO' se debe declarar
ORA-06550: línea 1, columna 7:
PL/SQL: Statement ignored
23/02/2020 07:35:38 p.m.: [Método: Oracle.DataAccess.Client.OracleDataReader ExecuteReader(Boolean, Boolean, System.Data.CommandBehavior), Línea: 0] - ORA-06550: línea 1, columna 32:
PLS-00302: el componente 'USP_SEL_FACTOR_PAGINADO' se debe declarar
ORA-06550: línea 1, columna 7:
PL/SQL: Statement ignored
23/02/2020 07:35:38 p.m.: [Método: System.Data.Common.DbDataReader ExecuteDbDataReader(System.Data.CommandBehavior), Línea: 0] - ORA-06550: línea 1, columna 32:
PLS-00302: el componente 'USP_SEL_FACTOR_PAGINADO' se debe declarar
ORA-06550: línea 1, columna 7:
PL/SQL: Statement ignored
23/02/2020 07:35:38 p.m.: [Método: System.Data.IDataReader System.Data.IDbCommand.ExecuteReader(System.Data.CommandBehavior), Línea: 0] - ORA-06550: línea 1, columna 32:
PLS-00302: el componente 'USP_SEL_FACTOR_PAGINADO' se debe declarar
ORA-06550: línea 1, columna 7:
PL/SQL: Statement ignored
23/02/2020 07:35:38 p.m.: [Método: System.Data.IDataReader ExecuteReaderWithFlagsFallback(System.Data.IDbCommand, Boolean, System.Data.CommandBehavior), Línea: 0] - ORA-06550: línea 1, columna 32:
PLS-00302: el componente 'USP_SEL_FACTOR_PAGINADO' se debe declarar
ORA-06550: línea 1, columna 7:
PL/SQL: Statement ignored
23/02/2020 07:35:38 p.m.: [Método: Boolean MoveNext(), Línea: 0] - ORA-06550: línea 1, columna 32:
PLS-00302: el componente 'USP_SEL_FACTOR_PAGINADO' se debe declarar
ORA-06550: línea 1, columna 7:
PL/SQL: Statement ignored
23/02/2020 07:35:38 p.m.: [Método: Void .ctor(System.Collections.Generic.IEnumerable`1[T]), Línea: 0] - ORA-06550: línea 1, columna 32:
PLS-00302: el componente 'USP_SEL_FACTOR_PAGINADO' se debe declarar
ORA-06550: línea 1, columna 7:
PL/SQL: Statement ignored
23/02/2020 07:35:38 p.m.: [Método: System.Collections.Generic.List`1[TSource] ToList[TSource](System.Collections.Generic.IEnumerable`1[TSource]), Línea: 0] - ORA-06550: línea 1, columna 32:
PLS-00302: el componente 'USP_SEL_FACTOR_PAGINADO' se debe declarar
ORA-06550: línea 1, columna 7:
PL/SQL: Statement ignored
23/02/2020 07:35:38 p.m.: [Método: System.Collections.Generic.IEnumerable`1[T] Query[T](System.Data.IDbConnection, System.String, System.Object, System.Data.IDbTransaction, Boolean, System.Nullable`1[System.Int32], System.Nullable`1[System.Data.CommandType]), Línea: 0] - ORA-06550: línea 1, columna 32:
PLS-00302: el componente 'USP_SEL_FACTOR_PAGINADO' se debe declarar
ORA-06550: línea 1, columna 7:
PL/SQL: Statement ignored
23/02/2020 07:35:38 p.m.: [Método: System.Collections.Generic.List`1[entidad.minem.gob.pe.FactorBE] ListaFactorPaginado(entidad.minem.gob.pe.FactorBE), Línea: 371] - ORA-06550: línea 1, columna 32:
PLS-00302: el componente 'USP_SEL_FACTOR_PAGINADO' se debe declarar
ORA-06550: línea 1, columna 7:
PL/SQL: Statement ignored
23/02/2020 11:37:13 p.m.: [Método: Void HandleErrorHelper(Int32, Oracle.DataAccess.Client.OracleConnection, IntPtr, Oracle.DataAccess.Client.OpoSqlValCtx*, System.Object, System.String, Boolean, Int32, Oracle.DataAccess.Client.OracleLogicalTransaction), Línea: 0] - ORA-06550: línea 1, columna 43:
PLS-00302: el componente 'USP_SEL_BUSQUEDA_SPL_PRI_APROUSP_SEL_BUSQUEDA_SIMPLE' se debe declarar
ORA-06550: línea 1, columna 7:
PL/SQL: Statement ignored
23/02/2020 11:37:13 p.m.: [Método: Void HandleError(Int32, Oracle.DataAccess.Client.OracleConnection, System.String, IntPtr, Oracle.DataAccess.Client.OpoSqlValCtx*, System.Object, Boolean, Oracle.DataAccess.Client.OracleLogicalTransaction), Línea: 0] - ORA-06550: línea 1, columna 43:
PLS-00302: el componente 'USP_SEL_BUSQUEDA_SPL_PRI_APROUSP_SEL_BUSQUEDA_SIMPLE' se debe declarar
ORA-06550: línea 1, columna 7:
PL/SQL: Statement ignored
23/02/2020 11:37:13 p.m.: [Método: Oracle.DataAccess.Client.OracleDataReader ExecuteReader(Boolean, Boolean, System.Data.CommandBehavior), Línea: 0] - ORA-06550: línea 1, columna 43:
PLS-00302: el componente 'USP_SEL_BUSQUEDA_SPL_PRI_APROUSP_SEL_BUSQUEDA_SIMPLE' se debe declarar
ORA-06550: línea 1, columna 7:
PL/SQL: Statement ignored
23/02/2020 11:37:13 p.m.: [Método: System.Data.Common.DbDataReader ExecuteDbDataReader(System.Data.CommandBehavior), Línea: 0] - ORA-06550: línea 1, columna 43:
PLS-00302: el componente 'USP_SEL_BUSQUEDA_SPL_PRI_APROUSP_SEL_BUSQUEDA_SIMPLE' se debe declarar
ORA-06550: línea 1, columna 7:
PL/SQL: Statement ignored
23/02/2020 11:37:13 p.m.: [Método: System.Data.IDataReader System.Data.IDbCommand.ExecuteReader(System.Data.CommandBehavior), Línea: 0] - ORA-06550: línea 1, columna 43:
PLS-00302: el componente 'USP_SEL_BUSQUEDA_SPL_PRI_APROUSP_SEL_BUSQUEDA_SIMPLE' se debe declarar
ORA-06550: línea 1, columna 7:
PL/SQL: Statement ignored
23/02/2020 11:37:13 p.m.: [Método: System.Data.IDataReader ExecuteReaderWithFlagsFallback(System.Data.IDbCommand, Boolean, System.Data.CommandBehavior), Línea: 0] - ORA-06550: línea 1, columna 43:
PLS-00302: el componente 'USP_SEL_BUSQUEDA_SPL_PRI_APROUSP_SEL_BUSQUEDA_SIMPLE' se debe declarar
ORA-06550: línea 1, columna 7:
PL/SQL: Statement ignored
23/02/2020 11:37:13 p.m.: [Método: Boolean MoveNext(), Línea: 0] - ORA-06550: línea 1, columna 43:
PLS-00302: el componente 'USP_SEL_BUSQUEDA_SPL_PRI_APROUSP_SEL_BUSQUEDA_SIMPLE' se debe declarar
ORA-06550: línea 1, columna 7:
PL/SQL: Statement ignored
23/02/2020 11:37:13 p.m.: [Método: Void .ctor(System.Collections.Generic.IEnumerable`1[T]), Línea: 0] - ORA-06550: línea 1, columna 43:
PLS-00302: el componente 'USP_SEL_BUSQUEDA_SPL_PRI_APROUSP_SEL_BUSQUEDA_SIMPLE' se debe declarar
ORA-06550: línea 1, columna 7:
PL/SQL: Statement ignored
23/02/2020 11:37:13 p.m.: [Método: System.Collections.Generic.List`1[TSource] ToList[TSource](System.Collections.Generic.IEnumerable`1[TSource]), Línea: 0] - ORA-06550: línea 1, columna 43:
PLS-00302: el componente 'USP_SEL_BUSQUEDA_SPL_PRI_APROUSP_SEL_BUSQUEDA_SIMPLE' se debe declarar
ORA-06550: línea 1, columna 7:
PL/SQL: Statement ignored
23/02/2020 11:37:13 p.m.: [Método: System.Collections.Generic.IEnumerable`1[T] Query[T](System.Data.IDbConnection, System.String, System.Object, System.Data.IDbTransaction, Boolean, System.Nullable`1[System.Int32], System.Nullable`1[System.Data.CommandType]), Línea: 0] - ORA-06550: línea 1, columna 43:
PLS-00302: el componente 'USP_SEL_BUSQUEDA_SPL_PRI_APROUSP_SEL_BUSQUEDA_SIMPLE' se debe declarar
ORA-06550: línea 1, columna 7:
PL/SQL: Statement ignored
23/02/2020 11:37:13 p.m.: [Método: System.Collections.Generic.List`1[entidad.minem.gob.pe.IniciativaBE] ListaBusquedaSimplePrivado(entidad.minem.gob.pe.IniciativaBE), Línea: 0] - ORA-06550: línea 1, columna 43:
PLS-00302: el componente 'USP_SEL_BUSQUEDA_SPL_PRI_APROUSP_SEL_BUSQUEDA_SIMPLE' se debe declarar
ORA-06550: línea 1, columna 7:
PL/SQL: Statement ignored
23/02/2020 11:38:14 p.m.: [Método: Void HandleErrorHelper(Int32, Oracle.DataAccess.Client.OracleConnection, IntPtr, Oracle.DataAccess.Client.OpoSqlValCtx*, System.Object, System.String, Boolean, Int32, Oracle.DataAccess.Client.OracleLogicalTransaction), Línea: 0] - ORA-00923: palabra clave FROM no encontrada donde se esperaba
ORA-06512: en "MRVMM.PKG_MRV_INICIATIVA_MITIGACION", línea 4325
ORA-06512: en línea 1
23/02/2020 11:38:14 p.m.: [Método: Void HandleError(Int32, Oracle.DataAccess.Client.OracleConnection, System.String, IntPtr, Oracle.DataAccess.Client.OpoSqlValCtx*, System.Object, Boolean, Oracle.DataAccess.Client.OracleLogicalTransaction), Línea: 0] - ORA-00923: palabra clave FROM no encontrada donde se esperaba
ORA-06512: en "MRVMM.PKG_MRV_INICIATIVA_MITIGACION", línea 4325
ORA-06512: en línea 1
23/02/2020 11:38:14 p.m.: [Método: Oracle.DataAccess.Client.OracleDataReader ExecuteReader(Boolean, Boolean, System.Data.CommandBehavior), Línea: 0] - ORA-00923: palabra clave FROM no encontrada donde se esperaba
ORA-06512: en "MRVMM.PKG_MRV_INICIATIVA_MITIGACION", línea 4325
ORA-06512: en línea 1
23/02/2020 11:38:14 p.m.: [Método: System.Data.Common.DbDataReader ExecuteDbDataReader(System.Data.CommandBehavior), Línea: 0] - ORA-00923: palabra clave FROM no encontrada donde se esperaba
ORA-06512: en "MRVMM.PKG_MRV_INICIATIVA_MITIGACION", línea 4325
ORA-06512: en línea 1
23/02/2020 11:38:14 p.m.: [Método: System.Data.IDataReader System.Data.IDbCommand.ExecuteReader(System.Data.CommandBehavior), Línea: 0] - ORA-00923: palabra clave FROM no encontrada donde se esperaba
ORA-06512: en "MRVMM.PKG_MRV_INICIATIVA_MITIGACION", línea 4325
ORA-06512: en línea 1
23/02/2020 11:38:14 p.m.: [Método: System.Data.IDataReader ExecuteReaderWithFlagsFallback(System.Data.IDbCommand, Boolean, System.Data.CommandBehavior), Línea: 0] - ORA-00923: palabra clave FROM no encontrada donde se esperaba
ORA-06512: en "MRVMM.PKG_MRV_INICIATIVA_MITIGACION", línea 4325
ORA-06512: en línea 1
23/02/2020 11:38:14 p.m.: [Método: Boolean MoveNext(), Línea: 0] - ORA-00923: palabra clave FROM no encontrada donde se esperaba
ORA-06512: en "MRVMM.PKG_MRV_INICIATIVA_MITIGACION", línea 4325
ORA-06512: en línea 1
23/02/2020 11:38:14 p.m.: [Método: Void .ctor(System.Collections.Generic.IEnumerable`1[T]), Línea: 0] - ORA-00923: palabra clave FROM no encontrada donde se esperaba
ORA-06512: en "MRVMM.PKG_MRV_INICIATIVA_MITIGACION", línea 4325
ORA-06512: en línea 1
23/02/2020 11:38:14 p.m.: [Método: System.Collections.Generic.List`1[TSource] ToList[TSource](System.Collections.Generic.IEnumerable`1[TSource]), Línea: 0] - ORA-00923: palabra clave FROM no encontrada donde se esperaba
ORA-06512: en "MRVMM.PKG_MRV_INICIATIVA_MITIGACION", línea 4325
ORA-06512: en línea 1
23/02/2020 11:38:14 p.m.: [Método: System.Collections.Generic.IEnumerable`1[T] Query[T](System.Data.IDbConnection, System.String, System.Object, System.Data.IDbTransaction, Boolean, System.Nullable`1[System.Int32], System.Nullable`1[System.Data.CommandType]), Línea: 0] - ORA-00923: palabra clave FROM no encontrada donde se esperaba
ORA-06512: en "MRVMM.PKG_MRV_INICIATIVA_MITIGACION", línea 4325
ORA-06512: en línea 1
23/02/2020 11:38:14 p.m.: [Método: System.Collections.Generic.List`1[entidad.minem.gob.pe.IniciativaBE] ListaBusquedaSimplePrivado(entidad.minem.gob.pe.IniciativaBE), Línea: 0] - ORA-00923: palabra clave FROM no encontrada donde se esperaba
ORA-06512: en "MRVMM.PKG_MRV_INICIATIVA_MITIGACION", línea 4325
ORA-06512: en línea 1
23/02/2020 11:39:43 p.m.: [Método: Void HandleErrorHelper(Int32, Oracle.DataAccess.Client.OracleConnection, IntPtr, Oracle.DataAccess.Client.OpoSqlValCtx*, System.Object, System.String, Boolean, Int32, Oracle.DataAccess.Client.OracleLogicalTransaction), Línea: 0] - ORA-00907: falta el paréntesis derecho
ORA-06512: en "MRVMM.PKG_MRV_INICIATIVA_MITIGACION", línea 4326
ORA-06512: en línea 1
23/02/2020 11:39:43 p.m.: [Método: Void HandleError(Int32, Oracle.DataAccess.Client.OracleConnection, System.String, IntPtr, Oracle.DataAccess.Client.OpoSqlValCtx*, System.Object, Boolean, Oracle.DataAccess.Client.OracleLogicalTransaction), Línea: 0] - ORA-00907: falta el paréntesis derecho
ORA-06512: en "MRVMM.PKG_MRV_INICIATIVA_MITIGACION", línea 4326
ORA-06512: en línea 1
23/02/2020 11:39:43 p.m.: [Método: Oracle.DataAccess.Client.OracleDataReader ExecuteReader(Boolean, Boolean, System.Data.CommandBehavior), Línea: 0] - ORA-00907: falta el paréntesis derecho
ORA-06512: en "MRVMM.PKG_MRV_INICIATIVA_MITIGACION", línea 4326
ORA-06512: en línea 1
23/02/2020 11:39:43 p.m.: [Método: System.Data.Common.DbDataReader ExecuteDbDataReader(System.Data.CommandBehavior), Línea: 0] - ORA-00907: falta el paréntesis derecho
ORA-06512: en "MRVMM.PKG_MRV_INICIATIVA_MITIGACION", línea 4326
ORA-06512: en línea 1
23/02/2020 11:39:43 p.m.: [Método: System.Data.IDataReader System.Data.IDbCommand.ExecuteReader(System.Data.CommandBehavior), Línea: 0] - ORA-00907: falta el paréntesis derecho
ORA-06512: en "MRVMM.PKG_MRV_INICIATIVA_MITIGACION", línea 4326
ORA-06512: en línea 1
23/02/2020 11:39:43 p.m.: [Método: System.Data.IDataReader ExecuteReaderWithFlagsFallback(System.Data.IDbCommand, Boolean, System.Data.CommandBehavior), Línea: 0] - ORA-00907: falta el paréntesis derecho
ORA-06512: en "MRVMM.PKG_MRV_INICIATIVA_MITIGACION", línea 4326
ORA-06512: en línea 1
23/02/2020 11:39:43 p.m.: [Método: Boolean MoveNext(), Línea: 0] - ORA-00907: falta el paréntesis derecho
ORA-06512: en "MRVMM.PKG_MRV_INICIATIVA_MITIGACION", línea 4326
ORA-06512: en línea 1
23/02/2020 11:39:43 p.m.: [Método: Void .ctor(System.Collections.Generic.IEnumerable`1[T]), Línea: 0] - ORA-00907: falta el paréntesis derecho
ORA-06512: en "MRVMM.PKG_MRV_INICIATIVA_MITIGACION", línea 4326
ORA-06512: en línea 1
23/02/2020 11:39:43 p.m.: [Método: System.Collections.Generic.List`1[TSource] ToList[TSource](System.Collections.Generic.IEnumerable`1[TSource]), Línea: 0] - ORA-00907: falta el paréntesis derecho
ORA-06512: en "MRVMM.PKG_MRV_INICIATIVA_MITIGACION", línea 4326
ORA-06512: en línea 1
23/02/2020 11:39:43 p.m.: [Método: System.Collections.Generic.IEnumerable`1[T] Query[T](System.Data.IDbConnection, System.String, System.Object, System.Data.IDbTransaction, Boolean, System.Nullable`1[System.Int32], System.Nullable`1[System.Data.CommandType]), Línea: 0] - ORA-00907: falta el paréntesis derecho
ORA-06512: en "MRVMM.PKG_MRV_INICIATIVA_MITIGACION", línea 4326
ORA-06512: en línea 1
23/02/2020 11:39:43 p.m.: [Método: System.Collections.Generic.List`1[entidad.minem.gob.pe.IniciativaBE] ListaBusquedaSimplePrivado(entidad.minem.gob.pe.IniciativaBE), Línea: 0] - ORA-00907: falta el paréntesis derecho
ORA-06512: en "MRVMM.PKG_MRV_INICIATIVA_MITIGACION", línea 4326
ORA-06512: en línea 1
23/02/2020 11:41:58 p.m.: [Método: Void HandleErrorHelper(Int32, Oracle.DataAccess.Client.OracleConnection, IntPtr, Oracle.DataAccess.Client.OpoSqlValCtx*, System.Object, System.String, Boolean, Int32, Oracle.DataAccess.Client.OracleLogicalTransaction), Línea: 0] - ORA-00905: falta una palabra clave
ORA-06512: en "MRVMM.PKG_MRV_INICIATIVA_MITIGACION", línea 4326
ORA-06512: en línea 1
23/02/2020 11:41:58 p.m.: [Método: Void HandleError(Int32, Oracle.DataAccess.Client.OracleConnection, System.String, IntPtr, Oracle.DataAccess.Client.OpoSqlValCtx*, System.Object, Boolean, Oracle.DataAccess.Client.OracleLogicalTransaction), Línea: 0] - ORA-00905: falta una palabra clave
ORA-06512: en "MRVMM.PKG_MRV_INICIATIVA_MITIGACION", línea 4326
ORA-06512: en línea 1
23/02/2020 11:41:58 p.m.: [Método: Oracle.DataAccess.Client.OracleDataReader ExecuteReader(Boolean, Boolean, System.Data.CommandBehavior), Línea: 0] - ORA-00905: falta una palabra clave
ORA-06512: en "MRVMM.PKG_MRV_INICIATIVA_MITIGACION", línea 4326
ORA-06512: en línea 1
23/02/2020 11:41:58 p.m.: [Método: System.Data.Common.DbDataReader ExecuteDbDataReader(System.Data.CommandBehavior), Línea: 0] - ORA-00905: falta una palabra clave
ORA-06512: en "MRVMM.PKG_MRV_INICIATIVA_MITIGACION", línea 4326
ORA-06512: en línea 1
23/02/2020 11:41:58 p.m.: [Método: System.Data.IDataReader System.Data.IDbCommand.ExecuteReader(System.Data.CommandBehavior), Línea: 0] - ORA-00905: falta una palabra clave
ORA-06512: en "MRVMM.PKG_MRV_INICIATIVA_MITIGACION", línea 4326
ORA-06512: en línea 1
23/02/2020 11:41:58 p.m.: [Método: System.Data.IDataReader ExecuteReaderWithFlagsFallback(System.Data.IDbCommand, Boolean, System.Data.CommandBehavior), Línea: 0] - ORA-00905: falta una palabra clave
ORA-06512: en "MRVMM.PKG_MRV_INICIATIVA_MITIGACION", línea 4326
ORA-06512: en línea 1
23/02/2020 11:41:58 p.m.: [Método: Boolean MoveNext(), Línea: 0] - ORA-00905: falta una palabra clave
ORA-06512: en "MRVMM.PKG_MRV_INICIATIVA_MITIGACION", línea 4326
ORA-06512: en línea 1
23/02/2020 11:41:58 p.m.: [Método: Void .ctor(System.Collections.Generic.IEnumerable`1[T]), Línea: 0] - ORA-00905: falta una palabra clave
ORA-06512: en "MRVMM.PKG_MRV_INICIATIVA_MITIGACION", línea 4326
ORA-06512: en línea 1
23/02/2020 11:41:58 p.m.: [Método: System.Collections.Generic.List`1[TSource] ToList[TSource](System.Collections.Generic.IEnumerable`1[TSource]), Línea: 0] - ORA-00905: falta una palabra clave
ORA-06512: en "MRVMM.PKG_MRV_INICIATIVA_MITIGACION", línea 4326
ORA-06512: en línea 1
23/02/2020 11:41:58 p.m.: [Método: System.Collections.Generic.IEnumerable`1[T] Query[T](System.Data.IDbConnection, System.String, System.Object, System.Data.IDbTransaction, Boolean, System.Nullable`1[System.Int32], System.Nullable`1[System.Data.CommandType]), Línea: 0] - ORA-00905: falta una palabra clave
ORA-06512: en "MRVMM.PKG_MRV_INICIATIVA_MITIGACION", línea 4326
ORA-06512: en línea 1
23/02/2020 11:41:58 p.m.: [Método: System.Collections.Generic.List`1[entidad.minem.gob.pe.IniciativaBE] ListaBusquedaSimplePrivado(entidad.minem.gob.pe.IniciativaBE), Línea: 0] - ORA-00905: falta una palabra clave
ORA-06512: en "MRVMM.PKG_MRV_INICIATIVA_MITIGACION", línea 4326
ORA-06512: en línea 1
23/02/2020 11:49:39 p.m.: [Método: Void HandleErrorHelper(Int32, Oracle.DataAccess.Client.OracleConnection, IntPtr, Oracle.DataAccess.Client.OpoSqlValCtx*, System.Object, System.String, Boolean, Int32, Oracle.DataAccess.Client.OracleLogicalTransaction), Línea: 0] - ORA-06550: línea 1, columna 43:
PLS-00302: el componente 'USP_SEL_BUSQUEDA_SIMPLEUSP_SEL_BUSQUEDA_SPL_PRI_ADM' se debe declarar
ORA-06550: línea 1, columna 7:
PL/SQL: Statement ignored
23/02/2020 11:49:39 p.m.: [Método: Void HandleError(Int32, Oracle.DataAccess.Client.OracleConnection, System.String, IntPtr, Oracle.DataAccess.Client.OpoSqlValCtx*, System.Object, Boolean, Oracle.DataAccess.Client.OracleLogicalTransaction), Línea: 0] - ORA-06550: línea 1, columna 43:
PLS-00302: el componente 'USP_SEL_BUSQUEDA_SIMPLEUSP_SEL_BUSQUEDA_SPL_PRI_ADM' se debe declarar
ORA-06550: línea 1, columna 7:
PL/SQL: Statement ignored
23/02/2020 11:49:39 p.m.: [Método: Oracle.DataAccess.Client.OracleDataReader ExecuteReader(Boolean, Boolean, System.Data.CommandBehavior), Línea: 0] - ORA-06550: línea 1, columna 43:
PLS-00302: el componente 'USP_SEL_BUSQUEDA_SIMPLEUSP_SEL_BUSQUEDA_SPL_PRI_ADM' se debe declarar
ORA-06550: línea 1, columna 7:
PL/SQL: Statement ignored
23/02/2020 11:49:39 p.m.: [Método: System.Data.Common.DbDataReader ExecuteDbDataReader(System.Data.CommandBehavior), Línea: 0] - ORA-06550: línea 1, columna 43:
PLS-00302: el componente 'USP_SEL_BUSQUEDA_SIMPLEUSP_SEL_BUSQUEDA_SPL_PRI_ADM' se debe declarar
ORA-06550: línea 1, columna 7:
PL/SQL: Statement ignored
23/02/2020 11:49:39 p.m.: [Método: System.Data.IDataReader System.Data.IDbCommand.ExecuteReader(System.Data.CommandBehavior), Línea: 0] - ORA-06550: línea 1, columna 43:
PLS-00302: el componente 'USP_SEL_BUSQUEDA_SIMPLEUSP_SEL_BUSQUEDA_SPL_PRI_ADM' se debe declarar
ORA-06550: línea 1, columna 7:
PL/SQL: Statement ignored
23/02/2020 11:49:39 p.m.: [Método: System.Data.IDataReader ExecuteReaderWithFlagsFallback(System.Data.IDbCommand, Boolean, System.Data.CommandBehavior), Línea: 0] - ORA-06550: línea 1, columna 43:
PLS-00302: el componente 'USP_SEL_BUSQUEDA_SIMPLEUSP_SEL_BUSQUEDA_SPL_PRI_ADM' se debe declarar
ORA-06550: línea 1, columna 7:
PL/SQL: Statement ignored
23/02/2020 11:49:39 p.m.: [Método: Boolean MoveNext(), Línea: 0] - ORA-06550: línea 1, columna 43:
PLS-00302: el componente 'USP_SEL_BUSQUEDA_SIMPLEUSP_SEL_BUSQUEDA_SPL_PRI_ADM' se debe declarar
ORA-06550: línea 1, columna 7:
PL/SQL: Statement ignored
23/02/2020 11:49:39 p.m.: [Método: Void .ctor(System.Collections.Generic.IEnumerable`1[T]), Línea: 0] - ORA-06550: línea 1, columna 43:
PLS-00302: el componente 'USP_SEL_BUSQUEDA_SIMPLEUSP_SEL_BUSQUEDA_SPL_PRI_ADM' se debe declarar
ORA-06550: línea 1, columna 7:
PL/SQL: Statement ignored
23/02/2020 11:49:39 p.m.: [Método: System.Collections.Generic.List`1[TSource] ToList[TSource](System.Collections.Generic.IEnumerable`1[TSource]), Línea: 0] - ORA-06550: línea 1, columna 43:
PLS-00302: el componente 'USP_SEL_BUSQUEDA_SIMPLEUSP_SEL_BUSQUEDA_SPL_PRI_ADM' se debe declarar
ORA-06550: línea 1, columna 7:
PL/SQL: Statement ignored
23/02/2020 11:49:39 p.m.: [Método: System.Collections.Generic.IEnumerable`1[T] Query[T](System.Data.IDbConnection, System.String, System.Object, System.Data.IDbTransaction, Boolean, System.Nullable`1[System.Int32], System.Nullable`1[System.Data.CommandType]), Línea: 0] - ORA-06550: línea 1, columna 43:
PLS-00302: el componente 'USP_SEL_BUSQUEDA_SIMPLEUSP_SEL_BUSQUEDA_SPL_PRI_ADM' se debe declarar
ORA-06550: línea 1, columna 7:
PL/SQL: Statement ignored
23/02/2020 11:49:39 p.m.: [Método: System.Collections.Generic.List`1[entidad.minem.gob.pe.IniciativaBE] ListaBusquedaSimplePrivado(entidad.minem.gob.pe.IniciativaBE), Línea: 1337] - ORA-06550: línea 1, columna 43:
PLS-00302: el componente 'USP_SEL_BUSQUEDA_SIMPLEUSP_SEL_BUSQUEDA_SPL_PRI_ADM' se debe declarar
ORA-06550: línea 1, columna 7:
PL/SQL: Statement ignored
