25/02/2020 10:05:02 a.m.: [Método: Void HandleErrorHelper(Int32, Oracle.DataAccess.Client.OracleConnection, IntPtr, Oracle.DataAccess.Client.OpoSqlValCtx*, System.Object, System.String, Boolean, Int32, Oracle.DataAccess.Client.OracleLogicalTransaction), Línea: 0] - ORA-00918: column ambiguously defined
ORA-06512: at "MRVMM.PKG_MRV_INICIATIVA_MITIGACION", line 4383
ORA-06512: at line 1
25/02/2020 10:05:02 a.m.: [Método: Void HandleError(Int32, Oracle.DataAccess.Client.OracleConnection, System.String, IntPtr, Oracle.DataAccess.Client.OpoSqlValCtx*, System.Object, Boolean, Oracle.DataAccess.Client.OracleLogicalTransaction), Línea: 0] - ORA-00918: column ambiguously defined
ORA-06512: at "MRVMM.PKG_MRV_INICIATIVA_MITIGACION", line 4383
ORA-06512: at line 1
25/02/2020 10:05:02 a.m.: [Método: Oracle.DataAccess.Client.OracleDataReader ExecuteReader(Boolean, Boolean, System.Data.CommandBehavior), Línea: 0] - ORA-00918: column ambiguously defined
ORA-06512: at "MRVMM.PKG_MRV_INICIATIVA_MITIGACION", line 4383
ORA-06512: at line 1
25/02/2020 10:05:02 a.m.: [Método: System.Data.Common.DbDataReader ExecuteDbDataReader(System.Data.CommandBehavior), Línea: 0] - ORA-00918: column ambiguously defined
ORA-06512: at "MRVMM.PKG_MRV_INICIATIVA_MITIGACION", line 4383
ORA-06512: at line 1
25/02/2020 10:05:02 a.m.: [Método: System.Data.IDataReader System.Data.IDbCommand.ExecuteReader(System.Data.CommandBehavior), Línea: 0] - ORA-00918: column ambiguously defined
ORA-06512: at "MRVMM.PKG_MRV_INICIATIVA_MITIGACION", line 4383
ORA-06512: at line 1
25/02/2020 10:05:02 a.m.: [Método: System.Data.IDataReader ExecuteReaderWithFlagsFallback(System.Data.IDbCommand, Boolean, System.Data.CommandBehavior), Línea: 0] - ORA-00918: column ambiguously defined
ORA-06512: at "MRVMM.PKG_MRV_INICIATIVA_MITIGACION", line 4383
ORA-06512: at line 1
25/02/2020 10:05:02 a.m.: [Método: Boolean MoveNext(), Línea: 0] - ORA-00918: column ambiguously defined
ORA-06512: at "MRVMM.PKG_MRV_INICIATIVA_MITIGACION", line 4383
ORA-06512: at line 1
25/02/2020 10:05:02 a.m.: [Método: Void .ctor(System.Collections.Generic.IEnumerable`1[T]), Línea: 0] - ORA-00918: column ambiguously defined
ORA-06512: at "MRVMM.PKG_MRV_INICIATIVA_MITIGACION", line 4383
ORA-06512: at line 1
25/02/2020 10:05:02 a.m.: [Método: System.Collections.Generic.List`1[TSource] ToList[TSource](System.Collections.Generic.IEnumerable`1[TSource]), Línea: 0] - ORA-00918: column ambiguously defined
ORA-06512: at "MRVMM.PKG_MRV_INICIATIVA_MITIGACION", line 4383
ORA-06512: at line 1
25/02/2020 10:05:02 a.m.: [Método: System.Collections.Generic.IEnumerable`1[T] Query[T](System.Data.IDbConnection, System.String, System.Object, System.Data.IDbTransaction, Boolean, System.Nullable`1[System.Int32], System.Nullable`1[System.Data.CommandType]), Línea: 0] - ORA-00918: column ambiguously defined
ORA-06512: at "MRVMM.PKG_MRV_INICIATIVA_MITIGACION", line 4383
ORA-06512: at line 1
25/02/2020 10:05:02 a.m.: [Método: System.Collections.Generic.List`1[entidad.minem.gob.pe.IniciativaBE] ListaBusquedaSimplePrivado(entidad.minem.gob.pe.IniciativaBE), Línea: 1350] - ORA-00918: column ambiguously defined
ORA-06512: at "MRVMM.PKG_MRV_INICIATIVA_MITIGACION", line 4383
ORA-06512: at line 1
25/02/2020 10:05:04 a.m.: [Método: Void HandleErrorHelper(Int32, Oracle.DataAccess.Client.OracleConnection, IntPtr, Oracle.DataAccess.Client.OpoSqlValCtx*, System.Object, System.String, Boolean, Int32, Oracle.DataAccess.Client.OracleLogicalTransaction), Línea: 0] - ORA-00918: column ambiguously defined
ORA-06512: at "MRVMM.PKG_MRV_INICIATIVA_MITIGACION", line 4383
ORA-06512: at line 1
25/02/2020 10:05:04 a.m.: [Método: Void HandleError(Int32, Oracle.DataAccess.Client.OracleConnection, System.String, IntPtr, Oracle.DataAccess.Client.OpoSqlValCtx*, System.Object, Boolean, Oracle.DataAccess.Client.OracleLogicalTransaction), Línea: 0] - ORA-00918: column ambiguously defined
ORA-06512: at "MRVMM.PKG_MRV_INICIATIVA_MITIGACION", line 4383
ORA-06512: at line 1
25/02/2020 10:05:04 a.m.: [Método: Oracle.DataAccess.Client.OracleDataReader ExecuteReader(Boolean, Boolean, System.Data.CommandBehavior), Línea: 0] - ORA-00918: column ambiguously defined
ORA-06512: at "MRVMM.PKG_MRV_INICIATIVA_MITIGACION", line 4383
ORA-06512: at line 1
25/02/2020 10:05:04 a.m.: [Método: System.Data.Common.DbDataReader ExecuteDbDataReader(System.Data.CommandBehavior), Línea: 0] - ORA-00918: column ambiguously defined
ORA-06512: at "MRVMM.PKG_MRV_INICIATIVA_MITIGACION", line 4383
ORA-06512: at line 1
25/02/2020 10:05:04 a.m.: [Método: System.Data.IDataReader System.Data.IDbCommand.ExecuteReader(System.Data.CommandBehavior), Línea: 0] - ORA-00918: column ambiguously defined
ORA-06512: at "MRVMM.PKG_MRV_INICIATIVA_MITIGACION", line 4383
ORA-06512: at line 1
25/02/2020 10:05:04 a.m.: [Método: System.Data.IDataReader ExecuteReaderWithFlagsFallback(System.Data.IDbCommand, Boolean, System.Data.CommandBehavior), Línea: 0] - ORA-00918: column ambiguously defined
ORA-06512: at "MRVMM.PKG_MRV_INICIATIVA_MITIGACION", line 4383
ORA-06512: at line 1
25/02/2020 10:05:04 a.m.: [Método: Boolean MoveNext(), Línea: 0] - ORA-00918: column ambiguously defined
ORA-06512: at "MRVMM.PKG_MRV_INICIATIVA_MITIGACION", line 4383
ORA-06512: at line 1
25/02/2020 10:05:04 a.m.: [Método: Void .ctor(System.Collections.Generic.IEnumerable`1[T]), Línea: 0] - ORA-00918: column ambiguously defined
ORA-06512: at "MRVMM.PKG_MRV_INICIATIVA_MITIGACION", line 4383
ORA-06512: at line 1
25/02/2020 10:05:04 a.m.: [Método: System.Collections.Generic.List`1[TSource] ToList[TSource](System.Collections.Generic.IEnumerable`1[TSource]), Línea: 0] - ORA-00918: column ambiguously defined
ORA-06512: at "MRVMM.PKG_MRV_INICIATIVA_MITIGACION", line 4383
ORA-06512: at line 1
25/02/2020 10:05:04 a.m.: [Método: System.Collections.Generic.IEnumerable`1[T] Query[T](System.Data.IDbConnection, System.String, System.Object, System.Data.IDbTransaction, Boolean, System.Nullable`1[System.Int32], System.Nullable`1[System.Data.CommandType]), Línea: 0] - ORA-00918: column ambiguously defined
ORA-06512: at "MRVMM.PKG_MRV_INICIATIVA_MITIGACION", line 4383
ORA-06512: at line 1
25/02/2020 10:05:04 a.m.: [Método: System.Collections.Generic.List`1[entidad.minem.gob.pe.IniciativaBE] ListaBusquedaSimplePrivado(entidad.minem.gob.pe.IniciativaBE), Línea: 1350] - ORA-00918: column ambiguously defined
ORA-06512: at "MRVMM.PKG_MRV_INICIATIVA_MITIGACION", line 4383
ORA-06512: at line 1
25/02/2020 10:05:05 a.m.: [Método: Void HandleErrorHelper(Int32, Oracle.DataAccess.Client.OracleConnection, IntPtr, Oracle.DataAccess.Client.OpoSqlValCtx*, System.Object, System.String, Boolean, Int32, Oracle.DataAccess.Client.OracleLogicalTransaction), Línea: 0] - ORA-00918: column ambiguously defined
ORA-06512: at "MRVMM.PKG_MRV_INICIATIVA_MITIGACION", line 4383
ORA-06512: at line 1
25/02/2020 10:05:05 a.m.: [Método: Void HandleError(Int32, Oracle.DataAccess.Client.OracleConnection, System.String, IntPtr, Oracle.DataAccess.Client.OpoSqlValCtx*, System.Object, Boolean, Oracle.DataAccess.Client.OracleLogicalTransaction), Línea: 0] - ORA-00918: column ambiguously defined
ORA-06512: at "MRVMM.PKG_MRV_INICIATIVA_MITIGACION", line 4383
ORA-06512: at line 1
25/02/2020 10:05:05 a.m.: [Método: Oracle.DataAccess.Client.OracleDataReader ExecuteReader(Boolean, Boolean, System.Data.CommandBehavior), Línea: 0] - ORA-00918: column ambiguously defined
ORA-06512: at "MRVMM.PKG_MRV_INICIATIVA_MITIGACION", line 4383
ORA-06512: at line 1
25/02/2020 10:05:05 a.m.: [Método: System.Data.Common.DbDataReader ExecuteDbDataReader(System.Data.CommandBehavior), Línea: 0] - ORA-00918: column ambiguously defined
ORA-06512: at "MRVMM.PKG_MRV_INICIATIVA_MITIGACION", line 4383
ORA-06512: at line 1
25/02/2020 10:05:05 a.m.: [Método: System.Data.IDataReader System.Data.IDbCommand.ExecuteReader(System.Data.CommandBehavior), Línea: 0] - ORA-00918: column ambiguously defined
ORA-06512: at "MRVMM.PKG_MRV_INICIATIVA_MITIGACION", line 4383
ORA-06512: at line 1
25/02/2020 10:05:05 a.m.: [Método: System.Data.IDataReader ExecuteReaderWithFlagsFallback(System.Data.IDbCommand, Boolean, System.Data.CommandBehavior), Línea: 0] - ORA-00918: column ambiguously defined
ORA-06512: at "MRVMM.PKG_MRV_INICIATIVA_MITIGACION", line 4383
ORA-06512: at line 1
25/02/2020 10:05:05 a.m.: [Método: Boolean MoveNext(), Línea: 0] - ORA-00918: column ambiguously defined
ORA-06512: at "MRVMM.PKG_MRV_INICIATIVA_MITIGACION", line 4383
ORA-06512: at line 1
25/02/2020 10:05:05 a.m.: [Método: Void .ctor(System.Collections.Generic.IEnumerable`1[T]), Línea: 0] - ORA-00918: column ambiguously defined
ORA-06512: at "MRVMM.PKG_MRV_INICIATIVA_MITIGACION", line 4383
ORA-06512: at line 1
25/02/2020 10:05:05 a.m.: [Método: System.Collections.Generic.List`1[TSource] ToList[TSource](System.Collections.Generic.IEnumerable`1[TSource]), Línea: 0] - ORA-00918: column ambiguously defined
ORA-06512: at "MRVMM.PKG_MRV_INICIATIVA_MITIGACION", line 4383
ORA-06512: at line 1
25/02/2020 10:05:05 a.m.: [Método: System.Collections.Generic.IEnumerable`1[T] Query[T](System.Data.IDbConnection, System.String, System.Object, System.Data.IDbTransaction, Boolean, System.Nullable`1[System.Int32], System.Nullable`1[System.Data.CommandType]), Línea: 0] - ORA-00918: column ambiguously defined
ORA-06512: at "MRVMM.PKG_MRV_INICIATIVA_MITIGACION", line 4383
ORA-06512: at line 1
25/02/2020 10:05:05 a.m.: [Método: System.Collections.Generic.List`1[entidad.minem.gob.pe.IniciativaBE] ListaBusquedaSimplePrivado(entidad.minem.gob.pe.IniciativaBE), Línea: 1350] - ORA-00918: column ambiguously defined
ORA-06512: at "MRVMM.PKG_MRV_INICIATIVA_MITIGACION", line 4383
ORA-06512: at line 1
25/02/2020 10:05:06 a.m.: [Método: Void HandleErrorHelper(Int32, Oracle.DataAccess.Client.OracleConnection, IntPtr, Oracle.DataAccess.Client.OpoSqlValCtx*, System.Object, System.String, Boolean, Int32, Oracle.DataAccess.Client.OracleLogicalTransaction), Línea: 0] - ORA-00918: column ambiguously defined
ORA-06512: at "MRVMM.PKG_MRV_INICIATIVA_MITIGACION", line 4383
ORA-06512: at line 1
25/02/2020 10:05:06 a.m.: [Método: Void HandleError(Int32, Oracle.DataAccess.Client.OracleConnection, System.String, IntPtr, Oracle.DataAccess.Client.OpoSqlValCtx*, System.Object, Boolean, Oracle.DataAccess.Client.OracleLogicalTransaction), Línea: 0] - ORA-00918: column ambiguously defined
ORA-06512: at "MRVMM.PKG_MRV_INICIATIVA_MITIGACION", line 4383
ORA-06512: at line 1
25/02/2020 10:05:06 a.m.: [Método: Oracle.DataAccess.Client.OracleDataReader ExecuteReader(Boolean, Boolean, System.Data.CommandBehavior), Línea: 0] - ORA-00918: column ambiguously defined
ORA-06512: at "MRVMM.PKG_MRV_INICIATIVA_MITIGACION", line 4383
ORA-06512: at line 1
25/02/2020 10:05:06 a.m.: [Método: System.Data.Common.DbDataReader ExecuteDbDataReader(System.Data.CommandBehavior), Línea: 0] - ORA-00918: column ambiguously defined
ORA-06512: at "MRVMM.PKG_MRV_INICIATIVA_MITIGACION", line 4383
ORA-06512: at line 1
25/02/2020 10:05:06 a.m.: [Método: System.Data.IDataReader System.Data.IDbCommand.ExecuteReader(System.Data.CommandBehavior), Línea: 0] - ORA-00918: column ambiguously defined
ORA-06512: at "MRVMM.PKG_MRV_INICIATIVA_MITIGACION", line 4383
ORA-06512: at line 1
25/02/2020 10:05:06 a.m.: [Método: System.Data.IDataReader ExecuteReaderWithFlagsFallback(System.Data.IDbCommand, Boolean, System.Data.CommandBehavior), Línea: 0] - ORA-00918: column ambiguously defined
ORA-06512: at "MRVMM.PKG_MRV_INICIATIVA_MITIGACION", line 4383
ORA-06512: at line 1
25/02/2020 10:05:06 a.m.: [Método: Boolean MoveNext(), Línea: 0] - ORA-00918: column ambiguously defined
ORA-06512: at "MRVMM.PKG_MRV_INICIATIVA_MITIGACION", line 4383
ORA-06512: at line 1
25/02/2020 10:05:06 a.m.: [Método: Void .ctor(System.Collections.Generic.IEnumerable`1[T]), Línea: 0] - ORA-00918: column ambiguously defined
ORA-06512: at "MRVMM.PKG_MRV_INICIATIVA_MITIGACION", line 4383
ORA-06512: at line 1
25/02/2020 10:05:06 a.m.: [Método: System.Collections.Generic.List`1[TSource] ToList[TSource](System.Collections.Generic.IEnumerable`1[TSource]), Línea: 0] - ORA-00918: column ambiguously defined
ORA-06512: at "MRVMM.PKG_MRV_INICIATIVA_MITIGACION", line 4383
ORA-06512: at line 1
25/02/2020 10:05:06 a.m.: [Método: System.Collections.Generic.IEnumerable`1[T] Query[T](System.Data.IDbConnection, System.String, System.Object, System.Data.IDbTransaction, Boolean, System.Nullable`1[System.Int32], System.Nullable`1[System.Data.CommandType]), Línea: 0] - ORA-00918: column ambiguously defined
ORA-06512: at "MRVMM.PKG_MRV_INICIATIVA_MITIGACION", line 4383
ORA-06512: at line 1
25/02/2020 10:05:06 a.m.: [Método: System.Collections.Generic.List`1[entidad.minem.gob.pe.IniciativaBE] ListaBusquedaSimplePrivado(entidad.minem.gob.pe.IniciativaBE), Línea: 1350] - ORA-00918: column ambiguously defined
ORA-06512: at "MRVMM.PKG_MRV_INICIATIVA_MITIGACION", line 4383
ORA-06512: at line 1
25/02/2020 10:05:09 a.m.: [Método: Void HandleErrorHelper(Int32, Oracle.DataAccess.Client.OracleConnection, IntPtr, Oracle.DataAccess.Client.OpoSqlValCtx*, System.Object, System.String, Boolean, Int32, Oracle.DataAccess.Client.OracleLogicalTransaction), Línea: 0] - ORA-00918: column ambiguously defined
ORA-06512: at "MRVMM.PKG_MRV_INICIATIVA_MITIGACION", line 4383
ORA-06512: at line 1
25/02/2020 10:05:09 a.m.: [Método: Void HandleError(Int32, Oracle.DataAccess.Client.OracleConnection, System.String, IntPtr, Oracle.DataAccess.Client.OpoSqlValCtx*, System.Object, Boolean, Oracle.DataAccess.Client.OracleLogicalTransaction), Línea: 0] - ORA-00918: column ambiguously defined
ORA-06512: at "MRVMM.PKG_MRV_INICIATIVA_MITIGACION", line 4383
ORA-06512: at line 1
25/02/2020 10:05:09 a.m.: [Método: Oracle.DataAccess.Client.OracleDataReader ExecuteReader(Boolean, Boolean, System.Data.CommandBehavior), Línea: 0] - ORA-00918: column ambiguously defined
ORA-06512: at "MRVMM.PKG_MRV_INICIATIVA_MITIGACION", line 4383
ORA-06512: at line 1
25/02/2020 10:05:09 a.m.: [Método: System.Data.Common.DbDataReader ExecuteDbDataReader(System.Data.CommandBehavior), Línea: 0] - ORA-00918: column ambiguously defined
ORA-06512: at "MRVMM.PKG_MRV_INICIATIVA_MITIGACION", line 4383
ORA-06512: at line 1
25/02/2020 10:05:09 a.m.: [Método: System.Data.IDataReader System.Data.IDbCommand.ExecuteReader(System.Data.CommandBehavior), Línea: 0] - ORA-00918: column ambiguously defined
ORA-06512: at "MRVMM.PKG_MRV_INICIATIVA_MITIGACION", line 4383
ORA-06512: at line 1
25/02/2020 10:05:09 a.m.: [Método: System.Data.IDataReader ExecuteReaderWithFlagsFallback(System.Data.IDbCommand, Boolean, System.Data.CommandBehavior), Línea: 0] - ORA-00918: column ambiguously defined
ORA-06512: at "MRVMM.PKG_MRV_INICIATIVA_MITIGACION", line 4383
ORA-06512: at line 1
25/02/2020 10:05:09 a.m.: [Método: Boolean MoveNext(), Línea: 0] - ORA-00918: column ambiguously defined
ORA-06512: at "MRVMM.PKG_MRV_INICIATIVA_MITIGACION", line 4383
ORA-06512: at line 1
25/02/2020 10:05:09 a.m.: [Método: Void .ctor(System.Collections.Generic.IEnumerable`1[T]), Línea: 0] - ORA-00918: column ambiguously defined
ORA-06512: at "MRVMM.PKG_MRV_INICIATIVA_MITIGACION", line 4383
ORA-06512: at line 1
25/02/2020 10:05:09 a.m.: [Método: System.Collections.Generic.List`1[TSource] ToList[TSource](System.Collections.Generic.IEnumerable`1[TSource]), Línea: 0] - ORA-00918: column ambiguously defined
ORA-06512: at "MRVMM.PKG_MRV_INICIATIVA_MITIGACION", line 4383
ORA-06512: at line 1
25/02/2020 10:05:09 a.m.: [Método: System.Collections.Generic.IEnumerable`1[T] Query[T](System.Data.IDbConnection, System.String, System.Object, System.Data.IDbTransaction, Boolean, System.Nullable`1[System.Int32], System.Nullable`1[System.Data.CommandType]), Línea: 0] - ORA-00918: column ambiguously defined
ORA-06512: at "MRVMM.PKG_MRV_INICIATIVA_MITIGACION", line 4383
ORA-06512: at line 1
25/02/2020 10:05:09 a.m.: [Método: System.Collections.Generic.List`1[entidad.minem.gob.pe.IniciativaBE] ListaBusquedaSimplePrivado(entidad.minem.gob.pe.IniciativaBE), Línea: 1350] - ORA-00918: column ambiguously defined
ORA-06512: at "MRVMM.PKG_MRV_INICIATIVA_MITIGACION", line 4383
ORA-06512: at line 1
25/02/2020 10:05:12 a.m.: [Método: Void HandleErrorHelper(Int32, Oracle.DataAccess.Client.OracleConnection, IntPtr, Oracle.DataAccess.Client.OpoSqlValCtx*, System.Object, System.String, Boolean, Int32, Oracle.DataAccess.Client.OracleLogicalTransaction), Línea: 0] - ORA-00918: column ambiguously defined
ORA-06512: at "MRVMM.PKG_MRV_INICIATIVA_MITIGACION", line 4383
ORA-06512: at line 1
25/02/2020 10:05:12 a.m.: [Método: Void HandleError(Int32, Oracle.DataAccess.Client.OracleConnection, System.String, IntPtr, Oracle.DataAccess.Client.OpoSqlValCtx*, System.Object, Boolean, Oracle.DataAccess.Client.OracleLogicalTransaction), Línea: 0] - ORA-00918: column ambiguously defined
ORA-06512: at "MRVMM.PKG_MRV_INICIATIVA_MITIGACION", line 4383
ORA-06512: at line 1
25/02/2020 10:05:12 a.m.: [Método: Oracle.DataAccess.Client.OracleDataReader ExecuteReader(Boolean, Boolean, System.Data.CommandBehavior), Línea: 0] - ORA-00918: column ambiguously defined
ORA-06512: at "MRVMM.PKG_MRV_INICIATIVA_MITIGACION", line 4383
ORA-06512: at line 1
25/02/2020 10:05:12 a.m.: [Método: System.Data.Common.DbDataReader ExecuteDbDataReader(System.Data.CommandBehavior), Línea: 0] - ORA-00918: column ambiguously defined
ORA-06512: at "MRVMM.PKG_MRV_INICIATIVA_MITIGACION", line 4383
ORA-06512: at line 1
25/02/2020 10:05:12 a.m.: [Método: System.Data.IDataReader System.Data.IDbCommand.ExecuteReader(System.Data.CommandBehavior), Línea: 0] - ORA-00918: column ambiguously defined
ORA-06512: at "MRVMM.PKG_MRV_INICIATIVA_MITIGACION", line 4383
ORA-06512: at line 1
25/02/2020 10:05:12 a.m.: [Método: System.Data.IDataReader ExecuteReaderWithFlagsFallback(System.Data.IDbCommand, Boolean, System.Data.CommandBehavior), Línea: 0] - ORA-00918: column ambiguously defined
ORA-06512: at "MRVMM.PKG_MRV_INICIATIVA_MITIGACION", line 4383
ORA-06512: at line 1
25/02/2020 10:05:12 a.m.: [Método: Boolean MoveNext(), Línea: 0] - ORA-00918: column ambiguously defined
ORA-06512: at "MRVMM.PKG_MRV_INICIATIVA_MITIGACION", line 4383
ORA-06512: at line 1
25/02/2020 10:05:12 a.m.: [Método: Void .ctor(System.Collections.Generic.IEnumerable`1[T]), Línea: 0] - ORA-00918: column ambiguously defined
ORA-06512: at "MRVMM.PKG_MRV_INICIATIVA_MITIGACION", line 4383
ORA-06512: at line 1
25/02/2020 10:05:12 a.m.: [Método: System.Collections.Generic.List`1[TSource] ToList[TSource](System.Collections.Generic.IEnumerable`1[TSource]), Línea: 0] - ORA-00918: column ambiguously defined
ORA-06512: at "MRVMM.PKG_MRV_INICIATIVA_MITIGACION", line 4383
ORA-06512: at line 1
25/02/2020 10:05:12 a.m.: [Método: System.Collections.Generic.IEnumerable`1[T] Query[T](System.Data.IDbConnection, System.String, System.Object, System.Data.IDbTransaction, Boolean, System.Nullable`1[System.Int32], System.Nullable`1[System.Data.CommandType]), Línea: 0] - ORA-00918: column ambiguously defined
ORA-06512: at "MRVMM.PKG_MRV_INICIATIVA_MITIGACION", line 4383
ORA-06512: at line 1
25/02/2020 10:05:12 a.m.: [Método: System.Collections.Generic.List`1[entidad.minem.gob.pe.IniciativaBE] ListaBusquedaSimplePrivado(entidad.minem.gob.pe.IniciativaBE), Línea: 1350] - ORA-00918: column ambiguously defined
ORA-06512: at "MRVMM.PKG_MRV_INICIATIVA_MITIGACION", line 4383
ORA-06512: at line 1
25/02/2020 10:05:21 a.m.: [Método: Void HandleErrorHelper(Int32, Oracle.DataAccess.Client.OracleConnection, IntPtr, Oracle.DataAccess.Client.OpoSqlValCtx*, System.Object, System.String, Boolean, Int32, Oracle.DataAccess.Client.OracleLogicalTransaction), Línea: 0] - ORA-00918: column ambiguously defined
ORA-06512: at "MRVMM.PKG_MRV_INICIATIVA_MITIGACION", line 4383
ORA-06512: at line 1
25/02/2020 10:05:21 a.m.: [Método: Void HandleError(Int32, Oracle.DataAccess.Client.OracleConnection, System.String, IntPtr, Oracle.DataAccess.Client.OpoSqlValCtx*, System.Object, Boolean, Oracle.DataAccess.Client.OracleLogicalTransaction), Línea: 0] - ORA-00918: column ambiguously defined
ORA-06512: at "MRVMM.PKG_MRV_INICIATIVA_MITIGACION", line 4383
ORA-06512: at line 1
25/02/2020 10:05:21 a.m.: [Método: Oracle.DataAccess.Client.OracleDataReader ExecuteReader(Boolean, Boolean, System.Data.CommandBehavior), Línea: 0] - ORA-00918: column ambiguously defined
ORA-06512: at "MRVMM.PKG_MRV_INICIATIVA_MITIGACION", line 4383
ORA-06512: at line 1
25/02/2020 10:05:21 a.m.: [Método: System.Data.Common.DbDataReader ExecuteDbDataReader(System.Data.CommandBehavior), Línea: 0] - ORA-00918: column ambiguously defined
ORA-06512: at "MRVMM.PKG_MRV_INICIATIVA_MITIGACION", line 4383
ORA-06512: at line 1
25/02/2020 10:05:21 a.m.: [Método: System.Data.IDataReader System.Data.IDbCommand.ExecuteReader(System.Data.CommandBehavior), Línea: 0] - ORA-00918: column ambiguously defined
ORA-06512: at "MRVMM.PKG_MRV_INICIATIVA_MITIGACION", line 4383
ORA-06512: at line 1
25/02/2020 10:05:21 a.m.: [Método: System.Data.IDataReader ExecuteReaderWithFlagsFallback(System.Data.IDbCommand, Boolean, System.Data.CommandBehavior), Línea: 0] - ORA-00918: column ambiguously defined
ORA-06512: at "MRVMM.PKG_MRV_INICIATIVA_MITIGACION", line 4383
ORA-06512: at line 1
25/02/2020 10:05:21 a.m.: [Método: Boolean MoveNext(), Línea: 0] - ORA-00918: column ambiguously defined
ORA-06512: at "MRVMM.PKG_MRV_INICIATIVA_MITIGACION", line 4383
ORA-06512: at line 1
25/02/2020 10:05:21 a.m.: [Método: Void .ctor(System.Collections.Generic.IEnumerable`1[T]), Línea: 0] - ORA-00918: column ambiguously defined
ORA-06512: at "MRVMM.PKG_MRV_INICIATIVA_MITIGACION", line 4383
ORA-06512: at line 1
25/02/2020 10:05:21 a.m.: [Método: System.Collections.Generic.List`1[TSource] ToList[TSource](System.Collections.Generic.IEnumerable`1[TSource]), Línea: 0] - ORA-00918: column ambiguously defined
ORA-06512: at "MRVMM.PKG_MRV_INICIATIVA_MITIGACION", line 4383
ORA-06512: at line 1
25/02/2020 10:05:21 a.m.: [Método: System.Collections.Generic.IEnumerable`1[T] Query[T](System.Data.IDbConnection, System.String, System.Object, System.Data.IDbTransaction, Boolean, System.Nullable`1[System.Int32], System.Nullable`1[System.Data.CommandType]), Línea: 0] - ORA-00918: column ambiguously defined
ORA-06512: at "MRVMM.PKG_MRV_INICIATIVA_MITIGACION", line 4383
ORA-06512: at line 1
25/02/2020 10:05:21 a.m.: [Método: System.Collections.Generic.List`1[entidad.minem.gob.pe.IniciativaBE] ListaBusquedaSimplePrivado(entidad.minem.gob.pe.IniciativaBE), Línea: 1350] - ORA-00918: column ambiguously defined
ORA-06512: at "MRVMM.PKG_MRV_INICIATIVA_MITIGACION", line 4383
ORA-06512: at line 1
25/02/2020 10:05:32 a.m.: [Método: Void HandleErrorHelper(Int32, Oracle.DataAccess.Client.OracleConnection, IntPtr, Oracle.DataAccess.Client.OpoSqlValCtx*, System.Object, System.String, Boolean, Int32, Oracle.DataAccess.Client.OracleLogicalTransaction), Línea: 0] - ORA-00918: column ambiguously defined
ORA-06512: at "MRVMM.PKG_MRV_INICIATIVA_MITIGACION", line 4383
ORA-06512: at line 1
25/02/2020 10:05:32 a.m.: [Método: Void HandleError(Int32, Oracle.DataAccess.Client.OracleConnection, System.String, IntPtr, Oracle.DataAccess.Client.OpoSqlValCtx*, System.Object, Boolean, Oracle.DataAccess.Client.OracleLogicalTransaction), Línea: 0] - ORA-00918: column ambiguously defined
ORA-06512: at "MRVMM.PKG_MRV_INICIATIVA_MITIGACION", line 4383
ORA-06512: at line 1
25/02/2020 10:05:32 a.m.: [Método: Oracle.DataAccess.Client.OracleDataReader ExecuteReader(Boolean, Boolean, System.Data.CommandBehavior), Línea: 0] - ORA-00918: column ambiguously defined
ORA-06512: at "MRVMM.PKG_MRV_INICIATIVA_MITIGACION", line 4383
ORA-06512: at line 1
25/02/2020 10:05:32 a.m.: [Método: System.Data.Common.DbDataReader ExecuteDbDataReader(System.Data.CommandBehavior), Línea: 0] - ORA-00918: column ambiguously defined
ORA-06512: at "MRVMM.PKG_MRV_INICIATIVA_MITIGACION", line 4383
ORA-06512: at line 1
25/02/2020 10:05:32 a.m.: [Método: System.Data.IDataReader System.Data.IDbCommand.ExecuteReader(System.Data.CommandBehavior), Línea: 0] - ORA-00918: column ambiguously defined
ORA-06512: at "MRVMM.PKG_MRV_INICIATIVA_MITIGACION", line 4383
ORA-06512: at line 1
25/02/2020 10:05:32 a.m.: [Método: System.Data.IDataReader ExecuteReaderWithFlagsFallback(System.Data.IDbCommand, Boolean, System.Data.CommandBehavior), Línea: 0] - ORA-00918: column ambiguously defined
ORA-06512: at "MRVMM.PKG_MRV_INICIATIVA_MITIGACION", line 4383
ORA-06512: at line 1
25/02/2020 10:05:32 a.m.: [Método: Boolean MoveNext(), Línea: 0] - ORA-00918: column ambiguously defined
ORA-06512: at "MRVMM.PKG_MRV_INICIATIVA_MITIGACION", line 4383
ORA-06512: at line 1
25/02/2020 10:05:32 a.m.: [Método: Void .ctor(System.Collections.Generic.IEnumerable`1[T]), Línea: 0] - ORA-00918: column ambiguously defined
ORA-06512: at "MRVMM.PKG_MRV_INICIATIVA_MITIGACION", line 4383
ORA-06512: at line 1
25/02/2020 10:05:32 a.m.: [Método: System.Collections.Generic.List`1[TSource] ToList[TSource](System.Collections.Generic.IEnumerable`1[TSource]), Línea: 0] - ORA-00918: column ambiguously defined
ORA-06512: at "MRVMM.PKG_MRV_INICIATIVA_MITIGACION", line 4383
ORA-06512: at line 1
25/02/2020 10:05:32 a.m.: [Método: System.Collections.Generic.IEnumerable`1[T] Query[T](System.Data.IDbConnection, System.String, System.Object, System.Data.IDbTransaction, Boolean, System.Nullable`1[System.Int32], System.Nullable`1[System.Data.CommandType]), Línea: 0] - ORA-00918: column ambiguously defined
ORA-06512: at "MRVMM.PKG_MRV_INICIATIVA_MITIGACION", line 4383
ORA-06512: at line 1
25/02/2020 10:05:32 a.m.: [Método: System.Collections.Generic.List`1[entidad.minem.gob.pe.IniciativaBE] ListaBusquedaSimplePrivado(entidad.minem.gob.pe.IniciativaBE), Línea: 1350] - ORA-00918: column ambiguously defined
ORA-06512: at "MRVMM.PKG_MRV_INICIATIVA_MITIGACION", line 4383
ORA-06512: at line 1
25/02/2020 10:05:33 a.m.: [Método: Void HandleErrorHelper(Int32, Oracle.DataAccess.Client.OracleConnection, IntPtr, Oracle.DataAccess.Client.OpoSqlValCtx*, System.Object, System.String, Boolean, Int32, Oracle.DataAccess.Client.OracleLogicalTransaction), Línea: 0] - ORA-00918: column ambiguously defined
ORA-06512: at "MRVMM.PKG_MRV_INICIATIVA_MITIGACION", line 4383
ORA-06512: at line 1
25/02/2020 10:05:33 a.m.: [Método: Void HandleError(Int32, Oracle.DataAccess.Client.OracleConnection, System.String, IntPtr, Oracle.DataAccess.Client.OpoSqlValCtx*, System.Object, Boolean, Oracle.DataAccess.Client.OracleLogicalTransaction), Línea: 0] - ORA-00918: column ambiguously defined
ORA-06512: at "MRVMM.PKG_MRV_INICIATIVA_MITIGACION", line 4383
ORA-06512: at line 1
25/02/2020 10:05:33 a.m.: [Método: Oracle.DataAccess.Client.OracleDataReader ExecuteReader(Boolean, Boolean, System.Data.CommandBehavior), Línea: 0] - ORA-00918: column ambiguously defined
ORA-06512: at "MRVMM.PKG_MRV_INICIATIVA_MITIGACION", line 4383
ORA-06512: at line 1
25/02/2020 10:05:33 a.m.: [Método: System.Data.Common.DbDataReader ExecuteDbDataReader(System.Data.CommandBehavior), Línea: 0] - ORA-00918: column ambiguously defined
ORA-06512: at "MRVMM.PKG_MRV_INICIATIVA_MITIGACION", line 4383
ORA-06512: at line 1
25/02/2020 10:05:33 a.m.: [Método: System.Data.IDataReader System.Data.IDbCommand.ExecuteReader(System.Data.CommandBehavior), Línea: 0] - ORA-00918: column ambiguously defined
ORA-06512: at "MRVMM.PKG_MRV_INICIATIVA_MITIGACION", line 4383
ORA-06512: at line 1
25/02/2020 10:05:33 a.m.: [Método: System.Data.IDataReader ExecuteReaderWithFlagsFallback(System.Data.IDbCommand, Boolean, System.Data.CommandBehavior), Línea: 0] - ORA-00918: column ambiguously defined
ORA-06512: at "MRVMM.PKG_MRV_INICIATIVA_MITIGACION", line 4383
ORA-06512: at line 1
25/02/2020 10:05:33 a.m.: [Método: Boolean MoveNext(), Línea: 0] - ORA-00918: column ambiguously defined
ORA-06512: at "MRVMM.PKG_MRV_INICIATIVA_MITIGACION", line 4383
ORA-06512: at line 1
25/02/2020 10:05:33 a.m.: [Método: Void .ctor(System.Collections.Generic.IEnumerable`1[T]), Línea: 0] - ORA-00918: column ambiguously defined
ORA-06512: at "MRVMM.PKG_MRV_INICIATIVA_MITIGACION", line 4383
ORA-06512: at line 1
25/02/2020 10:05:33 a.m.: [Método: System.Collections.Generic.List`1[TSource] ToList[TSource](System.Collections.Generic.IEnumerable`1[TSource]), Línea: 0] - ORA-00918: column ambiguously defined
ORA-06512: at "MRVMM.PKG_MRV_INICIATIVA_MITIGACION", line 4383
ORA-06512: at line 1
25/02/2020 10:05:33 a.m.: [Método: System.Collections.Generic.IEnumerable`1[T] Query[T](System.Data.IDbConnection, System.String, System.Object, System.Data.IDbTransaction, Boolean, System.Nullable`1[System.Int32], System.Nullable`1[System.Data.CommandType]), Línea: 0] - ORA-00918: column ambiguously defined
ORA-06512: at "MRVMM.PKG_MRV_INICIATIVA_MITIGACION", line 4383
ORA-06512: at line 1
25/02/2020 10:05:33 a.m.: [Método: System.Collections.Generic.List`1[entidad.minem.gob.pe.IniciativaBE] ListaBusquedaSimplePrivado(entidad.minem.gob.pe.IniciativaBE), Línea: 1350] - ORA-00918: column ambiguously defined
ORA-06512: at "MRVMM.PKG_MRV_INICIATIVA_MITIGACION", line 4383
ORA-06512: at line 1
25/02/2020 10:05:34 a.m.: [Método: Void HandleErrorHelper(Int32, Oracle.DataAccess.Client.OracleConnection, IntPtr, Oracle.DataAccess.Client.OpoSqlValCtx*, System.Object, System.String, Boolean, Int32, Oracle.DataAccess.Client.OracleLogicalTransaction), Línea: 0] - ORA-00918: column ambiguously defined
ORA-06512: at "MRVMM.PKG_MRV_INICIATIVA_MITIGACION", line 4383
ORA-06512: at line 1
25/02/2020 10:05:34 a.m.: [Método: Void HandleError(Int32, Oracle.DataAccess.Client.OracleConnection, System.String, IntPtr, Oracle.DataAccess.Client.OpoSqlValCtx*, System.Object, Boolean, Oracle.DataAccess.Client.OracleLogicalTransaction), Línea: 0] - ORA-00918: column ambiguously defined
ORA-06512: at "MRVMM.PKG_MRV_INICIATIVA_MITIGACION", line 4383
ORA-06512: at line 1
25/02/2020 10:05:34 a.m.: [Método: Oracle.DataAccess.Client.OracleDataReader ExecuteReader(Boolean, Boolean, System.Data.CommandBehavior), Línea: 0] - ORA-00918: column ambiguously defined
ORA-06512: at "MRVMM.PKG_MRV_INICIATIVA_MITIGACION", line 4383
ORA-06512: at line 1
25/02/2020 10:05:34 a.m.: [Método: System.Data.Common.DbDataReader ExecuteDbDataReader(System.Data.CommandBehavior), Línea: 0] - ORA-00918: column ambiguously defined
ORA-06512: at "MRVMM.PKG_MRV_INICIATIVA_MITIGACION", line 4383
ORA-06512: at line 1
25/02/2020 10:05:34 a.m.: [Método: System.Data.IDataReader System.Data.IDbCommand.ExecuteReader(System.Data.CommandBehavior), Línea: 0] - ORA-00918: column ambiguously defined
ORA-06512: at "MRVMM.PKG_MRV_INICIATIVA_MITIGACION", line 4383
ORA-06512: at line 1
25/02/2020 10:05:34 a.m.: [Método: System.Data.IDataReader ExecuteReaderWithFlagsFallback(System.Data.IDbCommand, Boolean, System.Data.CommandBehavior), Línea: 0] - ORA-00918: column ambiguously defined
ORA-06512: at "MRVMM.PKG_MRV_INICIATIVA_MITIGACION", line 4383
ORA-06512: at line 1
25/02/2020 10:05:34 a.m.: [Método: Boolean MoveNext(), Línea: 0] - ORA-00918: column ambiguously defined
ORA-06512: at "MRVMM.PKG_MRV_INICIATIVA_MITIGACION", line 4383
ORA-06512: at line 1
25/02/2020 10:05:34 a.m.: [Método: Void .ctor(System.Collections.Generic.IEnumerable`1[T]), Línea: 0] - ORA-00918: column ambiguously defined
ORA-06512: at "MRVMM.PKG_MRV_INICIATIVA_MITIGACION", line 4383
ORA-06512: at line 1
25/02/2020 10:05:34 a.m.: [Método: System.Collections.Generic.List`1[TSource] ToList[TSource](System.Collections.Generic.IEnumerable`1[TSource]), Línea: 0] - ORA-00918: column ambiguously defined
ORA-06512: at "MRVMM.PKG_MRV_INICIATIVA_MITIGACION", line 4383
ORA-06512: at line 1
25/02/2020 10:05:34 a.m.: [Método: System.Collections.Generic.IEnumerable`1[T] Query[T](System.Data.IDbConnection, System.String, System.Object, System.Data.IDbTransaction, Boolean, System.Nullable`1[System.Int32], System.Nullable`1[System.Data.CommandType]), Línea: 0] - ORA-00918: column ambiguously defined
ORA-06512: at "MRVMM.PKG_MRV_INICIATIVA_MITIGACION", line 4383
ORA-06512: at line 1
25/02/2020 10:05:34 a.m.: [Método: System.Collections.Generic.List`1[entidad.minem.gob.pe.IniciativaBE] ListaBusquedaSimplePrivado(entidad.minem.gob.pe.IniciativaBE), Línea: 1350] - ORA-00918: column ambiguously defined
ORA-06512: at "MRVMM.PKG_MRV_INICIATIVA_MITIGACION", line 4383
ORA-06512: at line 1
25/02/2020 10:05:35 a.m.: [Método: Void HandleErrorHelper(Int32, Oracle.DataAccess.Client.OracleConnection, IntPtr, Oracle.DataAccess.Client.OpoSqlValCtx*, System.Object, System.String, Boolean, Int32, Oracle.DataAccess.Client.OracleLogicalTransaction), Línea: 0] - ORA-00918: column ambiguously defined
ORA-06512: at "MRVMM.PKG_MRV_INICIATIVA_MITIGACION", line 4383
ORA-06512: at line 1
25/02/2020 10:05:35 a.m.: [Método: Void HandleError(Int32, Oracle.DataAccess.Client.OracleConnection, System.String, IntPtr, Oracle.DataAccess.Client.OpoSqlValCtx*, System.Object, Boolean, Oracle.DataAccess.Client.OracleLogicalTransaction), Línea: 0] - ORA-00918: column ambiguously defined
ORA-06512: at "MRVMM.PKG_MRV_INICIATIVA_MITIGACION", line 4383
ORA-06512: at line 1
25/02/2020 10:05:35 a.m.: [Método: Oracle.DataAccess.Client.OracleDataReader ExecuteReader(Boolean, Boolean, System.Data.CommandBehavior), Línea: 0] - ORA-00918: column ambiguously defined
ORA-06512: at "MRVMM.PKG_MRV_INICIATIVA_MITIGACION", line 4383
ORA-06512: at line 1
25/02/2020 10:05:35 a.m.: [Método: System.Data.Common.DbDataReader ExecuteDbDataReader(System.Data.CommandBehavior), Línea: 0] - ORA-00918: column ambiguously defined
ORA-06512: at "MRVMM.PKG_MRV_INICIATIVA_MITIGACION", line 4383
ORA-06512: at line 1
25/02/2020 10:05:35 a.m.: [Método: System.Data.IDataReader System.Data.IDbCommand.ExecuteReader(System.Data.CommandBehavior), Línea: 0] - ORA-00918: column ambiguously defined
ORA-06512: at "MRVMM.PKG_MRV_INICIATIVA_MITIGACION", line 4383
ORA-06512: at line 1
25/02/2020 10:05:35 a.m.: [Método: System.Data.IDataReader ExecuteReaderWithFlagsFallback(System.Data.IDbCommand, Boolean, System.Data.CommandBehavior), Línea: 0] - ORA-00918: column ambiguously defined
ORA-06512: at "MRVMM.PKG_MRV_INICIATIVA_MITIGACION", line 4383
ORA-06512: at line 1
25/02/2020 10:05:35 a.m.: [Método: Boolean MoveNext(), Línea: 0] - ORA-00918: column ambiguously defined
ORA-06512: at "MRVMM.PKG_MRV_INICIATIVA_MITIGACION", line 4383
ORA-06512: at line 1
25/02/2020 10:05:35 a.m.: [Método: Void .ctor(System.Collections.Generic.IEnumerable`1[T]), Línea: 0] - ORA-00918: column ambiguously defined
ORA-06512: at "MRVMM.PKG_MRV_INICIATIVA_MITIGACION", line 4383
ORA-06512: at line 1
25/02/2020 10:05:35 a.m.: [Método: System.Collections.Generic.List`1[TSource] ToList[TSource](System.Collections.Generic.IEnumerable`1[TSource]), Línea: 0] - ORA-00918: column ambiguously defined
ORA-06512: at "MRVMM.PKG_MRV_INICIATIVA_MITIGACION", line 4383
ORA-06512: at line 1
25/02/2020 10:05:35 a.m.: [Método: System.Collections.Generic.IEnumerable`1[T] Query[T](System.Data.IDbConnection, System.String, System.Object, System.Data.IDbTransaction, Boolean, System.Nullable`1[System.Int32], System.Nullable`1[System.Data.CommandType]), Línea: 0] - ORA-00918: column ambiguously defined
ORA-06512: at "MRVMM.PKG_MRV_INICIATIVA_MITIGACION", line 4383
ORA-06512: at line 1
25/02/2020 10:05:35 a.m.: [Método: System.Collections.Generic.List`1[entidad.minem.gob.pe.IniciativaBE] ListaBusquedaSimplePrivado(entidad.minem.gob.pe.IniciativaBE), Línea: 1350] - ORA-00918: column ambiguously defined
ORA-06512: at "MRVMM.PKG_MRV_INICIATIVA_MITIGACION", line 4383
ORA-06512: at line 1
25/02/2020 10:06:03 a.m.: [Método: Void HandleErrorHelper(Int32, Oracle.DataAccess.Client.OracleConnection, IntPtr, Oracle.DataAccess.Client.OpoSqlValCtx*, System.Object, System.String, Boolean, Int32, Oracle.DataAccess.Client.OracleLogicalTransaction), Línea: 0] - ORA-00918: column ambiguously defined
ORA-06512: at "MRVMM.PKG_MRV_INICIATIVA_MITIGACION", line 4383
ORA-06512: at line 1
25/02/2020 10:06:03 a.m.: [Método: Void HandleError(Int32, Oracle.DataAccess.Client.OracleConnection, System.String, IntPtr, Oracle.DataAccess.Client.OpoSqlValCtx*, System.Object, Boolean, Oracle.DataAccess.Client.OracleLogicalTransaction), Línea: 0] - ORA-00918: column ambiguously defined
ORA-06512: at "MRVMM.PKG_MRV_INICIATIVA_MITIGACION", line 4383
ORA-06512: at line 1
25/02/2020 10:06:03 a.m.: [Método: Oracle.DataAccess.Client.OracleDataReader ExecuteReader(Boolean, Boolean, System.Data.CommandBehavior), Línea: 0] - ORA-00918: column ambiguously defined
ORA-06512: at "MRVMM.PKG_MRV_INICIATIVA_MITIGACION", line 4383
ORA-06512: at line 1
25/02/2020 10:06:03 a.m.: [Método: System.Data.Common.DbDataReader ExecuteDbDataReader(System.Data.CommandBehavior), Línea: 0] - ORA-00918: column ambiguously defined
ORA-06512: at "MRVMM.PKG_MRV_INICIATIVA_MITIGACION", line 4383
ORA-06512: at line 1
25/02/2020 10:06:03 a.m.: [Método: System.Data.IDataReader System.Data.IDbCommand.ExecuteReader(System.Data.CommandBehavior), Línea: 0] - ORA-00918: column ambiguously defined
ORA-06512: at "MRVMM.PKG_MRV_INICIATIVA_MITIGACION", line 4383
ORA-06512: at line 1
25/02/2020 10:06:03 a.m.: [Método: System.Data.IDataReader ExecuteReaderWithFlagsFallback(System.Data.IDbCommand, Boolean, System.Data.CommandBehavior), Línea: 0] - ORA-00918: column ambiguously defined
ORA-06512: at "MRVMM.PKG_MRV_INICIATIVA_MITIGACION", line 4383
ORA-06512: at line 1
25/02/2020 10:06:03 a.m.: [Método: Boolean MoveNext(), Línea: 0] - ORA-00918: column ambiguously defined
ORA-06512: at "MRVMM.PKG_MRV_INICIATIVA_MITIGACION", line 4383
ORA-06512: at line 1
25/02/2020 10:06:03 a.m.: [Método: Void .ctor(System.Collections.Generic.IEnumerable`1[T]), Línea: 0] - ORA-00918: column ambiguously defined
ORA-06512: at "MRVMM.PKG_MRV_INICIATIVA_MITIGACION", line 4383
ORA-06512: at line 1
25/02/2020 10:06:03 a.m.: [Método: System.Collections.Generic.List`1[TSource] ToList[TSource](System.Collections.Generic.IEnumerable`1[TSource]), Línea: 0] - ORA-00918: column ambiguously defined
ORA-06512: at "MRVMM.PKG_MRV_INICIATIVA_MITIGACION", line 4383
ORA-06512: at line 1
25/02/2020 10:06:03 a.m.: [Método: System.Collections.Generic.IEnumerable`1[T] Query[T](System.Data.IDbConnection, System.String, System.Object, System.Data.IDbTransaction, Boolean, System.Nullable`1[System.Int32], System.Nullable`1[System.Data.CommandType]), Línea: 0] - ORA-00918: column ambiguously defined
ORA-06512: at "MRVMM.PKG_MRV_INICIATIVA_MITIGACION", line 4383
ORA-06512: at line 1
25/02/2020 10:06:03 a.m.: [Método: System.Collections.Generic.List`1[entidad.minem.gob.pe.IniciativaBE] ListaBusquedaSimplePrivado(entidad.minem.gob.pe.IniciativaBE), Línea: 1350] - ORA-00918: column ambiguously defined
ORA-06512: at "MRVMM.PKG_MRV_INICIATIVA_MITIGACION", line 4383
ORA-06512: at line 1
25/02/2020 10:09:02 a.m.: [Método: Void HandleErrorHelper(Int32, Oracle.DataAccess.Client.OracleConnection, IntPtr, Oracle.DataAccess.Client.OpoSqlValCtx*, System.Object, System.String, Boolean, Int32, Oracle.DataAccess.Client.OracleLogicalTransaction), Línea: 0] - ORA-00918: column ambiguously defined
ORA-06512: at "MRVMM.PKG_MRV_INICIATIVA_MITIGACION", line 4383
ORA-06512: at line 1
25/02/2020 10:09:02 a.m.: [Método: Void HandleError(Int32, Oracle.DataAccess.Client.OracleConnection, System.String, IntPtr, Oracle.DataAccess.Client.OpoSqlValCtx*, System.Object, Boolean, Oracle.DataAccess.Client.OracleLogicalTransaction), Línea: 0] - ORA-00918: column ambiguously defined
ORA-06512: at "MRVMM.PKG_MRV_INICIATIVA_MITIGACION", line 4383
ORA-06512: at line 1
25/02/2020 10:09:02 a.m.: [Método: Oracle.DataAccess.Client.OracleDataReader ExecuteReader(Boolean, Boolean, System.Data.CommandBehavior), Línea: 0] - ORA-00918: column ambiguously defined
ORA-06512: at "MRVMM.PKG_MRV_INICIATIVA_MITIGACION", line 4383
ORA-06512: at line 1
25/02/2020 10:09:02 a.m.: [Método: System.Data.Common.DbDataReader ExecuteDbDataReader(System.Data.CommandBehavior), Línea: 0] - ORA-00918: column ambiguously defined
ORA-06512: at "MRVMM.PKG_MRV_INICIATIVA_MITIGACION", line 4383
ORA-06512: at line 1
25/02/2020 10:09:02 a.m.: [Método: System.Data.IDataReader System.Data.IDbCommand.ExecuteReader(System.Data.CommandBehavior), Línea: 0] - ORA-00918: column ambiguously defined
ORA-06512: at "MRVMM.PKG_MRV_INICIATIVA_MITIGACION", line 4383
ORA-06512: at line 1
25/02/2020 10:09:02 a.m.: [Método: System.Data.IDataReader ExecuteReaderWithFlagsFallback(System.Data.IDbCommand, Boolean, System.Data.CommandBehavior), Línea: 0] - ORA-00918: column ambiguously defined
ORA-06512: at "MRVMM.PKG_MRV_INICIATIVA_MITIGACION", line 4383
ORA-06512: at line 1
25/02/2020 10:09:02 a.m.: [Método: Boolean MoveNext(), Línea: 0] - ORA-00918: column ambiguously defined
ORA-06512: at "MRVMM.PKG_MRV_INICIATIVA_MITIGACION", line 4383
ORA-06512: at line 1
25/02/2020 10:09:02 a.m.: [Método: Void .ctor(System.Collections.Generic.IEnumerable`1[T]), Línea: 0] - ORA-00918: column ambiguously defined
ORA-06512: at "MRVMM.PKG_MRV_INICIATIVA_MITIGACION", line 4383
ORA-06512: at line 1
25/02/2020 10:09:02 a.m.: [Método: System.Collections.Generic.List`1[TSource] ToList[TSource](System.Collections.Generic.IEnumerable`1[TSource]), Línea: 0] - ORA-00918: column ambiguously defined
ORA-06512: at "MRVMM.PKG_MRV_INICIATIVA_MITIGACION", line 4383
ORA-06512: at line 1
25/02/2020 10:09:02 a.m.: [Método: System.Collections.Generic.IEnumerable`1[T] Query[T](System.Data.IDbConnection, System.String, System.Object, System.Data.IDbTransaction, Boolean, System.Nullable`1[System.Int32], System.Nullable`1[System.Data.CommandType]), Línea: 0] - ORA-00918: column ambiguously defined
ORA-06512: at "MRVMM.PKG_MRV_INICIATIVA_MITIGACION", line 4383
ORA-06512: at line 1
25/02/2020 10:09:02 a.m.: [Método: System.Collections.Generic.List`1[entidad.minem.gob.pe.IniciativaBE] ListaBusquedaSimplePrivado(entidad.minem.gob.pe.IniciativaBE), Línea: 1350] - ORA-00918: column ambiguously defined
ORA-06512: at "MRVMM.PKG_MRV_INICIATIVA_MITIGACION", line 4383
ORA-06512: at line 1
25/02/2020 10:33:51 a.m.: [Método: Void HandleErrorHelper(Int32, Oracle.DataAccess.Client.OracleConnection, IntPtr, Oracle.DataAccess.Client.OpoSqlValCtx*, System.Object, System.String, Boolean, Int32, Oracle.DataAccess.Client.OracleLogicalTransaction), Línea: 0] - ORA-00918: column ambiguously defined
ORA-06512: at "MRVMM.PKG_MRV_INICIATIVA_MITIGACION", line 4392
ORA-06512: at line 1
25/02/2020 10:33:51 a.m.: [Método: Void HandleError(Int32, Oracle.DataAccess.Client.OracleConnection, System.String, IntPtr, Oracle.DataAccess.Client.OpoSqlValCtx*, System.Object, Boolean, Oracle.DataAccess.Client.OracleLogicalTransaction), Línea: 0] - ORA-00918: column ambiguously defined
ORA-06512: at "MRVMM.PKG_MRV_INICIATIVA_MITIGACION", line 4392
ORA-06512: at line 1
25/02/2020 10:33:51 a.m.: [Método: Oracle.DataAccess.Client.OracleDataReader ExecuteReader(Boolean, Boolean, System.Data.CommandBehavior), Línea: 0] - ORA-00918: column ambiguously defined
ORA-06512: at "MRVMM.PKG_MRV_INICIATIVA_MITIGACION", line 4392
ORA-06512: at line 1
25/02/2020 10:33:51 a.m.: [Método: System.Data.Common.DbDataReader ExecuteDbDataReader(System.Data.CommandBehavior), Línea: 0] - ORA-00918: column ambiguously defined
ORA-06512: at "MRVMM.PKG_MRV_INICIATIVA_MITIGACION", line 4392
ORA-06512: at line 1
25/02/2020 10:33:51 a.m.: [Método: System.Data.IDataReader System.Data.IDbCommand.ExecuteReader(System.Data.CommandBehavior), Línea: 0] - ORA-00918: column ambiguously defined
ORA-06512: at "MRVMM.PKG_MRV_INICIATIVA_MITIGACION", line 4392
ORA-06512: at line 1
25/02/2020 10:33:51 a.m.: [Método: System.Data.IDataReader ExecuteReaderWithFlagsFallback(System.Data.IDbCommand, Boolean, System.Data.CommandBehavior), Línea: 0] - ORA-00918: column ambiguously defined
ORA-06512: at "MRVMM.PKG_MRV_INICIATIVA_MITIGACION", line 4392
ORA-06512: at line 1
25/02/2020 10:33:51 a.m.: [Método: Boolean MoveNext(), Línea: 0] - ORA-00918: column ambiguously defined
ORA-06512: at "MRVMM.PKG_MRV_INICIATIVA_MITIGACION", line 4392
ORA-06512: at line 1
25/02/2020 10:33:51 a.m.: [Método: Void .ctor(System.Collections.Generic.IEnumerable`1[T]), Línea: 0] - ORA-00918: column ambiguously defined
ORA-06512: at "MRVMM.PKG_MRV_INICIATIVA_MITIGACION", line 4392
ORA-06512: at line 1
25/02/2020 10:33:51 a.m.: [Método: System.Collections.Generic.List`1[TSource] ToList[TSource](System.Collections.Generic.IEnumerable`1[TSource]), Línea: 0] - ORA-00918: column ambiguously defined
ORA-06512: at "MRVMM.PKG_MRV_INICIATIVA_MITIGACION", line 4392
ORA-06512: at line 1
25/02/2020 10:33:51 a.m.: [Método: System.Collections.Generic.IEnumerable`1[T] Query[T](System.Data.IDbConnection, System.String, System.Object, System.Data.IDbTransaction, Boolean, System.Nullable`1[System.Int32], System.Nullable`1[System.Data.CommandType]), Línea: 0] - ORA-00918: column ambiguously defined
ORA-06512: at "MRVMM.PKG_MRV_INICIATIVA_MITIGACION", line 4392
ORA-06512: at line 1
25/02/2020 10:33:51 a.m.: [Método: System.Collections.Generic.List`1[entidad.minem.gob.pe.IniciativaBE] ListaBusquedaSimplePrivado(entidad.minem.gob.pe.IniciativaBE), Línea: 1350] - ORA-00918: column ambiguously defined
ORA-06512: at "MRVMM.PKG_MRV_INICIATIVA_MITIGACION", line 4392
ORA-06512: at line 1
25/02/2020 10:37:40 a.m.: [Método: Void HandleErrorHelper(Int32, Oracle.DataAccess.Client.OracleConnection, IntPtr, Oracle.DataAccess.Client.OpoSqlValCtx*, System.Object, System.String, Boolean, Int32, Oracle.DataAccess.Client.OracleLogicalTransaction), Línea: 0] - ORA-00918: column ambiguously defined
ORA-06512: at "MRVMM.PKG_MRV_INICIATIVA_MITIGACION", line 4392
ORA-06512: at line 1
25/02/2020 10:37:40 a.m.: [Método: Void HandleError(Int32, Oracle.DataAccess.Client.OracleConnection, System.String, IntPtr, Oracle.DataAccess.Client.OpoSqlValCtx*, System.Object, Boolean, Oracle.DataAccess.Client.OracleLogicalTransaction), Línea: 0] - ORA-00918: column ambiguously defined
ORA-06512: at "MRVMM.PKG_MRV_INICIATIVA_MITIGACION", line 4392
ORA-06512: at line 1
25/02/2020 10:37:40 a.m.: [Método: Oracle.DataAccess.Client.OracleDataReader ExecuteReader(Boolean, Boolean, System.Data.CommandBehavior), Línea: 0] - ORA-00918: column ambiguously defined
ORA-06512: at "MRVMM.PKG_MRV_INICIATIVA_MITIGACION", line 4392
ORA-06512: at line 1
25/02/2020 10:37:40 a.m.: [Método: System.Data.Common.DbDataReader ExecuteDbDataReader(System.Data.CommandBehavior), Línea: 0] - ORA-00918: column ambiguously defined
ORA-06512: at "MRVMM.PKG_MRV_INICIATIVA_MITIGACION", line 4392
ORA-06512: at line 1
25/02/2020 10:37:40 a.m.: [Método: System.Data.IDataReader System.Data.IDbCommand.ExecuteReader(System.Data.CommandBehavior), Línea: 0] - ORA-00918: column ambiguously defined
ORA-06512: at "MRVMM.PKG_MRV_INICIATIVA_MITIGACION", line 4392
ORA-06512: at line 1
25/02/2020 10:37:40 a.m.: [Método: System.Data.IDataReader ExecuteReaderWithFlagsFallback(System.Data.IDbCommand, Boolean, System.Data.CommandBehavior), Línea: 0] - ORA-00918: column ambiguously defined
ORA-06512: at "MRVMM.PKG_MRV_INICIATIVA_MITIGACION", line 4392
ORA-06512: at line 1
25/02/2020 10:37:40 a.m.: [Método: Boolean MoveNext(), Línea: 0] - ORA-00918: column ambiguously defined
ORA-06512: at "MRVMM.PKG_MRV_INICIATIVA_MITIGACION", line 4392
ORA-06512: at line 1
25/02/2020 10:37:40 a.m.: [Método: Void .ctor(System.Collections.Generic.IEnumerable`1[T]), Línea: 0] - ORA-00918: column ambiguously defined
ORA-06512: at "MRVMM.PKG_MRV_INICIATIVA_MITIGACION", line 4392
ORA-06512: at line 1
25/02/2020 10:37:40 a.m.: [Método: System.Collections.Generic.List`1[TSource] ToList[TSource](System.Collections.Generic.IEnumerable`1[TSource]), Línea: 0] - ORA-00918: column ambiguously defined
ORA-06512: at "MRVMM.PKG_MRV_INICIATIVA_MITIGACION", line 4392
ORA-06512: at line 1
25/02/2020 10:37:40 a.m.: [Método: System.Collections.Generic.IEnumerable`1[T] Query[T](System.Data.IDbConnection, System.String, System.Object, System.Data.IDbTransaction, Boolean, System.Nullable`1[System.Int32], System.Nullable`1[System.Data.CommandType]), Línea: 0] - ORA-00918: column ambiguously defined
ORA-06512: at "MRVMM.PKG_MRV_INICIATIVA_MITIGACION", line 4392
ORA-06512: at line 1
25/02/2020 10:37:40 a.m.: [Método: System.Collections.Generic.List`1[entidad.minem.gob.pe.IniciativaBE] ListaBusquedaSimplePrivado(entidad.minem.gob.pe.IniciativaBE), Línea: 1350] - ORA-00918: column ambiguously defined
ORA-06512: at "MRVMM.PKG_MRV_INICIATIVA_MITIGACION", line 4392
ORA-06512: at line 1
25/02/2020 11:43:58 a.m.: [Método: Void HandleErrorHelper(Int32, Oracle.DataAccess.Client.OracleConnection, IntPtr, Oracle.DataAccess.Client.OpoSqlValCtx*, System.Object, System.String, Boolean, Int32, Oracle.DataAccess.Client.OracleLogicalTransaction), Línea: 0] - ORA-00936: missing expression
ORA-06512: at "MRVMM.PKG_MRV_INICIATIVA_MITIGACION", line 4328
ORA-06512: at line 1
25/02/2020 11:43:58 a.m.: [Método: Void HandleError(Int32, Oracle.DataAccess.Client.OracleConnection, System.String, IntPtr, Oracle.DataAccess.Client.OpoSqlValCtx*, System.Object, Boolean, Oracle.DataAccess.Client.OracleLogicalTransaction), Línea: 0] - ORA-00936: missing expression
ORA-06512: at "MRVMM.PKG_MRV_INICIATIVA_MITIGACION", line 4328
ORA-06512: at line 1
25/02/2020 11:43:58 a.m.: [Método: Oracle.DataAccess.Client.OracleDataReader ExecuteReader(Boolean, Boolean, System.Data.CommandBehavior), Línea: 0] - ORA-00936: missing expression
ORA-06512: at "MRVMM.PKG_MRV_INICIATIVA_MITIGACION", line 4328
ORA-06512: at line 1
25/02/2020 11:43:58 a.m.: [Método: System.Data.Common.DbDataReader ExecuteDbDataReader(System.Data.CommandBehavior), Línea: 0] - ORA-00936: missing expression
ORA-06512: at "MRVMM.PKG_MRV_INICIATIVA_MITIGACION", line 4328
ORA-06512: at line 1
25/02/2020 11:43:58 a.m.: [Método: System.Data.IDataReader System.Data.IDbCommand.ExecuteReader(System.Data.CommandBehavior), Línea: 0] - ORA-00936: missing expression
ORA-06512: at "MRVMM.PKG_MRV_INICIATIVA_MITIGACION", line 4328
ORA-06512: at line 1
25/02/2020 11:43:58 a.m.: [Método: System.Data.IDataReader ExecuteReaderWithFlagsFallback(System.Data.IDbCommand, Boolean, System.Data.CommandBehavior), Línea: 0] - ORA-00936: missing expression
ORA-06512: at "MRVMM.PKG_MRV_INICIATIVA_MITIGACION", line 4328
ORA-06512: at line 1
25/02/2020 11:43:58 a.m.: [Método: Boolean MoveNext(), Línea: 0] - ORA-00936: missing expression
ORA-06512: at "MRVMM.PKG_MRV_INICIATIVA_MITIGACION", line 4328
ORA-06512: at line 1
25/02/2020 11:43:58 a.m.: [Método: Void .ctor(System.Collections.Generic.IEnumerable`1[T]), Línea: 0] - ORA-00936: missing expression
ORA-06512: at "MRVMM.PKG_MRV_INICIATIVA_MITIGACION", line 4328
ORA-06512: at line 1
25/02/2020 11:43:58 a.m.: [Método: System.Collections.Generic.List`1[TSource] ToList[TSource](System.Collections.Generic.IEnumerable`1[TSource]), Línea: 0] - ORA-00936: missing expression
ORA-06512: at "MRVMM.PKG_MRV_INICIATIVA_MITIGACION", line 4328
ORA-06512: at line 1
25/02/2020 11:43:58 a.m.: [Método: System.Collections.Generic.IEnumerable`1[T] Query[T](System.Data.IDbConnection, System.String, System.Object, System.Data.IDbTransaction, Boolean, System.Nullable`1[System.Int32], System.Nullable`1[System.Data.CommandType]), Línea: 0] - ORA-00936: missing expression
ORA-06512: at "MRVMM.PKG_MRV_INICIATIVA_MITIGACION", line 4328
ORA-06512: at line 1
25/02/2020 11:43:58 a.m.: [Método: System.Collections.Generic.List`1[entidad.minem.gob.pe.IniciativaBE] ListaBusquedaSimplePrivado(entidad.minem.gob.pe.IniciativaBE), Línea: 1343] - ORA-00936: missing expression
ORA-06512: at "MRVMM.PKG_MRV_INICIATIVA_MITIGACION", line 4328
ORA-06512: at line 1
25/02/2020 08:54:58 p.m.: [Método: Void HandleErrorHelper(Int32, Oracle.DataAccess.Client.OracleConnection, IntPtr, Oracle.DataAccess.Client.OpoSqlValCtx*, System.Object, System.String, Boolean, Int32, Oracle.DataAccess.Client.OracleLogicalTransaction), Línea: 0] - ORA-06550: line 1, column 41:
PLS-00302: component 'USP_SEL_VALIDAR_ARCHIVO' must be declared
ORA-06550: line 1, column 7:
PL/SQL: Statement ignored
25/02/2020 08:54:58 p.m.: [Método: Void HandleError(Int32, Oracle.DataAccess.Client.OracleConnection, System.String, IntPtr, Oracle.DataAccess.Client.OpoSqlValCtx*, System.Object, Boolean, Oracle.DataAccess.Client.OracleLogicalTransaction), Línea: 0] - ORA-06550: line 1, column 41:
PLS-00302: component 'USP_SEL_VALIDAR_ARCHIVO' must be declared
ORA-06550: line 1, column 7:
PL/SQL: Statement ignored
25/02/2020 08:54:58 p.m.: [Método: Oracle.DataAccess.Client.OracleDataReader ExecuteReader(Boolean, Boolean, System.Data.CommandBehavior), Línea: 0] - ORA-06550: line 1, column 41:
PLS-00302: component 'USP_SEL_VALIDAR_ARCHIVO' must be declared
ORA-06550: line 1, column 7:
PL/SQL: Statement ignored
25/02/2020 08:54:58 p.m.: [Método: System.Data.Common.DbDataReader ExecuteDbDataReader(System.Data.CommandBehavior), Línea: 0] - ORA-06550: line 1, column 41:
PLS-00302: component 'USP_SEL_VALIDAR_ARCHIVO' must be declared
ORA-06550: line 1, column 7:
PL/SQL: Statement ignored
25/02/2020 08:54:58 p.m.: [Método: System.Data.IDataReader System.Data.IDbCommand.ExecuteReader(System.Data.CommandBehavior), Línea: 0] - ORA-06550: line 1, column 41:
PLS-00302: component 'USP_SEL_VALIDAR_ARCHIVO' must be declared
ORA-06550: line 1, column 7:
PL/SQL: Statement ignored
25/02/2020 08:54:58 p.m.: [Método: System.Data.IDataReader ExecuteReaderWithFlagsFallback(System.Data.IDbCommand, Boolean, System.Data.CommandBehavior), Línea: 0] - ORA-06550: line 1, column 41:
PLS-00302: component 'USP_SEL_VALIDAR_ARCHIVO' must be declared
ORA-06550: line 1, column 7:
PL/SQL: Statement ignored
25/02/2020 08:54:58 p.m.: [Método: Boolean MoveNext(), Línea: 0] - ORA-06550: line 1, column 41:
PLS-00302: component 'USP_SEL_VALIDAR_ARCHIVO' must be declared
ORA-06550: line 1, column 7:
PL/SQL: Statement ignored
25/02/2020 08:54:58 p.m.: [Método: Void .ctor(System.Collections.Generic.IEnumerable`1[T]), Línea: 0] - ORA-06550: line 1, column 41:
PLS-00302: component 'USP_SEL_VALIDAR_ARCHIVO' must be declared
ORA-06550: line 1, column 7:
PL/SQL: Statement ignored
25/02/2020 08:54:58 p.m.: [Método: System.Collections.Generic.List`1[TSource] ToList[TSource](System.Collections.Generic.IEnumerable`1[TSource]), Línea: 0] - ORA-06550: line 1, column 41:
PLS-00302: component 'USP_SEL_VALIDAR_ARCHIVO' must be declared
ORA-06550: line 1, column 7:
PL/SQL: Statement ignored
25/02/2020 08:54:58 p.m.: [Método: System.Collections.Generic.IEnumerable`1[T] Query[T](System.Data.IDbConnection, System.String, System.Object, System.Data.IDbTransaction, Boolean, System.Nullable`1[System.Int32], System.Nullable`1[System.Data.CommandType]), Línea: 0] - ORA-06550: line 1, column 41:
PLS-00302: component 'USP_SEL_VALIDAR_ARCHIVO' must be declared
ORA-06550: line 1, column 7:
PL/SQL: Statement ignored
25/02/2020 08:54:58 p.m.: [Método: entidad.minem.gob.pe.IniciativaBE ValidarDetalleArchivo(entidad.minem.gob.pe.IniciativaBE), Línea: 1705] - ORA-06550: line 1, column 41:
PLS-00302: component 'USP_SEL_VALIDAR_ARCHIVO' must be declared
ORA-06550: line 1, column 7:
PL/SQL: Statement ignored
25/02/2020 09:01:17 p.m.: [Método: Void WinIOError(Int32, System.String), Línea: 0] - No se puede encontrar una parte de la ruta de acceso 'C:\inetpub\wwwroot\mrv-minem\Archivos\Sustentatorios\52c3571a-15cb-4fea-bd43-e3f5703b53e6.xlsx'.
25/02/2020 09:01:17 p.m.: [Método: Void Init(System.String, System.IO.FileMode, System.IO.FileAccess, Int32, Boolean, System.IO.FileShare, Int32, System.IO.FileOptions, SECURITY_ATTRIBUTES, System.String, Boolean, Boolean, Boolean), Línea: 0] - No se puede encontrar una parte de la ruta de acceso 'C:\inetpub\wwwroot\mrv-minem\Archivos\Sustentatorios\52c3571a-15cb-4fea-bd43-e3f5703b53e6.xlsx'.
25/02/2020 09:01:17 p.m.: [Método: Void .ctor(System.String, System.IO.FileMode, System.IO.FileAccess, System.IO.FileShare, Int32, System.IO.FileOptions, System.String, Boolean), Línea: 0] - No se puede encontrar una parte de la ruta de acceso 'C:\inetpub\wwwroot\mrv-minem\Archivos\Sustentatorios\52c3571a-15cb-4fea-bd43-e3f5703b53e6.xlsx'.
25/02/2020 09:01:17 p.m.: [Método: Void .ctor(System.String, System.IO.FileMode), Línea: 0] - No se puede encontrar una parte de la ruta de acceso 'C:\inetpub\wwwroot\mrv-minem\Archivos\Sustentatorios\52c3571a-15cb-4fea-bd43-e3f5703b53e6.xlsx'.
25/02/2020 09:01:17 p.m.: [Método: Void SaveAs(System.String), Línea: 0] - No se puede encontrar una parte de la ruta de acceso 'C:\inetpub\wwwroot\mrv-minem\Archivos\Sustentatorios\52c3571a-15cb-4fea-bd43-e3f5703b53e6.xlsx'.
25/02/2020 09:01:17 p.m.: [Método: Void SaveAs(System.String), Línea: 0] - No se puede encontrar una parte de la ruta de acceso 'C:\inetpub\wwwroot\mrv-minem\Archivos\Sustentatorios\52c3571a-15cb-4fea-bd43-e3f5703b53e6.xlsx'.
25/02/2020 09:01:17 p.m.: [Método: System.Web.Mvc.JsonResult RegistrarDetalleIndicador(System.Web.HttpPostedFileBase[], System.Web.HttpPostedFileBase[], entidad.minem.gob.pe.IniciativaBE), Línea: 712] - No se puede encontrar una parte de la ruta de acceso 'C:\inetpub\wwwroot\mrv-minem\Archivos\Sustentatorios\52c3571a-15cb-4fea-bd43-e3f5703b53e6.xlsx'.
25/02/2020 09:01:42 p.m.: [Método: Void WinIOError(Int32, System.String), Línea: 0] - No se puede encontrar una parte de la ruta de acceso 'C:\inetpub\wwwroot\mrv-minem\Archivos\Sustentatorios\19a6a65b-a8c6-4564-b748-63cb2dea9eed.xlsx'.
25/02/2020 09:01:42 p.m.: [Método: Void Init(System.String, System.IO.FileMode, System.IO.FileAccess, Int32, Boolean, System.IO.FileShare, Int32, System.IO.FileOptions, SECURITY_ATTRIBUTES, System.String, Boolean, Boolean, Boolean), Línea: 0] - No se puede encontrar una parte de la ruta de acceso 'C:\inetpub\wwwroot\mrv-minem\Archivos\Sustentatorios\19a6a65b-a8c6-4564-b748-63cb2dea9eed.xlsx'.
25/02/2020 09:01:42 p.m.: [Método: Void .ctor(System.String, System.IO.FileMode, System.IO.FileAccess, System.IO.FileShare, Int32, System.IO.FileOptions, System.String, Boolean), Línea: 0] - No se puede encontrar una parte de la ruta de acceso 'C:\inetpub\wwwroot\mrv-minem\Archivos\Sustentatorios\19a6a65b-a8c6-4564-b748-63cb2dea9eed.xlsx'.
25/02/2020 09:01:42 p.m.: [Método: Void .ctor(System.String, System.IO.FileMode), Línea: 0] - No se puede encontrar una parte de la ruta de acceso 'C:\inetpub\wwwroot\mrv-minem\Archivos\Sustentatorios\19a6a65b-a8c6-4564-b748-63cb2dea9eed.xlsx'.
25/02/2020 09:01:42 p.m.: [Método: Void SaveAs(System.String), Línea: 0] - No se puede encontrar una parte de la ruta de acceso 'C:\inetpub\wwwroot\mrv-minem\Archivos\Sustentatorios\19a6a65b-a8c6-4564-b748-63cb2dea9eed.xlsx'.
25/02/2020 09:01:42 p.m.: [Método: Void SaveAs(System.String), Línea: 0] - No se puede encontrar una parte de la ruta de acceso 'C:\inetpub\wwwroot\mrv-minem\Archivos\Sustentatorios\19a6a65b-a8c6-4564-b748-63cb2dea9eed.xlsx'.
25/02/2020 09:01:42 p.m.: [Método: System.Web.Mvc.JsonResult RegistrarDetalleIndicador(System.Web.HttpPostedFileBase[], System.Web.HttpPostedFileBase[], entidad.minem.gob.pe.IniciativaBE), Línea: 712] - No se puede encontrar una parte de la ruta de acceso 'C:\inetpub\wwwroot\mrv-minem\Archivos\Sustentatorios\19a6a65b-a8c6-4564-b748-63cb2dea9eed.xlsx'.
