27/01/2020 04:28:52: [Método: Void HandleErrorHelper(Int32, Oracle.DataAccess.Client.OracleConnection, IntPtr, Oracle.DataAccess.Client.OpoSqlValCtx*, System.Object, System.String, Boolean, Int32, Oracle.DataAccess.Client.OracleLogicalTransaction), Línea: 0] - ORA-06550: line 1, column 7:
PLS-00306: wrong number or types of arguments in call to 'USP_SEL_LISTA_DET_INDICADOR'
ORA-06550: line 1, column 7:
PL/SQL: Statement ignored
27/01/2020 04:28:52: [Método: Void HandleError(Int32, Oracle.DataAccess.Client.OracleConnection, System.String, IntPtr, Oracle.DataAccess.Client.OpoSqlValCtx*, System.Object, Boolean, Oracle.DataAccess.Client.OracleLogicalTransaction), Línea: 0] - ORA-06550: line 1, column 7:
PLS-00306: wrong number or types of arguments in call to 'USP_SEL_LISTA_DET_INDICADOR'
ORA-06550: line 1, column 7:
PL/SQL: Statement ignored
27/01/2020 04:28:52: [Método: Oracle.DataAccess.Client.OracleDataReader ExecuteReader(Boolean, Boolean, System.Data.CommandBehavior), Línea: 0] - ORA-06550: line 1, column 7:
PLS-00306: wrong number or types of arguments in call to 'USP_SEL_LISTA_DET_INDICADOR'
ORA-06550: line 1, column 7:
PL/SQL: Statement ignored
27/01/2020 04:28:52: [Método: System.Data.Common.DbDataReader ExecuteDbDataReader(System.Data.CommandBehavior), Línea: 0] - ORA-06550: line 1, column 7:
PLS-00306: wrong number or types of arguments in call to 'USP_SEL_LISTA_DET_INDICADOR'
ORA-06550: line 1, column 7:
PL/SQL: Statement ignored
27/01/2020 04:28:52: [Método: System.Data.IDataReader ExecuteReaderWithFlagsFallback(System.Data.IDbCommand, Boolean, System.Data.CommandBehavior), Línea: 0] - ORA-06550: line 1, column 7:
PLS-00306: wrong number or types of arguments in call to 'USP_SEL_LISTA_DET_INDICADOR'
ORA-06550: line 1, column 7:
PL/SQL: Statement ignored
27/01/2020 04:28:52: [Método: Boolean MoveNext(), Línea: 0] - ORA-06550: line 1, column 7:
PLS-00306: wrong number or types of arguments in call to 'USP_SEL_LISTA_DET_INDICADOR'
ORA-06550: line 1, column 7:
PL/SQL: Statement ignored
27/01/2020 04:28:52: [Método: Void .ctor(System.Collections.Generic.IEnumerable`1[T]), Línea: 0] - ORA-06550: line 1, column 7:
PLS-00306: wrong number or types of arguments in call to 'USP_SEL_LISTA_DET_INDICADOR'
ORA-06550: line 1, column 7:
PL/SQL: Statement ignored
27/01/2020 04:28:52: [Método: System.Collections.Generic.List`1[TSource] ToList[TSource](System.Collections.Generic.IEnumerable`1[TSource]), Línea: 0] - ORA-06550: line 1, column 7:
PLS-00306: wrong number or types of arguments in call to 'USP_SEL_LISTA_DET_INDICADOR'
ORA-06550: line 1, column 7:
PL/SQL: Statement ignored
27/01/2020 04:28:52: [Método: System.Collections.Generic.IEnumerable`1[T] Query[T](System.Data.IDbConnection, System.String, System.Object, System.Data.IDbTransaction, Boolean, System.Nullable`1[System.Int32], System.Nullable`1[System.Data.CommandType]), Línea: 0] - ORA-06550: line 1, column 7:
PLS-00306: wrong number or types of arguments in call to 'USP_SEL_LISTA_DET_INDICADOR'
ORA-06550: line 1, column 7:
PL/SQL: Statement ignored
27/01/2020 04:28:52: [Método: entidad.minem.gob.pe.IndicadorBE GetDetalleIndicador(entidad.minem.gob.pe.IndicadorBE), Línea: 456] - ORA-06550: line 1, column 7:
PLS-00306: wrong number or types of arguments in call to 'USP_SEL_LISTA_DET_INDICADOR'
ORA-06550: line 1, column 7:
PL/SQL: Statement ignored
27/01/2020 04:29:37: [Método: Void HandleErrorHelper(Int32, Oracle.DataAccess.Client.OracleConnection, IntPtr, Oracle.DataAccess.Client.OpoSqlValCtx*, System.Object, System.String, Boolean, Int32, Oracle.DataAccess.Client.OracleLogicalTransaction), Línea: 0] - ORA-06550: line 1, column 7:
PLS-00306: wrong number or types of arguments in call to 'USP_SEL_LISTA_DET_INDICADOR'
ORA-06550: line 1, column 7:
PL/SQL: Statement ignored
27/01/2020 04:29:37: [Método: Void HandleError(Int32, Oracle.DataAccess.Client.OracleConnection, System.String, IntPtr, Oracle.DataAccess.Client.OpoSqlValCtx*, System.Object, Boolean, Oracle.DataAccess.Client.OracleLogicalTransaction), Línea: 0] - ORA-06550: line 1, column 7:
PLS-00306: wrong number or types of arguments in call to 'USP_SEL_LISTA_DET_INDICADOR'
ORA-06550: line 1, column 7:
PL/SQL: Statement ignored
27/01/2020 04:29:37: [Método: Oracle.DataAccess.Client.OracleDataReader ExecuteReader(Boolean, Boolean, System.Data.CommandBehavior), Línea: 0] - ORA-06550: line 1, column 7:
PLS-00306: wrong number or types of arguments in call to 'USP_SEL_LISTA_DET_INDICADOR'
ORA-06550: line 1, column 7:
PL/SQL: Statement ignored
27/01/2020 04:29:37: [Método: System.Data.Common.DbDataReader ExecuteDbDataReader(System.Data.CommandBehavior), Línea: 0] - ORA-06550: line 1, column 7:
PLS-00306: wrong number or types of arguments in call to 'USP_SEL_LISTA_DET_INDICADOR'
ORA-06550: line 1, column 7:
PL/SQL: Statement ignored
27/01/2020 04:29:37: [Método: System.Data.IDataReader ExecuteReaderWithFlagsFallback(System.Data.IDbCommand, Boolean, System.Data.CommandBehavior), Línea: 0] - ORA-06550: line 1, column 7:
PLS-00306: wrong number or types of arguments in call to 'USP_SEL_LISTA_DET_INDICADOR'
ORA-06550: line 1, column 7:
PL/SQL: Statement ignored
27/01/2020 04:29:37: [Método: Boolean MoveNext(), Línea: 0] - ORA-06550: line 1, column 7:
PLS-00306: wrong number or types of arguments in call to 'USP_SEL_LISTA_DET_INDICADOR'
ORA-06550: line 1, column 7:
PL/SQL: Statement ignored
27/01/2020 04:29:37: [Método: Void .ctor(System.Collections.Generic.IEnumerable`1[T]), Línea: 0] - ORA-06550: line 1, column 7:
PLS-00306: wrong number or types of arguments in call to 'USP_SEL_LISTA_DET_INDICADOR'
ORA-06550: line 1, column 7:
PL/SQL: Statement ignored
27/01/2020 04:29:37: [Método: System.Collections.Generic.List`1[TSource] ToList[TSource](System.Collections.Generic.IEnumerable`1[TSource]), Línea: 0] - ORA-06550: line 1, column 7:
PLS-00306: wrong number or types of arguments in call to 'USP_SEL_LISTA_DET_INDICADOR'
ORA-06550: line 1, column 7:
PL/SQL: Statement ignored
27/01/2020 04:29:37: [Método: System.Collections.Generic.IEnumerable`1[T] Query[T](System.Data.IDbConnection, System.String, System.Object, System.Data.IDbTransaction, Boolean, System.Nullable`1[System.Int32], System.Nullable`1[System.Data.CommandType]), Línea: 0] - ORA-06550: line 1, column 7:
PLS-00306: wrong number or types of arguments in call to 'USP_SEL_LISTA_DET_INDICADOR'
ORA-06550: line 1, column 7:
PL/SQL: Statement ignored
27/01/2020 04:29:37: [Método: entidad.minem.gob.pe.IndicadorBE GetDetalleIndicador(entidad.minem.gob.pe.IndicadorBE), Línea: 456] - ORA-06550: line 1, column 7:
PLS-00306: wrong number or types of arguments in call to 'USP_SEL_LISTA_DET_INDICADOR'
ORA-06550: line 1, column 7:
PL/SQL: Statement ignored
27/01/2020 04:31:13: [Método: Void HandleErrorHelper(Int32, Oracle.DataAccess.Client.OracleConnection, IntPtr, Oracle.DataAccess.Client.OpoSqlValCtx*, System.Object, System.String, Boolean, Int32, Oracle.DataAccess.Client.OracleLogicalTransaction), Línea: 0] - ORA-06550: line 1, column 7:
PLS-00306: wrong number or types of arguments in call to 'USP_SEL_LISTA_DET_INDICADOR'
ORA-06550: line 1, column 7:
PL/SQL: Statement ignored
27/01/2020 04:31:13: [Método: Void HandleError(Int32, Oracle.DataAccess.Client.OracleConnection, System.String, IntPtr, Oracle.DataAccess.Client.OpoSqlValCtx*, System.Object, Boolean, Oracle.DataAccess.Client.OracleLogicalTransaction), Línea: 0] - ORA-06550: line 1, column 7:
PLS-00306: wrong number or types of arguments in call to 'USP_SEL_LISTA_DET_INDICADOR'
ORA-06550: line 1, column 7:
PL/SQL: Statement ignored
27/01/2020 04:31:13: [Método: Oracle.DataAccess.Client.OracleDataReader ExecuteReader(Boolean, Boolean, System.Data.CommandBehavior), Línea: 0] - ORA-06550: line 1, column 7:
PLS-00306: wrong number or types of arguments in call to 'USP_SEL_LISTA_DET_INDICADOR'
ORA-06550: line 1, column 7:
PL/SQL: Statement ignored
27/01/2020 04:31:13: [Método: System.Data.Common.DbDataReader ExecuteDbDataReader(System.Data.CommandBehavior), Línea: 0] - ORA-06550: line 1, column 7:
PLS-00306: wrong number or types of arguments in call to 'USP_SEL_LISTA_DET_INDICADOR'
ORA-06550: line 1, column 7:
PL/SQL: Statement ignored
27/01/2020 04:31:13: [Método: System.Data.IDataReader ExecuteReaderWithFlagsFallback(System.Data.IDbCommand, Boolean, System.Data.CommandBehavior), Línea: 0] - ORA-06550: line 1, column 7:
PLS-00306: wrong number or types of arguments in call to 'USP_SEL_LISTA_DET_INDICADOR'
ORA-06550: line 1, column 7:
PL/SQL: Statement ignored
27/01/2020 04:31:13: [Método: Boolean MoveNext(), Línea: 0] - ORA-06550: line 1, column 7:
PLS-00306: wrong number or types of arguments in call to 'USP_SEL_LISTA_DET_INDICADOR'
ORA-06550: line 1, column 7:
PL/SQL: Statement ignored
27/01/2020 04:31:13: [Método: Void .ctor(System.Collections.Generic.IEnumerable`1[T]), Línea: 0] - ORA-06550: line 1, column 7:
PLS-00306: wrong number or types of arguments in call to 'USP_SEL_LISTA_DET_INDICADOR'
ORA-06550: line 1, column 7:
PL/SQL: Statement ignored
27/01/2020 04:31:13: [Método: System.Collections.Generic.List`1[TSource] ToList[TSource](System.Collections.Generic.IEnumerable`1[TSource]), Línea: 0] - ORA-06550: line 1, column 7:
PLS-00306: wrong number or types of arguments in call to 'USP_SEL_LISTA_DET_INDICADOR'
ORA-06550: line 1, column 7:
PL/SQL: Statement ignored
27/01/2020 04:31:13: [Método: System.Collections.Generic.IEnumerable`1[T] Query[T](System.Data.IDbConnection, System.String, System.Object, System.Data.IDbTransaction, Boolean, System.Nullable`1[System.Int32], System.Nullable`1[System.Data.CommandType]), Línea: 0] - ORA-06550: line 1, column 7:
PLS-00306: wrong number or types of arguments in call to 'USP_SEL_LISTA_DET_INDICADOR'
ORA-06550: line 1, column 7:
PL/SQL: Statement ignored
27/01/2020 04:31:13: [Método: entidad.minem.gob.pe.IndicadorBE GetDetalleIndicador(entidad.minem.gob.pe.IndicadorBE), Línea: 0] - ORA-06550: line 1, column 7:
PLS-00306: wrong number or types of arguments in call to 'USP_SEL_LISTA_DET_INDICADOR'
ORA-06550: line 1, column 7:
PL/SQL: Statement ignored
27/01/2020 04:56:31: [Método: Void HandleErrorHelper(Int32, Oracle.DataAccess.Client.OracleConnection, IntPtr, Oracle.DataAccess.Client.OpoSqlValCtx*, System.Object, System.String, Boolean, Int32, Oracle.DataAccess.Client.OracleLogicalTransaction), Línea: 0] - ORA-06550: line 1, column 7:
PLS-00114: identifier 'PKG_MRV_DETALLE_INDICADORESUSP' too long
27/01/2020 04:56:31: [Método: Void HandleError(Int32, Oracle.DataAccess.Client.OracleConnection, System.String, IntPtr, Oracle.DataAccess.Client.OpoSqlValCtx*, System.Object, Boolean, Oracle.DataAccess.Client.OracleLogicalTransaction), Línea: 0] - ORA-06550: line 1, column 7:
PLS-00114: identifier 'PKG_MRV_DETALLE_INDICADORESUSP' too long
27/01/2020 04:56:31: [Método: Oracle.DataAccess.Client.OracleDataReader ExecuteReader(Boolean, Boolean, System.Data.CommandBehavior), Línea: 0] - ORA-06550: line 1, column 7:
PLS-00114: identifier 'PKG_MRV_DETALLE_INDICADORESUSP' too long
27/01/2020 04:56:31: [Método: System.Data.Common.DbDataReader ExecuteDbDataReader(System.Data.CommandBehavior), Línea: 0] - ORA-06550: line 1, column 7:
PLS-00114: identifier 'PKG_MRV_DETALLE_INDICADORESUSP' too long
27/01/2020 04:56:31: [Método: System.Data.IDataReader ExecuteReaderWithFlagsFallback(System.Data.IDbCommand, Boolean, System.Data.CommandBehavior), Línea: 0] - ORA-06550: line 1, column 7:
PLS-00114: identifier 'PKG_MRV_DETALLE_INDICADORESUSP' too long
27/01/2020 04:56:31: [Método: Boolean MoveNext(), Línea: 0] - ORA-06550: line 1, column 7:
PLS-00114: identifier 'PKG_MRV_DETALLE_INDICADORESUSP' too long
27/01/2020 04:56:31: [Método: Void .ctor(System.Collections.Generic.IEnumerable`1[T]), Línea: 0] - ORA-06550: line 1, column 7:
PLS-00114: identifier 'PKG_MRV_DETALLE_INDICADORESUSP' too long
27/01/2020 04:56:31: [Método: System.Collections.Generic.List`1[TSource] ToList[TSource](System.Collections.Generic.IEnumerable`1[TSource]), Línea: 0] - ORA-06550: line 1, column 7:
PLS-00114: identifier 'PKG_MRV_DETALLE_INDICADORESUSP' too long
27/01/2020 04:56:31: [Método: System.Collections.Generic.IEnumerable`1[T] Query[T](System.Data.IDbConnection, System.String, System.Object, System.Data.IDbTransaction, Boolean, System.Nullable`1[System.Int32], System.Nullable`1[System.Data.CommandType]), Línea: 0] - ORA-06550: line 1, column 7:
PLS-00114: identifier 'PKG_MRV_DETALLE_INDICADORESUSP' too long
27/01/2020 04:56:31: [Método: System.Collections.Generic.List`1[entidad.minem.gob.pe.SustentoIniciativaBE] ListaSustentoIniciativa(entidad.minem.gob.pe.IniciativaBE), Línea: 489] - ORA-06550: line 1, column 7:
PLS-00114: identifier 'PKG_MRV_DETALLE_INDICADORESUSP' too long
27/01/2020 04:59:16: [Método: Void HandleErrorHelper(Int32, Oracle.DataAccess.Client.OracleConnection, IntPtr, Oracle.DataAccess.Client.OpoSqlValCtx*, System.Object, System.String, Boolean, Int32, Oracle.DataAccess.Client.OracleLogicalTransaction), Línea: 0] - ORA-06550: line 1, column 7:
PLS-00114: identifier 'PKG_MRV_DETALLE_INDICADORESUSP' too long
27/01/2020 04:59:16: [Método: Void HandleError(Int32, Oracle.DataAccess.Client.OracleConnection, System.String, IntPtr, Oracle.DataAccess.Client.OpoSqlValCtx*, System.Object, Boolean, Oracle.DataAccess.Client.OracleLogicalTransaction), Línea: 0] - ORA-06550: line 1, column 7:
PLS-00114: identifier 'PKG_MRV_DETALLE_INDICADORESUSP' too long
27/01/2020 04:59:16: [Método: Oracle.DataAccess.Client.OracleDataReader ExecuteReader(Boolean, Boolean, System.Data.CommandBehavior), Línea: 0] - ORA-06550: line 1, column 7:
PLS-00114: identifier 'PKG_MRV_DETALLE_INDICADORESUSP' too long
27/01/2020 04:59:16: [Método: System.Data.Common.DbDataReader ExecuteDbDataReader(System.Data.CommandBehavior), Línea: 0] - ORA-06550: line 1, column 7:
PLS-00114: identifier 'PKG_MRV_DETALLE_INDICADORESUSP' too long
27/01/2020 04:59:16: [Método: System.Data.IDataReader ExecuteReaderWithFlagsFallback(System.Data.IDbCommand, Boolean, System.Data.CommandBehavior), Línea: 0] - ORA-06550: line 1, column 7:
PLS-00114: identifier 'PKG_MRV_DETALLE_INDICADORESUSP' too long
27/01/2020 04:59:16: [Método: Boolean MoveNext(), Línea: 0] - ORA-06550: line 1, column 7:
PLS-00114: identifier 'PKG_MRV_DETALLE_INDICADORESUSP' too long
27/01/2020 04:59:16: [Método: Void .ctor(System.Collections.Generic.IEnumerable`1[T]), Línea: 0] - ORA-06550: line 1, column 7:
PLS-00114: identifier 'PKG_MRV_DETALLE_INDICADORESUSP' too long
27/01/2020 04:59:16: [Método: System.Collections.Generic.List`1[TSource] ToList[TSource](System.Collections.Generic.IEnumerable`1[TSource]), Línea: 0] - ORA-06550: line 1, column 7:
PLS-00114: identifier 'PKG_MRV_DETALLE_INDICADORESUSP' too long
27/01/2020 04:59:16: [Método: System.Collections.Generic.IEnumerable`1[T] Query[T](System.Data.IDbConnection, System.String, System.Object, System.Data.IDbTransaction, Boolean, System.Nullable`1[System.Int32], System.Nullable`1[System.Data.CommandType]), Línea: 0] - ORA-06550: line 1, column 7:
PLS-00114: identifier 'PKG_MRV_DETALLE_INDICADORESUSP' too long
27/01/2020 04:59:16: [Método: System.Collections.Generic.List`1[entidad.minem.gob.pe.SustentoIniciativaBE] ListaSustentoIniciativa(entidad.minem.gob.pe.IniciativaBE), Línea: 0] - ORA-06550: line 1, column 7:
PLS-00114: identifier 'PKG_MRV_DETALLE_INDICADORESUSP' too long
