06/05/2020 16:47:39: [Método: Void HandleErrorHelper(Int32, Oracle.DataAccess.Client.OracleConnection, IntPtr, Oracle.DataAccess.Client.OpoSqlValCtx*, System.Object, System.String, Boolean, Int32, Oracle.DataAccess.Client.OracleLogicalTransaction), Línea: 0] - ORA-12899: el valor es demasiado grande para la columna "MRVMM"."T_MAED_INDICADOR_ADJUNTO"."ADJUNTO_BASE" (real: 126, máximo: 100)
ORA-06512: en "MRVMM.PKG_MRV_DETALLE_INDICADORES", línea 1545
ORA-06512: en línea 1
06/05/2020 16:47:39: [Método: Void HandleError(Int32, Oracle.DataAccess.Client.OracleConnection, System.String, IntPtr, Oracle.DataAccess.Client.OpoSqlValCtx*, System.Object, Boolean, Oracle.DataAccess.Client.OracleLogicalTransaction), Línea: 0] - ORA-12899: el valor es demasiado grande para la columna "MRVMM"."T_MAED_INDICADOR_ADJUNTO"."ADJUNTO_BASE" (real: 126, máximo: 100)
ORA-06512: en "MRVMM.PKG_MRV_DETALLE_INDICADORES", línea 1545
ORA-06512: en línea 1
06/05/2020 16:47:39: [Método: Int32 ExecuteNonQuery(), Línea: 0] - ORA-12899: el valor es demasiado grande para la columna "MRVMM"."T_MAED_INDICADOR_ADJUNTO"."ADJUNTO_BASE" (real: 126, máximo: 100)
ORA-06512: en "MRVMM.PKG_MRV_DETALLE_INDICADORES", línea 1545
ORA-06512: en línea 1
06/05/2020 16:47:39: [Método: Int32 ExecuteCommand(System.Data.IDbConnection, Dapper.CommandDefinition ByRef, System.Action`2[System.Data.IDbCommand,System.Object]), Línea: 0] - ORA-12899: el valor es demasiado grande para la columna "MRVMM"."T_MAED_INDICADOR_ADJUNTO"."ADJUNTO_BASE" (real: 126, máximo: 100)
ORA-06512: en "MRVMM.PKG_MRV_DETALLE_INDICADORES", línea 1545
ORA-06512: en línea 1
06/05/2020 16:47:39: [Método: Int32 ExecuteImpl(System.Data.IDbConnection, Dapper.CommandDefinition ByRef), Línea: 0] - ORA-12899: el valor es demasiado grande para la columna "MRVMM"."T_MAED_INDICADOR_ADJUNTO"."ADJUNTO_BASE" (real: 126, máximo: 100)
ORA-06512: en "MRVMM.PKG_MRV_DETALLE_INDICADORES", línea 1545
ORA-06512: en línea 1
06/05/2020 16:47:39: [Método: Int32 Execute(System.Data.IDbConnection, System.String, System.Object, System.Data.IDbTransaction, System.Nullable`1[System.Int32], System.Nullable`1[System.Data.CommandType]), Línea: 0] - ORA-12899: el valor es demasiado grande para la columna "MRVMM"."T_MAED_INDICADOR_ADJUNTO"."ADJUNTO_BASE" (real: 126, máximo: 100)
ORA-06512: en "MRVMM.PKG_MRV_DETALLE_INDICADORES", línea 1545
ORA-06512: en línea 1
06/05/2020 16:47:39: [Método: entidad.minem.gob.pe.IndicadorArchivoBE RegistrarArchivoDetalleIndicador(entidad.minem.gob.pe.IndicadorArchivoBE), Línea: 31] - ORA-12899: el valor es demasiado grande para la columna "MRVMM"."T_MAED_INDICADOR_ADJUNTO"."ADJUNTO_BASE" (real: 126, máximo: 100)
ORA-06512: en "MRVMM.PKG_MRV_DETALLE_INDICADORES", línea 1545
ORA-06512: en línea 1
06/05/2020 16:47:39: [Método: Void HandleErrorHelper(Int32, Oracle.DataAccess.Client.OracleConnection, IntPtr, Oracle.DataAccess.Client.OpoSqlValCtx*, System.Object, System.String, Boolean, Int32, Oracle.DataAccess.Client.OracleLogicalTransaction), Línea: 0] - ORA-12899: el valor es demasiado grande para la columna "MRVMM"."T_GEND_INICIATIVA_SUSTENTA"."ADJUNTO_BASE" (real: 126, máximo: 100)
ORA-06512: en "MRVMM.PKG_MRV_DETALLE_INDICADORES", línea 320
ORA-06512: en línea 1
06/05/2020 16:47:39: [Método: Void HandleError(Int32, Oracle.DataAccess.Client.OracleConnection, System.String, IntPtr, Oracle.DataAccess.Client.OpoSqlValCtx*, System.Object, Boolean, Oracle.DataAccess.Client.OracleLogicalTransaction), Línea: 0] - ORA-12899: el valor es demasiado grande para la columna "MRVMM"."T_GEND_INICIATIVA_SUSTENTA"."ADJUNTO_BASE" (real: 126, máximo: 100)
ORA-06512: en "MRVMM.PKG_MRV_DETALLE_INDICADORES", línea 320
ORA-06512: en línea 1
06/05/2020 16:47:39: [Método: Int32 ExecuteNonQuery(), Línea: 0] - ORA-12899: el valor es demasiado grande para la columna "MRVMM"."T_GEND_INICIATIVA_SUSTENTA"."ADJUNTO_BASE" (real: 126, máximo: 100)
ORA-06512: en "MRVMM.PKG_MRV_DETALLE_INDICADORES", línea 320
ORA-06512: en línea 1
06/05/2020 16:47:39: [Método: Int32 ExecuteCommand(System.Data.IDbConnection, Dapper.CommandDefinition ByRef, System.Action`2[System.Data.IDbCommand,System.Object]), Línea: 0] - ORA-12899: el valor es demasiado grande para la columna "MRVMM"."T_GEND_INICIATIVA_SUSTENTA"."ADJUNTO_BASE" (real: 126, máximo: 100)
ORA-06512: en "MRVMM.PKG_MRV_DETALLE_INDICADORES", línea 320
ORA-06512: en línea 1
06/05/2020 16:47:39: [Método: Int32 ExecuteImpl(System.Data.IDbConnection, Dapper.CommandDefinition ByRef), Línea: 0] - ORA-12899: el valor es demasiado grande para la columna "MRVMM"."T_GEND_INICIATIVA_SUSTENTA"."ADJUNTO_BASE" (real: 126, máximo: 100)
ORA-06512: en "MRVMM.PKG_MRV_DETALLE_INDICADORES", línea 320
ORA-06512: en línea 1
06/05/2020 16:47:39: [Método: Int32 Execute(System.Data.IDbConnection, System.String, System.Object, System.Data.IDbTransaction, System.Nullable`1[System.Int32], System.Nullable`1[System.Data.CommandType]), Línea: 0] - ORA-12899: el valor es demasiado grande para la columna "MRVMM"."T_GEND_INICIATIVA_SUSTENTA"."ADJUNTO_BASE" (real: 126, máximo: 100)
ORA-06512: en "MRVMM.PKG_MRV_DETALLE_INDICADORES", línea 320
ORA-06512: en línea 1
06/05/2020 16:47:39: [Método: entidad.minem.gob.pe.SustentoIniciativaBE RegistrarSustentoIniciativa(entidad.minem.gob.pe.SustentoIniciativaBE), Línea: 549] - ORA-12899: el valor es demasiado grande para la columna "MRVMM"."T_GEND_INICIATIVA_SUSTENTA"."ADJUNTO_BASE" (real: 126, máximo: 100)
ORA-06512: en "MRVMM.PKG_MRV_DETALLE_INDICADORES", línea 320
ORA-06512: en línea 1
