28/02/2020 12:10:48 a.m.: [Método: Void HandleErrorHelper(Int32, Oracle.DataAccess.Client.OracleConnection, IntPtr, Oracle.DataAccess.Client.OpoSqlValCtx*, System.Object, System.String, Boolean, Int32, Oracle.DataAccess.Client.OracleLogicalTransaction), Línea: 0] - ORA-00936: falta una expresión
ORA-06512: en "MRVMM.PKG_MRV_MANTENIMIENTO", línea 878
ORA-06512: en línea 1
28/02/2020 12:10:48 a.m.: [Método: Void HandleError(Int32, Oracle.DataAccess.Client.OracleConnection, System.String, IntPtr, Oracle.DataAccess.Client.OpoSqlValCtx*, System.Object, Boolean, Oracle.DataAccess.Client.OracleLogicalTransaction), Línea: 0] - ORA-00936: falta una expresión
ORA-06512: en "MRVMM.PKG_MRV_MANTENIMIENTO", línea 878
ORA-06512: en línea 1
28/02/2020 12:10:48 a.m.: [Método: Oracle.DataAccess.Client.OracleDataReader ExecuteReader(Boolean, Boolean, System.Data.CommandBehavior), Línea: 0] - ORA-00936: falta una expresión
ORA-06512: en "MRVMM.PKG_MRV_MANTENIMIENTO", línea 878
ORA-06512: en línea 1
28/02/2020 12:10:48 a.m.: [Método: System.Data.Common.DbDataReader ExecuteDbDataReader(System.Data.CommandBehavior), Línea: 0] - ORA-00936: falta una expresión
ORA-06512: en "MRVMM.PKG_MRV_MANTENIMIENTO", línea 878
ORA-06512: en línea 1
28/02/2020 12:10:48 a.m.: [Método: System.Data.IDataReader System.Data.IDbCommand.ExecuteReader(System.Data.CommandBehavior), Línea: 0] - ORA-00936: falta una expresión
ORA-06512: en "MRVMM.PKG_MRV_MANTENIMIENTO", línea 878
ORA-06512: en línea 1
28/02/2020 12:10:48 a.m.: [Método: System.Data.IDataReader ExecuteReaderWithFlagsFallback(System.Data.IDbCommand, Boolean, System.Data.CommandBehavior), Línea: 0] - ORA-00936: falta una expresión
ORA-06512: en "MRVMM.PKG_MRV_MANTENIMIENTO", línea 878
ORA-06512: en línea 1
28/02/2020 12:10:48 a.m.: [Método: Boolean MoveNext(), Línea: 0] - ORA-00936: falta una expresión
ORA-06512: en "MRVMM.PKG_MRV_MANTENIMIENTO", línea 878
ORA-06512: en línea 1
28/02/2020 12:10:48 a.m.: [Método: Void .ctor(System.Collections.Generic.IEnumerable`1[T]), Línea: 0] - ORA-00936: falta una expresión
ORA-06512: en "MRVMM.PKG_MRV_MANTENIMIENTO", línea 878
ORA-06512: en línea 1
28/02/2020 12:10:48 a.m.: [Método: System.Collections.Generic.List`1[TSource] ToList[TSource](System.Collections.Generic.IEnumerable`1[TSource]), Línea: 0] - ORA-00936: falta una expresión
ORA-06512: en "MRVMM.PKG_MRV_MANTENIMIENTO", línea 878
ORA-06512: en línea 1
28/02/2020 12:10:48 a.m.: [Método: System.Collections.Generic.IEnumerable`1[T] Query[T](System.Data.IDbConnection, System.String, System.Object, System.Data.IDbTransaction, Boolean, System.Nullable`1[System.Int32], System.Nullable`1[System.Data.CommandType]), Línea: 0] - ORA-00936: falta una expresión
ORA-06512: en "MRVMM.PKG_MRV_MANTENIMIENTO", línea 878
ORA-06512: en línea 1
28/02/2020 12:10:48 a.m.: [Método: System.Collections.Generic.List`1[entidad.minem.gob.pe.SectorInstitucionBE] ListarSectorPaginado(entidad.minem.gob.pe.SectorInstitucionBE), Línea: 60] - ORA-00936: falta una expresión
ORA-06512: en "MRVMM.PKG_MRV_MANTENIMIENTO", línea 878
ORA-06512: en línea 1
28/02/2020 12:10:53 a.m.: [Método: Void HandleErrorHelper(Int32, Oracle.DataAccess.Client.OracleConnection, IntPtr, Oracle.DataAccess.Client.OpoSqlValCtx*, System.Object, System.String, Boolean, Int32, Oracle.DataAccess.Client.OracleLogicalTransaction), Línea: 0] - ORA-00936: falta una expresión
ORA-06512: en "MRVMM.PKG_MRV_MANTENIMIENTO", línea 878
ORA-06512: en línea 1
28/02/2020 12:10:53 a.m.: [Método: Void HandleError(Int32, Oracle.DataAccess.Client.OracleConnection, System.String, IntPtr, Oracle.DataAccess.Client.OpoSqlValCtx*, System.Object, Boolean, Oracle.DataAccess.Client.OracleLogicalTransaction), Línea: 0] - ORA-00936: falta una expresión
ORA-06512: en "MRVMM.PKG_MRV_MANTENIMIENTO", línea 878
ORA-06512: en línea 1
28/02/2020 12:10:53 a.m.: [Método: Oracle.DataAccess.Client.OracleDataReader ExecuteReader(Boolean, Boolean, System.Data.CommandBehavior), Línea: 0] - ORA-00936: falta una expresión
ORA-06512: en "MRVMM.PKG_MRV_MANTENIMIENTO", línea 878
ORA-06512: en línea 1
28/02/2020 12:10:53 a.m.: [Método: System.Data.Common.DbDataReader ExecuteDbDataReader(System.Data.CommandBehavior), Línea: 0] - ORA-00936: falta una expresión
ORA-06512: en "MRVMM.PKG_MRV_MANTENIMIENTO", línea 878
ORA-06512: en línea 1
28/02/2020 12:10:53 a.m.: [Método: System.Data.IDataReader System.Data.IDbCommand.ExecuteReader(System.Data.CommandBehavior), Línea: 0] - ORA-00936: falta una expresión
ORA-06512: en "MRVMM.PKG_MRV_MANTENIMIENTO", línea 878
ORA-06512: en línea 1
28/02/2020 12:10:53 a.m.: [Método: System.Data.IDataReader ExecuteReaderWithFlagsFallback(System.Data.IDbCommand, Boolean, System.Data.CommandBehavior), Línea: 0] - ORA-00936: falta una expresión
ORA-06512: en "MRVMM.PKG_MRV_MANTENIMIENTO", línea 878
ORA-06512: en línea 1
28/02/2020 12:10:53 a.m.: [Método: Boolean MoveNext(), Línea: 0] - ORA-00936: falta una expresión
ORA-06512: en "MRVMM.PKG_MRV_MANTENIMIENTO", línea 878
ORA-06512: en línea 1
28/02/2020 12:10:53 a.m.: [Método: Void .ctor(System.Collections.Generic.IEnumerable`1[T]), Línea: 0] - ORA-00936: falta una expresión
ORA-06512: en "MRVMM.PKG_MRV_MANTENIMIENTO", línea 878
ORA-06512: en línea 1
28/02/2020 12:10:53 a.m.: [Método: System.Collections.Generic.List`1[TSource] ToList[TSource](System.Collections.Generic.IEnumerable`1[TSource]), Línea: 0] - ORA-00936: falta una expresión
ORA-06512: en "MRVMM.PKG_MRV_MANTENIMIENTO", línea 878
ORA-06512: en línea 1
28/02/2020 12:10:53 a.m.: [Método: System.Collections.Generic.IEnumerable`1[T] Query[T](System.Data.IDbConnection, System.String, System.Object, System.Data.IDbTransaction, Boolean, System.Nullable`1[System.Int32], System.Nullable`1[System.Data.CommandType]), Línea: 0] - ORA-00936: falta una expresión
ORA-06512: en "MRVMM.PKG_MRV_MANTENIMIENTO", línea 878
ORA-06512: en línea 1
28/02/2020 12:10:53 a.m.: [Método: System.Collections.Generic.List`1[entidad.minem.gob.pe.SectorInstitucionBE] ListarSectorPaginado(entidad.minem.gob.pe.SectorInstitucionBE), Línea: 60] - ORA-00936: falta una expresión
ORA-06512: en "MRVMM.PKG_MRV_MANTENIMIENTO", línea 878
ORA-06512: en línea 1
28/02/2020 12:10:55 a.m.: [Método: Void HandleErrorHelper(Int32, Oracle.DataAccess.Client.OracleConnection, IntPtr, Oracle.DataAccess.Client.OpoSqlValCtx*, System.Object, System.String, Boolean, Int32, Oracle.DataAccess.Client.OracleLogicalTransaction), Línea: 0] - ORA-00936: falta una expresión
ORA-06512: en "MRVMM.PKG_MRV_MANTENIMIENTO", línea 878
ORA-06512: en línea 1
28/02/2020 12:10:55 a.m.: [Método: Void HandleError(Int32, Oracle.DataAccess.Client.OracleConnection, System.String, IntPtr, Oracle.DataAccess.Client.OpoSqlValCtx*, System.Object, Boolean, Oracle.DataAccess.Client.OracleLogicalTransaction), Línea: 0] - ORA-00936: falta una expresión
ORA-06512: en "MRVMM.PKG_MRV_MANTENIMIENTO", línea 878
ORA-06512: en línea 1
28/02/2020 12:10:55 a.m.: [Método: Oracle.DataAccess.Client.OracleDataReader ExecuteReader(Boolean, Boolean, System.Data.CommandBehavior), Línea: 0] - ORA-00936: falta una expresión
ORA-06512: en "MRVMM.PKG_MRV_MANTENIMIENTO", línea 878
ORA-06512: en línea 1
28/02/2020 12:10:55 a.m.: [Método: System.Data.Common.DbDataReader ExecuteDbDataReader(System.Data.CommandBehavior), Línea: 0] - ORA-00936: falta una expresión
ORA-06512: en "MRVMM.PKG_MRV_MANTENIMIENTO", línea 878
ORA-06512: en línea 1
28/02/2020 12:10:55 a.m.: [Método: System.Data.IDataReader System.Data.IDbCommand.ExecuteReader(System.Data.CommandBehavior), Línea: 0] - ORA-00936: falta una expresión
ORA-06512: en "MRVMM.PKG_MRV_MANTENIMIENTO", línea 878
ORA-06512: en línea 1
28/02/2020 12:10:55 a.m.: [Método: System.Data.IDataReader ExecuteReaderWithFlagsFallback(System.Data.IDbCommand, Boolean, System.Data.CommandBehavior), Línea: 0] - ORA-00936: falta una expresión
ORA-06512: en "MRVMM.PKG_MRV_MANTENIMIENTO", línea 878
ORA-06512: en línea 1
28/02/2020 12:10:55 a.m.: [Método: Boolean MoveNext(), Línea: 0] - ORA-00936: falta una expresión
ORA-06512: en "MRVMM.PKG_MRV_MANTENIMIENTO", línea 878
ORA-06512: en línea 1
28/02/2020 12:10:55 a.m.: [Método: Void .ctor(System.Collections.Generic.IEnumerable`1[T]), Línea: 0] - ORA-00936: falta una expresión
ORA-06512: en "MRVMM.PKG_MRV_MANTENIMIENTO", línea 878
ORA-06512: en línea 1
28/02/2020 12:10:55 a.m.: [Método: System.Collections.Generic.List`1[TSource] ToList[TSource](System.Collections.Generic.IEnumerable`1[TSource]), Línea: 0] - ORA-00936: falta una expresión
ORA-06512: en "MRVMM.PKG_MRV_MANTENIMIENTO", línea 878
ORA-06512: en línea 1
28/02/2020 12:10:55 a.m.: [Método: System.Collections.Generic.IEnumerable`1[T] Query[T](System.Data.IDbConnection, System.String, System.Object, System.Data.IDbTransaction, Boolean, System.Nullable`1[System.Int32], System.Nullable`1[System.Data.CommandType]), Línea: 0] - ORA-00936: falta una expresión
ORA-06512: en "MRVMM.PKG_MRV_MANTENIMIENTO", línea 878
ORA-06512: en línea 1
28/02/2020 12:10:55 a.m.: [Método: System.Collections.Generic.List`1[entidad.minem.gob.pe.SectorInstitucionBE] ListarSectorPaginado(entidad.minem.gob.pe.SectorInstitucionBE), Línea: 60] - ORA-00936: falta una expresión
ORA-06512: en "MRVMM.PKG_MRV_MANTENIMIENTO", línea 878
ORA-06512: en línea 1
28/02/2020 12:10:56 a.m.: [Método: Void HandleErrorHelper(Int32, Oracle.DataAccess.Client.OracleConnection, IntPtr, Oracle.DataAccess.Client.OpoSqlValCtx*, System.Object, System.String, Boolean, Int32, Oracle.DataAccess.Client.OracleLogicalTransaction), Línea: 0] - ORA-00936: falta una expresión
ORA-06512: en "MRVMM.PKG_MRV_MANTENIMIENTO", línea 878
ORA-06512: en línea 1
28/02/2020 12:10:56 a.m.: [Método: Void HandleError(Int32, Oracle.DataAccess.Client.OracleConnection, System.String, IntPtr, Oracle.DataAccess.Client.OpoSqlValCtx*, System.Object, Boolean, Oracle.DataAccess.Client.OracleLogicalTransaction), Línea: 0] - ORA-00936: falta una expresión
ORA-06512: en "MRVMM.PKG_MRV_MANTENIMIENTO", línea 878
ORA-06512: en línea 1
28/02/2020 12:10:56 a.m.: [Método: Oracle.DataAccess.Client.OracleDataReader ExecuteReader(Boolean, Boolean, System.Data.CommandBehavior), Línea: 0] - ORA-00936: falta una expresión
ORA-06512: en "MRVMM.PKG_MRV_MANTENIMIENTO", línea 878
ORA-06512: en línea 1
28/02/2020 12:10:56 a.m.: [Método: System.Data.Common.DbDataReader ExecuteDbDataReader(System.Data.CommandBehavior), Línea: 0] - ORA-00936: falta una expresión
ORA-06512: en "MRVMM.PKG_MRV_MANTENIMIENTO", línea 878
ORA-06512: en línea 1
28/02/2020 12:10:56 a.m.: [Método: System.Data.IDataReader System.Data.IDbCommand.ExecuteReader(System.Data.CommandBehavior), Línea: 0] - ORA-00936: falta una expresión
ORA-06512: en "MRVMM.PKG_MRV_MANTENIMIENTO", línea 878
ORA-06512: en línea 1
28/02/2020 12:10:56 a.m.: [Método: System.Data.IDataReader ExecuteReaderWithFlagsFallback(System.Data.IDbCommand, Boolean, System.Data.CommandBehavior), Línea: 0] - ORA-00936: falta una expresión
ORA-06512: en "MRVMM.PKG_MRV_MANTENIMIENTO", línea 878
ORA-06512: en línea 1
28/02/2020 12:10:56 a.m.: [Método: Boolean MoveNext(), Línea: 0] - ORA-00936: falta una expresión
ORA-06512: en "MRVMM.PKG_MRV_MANTENIMIENTO", línea 878
ORA-06512: en línea 1
28/02/2020 12:10:56 a.m.: [Método: Void .ctor(System.Collections.Generic.IEnumerable`1[T]), Línea: 0] - ORA-00936: falta una expresión
ORA-06512: en "MRVMM.PKG_MRV_MANTENIMIENTO", línea 878
ORA-06512: en línea 1
28/02/2020 12:10:56 a.m.: [Método: System.Collections.Generic.List`1[TSource] ToList[TSource](System.Collections.Generic.IEnumerable`1[TSource]), Línea: 0] - ORA-00936: falta una expresión
ORA-06512: en "MRVMM.PKG_MRV_MANTENIMIENTO", línea 878
ORA-06512: en línea 1
28/02/2020 12:10:56 a.m.: [Método: System.Collections.Generic.IEnumerable`1[T] Query[T](System.Data.IDbConnection, System.String, System.Object, System.Data.IDbTransaction, Boolean, System.Nullable`1[System.Int32], System.Nullable`1[System.Data.CommandType]), Línea: 0] - ORA-00936: falta una expresión
ORA-06512: en "MRVMM.PKG_MRV_MANTENIMIENTO", línea 878
ORA-06512: en línea 1
28/02/2020 12:10:56 a.m.: [Método: System.Collections.Generic.List`1[entidad.minem.gob.pe.SectorInstitucionBE] ListarSectorPaginado(entidad.minem.gob.pe.SectorInstitucionBE), Línea: 60] - ORA-00936: falta una expresión
ORA-06512: en "MRVMM.PKG_MRV_MANTENIMIENTO", línea 878
ORA-06512: en línea 1
28/02/2020 12:12:23 a.m.: [Método: Void HandleErrorHelper(Int32, Oracle.DataAccess.Client.OracleConnection, IntPtr, Oracle.DataAccess.Client.OpoSqlValCtx*, System.Object, System.String, Boolean, Int32, Oracle.DataAccess.Client.OracleLogicalTransaction), Línea: 0] - ORA-00936: falta una expresión
ORA-06512: en "MRVMM.PKG_MRV_MANTENIMIENTO", línea 878
ORA-06512: en línea 1
28/02/2020 12:12:23 a.m.: [Método: Void HandleError(Int32, Oracle.DataAccess.Client.OracleConnection, System.String, IntPtr, Oracle.DataAccess.Client.OpoSqlValCtx*, System.Object, Boolean, Oracle.DataAccess.Client.OracleLogicalTransaction), Línea: 0] - ORA-00936: falta una expresión
ORA-06512: en "MRVMM.PKG_MRV_MANTENIMIENTO", línea 878
ORA-06512: en línea 1
28/02/2020 12:12:23 a.m.: [Método: Oracle.DataAccess.Client.OracleDataReader ExecuteReader(Boolean, Boolean, System.Data.CommandBehavior), Línea: 0] - ORA-00936: falta una expresión
ORA-06512: en "MRVMM.PKG_MRV_MANTENIMIENTO", línea 878
ORA-06512: en línea 1
28/02/2020 12:12:23 a.m.: [Método: System.Data.Common.DbDataReader ExecuteDbDataReader(System.Data.CommandBehavior), Línea: 0] - ORA-00936: falta una expresión
ORA-06512: en "MRVMM.PKG_MRV_MANTENIMIENTO", línea 878
ORA-06512: en línea 1
28/02/2020 12:12:23 a.m.: [Método: System.Data.IDataReader System.Data.IDbCommand.ExecuteReader(System.Data.CommandBehavior), Línea: 0] - ORA-00936: falta una expresión
ORA-06512: en "MRVMM.PKG_MRV_MANTENIMIENTO", línea 878
ORA-06512: en línea 1
28/02/2020 12:12:23 a.m.: [Método: System.Data.IDataReader ExecuteReaderWithFlagsFallback(System.Data.IDbCommand, Boolean, System.Data.CommandBehavior), Línea: 0] - ORA-00936: falta una expresión
ORA-06512: en "MRVMM.PKG_MRV_MANTENIMIENTO", línea 878
ORA-06512: en línea 1
28/02/2020 12:12:23 a.m.: [Método: Boolean MoveNext(), Línea: 0] - ORA-00936: falta una expresión
ORA-06512: en "MRVMM.PKG_MRV_MANTENIMIENTO", línea 878
ORA-06512: en línea 1
28/02/2020 12:12:23 a.m.: [Método: Void .ctor(System.Collections.Generic.IEnumerable`1[T]), Línea: 0] - ORA-00936: falta una expresión
ORA-06512: en "MRVMM.PKG_MRV_MANTENIMIENTO", línea 878
ORA-06512: en línea 1
28/02/2020 12:12:23 a.m.: [Método: System.Collections.Generic.List`1[TSource] ToList[TSource](System.Collections.Generic.IEnumerable`1[TSource]), Línea: 0] - ORA-00936: falta una expresión
ORA-06512: en "MRVMM.PKG_MRV_MANTENIMIENTO", línea 878
ORA-06512: en línea 1
28/02/2020 12:12:23 a.m.: [Método: System.Collections.Generic.IEnumerable`1[T] Query[T](System.Data.IDbConnection, System.String, System.Object, System.Data.IDbTransaction, Boolean, System.Nullable`1[System.Int32], System.Nullable`1[System.Data.CommandType]), Línea: 0] - ORA-00936: falta una expresión
ORA-06512: en "MRVMM.PKG_MRV_MANTENIMIENTO", línea 878
ORA-06512: en línea 1
28/02/2020 12:12:23 a.m.: [Método: System.Collections.Generic.List`1[entidad.minem.gob.pe.SectorInstitucionBE] ListarSectorPaginado(entidad.minem.gob.pe.SectorInstitucionBE), Línea: 60] - ORA-00936: falta una expresión
ORA-06512: en "MRVMM.PKG_MRV_MANTENIMIENTO", línea 878
ORA-06512: en línea 1
28/02/2020 12:12:28 a.m.: [Método: Void HandleErrorHelper(Int32, Oracle.DataAccess.Client.OracleConnection, IntPtr, Oracle.DataAccess.Client.OpoSqlValCtx*, System.Object, System.String, Boolean, Int32, Oracle.DataAccess.Client.OracleLogicalTransaction), Línea: 0] - ORA-00904: "ID_MEDMIT": identificador no válido
ORA-06512: en "MRVMM.PKG_MRV_MANTENIMIENTO", línea 878
ORA-06512: en línea 1
28/02/2020 12:12:28 a.m.: [Método: Void HandleError(Int32, Oracle.DataAccess.Client.OracleConnection, System.String, IntPtr, Oracle.DataAccess.Client.OpoSqlValCtx*, System.Object, Boolean, Oracle.DataAccess.Client.OracleLogicalTransaction), Línea: 0] - ORA-00904: "ID_MEDMIT": identificador no válido
ORA-06512: en "MRVMM.PKG_MRV_MANTENIMIENTO", línea 878
ORA-06512: en línea 1
28/02/2020 12:12:28 a.m.: [Método: Oracle.DataAccess.Client.OracleDataReader ExecuteReader(Boolean, Boolean, System.Data.CommandBehavior), Línea: 0] - ORA-00904: "ID_MEDMIT": identificador no válido
ORA-06512: en "MRVMM.PKG_MRV_MANTENIMIENTO", línea 878
ORA-06512: en línea 1
28/02/2020 12:12:28 a.m.: [Método: System.Data.Common.DbDataReader ExecuteDbDataReader(System.Data.CommandBehavior), Línea: 0] - ORA-00904: "ID_MEDMIT": identificador no válido
ORA-06512: en "MRVMM.PKG_MRV_MANTENIMIENTO", línea 878
ORA-06512: en línea 1
28/02/2020 12:12:28 a.m.: [Método: System.Data.IDataReader System.Data.IDbCommand.ExecuteReader(System.Data.CommandBehavior), Línea: 0] - ORA-00904: "ID_MEDMIT": identificador no válido
ORA-06512: en "MRVMM.PKG_MRV_MANTENIMIENTO", línea 878
ORA-06512: en línea 1
28/02/2020 12:12:28 a.m.: [Método: System.Data.IDataReader ExecuteReaderWithFlagsFallback(System.Data.IDbCommand, Boolean, System.Data.CommandBehavior), Línea: 0] - ORA-00904: "ID_MEDMIT": identificador no válido
ORA-06512: en "MRVMM.PKG_MRV_MANTENIMIENTO", línea 878
ORA-06512: en línea 1
28/02/2020 12:12:28 a.m.: [Método: Boolean MoveNext(), Línea: 0] - ORA-00904: "ID_MEDMIT": identificador no válido
ORA-06512: en "MRVMM.PKG_MRV_MANTENIMIENTO", línea 878
ORA-06512: en línea 1
28/02/2020 12:12:28 a.m.: [Método: Void .ctor(System.Collections.Generic.IEnumerable`1[T]), Línea: 0] - ORA-00904: "ID_MEDMIT": identificador no válido
ORA-06512: en "MRVMM.PKG_MRV_MANTENIMIENTO", línea 878
ORA-06512: en línea 1
28/02/2020 12:12:28 a.m.: [Método: System.Collections.Generic.List`1[TSource] ToList[TSource](System.Collections.Generic.IEnumerable`1[TSource]), Línea: 0] - ORA-00904: "ID_MEDMIT": identificador no válido
ORA-06512: en "MRVMM.PKG_MRV_MANTENIMIENTO", línea 878
ORA-06512: en línea 1
28/02/2020 12:12:28 a.m.: [Método: System.Collections.Generic.IEnumerable`1[T] Query[T](System.Data.IDbConnection, System.String, System.Object, System.Data.IDbTransaction, Boolean, System.Nullable`1[System.Int32], System.Nullable`1[System.Data.CommandType]), Línea: 0] - ORA-00904: "ID_MEDMIT": identificador no válido
ORA-06512: en "MRVMM.PKG_MRV_MANTENIMIENTO", línea 878
ORA-06512: en línea 1
28/02/2020 12:12:28 a.m.: [Método: System.Collections.Generic.List`1[entidad.minem.gob.pe.SectorInstitucionBE] ListarSectorPaginado(entidad.minem.gob.pe.SectorInstitucionBE), Línea: 60] - ORA-00904: "ID_MEDMIT": identificador no válido
ORA-06512: en "MRVMM.PKG_MRV_MANTENIMIENTO", línea 878
ORA-06512: en línea 1
28/02/2020 12:12:29 a.m.: [Método: Void HandleErrorHelper(Int32, Oracle.DataAccess.Client.OracleConnection, IntPtr, Oracle.DataAccess.Client.OpoSqlValCtx*, System.Object, System.String, Boolean, Int32, Oracle.DataAccess.Client.OracleLogicalTransaction), Línea: 0] - ORA-00904: "ID_MEDMIT": identificador no válido
ORA-06512: en "MRVMM.PKG_MRV_MANTENIMIENTO", línea 878
ORA-06512: en línea 1
28/02/2020 12:12:29 a.m.: [Método: Void HandleError(Int32, Oracle.DataAccess.Client.OracleConnection, System.String, IntPtr, Oracle.DataAccess.Client.OpoSqlValCtx*, System.Object, Boolean, Oracle.DataAccess.Client.OracleLogicalTransaction), Línea: 0] - ORA-00904: "ID_MEDMIT": identificador no válido
ORA-06512: en "MRVMM.PKG_MRV_MANTENIMIENTO", línea 878
ORA-06512: en línea 1
28/02/2020 12:12:29 a.m.: [Método: Oracle.DataAccess.Client.OracleDataReader ExecuteReader(Boolean, Boolean, System.Data.CommandBehavior), Línea: 0] - ORA-00904: "ID_MEDMIT": identificador no válido
ORA-06512: en "MRVMM.PKG_MRV_MANTENIMIENTO", línea 878
ORA-06512: en línea 1
28/02/2020 12:12:29 a.m.: [Método: System.Data.Common.DbDataReader ExecuteDbDataReader(System.Data.CommandBehavior), Línea: 0] - ORA-00904: "ID_MEDMIT": identificador no válido
ORA-06512: en "MRVMM.PKG_MRV_MANTENIMIENTO", línea 878
ORA-06512: en línea 1
28/02/2020 12:12:29 a.m.: [Método: System.Data.IDataReader System.Data.IDbCommand.ExecuteReader(System.Data.CommandBehavior), Línea: 0] - ORA-00904: "ID_MEDMIT": identificador no válido
ORA-06512: en "MRVMM.PKG_MRV_MANTENIMIENTO", línea 878
ORA-06512: en línea 1
28/02/2020 12:12:29 a.m.: [Método: System.Data.IDataReader ExecuteReaderWithFlagsFallback(System.Data.IDbCommand, Boolean, System.Data.CommandBehavior), Línea: 0] - ORA-00904: "ID_MEDMIT": identificador no válido
ORA-06512: en "MRVMM.PKG_MRV_MANTENIMIENTO", línea 878
ORA-06512: en línea 1
28/02/2020 12:12:29 a.m.: [Método: Boolean MoveNext(), Línea: 0] - ORA-00904: "ID_MEDMIT": identificador no válido
ORA-06512: en "MRVMM.PKG_MRV_MANTENIMIENTO", línea 878
ORA-06512: en línea 1
28/02/2020 12:12:29 a.m.: [Método: Void .ctor(System.Collections.Generic.IEnumerable`1[T]), Línea: 0] - ORA-00904: "ID_MEDMIT": identificador no válido
ORA-06512: en "MRVMM.PKG_MRV_MANTENIMIENTO", línea 878
ORA-06512: en línea 1
28/02/2020 12:12:29 a.m.: [Método: System.Collections.Generic.List`1[TSource] ToList[TSource](System.Collections.Generic.IEnumerable`1[TSource]), Línea: 0] - ORA-00904: "ID_MEDMIT": identificador no válido
ORA-06512: en "MRVMM.PKG_MRV_MANTENIMIENTO", línea 878
ORA-06512: en línea 1
28/02/2020 12:12:29 a.m.: [Método: System.Collections.Generic.IEnumerable`1[T] Query[T](System.Data.IDbConnection, System.String, System.Object, System.Data.IDbTransaction, Boolean, System.Nullable`1[System.Int32], System.Nullable`1[System.Data.CommandType]), Línea: 0] - ORA-00904: "ID_MEDMIT": identificador no válido
ORA-06512: en "MRVMM.PKG_MRV_MANTENIMIENTO", línea 878
ORA-06512: en línea 1
28/02/2020 12:12:29 a.m.: [Método: System.Collections.Generic.List`1[entidad.minem.gob.pe.SectorInstitucionBE] ListarSectorPaginado(entidad.minem.gob.pe.SectorInstitucionBE), Línea: 60] - ORA-00904: "ID_MEDMIT": identificador no válido
ORA-06512: en "MRVMM.PKG_MRV_MANTENIMIENTO", línea 878
ORA-06512: en línea 1
28/02/2020 12:12:31 a.m.: [Método: Void HandleErrorHelper(Int32, Oracle.DataAccess.Client.OracleConnection, IntPtr, Oracle.DataAccess.Client.OpoSqlValCtx*, System.Object, System.String, Boolean, Int32, Oracle.DataAccess.Client.OracleLogicalTransaction), Línea: 0] - ORA-00904: "ID_MEDMIT": identificador no válido
ORA-06512: en "MRVMM.PKG_MRV_MANTENIMIENTO", línea 878
ORA-06512: en línea 1
28/02/2020 12:12:31 a.m.: [Método: Void HandleError(Int32, Oracle.DataAccess.Client.OracleConnection, System.String, IntPtr, Oracle.DataAccess.Client.OpoSqlValCtx*, System.Object, Boolean, Oracle.DataAccess.Client.OracleLogicalTransaction), Línea: 0] - ORA-00904: "ID_MEDMIT": identificador no válido
ORA-06512: en "MRVMM.PKG_MRV_MANTENIMIENTO", línea 878
ORA-06512: en línea 1
28/02/2020 12:12:31 a.m.: [Método: Oracle.DataAccess.Client.OracleDataReader ExecuteReader(Boolean, Boolean, System.Data.CommandBehavior), Línea: 0] - ORA-00904: "ID_MEDMIT": identificador no válido
ORA-06512: en "MRVMM.PKG_MRV_MANTENIMIENTO", línea 878
ORA-06512: en línea 1
28/02/2020 12:12:31 a.m.: [Método: System.Data.Common.DbDataReader ExecuteDbDataReader(System.Data.CommandBehavior), Línea: 0] - ORA-00904: "ID_MEDMIT": identificador no válido
ORA-06512: en "MRVMM.PKG_MRV_MANTENIMIENTO", línea 878
ORA-06512: en línea 1
28/02/2020 12:12:31 a.m.: [Método: System.Data.IDataReader System.Data.IDbCommand.ExecuteReader(System.Data.CommandBehavior), Línea: 0] - ORA-00904: "ID_MEDMIT": identificador no válido
ORA-06512: en "MRVMM.PKG_MRV_MANTENIMIENTO", línea 878
ORA-06512: en línea 1
28/02/2020 12:12:31 a.m.: [Método: System.Data.IDataReader ExecuteReaderWithFlagsFallback(System.Data.IDbCommand, Boolean, System.Data.CommandBehavior), Línea: 0] - ORA-00904: "ID_MEDMIT": identificador no válido
ORA-06512: en "MRVMM.PKG_MRV_MANTENIMIENTO", línea 878
ORA-06512: en línea 1
28/02/2020 12:12:31 a.m.: [Método: Boolean MoveNext(), Línea: 0] - ORA-00904: "ID_MEDMIT": identificador no válido
ORA-06512: en "MRVMM.PKG_MRV_MANTENIMIENTO", línea 878
ORA-06512: en línea 1
28/02/2020 12:12:31 a.m.: [Método: Void .ctor(System.Collections.Generic.IEnumerable`1[T]), Línea: 0] - ORA-00904: "ID_MEDMIT": identificador no válido
ORA-06512: en "MRVMM.PKG_MRV_MANTENIMIENTO", línea 878
ORA-06512: en línea 1
28/02/2020 12:12:31 a.m.: [Método: System.Collections.Generic.List`1[TSource] ToList[TSource](System.Collections.Generic.IEnumerable`1[TSource]), Línea: 0] - ORA-00904: "ID_MEDMIT": identificador no válido
ORA-06512: en "MRVMM.PKG_MRV_MANTENIMIENTO", línea 878
ORA-06512: en línea 1
28/02/2020 12:12:31 a.m.: [Método: System.Collections.Generic.IEnumerable`1[T] Query[T](System.Data.IDbConnection, System.String, System.Object, System.Data.IDbTransaction, Boolean, System.Nullable`1[System.Int32], System.Nullable`1[System.Data.CommandType]), Línea: 0] - ORA-00904: "ID_MEDMIT": identificador no válido
ORA-06512: en "MRVMM.PKG_MRV_MANTENIMIENTO", línea 878
ORA-06512: en línea 1
28/02/2020 12:12:31 a.m.: [Método: System.Collections.Generic.List`1[entidad.minem.gob.pe.SectorInstitucionBE] ListarSectorPaginado(entidad.minem.gob.pe.SectorInstitucionBE), Línea: 60] - ORA-00904: "ID_MEDMIT": identificador no válido
ORA-06512: en "MRVMM.PKG_MRV_MANTENIMIENTO", línea 878
ORA-06512: en línea 1
28/02/2020 12:12:46 a.m.: [Método: Void HandleErrorHelper(Int32, Oracle.DataAccess.Client.OracleConnection, IntPtr, Oracle.DataAccess.Client.OpoSqlValCtx*, System.Object, System.String, Boolean, Int32, Oracle.DataAccess.Client.OracleLogicalTransaction), Línea: 0] - ORA-00904: "ID_MEDMIT": identificador no válido
ORA-06512: en "MRVMM.PKG_MRV_MANTENIMIENTO", línea 878
ORA-06512: en línea 1
28/02/2020 12:12:46 a.m.: [Método: Void HandleError(Int32, Oracle.DataAccess.Client.OracleConnection, System.String, IntPtr, Oracle.DataAccess.Client.OpoSqlValCtx*, System.Object, Boolean, Oracle.DataAccess.Client.OracleLogicalTransaction), Línea: 0] - ORA-00904: "ID_MEDMIT": identificador no válido
ORA-06512: en "MRVMM.PKG_MRV_MANTENIMIENTO", línea 878
ORA-06512: en línea 1
28/02/2020 12:12:46 a.m.: [Método: Oracle.DataAccess.Client.OracleDataReader ExecuteReader(Boolean, Boolean, System.Data.CommandBehavior), Línea: 0] - ORA-00904: "ID_MEDMIT": identificador no válido
ORA-06512: en "MRVMM.PKG_MRV_MANTENIMIENTO", línea 878
ORA-06512: en línea 1
28/02/2020 12:12:46 a.m.: [Método: System.Data.Common.DbDataReader ExecuteDbDataReader(System.Data.CommandBehavior), Línea: 0] - ORA-00904: "ID_MEDMIT": identificador no válido
ORA-06512: en "MRVMM.PKG_MRV_MANTENIMIENTO", línea 878
ORA-06512: en línea 1
28/02/2020 12:12:46 a.m.: [Método: System.Data.IDataReader System.Data.IDbCommand.ExecuteReader(System.Data.CommandBehavior), Línea: 0] - ORA-00904: "ID_MEDMIT": identificador no válido
ORA-06512: en "MRVMM.PKG_MRV_MANTENIMIENTO", línea 878
ORA-06512: en línea 1
28/02/2020 12:12:46 a.m.: [Método: System.Data.IDataReader ExecuteReaderWithFlagsFallback(System.Data.IDbCommand, Boolean, System.Data.CommandBehavior), Línea: 0] - ORA-00904: "ID_MEDMIT": identificador no válido
ORA-06512: en "MRVMM.PKG_MRV_MANTENIMIENTO", línea 878
ORA-06512: en línea 1
28/02/2020 12:12:46 a.m.: [Método: Boolean MoveNext(), Línea: 0] - ORA-00904: "ID_MEDMIT": identificador no válido
ORA-06512: en "MRVMM.PKG_MRV_MANTENIMIENTO", línea 878
ORA-06512: en línea 1
28/02/2020 12:12:46 a.m.: [Método: Void .ctor(System.Collections.Generic.IEnumerable`1[T]), Línea: 0] - ORA-00904: "ID_MEDMIT": identificador no válido
ORA-06512: en "MRVMM.PKG_MRV_MANTENIMIENTO", línea 878
ORA-06512: en línea 1
28/02/2020 12:12:46 a.m.: [Método: System.Collections.Generic.List`1[TSource] ToList[TSource](System.Collections.Generic.IEnumerable`1[TSource]), Línea: 0] - ORA-00904: "ID_MEDMIT": identificador no válido
ORA-06512: en "MRVMM.PKG_MRV_MANTENIMIENTO", línea 878
ORA-06512: en línea 1
28/02/2020 12:12:46 a.m.: [Método: System.Collections.Generic.IEnumerable`1[T] Query[T](System.Data.IDbConnection, System.String, System.Object, System.Data.IDbTransaction, Boolean, System.Nullable`1[System.Int32], System.Nullable`1[System.Data.CommandType]), Línea: 0] - ORA-00904: "ID_MEDMIT": identificador no válido
ORA-06512: en "MRVMM.PKG_MRV_MANTENIMIENTO", línea 878
ORA-06512: en línea 1
28/02/2020 12:12:46 a.m.: [Método: System.Collections.Generic.List`1[entidad.minem.gob.pe.SectorInstitucionBE] ListarSectorPaginado(entidad.minem.gob.pe.SectorInstitucionBE), Línea: 60] - ORA-00904: "ID_MEDMIT": identificador no válido
ORA-06512: en "MRVMM.PKG_MRV_MANTENIMIENTO", línea 878
ORA-06512: en línea 1
28/02/2020 07:20:17 a.m.: [Método: Void HandleErrorHelper(Int32, Oracle.DataAccess.Client.OracleConnection, IntPtr, Oracle.DataAccess.Client.OpoSqlValCtx*, System.Object, System.String, Boolean, Int32, Oracle.DataAccess.Client.OracleLogicalTransaction), Línea: 0] - ORA-06550: línea 1, columna 7:
PLS-00306: número o tipos de argumentos erróneos al llamar a 'USP_INS_MEDMIT'
ORA-06550: línea 1, columna 7:
PL/SQL: Statement ignored
28/02/2020 07:20:17 a.m.: [Método: Void HandleError(Int32, Oracle.DataAccess.Client.OracleConnection, System.String, IntPtr, Oracle.DataAccess.Client.OpoSqlValCtx*, System.Object, Boolean, Oracle.DataAccess.Client.OracleLogicalTransaction), Línea: 0] - ORA-06550: línea 1, columna 7:
PLS-00306: número o tipos de argumentos erróneos al llamar a 'USP_INS_MEDMIT'
ORA-06550: línea 1, columna 7:
PL/SQL: Statement ignored
28/02/2020 07:20:17 a.m.: [Método: Int32 ExecuteNonQuery(), Línea: 0] - ORA-06550: línea 1, columna 7:
PLS-00306: número o tipos de argumentos erróneos al llamar a 'USP_INS_MEDMIT'
ORA-06550: línea 1, columna 7:
PL/SQL: Statement ignored
28/02/2020 07:20:17 a.m.: [Método: Int32 ExecuteCommand(System.Data.IDbConnection, Dapper.CommandDefinition ByRef, System.Action`2[System.Data.IDbCommand,System.Object]), Línea: 0] - ORA-06550: línea 1, columna 7:
PLS-00306: número o tipos de argumentos erróneos al llamar a 'USP_INS_MEDMIT'
ORA-06550: línea 1, columna 7:
PL/SQL: Statement ignored
28/02/2020 07:20:17 a.m.: [Método: Int32 ExecuteImpl(System.Data.IDbConnection, Dapper.CommandDefinition ByRef), Línea: 0] - ORA-06550: línea 1, columna 7:
PLS-00306: número o tipos de argumentos erróneos al llamar a 'USP_INS_MEDMIT'
ORA-06550: línea 1, columna 7:
PL/SQL: Statement ignored
28/02/2020 07:20:17 a.m.: [Método: Int32 Execute(System.Data.IDbConnection, System.String, System.Object, System.Data.IDbTransaction, System.Nullable`1[System.Int32], System.Nullable`1[System.Data.CommandType]), Línea: 0] - ORA-06550: línea 1, columna 7:
PLS-00306: número o tipos de argumentos erróneos al llamar a 'USP_INS_MEDMIT'
ORA-06550: línea 1, columna 7:
PL/SQL: Statement ignored
28/02/2020 07:20:17 a.m.: [Método: entidad.minem.gob.pe.MedidaMitigacionBE GuardarMedidaMitigacion(entidad.minem.gob.pe.MedidaMitigacionBE), Línea: 0] - ORA-06550: línea 1, columna 7:
PLS-00306: número o tipos de argumentos erróneos al llamar a 'USP_INS_MEDMIT'
ORA-06550: línea 1, columna 7:
PL/SQL: Statement ignored
28/02/2020 07:41:52 a.m.: [Método: Void HandleErrorHelper(Int32, Oracle.DataAccess.Client.OracleConnection, IntPtr, Oracle.DataAccess.Client.OpoSqlValCtx*, System.Object, System.String, Boolean, Int32, Oracle.DataAccess.Client.OracleLogicalTransaction), Línea: 0] - ORA-00001: restricción única (MRVMM.T_MAE_MEDMIT_PK) violada
ORA-06512: en "MRVMM.PKG_MRV_MANTENIMIENTO", línea 2048
ORA-06512: en línea 1
28/02/2020 07:41:52 a.m.: [Método: Void HandleError(Int32, Oracle.DataAccess.Client.OracleConnection, System.String, IntPtr, Oracle.DataAccess.Client.OpoSqlValCtx*, System.Object, Boolean, Oracle.DataAccess.Client.OracleLogicalTransaction), Línea: 0] - ORA-00001: restricción única (MRVMM.T_MAE_MEDMIT_PK) violada
ORA-06512: en "MRVMM.PKG_MRV_MANTENIMIENTO", línea 2048
ORA-06512: en línea 1
28/02/2020 07:41:52 a.m.: [Método: Int32 ExecuteNonQuery(), Línea: 0] - ORA-00001: restricción única (MRVMM.T_MAE_MEDMIT_PK) violada
ORA-06512: en "MRVMM.PKG_MRV_MANTENIMIENTO", línea 2048
ORA-06512: en línea 1
28/02/2020 07:41:52 a.m.: [Método: Int32 ExecuteCommand(System.Data.IDbConnection, Dapper.CommandDefinition ByRef, System.Action`2[System.Data.IDbCommand,System.Object]), Línea: 0] - ORA-00001: restricción única (MRVMM.T_MAE_MEDMIT_PK) violada
ORA-06512: en "MRVMM.PKG_MRV_MANTENIMIENTO", línea 2048
ORA-06512: en línea 1
28/02/2020 07:41:52 a.m.: [Método: Int32 ExecuteImpl(System.Data.IDbConnection, Dapper.CommandDefinition ByRef), Línea: 0] - ORA-00001: restricción única (MRVMM.T_MAE_MEDMIT_PK) violada
ORA-06512: en "MRVMM.PKG_MRV_MANTENIMIENTO", línea 2048
ORA-06512: en línea 1
28/02/2020 07:41:52 a.m.: [Método: Int32 Execute(System.Data.IDbConnection, System.String, System.Object, System.Data.IDbTransaction, System.Nullable`1[System.Int32], System.Nullable`1[System.Data.CommandType]), Línea: 0] - ORA-00001: restricción única (MRVMM.T_MAE_MEDMIT_PK) violada
ORA-06512: en "MRVMM.PKG_MRV_MANTENIMIENTO", línea 2048
ORA-06512: en línea 1
28/02/2020 07:41:52 a.m.: [Método: entidad.minem.gob.pe.MedidaMitigacionBE GuardarMedidaMitigacion(entidad.minem.gob.pe.MedidaMitigacionBE), Línea: 0] - ORA-00001: restricción única (MRVMM.T_MAE_MEDMIT_PK) violada
ORA-06512: en "MRVMM.PKG_MRV_MANTENIMIENTO", línea 2048
ORA-06512: en línea 1
28/02/2020 11:31:36 a.m.: [Método: Void Open(), Línea: 0] - No se puede obtener acceso al objeto desechado.
Nombre del objeto: 'OracleConnection'.
28/02/2020 11:31:36 a.m.: [Método: Int32 ExecuteCommand(System.Data.IDbConnection, Dapper.CommandDefinition ByRef, System.Action`2[System.Data.IDbCommand,System.Object]), Línea: 0] - No se puede obtener acceso al objeto desechado.
Nombre del objeto: 'OracleConnection'.
28/02/2020 11:31:36 a.m.: [Método: Int32 ExecuteImpl(System.Data.IDbConnection, Dapper.CommandDefinition ByRef), Línea: 0] - No se puede obtener acceso al objeto desechado.
Nombre del objeto: 'OracleConnection'.
28/02/2020 11:31:36 a.m.: [Método: Int32 Execute(System.Data.IDbConnection, System.String, System.Object, System.Data.IDbTransaction, System.Nullable`1[System.Int32], System.Nullable`1[System.Data.CommandType]), Línea: 0] - No se puede obtener acceso al objeto desechado.
Nombre del objeto: 'OracleConnection'.
28/02/2020 11:31:36 a.m.: [Método: entidad.minem.gob.pe.MedidaMitigacionBE GuardarMedidaMitigacion(entidad.minem.gob.pe.MedidaMitigacionBE), Línea: 173] - No se puede obtener acceso al objeto desechado.
Nombre del objeto: 'OracleConnection'.
