10/02/2020 10:58:18 a.m.: [Método: Void HandleErrorHelper(Int32, Oracle.DataAccess.Client.OracleConnection, IntPtr, Oracle.DataAccess.Client.OpoSqlValCtx*, System.Object, System.String, Boolean, Int32, Oracle.DataAccess.Client.OracleLogicalTransaction), Línea: 0] - ORA-04063: package body "MRVMM.PKG_MRV_DETALLE_INDICADORES" has errors
ORA-06508: PL/SQL: could not find program unit being called: "MRVMM.PKG_MRV_DETALLE_INDICADORES"
ORA-06512: at line 1
10/02/2020 10:58:18 a.m.: [Método: Void HandleError(Int32, Oracle.DataAccess.Client.OracleConnection, System.String, IntPtr, Oracle.DataAccess.Client.OpoSqlValCtx*, System.Object, Boolean, Oracle.DataAccess.Client.OracleLogicalTransaction), Línea: 0] - ORA-04063: package body "MRVMM.PKG_MRV_DETALLE_INDICADORES" has errors
ORA-06508: PL/SQL: could not find program unit being called: "MRVMM.PKG_MRV_DETALLE_INDICADORES"
ORA-06512: at line 1
10/02/2020 10:58:18 a.m.: [Método: Oracle.DataAccess.Client.OracleDataReader ExecuteReader(Boolean, Boolean, System.Data.CommandBehavior), Línea: 0] - ORA-04063: package body "MRVMM.PKG_MRV_DETALLE_INDICADORES" has errors
ORA-06508: PL/SQL: could not find program unit being called: "MRVMM.PKG_MRV_DETALLE_INDICADORES"
ORA-06512: at line 1
10/02/2020 10:58:18 a.m.: [Método: System.Data.Common.DbDataReader ExecuteDbDataReader(System.Data.CommandBehavior), Línea: 0] - ORA-04063: package body "MRVMM.PKG_MRV_DETALLE_INDICADORES" has errors
ORA-06508: PL/SQL: could not find program unit being called: "MRVMM.PKG_MRV_DETALLE_INDICADORES"
ORA-06512: at line 1
10/02/2020 10:58:18 a.m.: [Método: System.Data.IDataReader System.Data.IDbCommand.ExecuteReader(System.Data.CommandBehavior), Línea: 0] - ORA-04063: package body "MRVMM.PKG_MRV_DETALLE_INDICADORES" has errors
ORA-06508: PL/SQL: could not find program unit being called: "MRVMM.PKG_MRV_DETALLE_INDICADORES"
ORA-06512: at line 1
10/02/2020 10:58:18 a.m.: [Método: System.Data.IDataReader ExecuteReaderWithFlagsFallback(System.Data.IDbCommand, Boolean, System.Data.CommandBehavior), Línea: 0] - ORA-04063: package body "MRVMM.PKG_MRV_DETALLE_INDICADORES" has errors
ORA-06508: PL/SQL: could not find program unit being called: "MRVMM.PKG_MRV_DETALLE_INDICADORES"
ORA-06512: at line 1
10/02/2020 10:58:18 a.m.: [Método: Boolean MoveNext(), Línea: 0] - ORA-04063: package body "MRVMM.PKG_MRV_DETALLE_INDICADORES" has errors
ORA-06508: PL/SQL: could not find program unit being called: "MRVMM.PKG_MRV_DETALLE_INDICADORES"
ORA-06512: at line 1
10/02/2020 10:58:18 a.m.: [Método: Void .ctor(System.Collections.Generic.IEnumerable`1[T]), Línea: 0] - ORA-04063: package body "MRVMM.PKG_MRV_DETALLE_INDICADORES" has errors
ORA-06508: PL/SQL: could not find program unit being called: "MRVMM.PKG_MRV_DETALLE_INDICADORES"
ORA-06512: at line 1
10/02/2020 10:58:18 a.m.: [Método: System.Collections.Generic.List`1[TSource] ToList[TSource](System.Collections.Generic.IEnumerable`1[TSource]), Línea: 0] - ORA-04063: package body "MRVMM.PKG_MRV_DETALLE_INDICADORES" has errors
ORA-06508: PL/SQL: could not find program unit being called: "MRVMM.PKG_MRV_DETALLE_INDICADORES"
ORA-06512: at line 1
10/02/2020 10:58:18 a.m.: [Método: System.Collections.Generic.IEnumerable`1[T] Query[T](System.Data.IDbConnection, System.String, System.Object, System.Data.IDbTransaction, Boolean, System.Nullable`1[System.Int32], System.Nullable`1[System.Data.CommandType]), Línea: 0] - ORA-04063: package body "MRVMM.PKG_MRV_DETALLE_INDICADORES" has errors
ORA-06508: PL/SQL: could not find program unit being called: "MRVMM.PKG_MRV_DETALLE_INDICADORES"
ORA-06512: at line 1
10/02/2020 10:58:18 a.m.: [Método: System.Collections.Generic.List`1[entidad.minem.gob.pe.SustentoIniciativaBE] ListaSustentoIniciativa(entidad.minem.gob.pe.SustentoIniciativaBE), Línea: 496] - ORA-04063: package body "MRVMM.PKG_MRV_DETALLE_INDICADORES" has errors
ORA-06508: PL/SQL: could not find program unit being called: "MRVMM.PKG_MRV_DETALLE_INDICADORES"
ORA-06512: at line 1
10/02/2020 10:58:26 a.m.: [Método: Void HandleErrorHelper(Int32, Oracle.DataAccess.Client.OracleConnection, IntPtr, Oracle.DataAccess.Client.OpoSqlValCtx*, System.Object, System.String, Boolean, Int32, Oracle.DataAccess.Client.OracleLogicalTransaction), Línea: 0] - ORA-06550: line 1, column 7:
PLS-00306: wrong number or types of arguments in call to 'USP_UPD_INICIATIVA_MITIGACION'
ORA-06550: line 1, column 7:
PL/SQL: Statement ignored
10/02/2020 10:58:26 a.m.: [Método: Void HandleError(Int32, Oracle.DataAccess.Client.OracleConnection, System.String, IntPtr, Oracle.DataAccess.Client.OpoSqlValCtx*, System.Object, Boolean, Oracle.DataAccess.Client.OracleLogicalTransaction), Línea: 0] - ORA-06550: line 1, column 7:
PLS-00306: wrong number or types of arguments in call to 'USP_UPD_INICIATIVA_MITIGACION'
ORA-06550: line 1, column 7:
PL/SQL: Statement ignored
10/02/2020 10:58:26 a.m.: [Método: Int32 ExecuteNonQuery(), Línea: 0] - ORA-06550: line 1, column 7:
PLS-00306: wrong number or types of arguments in call to 'USP_UPD_INICIATIVA_MITIGACION'
ORA-06550: line 1, column 7:
PL/SQL: Statement ignored
10/02/2020 10:58:26 a.m.: [Método: Int32 ExecuteCommand(System.Data.IDbConnection, Dapper.CommandDefinition ByRef, System.Action`2[System.Data.IDbCommand,System.Object]), Línea: 0] - ORA-06550: line 1, column 7:
PLS-00306: wrong number or types of arguments in call to 'USP_UPD_INICIATIVA_MITIGACION'
ORA-06550: line 1, column 7:
PL/SQL: Statement ignored
10/02/2020 10:58:26 a.m.: [Método: Int32 ExecuteImpl(System.Data.IDbConnection, Dapper.CommandDefinition ByRef), Línea: 0] - ORA-06550: line 1, column 7:
PLS-00306: wrong number or types of arguments in call to 'USP_UPD_INICIATIVA_MITIGACION'
ORA-06550: line 1, column 7:
PL/SQL: Statement ignored
10/02/2020 10:58:26 a.m.: [Método: Int32 Execute(System.Data.IDbConnection, System.String, System.Object, System.Data.IDbTransaction, System.Nullable`1[System.Int32], System.Nullable`1[System.Data.CommandType]), Línea: 0] - ORA-06550: line 1, column 7:
PLS-00306: wrong number or types of arguments in call to 'USP_UPD_INICIATIVA_MITIGACION'
ORA-06550: line 1, column 7:
PL/SQL: Statement ignored
10/02/2020 10:58:26 a.m.: [Método: entidad.minem.gob.pe.IniciativaBE ActualizarIniciativaMitigacion(entidad.minem.gob.pe.IniciativaBE), Línea: 208] - ORA-06550: line 1, column 7:
PLS-00306: wrong number or types of arguments in call to 'USP_UPD_INICIATIVA_MITIGACION'
ORA-06550: line 1, column 7:
PL/SQL: Statement ignored
10/02/2020 10:59:58 a.m.: [Método: Void HandleErrorHelper(Int32, Oracle.DataAccess.Client.OracleConnection, IntPtr, Oracle.DataAccess.Client.OpoSqlValCtx*, System.Object, System.String, Boolean, Int32, Oracle.DataAccess.Client.OracleLogicalTransaction), Línea: 0] - ORA-04063: package body "MRVMM.PKG_MRV_DETALLE_INDICADORES" has errors
ORA-06508: PL/SQL: could not find program unit being called: "MRVMM.PKG_MRV_DETALLE_INDICADORES"
ORA-06512: at line 1
10/02/2020 10:59:58 a.m.: [Método: Void HandleError(Int32, Oracle.DataAccess.Client.OracleConnection, System.String, IntPtr, Oracle.DataAccess.Client.OpoSqlValCtx*, System.Object, Boolean, Oracle.DataAccess.Client.OracleLogicalTransaction), Línea: 0] - ORA-04063: package body "MRVMM.PKG_MRV_DETALLE_INDICADORES" has errors
ORA-06508: PL/SQL: could not find program unit being called: "MRVMM.PKG_MRV_DETALLE_INDICADORES"
ORA-06512: at line 1
10/02/2020 10:59:58 a.m.: [Método: Oracle.DataAccess.Client.OracleDataReader ExecuteReader(Boolean, Boolean, System.Data.CommandBehavior), Línea: 0] - ORA-04063: package body "MRVMM.PKG_MRV_DETALLE_INDICADORES" has errors
ORA-06508: PL/SQL: could not find program unit being called: "MRVMM.PKG_MRV_DETALLE_INDICADORES"
ORA-06512: at line 1
10/02/2020 10:59:58 a.m.: [Método: System.Data.Common.DbDataReader ExecuteDbDataReader(System.Data.CommandBehavior), Línea: 0] - ORA-04063: package body "MRVMM.PKG_MRV_DETALLE_INDICADORES" has errors
ORA-06508: PL/SQL: could not find program unit being called: "MRVMM.PKG_MRV_DETALLE_INDICADORES"
ORA-06512: at line 1
10/02/2020 10:59:58 a.m.: [Método: System.Data.IDataReader System.Data.IDbCommand.ExecuteReader(System.Data.CommandBehavior), Línea: 0] - ORA-04063: package body "MRVMM.PKG_MRV_DETALLE_INDICADORES" has errors
ORA-06508: PL/SQL: could not find program unit being called: "MRVMM.PKG_MRV_DETALLE_INDICADORES"
ORA-06512: at line 1
10/02/2020 10:59:58 a.m.: [Método: System.Data.IDataReader ExecuteReaderWithFlagsFallback(System.Data.IDbCommand, Boolean, System.Data.CommandBehavior), Línea: 0] - ORA-04063: package body "MRVMM.PKG_MRV_DETALLE_INDICADORES" has errors
ORA-06508: PL/SQL: could not find program unit being called: "MRVMM.PKG_MRV_DETALLE_INDICADORES"
ORA-06512: at line 1
10/02/2020 10:59:58 a.m.: [Método: Boolean MoveNext(), Línea: 0] - ORA-04063: package body "MRVMM.PKG_MRV_DETALLE_INDICADORES" has errors
ORA-06508: PL/SQL: could not find program unit being called: "MRVMM.PKG_MRV_DETALLE_INDICADORES"
ORA-06512: at line 1
10/02/2020 10:59:58 a.m.: [Método: Void .ctor(System.Collections.Generic.IEnumerable`1[T]), Línea: 0] - ORA-04063: package body "MRVMM.PKG_MRV_DETALLE_INDICADORES" has errors
ORA-06508: PL/SQL: could not find program unit being called: "MRVMM.PKG_MRV_DETALLE_INDICADORES"
ORA-06512: at line 1
10/02/2020 10:59:58 a.m.: [Método: System.Collections.Generic.List`1[TSource] ToList[TSource](System.Collections.Generic.IEnumerable`1[TSource]), Línea: 0] - ORA-04063: package body "MRVMM.PKG_MRV_DETALLE_INDICADORES" has errors
ORA-06508: PL/SQL: could not find program unit being called: "MRVMM.PKG_MRV_DETALLE_INDICADORES"
ORA-06512: at line 1
10/02/2020 10:59:58 a.m.: [Método: System.Collections.Generic.IEnumerable`1[T] Query[T](System.Data.IDbConnection, System.String, System.Object, System.Data.IDbTransaction, Boolean, System.Nullable`1[System.Int32], System.Nullable`1[System.Data.CommandType]), Línea: 0] - ORA-04063: package body "MRVMM.PKG_MRV_DETALLE_INDICADORES" has errors
ORA-06508: PL/SQL: could not find program unit being called: "MRVMM.PKG_MRV_DETALLE_INDICADORES"
ORA-06512: at line 1
10/02/2020 10:59:58 a.m.: [Método: System.Collections.Generic.List`1[entidad.minem.gob.pe.SustentoIniciativaBE] ListaSustentoIniciativa(entidad.minem.gob.pe.SustentoIniciativaBE), Línea: 496] - ORA-04063: package body "MRVMM.PKG_MRV_DETALLE_INDICADORES" has errors
ORA-06508: PL/SQL: could not find program unit being called: "MRVMM.PKG_MRV_DETALLE_INDICADORES"
ORA-06512: at line 1
10/02/2020 11:00:21 a.m.: [Método: Void HandleErrorHelper(Int32, Oracle.DataAccess.Client.OracleConnection, IntPtr, Oracle.DataAccess.Client.OpoSqlValCtx*, System.Object, System.String, Boolean, Int32, Oracle.DataAccess.Client.OracleLogicalTransaction), Línea: 0] - ORA-06550: line 1, column 7:
PLS-00306: wrong number or types of arguments in call to 'USP_UPD_INICIATIVA_MITIGACION'
ORA-06550: line 1, column 7:
PL/SQL: Statement ignored
10/02/2020 11:00:21 a.m.: [Método: Void HandleError(Int32, Oracle.DataAccess.Client.OracleConnection, System.String, IntPtr, Oracle.DataAccess.Client.OpoSqlValCtx*, System.Object, Boolean, Oracle.DataAccess.Client.OracleLogicalTransaction), Línea: 0] - ORA-06550: line 1, column 7:
PLS-00306: wrong number or types of arguments in call to 'USP_UPD_INICIATIVA_MITIGACION'
ORA-06550: line 1, column 7:
PL/SQL: Statement ignored
10/02/2020 11:00:21 a.m.: [Método: Int32 ExecuteNonQuery(), Línea: 0] - ORA-06550: line 1, column 7:
PLS-00306: wrong number or types of arguments in call to 'USP_UPD_INICIATIVA_MITIGACION'
ORA-06550: line 1, column 7:
PL/SQL: Statement ignored
10/02/2020 11:00:21 a.m.: [Método: Int32 ExecuteCommand(System.Data.IDbConnection, Dapper.CommandDefinition ByRef, System.Action`2[System.Data.IDbCommand,System.Object]), Línea: 0] - ORA-06550: line 1, column 7:
PLS-00306: wrong number or types of arguments in call to 'USP_UPD_INICIATIVA_MITIGACION'
ORA-06550: line 1, column 7:
PL/SQL: Statement ignored
10/02/2020 11:00:21 a.m.: [Método: Int32 ExecuteImpl(System.Data.IDbConnection, Dapper.CommandDefinition ByRef), Línea: 0] - ORA-06550: line 1, column 7:
PLS-00306: wrong number or types of arguments in call to 'USP_UPD_INICIATIVA_MITIGACION'
ORA-06550: line 1, column 7:
PL/SQL: Statement ignored
10/02/2020 11:00:21 a.m.: [Método: Int32 Execute(System.Data.IDbConnection, System.String, System.Object, System.Data.IDbTransaction, System.Nullable`1[System.Int32], System.Nullable`1[System.Data.CommandType]), Línea: 0] - ORA-06550: line 1, column 7:
PLS-00306: wrong number or types of arguments in call to 'USP_UPD_INICIATIVA_MITIGACION'
ORA-06550: line 1, column 7:
PL/SQL: Statement ignored
10/02/2020 11:00:21 a.m.: [Método: entidad.minem.gob.pe.IniciativaBE ActualizarIniciativaMitigacion(entidad.minem.gob.pe.IniciativaBE), Línea: 208] - ORA-06550: line 1, column 7:
PLS-00306: wrong number or types of arguments in call to 'USP_UPD_INICIATIVA_MITIGACION'
ORA-06550: line 1, column 7:
PL/SQL: Statement ignored
10/02/2020 11:00:32 a.m.: [Método: Void HandleErrorHelper(Int32, Oracle.DataAccess.Client.OracleConnection, IntPtr, Oracle.DataAccess.Client.OpoSqlValCtx*, System.Object, System.String, Boolean, Int32, Oracle.DataAccess.Client.OracleLogicalTransaction), Línea: 0] - ORA-04063: package body "MRVMM.PKG_MRV_DETALLE_INDICADORES" has errors
ORA-06508: PL/SQL: could not find program unit being called: "MRVMM.PKG_MRV_DETALLE_INDICADORES"
ORA-06512: at line 1
10/02/2020 11:00:32 a.m.: [Método: Void HandleError(Int32, Oracle.DataAccess.Client.OracleConnection, System.String, IntPtr, Oracle.DataAccess.Client.OpoSqlValCtx*, System.Object, Boolean, Oracle.DataAccess.Client.OracleLogicalTransaction), Línea: 0] - ORA-04063: package body "MRVMM.PKG_MRV_DETALLE_INDICADORES" has errors
ORA-06508: PL/SQL: could not find program unit being called: "MRVMM.PKG_MRV_DETALLE_INDICADORES"
ORA-06512: at line 1
10/02/2020 11:00:32 a.m.: [Método: Oracle.DataAccess.Client.OracleDataReader ExecuteReader(Boolean, Boolean, System.Data.CommandBehavior), Línea: 0] - ORA-04063: package body "MRVMM.PKG_MRV_DETALLE_INDICADORES" has errors
ORA-06508: PL/SQL: could not find program unit being called: "MRVMM.PKG_MRV_DETALLE_INDICADORES"
ORA-06512: at line 1
10/02/2020 11:00:32 a.m.: [Método: System.Data.Common.DbDataReader ExecuteDbDataReader(System.Data.CommandBehavior), Línea: 0] - ORA-04063: package body "MRVMM.PKG_MRV_DETALLE_INDICADORES" has errors
ORA-06508: PL/SQL: could not find program unit being called: "MRVMM.PKG_MRV_DETALLE_INDICADORES"
ORA-06512: at line 1
10/02/2020 11:00:32 a.m.: [Método: System.Data.IDataReader System.Data.IDbCommand.ExecuteReader(System.Data.CommandBehavior), Línea: 0] - ORA-04063: package body "MRVMM.PKG_MRV_DETALLE_INDICADORES" has errors
ORA-06508: PL/SQL: could not find program unit being called: "MRVMM.PKG_MRV_DETALLE_INDICADORES"
ORA-06512: at line 1
10/02/2020 11:00:32 a.m.: [Método: System.Data.IDataReader ExecuteReaderWithFlagsFallback(System.Data.IDbCommand, Boolean, System.Data.CommandBehavior), Línea: 0] - ORA-04063: package body "MRVMM.PKG_MRV_DETALLE_INDICADORES" has errors
ORA-06508: PL/SQL: could not find program unit being called: "MRVMM.PKG_MRV_DETALLE_INDICADORES"
ORA-06512: at line 1
10/02/2020 11:00:32 a.m.: [Método: Boolean MoveNext(), Línea: 0] - ORA-04063: package body "MRVMM.PKG_MRV_DETALLE_INDICADORES" has errors
ORA-06508: PL/SQL: could not find program unit being called: "MRVMM.PKG_MRV_DETALLE_INDICADORES"
ORA-06512: at line 1
10/02/2020 11:00:32 a.m.: [Método: Void .ctor(System.Collections.Generic.IEnumerable`1[T]), Línea: 0] - ORA-04063: package body "MRVMM.PKG_MRV_DETALLE_INDICADORES" has errors
ORA-06508: PL/SQL: could not find program unit being called: "MRVMM.PKG_MRV_DETALLE_INDICADORES"
ORA-06512: at line 1
10/02/2020 11:00:32 a.m.: [Método: System.Collections.Generic.List`1[TSource] ToList[TSource](System.Collections.Generic.IEnumerable`1[TSource]), Línea: 0] - ORA-04063: package body "MRVMM.PKG_MRV_DETALLE_INDICADORES" has errors
ORA-06508: PL/SQL: could not find program unit being called: "MRVMM.PKG_MRV_DETALLE_INDICADORES"
ORA-06512: at line 1
10/02/2020 11:00:32 a.m.: [Método: System.Collections.Generic.IEnumerable`1[T] Query[T](System.Data.IDbConnection, System.String, System.Object, System.Data.IDbTransaction, Boolean, System.Nullable`1[System.Int32], System.Nullable`1[System.Data.CommandType]), Línea: 0] - ORA-04063: package body "MRVMM.PKG_MRV_DETALLE_INDICADORES" has errors
ORA-06508: PL/SQL: could not find program unit being called: "MRVMM.PKG_MRV_DETALLE_INDICADORES"
ORA-06512: at line 1
10/02/2020 11:00:32 a.m.: [Método: System.Collections.Generic.List`1[entidad.minem.gob.pe.SustentoIniciativaBE] ListaSustentoIniciativa(entidad.minem.gob.pe.SustentoIniciativaBE), Línea: 496] - ORA-04063: package body "MRVMM.PKG_MRV_DETALLE_INDICADORES" has errors
ORA-06508: PL/SQL: could not find program unit being called: "MRVMM.PKG_MRV_DETALLE_INDICADORES"
ORA-06512: at line 1
10/02/2020 11:00:41 a.m.: [Método: Void HandleErrorHelper(Int32, Oracle.DataAccess.Client.OracleConnection, IntPtr, Oracle.DataAccess.Client.OpoSqlValCtx*, System.Object, System.String, Boolean, Int32, Oracle.DataAccess.Client.OracleLogicalTransaction), Línea: 0] - ORA-06550: line 1, column 7:
PLS-00306: wrong number or types of arguments in call to 'USP_UPD_INICIATIVA_MITIGACION'
ORA-06550: line 1, column 7:
PL/SQL: Statement ignored
10/02/2020 11:00:41 a.m.: [Método: Void HandleError(Int32, Oracle.DataAccess.Client.OracleConnection, System.String, IntPtr, Oracle.DataAccess.Client.OpoSqlValCtx*, System.Object, Boolean, Oracle.DataAccess.Client.OracleLogicalTransaction), Línea: 0] - ORA-06550: line 1, column 7:
PLS-00306: wrong number or types of arguments in call to 'USP_UPD_INICIATIVA_MITIGACION'
ORA-06550: line 1, column 7:
PL/SQL: Statement ignored
10/02/2020 11:00:41 a.m.: [Método: Int32 ExecuteNonQuery(), Línea: 0] - ORA-06550: line 1, column 7:
PLS-00306: wrong number or types of arguments in call to 'USP_UPD_INICIATIVA_MITIGACION'
ORA-06550: line 1, column 7:
PL/SQL: Statement ignored
10/02/2020 11:00:41 a.m.: [Método: Int32 ExecuteCommand(System.Data.IDbConnection, Dapper.CommandDefinition ByRef, System.Action`2[System.Data.IDbCommand,System.Object]), Línea: 0] - ORA-06550: line 1, column 7:
PLS-00306: wrong number or types of arguments in call to 'USP_UPD_INICIATIVA_MITIGACION'
ORA-06550: line 1, column 7:
PL/SQL: Statement ignored
10/02/2020 11:00:41 a.m.: [Método: Int32 ExecuteImpl(System.Data.IDbConnection, Dapper.CommandDefinition ByRef), Línea: 0] - ORA-06550: line 1, column 7:
PLS-00306: wrong number or types of arguments in call to 'USP_UPD_INICIATIVA_MITIGACION'
ORA-06550: line 1, column 7:
PL/SQL: Statement ignored
10/02/2020 11:00:41 a.m.: [Método: Int32 Execute(System.Data.IDbConnection, System.String, System.Object, System.Data.IDbTransaction, System.Nullable`1[System.Int32], System.Nullable`1[System.Data.CommandType]), Línea: 0] - ORA-06550: line 1, column 7:
PLS-00306: wrong number or types of arguments in call to 'USP_UPD_INICIATIVA_MITIGACION'
ORA-06550: line 1, column 7:
PL/SQL: Statement ignored
10/02/2020 11:00:41 a.m.: [Método: entidad.minem.gob.pe.IniciativaBE ActualizarIniciativaMitigacion(entidad.minem.gob.pe.IniciativaBE), Línea: 208] - ORA-06550: line 1, column 7:
PLS-00306: wrong number or types of arguments in call to 'USP_UPD_INICIATIVA_MITIGACION'
ORA-06550: line 1, column 7:
PL/SQL: Statement ignored
10/02/2020 11:02:41 a.m.: [Método: Void HandleErrorHelper(Int32, Oracle.DataAccess.Client.OracleConnection, IntPtr, Oracle.DataAccess.Client.OpoSqlValCtx*, System.Object, System.String, Boolean, Int32, Oracle.DataAccess.Client.OracleLogicalTransaction), Línea: 0] - ORA-04063: package body "MRVMM.PKG_MRV_DETALLE_INDICADORES" has errors
ORA-06508: PL/SQL: could not find program unit being called: "MRVMM.PKG_MRV_DETALLE_INDICADORES"
ORA-06512: at line 1
10/02/2020 11:02:41 a.m.: [Método: Void HandleError(Int32, Oracle.DataAccess.Client.OracleConnection, System.String, IntPtr, Oracle.DataAccess.Client.OpoSqlValCtx*, System.Object, Boolean, Oracle.DataAccess.Client.OracleLogicalTransaction), Línea: 0] - ORA-04063: package body "MRVMM.PKG_MRV_DETALLE_INDICADORES" has errors
ORA-06508: PL/SQL: could not find program unit being called: "MRVMM.PKG_MRV_DETALLE_INDICADORES"
ORA-06512: at line 1
10/02/2020 11:02:41 a.m.: [Método: Oracle.DataAccess.Client.OracleDataReader ExecuteReader(Boolean, Boolean, System.Data.CommandBehavior), Línea: 0] - ORA-04063: package body "MRVMM.PKG_MRV_DETALLE_INDICADORES" has errors
ORA-06508: PL/SQL: could not find program unit being called: "MRVMM.PKG_MRV_DETALLE_INDICADORES"
ORA-06512: at line 1
10/02/2020 11:02:41 a.m.: [Método: System.Data.Common.DbDataReader ExecuteDbDataReader(System.Data.CommandBehavior), Línea: 0] - ORA-04063: package body "MRVMM.PKG_MRV_DETALLE_INDICADORES" has errors
ORA-06508: PL/SQL: could not find program unit being called: "MRVMM.PKG_MRV_DETALLE_INDICADORES"
ORA-06512: at line 1
10/02/2020 11:02:41 a.m.: [Método: System.Data.IDataReader System.Data.IDbCommand.ExecuteReader(System.Data.CommandBehavior), Línea: 0] - ORA-04063: package body "MRVMM.PKG_MRV_DETALLE_INDICADORES" has errors
ORA-06508: PL/SQL: could not find program unit being called: "MRVMM.PKG_MRV_DETALLE_INDICADORES"
ORA-06512: at line 1
10/02/2020 11:02:41 a.m.: [Método: System.Data.IDataReader ExecuteReaderWithFlagsFallback(System.Data.IDbCommand, Boolean, System.Data.CommandBehavior), Línea: 0] - ORA-04063: package body "MRVMM.PKG_MRV_DETALLE_INDICADORES" has errors
ORA-06508: PL/SQL: could not find program unit being called: "MRVMM.PKG_MRV_DETALLE_INDICADORES"
ORA-06512: at line 1
10/02/2020 11:02:41 a.m.: [Método: Boolean MoveNext(), Línea: 0] - ORA-04063: package body "MRVMM.PKG_MRV_DETALLE_INDICADORES" has errors
ORA-06508: PL/SQL: could not find program unit being called: "MRVMM.PKG_MRV_DETALLE_INDICADORES"
ORA-06512: at line 1
10/02/2020 11:02:41 a.m.: [Método: Void .ctor(System.Collections.Generic.IEnumerable`1[T]), Línea: 0] - ORA-04063: package body "MRVMM.PKG_MRV_DETALLE_INDICADORES" has errors
ORA-06508: PL/SQL: could not find program unit being called: "MRVMM.PKG_MRV_DETALLE_INDICADORES"
ORA-06512: at line 1
10/02/2020 11:02:41 a.m.: [Método: System.Collections.Generic.List`1[TSource] ToList[TSource](System.Collections.Generic.IEnumerable`1[TSource]), Línea: 0] - ORA-04063: package body "MRVMM.PKG_MRV_DETALLE_INDICADORES" has errors
ORA-06508: PL/SQL: could not find program unit being called: "MRVMM.PKG_MRV_DETALLE_INDICADORES"
ORA-06512: at line 1
10/02/2020 11:02:41 a.m.: [Método: System.Collections.Generic.IEnumerable`1[T] Query[T](System.Data.IDbConnection, System.String, System.Object, System.Data.IDbTransaction, Boolean, System.Nullable`1[System.Int32], System.Nullable`1[System.Data.CommandType]), Línea: 0] - ORA-04063: package body "MRVMM.PKG_MRV_DETALLE_INDICADORES" has errors
ORA-06508: PL/SQL: could not find program unit being called: "MRVMM.PKG_MRV_DETALLE_INDICADORES"
ORA-06512: at line 1
10/02/2020 11:02:41 a.m.: [Método: System.Collections.Generic.List`1[entidad.minem.gob.pe.SustentoIniciativaBE] ListaSustentoIniciativa(entidad.minem.gob.pe.SustentoIniciativaBE), Línea: 496] - ORA-04063: package body "MRVMM.PKG_MRV_DETALLE_INDICADORES" has errors
ORA-06508: PL/SQL: could not find program unit being called: "MRVMM.PKG_MRV_DETALLE_INDICADORES"
ORA-06512: at line 1
10/02/2020 11:02:43 a.m.: [Método: Void HandleErrorHelper(Int32, Oracle.DataAccess.Client.OracleConnection, IntPtr, Oracle.DataAccess.Client.OpoSqlValCtx*, System.Object, System.String, Boolean, Int32, Oracle.DataAccess.Client.OracleLogicalTransaction), Línea: 0] - ORA-04063: package body "MRVMM.PKG_MRV_DETALLE_INDICADORES" has errors
ORA-06508: PL/SQL: could not find program unit being called: "MRVMM.PKG_MRV_DETALLE_INDICADORES"
ORA-06512: at line 1
10/02/2020 11:02:43 a.m.: [Método: Void HandleError(Int32, Oracle.DataAccess.Client.OracleConnection, System.String, IntPtr, Oracle.DataAccess.Client.OpoSqlValCtx*, System.Object, Boolean, Oracle.DataAccess.Client.OracleLogicalTransaction), Línea: 0] - ORA-04063: package body "MRVMM.PKG_MRV_DETALLE_INDICADORES" has errors
ORA-06508: PL/SQL: could not find program unit being called: "MRVMM.PKG_MRV_DETALLE_INDICADORES"
ORA-06512: at line 1
10/02/2020 11:02:43 a.m.: [Método: Oracle.DataAccess.Client.OracleDataReader ExecuteReader(Boolean, Boolean, System.Data.CommandBehavior), Línea: 0] - ORA-04063: package body "MRVMM.PKG_MRV_DETALLE_INDICADORES" has errors
ORA-06508: PL/SQL: could not find program unit being called: "MRVMM.PKG_MRV_DETALLE_INDICADORES"
ORA-06512: at line 1
10/02/2020 11:02:43 a.m.: [Método: System.Data.Common.DbDataReader ExecuteDbDataReader(System.Data.CommandBehavior), Línea: 0] - ORA-04063: package body "MRVMM.PKG_MRV_DETALLE_INDICADORES" has errors
ORA-06508: PL/SQL: could not find program unit being called: "MRVMM.PKG_MRV_DETALLE_INDICADORES"
ORA-06512: at line 1
10/02/2020 11:02:43 a.m.: [Método: System.Data.IDataReader System.Data.IDbCommand.ExecuteReader(System.Data.CommandBehavior), Línea: 0] - ORA-04063: package body "MRVMM.PKG_MRV_DETALLE_INDICADORES" has errors
ORA-06508: PL/SQL: could not find program unit being called: "MRVMM.PKG_MRV_DETALLE_INDICADORES"
ORA-06512: at line 1
10/02/2020 11:02:43 a.m.: [Método: System.Data.IDataReader ExecuteReaderWithFlagsFallback(System.Data.IDbCommand, Boolean, System.Data.CommandBehavior), Línea: 0] - ORA-04063: package body "MRVMM.PKG_MRV_DETALLE_INDICADORES" has errors
ORA-06508: PL/SQL: could not find program unit being called: "MRVMM.PKG_MRV_DETALLE_INDICADORES"
ORA-06512: at line 1
10/02/2020 11:02:43 a.m.: [Método: Boolean MoveNext(), Línea: 0] - ORA-04063: package body "MRVMM.PKG_MRV_DETALLE_INDICADORES" has errors
ORA-06508: PL/SQL: could not find program unit being called: "MRVMM.PKG_MRV_DETALLE_INDICADORES"
ORA-06512: at line 1
10/02/2020 11:02:43 a.m.: [Método: Void .ctor(System.Collections.Generic.IEnumerable`1[T]), Línea: 0] - ORA-04063: package body "MRVMM.PKG_MRV_DETALLE_INDICADORES" has errors
ORA-06508: PL/SQL: could not find program unit being called: "MRVMM.PKG_MRV_DETALLE_INDICADORES"
ORA-06512: at line 1
10/02/2020 11:02:43 a.m.: [Método: System.Collections.Generic.List`1[TSource] ToList[TSource](System.Collections.Generic.IEnumerable`1[TSource]), Línea: 0] - ORA-04063: package body "MRVMM.PKG_MRV_DETALLE_INDICADORES" has errors
ORA-06508: PL/SQL: could not find program unit being called: "MRVMM.PKG_MRV_DETALLE_INDICADORES"
ORA-06512: at line 1
10/02/2020 11:02:43 a.m.: [Método: System.Collections.Generic.IEnumerable`1[T] Query[T](System.Data.IDbConnection, System.String, System.Object, System.Data.IDbTransaction, Boolean, System.Nullable`1[System.Int32], System.Nullable`1[System.Data.CommandType]), Línea: 0] - ORA-04063: package body "MRVMM.PKG_MRV_DETALLE_INDICADORES" has errors
ORA-06508: PL/SQL: could not find program unit being called: "MRVMM.PKG_MRV_DETALLE_INDICADORES"
ORA-06512: at line 1
10/02/2020 11:02:43 a.m.: [Método: System.Collections.Generic.List`1[entidad.minem.gob.pe.SustentoIniciativaBE] ListaSustentoIniciativa(entidad.minem.gob.pe.SustentoIniciativaBE), Línea: 496] - ORA-04063: package body "MRVMM.PKG_MRV_DETALLE_INDICADORES" has errors
ORA-06508: PL/SQL: could not find program unit being called: "MRVMM.PKG_MRV_DETALLE_INDICADORES"
ORA-06512: at line 1
10/02/2020 11:03:05 a.m.: [Método: Void HandleErrorHelper(Int32, Oracle.DataAccess.Client.OracleConnection, IntPtr, Oracle.DataAccess.Client.OpoSqlValCtx*, System.Object, System.String, Boolean, Int32, Oracle.DataAccess.Client.OracleLogicalTransaction), Línea: 0] - ORA-04063: package body "MRVMM.PKG_MRV_DETALLE_INDICADORES" has errors
ORA-06508: PL/SQL: could not find program unit being called: "MRVMM.PKG_MRV_DETALLE_INDICADORES"
ORA-06512: at line 1
10/02/2020 11:03:05 a.m.: [Método: Void HandleError(Int32, Oracle.DataAccess.Client.OracleConnection, System.String, IntPtr, Oracle.DataAccess.Client.OpoSqlValCtx*, System.Object, Boolean, Oracle.DataAccess.Client.OracleLogicalTransaction), Línea: 0] - ORA-04063: package body "MRVMM.PKG_MRV_DETALLE_INDICADORES" has errors
ORA-06508: PL/SQL: could not find program unit being called: "MRVMM.PKG_MRV_DETALLE_INDICADORES"
ORA-06512: at line 1
10/02/2020 11:03:05 a.m.: [Método: Oracle.DataAccess.Client.OracleDataReader ExecuteReader(Boolean, Boolean, System.Data.CommandBehavior), Línea: 0] - ORA-04063: package body "MRVMM.PKG_MRV_DETALLE_INDICADORES" has errors
ORA-06508: PL/SQL: could not find program unit being called: "MRVMM.PKG_MRV_DETALLE_INDICADORES"
ORA-06512: at line 1
10/02/2020 11:03:05 a.m.: [Método: System.Data.Common.DbDataReader ExecuteDbDataReader(System.Data.CommandBehavior), Línea: 0] - ORA-04063: package body "MRVMM.PKG_MRV_DETALLE_INDICADORES" has errors
ORA-06508: PL/SQL: could not find program unit being called: "MRVMM.PKG_MRV_DETALLE_INDICADORES"
ORA-06512: at line 1
10/02/2020 11:03:05 a.m.: [Método: System.Data.IDataReader System.Data.IDbCommand.ExecuteReader(System.Data.CommandBehavior), Línea: 0] - ORA-04063: package body "MRVMM.PKG_MRV_DETALLE_INDICADORES" has errors
ORA-06508: PL/SQL: could not find program unit being called: "MRVMM.PKG_MRV_DETALLE_INDICADORES"
ORA-06512: at line 1
10/02/2020 11:03:05 a.m.: [Método: System.Data.IDataReader ExecuteReaderWithFlagsFallback(System.Data.IDbCommand, Boolean, System.Data.CommandBehavior), Línea: 0] - ORA-04063: package body "MRVMM.PKG_MRV_DETALLE_INDICADORES" has errors
ORA-06508: PL/SQL: could not find program unit being called: "MRVMM.PKG_MRV_DETALLE_INDICADORES"
ORA-06512: at line 1
10/02/2020 11:03:05 a.m.: [Método: Boolean MoveNext(), Línea: 0] - ORA-04063: package body "MRVMM.PKG_MRV_DETALLE_INDICADORES" has errors
ORA-06508: PL/SQL: could not find program unit being called: "MRVMM.PKG_MRV_DETALLE_INDICADORES"
ORA-06512: at line 1
10/02/2020 11:03:05 a.m.: [Método: Void .ctor(System.Collections.Generic.IEnumerable`1[T]), Línea: 0] - ORA-04063: package body "MRVMM.PKG_MRV_DETALLE_INDICADORES" has errors
ORA-06508: PL/SQL: could not find program unit being called: "MRVMM.PKG_MRV_DETALLE_INDICADORES"
ORA-06512: at line 1
10/02/2020 11:03:05 a.m.: [Método: System.Collections.Generic.List`1[TSource] ToList[TSource](System.Collections.Generic.IEnumerable`1[TSource]), Línea: 0] - ORA-04063: package body "MRVMM.PKG_MRV_DETALLE_INDICADORES" has errors
ORA-06508: PL/SQL: could not find program unit being called: "MRVMM.PKG_MRV_DETALLE_INDICADORES"
ORA-06512: at line 1
10/02/2020 11:03:05 a.m.: [Método: System.Collections.Generic.IEnumerable`1[T] Query[T](System.Data.IDbConnection, System.String, System.Object, System.Data.IDbTransaction, Boolean, System.Nullable`1[System.Int32], System.Nullable`1[System.Data.CommandType]), Línea: 0] - ORA-04063: package body "MRVMM.PKG_MRV_DETALLE_INDICADORES" has errors
ORA-06508: PL/SQL: could not find program unit being called: "MRVMM.PKG_MRV_DETALLE_INDICADORES"
ORA-06512: at line 1
10/02/2020 11:03:05 a.m.: [Método: System.Collections.Generic.List`1[entidad.minem.gob.pe.SustentoIniciativaBE] ListaSustentoIniciativa(entidad.minem.gob.pe.SustentoIniciativaBE), Línea: 496] - ORA-04063: package body "MRVMM.PKG_MRV_DETALLE_INDICADORES" has errors
ORA-06508: PL/SQL: could not find program unit being called: "MRVMM.PKG_MRV_DETALLE_INDICADORES"
ORA-06512: at line 1
10/02/2020 11:03:05 a.m.: [Método: Void HandleErrorHelper(Int32, Oracle.DataAccess.Client.OracleConnection, IntPtr, Oracle.DataAccess.Client.OpoSqlValCtx*, System.Object, System.String, Boolean, Int32, Oracle.DataAccess.Client.OracleLogicalTransaction), Línea: 0] - ORA-04063: package body "MRVMM.PKG_MRV_DETALLE_INDICADORES" has errors
ORA-06508: PL/SQL: could not find program unit being called: "MRVMM.PKG_MRV_DETALLE_INDICADORES"
ORA-06512: at line 1
10/02/2020 11:03:05 a.m.: [Método: Void HandleError(Int32, Oracle.DataAccess.Client.OracleConnection, System.String, IntPtr, Oracle.DataAccess.Client.OpoSqlValCtx*, System.Object, Boolean, Oracle.DataAccess.Client.OracleLogicalTransaction), Línea: 0] - ORA-04063: package body "MRVMM.PKG_MRV_DETALLE_INDICADORES" has errors
ORA-06508: PL/SQL: could not find program unit being called: "MRVMM.PKG_MRV_DETALLE_INDICADORES"
ORA-06512: at line 1
10/02/2020 11:03:05 a.m.: [Método: Oracle.DataAccess.Client.OracleDataReader ExecuteReader(Boolean, Boolean, System.Data.CommandBehavior), Línea: 0] - ORA-04063: package body "MRVMM.PKG_MRV_DETALLE_INDICADORES" has errors
ORA-06508: PL/SQL: could not find program unit being called: "MRVMM.PKG_MRV_DETALLE_INDICADORES"
ORA-06512: at line 1
10/02/2020 11:03:05 a.m.: [Método: System.Data.Common.DbDataReader ExecuteDbDataReader(System.Data.CommandBehavior), Línea: 0] - ORA-04063: package body "MRVMM.PKG_MRV_DETALLE_INDICADORES" has errors
ORA-06508: PL/SQL: could not find program unit being called: "MRVMM.PKG_MRV_DETALLE_INDICADORES"
ORA-06512: at line 1
10/02/2020 11:03:05 a.m.: [Método: System.Data.IDataReader System.Data.IDbCommand.ExecuteReader(System.Data.CommandBehavior), Línea: 0] - ORA-04063: package body "MRVMM.PKG_MRV_DETALLE_INDICADORES" has errors
ORA-06508: PL/SQL: could not find program unit being called: "MRVMM.PKG_MRV_DETALLE_INDICADORES"
ORA-06512: at line 1
10/02/2020 11:03:05 a.m.: [Método: System.Data.IDataReader ExecuteReaderWithFlagsFallback(System.Data.IDbCommand, Boolean, System.Data.CommandBehavior), Línea: 0] - ORA-04063: package body "MRVMM.PKG_MRV_DETALLE_INDICADORES" has errors
ORA-06508: PL/SQL: could not find program unit being called: "MRVMM.PKG_MRV_DETALLE_INDICADORES"
ORA-06512: at line 1
10/02/2020 11:03:05 a.m.: [Método: Boolean MoveNext(), Línea: 0] - ORA-04063: package body "MRVMM.PKG_MRV_DETALLE_INDICADORES" has errors
ORA-06508: PL/SQL: could not find program unit being called: "MRVMM.PKG_MRV_DETALLE_INDICADORES"
ORA-06512: at line 1
10/02/2020 11:03:05 a.m.: [Método: Void .ctor(System.Collections.Generic.IEnumerable`1[T]), Línea: 0] - ORA-04063: package body "MRVMM.PKG_MRV_DETALLE_INDICADORES" has errors
ORA-06508: PL/SQL: could not find program unit being called: "MRVMM.PKG_MRV_DETALLE_INDICADORES"
ORA-06512: at line 1
10/02/2020 11:03:05 a.m.: [Método: System.Collections.Generic.List`1[TSource] ToList[TSource](System.Collections.Generic.IEnumerable`1[TSource]), Línea: 0] - ORA-04063: package body "MRVMM.PKG_MRV_DETALLE_INDICADORES" has errors
ORA-06508: PL/SQL: could not find program unit being called: "MRVMM.PKG_MRV_DETALLE_INDICADORES"
ORA-06512: at line 1
10/02/2020 11:03:05 a.m.: [Método: System.Collections.Generic.IEnumerable`1[T] Query[T](System.Data.IDbConnection, System.String, System.Object, System.Data.IDbTransaction, Boolean, System.Nullable`1[System.Int32], System.Nullable`1[System.Data.CommandType]), Línea: 0] - ORA-04063: package body "MRVMM.PKG_MRV_DETALLE_INDICADORES" has errors
ORA-06508: PL/SQL: could not find program unit being called: "MRVMM.PKG_MRV_DETALLE_INDICADORES"
ORA-06512: at line 1
10/02/2020 11:03:05 a.m.: [Método: System.Collections.Generic.List`1[entidad.minem.gob.pe.IndicadorBE] ListarDetalleIndicadorDatos(entidad.minem.gob.pe.IniciativaBE), Línea: 557] - ORA-04063: package body "MRVMM.PKG_MRV_DETALLE_INDICADORES" has errors
ORA-06508: PL/SQL: could not find program unit being called: "MRVMM.PKG_MRV_DETALLE_INDICADORES"
ORA-06512: at line 1
10/02/2020 11:03:10 a.m.: [Método: Void HandleErrorHelper(Int32, Oracle.DataAccess.Client.OracleConnection, IntPtr, Oracle.DataAccess.Client.OpoSqlValCtx*, System.Object, System.String, Boolean, Int32, Oracle.DataAccess.Client.OracleLogicalTransaction), Línea: 0] - ORA-04063: package body "MRVMM.PKG_MRV_DETALLE_INDICADORES" has errors
ORA-06508: PL/SQL: could not find program unit being called: "MRVMM.PKG_MRV_DETALLE_INDICADORES"
ORA-06512: at line 1
10/02/2020 11:03:10 a.m.: [Método: Void HandleError(Int32, Oracle.DataAccess.Client.OracleConnection, System.String, IntPtr, Oracle.DataAccess.Client.OpoSqlValCtx*, System.Object, Boolean, Oracle.DataAccess.Client.OracleLogicalTransaction), Línea: 0] - ORA-04063: package body "MRVMM.PKG_MRV_DETALLE_INDICADORES" has errors
ORA-06508: PL/SQL: could not find program unit being called: "MRVMM.PKG_MRV_DETALLE_INDICADORES"
ORA-06512: at line 1
10/02/2020 11:03:10 a.m.: [Método: Oracle.DataAccess.Client.OracleDataReader ExecuteReader(Boolean, Boolean, System.Data.CommandBehavior), Línea: 0] - ORA-04063: package body "MRVMM.PKG_MRV_DETALLE_INDICADORES" has errors
ORA-06508: PL/SQL: could not find program unit being called: "MRVMM.PKG_MRV_DETALLE_INDICADORES"
ORA-06512: at line 1
10/02/2020 11:03:10 a.m.: [Método: System.Data.Common.DbDataReader ExecuteDbDataReader(System.Data.CommandBehavior), Línea: 0] - ORA-04063: package body "MRVMM.PKG_MRV_DETALLE_INDICADORES" has errors
ORA-06508: PL/SQL: could not find program unit being called: "MRVMM.PKG_MRV_DETALLE_INDICADORES"
ORA-06512: at line 1
10/02/2020 11:03:10 a.m.: [Método: System.Data.IDataReader System.Data.IDbCommand.ExecuteReader(System.Data.CommandBehavior), Línea: 0] - ORA-04063: package body "MRVMM.PKG_MRV_DETALLE_INDICADORES" has errors
ORA-06508: PL/SQL: could not find program unit being called: "MRVMM.PKG_MRV_DETALLE_INDICADORES"
ORA-06512: at line 1
10/02/2020 11:03:10 a.m.: [Método: System.Data.IDataReader ExecuteReaderWithFlagsFallback(System.Data.IDbCommand, Boolean, System.Data.CommandBehavior), Línea: 0] - ORA-04063: package body "MRVMM.PKG_MRV_DETALLE_INDICADORES" has errors
ORA-06508: PL/SQL: could not find program unit being called: "MRVMM.PKG_MRV_DETALLE_INDICADORES"
ORA-06512: at line 1
10/02/2020 11:03:10 a.m.: [Método: Boolean MoveNext(), Línea: 0] - ORA-04063: package body "MRVMM.PKG_MRV_DETALLE_INDICADORES" has errors
ORA-06508: PL/SQL: could not find program unit being called: "MRVMM.PKG_MRV_DETALLE_INDICADORES"
ORA-06512: at line 1
10/02/2020 11:03:10 a.m.: [Método: Void .ctor(System.Collections.Generic.IEnumerable`1[T]), Línea: 0] - ORA-04063: package body "MRVMM.PKG_MRV_DETALLE_INDICADORES" has errors
ORA-06508: PL/SQL: could not find program unit being called: "MRVMM.PKG_MRV_DETALLE_INDICADORES"
ORA-06512: at line 1
10/02/2020 11:03:10 a.m.: [Método: System.Collections.Generic.List`1[TSource] ToList[TSource](System.Collections.Generic.IEnumerable`1[TSource]), Línea: 0] - ORA-04063: package body "MRVMM.PKG_MRV_DETALLE_INDICADORES" has errors
ORA-06508: PL/SQL: could not find program unit being called: "MRVMM.PKG_MRV_DETALLE_INDICADORES"
ORA-06512: at line 1
10/02/2020 11:03:10 a.m.: [Método: System.Collections.Generic.IEnumerable`1[T] Query[T](System.Data.IDbConnection, System.String, System.Object, System.Data.IDbTransaction, Boolean, System.Nullable`1[System.Int32], System.Nullable`1[System.Data.CommandType]), Línea: 0] - ORA-04063: package body "MRVMM.PKG_MRV_DETALLE_INDICADORES" has errors
ORA-06508: PL/SQL: could not find program unit being called: "MRVMM.PKG_MRV_DETALLE_INDICADORES"
ORA-06512: at line 1
10/02/2020 11:03:10 a.m.: [Método: System.Collections.Generic.List`1[entidad.minem.gob.pe.IndicadorBE] ListarDetalleIndicador(entidad.minem.gob.pe.IndicadorBE), Línea: 54] - ORA-04063: package body "MRVMM.PKG_MRV_DETALLE_INDICADORES" has errors
ORA-06508: PL/SQL: could not find program unit being called: "MRVMM.PKG_MRV_DETALLE_INDICADORES"
ORA-06512: at line 1
10/02/2020 11:03:12 a.m.: [Método: Void HandleErrorHelper(Int32, Oracle.DataAccess.Client.OracleConnection, IntPtr, Oracle.DataAccess.Client.OpoSqlValCtx*, System.Object, System.String, Boolean, Int32, Oracle.DataAccess.Client.OracleLogicalTransaction), Línea: 0] - ORA-04063: package body "MRVMM.PKG_MRV_DETALLE_INDICADORES" has errors
ORA-06508: PL/SQL: could not find program unit being called: "MRVMM.PKG_MRV_DETALLE_INDICADORES"
ORA-06512: at line 1
10/02/2020 11:03:12 a.m.: [Método: Void HandleError(Int32, Oracle.DataAccess.Client.OracleConnection, System.String, IntPtr, Oracle.DataAccess.Client.OpoSqlValCtx*, System.Object, Boolean, Oracle.DataAccess.Client.OracleLogicalTransaction), Línea: 0] - ORA-04063: package body "MRVMM.PKG_MRV_DETALLE_INDICADORES" has errors
ORA-06508: PL/SQL: could not find program unit being called: "MRVMM.PKG_MRV_DETALLE_INDICADORES"
ORA-06512: at line 1
10/02/2020 11:03:12 a.m.: [Método: Oracle.DataAccess.Client.OracleDataReader ExecuteReader(Boolean, Boolean, System.Data.CommandBehavior), Línea: 0] - ORA-04063: package body "MRVMM.PKG_MRV_DETALLE_INDICADORES" has errors
ORA-06508: PL/SQL: could not find program unit being called: "MRVMM.PKG_MRV_DETALLE_INDICADORES"
ORA-06512: at line 1
10/02/2020 11:03:12 a.m.: [Método: System.Data.Common.DbDataReader ExecuteDbDataReader(System.Data.CommandBehavior), Línea: 0] - ORA-04063: package body "MRVMM.PKG_MRV_DETALLE_INDICADORES" has errors
ORA-06508: PL/SQL: could not find program unit being called: "MRVMM.PKG_MRV_DETALLE_INDICADORES"
ORA-06512: at line 1
10/02/2020 11:03:12 a.m.: [Método: System.Data.IDataReader System.Data.IDbCommand.ExecuteReader(System.Data.CommandBehavior), Línea: 0] - ORA-04063: package body "MRVMM.PKG_MRV_DETALLE_INDICADORES" has errors
ORA-06508: PL/SQL: could not find program unit being called: "MRVMM.PKG_MRV_DETALLE_INDICADORES"
ORA-06512: at line 1
10/02/2020 11:03:12 a.m.: [Método: System.Data.IDataReader ExecuteReaderWithFlagsFallback(System.Data.IDbCommand, Boolean, System.Data.CommandBehavior), Línea: 0] - ORA-04063: package body "MRVMM.PKG_MRV_DETALLE_INDICADORES" has errors
ORA-06508: PL/SQL: could not find program unit being called: "MRVMM.PKG_MRV_DETALLE_INDICADORES"
ORA-06512: at line 1
10/02/2020 11:03:12 a.m.: [Método: Boolean MoveNext(), Línea: 0] - ORA-04063: package body "MRVMM.PKG_MRV_DETALLE_INDICADORES" has errors
ORA-06508: PL/SQL: could not find program unit being called: "MRVMM.PKG_MRV_DETALLE_INDICADORES"
ORA-06512: at line 1
10/02/2020 11:03:12 a.m.: [Método: Void .ctor(System.Collections.Generic.IEnumerable`1[T]), Línea: 0] - ORA-04063: package body "MRVMM.PKG_MRV_DETALLE_INDICADORES" has errors
ORA-06508: PL/SQL: could not find program unit being called: "MRVMM.PKG_MRV_DETALLE_INDICADORES"
ORA-06512: at line 1
10/02/2020 11:03:12 a.m.: [Método: System.Collections.Generic.List`1[TSource] ToList[TSource](System.Collections.Generic.IEnumerable`1[TSource]), Línea: 0] - ORA-04063: package body "MRVMM.PKG_MRV_DETALLE_INDICADORES" has errors
ORA-06508: PL/SQL: could not find program unit being called: "MRVMM.PKG_MRV_DETALLE_INDICADORES"
ORA-06512: at line 1
10/02/2020 11:03:12 a.m.: [Método: System.Collections.Generic.IEnumerable`1[T] Query[T](System.Data.IDbConnection, System.String, System.Object, System.Data.IDbTransaction, Boolean, System.Nullable`1[System.Int32], System.Nullable`1[System.Data.CommandType]), Línea: 0] - ORA-04063: package body "MRVMM.PKG_MRV_DETALLE_INDICADORES" has errors
ORA-06508: PL/SQL: could not find program unit being called: "MRVMM.PKG_MRV_DETALLE_INDICADORES"
ORA-06512: at line 1
10/02/2020 11:03:12 a.m.: [Método: System.Collections.Generic.List`1[entidad.minem.gob.pe.SustentoIniciativaBE] ListaSustentoIniciativa(entidad.minem.gob.pe.SustentoIniciativaBE), Línea: 496] - ORA-04063: package body "MRVMM.PKG_MRV_DETALLE_INDICADORES" has errors
ORA-06508: PL/SQL: could not find program unit being called: "MRVMM.PKG_MRV_DETALLE_INDICADORES"
ORA-06512: at line 1
10/02/2020 11:06:12 a.m.: [Método: Void HandleErrorHelper(Int32, Oracle.DataAccess.Client.OracleConnection, IntPtr, Oracle.DataAccess.Client.OpoSqlValCtx*, System.Object, System.String, Boolean, Int32, Oracle.DataAccess.Client.OracleLogicalTransaction), Línea: 0] - ORA-04063: package body "MRVMM.PKG_MRV_DETALLE_INDICADORES" has errors
ORA-06508: PL/SQL: could not find program unit being called: "MRVMM.PKG_MRV_DETALLE_INDICADORES"
ORA-06512: at line 1
10/02/2020 11:06:12 a.m.: [Método: Void HandleError(Int32, Oracle.DataAccess.Client.OracleConnection, System.String, IntPtr, Oracle.DataAccess.Client.OpoSqlValCtx*, System.Object, Boolean, Oracle.DataAccess.Client.OracleLogicalTransaction), Línea: 0] - ORA-04063: package body "MRVMM.PKG_MRV_DETALLE_INDICADORES" has errors
ORA-06508: PL/SQL: could not find program unit being called: "MRVMM.PKG_MRV_DETALLE_INDICADORES"
ORA-06512: at line 1
10/02/2020 11:06:12 a.m.: [Método: Oracle.DataAccess.Client.OracleDataReader ExecuteReader(Boolean, Boolean, System.Data.CommandBehavior), Línea: 0] - ORA-04063: package body "MRVMM.PKG_MRV_DETALLE_INDICADORES" has errors
ORA-06508: PL/SQL: could not find program unit being called: "MRVMM.PKG_MRV_DETALLE_INDICADORES"
ORA-06512: at line 1
10/02/2020 11:06:12 a.m.: [Método: System.Data.Common.DbDataReader ExecuteDbDataReader(System.Data.CommandBehavior), Línea: 0] - ORA-04063: package body "MRVMM.PKG_MRV_DETALLE_INDICADORES" has errors
ORA-06508: PL/SQL: could not find program unit being called: "MRVMM.PKG_MRV_DETALLE_INDICADORES"
ORA-06512: at line 1
10/02/2020 11:06:12 a.m.: [Método: System.Data.IDataReader System.Data.IDbCommand.ExecuteReader(System.Data.CommandBehavior), Línea: 0] - ORA-04063: package body "MRVMM.PKG_MRV_DETALLE_INDICADORES" has errors
ORA-06508: PL/SQL: could not find program unit being called: "MRVMM.PKG_MRV_DETALLE_INDICADORES"
ORA-06512: at line 1
10/02/2020 11:06:12 a.m.: [Método: System.Data.IDataReader ExecuteReaderWithFlagsFallback(System.Data.IDbCommand, Boolean, System.Data.CommandBehavior), Línea: 0] - ORA-04063: package body "MRVMM.PKG_MRV_DETALLE_INDICADORES" has errors
ORA-06508: PL/SQL: could not find program unit being called: "MRVMM.PKG_MRV_DETALLE_INDICADORES"
ORA-06512: at line 1
10/02/2020 11:06:12 a.m.: [Método: Boolean MoveNext(), Línea: 0] - ORA-04063: package body "MRVMM.PKG_MRV_DETALLE_INDICADORES" has errors
ORA-06508: PL/SQL: could not find program unit being called: "MRVMM.PKG_MRV_DETALLE_INDICADORES"
ORA-06512: at line 1
10/02/2020 11:06:12 a.m.: [Método: Void .ctor(System.Collections.Generic.IEnumerable`1[T]), Línea: 0] - ORA-04063: package body "MRVMM.PKG_MRV_DETALLE_INDICADORES" has errors
ORA-06508: PL/SQL: could not find program unit being called: "MRVMM.PKG_MRV_DETALLE_INDICADORES"
ORA-06512: at line 1
10/02/2020 11:06:12 a.m.: [Método: System.Collections.Generic.List`1[TSource] ToList[TSource](System.Collections.Generic.IEnumerable`1[TSource]), Línea: 0] - ORA-04063: package body "MRVMM.PKG_MRV_DETALLE_INDICADORES" has errors
ORA-06508: PL/SQL: could not find program unit being called: "MRVMM.PKG_MRV_DETALLE_INDICADORES"
ORA-06512: at line 1
10/02/2020 11:06:12 a.m.: [Método: System.Collections.Generic.IEnumerable`1[T] Query[T](System.Data.IDbConnection, System.String, System.Object, System.Data.IDbTransaction, Boolean, System.Nullable`1[System.Int32], System.Nullable`1[System.Data.CommandType]), Línea: 0] - ORA-04063: package body "MRVMM.PKG_MRV_DETALLE_INDICADORES" has errors
ORA-06508: PL/SQL: could not find program unit being called: "MRVMM.PKG_MRV_DETALLE_INDICADORES"
ORA-06512: at line 1
10/02/2020 11:06:12 a.m.: [Método: System.Collections.Generic.List`1[entidad.minem.gob.pe.IndicadorBE] CalcularIndicador(entidad.minem.gob.pe.IndicadorBE), Línea: 84] - ORA-04063: package body "MRVMM.PKG_MRV_DETALLE_INDICADORES" has errors
ORA-06508: PL/SQL: could not find program unit being called: "MRVMM.PKG_MRV_DETALLE_INDICADORES"
ORA-06512: at line 1
10/02/2020 11:09:19 a.m.: [Método: Void HandleErrorHelper(Int32, Oracle.DataAccess.Client.OracleConnection, IntPtr, Oracle.DataAccess.Client.OpoSqlValCtx*, System.Object, System.String, Boolean, Int32, Oracle.DataAccess.Client.OracleLogicalTransaction), Línea: 0] - ORA-04063: package body "MRVMM.PKG_MRV_DETALLE_INDICADORES" has errors
ORA-06508: PL/SQL: could not find program unit being called: "MRVMM.PKG_MRV_DETALLE_INDICADORES"
ORA-06512: at line 1
10/02/2020 11:09:19 a.m.: [Método: Void HandleError(Int32, Oracle.DataAccess.Client.OracleConnection, System.String, IntPtr, Oracle.DataAccess.Client.OpoSqlValCtx*, System.Object, Boolean, Oracle.DataAccess.Client.OracleLogicalTransaction), Línea: 0] - ORA-04063: package body "MRVMM.PKG_MRV_DETALLE_INDICADORES" has errors
ORA-06508: PL/SQL: could not find program unit being called: "MRVMM.PKG_MRV_DETALLE_INDICADORES"
ORA-06512: at line 1
10/02/2020 11:09:19 a.m.: [Método: Oracle.DataAccess.Client.OracleDataReader ExecuteReader(Boolean, Boolean, System.Data.CommandBehavior), Línea: 0] - ORA-04063: package body "MRVMM.PKG_MRV_DETALLE_INDICADORES" has errors
ORA-06508: PL/SQL: could not find program unit being called: "MRVMM.PKG_MRV_DETALLE_INDICADORES"
ORA-06512: at line 1
10/02/2020 11:09:19 a.m.: [Método: System.Data.Common.DbDataReader ExecuteDbDataReader(System.Data.CommandBehavior), Línea: 0] - ORA-04063: package body "MRVMM.PKG_MRV_DETALLE_INDICADORES" has errors
ORA-06508: PL/SQL: could not find program unit being called: "MRVMM.PKG_MRV_DETALLE_INDICADORES"
ORA-06512: at line 1
10/02/2020 11:09:19 a.m.: [Método: System.Data.IDataReader System.Data.IDbCommand.ExecuteReader(System.Data.CommandBehavior), Línea: 0] - ORA-04063: package body "MRVMM.PKG_MRV_DETALLE_INDICADORES" has errors
ORA-06508: PL/SQL: could not find program unit being called: "MRVMM.PKG_MRV_DETALLE_INDICADORES"
ORA-06512: at line 1
10/02/2020 11:09:19 a.m.: [Método: System.Data.IDataReader ExecuteReaderWithFlagsFallback(System.Data.IDbCommand, Boolean, System.Data.CommandBehavior), Línea: 0] - ORA-04063: package body "MRVMM.PKG_MRV_DETALLE_INDICADORES" has errors
ORA-06508: PL/SQL: could not find program unit being called: "MRVMM.PKG_MRV_DETALLE_INDICADORES"
ORA-06512: at line 1
10/02/2020 11:09:19 a.m.: [Método: Boolean MoveNext(), Línea: 0] - ORA-04063: package body "MRVMM.PKG_MRV_DETALLE_INDICADORES" has errors
ORA-06508: PL/SQL: could not find program unit being called: "MRVMM.PKG_MRV_DETALLE_INDICADORES"
ORA-06512: at line 1
10/02/2020 11:09:19 a.m.: [Método: Void .ctor(System.Collections.Generic.IEnumerable`1[T]), Línea: 0] - ORA-04063: package body "MRVMM.PKG_MRV_DETALLE_INDICADORES" has errors
ORA-06508: PL/SQL: could not find program unit being called: "MRVMM.PKG_MRV_DETALLE_INDICADORES"
ORA-06512: at line 1
10/02/2020 11:09:19 a.m.: [Método: System.Collections.Generic.List`1[TSource] ToList[TSource](System.Collections.Generic.IEnumerable`1[TSource]), Línea: 0] - ORA-04063: package body "MRVMM.PKG_MRV_DETALLE_INDICADORES" has errors
ORA-06508: PL/SQL: could not find program unit being called: "MRVMM.PKG_MRV_DETALLE_INDICADORES"
ORA-06512: at line 1
10/02/2020 11:09:19 a.m.: [Método: System.Collections.Generic.IEnumerable`1[T] Query[T](System.Data.IDbConnection, System.String, System.Object, System.Data.IDbTransaction, Boolean, System.Nullable`1[System.Int32], System.Nullable`1[System.Data.CommandType]), Línea: 0] - ORA-04063: package body "MRVMM.PKG_MRV_DETALLE_INDICADORES" has errors
ORA-06508: PL/SQL: could not find program unit being called: "MRVMM.PKG_MRV_DETALLE_INDICADORES"
ORA-06512: at line 1
10/02/2020 11:09:19 a.m.: [Método: System.Collections.Generic.List`1[entidad.minem.gob.pe.IndicadorBE] CalcularIndicador(entidad.minem.gob.pe.IndicadorBE), Línea: 84] - ORA-04063: package body "MRVMM.PKG_MRV_DETALLE_INDICADORES" has errors
ORA-06508: PL/SQL: could not find program unit being called: "MRVMM.PKG_MRV_DETALLE_INDICADORES"
ORA-06512: at line 1
