8/02/2020 11:22:03: [Método: Void HandleErrorHelper(Int32, Oracle.DataAccess.Client.OracleConnection, IntPtr, Oracle.DataAccess.Client.OpoSqlValCtx*, System.Object, System.String, Boolean, Int32, Oracle.DataAccess.Client.OracleLogicalTransaction), Línea: 0] - ORA-01422: exact fetch returns more than requested number of rows
ORA-06512: at "MRVMM.PKG_MRV_CALCULO", line 12
ORA-06512: at "MRVMM.PKG_MRV_CALCULO", line 89
ORA-06512: at "MRVMM.PKG_MRV_DETALLE_INDICADORES", line 141
ORA-06512: at line 1
8/02/2020 11:22:03: [Método: Void HandleError(Int32, Oracle.DataAccess.Client.OracleConnection, System.String, IntPtr, Oracle.DataAccess.Client.OpoSqlValCtx*, System.Object, Boolean, Oracle.DataAccess.Client.OracleLogicalTransaction), Línea: 0] - ORA-01422: exact fetch returns more than requested number of rows
ORA-06512: at "MRVMM.PKG_MRV_CALCULO", line 12
ORA-06512: at "MRVMM.PKG_MRV_CALCULO", line 89
ORA-06512: at "MRVMM.PKG_MRV_DETALLE_INDICADORES", line 141
ORA-06512: at line 1
8/02/2020 11:22:03: [Método: Oracle.DataAccess.Client.OracleDataReader ExecuteReader(Boolean, Boolean, System.Data.CommandBehavior), Línea: 0] - ORA-01422: exact fetch returns more than requested number of rows
ORA-06512: at "MRVMM.PKG_MRV_CALCULO", line 12
ORA-06512: at "MRVMM.PKG_MRV_CALCULO", line 89
ORA-06512: at "MRVMM.PKG_MRV_DETALLE_INDICADORES", line 141
ORA-06512: at line 1
8/02/2020 11:22:03: [Método: System.Data.Common.DbDataReader ExecuteDbDataReader(System.Data.CommandBehavior), Línea: 0] - ORA-01422: exact fetch returns more than requested number of rows
ORA-06512: at "MRVMM.PKG_MRV_CALCULO", line 12
ORA-06512: at "MRVMM.PKG_MRV_CALCULO", line 89
ORA-06512: at "MRVMM.PKG_MRV_DETALLE_INDICADORES", line 141
ORA-06512: at line 1
8/02/2020 11:22:03: [Método: System.Data.IDataReader ExecuteReaderWithFlagsFallback(System.Data.IDbCommand, Boolean, System.Data.CommandBehavior), Línea: 0] - ORA-01422: exact fetch returns more than requested number of rows
ORA-06512: at "MRVMM.PKG_MRV_CALCULO", line 12
ORA-06512: at "MRVMM.PKG_MRV_CALCULO", line 89
ORA-06512: at "MRVMM.PKG_MRV_DETALLE_INDICADORES", line 141
ORA-06512: at line 1
8/02/2020 11:22:03: [Método: Boolean MoveNext(), Línea: 0] - ORA-01422: exact fetch returns more than requested number of rows
ORA-06512: at "MRVMM.PKG_MRV_CALCULO", line 12
ORA-06512: at "MRVMM.PKG_MRV_CALCULO", line 89
ORA-06512: at "MRVMM.PKG_MRV_DETALLE_INDICADORES", line 141
ORA-06512: at line 1
8/02/2020 11:22:03: [Método: Void .ctor(System.Collections.Generic.IEnumerable`1[T]), Línea: 0] - ORA-01422: exact fetch returns more than requested number of rows
ORA-06512: at "MRVMM.PKG_MRV_CALCULO", line 12
ORA-06512: at "MRVMM.PKG_MRV_CALCULO", line 89
ORA-06512: at "MRVMM.PKG_MRV_DETALLE_INDICADORES", line 141
ORA-06512: at line 1
8/02/2020 11:22:03: [Método: System.Collections.Generic.List`1[TSource] ToList[TSource](System.Collections.Generic.IEnumerable`1[TSource]), Línea: 0] - ORA-01422: exact fetch returns more than requested number of rows
ORA-06512: at "MRVMM.PKG_MRV_CALCULO", line 12
ORA-06512: at "MRVMM.PKG_MRV_CALCULO", line 89
ORA-06512: at "MRVMM.PKG_MRV_DETALLE_INDICADORES", line 141
ORA-06512: at line 1
8/02/2020 11:22:03: [Método: System.Collections.Generic.IEnumerable`1[T] Query[T](System.Data.IDbConnection, System.String, System.Object, System.Data.IDbTransaction, Boolean, System.Nullable`1[System.Int32], System.Nullable`1[System.Data.CommandType]), Línea: 0] - ORA-01422: exact fetch returns more than requested number of rows
ORA-06512: at "MRVMM.PKG_MRV_CALCULO", line 12
ORA-06512: at "MRVMM.PKG_MRV_CALCULO", line 89
ORA-06512: at "MRVMM.PKG_MRV_DETALLE_INDICADORES", line 141
ORA-06512: at line 1
8/02/2020 11:22:03: [Método: System.Collections.Generic.List`1[entidad.minem.gob.pe.IndicadorBE] CalcularIndicador(entidad.minem.gob.pe.IndicadorBE), Línea: 84] - ORA-01422: exact fetch returns more than requested number of rows
ORA-06512: at "MRVMM.PKG_MRV_CALCULO", line 12
ORA-06512: at "MRVMM.PKG_MRV_CALCULO", line 89
ORA-06512: at "MRVMM.PKG_MRV_DETALLE_INDICADORES", line 141
ORA-06512: at line 1
8/02/2020 13:45:52: [Método: Void HandleErrorHelper(Int32, Oracle.DataAccess.Client.OracleConnection, IntPtr, Oracle.DataAccess.Client.OpoSqlValCtx*, System.Object, System.String, Boolean, Int32, Oracle.DataAccess.Client.OracleLogicalTransaction), Línea: 0] - ORA-01422: exact fetch returns more than requested number of rows
ORA-06512: at "MRVMM.PKG_MRV_CALCULO", line 12
ORA-06512: at "MRVMM.PKG_MRV_CALCULO", line 89
ORA-06512: at "MRVMM.PKG_MRV_DETALLE_INDICADORES", line 141
ORA-06512: at line 1
8/02/2020 13:45:52: [Método: Void HandleError(Int32, Oracle.DataAccess.Client.OracleConnection, System.String, IntPtr, Oracle.DataAccess.Client.OpoSqlValCtx*, System.Object, Boolean, Oracle.DataAccess.Client.OracleLogicalTransaction), Línea: 0] - ORA-01422: exact fetch returns more than requested number of rows
ORA-06512: at "MRVMM.PKG_MRV_CALCULO", line 12
ORA-06512: at "MRVMM.PKG_MRV_CALCULO", line 89
ORA-06512: at "MRVMM.PKG_MRV_DETALLE_INDICADORES", line 141
ORA-06512: at line 1
8/02/2020 13:45:52: [Método: Oracle.DataAccess.Client.OracleDataReader ExecuteReader(Boolean, Boolean, System.Data.CommandBehavior), Línea: 0] - ORA-01422: exact fetch returns more than requested number of rows
ORA-06512: at "MRVMM.PKG_MRV_CALCULO", line 12
ORA-06512: at "MRVMM.PKG_MRV_CALCULO", line 89
ORA-06512: at "MRVMM.PKG_MRV_DETALLE_INDICADORES", line 141
ORA-06512: at line 1
8/02/2020 13:45:52: [Método: System.Data.Common.DbDataReader ExecuteDbDataReader(System.Data.CommandBehavior), Línea: 0] - ORA-01422: exact fetch returns more than requested number of rows
ORA-06512: at "MRVMM.PKG_MRV_CALCULO", line 12
ORA-06512: at "MRVMM.PKG_MRV_CALCULO", line 89
ORA-06512: at "MRVMM.PKG_MRV_DETALLE_INDICADORES", line 141
ORA-06512: at line 1
8/02/2020 13:45:52: [Método: System.Data.IDataReader ExecuteReaderWithFlagsFallback(System.Data.IDbCommand, Boolean, System.Data.CommandBehavior), Línea: 0] - ORA-01422: exact fetch returns more than requested number of rows
ORA-06512: at "MRVMM.PKG_MRV_CALCULO", line 12
ORA-06512: at "MRVMM.PKG_MRV_CALCULO", line 89
ORA-06512: at "MRVMM.PKG_MRV_DETALLE_INDICADORES", line 141
ORA-06512: at line 1
8/02/2020 13:45:52: [Método: Boolean MoveNext(), Línea: 0] - ORA-01422: exact fetch returns more than requested number of rows
ORA-06512: at "MRVMM.PKG_MRV_CALCULO", line 12
ORA-06512: at "MRVMM.PKG_MRV_CALCULO", line 89
ORA-06512: at "MRVMM.PKG_MRV_DETALLE_INDICADORES", line 141
ORA-06512: at line 1
8/02/2020 13:45:52: [Método: Void .ctor(System.Collections.Generic.IEnumerable`1[T]), Línea: 0] - ORA-01422: exact fetch returns more than requested number of rows
ORA-06512: at "MRVMM.PKG_MRV_CALCULO", line 12
ORA-06512: at "MRVMM.PKG_MRV_CALCULO", line 89
ORA-06512: at "MRVMM.PKG_MRV_DETALLE_INDICADORES", line 141
ORA-06512: at line 1
8/02/2020 13:45:52: [Método: System.Collections.Generic.List`1[TSource] ToList[TSource](System.Collections.Generic.IEnumerable`1[TSource]), Línea: 0] - ORA-01422: exact fetch returns more than requested number of rows
ORA-06512: at "MRVMM.PKG_MRV_CALCULO", line 12
ORA-06512: at "MRVMM.PKG_MRV_CALCULO", line 89
ORA-06512: at "MRVMM.PKG_MRV_DETALLE_INDICADORES", line 141
ORA-06512: at line 1
8/02/2020 13:45:52: [Método: System.Collections.Generic.IEnumerable`1[T] Query[T](System.Data.IDbConnection, System.String, System.Object, System.Data.IDbTransaction, Boolean, System.Nullable`1[System.Int32], System.Nullable`1[System.Data.CommandType]), Línea: 0] - ORA-01422: exact fetch returns more than requested number of rows
ORA-06512: at "MRVMM.PKG_MRV_CALCULO", line 12
ORA-06512: at "MRVMM.PKG_MRV_CALCULO", line 89
ORA-06512: at "MRVMM.PKG_MRV_DETALLE_INDICADORES", line 141
ORA-06512: at line 1
8/02/2020 13:45:52: [Método: System.Collections.Generic.List`1[entidad.minem.gob.pe.IndicadorBE] CalcularIndicador(entidad.minem.gob.pe.IndicadorBE), Línea: 84] - ORA-01422: exact fetch returns more than requested number of rows
ORA-06512: at "MRVMM.PKG_MRV_CALCULO", line 12
ORA-06512: at "MRVMM.PKG_MRV_CALCULO", line 89
ORA-06512: at "MRVMM.PKG_MRV_DETALLE_INDICADORES", line 141
ORA-06512: at line 1
8/02/2020 13:46:49: [Método: Void HandleErrorHelper(Int32, Oracle.DataAccess.Client.OracleConnection, IntPtr, Oracle.DataAccess.Client.OpoSqlValCtx*, System.Object, System.String, Boolean, Int32, Oracle.DataAccess.Client.OracleLogicalTransaction), Línea: 0] - ORA-01422: exact fetch returns more than requested number of rows
ORA-06512: at "MRVMM.PKG_MRV_CALCULO", line 26
ORA-06512: at "MRVMM.PKG_MRV_CALCULO", line 166
ORA-06512: at "MRVMM.PKG_MRV_DETALLE_INDICADORES", line 158
ORA-06512: at line 1
8/02/2020 13:46:49: [Método: Void HandleError(Int32, Oracle.DataAccess.Client.OracleConnection, System.String, IntPtr, Oracle.DataAccess.Client.OpoSqlValCtx*, System.Object, Boolean, Oracle.DataAccess.Client.OracleLogicalTransaction), Línea: 0] - ORA-01422: exact fetch returns more than requested number of rows
ORA-06512: at "MRVMM.PKG_MRV_CALCULO", line 26
ORA-06512: at "MRVMM.PKG_MRV_CALCULO", line 166
ORA-06512: at "MRVMM.PKG_MRV_DETALLE_INDICADORES", line 158
ORA-06512: at line 1
8/02/2020 13:46:49: [Método: Oracle.DataAccess.Client.OracleDataReader ExecuteReader(Boolean, Boolean, System.Data.CommandBehavior), Línea: 0] - ORA-01422: exact fetch returns more than requested number of rows
ORA-06512: at "MRVMM.PKG_MRV_CALCULO", line 26
ORA-06512: at "MRVMM.PKG_MRV_CALCULO", line 166
ORA-06512: at "MRVMM.PKG_MRV_DETALLE_INDICADORES", line 158
ORA-06512: at line 1
8/02/2020 13:46:49: [Método: System.Data.Common.DbDataReader ExecuteDbDataReader(System.Data.CommandBehavior), Línea: 0] - ORA-01422: exact fetch returns more than requested number of rows
ORA-06512: at "MRVMM.PKG_MRV_CALCULO", line 26
ORA-06512: at "MRVMM.PKG_MRV_CALCULO", line 166
ORA-06512: at "MRVMM.PKG_MRV_DETALLE_INDICADORES", line 158
ORA-06512: at line 1
8/02/2020 13:46:49: [Método: System.Data.IDataReader ExecuteReaderWithFlagsFallback(System.Data.IDbCommand, Boolean, System.Data.CommandBehavior), Línea: 0] - ORA-01422: exact fetch returns more than requested number of rows
ORA-06512: at "MRVMM.PKG_MRV_CALCULO", line 26
ORA-06512: at "MRVMM.PKG_MRV_CALCULO", line 166
ORA-06512: at "MRVMM.PKG_MRV_DETALLE_INDICADORES", line 158
ORA-06512: at line 1
8/02/2020 13:46:49: [Método: Boolean MoveNext(), Línea: 0] - ORA-01422: exact fetch returns more than requested number of rows
ORA-06512: at "MRVMM.PKG_MRV_CALCULO", line 26
ORA-06512: at "MRVMM.PKG_MRV_CALCULO", line 166
ORA-06512: at "MRVMM.PKG_MRV_DETALLE_INDICADORES", line 158
ORA-06512: at line 1
8/02/2020 13:46:49: [Método: Void .ctor(System.Collections.Generic.IEnumerable`1[T]), Línea: 0] - ORA-01422: exact fetch returns more than requested number of rows
ORA-06512: at "MRVMM.PKG_MRV_CALCULO", line 26
ORA-06512: at "MRVMM.PKG_MRV_CALCULO", line 166
ORA-06512: at "MRVMM.PKG_MRV_DETALLE_INDICADORES", line 158
ORA-06512: at line 1
8/02/2020 13:46:49: [Método: System.Collections.Generic.List`1[TSource] ToList[TSource](System.Collections.Generic.IEnumerable`1[TSource]), Línea: 0] - ORA-01422: exact fetch returns more than requested number of rows
ORA-06512: at "MRVMM.PKG_MRV_CALCULO", line 26
ORA-06512: at "MRVMM.PKG_MRV_CALCULO", line 166
ORA-06512: at "MRVMM.PKG_MRV_DETALLE_INDICADORES", line 158
ORA-06512: at line 1
8/02/2020 13:46:49: [Método: System.Collections.Generic.IEnumerable`1[T] Query[T](System.Data.IDbConnection, System.String, System.Object, System.Data.IDbTransaction, Boolean, System.Nullable`1[System.Int32], System.Nullable`1[System.Data.CommandType]), Línea: 0] - ORA-01422: exact fetch returns more than requested number of rows
ORA-06512: at "MRVMM.PKG_MRV_CALCULO", line 26
ORA-06512: at "MRVMM.PKG_MRV_CALCULO", line 166
ORA-06512: at "MRVMM.PKG_MRV_DETALLE_INDICADORES", line 158
ORA-06512: at line 1
8/02/2020 13:46:49: [Método: System.Collections.Generic.List`1[entidad.minem.gob.pe.IndicadorBE] CalcularIndicador(entidad.minem.gob.pe.IndicadorBE), Línea: 84] - ORA-01422: exact fetch returns more than requested number of rows
ORA-06512: at "MRVMM.PKG_MRV_CALCULO", line 26
ORA-06512: at "MRVMM.PKG_MRV_CALCULO", line 166
ORA-06512: at "MRVMM.PKG_MRV_DETALLE_INDICADORES", line 158
ORA-06512: at line 1
8/02/2020 14:16:25: [Método: Void HandleErrorHelper(Int32, Oracle.DataAccess.Client.OracleConnection, IntPtr, Oracle.DataAccess.Client.OpoSqlValCtx*, System.Object, System.String, Boolean, Int32, Oracle.DataAccess.Client.OracleLogicalTransaction), Línea: 0] - ORA-01422: exact fetch returns more than requested number of rows
ORA-06512: at "MRVMM.PKG_MRV_CALCULO", line 38
ORA-06512: at "MRVMM.PKG_MRV_CALCULO", line 127
ORA-06512: at "MRVMM.PKG_MRV_DETALLE_INDICADORES", line 150
ORA-06512: at line 1
8/02/2020 14:16:25: [Método: Void HandleError(Int32, Oracle.DataAccess.Client.OracleConnection, System.String, IntPtr, Oracle.DataAccess.Client.OpoSqlValCtx*, System.Object, Boolean, Oracle.DataAccess.Client.OracleLogicalTransaction), Línea: 0] - ORA-01422: exact fetch returns more than requested number of rows
ORA-06512: at "MRVMM.PKG_MRV_CALCULO", line 38
ORA-06512: at "MRVMM.PKG_MRV_CALCULO", line 127
ORA-06512: at "MRVMM.PKG_MRV_DETALLE_INDICADORES", line 150
ORA-06512: at line 1
8/02/2020 14:16:25: [Método: Oracle.DataAccess.Client.OracleDataReader ExecuteReader(Boolean, Boolean, System.Data.CommandBehavior), Línea: 0] - ORA-01422: exact fetch returns more than requested number of rows
ORA-06512: at "MRVMM.PKG_MRV_CALCULO", line 38
ORA-06512: at "MRVMM.PKG_MRV_CALCULO", line 127
ORA-06512: at "MRVMM.PKG_MRV_DETALLE_INDICADORES", line 150
ORA-06512: at line 1
8/02/2020 14:16:25: [Método: System.Data.Common.DbDataReader ExecuteDbDataReader(System.Data.CommandBehavior), Línea: 0] - ORA-01422: exact fetch returns more than requested number of rows
ORA-06512: at "MRVMM.PKG_MRV_CALCULO", line 38
ORA-06512: at "MRVMM.PKG_MRV_CALCULO", line 127
ORA-06512: at "MRVMM.PKG_MRV_DETALLE_INDICADORES", line 150
ORA-06512: at line 1
8/02/2020 14:16:25: [Método: System.Data.IDataReader ExecuteReaderWithFlagsFallback(System.Data.IDbCommand, Boolean, System.Data.CommandBehavior), Línea: 0] - ORA-01422: exact fetch returns more than requested number of rows
ORA-06512: at "MRVMM.PKG_MRV_CALCULO", line 38
ORA-06512: at "MRVMM.PKG_MRV_CALCULO", line 127
ORA-06512: at "MRVMM.PKG_MRV_DETALLE_INDICADORES", line 150
ORA-06512: at line 1
8/02/2020 14:16:25: [Método: Boolean MoveNext(), Línea: 0] - ORA-01422: exact fetch returns more than requested number of rows
ORA-06512: at "MRVMM.PKG_MRV_CALCULO", line 38
ORA-06512: at "MRVMM.PKG_MRV_CALCULO", line 127
ORA-06512: at "MRVMM.PKG_MRV_DETALLE_INDICADORES", line 150
ORA-06512: at line 1
8/02/2020 14:16:25: [Método: Void .ctor(System.Collections.Generic.IEnumerable`1[T]), Línea: 0] - ORA-01422: exact fetch returns more than requested number of rows
ORA-06512: at "MRVMM.PKG_MRV_CALCULO", line 38
ORA-06512: at "MRVMM.PKG_MRV_CALCULO", line 127
ORA-06512: at "MRVMM.PKG_MRV_DETALLE_INDICADORES", line 150
ORA-06512: at line 1
8/02/2020 14:16:25: [Método: System.Collections.Generic.List`1[TSource] ToList[TSource](System.Collections.Generic.IEnumerable`1[TSource]), Línea: 0] - ORA-01422: exact fetch returns more than requested number of rows
ORA-06512: at "MRVMM.PKG_MRV_CALCULO", line 38
ORA-06512: at "MRVMM.PKG_MRV_CALCULO", line 127
ORA-06512: at "MRVMM.PKG_MRV_DETALLE_INDICADORES", line 150
ORA-06512: at line 1
8/02/2020 14:16:25: [Método: System.Collections.Generic.IEnumerable`1[T] Query[T](System.Data.IDbConnection, System.String, System.Object, System.Data.IDbTransaction, Boolean, System.Nullable`1[System.Int32], System.Nullable`1[System.Data.CommandType]), Línea: 0] - ORA-01422: exact fetch returns more than requested number of rows
ORA-06512: at "MRVMM.PKG_MRV_CALCULO", line 38
ORA-06512: at "MRVMM.PKG_MRV_CALCULO", line 127
ORA-06512: at "MRVMM.PKG_MRV_DETALLE_INDICADORES", line 150
ORA-06512: at line 1
8/02/2020 14:16:25: [Método: System.Collections.Generic.List`1[entidad.minem.gob.pe.IndicadorBE] CalcularIndicador(entidad.minem.gob.pe.IndicadorBE), Línea: 84] - ORA-01422: exact fetch returns more than requested number of rows
ORA-06512: at "MRVMM.PKG_MRV_CALCULO", line 38
ORA-06512: at "MRVMM.PKG_MRV_CALCULO", line 127
ORA-06512: at "MRVMM.PKG_MRV_DETALLE_INDICADORES", line 150
ORA-06512: at line 1
8/02/2020 14:25:11: [Método: Void HandleErrorHelper(Int32, Oracle.DataAccess.Client.OracleConnection, IntPtr, Oracle.DataAccess.Client.OpoSqlValCtx*, System.Object, System.String, Boolean, Int32, Oracle.DataAccess.Client.OracleLogicalTransaction), Línea: 0] - ORA-01422: exact fetch returns more than requested number of rows
ORA-06512: at "MRVMM.PKG_MRV_CALCULO", line 38
ORA-06512: at "MRVMM.PKG_MRV_CALCULO", line 127
ORA-06512: at "MRVMM.PKG_MRV_DETALLE_INDICADORES", line 150
ORA-06512: at line 1
8/02/2020 14:25:11: [Método: Void HandleError(Int32, Oracle.DataAccess.Client.OracleConnection, System.String, IntPtr, Oracle.DataAccess.Client.OpoSqlValCtx*, System.Object, Boolean, Oracle.DataAccess.Client.OracleLogicalTransaction), Línea: 0] - ORA-01422: exact fetch returns more than requested number of rows
ORA-06512: at "MRVMM.PKG_MRV_CALCULO", line 38
ORA-06512: at "MRVMM.PKG_MRV_CALCULO", line 127
ORA-06512: at "MRVMM.PKG_MRV_DETALLE_INDICADORES", line 150
ORA-06512: at line 1
8/02/2020 14:25:11: [Método: Oracle.DataAccess.Client.OracleDataReader ExecuteReader(Boolean, Boolean, System.Data.CommandBehavior), Línea: 0] - ORA-01422: exact fetch returns more than requested number of rows
ORA-06512: at "MRVMM.PKG_MRV_CALCULO", line 38
ORA-06512: at "MRVMM.PKG_MRV_CALCULO", line 127
ORA-06512: at "MRVMM.PKG_MRV_DETALLE_INDICADORES", line 150
ORA-06512: at line 1
8/02/2020 14:25:11: [Método: System.Data.Common.DbDataReader ExecuteDbDataReader(System.Data.CommandBehavior), Línea: 0] - ORA-01422: exact fetch returns more than requested number of rows
ORA-06512: at "MRVMM.PKG_MRV_CALCULO", line 38
ORA-06512: at "MRVMM.PKG_MRV_CALCULO", line 127
ORA-06512: at "MRVMM.PKG_MRV_DETALLE_INDICADORES", line 150
ORA-06512: at line 1
8/02/2020 14:25:11: [Método: System.Data.IDataReader ExecuteReaderWithFlagsFallback(System.Data.IDbCommand, Boolean, System.Data.CommandBehavior), Línea: 0] - ORA-01422: exact fetch returns more than requested number of rows
ORA-06512: at "MRVMM.PKG_MRV_CALCULO", line 38
ORA-06512: at "MRVMM.PKG_MRV_CALCULO", line 127
ORA-06512: at "MRVMM.PKG_MRV_DETALLE_INDICADORES", line 150
ORA-06512: at line 1
8/02/2020 14:25:11: [Método: Boolean MoveNext(), Línea: 0] - ORA-01422: exact fetch returns more than requested number of rows
ORA-06512: at "MRVMM.PKG_MRV_CALCULO", line 38
ORA-06512: at "MRVMM.PKG_MRV_CALCULO", line 127
ORA-06512: at "MRVMM.PKG_MRV_DETALLE_INDICADORES", line 150
ORA-06512: at line 1
8/02/2020 14:25:11: [Método: Void .ctor(System.Collections.Generic.IEnumerable`1[T]), Línea: 0] - ORA-01422: exact fetch returns more than requested number of rows
ORA-06512: at "MRVMM.PKG_MRV_CALCULO", line 38
ORA-06512: at "MRVMM.PKG_MRV_CALCULO", line 127
ORA-06512: at "MRVMM.PKG_MRV_DETALLE_INDICADORES", line 150
ORA-06512: at line 1
8/02/2020 14:25:11: [Método: System.Collections.Generic.List`1[TSource] ToList[TSource](System.Collections.Generic.IEnumerable`1[TSource]), Línea: 0] - ORA-01422: exact fetch returns more than requested number of rows
ORA-06512: at "MRVMM.PKG_MRV_CALCULO", line 38
ORA-06512: at "MRVMM.PKG_MRV_CALCULO", line 127
ORA-06512: at "MRVMM.PKG_MRV_DETALLE_INDICADORES", line 150
ORA-06512: at line 1
8/02/2020 14:25:11: [Método: System.Collections.Generic.IEnumerable`1[T] Query[T](System.Data.IDbConnection, System.String, System.Object, System.Data.IDbTransaction, Boolean, System.Nullable`1[System.Int32], System.Nullable`1[System.Data.CommandType]), Línea: 0] - ORA-01422: exact fetch returns more than requested number of rows
ORA-06512: at "MRVMM.PKG_MRV_CALCULO", line 38
ORA-06512: at "MRVMM.PKG_MRV_CALCULO", line 127
ORA-06512: at "MRVMM.PKG_MRV_DETALLE_INDICADORES", line 150
ORA-06512: at line 1
8/02/2020 14:25:11: [Método: System.Collections.Generic.List`1[entidad.minem.gob.pe.IndicadorBE] CalcularIndicador(entidad.minem.gob.pe.IndicadorBE), Línea: 84] - ORA-01422: exact fetch returns more than requested number of rows
ORA-06512: at "MRVMM.PKG_MRV_CALCULO", line 38
ORA-06512: at "MRVMM.PKG_MRV_CALCULO", line 127
ORA-06512: at "MRVMM.PKG_MRV_DETALLE_INDICADORES", line 150
ORA-06512: at line 1
