26/01/2020 22:56:58: [Método: Void HandleErrorHelper(Int32, Oracle.DataAccess.Client.OracleConnection, IntPtr, Oracle.DataAccess.Client.OpoSqlValCtx*, System.Object, System.String, Boolean, Int32, Oracle.DataAccess.Client.OracleLogicalTransaction), Línea: 0] - ORA-06550: line 1, column 7:
PLS-00306: wrong number or types of arguments in call to 'USP_PRC_INDICADOR'
ORA-06550: line 1, column 7:
PL/SQL: Statement ignored
26/01/2020 22:56:58: [Método: Void HandleError(Int32, Oracle.DataAccess.Client.OracleConnection, System.String, IntPtr, Oracle.DataAccess.Client.OpoSqlValCtx*, System.Object, Boolean, Oracle.DataAccess.Client.OracleLogicalTransaction), Línea: 0] - ORA-06550: line 1, column 7:
PLS-00306: wrong number or types of arguments in call to 'USP_PRC_INDICADOR'
ORA-06550: line 1, column 7:
PL/SQL: Statement ignored
26/01/2020 22:56:58: [Método: Int32 ExecuteNonQuery(), Línea: 0] - ORA-06550: line 1, column 7:
PLS-00306: wrong number or types of arguments in call to 'USP_PRC_INDICADOR'
ORA-06550: line 1, column 7:
PL/SQL: Statement ignored
26/01/2020 22:56:58: [Método: Int32 ExecuteCommand(System.Data.IDbConnection, Dapper.CommandDefinition ByRef, System.Action`2[System.Data.IDbCommand,System.Object]), Línea: 0] - ORA-06550: line 1, column 7:
PLS-00306: wrong number or types of arguments in call to 'USP_PRC_INDICADOR'
ORA-06550: line 1, column 7:
PL/SQL: Statement ignored
26/01/2020 22:56:58: [Método: Int32 ExecuteImpl(System.Data.IDbConnection, Dapper.CommandDefinition ByRef), Línea: 0] - ORA-06550: line 1, column 7:
PLS-00306: wrong number or types of arguments in call to 'USP_PRC_INDICADOR'
ORA-06550: line 1, column 7:
PL/SQL: Statement ignored
26/01/2020 22:56:58: [Método: Int32 Execute(System.Data.IDbConnection, System.String, System.Object, System.Data.IDbTransaction, System.Nullable`1[System.Int32], System.Nullable`1[System.Data.CommandType]), Línea: 0] - ORA-06550: line 1, column 7:
PLS-00306: wrong number or types of arguments in call to 'USP_PRC_INDICADOR'
ORA-06550: line 1, column 7:
PL/SQL: Statement ignored
26/01/2020 22:56:58: [Método: entidad.minem.gob.pe.IndicadorBE RegistrarDetalleIndicador(entidad.minem.gob.pe.IndicadorBE), Línea: 162] - ORA-06550: line 1, column 7:
PLS-00306: wrong number or types of arguments in call to 'USP_PRC_INDICADOR'
ORA-06550: line 1, column 7:
PL/SQL: Statement ignored
26/01/2020 22:56:58: [Método: Void HandleErrorHelper(Int32, Oracle.DataAccess.Client.OracleConnection, IntPtr, Oracle.DataAccess.Client.OpoSqlValCtx*, System.Object, System.String, Boolean, Int32, Oracle.DataAccess.Client.OracleLogicalTransaction), Línea: 0] - ORA-06550: line 1, column 7:
PLS-00306: wrong number or types of arguments in call to 'USP_PRC_INDICADOR'
ORA-06550: line 1, column 7:
PL/SQL: Statement ignored
26/01/2020 22:56:58: [Método: Void HandleError(Int32, Oracle.DataAccess.Client.OracleConnection, System.String, IntPtr, Oracle.DataAccess.Client.OpoSqlValCtx*, System.Object, Boolean, Oracle.DataAccess.Client.OracleLogicalTransaction), Línea: 0] - ORA-06550: line 1, column 7:
PLS-00306: wrong number or types of arguments in call to 'USP_PRC_INDICADOR'
ORA-06550: line 1, column 7:
PL/SQL: Statement ignored
26/01/2020 22:56:58: [Método: Int32 ExecuteNonQuery(), Línea: 0] - ORA-06550: line 1, column 7:
PLS-00306: wrong number or types of arguments in call to 'USP_PRC_INDICADOR'
ORA-06550: line 1, column 7:
PL/SQL: Statement ignored
26/01/2020 22:56:58: [Método: Int32 ExecuteCommand(System.Data.IDbConnection, Dapper.CommandDefinition ByRef, System.Action`2[System.Data.IDbCommand,System.Object]), Línea: 0] - ORA-06550: line 1, column 7:
PLS-00306: wrong number or types of arguments in call to 'USP_PRC_INDICADOR'
ORA-06550: line 1, column 7:
PL/SQL: Statement ignored
26/01/2020 22:56:58: [Método: Int32 ExecuteImpl(System.Data.IDbConnection, Dapper.CommandDefinition ByRef), Línea: 0] - ORA-06550: line 1, column 7:
PLS-00306: wrong number or types of arguments in call to 'USP_PRC_INDICADOR'
ORA-06550: line 1, column 7:
PL/SQL: Statement ignored
26/01/2020 22:56:58: [Método: Int32 Execute(System.Data.IDbConnection, System.String, System.Object, System.Data.IDbTransaction, System.Nullable`1[System.Int32], System.Nullable`1[System.Data.CommandType]), Línea: 0] - ORA-06550: line 1, column 7:
PLS-00306: wrong number or types of arguments in call to 'USP_PRC_INDICADOR'
ORA-06550: line 1, column 7:
PL/SQL: Statement ignored
26/01/2020 22:56:58: [Método: entidad.minem.gob.pe.IndicadorBE RegistrarDetalleIndicador(entidad.minem.gob.pe.IndicadorBE), Línea: 162] - ORA-06550: line 1, column 7:
PLS-00306: wrong number or types of arguments in call to 'USP_PRC_INDICADOR'
ORA-06550: line 1, column 7:
PL/SQL: Statement ignored
