3/02/2020 00:47:27: [Método: Void HandleErrorHelper(Int32, Oracle.DataAccess.Client.OracleConnection, IntPtr, Oracle.DataAccess.Client.OpoSqlValCtx*, System.Object, System.String, Boolean, Int32, Oracle.DataAccess.Client.OracleLogicalTransaction), Línea: 0] - ORA-01476: divisor is equal to zero
ORA-06512: at "MRVMM.PKG_MRV_INICIATIVA_MITIGACION", line 819
ORA-06512: at line 1
3/02/2020 00:47:27: [Método: Void HandleError(Int32, Oracle.DataAccess.Client.OracleConnection, System.String, IntPtr, Oracle.DataAccess.Client.OpoSqlValCtx*, System.Object, Boolean, Oracle.DataAccess.Client.OracleLogicalTransaction), Línea: 0] - ORA-01476: divisor is equal to zero
ORA-06512: at "MRVMM.PKG_MRV_INICIATIVA_MITIGACION", line 819
ORA-06512: at line 1
3/02/2020 00:47:27: [Método: Oracle.DataAccess.Client.OracleDataReader ExecuteReader(Boolean, Boolean, System.Data.CommandBehavior), Línea: 0] - ORA-01476: divisor is equal to zero
ORA-06512: at "MRVMM.PKG_MRV_INICIATIVA_MITIGACION", line 819
ORA-06512: at line 1
3/02/2020 00:47:27: [Método: System.Data.Common.DbDataReader ExecuteDbDataReader(System.Data.CommandBehavior), Línea: 0] - ORA-01476: divisor is equal to zero
ORA-06512: at "MRVMM.PKG_MRV_INICIATIVA_MITIGACION", line 819
ORA-06512: at line 1
3/02/2020 00:47:27: [Método: System.Data.IDataReader ExecuteReaderWithFlagsFallback(System.Data.IDbCommand, Boolean, System.Data.CommandBehavior), Línea: 0] - ORA-01476: divisor is equal to zero
ORA-06512: at "MRVMM.PKG_MRV_INICIATIVA_MITIGACION", line 819
ORA-06512: at line 1
3/02/2020 00:47:27: [Método: Boolean MoveNext(), Línea: 0] - ORA-01476: divisor is equal to zero
ORA-06512: at "MRVMM.PKG_MRV_INICIATIVA_MITIGACION", line 819
ORA-06512: at line 1
3/02/2020 00:47:27: [Método: Void .ctor(System.Collections.Generic.IEnumerable`1[T]), Línea: 0] - ORA-01476: divisor is equal to zero
ORA-06512: at "MRVMM.PKG_MRV_INICIATIVA_MITIGACION", line 819
ORA-06512: at line 1
3/02/2020 00:47:27: [Método: System.Collections.Generic.List`1[TSource] ToList[TSource](System.Collections.Generic.IEnumerable`1[TSource]), Línea: 0] - ORA-01476: divisor is equal to zero
ORA-06512: at "MRVMM.PKG_MRV_INICIATIVA_MITIGACION", line 819
ORA-06512: at line 1
3/02/2020 00:47:27: [Método: System.Collections.Generic.IEnumerable`1[T] Query[T](System.Data.IDbConnection, System.String, System.Object, System.Data.IDbTransaction, Boolean, System.Nullable`1[System.Int32], System.Nullable`1[System.Data.CommandType]), Línea: 0] - ORA-01476: divisor is equal to zero
ORA-06512: at "MRVMM.PKG_MRV_INICIATIVA_MITIGACION", line 819
ORA-06512: at line 1
3/02/2020 00:47:27: [Método: System.Collections.Generic.List`1[entidad.minem.gob.pe.IniciativaBE] ListaIniciativaUsuario(entidad.minem.gob.pe.IniciativaBE), Línea: 0] - ORA-01476: divisor is equal to zero
ORA-06512: at "MRVMM.PKG_MRV_INICIATIVA_MITIGACION", line 819
ORA-06512: at line 1
3/02/2020 00:47:38: [Método: Void HandleErrorHelper(Int32, Oracle.DataAccess.Client.OracleConnection, IntPtr, Oracle.DataAccess.Client.OpoSqlValCtx*, System.Object, System.String, Boolean, Int32, Oracle.DataAccess.Client.OracleLogicalTransaction), Línea: 0] - ORA-01476: divisor is equal to zero
ORA-06512: at "MRVMM.PKG_MRV_INICIATIVA_MITIGACION", line 484
ORA-06512: at line 1
3/02/2020 00:47:38: [Método: Void HandleError(Int32, Oracle.DataAccess.Client.OracleConnection, System.String, IntPtr, Oracle.DataAccess.Client.OpoSqlValCtx*, System.Object, Boolean, Oracle.DataAccess.Client.OracleLogicalTransaction), Línea: 0] - ORA-01476: divisor is equal to zero
ORA-06512: at "MRVMM.PKG_MRV_INICIATIVA_MITIGACION", line 484
ORA-06512: at line 1
3/02/2020 00:47:38: [Método: Oracle.DataAccess.Client.OracleDataReader ExecuteReader(Boolean, Boolean, System.Data.CommandBehavior), Línea: 0] - ORA-01476: divisor is equal to zero
ORA-06512: at "MRVMM.PKG_MRV_INICIATIVA_MITIGACION", line 484
ORA-06512: at line 1
3/02/2020 00:47:38: [Método: System.Data.Common.DbDataReader ExecuteDbDataReader(System.Data.CommandBehavior), Línea: 0] - ORA-01476: divisor is equal to zero
ORA-06512: at "MRVMM.PKG_MRV_INICIATIVA_MITIGACION", line 484
ORA-06512: at line 1
3/02/2020 00:47:38: [Método: System.Data.IDataReader ExecuteReaderWithFlagsFallback(System.Data.IDbCommand, Boolean, System.Data.CommandBehavior), Línea: 0] - ORA-01476: divisor is equal to zero
ORA-06512: at "MRVMM.PKG_MRV_INICIATIVA_MITIGACION", line 484
ORA-06512: at line 1
3/02/2020 00:47:38: [Método: Boolean MoveNext(), Línea: 0] - ORA-01476: divisor is equal to zero
ORA-06512: at "MRVMM.PKG_MRV_INICIATIVA_MITIGACION", line 484
ORA-06512: at line 1
3/02/2020 00:47:38: [Método: Void .ctor(System.Collections.Generic.IEnumerable`1[T]), Línea: 0] - ORA-01476: divisor is equal to zero
ORA-06512: at "MRVMM.PKG_MRV_INICIATIVA_MITIGACION", line 484
ORA-06512: at line 1
3/02/2020 00:47:38: [Método: System.Collections.Generic.List`1[TSource] ToList[TSource](System.Collections.Generic.IEnumerable`1[TSource]), Línea: 0] - ORA-01476: divisor is equal to zero
ORA-06512: at "MRVMM.PKG_MRV_INICIATIVA_MITIGACION", line 484
ORA-06512: at line 1
3/02/2020 00:47:38: [Método: System.Collections.Generic.IEnumerable`1[T] Query[T](System.Data.IDbConnection, System.String, System.Object, System.Data.IDbTransaction, Boolean, System.Nullable`1[System.Int32], System.Nullable`1[System.Data.CommandType]), Línea: 0] - ORA-01476: divisor is equal to zero
ORA-06512: at "MRVMM.PKG_MRV_INICIATIVA_MITIGACION", line 484
ORA-06512: at line 1
3/02/2020 00:47:38: [Método: System.Collections.Generic.List`1[entidad.minem.gob.pe.IniciativaBE] ListaIniciativaEspecialista(entidad.minem.gob.pe.IniciativaBE), Línea: 0] - ORA-01476: divisor is equal to zero
ORA-06512: at "MRVMM.PKG_MRV_INICIATIVA_MITIGACION", line 484
ORA-06512: at line 1
3/02/2020 00:48:07: [Método: Void HandleErrorHelper(Int32, Oracle.DataAccess.Client.OracleConnection, IntPtr, Oracle.DataAccess.Client.OpoSqlValCtx*, System.Object, System.String, Boolean, Int32, Oracle.DataAccess.Client.OracleLogicalTransaction), Línea: 0] - ORA-06550: line 1, column 7:
PLS-00201: identifier 'PKG_MRV_DETALLE_INDICADORES.USP_SEL_INICIATIVA_SUSTENTO' must be declared
ORA-06550: line 1, column 7:
PL/SQL: Statement ignored
3/02/2020 00:48:07: [Método: Void HandleError(Int32, Oracle.DataAccess.Client.OracleConnection, System.String, IntPtr, Oracle.DataAccess.Client.OpoSqlValCtx*, System.Object, Boolean, Oracle.DataAccess.Client.OracleLogicalTransaction), Línea: 0] - ORA-06550: line 1, column 7:
PLS-00201: identifier 'PKG_MRV_DETALLE_INDICADORES.USP_SEL_INICIATIVA_SUSTENTO' must be declared
ORA-06550: line 1, column 7:
PL/SQL: Statement ignored
3/02/2020 00:48:07: [Método: Oracle.DataAccess.Client.OracleDataReader ExecuteReader(Boolean, Boolean, System.Data.CommandBehavior), Línea: 0] - ORA-06550: line 1, column 7:
PLS-00201: identifier 'PKG_MRV_DETALLE_INDICADORES.USP_SEL_INICIATIVA_SUSTENTO' must be declared
ORA-06550: line 1, column 7:
PL/SQL: Statement ignored
3/02/2020 00:48:07: [Método: System.Data.Common.DbDataReader ExecuteDbDataReader(System.Data.CommandBehavior), Línea: 0] - ORA-06550: line 1, column 7:
PLS-00201: identifier 'PKG_MRV_DETALLE_INDICADORES.USP_SEL_INICIATIVA_SUSTENTO' must be declared
ORA-06550: line 1, column 7:
PL/SQL: Statement ignored
3/02/2020 00:48:07: [Método: System.Data.IDataReader ExecuteReaderWithFlagsFallback(System.Data.IDbCommand, Boolean, System.Data.CommandBehavior), Línea: 0] - ORA-06550: line 1, column 7:
PLS-00201: identifier 'PKG_MRV_DETALLE_INDICADORES.USP_SEL_INICIATIVA_SUSTENTO' must be declared
ORA-06550: line 1, column 7:
PL/SQL: Statement ignored
3/02/2020 00:48:07: [Método: Boolean MoveNext(), Línea: 0] - ORA-06550: line 1, column 7:
PLS-00201: identifier 'PKG_MRV_DETALLE_INDICADORES.USP_SEL_INICIATIVA_SUSTENTO' must be declared
ORA-06550: line 1, column 7:
PL/SQL: Statement ignored
3/02/2020 00:48:07: [Método: Void .ctor(System.Collections.Generic.IEnumerable`1[T]), Línea: 0] - ORA-06550: line 1, column 7:
PLS-00201: identifier 'PKG_MRV_DETALLE_INDICADORES.USP_SEL_INICIATIVA_SUSTENTO' must be declared
ORA-06550: line 1, column 7:
PL/SQL: Statement ignored
3/02/2020 00:48:07: [Método: System.Collections.Generic.List`1[TSource] ToList[TSource](System.Collections.Generic.IEnumerable`1[TSource]), Línea: 0] - ORA-06550: line 1, column 7:
PLS-00201: identifier 'PKG_MRV_DETALLE_INDICADORES.USP_SEL_INICIATIVA_SUSTENTO' must be declared
ORA-06550: line 1, column 7:
PL/SQL: Statement ignored
3/02/2020 00:48:07: [Método: System.Collections.Generic.IEnumerable`1[T] Query[T](System.Data.IDbConnection, System.String, System.Object, System.Data.IDbTransaction, Boolean, System.Nullable`1[System.Int32], System.Nullable`1[System.Data.CommandType]), Línea: 0] - ORA-06550: line 1, column 7:
PLS-00201: identifier 'PKG_MRV_DETALLE_INDICADORES.USP_SEL_INICIATIVA_SUSTENTO' must be declared
ORA-06550: line 1, column 7:
PL/SQL: Statement ignored
3/02/2020 00:48:07: [Método: System.Collections.Generic.List`1[entidad.minem.gob.pe.SustentoIniciativaBE] ListaSustentoIniciativa(entidad.minem.gob.pe.SustentoIniciativaBE), Línea: 0] - ORA-06550: line 1, column 7:
PLS-00201: identifier 'PKG_MRV_DETALLE_INDICADORES.USP_SEL_INICIATIVA_SUSTENTO' must be declared
ORA-06550: line 1, column 7:
PL/SQL: Statement ignored
3/02/2020 00:48:24: [Método: Void HandleErrorHelper(Int32, Oracle.DataAccess.Client.OracleConnection, IntPtr, Oracle.DataAccess.Client.OpoSqlValCtx*, System.Object, System.String, Boolean, Int32, Oracle.DataAccess.Client.OracleLogicalTransaction), Línea: 0] - ORA-01476: divisor is equal to zero
ORA-06512: at "MRVMM.PKG_MRV_INICIATIVA_MITIGACION", line 484
ORA-06512: at line 1
3/02/2020 00:48:24: [Método: Void HandleError(Int32, Oracle.DataAccess.Client.OracleConnection, System.String, IntPtr, Oracle.DataAccess.Client.OpoSqlValCtx*, System.Object, Boolean, Oracle.DataAccess.Client.OracleLogicalTransaction), Línea: 0] - ORA-01476: divisor is equal to zero
ORA-06512: at "MRVMM.PKG_MRV_INICIATIVA_MITIGACION", line 484
ORA-06512: at line 1
3/02/2020 00:48:24: [Método: Oracle.DataAccess.Client.OracleDataReader ExecuteReader(Boolean, Boolean, System.Data.CommandBehavior), Línea: 0] - ORA-01476: divisor is equal to zero
ORA-06512: at "MRVMM.PKG_MRV_INICIATIVA_MITIGACION", line 484
ORA-06512: at line 1
3/02/2020 00:48:24: [Método: System.Data.Common.DbDataReader ExecuteDbDataReader(System.Data.CommandBehavior), Línea: 0] - ORA-01476: divisor is equal to zero
ORA-06512: at "MRVMM.PKG_MRV_INICIATIVA_MITIGACION", line 484
ORA-06512: at line 1
3/02/2020 00:48:24: [Método: System.Data.IDataReader ExecuteReaderWithFlagsFallback(System.Data.IDbCommand, Boolean, System.Data.CommandBehavior), Línea: 0] - ORA-01476: divisor is equal to zero
ORA-06512: at "MRVMM.PKG_MRV_INICIATIVA_MITIGACION", line 484
ORA-06512: at line 1
3/02/2020 00:48:24: [Método: Boolean MoveNext(), Línea: 0] - ORA-01476: divisor is equal to zero
ORA-06512: at "MRVMM.PKG_MRV_INICIATIVA_MITIGACION", line 484
ORA-06512: at line 1
3/02/2020 00:48:24: [Método: Void .ctor(System.Collections.Generic.IEnumerable`1[T]), Línea: 0] - ORA-01476: divisor is equal to zero
ORA-06512: at "MRVMM.PKG_MRV_INICIATIVA_MITIGACION", line 484
ORA-06512: at line 1
3/02/2020 00:48:24: [Método: System.Collections.Generic.List`1[TSource] ToList[TSource](System.Collections.Generic.IEnumerable`1[TSource]), Línea: 0] - ORA-01476: divisor is equal to zero
ORA-06512: at "MRVMM.PKG_MRV_INICIATIVA_MITIGACION", line 484
ORA-06512: at line 1
3/02/2020 00:48:24: [Método: System.Collections.Generic.IEnumerable`1[T] Query[T](System.Data.IDbConnection, System.String, System.Object, System.Data.IDbTransaction, Boolean, System.Nullable`1[System.Int32], System.Nullable`1[System.Data.CommandType]), Línea: 0] - ORA-01476: divisor is equal to zero
ORA-06512: at "MRVMM.PKG_MRV_INICIATIVA_MITIGACION", line 484
ORA-06512: at line 1
3/02/2020 00:48:24: [Método: System.Collections.Generic.List`1[entidad.minem.gob.pe.IniciativaBE] ListaIniciativaEspecialista(entidad.minem.gob.pe.IniciativaBE), Línea: 0] - ORA-01476: divisor is equal to zero
ORA-06512: at "MRVMM.PKG_MRV_INICIATIVA_MITIGACION", line 484
ORA-06512: at line 1
3/02/2020 00:48:37: [Método: Void HandleErrorHelper(Int32, Oracle.DataAccess.Client.OracleConnection, IntPtr, Oracle.DataAccess.Client.OpoSqlValCtx*, System.Object, System.String, Boolean, Int32, Oracle.DataAccess.Client.OracleLogicalTransaction), Línea: 0] - ORA-06550: line 1, column 7:
PLS-00201: identifier 'PKG_MRV_DETALLE_INDICADORES.USP_SEL_INICIATIVA_SUSTENTO' must be declared
ORA-06550: line 1, column 7:
PL/SQL: Statement ignored
3/02/2020 00:48:37: [Método: Void HandleError(Int32, Oracle.DataAccess.Client.OracleConnection, System.String, IntPtr, Oracle.DataAccess.Client.OpoSqlValCtx*, System.Object, Boolean, Oracle.DataAccess.Client.OracleLogicalTransaction), Línea: 0] - ORA-06550: line 1, column 7:
PLS-00201: identifier 'PKG_MRV_DETALLE_INDICADORES.USP_SEL_INICIATIVA_SUSTENTO' must be declared
ORA-06550: line 1, column 7:
PL/SQL: Statement ignored
3/02/2020 00:48:37: [Método: Oracle.DataAccess.Client.OracleDataReader ExecuteReader(Boolean, Boolean, System.Data.CommandBehavior), Línea: 0] - ORA-06550: line 1, column 7:
PLS-00201: identifier 'PKG_MRV_DETALLE_INDICADORES.USP_SEL_INICIATIVA_SUSTENTO' must be declared
ORA-06550: line 1, column 7:
PL/SQL: Statement ignored
3/02/2020 00:48:37: [Método: System.Data.Common.DbDataReader ExecuteDbDataReader(System.Data.CommandBehavior), Línea: 0] - ORA-06550: line 1, column 7:
PLS-00201: identifier 'PKG_MRV_DETALLE_INDICADORES.USP_SEL_INICIATIVA_SUSTENTO' must be declared
ORA-06550: line 1, column 7:
PL/SQL: Statement ignored
3/02/2020 00:48:37: [Método: System.Data.IDataReader ExecuteReaderWithFlagsFallback(System.Data.IDbCommand, Boolean, System.Data.CommandBehavior), Línea: 0] - ORA-06550: line 1, column 7:
PLS-00201: identifier 'PKG_MRV_DETALLE_INDICADORES.USP_SEL_INICIATIVA_SUSTENTO' must be declared
ORA-06550: line 1, column 7:
PL/SQL: Statement ignored
3/02/2020 00:48:37: [Método: Boolean MoveNext(), Línea: 0] - ORA-06550: line 1, column 7:
PLS-00201: identifier 'PKG_MRV_DETALLE_INDICADORES.USP_SEL_INICIATIVA_SUSTENTO' must be declared
ORA-06550: line 1, column 7:
PL/SQL: Statement ignored
3/02/2020 00:48:37: [Método: Void .ctor(System.Collections.Generic.IEnumerable`1[T]), Línea: 0] - ORA-06550: line 1, column 7:
PLS-00201: identifier 'PKG_MRV_DETALLE_INDICADORES.USP_SEL_INICIATIVA_SUSTENTO' must be declared
ORA-06550: line 1, column 7:
PL/SQL: Statement ignored
3/02/2020 00:48:37: [Método: System.Collections.Generic.List`1[TSource] ToList[TSource](System.Collections.Generic.IEnumerable`1[TSource]), Línea: 0] - ORA-06550: line 1, column 7:
PLS-00201: identifier 'PKG_MRV_DETALLE_INDICADORES.USP_SEL_INICIATIVA_SUSTENTO' must be declared
ORA-06550: line 1, column 7:
PL/SQL: Statement ignored
3/02/2020 00:48:37: [Método: System.Collections.Generic.IEnumerable`1[T] Query[T](System.Data.IDbConnection, System.String, System.Object, System.Data.IDbTransaction, Boolean, System.Nullable`1[System.Int32], System.Nullable`1[System.Data.CommandType]), Línea: 0] - ORA-06550: line 1, column 7:
PLS-00201: identifier 'PKG_MRV_DETALLE_INDICADORES.USP_SEL_INICIATIVA_SUSTENTO' must be declared
ORA-06550: line 1, column 7:
PL/SQL: Statement ignored
3/02/2020 00:48:37: [Método: System.Collections.Generic.List`1[entidad.minem.gob.pe.SustentoIniciativaBE] ListaSustentoIniciativa(entidad.minem.gob.pe.SustentoIniciativaBE), Línea: 0] - ORA-06550: line 1, column 7:
PLS-00201: identifier 'PKG_MRV_DETALLE_INDICADORES.USP_SEL_INICIATIVA_SUSTENTO' must be declared
ORA-06550: line 1, column 7:
PL/SQL: Statement ignored
3/02/2020 01:02:46: [Método: Void HandleErrorHelper(Int32, Oracle.DataAccess.Client.OracleConnection, IntPtr, Oracle.DataAccess.Client.OpoSqlValCtx*, System.Object, System.String, Boolean, Int32, Oracle.DataAccess.Client.OracleLogicalTransaction), Línea: 0] - ORA-01476: divisor is equal to zero
ORA-06512: at "MRVMM.PKG_MRV_INICIATIVA_MITIGACION", line 819
ORA-06512: at line 1
3/02/2020 01:02:46: [Método: Void HandleError(Int32, Oracle.DataAccess.Client.OracleConnection, System.String, IntPtr, Oracle.DataAccess.Client.OpoSqlValCtx*, System.Object, Boolean, Oracle.DataAccess.Client.OracleLogicalTransaction), Línea: 0] - ORA-01476: divisor is equal to zero
ORA-06512: at "MRVMM.PKG_MRV_INICIATIVA_MITIGACION", line 819
ORA-06512: at line 1
3/02/2020 01:02:46: [Método: Oracle.DataAccess.Client.OracleDataReader ExecuteReader(Boolean, Boolean, System.Data.CommandBehavior), Línea: 0] - ORA-01476: divisor is equal to zero
ORA-06512: at "MRVMM.PKG_MRV_INICIATIVA_MITIGACION", line 819
ORA-06512: at line 1
3/02/2020 01:02:46: [Método: System.Data.Common.DbDataReader ExecuteDbDataReader(System.Data.CommandBehavior), Línea: 0] - ORA-01476: divisor is equal to zero
ORA-06512: at "MRVMM.PKG_MRV_INICIATIVA_MITIGACION", line 819
ORA-06512: at line 1
3/02/2020 01:02:46: [Método: System.Data.IDataReader ExecuteReaderWithFlagsFallback(System.Data.IDbCommand, Boolean, System.Data.CommandBehavior), Línea: 0] - ORA-01476: divisor is equal to zero
ORA-06512: at "MRVMM.PKG_MRV_INICIATIVA_MITIGACION", line 819
ORA-06512: at line 1
3/02/2020 01:02:46: [Método: Boolean MoveNext(), Línea: 0] - ORA-01476: divisor is equal to zero
ORA-06512: at "MRVMM.PKG_MRV_INICIATIVA_MITIGACION", line 819
ORA-06512: at line 1
3/02/2020 01:02:46: [Método: Void .ctor(System.Collections.Generic.IEnumerable`1[T]), Línea: 0] - ORA-01476: divisor is equal to zero
ORA-06512: at "MRVMM.PKG_MRV_INICIATIVA_MITIGACION", line 819
ORA-06512: at line 1
3/02/2020 01:02:46: [Método: System.Collections.Generic.List`1[TSource] ToList[TSource](System.Collections.Generic.IEnumerable`1[TSource]), Línea: 0] - ORA-01476: divisor is equal to zero
ORA-06512: at "MRVMM.PKG_MRV_INICIATIVA_MITIGACION", line 819
ORA-06512: at line 1
3/02/2020 01:02:46: [Método: System.Collections.Generic.IEnumerable`1[T] Query[T](System.Data.IDbConnection, System.String, System.Object, System.Data.IDbTransaction, Boolean, System.Nullable`1[System.Int32], System.Nullable`1[System.Data.CommandType]), Línea: 0] - ORA-01476: divisor is equal to zero
ORA-06512: at "MRVMM.PKG_MRV_INICIATIVA_MITIGACION", line 819
ORA-06512: at line 1
3/02/2020 01:02:46: [Método: System.Collections.Generic.List`1[entidad.minem.gob.pe.IniciativaBE] ListaIniciativaUsuario(entidad.minem.gob.pe.IniciativaBE), Línea: 0] - ORA-01476: divisor is equal to zero
ORA-06512: at "MRVMM.PKG_MRV_INICIATIVA_MITIGACION", line 819
ORA-06512: at line 1
3/02/2020 01:04:02: [Método: Void HandleErrorHelper(Int32, Oracle.DataAccess.Client.OracleConnection, IntPtr, Oracle.DataAccess.Client.OpoSqlValCtx*, System.Object, System.String, Boolean, Int32, Oracle.DataAccess.Client.OracleLogicalTransaction), Línea: 0] - ORA-01476: divisor is equal to zero
ORA-06512: at "MRVMM.PKG_MRV_INICIATIVA_MITIGACION", line 819
ORA-06512: at line 1
3/02/2020 01:04:02: [Método: Void HandleError(Int32, Oracle.DataAccess.Client.OracleConnection, System.String, IntPtr, Oracle.DataAccess.Client.OpoSqlValCtx*, System.Object, Boolean, Oracle.DataAccess.Client.OracleLogicalTransaction), Línea: 0] - ORA-01476: divisor is equal to zero
ORA-06512: at "MRVMM.PKG_MRV_INICIATIVA_MITIGACION", line 819
ORA-06512: at line 1
3/02/2020 01:04:02: [Método: Oracle.DataAccess.Client.OracleDataReader ExecuteReader(Boolean, Boolean, System.Data.CommandBehavior), Línea: 0] - ORA-01476: divisor is equal to zero
ORA-06512: at "MRVMM.PKG_MRV_INICIATIVA_MITIGACION", line 819
ORA-06512: at line 1
3/02/2020 01:04:02: [Método: System.Data.Common.DbDataReader ExecuteDbDataReader(System.Data.CommandBehavior), Línea: 0] - ORA-01476: divisor is equal to zero
ORA-06512: at "MRVMM.PKG_MRV_INICIATIVA_MITIGACION", line 819
ORA-06512: at line 1
3/02/2020 01:04:02: [Método: System.Data.IDataReader ExecuteReaderWithFlagsFallback(System.Data.IDbCommand, Boolean, System.Data.CommandBehavior), Línea: 0] - ORA-01476: divisor is equal to zero
ORA-06512: at "MRVMM.PKG_MRV_INICIATIVA_MITIGACION", line 819
ORA-06512: at line 1
3/02/2020 01:04:02: [Método: Boolean MoveNext(), Línea: 0] - ORA-01476: divisor is equal to zero
ORA-06512: at "MRVMM.PKG_MRV_INICIATIVA_MITIGACION", line 819
ORA-06512: at line 1
3/02/2020 01:04:02: [Método: Void .ctor(System.Collections.Generic.IEnumerable`1[T]), Línea: 0] - ORA-01476: divisor is equal to zero
ORA-06512: at "MRVMM.PKG_MRV_INICIATIVA_MITIGACION", line 819
ORA-06512: at line 1
3/02/2020 01:04:02: [Método: System.Collections.Generic.List`1[TSource] ToList[TSource](System.Collections.Generic.IEnumerable`1[TSource]), Línea: 0] - ORA-01476: divisor is equal to zero
ORA-06512: at "MRVMM.PKG_MRV_INICIATIVA_MITIGACION", line 819
ORA-06512: at line 1
3/02/2020 01:04:02: [Método: System.Collections.Generic.IEnumerable`1[T] Query[T](System.Data.IDbConnection, System.String, System.Object, System.Data.IDbTransaction, Boolean, System.Nullable`1[System.Int32], System.Nullable`1[System.Data.CommandType]), Línea: 0] - ORA-01476: divisor is equal to zero
ORA-06512: at "MRVMM.PKG_MRV_INICIATIVA_MITIGACION", line 819
ORA-06512: at line 1
3/02/2020 01:04:02: [Método: System.Collections.Generic.List`1[entidad.minem.gob.pe.IniciativaBE] ListaIniciativaUsuario(entidad.minem.gob.pe.IniciativaBE), Línea: 0] - ORA-01476: divisor is equal to zero
ORA-06512: at "MRVMM.PKG_MRV_INICIATIVA_MITIGACION", line 819
ORA-06512: at line 1
3/02/2020 01:17:45: [Método: Void HandleErrorHelper(Int32, Oracle.DataAccess.Client.OracleConnection, IntPtr, Oracle.DataAccess.Client.OpoSqlValCtx*, System.Object, System.String, Boolean, Int32, Oracle.DataAccess.Client.OracleLogicalTransaction), Línea: 0] - ORA-06550: line 1, column 7:
PLS-00201: identifier 'PKG_MRV_DETALLE_INDICADORES.USP_SEL_INICIATIVA_SUSTENTO' must be declared
ORA-06550: line 1, column 7:
PL/SQL: Statement ignored
3/02/2020 01:17:45: [Método: Void HandleError(Int32, Oracle.DataAccess.Client.OracleConnection, System.String, IntPtr, Oracle.DataAccess.Client.OpoSqlValCtx*, System.Object, Boolean, Oracle.DataAccess.Client.OracleLogicalTransaction), Línea: 0] - ORA-06550: line 1, column 7:
PLS-00201: identifier 'PKG_MRV_DETALLE_INDICADORES.USP_SEL_INICIATIVA_SUSTENTO' must be declared
ORA-06550: line 1, column 7:
PL/SQL: Statement ignored
3/02/2020 01:17:45: [Método: Oracle.DataAccess.Client.OracleDataReader ExecuteReader(Boolean, Boolean, System.Data.CommandBehavior), Línea: 0] - ORA-06550: line 1, column 7:
PLS-00201: identifier 'PKG_MRV_DETALLE_INDICADORES.USP_SEL_INICIATIVA_SUSTENTO' must be declared
ORA-06550: line 1, column 7:
PL/SQL: Statement ignored
3/02/2020 01:17:45: [Método: System.Data.Common.DbDataReader ExecuteDbDataReader(System.Data.CommandBehavior), Línea: 0] - ORA-06550: line 1, column 7:
PLS-00201: identifier 'PKG_MRV_DETALLE_INDICADORES.USP_SEL_INICIATIVA_SUSTENTO' must be declared
ORA-06550: line 1, column 7:
PL/SQL: Statement ignored
3/02/2020 01:17:45: [Método: System.Data.IDataReader ExecuteReaderWithFlagsFallback(System.Data.IDbCommand, Boolean, System.Data.CommandBehavior), Línea: 0] - ORA-06550: line 1, column 7:
PLS-00201: identifier 'PKG_MRV_DETALLE_INDICADORES.USP_SEL_INICIATIVA_SUSTENTO' must be declared
ORA-06550: line 1, column 7:
PL/SQL: Statement ignored
3/02/2020 01:17:45: [Método: Boolean MoveNext(), Línea: 0] - ORA-06550: line 1, column 7:
PLS-00201: identifier 'PKG_MRV_DETALLE_INDICADORES.USP_SEL_INICIATIVA_SUSTENTO' must be declared
ORA-06550: line 1, column 7:
PL/SQL: Statement ignored
3/02/2020 01:17:45: [Método: Void .ctor(System.Collections.Generic.IEnumerable`1[T]), Línea: 0] - ORA-06550: line 1, column 7:
PLS-00201: identifier 'PKG_MRV_DETALLE_INDICADORES.USP_SEL_INICIATIVA_SUSTENTO' must be declared
ORA-06550: line 1, column 7:
PL/SQL: Statement ignored
3/02/2020 01:17:45: [Método: System.Collections.Generic.List`1[TSource] ToList[TSource](System.Collections.Generic.IEnumerable`1[TSource]), Línea: 0] - ORA-06550: line 1, column 7:
PLS-00201: identifier 'PKG_MRV_DETALLE_INDICADORES.USP_SEL_INICIATIVA_SUSTENTO' must be declared
ORA-06550: line 1, column 7:
PL/SQL: Statement ignored
3/02/2020 01:17:45: [Método: System.Collections.Generic.IEnumerable`1[T] Query[T](System.Data.IDbConnection, System.String, System.Object, System.Data.IDbTransaction, Boolean, System.Nullable`1[System.Int32], System.Nullable`1[System.Data.CommandType]), Línea: 0] - ORA-06550: line 1, column 7:
PLS-00201: identifier 'PKG_MRV_DETALLE_INDICADORES.USP_SEL_INICIATIVA_SUSTENTO' must be declared
ORA-06550: line 1, column 7:
PL/SQL: Statement ignored
3/02/2020 01:17:45: [Método: System.Collections.Generic.List`1[entidad.minem.gob.pe.SustentoIniciativaBE] ListaSustentoIniciativa(entidad.minem.gob.pe.SustentoIniciativaBE), Línea: 0] - ORA-06550: line 1, column 7:
PLS-00201: identifier 'PKG_MRV_DETALLE_INDICADORES.USP_SEL_INICIATIVA_SUSTENTO' must be declared
ORA-06550: line 1, column 7:
PL/SQL: Statement ignored
3/02/2020 01:18:06: [Método: Void HandleErrorHelper(Int32, Oracle.DataAccess.Client.OracleConnection, IntPtr, Oracle.DataAccess.Client.OpoSqlValCtx*, System.Object, System.String, Boolean, Int32, Oracle.DataAccess.Client.OracleLogicalTransaction), Línea: 0] - ORA-01476: divisor is equal to zero
ORA-06512: at "MRVMM.PKG_MRV_INICIATIVA_MITIGACION", line 819
ORA-06512: at line 1
3/02/2020 01:18:06: [Método: Void HandleError(Int32, Oracle.DataAccess.Client.OracleConnection, System.String, IntPtr, Oracle.DataAccess.Client.OpoSqlValCtx*, System.Object, Boolean, Oracle.DataAccess.Client.OracleLogicalTransaction), Línea: 0] - ORA-01476: divisor is equal to zero
ORA-06512: at "MRVMM.PKG_MRV_INICIATIVA_MITIGACION", line 819
ORA-06512: at line 1
3/02/2020 01:18:06: [Método: Oracle.DataAccess.Client.OracleDataReader ExecuteReader(Boolean, Boolean, System.Data.CommandBehavior), Línea: 0] - ORA-01476: divisor is equal to zero
ORA-06512: at "MRVMM.PKG_MRV_INICIATIVA_MITIGACION", line 819
ORA-06512: at line 1
3/02/2020 01:18:06: [Método: System.Data.Common.DbDataReader ExecuteDbDataReader(System.Data.CommandBehavior), Línea: 0] - ORA-01476: divisor is equal to zero
ORA-06512: at "MRVMM.PKG_MRV_INICIATIVA_MITIGACION", line 819
ORA-06512: at line 1
3/02/2020 01:18:06: [Método: System.Data.IDataReader ExecuteReaderWithFlagsFallback(System.Data.IDbCommand, Boolean, System.Data.CommandBehavior), Línea: 0] - ORA-01476: divisor is equal to zero
ORA-06512: at "MRVMM.PKG_MRV_INICIATIVA_MITIGACION", line 819
ORA-06512: at line 1
3/02/2020 01:18:06: [Método: Boolean MoveNext(), Línea: 0] - ORA-01476: divisor is equal to zero
ORA-06512: at "MRVMM.PKG_MRV_INICIATIVA_MITIGACION", line 819
ORA-06512: at line 1
3/02/2020 01:18:06: [Método: Void .ctor(System.Collections.Generic.IEnumerable`1[T]), Línea: 0] - ORA-01476: divisor is equal to zero
ORA-06512: at "MRVMM.PKG_MRV_INICIATIVA_MITIGACION", line 819
ORA-06512: at line 1
3/02/2020 01:18:06: [Método: System.Collections.Generic.List`1[TSource] ToList[TSource](System.Collections.Generic.IEnumerable`1[TSource]), Línea: 0] - ORA-01476: divisor is equal to zero
ORA-06512: at "MRVMM.PKG_MRV_INICIATIVA_MITIGACION", line 819
ORA-06512: at line 1
3/02/2020 01:18:06: [Método: System.Collections.Generic.IEnumerable`1[T] Query[T](System.Data.IDbConnection, System.String, System.Object, System.Data.IDbTransaction, Boolean, System.Nullable`1[System.Int32], System.Nullable`1[System.Data.CommandType]), Línea: 0] - ORA-01476: divisor is equal to zero
ORA-06512: at "MRVMM.PKG_MRV_INICIATIVA_MITIGACION", line 819
ORA-06512: at line 1
3/02/2020 01:18:06: [Método: System.Collections.Generic.List`1[entidad.minem.gob.pe.IniciativaBE] ListaIniciativaUsuario(entidad.minem.gob.pe.IniciativaBE), Línea: 0] - ORA-01476: divisor is equal to zero
ORA-06512: at "MRVMM.PKG_MRV_INICIATIVA_MITIGACION", line 819
ORA-06512: at line 1
3/02/2020 01:19:15: [Método: Void HandleErrorHelper(Int32, Oracle.DataAccess.Client.OracleConnection, IntPtr, Oracle.DataAccess.Client.OpoSqlValCtx*, System.Object, System.String, Boolean, Int32, Oracle.DataAccess.Client.OracleLogicalTransaction), Línea: 0] - ORA-01476: divisor is equal to zero
ORA-06512: at "MRVMM.PKG_MRV_INICIATIVA_MITIGACION", line 484
ORA-06512: at line 1
3/02/2020 01:19:15: [Método: Void HandleError(Int32, Oracle.DataAccess.Client.OracleConnection, System.String, IntPtr, Oracle.DataAccess.Client.OpoSqlValCtx*, System.Object, Boolean, Oracle.DataAccess.Client.OracleLogicalTransaction), Línea: 0] - ORA-01476: divisor is equal to zero
ORA-06512: at "MRVMM.PKG_MRV_INICIATIVA_MITIGACION", line 484
ORA-06512: at line 1
3/02/2020 01:19:15: [Método: Oracle.DataAccess.Client.OracleDataReader ExecuteReader(Boolean, Boolean, System.Data.CommandBehavior), Línea: 0] - ORA-01476: divisor is equal to zero
ORA-06512: at "MRVMM.PKG_MRV_INICIATIVA_MITIGACION", line 484
ORA-06512: at line 1
3/02/2020 01:19:15: [Método: System.Data.Common.DbDataReader ExecuteDbDataReader(System.Data.CommandBehavior), Línea: 0] - ORA-01476: divisor is equal to zero
ORA-06512: at "MRVMM.PKG_MRV_INICIATIVA_MITIGACION", line 484
ORA-06512: at line 1
3/02/2020 01:19:15: [Método: System.Data.IDataReader ExecuteReaderWithFlagsFallback(System.Data.IDbCommand, Boolean, System.Data.CommandBehavior), Línea: 0] - ORA-01476: divisor is equal to zero
ORA-06512: at "MRVMM.PKG_MRV_INICIATIVA_MITIGACION", line 484
ORA-06512: at line 1
3/02/2020 01:19:15: [Método: Boolean MoveNext(), Línea: 0] - ORA-01476: divisor is equal to zero
ORA-06512: at "MRVMM.PKG_MRV_INICIATIVA_MITIGACION", line 484
ORA-06512: at line 1
3/02/2020 01:19:15: [Método: Void .ctor(System.Collections.Generic.IEnumerable`1[T]), Línea: 0] - ORA-01476: divisor is equal to zero
ORA-06512: at "MRVMM.PKG_MRV_INICIATIVA_MITIGACION", line 484
ORA-06512: at line 1
3/02/2020 01:19:15: [Método: System.Collections.Generic.List`1[TSource] ToList[TSource](System.Collections.Generic.IEnumerable`1[TSource]), Línea: 0] - ORA-01476: divisor is equal to zero
ORA-06512: at "MRVMM.PKG_MRV_INICIATIVA_MITIGACION", line 484
ORA-06512: at line 1
3/02/2020 01:19:15: [Método: System.Collections.Generic.IEnumerable`1[T] Query[T](System.Data.IDbConnection, System.String, System.Object, System.Data.IDbTransaction, Boolean, System.Nullable`1[System.Int32], System.Nullable`1[System.Data.CommandType]), Línea: 0] - ORA-01476: divisor is equal to zero
ORA-06512: at "MRVMM.PKG_MRV_INICIATIVA_MITIGACION", line 484
ORA-06512: at line 1
3/02/2020 01:19:15: [Método: System.Collections.Generic.List`1[entidad.minem.gob.pe.IniciativaBE] ListaIniciativaEspecialista(entidad.minem.gob.pe.IniciativaBE), Línea: 0] - ORA-01476: divisor is equal to zero
ORA-06512: at "MRVMM.PKG_MRV_INICIATIVA_MITIGACION", line 484
ORA-06512: at line 1
3/02/2020 01:36:57: [Método: Void HandleErrorHelper(Int32, Oracle.DataAccess.Client.OracleConnection, IntPtr, Oracle.DataAccess.Client.OpoSqlValCtx*, System.Object, System.String, Boolean, Int32, Oracle.DataAccess.Client.OracleLogicalTransaction), Línea: 0] - ORA-06550: line 1, column 7:
PLS-00201: identifier 'PKG_MRV_DETALLE_INDICADORES.USP_SEL_INICIATIVA_SUSTENTO' must be declared
ORA-06550: line 1, column 7:
PL/SQL: Statement ignored
3/02/2020 01:36:57: [Método: Void HandleError(Int32, Oracle.DataAccess.Client.OracleConnection, System.String, IntPtr, Oracle.DataAccess.Client.OpoSqlValCtx*, System.Object, Boolean, Oracle.DataAccess.Client.OracleLogicalTransaction), Línea: 0] - ORA-06550: line 1, column 7:
PLS-00201: identifier 'PKG_MRV_DETALLE_INDICADORES.USP_SEL_INICIATIVA_SUSTENTO' must be declared
ORA-06550: line 1, column 7:
PL/SQL: Statement ignored
3/02/2020 01:36:57: [Método: Oracle.DataAccess.Client.OracleDataReader ExecuteReader(Boolean, Boolean, System.Data.CommandBehavior), Línea: 0] - ORA-06550: line 1, column 7:
PLS-00201: identifier 'PKG_MRV_DETALLE_INDICADORES.USP_SEL_INICIATIVA_SUSTENTO' must be declared
ORA-06550: line 1, column 7:
PL/SQL: Statement ignored
3/02/2020 01:36:57: [Método: System.Data.Common.DbDataReader ExecuteDbDataReader(System.Data.CommandBehavior), Línea: 0] - ORA-06550: line 1, column 7:
PLS-00201: identifier 'PKG_MRV_DETALLE_INDICADORES.USP_SEL_INICIATIVA_SUSTENTO' must be declared
ORA-06550: line 1, column 7:
PL/SQL: Statement ignored
3/02/2020 01:36:57: [Método: System.Data.IDataReader ExecuteReaderWithFlagsFallback(System.Data.IDbCommand, Boolean, System.Data.CommandBehavior), Línea: 0] - ORA-06550: line 1, column 7:
PLS-00201: identifier 'PKG_MRV_DETALLE_INDICADORES.USP_SEL_INICIATIVA_SUSTENTO' must be declared
ORA-06550: line 1, column 7:
PL/SQL: Statement ignored
3/02/2020 01:36:57: [Método: Boolean MoveNext(), Línea: 0] - ORA-06550: line 1, column 7:
PLS-00201: identifier 'PKG_MRV_DETALLE_INDICADORES.USP_SEL_INICIATIVA_SUSTENTO' must be declared
ORA-06550: line 1, column 7:
PL/SQL: Statement ignored
3/02/2020 01:36:57: [Método: Void .ctor(System.Collections.Generic.IEnumerable`1[T]), Línea: 0] - ORA-06550: line 1, column 7:
PLS-00201: identifier 'PKG_MRV_DETALLE_INDICADORES.USP_SEL_INICIATIVA_SUSTENTO' must be declared
ORA-06550: line 1, column 7:
PL/SQL: Statement ignored
3/02/2020 01:36:57: [Método: System.Collections.Generic.List`1[TSource] ToList[TSource](System.Collections.Generic.IEnumerable`1[TSource]), Línea: 0] - ORA-06550: line 1, column 7:
PLS-00201: identifier 'PKG_MRV_DETALLE_INDICADORES.USP_SEL_INICIATIVA_SUSTENTO' must be declared
ORA-06550: line 1, column 7:
PL/SQL: Statement ignored
3/02/2020 01:36:57: [Método: System.Collections.Generic.IEnumerable`1[T] Query[T](System.Data.IDbConnection, System.String, System.Object, System.Data.IDbTransaction, Boolean, System.Nullable`1[System.Int32], System.Nullable`1[System.Data.CommandType]), Línea: 0] - ORA-06550: line 1, column 7:
PLS-00201: identifier 'PKG_MRV_DETALLE_INDICADORES.USP_SEL_INICIATIVA_SUSTENTO' must be declared
ORA-06550: line 1, column 7:
PL/SQL: Statement ignored
3/02/2020 01:36:57: [Método: System.Collections.Generic.List`1[entidad.minem.gob.pe.SustentoIniciativaBE] ListaSustentoIniciativa(entidad.minem.gob.pe.SustentoIniciativaBE), Línea: 0] - ORA-06550: line 1, column 7:
PLS-00201: identifier 'PKG_MRV_DETALLE_INDICADORES.USP_SEL_INICIATIVA_SUSTENTO' must be declared
ORA-06550: line 1, column 7:
PL/SQL: Statement ignored
3/02/2020 01:39:04: [Método: Void HandleErrorHelper(Int32, Oracle.DataAccess.Client.OracleConnection, IntPtr, Oracle.DataAccess.Client.OpoSqlValCtx*, System.Object, System.String, Boolean, Int32, Oracle.DataAccess.Client.OracleLogicalTransaction), Línea: 0] - ORA-06550: line 1, column 7:
PLS-00201: identifier 'PKG_MRV_DETALLE_INDICADORES.USP_SEL_INICIATIVA_SUSTENTO' must be declared
ORA-06550: line 1, column 7:
PL/SQL: Statement ignored
3/02/2020 01:39:04: [Método: Void HandleError(Int32, Oracle.DataAccess.Client.OracleConnection, System.String, IntPtr, Oracle.DataAccess.Client.OpoSqlValCtx*, System.Object, Boolean, Oracle.DataAccess.Client.OracleLogicalTransaction), Línea: 0] - ORA-06550: line 1, column 7:
PLS-00201: identifier 'PKG_MRV_DETALLE_INDICADORES.USP_SEL_INICIATIVA_SUSTENTO' must be declared
ORA-06550: line 1, column 7:
PL/SQL: Statement ignored
3/02/2020 01:39:04: [Método: Oracle.DataAccess.Client.OracleDataReader ExecuteReader(Boolean, Boolean, System.Data.CommandBehavior), Línea: 0] - ORA-06550: line 1, column 7:
PLS-00201: identifier 'PKG_MRV_DETALLE_INDICADORES.USP_SEL_INICIATIVA_SUSTENTO' must be declared
ORA-06550: line 1, column 7:
PL/SQL: Statement ignored
3/02/2020 01:39:04: [Método: System.Data.Common.DbDataReader ExecuteDbDataReader(System.Data.CommandBehavior), Línea: 0] - ORA-06550: line 1, column 7:
PLS-00201: identifier 'PKG_MRV_DETALLE_INDICADORES.USP_SEL_INICIATIVA_SUSTENTO' must be declared
ORA-06550: line 1, column 7:
PL/SQL: Statement ignored
3/02/2020 01:39:04: [Método: System.Data.IDataReader ExecuteReaderWithFlagsFallback(System.Data.IDbCommand, Boolean, System.Data.CommandBehavior), Línea: 0] - ORA-06550: line 1, column 7:
PLS-00201: identifier 'PKG_MRV_DETALLE_INDICADORES.USP_SEL_INICIATIVA_SUSTENTO' must be declared
ORA-06550: line 1, column 7:
PL/SQL: Statement ignored
3/02/2020 01:39:04: [Método: Boolean MoveNext(), Línea: 0] - ORA-06550: line 1, column 7:
PLS-00201: identifier 'PKG_MRV_DETALLE_INDICADORES.USP_SEL_INICIATIVA_SUSTENTO' must be declared
ORA-06550: line 1, column 7:
PL/SQL: Statement ignored
3/02/2020 01:39:04: [Método: Void .ctor(System.Collections.Generic.IEnumerable`1[T]), Línea: 0] - ORA-06550: line 1, column 7:
PLS-00201: identifier 'PKG_MRV_DETALLE_INDICADORES.USP_SEL_INICIATIVA_SUSTENTO' must be declared
ORA-06550: line 1, column 7:
PL/SQL: Statement ignored
3/02/2020 01:39:04: [Método: System.Collections.Generic.List`1[TSource] ToList[TSource](System.Collections.Generic.IEnumerable`1[TSource]), Línea: 0] - ORA-06550: line 1, column 7:
PLS-00201: identifier 'PKG_MRV_DETALLE_INDICADORES.USP_SEL_INICIATIVA_SUSTENTO' must be declared
ORA-06550: line 1, column 7:
PL/SQL: Statement ignored
3/02/2020 01:39:04: [Método: System.Collections.Generic.IEnumerable`1[T] Query[T](System.Data.IDbConnection, System.String, System.Object, System.Data.IDbTransaction, Boolean, System.Nullable`1[System.Int32], System.Nullable`1[System.Data.CommandType]), Línea: 0] - ORA-06550: line 1, column 7:
PLS-00201: identifier 'PKG_MRV_DETALLE_INDICADORES.USP_SEL_INICIATIVA_SUSTENTO' must be declared
ORA-06550: line 1, column 7:
PL/SQL: Statement ignored
3/02/2020 01:39:04: [Método: System.Collections.Generic.List`1[entidad.minem.gob.pe.SustentoIniciativaBE] ListaSustentoIniciativa(entidad.minem.gob.pe.SustentoIniciativaBE), Línea: 0] - ORA-06550: line 1, column 7:
PLS-00201: identifier 'PKG_MRV_DETALLE_INDICADORES.USP_SEL_INICIATIVA_SUSTENTO' must be declared
ORA-06550: line 1, column 7:
PL/SQL: Statement ignored
3/02/2020 01:39:42: [Método: Void HandleErrorHelper(Int32, Oracle.DataAccess.Client.OracleConnection, IntPtr, Oracle.DataAccess.Client.OpoSqlValCtx*, System.Object, System.String, Boolean, Int32, Oracle.DataAccess.Client.OracleLogicalTransaction), Línea: 0] - ORA-01476: divisor is equal to zero
ORA-06512: at "MRVMM.PKG_MRV_INICIATIVA_MITIGACION", line 819
ORA-06512: at line 1
3/02/2020 01:39:42: [Método: Void HandleError(Int32, Oracle.DataAccess.Client.OracleConnection, System.String, IntPtr, Oracle.DataAccess.Client.OpoSqlValCtx*, System.Object, Boolean, Oracle.DataAccess.Client.OracleLogicalTransaction), Línea: 0] - ORA-01476: divisor is equal to zero
ORA-06512: at "MRVMM.PKG_MRV_INICIATIVA_MITIGACION", line 819
ORA-06512: at line 1
3/02/2020 01:39:42: [Método: Oracle.DataAccess.Client.OracleDataReader ExecuteReader(Boolean, Boolean, System.Data.CommandBehavior), Línea: 0] - ORA-01476: divisor is equal to zero
ORA-06512: at "MRVMM.PKG_MRV_INICIATIVA_MITIGACION", line 819
ORA-06512: at line 1
3/02/2020 01:39:42: [Método: System.Data.Common.DbDataReader ExecuteDbDataReader(System.Data.CommandBehavior), Línea: 0] - ORA-01476: divisor is equal to zero
ORA-06512: at "MRVMM.PKG_MRV_INICIATIVA_MITIGACION", line 819
ORA-06512: at line 1
3/02/2020 01:39:42: [Método: System.Data.IDataReader ExecuteReaderWithFlagsFallback(System.Data.IDbCommand, Boolean, System.Data.CommandBehavior), Línea: 0] - ORA-01476: divisor is equal to zero
ORA-06512: at "MRVMM.PKG_MRV_INICIATIVA_MITIGACION", line 819
ORA-06512: at line 1
3/02/2020 01:39:42: [Método: Boolean MoveNext(), Línea: 0] - ORA-01476: divisor is equal to zero
ORA-06512: at "MRVMM.PKG_MRV_INICIATIVA_MITIGACION", line 819
ORA-06512: at line 1
3/02/2020 01:39:42: [Método: Void .ctor(System.Collections.Generic.IEnumerable`1[T]), Línea: 0] - ORA-01476: divisor is equal to zero
ORA-06512: at "MRVMM.PKG_MRV_INICIATIVA_MITIGACION", line 819
ORA-06512: at line 1
3/02/2020 01:39:42: [Método: System.Collections.Generic.List`1[TSource] ToList[TSource](System.Collections.Generic.IEnumerable`1[TSource]), Línea: 0] - ORA-01476: divisor is equal to zero
ORA-06512: at "MRVMM.PKG_MRV_INICIATIVA_MITIGACION", line 819
ORA-06512: at line 1
3/02/2020 01:39:42: [Método: System.Collections.Generic.IEnumerable`1[T] Query[T](System.Data.IDbConnection, System.String, System.Object, System.Data.IDbTransaction, Boolean, System.Nullable`1[System.Int32], System.Nullable`1[System.Data.CommandType]), Línea: 0] - ORA-01476: divisor is equal to zero
ORA-06512: at "MRVMM.PKG_MRV_INICIATIVA_MITIGACION", line 819
ORA-06512: at line 1
3/02/2020 01:39:42: [Método: System.Collections.Generic.List`1[entidad.minem.gob.pe.IniciativaBE] ListaIniciativaUsuario(entidad.minem.gob.pe.IniciativaBE), Línea: 0] - ORA-01476: divisor is equal to zero
ORA-06512: at "MRVMM.PKG_MRV_INICIATIVA_MITIGACION", line 819
ORA-06512: at line 1
3/02/2020 01:39:50: [Método: Void HandleErrorHelper(Int32, Oracle.DataAccess.Client.OracleConnection, IntPtr, Oracle.DataAccess.Client.OpoSqlValCtx*, System.Object, System.String, Boolean, Int32, Oracle.DataAccess.Client.OracleLogicalTransaction), Línea: 0] - ORA-01476: divisor is equal to zero
ORA-06512: at "MRVMM.PKG_MRV_INICIATIVA_MITIGACION", line 484
ORA-06512: at line 1
3/02/2020 01:39:50: [Método: Void HandleError(Int32, Oracle.DataAccess.Client.OracleConnection, System.String, IntPtr, Oracle.DataAccess.Client.OpoSqlValCtx*, System.Object, Boolean, Oracle.DataAccess.Client.OracleLogicalTransaction), Línea: 0] - ORA-01476: divisor is equal to zero
ORA-06512: at "MRVMM.PKG_MRV_INICIATIVA_MITIGACION", line 484
ORA-06512: at line 1
3/02/2020 01:39:50: [Método: Oracle.DataAccess.Client.OracleDataReader ExecuteReader(Boolean, Boolean, System.Data.CommandBehavior), Línea: 0] - ORA-01476: divisor is equal to zero
ORA-06512: at "MRVMM.PKG_MRV_INICIATIVA_MITIGACION", line 484
ORA-06512: at line 1
3/02/2020 01:39:50: [Método: System.Data.Common.DbDataReader ExecuteDbDataReader(System.Data.CommandBehavior), Línea: 0] - ORA-01476: divisor is equal to zero
ORA-06512: at "MRVMM.PKG_MRV_INICIATIVA_MITIGACION", line 484
ORA-06512: at line 1
3/02/2020 01:39:50: [Método: System.Data.IDataReader ExecuteReaderWithFlagsFallback(System.Data.IDbCommand, Boolean, System.Data.CommandBehavior), Línea: 0] - ORA-01476: divisor is equal to zero
ORA-06512: at "MRVMM.PKG_MRV_INICIATIVA_MITIGACION", line 484
ORA-06512: at line 1
3/02/2020 01:39:50: [Método: Boolean MoveNext(), Línea: 0] - ORA-01476: divisor is equal to zero
ORA-06512: at "MRVMM.PKG_MRV_INICIATIVA_MITIGACION", line 484
ORA-06512: at line 1
3/02/2020 01:39:50: [Método: Void .ctor(System.Collections.Generic.IEnumerable`1[T]), Línea: 0] - ORA-01476: divisor is equal to zero
ORA-06512: at "MRVMM.PKG_MRV_INICIATIVA_MITIGACION", line 484
ORA-06512: at line 1
3/02/2020 01:39:50: [Método: System.Collections.Generic.List`1[TSource] ToList[TSource](System.Collections.Generic.IEnumerable`1[TSource]), Línea: 0] - ORA-01476: divisor is equal to zero
ORA-06512: at "MRVMM.PKG_MRV_INICIATIVA_MITIGACION", line 484
ORA-06512: at line 1
3/02/2020 01:39:50: [Método: System.Collections.Generic.IEnumerable`1[T] Query[T](System.Data.IDbConnection, System.String, System.Object, System.Data.IDbTransaction, Boolean, System.Nullable`1[System.Int32], System.Nullable`1[System.Data.CommandType]), Línea: 0] - ORA-01476: divisor is equal to zero
ORA-06512: at "MRVMM.PKG_MRV_INICIATIVA_MITIGACION", line 484
ORA-06512: at line 1
3/02/2020 01:39:50: [Método: System.Collections.Generic.List`1[entidad.minem.gob.pe.IniciativaBE] ListaIniciativaEspecialista(entidad.minem.gob.pe.IniciativaBE), Línea: 0] - ORA-01476: divisor is equal to zero
ORA-06512: at "MRVMM.PKG_MRV_INICIATIVA_MITIGACION", line 484
ORA-06512: at line 1
3/02/2020 01:40:03: [Método: Void HandleErrorHelper(Int32, Oracle.DataAccess.Client.OracleConnection, IntPtr, Oracle.DataAccess.Client.OpoSqlValCtx*, System.Object, System.String, Boolean, Int32, Oracle.DataAccess.Client.OracleLogicalTransaction), Línea: 0] - ORA-06550: line 1, column 7:
PLS-00201: identifier 'PKG_MRV_DETALLE_INDICADORES.USP_SEL_INICIATIVA_SUSTENTO' must be declared
ORA-06550: line 1, column 7:
PL/SQL: Statement ignored
3/02/2020 01:40:03: [Método: Void HandleError(Int32, Oracle.DataAccess.Client.OracleConnection, System.String, IntPtr, Oracle.DataAccess.Client.OpoSqlValCtx*, System.Object, Boolean, Oracle.DataAccess.Client.OracleLogicalTransaction), Línea: 0] - ORA-06550: line 1, column 7:
PLS-00201: identifier 'PKG_MRV_DETALLE_INDICADORES.USP_SEL_INICIATIVA_SUSTENTO' must be declared
ORA-06550: line 1, column 7:
PL/SQL: Statement ignored
3/02/2020 01:40:03: [Método: Oracle.DataAccess.Client.OracleDataReader ExecuteReader(Boolean, Boolean, System.Data.CommandBehavior), Línea: 0] - ORA-06550: line 1, column 7:
PLS-00201: identifier 'PKG_MRV_DETALLE_INDICADORES.USP_SEL_INICIATIVA_SUSTENTO' must be declared
ORA-06550: line 1, column 7:
PL/SQL: Statement ignored
3/02/2020 01:40:03: [Método: System.Data.Common.DbDataReader ExecuteDbDataReader(System.Data.CommandBehavior), Línea: 0] - ORA-06550: line 1, column 7:
PLS-00201: identifier 'PKG_MRV_DETALLE_INDICADORES.USP_SEL_INICIATIVA_SUSTENTO' must be declared
ORA-06550: line 1, column 7:
PL/SQL: Statement ignored
3/02/2020 01:40:03: [Método: System.Data.IDataReader ExecuteReaderWithFlagsFallback(System.Data.IDbCommand, Boolean, System.Data.CommandBehavior), Línea: 0] - ORA-06550: line 1, column 7:
PLS-00201: identifier 'PKG_MRV_DETALLE_INDICADORES.USP_SEL_INICIATIVA_SUSTENTO' must be declared
ORA-06550: line 1, column 7:
PL/SQL: Statement ignored
3/02/2020 01:40:03: [Método: Boolean MoveNext(), Línea: 0] - ORA-06550: line 1, column 7:
PLS-00201: identifier 'PKG_MRV_DETALLE_INDICADORES.USP_SEL_INICIATIVA_SUSTENTO' must be declared
ORA-06550: line 1, column 7:
PL/SQL: Statement ignored
3/02/2020 01:40:03: [Método: Void .ctor(System.Collections.Generic.IEnumerable`1[T]), Línea: 0] - ORA-06550: line 1, column 7:
PLS-00201: identifier 'PKG_MRV_DETALLE_INDICADORES.USP_SEL_INICIATIVA_SUSTENTO' must be declared
ORA-06550: line 1, column 7:
PL/SQL: Statement ignored
3/02/2020 01:40:03: [Método: System.Collections.Generic.List`1[TSource] ToList[TSource](System.Collections.Generic.IEnumerable`1[TSource]), Línea: 0] - ORA-06550: line 1, column 7:
PLS-00201: identifier 'PKG_MRV_DETALLE_INDICADORES.USP_SEL_INICIATIVA_SUSTENTO' must be declared
ORA-06550: line 1, column 7:
PL/SQL: Statement ignored
3/02/2020 01:40:03: [Método: System.Collections.Generic.IEnumerable`1[T] Query[T](System.Data.IDbConnection, System.String, System.Object, System.Data.IDbTransaction, Boolean, System.Nullable`1[System.Int32], System.Nullable`1[System.Data.CommandType]), Línea: 0] - ORA-06550: line 1, column 7:
PLS-00201: identifier 'PKG_MRV_DETALLE_INDICADORES.USP_SEL_INICIATIVA_SUSTENTO' must be declared
ORA-06550: line 1, column 7:
PL/SQL: Statement ignored
3/02/2020 01:40:03: [Método: System.Collections.Generic.List`1[entidad.minem.gob.pe.SustentoIniciativaBE] ListaSustentoIniciativa(entidad.minem.gob.pe.SustentoIniciativaBE), Línea: 0] - ORA-06550: line 1, column 7:
PLS-00201: identifier 'PKG_MRV_DETALLE_INDICADORES.USP_SEL_INICIATIVA_SUSTENTO' must be declared
ORA-06550: line 1, column 7:
PL/SQL: Statement ignored
3/02/2020 01:40:29: [Método: Void HandleErrorHelper(Int32, Oracle.DataAccess.Client.OracleConnection, IntPtr, Oracle.DataAccess.Client.OpoSqlValCtx*, System.Object, System.String, Boolean, Int32, Oracle.DataAccess.Client.OracleLogicalTransaction), Línea: 0] - ORA-06550: line 1, column 7:
PLS-00201: identifier 'PKG_MRV_DETALLE_INDICADORES.USP_SEL_INICIATIVA_SUSTENTO' must be declared
ORA-06550: line 1, column 7:
PL/SQL: Statement ignored
3/02/2020 01:40:29: [Método: Void HandleError(Int32, Oracle.DataAccess.Client.OracleConnection, System.String, IntPtr, Oracle.DataAccess.Client.OpoSqlValCtx*, System.Object, Boolean, Oracle.DataAccess.Client.OracleLogicalTransaction), Línea: 0] - ORA-06550: line 1, column 7:
PLS-00201: identifier 'PKG_MRV_DETALLE_INDICADORES.USP_SEL_INICIATIVA_SUSTENTO' must be declared
ORA-06550: line 1, column 7:
PL/SQL: Statement ignored
3/02/2020 01:40:29: [Método: Oracle.DataAccess.Client.OracleDataReader ExecuteReader(Boolean, Boolean, System.Data.CommandBehavior), Línea: 0] - ORA-06550: line 1, column 7:
PLS-00201: identifier 'PKG_MRV_DETALLE_INDICADORES.USP_SEL_INICIATIVA_SUSTENTO' must be declared
ORA-06550: line 1, column 7:
PL/SQL: Statement ignored
3/02/2020 01:40:29: [Método: System.Data.Common.DbDataReader ExecuteDbDataReader(System.Data.CommandBehavior), Línea: 0] - ORA-06550: line 1, column 7:
PLS-00201: identifier 'PKG_MRV_DETALLE_INDICADORES.USP_SEL_INICIATIVA_SUSTENTO' must be declared
ORA-06550: line 1, column 7:
PL/SQL: Statement ignored
3/02/2020 01:40:29: [Método: System.Data.IDataReader ExecuteReaderWithFlagsFallback(System.Data.IDbCommand, Boolean, System.Data.CommandBehavior), Línea: 0] - ORA-06550: line 1, column 7:
PLS-00201: identifier 'PKG_MRV_DETALLE_INDICADORES.USP_SEL_INICIATIVA_SUSTENTO' must be declared
ORA-06550: line 1, column 7:
PL/SQL: Statement ignored
3/02/2020 01:40:29: [Método: Boolean MoveNext(), Línea: 0] - ORA-06550: line 1, column 7:
PLS-00201: identifier 'PKG_MRV_DETALLE_INDICADORES.USP_SEL_INICIATIVA_SUSTENTO' must be declared
ORA-06550: line 1, column 7:
PL/SQL: Statement ignored
3/02/2020 01:40:29: [Método: Void .ctor(System.Collections.Generic.IEnumerable`1[T]), Línea: 0] - ORA-06550: line 1, column 7:
PLS-00201: identifier 'PKG_MRV_DETALLE_INDICADORES.USP_SEL_INICIATIVA_SUSTENTO' must be declared
ORA-06550: line 1, column 7:
PL/SQL: Statement ignored
3/02/2020 01:40:29: [Método: System.Collections.Generic.List`1[TSource] ToList[TSource](System.Collections.Generic.IEnumerable`1[TSource]), Línea: 0] - ORA-06550: line 1, column 7:
PLS-00201: identifier 'PKG_MRV_DETALLE_INDICADORES.USP_SEL_INICIATIVA_SUSTENTO' must be declared
ORA-06550: line 1, column 7:
PL/SQL: Statement ignored
3/02/2020 01:40:29: [Método: System.Collections.Generic.IEnumerable`1[T] Query[T](System.Data.IDbConnection, System.String, System.Object, System.Data.IDbTransaction, Boolean, System.Nullable`1[System.Int32], System.Nullable`1[System.Data.CommandType]), Línea: 0] - ORA-06550: line 1, column 7:
PLS-00201: identifier 'PKG_MRV_DETALLE_INDICADORES.USP_SEL_INICIATIVA_SUSTENTO' must be declared
ORA-06550: line 1, column 7:
PL/SQL: Statement ignored
3/02/2020 01:40:29: [Método: System.Collections.Generic.List`1[entidad.minem.gob.pe.SustentoIniciativaBE] ListaSustentoIniciativa(entidad.minem.gob.pe.SustentoIniciativaBE), Línea: 0] - ORA-06550: line 1, column 7:
PLS-00201: identifier 'PKG_MRV_DETALLE_INDICADORES.USP_SEL_INICIATIVA_SUSTENTO' must be declared
ORA-06550: line 1, column 7:
PL/SQL: Statement ignored
3/02/2020 01:43:37: [Método: Void HandleErrorHelper(Int32, Oracle.DataAccess.Client.OracleConnection, IntPtr, Oracle.DataAccess.Client.OpoSqlValCtx*, System.Object, System.String, Boolean, Int32, Oracle.DataAccess.Client.OracleLogicalTransaction), Línea: 0] - ORA-01476: divisor is equal to zero
ORA-06512: at "MRVMM.PKG_MRV_INICIATIVA_MITIGACION", line 484
ORA-06512: at line 1
3/02/2020 01:43:37: [Método: Void HandleError(Int32, Oracle.DataAccess.Client.OracleConnection, System.String, IntPtr, Oracle.DataAccess.Client.OpoSqlValCtx*, System.Object, Boolean, Oracle.DataAccess.Client.OracleLogicalTransaction), Línea: 0] - ORA-01476: divisor is equal to zero
ORA-06512: at "MRVMM.PKG_MRV_INICIATIVA_MITIGACION", line 484
ORA-06512: at line 1
3/02/2020 01:43:37: [Método: Oracle.DataAccess.Client.OracleDataReader ExecuteReader(Boolean, Boolean, System.Data.CommandBehavior), Línea: 0] - ORA-01476: divisor is equal to zero
ORA-06512: at "MRVMM.PKG_MRV_INICIATIVA_MITIGACION", line 484
ORA-06512: at line 1
3/02/2020 01:43:37: [Método: System.Data.Common.DbDataReader ExecuteDbDataReader(System.Data.CommandBehavior), Línea: 0] - ORA-01476: divisor is equal to zero
ORA-06512: at "MRVMM.PKG_MRV_INICIATIVA_MITIGACION", line 484
ORA-06512: at line 1
3/02/2020 01:43:37: [Método: System.Data.IDataReader ExecuteReaderWithFlagsFallback(System.Data.IDbCommand, Boolean, System.Data.CommandBehavior), Línea: 0] - ORA-01476: divisor is equal to zero
ORA-06512: at "MRVMM.PKG_MRV_INICIATIVA_MITIGACION", line 484
ORA-06512: at line 1
3/02/2020 01:43:37: [Método: Boolean MoveNext(), Línea: 0] - ORA-01476: divisor is equal to zero
ORA-06512: at "MRVMM.PKG_MRV_INICIATIVA_MITIGACION", line 484
ORA-06512: at line 1
3/02/2020 01:43:37: [Método: Void .ctor(System.Collections.Generic.IEnumerable`1[T]), Línea: 0] - ORA-01476: divisor is equal to zero
ORA-06512: at "MRVMM.PKG_MRV_INICIATIVA_MITIGACION", line 484
ORA-06512: at line 1
3/02/2020 01:43:37: [Método: System.Collections.Generic.List`1[TSource] ToList[TSource](System.Collections.Generic.IEnumerable`1[TSource]), Línea: 0] - ORA-01476: divisor is equal to zero
ORA-06512: at "MRVMM.PKG_MRV_INICIATIVA_MITIGACION", line 484
ORA-06512: at line 1
3/02/2020 01:43:37: [Método: System.Collections.Generic.IEnumerable`1[T] Query[T](System.Data.IDbConnection, System.String, System.Object, System.Data.IDbTransaction, Boolean, System.Nullable`1[System.Int32], System.Nullable`1[System.Data.CommandType]), Línea: 0] - ORA-01476: divisor is equal to zero
ORA-06512: at "MRVMM.PKG_MRV_INICIATIVA_MITIGACION", line 484
ORA-06512: at line 1
3/02/2020 01:43:37: [Método: System.Collections.Generic.List`1[entidad.minem.gob.pe.IniciativaBE] ListaIniciativaEspecialista(entidad.minem.gob.pe.IniciativaBE), Línea: 0] - ORA-01476: divisor is equal to zero
ORA-06512: at "MRVMM.PKG_MRV_INICIATIVA_MITIGACION", line 484
ORA-06512: at line 1
3/02/2020 01:43:54: [Método: Void HandleErrorHelper(Int32, Oracle.DataAccess.Client.OracleConnection, IntPtr, Oracle.DataAccess.Client.OpoSqlValCtx*, System.Object, System.String, Boolean, Int32, Oracle.DataAccess.Client.OracleLogicalTransaction), Línea: 0] - ORA-01476: divisor is equal to zero
ORA-06512: at "MRVMM.PKG_MRV_INICIATIVA_MITIGACION", line 819
ORA-06512: at line 1
3/02/2020 01:43:54: [Método: Void HandleError(Int32, Oracle.DataAccess.Client.OracleConnection, System.String, IntPtr, Oracle.DataAccess.Client.OpoSqlValCtx*, System.Object, Boolean, Oracle.DataAccess.Client.OracleLogicalTransaction), Línea: 0] - ORA-01476: divisor is equal to zero
ORA-06512: at "MRVMM.PKG_MRV_INICIATIVA_MITIGACION", line 819
ORA-06512: at line 1
3/02/2020 01:43:54: [Método: Oracle.DataAccess.Client.OracleDataReader ExecuteReader(Boolean, Boolean, System.Data.CommandBehavior), Línea: 0] - ORA-01476: divisor is equal to zero
ORA-06512: at "MRVMM.PKG_MRV_INICIATIVA_MITIGACION", line 819
ORA-06512: at line 1
3/02/2020 01:43:54: [Método: System.Data.Common.DbDataReader ExecuteDbDataReader(System.Data.CommandBehavior), Línea: 0] - ORA-01476: divisor is equal to zero
ORA-06512: at "MRVMM.PKG_MRV_INICIATIVA_MITIGACION", line 819
ORA-06512: at line 1
3/02/2020 01:43:54: [Método: System.Data.IDataReader ExecuteReaderWithFlagsFallback(System.Data.IDbCommand, Boolean, System.Data.CommandBehavior), Línea: 0] - ORA-01476: divisor is equal to zero
ORA-06512: at "MRVMM.PKG_MRV_INICIATIVA_MITIGACION", line 819
ORA-06512: at line 1
3/02/2020 01:43:54: [Método: Boolean MoveNext(), Línea: 0] - ORA-01476: divisor is equal to zero
ORA-06512: at "MRVMM.PKG_MRV_INICIATIVA_MITIGACION", line 819
ORA-06512: at line 1
3/02/2020 01:43:54: [Método: Void .ctor(System.Collections.Generic.IEnumerable`1[T]), Línea: 0] - ORA-01476: divisor is equal to zero
ORA-06512: at "MRVMM.PKG_MRV_INICIATIVA_MITIGACION", line 819
ORA-06512: at line 1
3/02/2020 01:43:54: [Método: System.Collections.Generic.List`1[TSource] ToList[TSource](System.Collections.Generic.IEnumerable`1[TSource]), Línea: 0] - ORA-01476: divisor is equal to zero
ORA-06512: at "MRVMM.PKG_MRV_INICIATIVA_MITIGACION", line 819
ORA-06512: at line 1
3/02/2020 01:43:54: [Método: System.Collections.Generic.IEnumerable`1[T] Query[T](System.Data.IDbConnection, System.String, System.Object, System.Data.IDbTransaction, Boolean, System.Nullable`1[System.Int32], System.Nullable`1[System.Data.CommandType]), Línea: 0] - ORA-01476: divisor is equal to zero
ORA-06512: at "MRVMM.PKG_MRV_INICIATIVA_MITIGACION", line 819
ORA-06512: at line 1
3/02/2020 01:43:54: [Método: System.Collections.Generic.List`1[entidad.minem.gob.pe.IniciativaBE] ListaIniciativaUsuario(entidad.minem.gob.pe.IniciativaBE), Línea: 0] - ORA-01476: divisor is equal to zero
ORA-06512: at "MRVMM.PKG_MRV_INICIATIVA_MITIGACION", line 819
ORA-06512: at line 1
3/02/2020 01:46:42: [Método: Void HandleErrorHelper(Int32, Oracle.DataAccess.Client.OracleConnection, IntPtr, Oracle.DataAccess.Client.OpoSqlValCtx*, System.Object, System.String, Boolean, Int32, Oracle.DataAccess.Client.OracleLogicalTransaction), Línea: 0] - ORA-06550: line 1, column 7:
PLS-00201: identifier 'PKG_MRV_DETALLE_INDICADORES.USP_SEL_INICIATIVA_SUSTENTO' must be declared
ORA-06550: line 1, column 7:
PL/SQL: Statement ignored
3/02/2020 01:46:42: [Método: Void HandleError(Int32, Oracle.DataAccess.Client.OracleConnection, System.String, IntPtr, Oracle.DataAccess.Client.OpoSqlValCtx*, System.Object, Boolean, Oracle.DataAccess.Client.OracleLogicalTransaction), Línea: 0] - ORA-06550: line 1, column 7:
PLS-00201: identifier 'PKG_MRV_DETALLE_INDICADORES.USP_SEL_INICIATIVA_SUSTENTO' must be declared
ORA-06550: line 1, column 7:
PL/SQL: Statement ignored
3/02/2020 01:46:42: [Método: Oracle.DataAccess.Client.OracleDataReader ExecuteReader(Boolean, Boolean, System.Data.CommandBehavior), Línea: 0] - ORA-06550: line 1, column 7:
PLS-00201: identifier 'PKG_MRV_DETALLE_INDICADORES.USP_SEL_INICIATIVA_SUSTENTO' must be declared
ORA-06550: line 1, column 7:
PL/SQL: Statement ignored
3/02/2020 01:46:42: [Método: System.Data.Common.DbDataReader ExecuteDbDataReader(System.Data.CommandBehavior), Línea: 0] - ORA-06550: line 1, column 7:
PLS-00201: identifier 'PKG_MRV_DETALLE_INDICADORES.USP_SEL_INICIATIVA_SUSTENTO' must be declared
ORA-06550: line 1, column 7:
PL/SQL: Statement ignored
3/02/2020 01:46:42: [Método: System.Data.IDataReader ExecuteReaderWithFlagsFallback(System.Data.IDbCommand, Boolean, System.Data.CommandBehavior), Línea: 0] - ORA-06550: line 1, column 7:
PLS-00201: identifier 'PKG_MRV_DETALLE_INDICADORES.USP_SEL_INICIATIVA_SUSTENTO' must be declared
ORA-06550: line 1, column 7:
PL/SQL: Statement ignored
3/02/2020 01:46:42: [Método: Boolean MoveNext(), Línea: 0] - ORA-06550: line 1, column 7:
PLS-00201: identifier 'PKG_MRV_DETALLE_INDICADORES.USP_SEL_INICIATIVA_SUSTENTO' must be declared
ORA-06550: line 1, column 7:
PL/SQL: Statement ignored
3/02/2020 01:46:42: [Método: Void .ctor(System.Collections.Generic.IEnumerable`1[T]), Línea: 0] - ORA-06550: line 1, column 7:
PLS-00201: identifier 'PKG_MRV_DETALLE_INDICADORES.USP_SEL_INICIATIVA_SUSTENTO' must be declared
ORA-06550: line 1, column 7:
PL/SQL: Statement ignored
3/02/2020 01:46:42: [Método: System.Collections.Generic.List`1[TSource] ToList[TSource](System.Collections.Generic.IEnumerable`1[TSource]), Línea: 0] - ORA-06550: line 1, column 7:
PLS-00201: identifier 'PKG_MRV_DETALLE_INDICADORES.USP_SEL_INICIATIVA_SUSTENTO' must be declared
ORA-06550: line 1, column 7:
PL/SQL: Statement ignored
3/02/2020 01:46:42: [Método: System.Collections.Generic.IEnumerable`1[T] Query[T](System.Data.IDbConnection, System.String, System.Object, System.Data.IDbTransaction, Boolean, System.Nullable`1[System.Int32], System.Nullable`1[System.Data.CommandType]), Línea: 0] - ORA-06550: line 1, column 7:
PLS-00201: identifier 'PKG_MRV_DETALLE_INDICADORES.USP_SEL_INICIATIVA_SUSTENTO' must be declared
ORA-06550: line 1, column 7:
PL/SQL: Statement ignored
3/02/2020 01:46:42: [Método: System.Collections.Generic.List`1[entidad.minem.gob.pe.SustentoIniciativaBE] ListaSustentoIniciativa(entidad.minem.gob.pe.SustentoIniciativaBE), Línea: 0] - ORA-06550: line 1, column 7:
PLS-00201: identifier 'PKG_MRV_DETALLE_INDICADORES.USP_SEL_INICIATIVA_SUSTENTO' must be declared
ORA-06550: line 1, column 7:
PL/SQL: Statement ignored
3/02/2020 01:46:52: [Método: Void HandleErrorHelper(Int32, Oracle.DataAccess.Client.OracleConnection, IntPtr, Oracle.DataAccess.Client.OpoSqlValCtx*, System.Object, System.String, Boolean, Int32, Oracle.DataAccess.Client.OracleLogicalTransaction), Línea: 0] - ORA-01476: divisor is equal to zero
ORA-06512: at "MRVMM.PKG_MRV_INICIATIVA_MITIGACION", line 484
ORA-06512: at line 1
3/02/2020 01:46:52: [Método: Void HandleError(Int32, Oracle.DataAccess.Client.OracleConnection, System.String, IntPtr, Oracle.DataAccess.Client.OpoSqlValCtx*, System.Object, Boolean, Oracle.DataAccess.Client.OracleLogicalTransaction), Línea: 0] - ORA-01476: divisor is equal to zero
ORA-06512: at "MRVMM.PKG_MRV_INICIATIVA_MITIGACION", line 484
ORA-06512: at line 1
3/02/2020 01:46:52: [Método: Oracle.DataAccess.Client.OracleDataReader ExecuteReader(Boolean, Boolean, System.Data.CommandBehavior), Línea: 0] - ORA-01476: divisor is equal to zero
ORA-06512: at "MRVMM.PKG_MRV_INICIATIVA_MITIGACION", line 484
ORA-06512: at line 1
3/02/2020 01:46:52: [Método: System.Data.Common.DbDataReader ExecuteDbDataReader(System.Data.CommandBehavior), Línea: 0] - ORA-01476: divisor is equal to zero
ORA-06512: at "MRVMM.PKG_MRV_INICIATIVA_MITIGACION", line 484
ORA-06512: at line 1
3/02/2020 01:46:52: [Método: System.Data.IDataReader ExecuteReaderWithFlagsFallback(System.Data.IDbCommand, Boolean, System.Data.CommandBehavior), Línea: 0] - ORA-01476: divisor is equal to zero
ORA-06512: at "MRVMM.PKG_MRV_INICIATIVA_MITIGACION", line 484
ORA-06512: at line 1
3/02/2020 01:46:52: [Método: Boolean MoveNext(), Línea: 0] - ORA-01476: divisor is equal to zero
ORA-06512: at "MRVMM.PKG_MRV_INICIATIVA_MITIGACION", line 484
ORA-06512: at line 1
3/02/2020 01:46:52: [Método: Void .ctor(System.Collections.Generic.IEnumerable`1[T]), Línea: 0] - ORA-01476: divisor is equal to zero
ORA-06512: at "MRVMM.PKG_MRV_INICIATIVA_MITIGACION", line 484
ORA-06512: at line 1
3/02/2020 01:46:52: [Método: System.Collections.Generic.List`1[TSource] ToList[TSource](System.Collections.Generic.IEnumerable`1[TSource]), Línea: 0] - ORA-01476: divisor is equal to zero
ORA-06512: at "MRVMM.PKG_MRV_INICIATIVA_MITIGACION", line 484
ORA-06512: at line 1
3/02/2020 01:46:52: [Método: System.Collections.Generic.IEnumerable`1[T] Query[T](System.Data.IDbConnection, System.String, System.Object, System.Data.IDbTransaction, Boolean, System.Nullable`1[System.Int32], System.Nullable`1[System.Data.CommandType]), Línea: 0] - ORA-01476: divisor is equal to zero
ORA-06512: at "MRVMM.PKG_MRV_INICIATIVA_MITIGACION", line 484
ORA-06512: at line 1
3/02/2020 01:46:52: [Método: System.Collections.Generic.List`1[entidad.minem.gob.pe.IniciativaBE] ListaIniciativaEspecialista(entidad.minem.gob.pe.IniciativaBE), Línea: 0] - ORA-01476: divisor is equal to zero
ORA-06512: at "MRVMM.PKG_MRV_INICIATIVA_MITIGACION", line 484
ORA-06512: at line 1
3/02/2020 01:47:50: [Método: Void HandleErrorHelper(Int32, Oracle.DataAccess.Client.OracleConnection, IntPtr, Oracle.DataAccess.Client.OpoSqlValCtx*, System.Object, System.String, Boolean, Int32, Oracle.DataAccess.Client.OracleLogicalTransaction), Línea: 0] - ORA-01476: divisor is equal to zero
ORA-06512: at "MRVMM.PKG_MRV_INICIATIVA_MITIGACION", line 484
ORA-06512: at line 1
3/02/2020 01:47:50: [Método: Void HandleError(Int32, Oracle.DataAccess.Client.OracleConnection, System.String, IntPtr, Oracle.DataAccess.Client.OpoSqlValCtx*, System.Object, Boolean, Oracle.DataAccess.Client.OracleLogicalTransaction), Línea: 0] - ORA-01476: divisor is equal to zero
ORA-06512: at "MRVMM.PKG_MRV_INICIATIVA_MITIGACION", line 484
ORA-06512: at line 1
3/02/2020 01:47:50: [Método: Oracle.DataAccess.Client.OracleDataReader ExecuteReader(Boolean, Boolean, System.Data.CommandBehavior), Línea: 0] - ORA-01476: divisor is equal to zero
ORA-06512: at "MRVMM.PKG_MRV_INICIATIVA_MITIGACION", line 484
ORA-06512: at line 1
3/02/2020 01:47:50: [Método: System.Data.Common.DbDataReader ExecuteDbDataReader(System.Data.CommandBehavior), Línea: 0] - ORA-01476: divisor is equal to zero
ORA-06512: at "MRVMM.PKG_MRV_INICIATIVA_MITIGACION", line 484
ORA-06512: at line 1
3/02/2020 01:47:50: [Método: System.Data.IDataReader ExecuteReaderWithFlagsFallback(System.Data.IDbCommand, Boolean, System.Data.CommandBehavior), Línea: 0] - ORA-01476: divisor is equal to zero
ORA-06512: at "MRVMM.PKG_MRV_INICIATIVA_MITIGACION", line 484
ORA-06512: at line 1
3/02/2020 01:47:50: [Método: Boolean MoveNext(), Línea: 0] - ORA-01476: divisor is equal to zero
ORA-06512: at "MRVMM.PKG_MRV_INICIATIVA_MITIGACION", line 484
ORA-06512: at line 1
3/02/2020 01:47:50: [Método: Void .ctor(System.Collections.Generic.IEnumerable`1[T]), Línea: 0] - ORA-01476: divisor is equal to zero
ORA-06512: at "MRVMM.PKG_MRV_INICIATIVA_MITIGACION", line 484
ORA-06512: at line 1
3/02/2020 01:47:50: [Método: System.Collections.Generic.List`1[TSource] ToList[TSource](System.Collections.Generic.IEnumerable`1[TSource]), Línea: 0] - ORA-01476: divisor is equal to zero
ORA-06512: at "MRVMM.PKG_MRV_INICIATIVA_MITIGACION", line 484
ORA-06512: at line 1
3/02/2020 01:47:50: [Método: System.Collections.Generic.IEnumerable`1[T] Query[T](System.Data.IDbConnection, System.String, System.Object, System.Data.IDbTransaction, Boolean, System.Nullable`1[System.Int32], System.Nullable`1[System.Data.CommandType]), Línea: 0] - ORA-01476: divisor is equal to zero
ORA-06512: at "MRVMM.PKG_MRV_INICIATIVA_MITIGACION", line 484
ORA-06512: at line 1
3/02/2020 01:47:50: [Método: System.Collections.Generic.List`1[entidad.minem.gob.pe.IniciativaBE] ListaIniciativaEspecialista(entidad.minem.gob.pe.IniciativaBE), Línea: 0] - ORA-01476: divisor is equal to zero
ORA-06512: at "MRVMM.PKG_MRV_INICIATIVA_MITIGACION", line 484
ORA-06512: at line 1
3/02/2020 01:47:53: [Método: Void HandleErrorHelper(Int32, Oracle.DataAccess.Client.OracleConnection, IntPtr, Oracle.DataAccess.Client.OpoSqlValCtx*, System.Object, System.String, Boolean, Int32, Oracle.DataAccess.Client.OracleLogicalTransaction), Línea: 0] - ORA-01476: divisor is equal to zero
ORA-06512: at "MRVMM.PKG_MRV_INICIATIVA_MITIGACION", line 819
ORA-06512: at line 1
3/02/2020 01:47:53: [Método: Void HandleError(Int32, Oracle.DataAccess.Client.OracleConnection, System.String, IntPtr, Oracle.DataAccess.Client.OpoSqlValCtx*, System.Object, Boolean, Oracle.DataAccess.Client.OracleLogicalTransaction), Línea: 0] - ORA-01476: divisor is equal to zero
ORA-06512: at "MRVMM.PKG_MRV_INICIATIVA_MITIGACION", line 819
ORA-06512: at line 1
3/02/2020 01:47:53: [Método: Oracle.DataAccess.Client.OracleDataReader ExecuteReader(Boolean, Boolean, System.Data.CommandBehavior), Línea: 0] - ORA-01476: divisor is equal to zero
ORA-06512: at "MRVMM.PKG_MRV_INICIATIVA_MITIGACION", line 819
ORA-06512: at line 1
3/02/2020 01:47:53: [Método: System.Data.Common.DbDataReader ExecuteDbDataReader(System.Data.CommandBehavior), Línea: 0] - ORA-01476: divisor is equal to zero
ORA-06512: at "MRVMM.PKG_MRV_INICIATIVA_MITIGACION", line 819
ORA-06512: at line 1
3/02/2020 01:47:53: [Método: System.Data.IDataReader ExecuteReaderWithFlagsFallback(System.Data.IDbCommand, Boolean, System.Data.CommandBehavior), Línea: 0] - ORA-01476: divisor is equal to zero
ORA-06512: at "MRVMM.PKG_MRV_INICIATIVA_MITIGACION", line 819
ORA-06512: at line 1
3/02/2020 01:47:53: [Método: Boolean MoveNext(), Línea: 0] - ORA-01476: divisor is equal to zero
ORA-06512: at "MRVMM.PKG_MRV_INICIATIVA_MITIGACION", line 819
ORA-06512: at line 1
3/02/2020 01:47:53: [Método: Void .ctor(System.Collections.Generic.IEnumerable`1[T]), Línea: 0] - ORA-01476: divisor is equal to zero
ORA-06512: at "MRVMM.PKG_MRV_INICIATIVA_MITIGACION", line 819
ORA-06512: at line 1
3/02/2020 01:47:53: [Método: System.Collections.Generic.List`1[TSource] ToList[TSource](System.Collections.Generic.IEnumerable`1[TSource]), Línea: 0] - ORA-01476: divisor is equal to zero
ORA-06512: at "MRVMM.PKG_MRV_INICIATIVA_MITIGACION", line 819
ORA-06512: at line 1
3/02/2020 01:47:53: [Método: System.Collections.Generic.IEnumerable`1[T] Query[T](System.Data.IDbConnection, System.String, System.Object, System.Data.IDbTransaction, Boolean, System.Nullable`1[System.Int32], System.Nullable`1[System.Data.CommandType]), Línea: 0] - ORA-01476: divisor is equal to zero
ORA-06512: at "MRVMM.PKG_MRV_INICIATIVA_MITIGACION", line 819
ORA-06512: at line 1
3/02/2020 01:47:53: [Método: System.Collections.Generic.List`1[entidad.minem.gob.pe.IniciativaBE] ListaIniciativaUsuario(entidad.minem.gob.pe.IniciativaBE), Línea: 0] - ORA-01476: divisor is equal to zero
ORA-06512: at "MRVMM.PKG_MRV_INICIATIVA_MITIGACION", line 819
ORA-06512: at line 1
3/02/2020 01:47:56: [Método: Void HandleErrorHelper(Int32, Oracle.DataAccess.Client.OracleConnection, IntPtr, Oracle.DataAccess.Client.OpoSqlValCtx*, System.Object, System.String, Boolean, Int32, Oracle.DataAccess.Client.OracleLogicalTransaction), Línea: 0] - ORA-01476: divisor is equal to zero
ORA-06512: at "MRVMM.PKG_MRV_INICIATIVA_MITIGACION", line 819
ORA-06512: at line 1
3/02/2020 01:47:56: [Método: Void HandleError(Int32, Oracle.DataAccess.Client.OracleConnection, System.String, IntPtr, Oracle.DataAccess.Client.OpoSqlValCtx*, System.Object, Boolean, Oracle.DataAccess.Client.OracleLogicalTransaction), Línea: 0] - ORA-01476: divisor is equal to zero
ORA-06512: at "MRVMM.PKG_MRV_INICIATIVA_MITIGACION", line 819
ORA-06512: at line 1
3/02/2020 01:47:56: [Método: Oracle.DataAccess.Client.OracleDataReader ExecuteReader(Boolean, Boolean, System.Data.CommandBehavior), Línea: 0] - ORA-01476: divisor is equal to zero
ORA-06512: at "MRVMM.PKG_MRV_INICIATIVA_MITIGACION", line 819
ORA-06512: at line 1
3/02/2020 01:47:56: [Método: System.Data.Common.DbDataReader ExecuteDbDataReader(System.Data.CommandBehavior), Línea: 0] - ORA-01476: divisor is equal to zero
ORA-06512: at "MRVMM.PKG_MRV_INICIATIVA_MITIGACION", line 819
ORA-06512: at line 1
3/02/2020 01:47:56: [Método: System.Data.IDataReader ExecuteReaderWithFlagsFallback(System.Data.IDbCommand, Boolean, System.Data.CommandBehavior), Línea: 0] - ORA-01476: divisor is equal to zero
ORA-06512: at "MRVMM.PKG_MRV_INICIATIVA_MITIGACION", line 819
ORA-06512: at line 1
3/02/2020 01:47:56: [Método: Boolean MoveNext(), Línea: 0] - ORA-01476: divisor is equal to zero
ORA-06512: at "MRVMM.PKG_MRV_INICIATIVA_MITIGACION", line 819
ORA-06512: at line 1
3/02/2020 01:47:56: [Método: Void .ctor(System.Collections.Generic.IEnumerable`1[T]), Línea: 0] - ORA-01476: divisor is equal to zero
ORA-06512: at "MRVMM.PKG_MRV_INICIATIVA_MITIGACION", line 819
ORA-06512: at line 1
3/02/2020 01:47:56: [Método: System.Collections.Generic.List`1[TSource] ToList[TSource](System.Collections.Generic.IEnumerable`1[TSource]), Línea: 0] - ORA-01476: divisor is equal to zero
ORA-06512: at "MRVMM.PKG_MRV_INICIATIVA_MITIGACION", line 819
ORA-06512: at line 1
3/02/2020 01:47:56: [Método: System.Collections.Generic.IEnumerable`1[T] Query[T](System.Data.IDbConnection, System.String, System.Object, System.Data.IDbTransaction, Boolean, System.Nullable`1[System.Int32], System.Nullable`1[System.Data.CommandType]), Línea: 0] - ORA-01476: divisor is equal to zero
ORA-06512: at "MRVMM.PKG_MRV_INICIATIVA_MITIGACION", line 819
ORA-06512: at line 1
3/02/2020 01:47:56: [Método: System.Collections.Generic.List`1[entidad.minem.gob.pe.IniciativaBE] ListaIniciativaUsuario(entidad.minem.gob.pe.IniciativaBE), Línea: 0] - ORA-01476: divisor is equal to zero
ORA-06512: at "MRVMM.PKG_MRV_INICIATIVA_MITIGACION", line 819
ORA-06512: at line 1
3/02/2020 01:48:10: [Método: Void HandleErrorHelper(Int32, Oracle.DataAccess.Client.OracleConnection, IntPtr, Oracle.DataAccess.Client.OpoSqlValCtx*, System.Object, System.String, Boolean, Int32, Oracle.DataAccess.Client.OracleLogicalTransaction), Línea: 0] - ORA-06550: line 1, column 7:
PLS-00201: identifier 'PKG_MRV_DETALLE_INDICADORES.USP_SEL_INICIATIVA_SUSTENTO' must be declared
ORA-06550: line 1, column 7:
PL/SQL: Statement ignored
3/02/2020 01:48:10: [Método: Void HandleError(Int32, Oracle.DataAccess.Client.OracleConnection, System.String, IntPtr, Oracle.DataAccess.Client.OpoSqlValCtx*, System.Object, Boolean, Oracle.DataAccess.Client.OracleLogicalTransaction), Línea: 0] - ORA-06550: line 1, column 7:
PLS-00201: identifier 'PKG_MRV_DETALLE_INDICADORES.USP_SEL_INICIATIVA_SUSTENTO' must be declared
ORA-06550: line 1, column 7:
PL/SQL: Statement ignored
3/02/2020 01:48:10: [Método: Oracle.DataAccess.Client.OracleDataReader ExecuteReader(Boolean, Boolean, System.Data.CommandBehavior), Línea: 0] - ORA-06550: line 1, column 7:
PLS-00201: identifier 'PKG_MRV_DETALLE_INDICADORES.USP_SEL_INICIATIVA_SUSTENTO' must be declared
ORA-06550: line 1, column 7:
PL/SQL: Statement ignored
3/02/2020 01:48:10: [Método: System.Data.Common.DbDataReader ExecuteDbDataReader(System.Data.CommandBehavior), Línea: 0] - ORA-06550: line 1, column 7:
PLS-00201: identifier 'PKG_MRV_DETALLE_INDICADORES.USP_SEL_INICIATIVA_SUSTENTO' must be declared
ORA-06550: line 1, column 7:
PL/SQL: Statement ignored
3/02/2020 01:48:10: [Método: System.Data.IDataReader ExecuteReaderWithFlagsFallback(System.Data.IDbCommand, Boolean, System.Data.CommandBehavior), Línea: 0] - ORA-06550: line 1, column 7:
PLS-00201: identifier 'PKG_MRV_DETALLE_INDICADORES.USP_SEL_INICIATIVA_SUSTENTO' must be declared
ORA-06550: line 1, column 7:
PL/SQL: Statement ignored
3/02/2020 01:48:10: [Método: Boolean MoveNext(), Línea: 0] - ORA-06550: line 1, column 7:
PLS-00201: identifier 'PKG_MRV_DETALLE_INDICADORES.USP_SEL_INICIATIVA_SUSTENTO' must be declared
ORA-06550: line 1, column 7:
PL/SQL: Statement ignored
3/02/2020 01:48:10: [Método: Void .ctor(System.Collections.Generic.IEnumerable`1[T]), Línea: 0] - ORA-06550: line 1, column 7:
PLS-00201: identifier 'PKG_MRV_DETALLE_INDICADORES.USP_SEL_INICIATIVA_SUSTENTO' must be declared
ORA-06550: line 1, column 7:
PL/SQL: Statement ignored
3/02/2020 01:48:10: [Método: System.Collections.Generic.List`1[TSource] ToList[TSource](System.Collections.Generic.IEnumerable`1[TSource]), Línea: 0] - ORA-06550: line 1, column 7:
PLS-00201: identifier 'PKG_MRV_DETALLE_INDICADORES.USP_SEL_INICIATIVA_SUSTENTO' must be declared
ORA-06550: line 1, column 7:
PL/SQL: Statement ignored
3/02/2020 01:48:10: [Método: System.Collections.Generic.IEnumerable`1[T] Query[T](System.Data.IDbConnection, System.String, System.Object, System.Data.IDbTransaction, Boolean, System.Nullable`1[System.Int32], System.Nullable`1[System.Data.CommandType]), Línea: 0] - ORA-06550: line 1, column 7:
PLS-00201: identifier 'PKG_MRV_DETALLE_INDICADORES.USP_SEL_INICIATIVA_SUSTENTO' must be declared
ORA-06550: line 1, column 7:
PL/SQL: Statement ignored
3/02/2020 01:48:10: [Método: System.Collections.Generic.List`1[entidad.minem.gob.pe.SustentoIniciativaBE] ListaSustentoIniciativa(entidad.minem.gob.pe.SustentoIniciativaBE), Línea: 0] - ORA-06550: line 1, column 7:
PLS-00201: identifier 'PKG_MRV_DETALLE_INDICADORES.USP_SEL_INICIATIVA_SUSTENTO' must be declared
ORA-06550: line 1, column 7:
PL/SQL: Statement ignored
3/02/2020 01:48:34: [Método: Void HandleErrorHelper(Int32, Oracle.DataAccess.Client.OracleConnection, IntPtr, Oracle.DataAccess.Client.OpoSqlValCtx*, System.Object, System.String, Boolean, Int32, Oracle.DataAccess.Client.OracleLogicalTransaction), Línea: 0] - ORA-01476: divisor is equal to zero
ORA-06512: at "MRVMM.PKG_MRV_INICIATIVA_MITIGACION", line 484
ORA-06512: at line 1
3/02/2020 01:48:34: [Método: Void HandleError(Int32, Oracle.DataAccess.Client.OracleConnection, System.String, IntPtr, Oracle.DataAccess.Client.OpoSqlValCtx*, System.Object, Boolean, Oracle.DataAccess.Client.OracleLogicalTransaction), Línea: 0] - ORA-01476: divisor is equal to zero
ORA-06512: at "MRVMM.PKG_MRV_INICIATIVA_MITIGACION", line 484
ORA-06512: at line 1
3/02/2020 01:48:34: [Método: Oracle.DataAccess.Client.OracleDataReader ExecuteReader(Boolean, Boolean, System.Data.CommandBehavior), Línea: 0] - ORA-01476: divisor is equal to zero
ORA-06512: at "MRVMM.PKG_MRV_INICIATIVA_MITIGACION", line 484
ORA-06512: at line 1
3/02/2020 01:48:34: [Método: System.Data.Common.DbDataReader ExecuteDbDataReader(System.Data.CommandBehavior), Línea: 0] - ORA-01476: divisor is equal to zero
ORA-06512: at "MRVMM.PKG_MRV_INICIATIVA_MITIGACION", line 484
ORA-06512: at line 1
3/02/2020 01:48:34: [Método: System.Data.IDataReader ExecuteReaderWithFlagsFallback(System.Data.IDbCommand, Boolean, System.Data.CommandBehavior), Línea: 0] - ORA-01476: divisor is equal to zero
ORA-06512: at "MRVMM.PKG_MRV_INICIATIVA_MITIGACION", line 484
ORA-06512: at line 1
3/02/2020 01:48:34: [Método: Boolean MoveNext(), Línea: 0] - ORA-01476: divisor is equal to zero
ORA-06512: at "MRVMM.PKG_MRV_INICIATIVA_MITIGACION", line 484
ORA-06512: at line 1
3/02/2020 01:48:34: [Método: Void .ctor(System.Collections.Generic.IEnumerable`1[T]), Línea: 0] - ORA-01476: divisor is equal to zero
ORA-06512: at "MRVMM.PKG_MRV_INICIATIVA_MITIGACION", line 484
ORA-06512: at line 1
3/02/2020 01:48:34: [Método: System.Collections.Generic.List`1[TSource] ToList[TSource](System.Collections.Generic.IEnumerable`1[TSource]), Línea: 0] - ORA-01476: divisor is equal to zero
ORA-06512: at "MRVMM.PKG_MRV_INICIATIVA_MITIGACION", line 484
ORA-06512: at line 1
3/02/2020 01:48:34: [Método: System.Collections.Generic.IEnumerable`1[T] Query[T](System.Data.IDbConnection, System.String, System.Object, System.Data.IDbTransaction, Boolean, System.Nullable`1[System.Int32], System.Nullable`1[System.Data.CommandType]), Línea: 0] - ORA-01476: divisor is equal to zero
ORA-06512: at "MRVMM.PKG_MRV_INICIATIVA_MITIGACION", line 484
ORA-06512: at line 1
3/02/2020 01:48:34: [Método: System.Collections.Generic.List`1[entidad.minem.gob.pe.IniciativaBE] ListaIniciativaEspecialista(entidad.minem.gob.pe.IniciativaBE), Línea: 0] - ORA-01476: divisor is equal to zero
ORA-06512: at "MRVMM.PKG_MRV_INICIATIVA_MITIGACION", line 484
ORA-06512: at line 1
3/02/2020 01:48:49: [Método: Void HandleErrorHelper(Int32, Oracle.DataAccess.Client.OracleConnection, IntPtr, Oracle.DataAccess.Client.OpoSqlValCtx*, System.Object, System.String, Boolean, Int32, Oracle.DataAccess.Client.OracleLogicalTransaction), Línea: 0] - ORA-06550: line 1, column 7:
PLS-00201: identifier 'PKG_MRV_DETALLE_INDICADORES.USP_SEL_INICIATIVA_SUSTENTO' must be declared
ORA-06550: line 1, column 7:
PL/SQL: Statement ignored
3/02/2020 01:48:49: [Método: Void HandleError(Int32, Oracle.DataAccess.Client.OracleConnection, System.String, IntPtr, Oracle.DataAccess.Client.OpoSqlValCtx*, System.Object, Boolean, Oracle.DataAccess.Client.OracleLogicalTransaction), Línea: 0] - ORA-06550: line 1, column 7:
PLS-00201: identifier 'PKG_MRV_DETALLE_INDICADORES.USP_SEL_INICIATIVA_SUSTENTO' must be declared
ORA-06550: line 1, column 7:
PL/SQL: Statement ignored
3/02/2020 01:48:49: [Método: Oracle.DataAccess.Client.OracleDataReader ExecuteReader(Boolean, Boolean, System.Data.CommandBehavior), Línea: 0] - ORA-06550: line 1, column 7:
PLS-00201: identifier 'PKG_MRV_DETALLE_INDICADORES.USP_SEL_INICIATIVA_SUSTENTO' must be declared
ORA-06550: line 1, column 7:
PL/SQL: Statement ignored
3/02/2020 01:48:49: [Método: System.Data.Common.DbDataReader ExecuteDbDataReader(System.Data.CommandBehavior), Línea: 0] - ORA-06550: line 1, column 7:
PLS-00201: identifier 'PKG_MRV_DETALLE_INDICADORES.USP_SEL_INICIATIVA_SUSTENTO' must be declared
ORA-06550: line 1, column 7:
PL/SQL: Statement ignored
3/02/2020 01:48:49: [Método: System.Data.IDataReader ExecuteReaderWithFlagsFallback(System.Data.IDbCommand, Boolean, System.Data.CommandBehavior), Línea: 0] - ORA-06550: line 1, column 7:
PLS-00201: identifier 'PKG_MRV_DETALLE_INDICADORES.USP_SEL_INICIATIVA_SUSTENTO' must be declared
ORA-06550: line 1, column 7:
PL/SQL: Statement ignored
3/02/2020 01:48:49: [Método: Boolean MoveNext(), Línea: 0] - ORA-06550: line 1, column 7:
PLS-00201: identifier 'PKG_MRV_DETALLE_INDICADORES.USP_SEL_INICIATIVA_SUSTENTO' must be declared
ORA-06550: line 1, column 7:
PL/SQL: Statement ignored
3/02/2020 01:48:49: [Método: Void .ctor(System.Collections.Generic.IEnumerable`1[T]), Línea: 0] - ORA-06550: line 1, column 7:
PLS-00201: identifier 'PKG_MRV_DETALLE_INDICADORES.USP_SEL_INICIATIVA_SUSTENTO' must be declared
ORA-06550: line 1, column 7:
PL/SQL: Statement ignored
3/02/2020 01:48:49: [Método: System.Collections.Generic.List`1[TSource] ToList[TSource](System.Collections.Generic.IEnumerable`1[TSource]), Línea: 0] - ORA-06550: line 1, column 7:
PLS-00201: identifier 'PKG_MRV_DETALLE_INDICADORES.USP_SEL_INICIATIVA_SUSTENTO' must be declared
ORA-06550: line 1, column 7:
PL/SQL: Statement ignored
3/02/2020 01:48:49: [Método: System.Collections.Generic.IEnumerable`1[T] Query[T](System.Data.IDbConnection, System.String, System.Object, System.Data.IDbTransaction, Boolean, System.Nullable`1[System.Int32], System.Nullable`1[System.Data.CommandType]), Línea: 0] - ORA-06550: line 1, column 7:
PLS-00201: identifier 'PKG_MRV_DETALLE_INDICADORES.USP_SEL_INICIATIVA_SUSTENTO' must be declared
ORA-06550: line 1, column 7:
PL/SQL: Statement ignored
3/02/2020 01:48:49: [Método: System.Collections.Generic.List`1[entidad.minem.gob.pe.SustentoIniciativaBE] ListaSustentoIniciativa(entidad.minem.gob.pe.SustentoIniciativaBE), Línea: 0] - ORA-06550: line 1, column 7:
PLS-00201: identifier 'PKG_MRV_DETALLE_INDICADORES.USP_SEL_INICIATIVA_SUSTENTO' must be declared
ORA-06550: line 1, column 7:
PL/SQL: Statement ignored
3/02/2020 01:58:26: [Método: Void HandleErrorHelper(Int32, Oracle.DataAccess.Client.OracleConnection, IntPtr, Oracle.DataAccess.Client.OpoSqlValCtx*, System.Object, System.String, Boolean, Int32, Oracle.DataAccess.Client.OracleLogicalTransaction), Línea: 0] - ORA-06550: line 1, column 7:
PLS-00201: identifier 'PKG_MRV_DETALLE_INDICADORES.USP_SEL_INICIATIVA_SUSTENTO' must be declared
ORA-06550: line 1, column 7:
PL/SQL: Statement ignored
3/02/2020 01:58:26: [Método: Void HandleError(Int32, Oracle.DataAccess.Client.OracleConnection, System.String, IntPtr, Oracle.DataAccess.Client.OpoSqlValCtx*, System.Object, Boolean, Oracle.DataAccess.Client.OracleLogicalTransaction), Línea: 0] - ORA-06550: line 1, column 7:
PLS-00201: identifier 'PKG_MRV_DETALLE_INDICADORES.USP_SEL_INICIATIVA_SUSTENTO' must be declared
ORA-06550: line 1, column 7:
PL/SQL: Statement ignored
3/02/2020 01:58:26: [Método: Oracle.DataAccess.Client.OracleDataReader ExecuteReader(Boolean, Boolean, System.Data.CommandBehavior), Línea: 0] - ORA-06550: line 1, column 7:
PLS-00201: identifier 'PKG_MRV_DETALLE_INDICADORES.USP_SEL_INICIATIVA_SUSTENTO' must be declared
ORA-06550: line 1, column 7:
PL/SQL: Statement ignored
3/02/2020 01:58:26: [Método: System.Data.Common.DbDataReader ExecuteDbDataReader(System.Data.CommandBehavior), Línea: 0] - ORA-06550: line 1, column 7:
PLS-00201: identifier 'PKG_MRV_DETALLE_INDICADORES.USP_SEL_INICIATIVA_SUSTENTO' must be declared
ORA-06550: line 1, column 7:
PL/SQL: Statement ignored
3/02/2020 01:58:26: [Método: System.Data.IDataReader ExecuteReaderWithFlagsFallback(System.Data.IDbCommand, Boolean, System.Data.CommandBehavior), Línea: 0] - ORA-06550: line 1, column 7:
PLS-00201: identifier 'PKG_MRV_DETALLE_INDICADORES.USP_SEL_INICIATIVA_SUSTENTO' must be declared
ORA-06550: line 1, column 7:
PL/SQL: Statement ignored
3/02/2020 01:58:26: [Método: Boolean MoveNext(), Línea: 0] - ORA-06550: line 1, column 7:
PLS-00201: identifier 'PKG_MRV_DETALLE_INDICADORES.USP_SEL_INICIATIVA_SUSTENTO' must be declared
ORA-06550: line 1, column 7:
PL/SQL: Statement ignored
3/02/2020 01:58:26: [Método: Void .ctor(System.Collections.Generic.IEnumerable`1[T]), Línea: 0] - ORA-06550: line 1, column 7:
PLS-00201: identifier 'PKG_MRV_DETALLE_INDICADORES.USP_SEL_INICIATIVA_SUSTENTO' must be declared
ORA-06550: line 1, column 7:
PL/SQL: Statement ignored
3/02/2020 01:58:26: [Método: System.Collections.Generic.List`1[TSource] ToList[TSource](System.Collections.Generic.IEnumerable`1[TSource]), Línea: 0] - ORA-06550: line 1, column 7:
PLS-00201: identifier 'PKG_MRV_DETALLE_INDICADORES.USP_SEL_INICIATIVA_SUSTENTO' must be declared
ORA-06550: line 1, column 7:
PL/SQL: Statement ignored
3/02/2020 01:58:26: [Método: System.Collections.Generic.IEnumerable`1[T] Query[T](System.Data.IDbConnection, System.String, System.Object, System.Data.IDbTransaction, Boolean, System.Nullable`1[System.Int32], System.Nullable`1[System.Data.CommandType]), Línea: 0] - ORA-06550: line 1, column 7:
PLS-00201: identifier 'PKG_MRV_DETALLE_INDICADORES.USP_SEL_INICIATIVA_SUSTENTO' must be declared
ORA-06550: line 1, column 7:
PL/SQL: Statement ignored
3/02/2020 01:58:26: [Método: System.Collections.Generic.List`1[entidad.minem.gob.pe.SustentoIniciativaBE] ListaSustentoIniciativa(entidad.minem.gob.pe.SustentoIniciativaBE), Línea: 0] - ORA-06550: line 1, column 7:
PLS-00201: identifier 'PKG_MRV_DETALLE_INDICADORES.USP_SEL_INICIATIVA_SUSTENTO' must be declared
ORA-06550: line 1, column 7:
PL/SQL: Statement ignored
3/02/2020 02:18:55: [Método: Void HandleErrorHelper(Int32, Oracle.DataAccess.Client.OracleConnection, IntPtr, Oracle.DataAccess.Client.OpoSqlValCtx*, System.Object, System.String, Boolean, Int32, Oracle.DataAccess.Client.OracleLogicalTransaction), Línea: 0] - ORA-01476: divisor is equal to zero
ORA-06512: at "MRVMM.PKG_MRV_INICIATIVA_MITIGACION", line 819
ORA-06512: at line 1
3/02/2020 02:18:55: [Método: Void HandleError(Int32, Oracle.DataAccess.Client.OracleConnection, System.String, IntPtr, Oracle.DataAccess.Client.OpoSqlValCtx*, System.Object, Boolean, Oracle.DataAccess.Client.OracleLogicalTransaction), Línea: 0] - ORA-01476: divisor is equal to zero
ORA-06512: at "MRVMM.PKG_MRV_INICIATIVA_MITIGACION", line 819
ORA-06512: at line 1
3/02/2020 02:18:55: [Método: Oracle.DataAccess.Client.OracleDataReader ExecuteReader(Boolean, Boolean, System.Data.CommandBehavior), Línea: 0] - ORA-01476: divisor is equal to zero
ORA-06512: at "MRVMM.PKG_MRV_INICIATIVA_MITIGACION", line 819
ORA-06512: at line 1
3/02/2020 02:18:55: [Método: System.Data.Common.DbDataReader ExecuteDbDataReader(System.Data.CommandBehavior), Línea: 0] - ORA-01476: divisor is equal to zero
ORA-06512: at "MRVMM.PKG_MRV_INICIATIVA_MITIGACION", line 819
ORA-06512: at line 1
3/02/2020 02:18:55: [Método: System.Data.IDataReader ExecuteReaderWithFlagsFallback(System.Data.IDbCommand, Boolean, System.Data.CommandBehavior), Línea: 0] - ORA-01476: divisor is equal to zero
ORA-06512: at "MRVMM.PKG_MRV_INICIATIVA_MITIGACION", line 819
ORA-06512: at line 1
3/02/2020 02:18:55: [Método: Boolean MoveNext(), Línea: 0] - ORA-01476: divisor is equal to zero
ORA-06512: at "MRVMM.PKG_MRV_INICIATIVA_MITIGACION", line 819
ORA-06512: at line 1
3/02/2020 02:18:55: [Método: Void .ctor(System.Collections.Generic.IEnumerable`1[T]), Línea: 0] - ORA-01476: divisor is equal to zero
ORA-06512: at "MRVMM.PKG_MRV_INICIATIVA_MITIGACION", line 819
ORA-06512: at line 1
3/02/2020 02:18:55: [Método: System.Collections.Generic.List`1[TSource] ToList[TSource](System.Collections.Generic.IEnumerable`1[TSource]), Línea: 0] - ORA-01476: divisor is equal to zero
ORA-06512: at "MRVMM.PKG_MRV_INICIATIVA_MITIGACION", line 819
ORA-06512: at line 1
3/02/2020 02:18:55: [Método: System.Collections.Generic.IEnumerable`1[T] Query[T](System.Data.IDbConnection, System.String, System.Object, System.Data.IDbTransaction, Boolean, System.Nullable`1[System.Int32], System.Nullable`1[System.Data.CommandType]), Línea: 0] - ORA-01476: divisor is equal to zero
ORA-06512: at "MRVMM.PKG_MRV_INICIATIVA_MITIGACION", line 819
ORA-06512: at line 1
3/02/2020 02:18:55: [Método: System.Collections.Generic.List`1[entidad.minem.gob.pe.IniciativaBE] ListaIniciativaUsuario(entidad.minem.gob.pe.IniciativaBE), Línea: 0] - ORA-01476: divisor is equal to zero
ORA-06512: at "MRVMM.PKG_MRV_INICIATIVA_MITIGACION", line 819
ORA-06512: at line 1
3/02/2020 02:19:00: [Método: Void HandleErrorHelper(Int32, Oracle.DataAccess.Client.OracleConnection, IntPtr, Oracle.DataAccess.Client.OpoSqlValCtx*, System.Object, System.String, Boolean, Int32, Oracle.DataAccess.Client.OracleLogicalTransaction), Línea: 0] - ORA-01476: divisor is equal to zero
ORA-06512: at "MRVMM.PKG_MRV_INICIATIVA_MITIGACION", line 484
ORA-06512: at line 1
3/02/2020 02:19:00: [Método: Void HandleError(Int32, Oracle.DataAccess.Client.OracleConnection, System.String, IntPtr, Oracle.DataAccess.Client.OpoSqlValCtx*, System.Object, Boolean, Oracle.DataAccess.Client.OracleLogicalTransaction), Línea: 0] - ORA-01476: divisor is equal to zero
ORA-06512: at "MRVMM.PKG_MRV_INICIATIVA_MITIGACION", line 484
ORA-06512: at line 1
3/02/2020 02:19:00: [Método: Oracle.DataAccess.Client.OracleDataReader ExecuteReader(Boolean, Boolean, System.Data.CommandBehavior), Línea: 0] - ORA-01476: divisor is equal to zero
ORA-06512: at "MRVMM.PKG_MRV_INICIATIVA_MITIGACION", line 484
ORA-06512: at line 1
3/02/2020 02:19:00: [Método: System.Data.Common.DbDataReader ExecuteDbDataReader(System.Data.CommandBehavior), Línea: 0] - ORA-01476: divisor is equal to zero
ORA-06512: at "MRVMM.PKG_MRV_INICIATIVA_MITIGACION", line 484
ORA-06512: at line 1
3/02/2020 02:19:00: [Método: System.Data.IDataReader ExecuteReaderWithFlagsFallback(System.Data.IDbCommand, Boolean, System.Data.CommandBehavior), Línea: 0] - ORA-01476: divisor is equal to zero
ORA-06512: at "MRVMM.PKG_MRV_INICIATIVA_MITIGACION", line 484
ORA-06512: at line 1
3/02/2020 02:19:00: [Método: Boolean MoveNext(), Línea: 0] - ORA-01476: divisor is equal to zero
ORA-06512: at "MRVMM.PKG_MRV_INICIATIVA_MITIGACION", line 484
ORA-06512: at line 1
3/02/2020 02:19:00: [Método: Void .ctor(System.Collections.Generic.IEnumerable`1[T]), Línea: 0] - ORA-01476: divisor is equal to zero
ORA-06512: at "MRVMM.PKG_MRV_INICIATIVA_MITIGACION", line 484
ORA-06512: at line 1
3/02/2020 02:19:00: [Método: System.Collections.Generic.List`1[TSource] ToList[TSource](System.Collections.Generic.IEnumerable`1[TSource]), Línea: 0] - ORA-01476: divisor is equal to zero
ORA-06512: at "MRVMM.PKG_MRV_INICIATIVA_MITIGACION", line 484
ORA-06512: at line 1
3/02/2020 02:19:00: [Método: System.Collections.Generic.IEnumerable`1[T] Query[T](System.Data.IDbConnection, System.String, System.Object, System.Data.IDbTransaction, Boolean, System.Nullable`1[System.Int32], System.Nullable`1[System.Data.CommandType]), Línea: 0] - ORA-01476: divisor is equal to zero
ORA-06512: at "MRVMM.PKG_MRV_INICIATIVA_MITIGACION", line 484
ORA-06512: at line 1
3/02/2020 02:19:00: [Método: System.Collections.Generic.List`1[entidad.minem.gob.pe.IniciativaBE] ListaIniciativaEspecialista(entidad.minem.gob.pe.IniciativaBE), Línea: 0] - ORA-01476: divisor is equal to zero
ORA-06512: at "MRVMM.PKG_MRV_INICIATIVA_MITIGACION", line 484
ORA-06512: at line 1
3/02/2020 02:19:07: [Método: Void HandleErrorHelper(Int32, Oracle.DataAccess.Client.OracleConnection, IntPtr, Oracle.DataAccess.Client.OpoSqlValCtx*, System.Object, System.String, Boolean, Int32, Oracle.DataAccess.Client.OracleLogicalTransaction), Línea: 0] - ORA-01476: divisor is equal to zero
ORA-06512: at "MRVMM.PKG_MRV_INICIATIVA_MITIGACION", line 819
ORA-06512: at line 1
3/02/2020 02:19:07: [Método: Void HandleError(Int32, Oracle.DataAccess.Client.OracleConnection, System.String, IntPtr, Oracle.DataAccess.Client.OpoSqlValCtx*, System.Object, Boolean, Oracle.DataAccess.Client.OracleLogicalTransaction), Línea: 0] - ORA-01476: divisor is equal to zero
ORA-06512: at "MRVMM.PKG_MRV_INICIATIVA_MITIGACION", line 819
ORA-06512: at line 1
3/02/2020 02:19:07: [Método: Oracle.DataAccess.Client.OracleDataReader ExecuteReader(Boolean, Boolean, System.Data.CommandBehavior), Línea: 0] - ORA-01476: divisor is equal to zero
ORA-06512: at "MRVMM.PKG_MRV_INICIATIVA_MITIGACION", line 819
ORA-06512: at line 1
3/02/2020 02:19:07: [Método: System.Data.Common.DbDataReader ExecuteDbDataReader(System.Data.CommandBehavior), Línea: 0] - ORA-01476: divisor is equal to zero
ORA-06512: at "MRVMM.PKG_MRV_INICIATIVA_MITIGACION", line 819
ORA-06512: at line 1
3/02/2020 02:19:07: [Método: System.Data.IDataReader ExecuteReaderWithFlagsFallback(System.Data.IDbCommand, Boolean, System.Data.CommandBehavior), Línea: 0] - ORA-01476: divisor is equal to zero
ORA-06512: at "MRVMM.PKG_MRV_INICIATIVA_MITIGACION", line 819
ORA-06512: at line 1
3/02/2020 02:19:07: [Método: Boolean MoveNext(), Línea: 0] - ORA-01476: divisor is equal to zero
ORA-06512: at "MRVMM.PKG_MRV_INICIATIVA_MITIGACION", line 819
ORA-06512: at line 1
3/02/2020 02:19:07: [Método: Void .ctor(System.Collections.Generic.IEnumerable`1[T]), Línea: 0] - ORA-01476: divisor is equal to zero
ORA-06512: at "MRVMM.PKG_MRV_INICIATIVA_MITIGACION", line 819
ORA-06512: at line 1
3/02/2020 02:19:07: [Método: System.Collections.Generic.List`1[TSource] ToList[TSource](System.Collections.Generic.IEnumerable`1[TSource]), Línea: 0] - ORA-01476: divisor is equal to zero
ORA-06512: at "MRVMM.PKG_MRV_INICIATIVA_MITIGACION", line 819
ORA-06512: at line 1
3/02/2020 02:19:07: [Método: System.Collections.Generic.IEnumerable`1[T] Query[T](System.Data.IDbConnection, System.String, System.Object, System.Data.IDbTransaction, Boolean, System.Nullable`1[System.Int32], System.Nullable`1[System.Data.CommandType]), Línea: 0] - ORA-01476: divisor is equal to zero
ORA-06512: at "MRVMM.PKG_MRV_INICIATIVA_MITIGACION", line 819
ORA-06512: at line 1
3/02/2020 02:19:07: [Método: System.Collections.Generic.List`1[entidad.minem.gob.pe.IniciativaBE] ListaIniciativaUsuario(entidad.minem.gob.pe.IniciativaBE), Línea: 0] - ORA-01476: divisor is equal to zero
ORA-06512: at "MRVMM.PKG_MRV_INICIATIVA_MITIGACION", line 819
ORA-06512: at line 1
3/02/2020 02:19:48: [Método: Void HandleErrorHelper(Int32, Oracle.DataAccess.Client.OracleConnection, IntPtr, Oracle.DataAccess.Client.OpoSqlValCtx*, System.Object, System.String, Boolean, Int32, Oracle.DataAccess.Client.OracleLogicalTransaction), Línea: 0] - ORA-01476: divisor is equal to zero
ORA-06512: at "MRVMM.PKG_MRV_INICIATIVA_MITIGACION", line 819
ORA-06512: at line 1
3/02/2020 02:19:48: [Método: Void HandleError(Int32, Oracle.DataAccess.Client.OracleConnection, System.String, IntPtr, Oracle.DataAccess.Client.OpoSqlValCtx*, System.Object, Boolean, Oracle.DataAccess.Client.OracleLogicalTransaction), Línea: 0] - ORA-01476: divisor is equal to zero
ORA-06512: at "MRVMM.PKG_MRV_INICIATIVA_MITIGACION", line 819
ORA-06512: at line 1
3/02/2020 02:19:48: [Método: Oracle.DataAccess.Client.OracleDataReader ExecuteReader(Boolean, Boolean, System.Data.CommandBehavior), Línea: 0] - ORA-01476: divisor is equal to zero
ORA-06512: at "MRVMM.PKG_MRV_INICIATIVA_MITIGACION", line 819
ORA-06512: at line 1
3/02/2020 02:19:48: [Método: System.Data.Common.DbDataReader ExecuteDbDataReader(System.Data.CommandBehavior), Línea: 0] - ORA-01476: divisor is equal to zero
ORA-06512: at "MRVMM.PKG_MRV_INICIATIVA_MITIGACION", line 819
ORA-06512: at line 1
3/02/2020 02:19:48: [Método: System.Data.IDataReader ExecuteReaderWithFlagsFallback(System.Data.IDbCommand, Boolean, System.Data.CommandBehavior), Línea: 0] - ORA-01476: divisor is equal to zero
ORA-06512: at "MRVMM.PKG_MRV_INICIATIVA_MITIGACION", line 819
ORA-06512: at line 1
3/02/2020 02:19:48: [Método: Boolean MoveNext(), Línea: 0] - ORA-01476: divisor is equal to zero
ORA-06512: at "MRVMM.PKG_MRV_INICIATIVA_MITIGACION", line 819
ORA-06512: at line 1
3/02/2020 02:19:48: [Método: Void .ctor(System.Collections.Generic.IEnumerable`1[T]), Línea: 0] - ORA-01476: divisor is equal to zero
ORA-06512: at "MRVMM.PKG_MRV_INICIATIVA_MITIGACION", line 819
ORA-06512: at line 1
3/02/2020 02:19:48: [Método: System.Collections.Generic.List`1[TSource] ToList[TSource](System.Collections.Generic.IEnumerable`1[TSource]), Línea: 0] - ORA-01476: divisor is equal to zero
ORA-06512: at "MRVMM.PKG_MRV_INICIATIVA_MITIGACION", line 819
ORA-06512: at line 1
3/02/2020 02:19:48: [Método: System.Collections.Generic.IEnumerable`1[T] Query[T](System.Data.IDbConnection, System.String, System.Object, System.Data.IDbTransaction, Boolean, System.Nullable`1[System.Int32], System.Nullable`1[System.Data.CommandType]), Línea: 0] - ORA-01476: divisor is equal to zero
ORA-06512: at "MRVMM.PKG_MRV_INICIATIVA_MITIGACION", line 819
ORA-06512: at line 1
3/02/2020 02:19:48: [Método: System.Collections.Generic.List`1[entidad.minem.gob.pe.IniciativaBE] ListaIniciativaUsuario(entidad.minem.gob.pe.IniciativaBE), Línea: 0] - ORA-01476: divisor is equal to zero
ORA-06512: at "MRVMM.PKG_MRV_INICIATIVA_MITIGACION", line 819
ORA-06512: at line 1
