1/02/2020 19:24:33: [Método: Void HandleErrorHelper(Int32, Oracle.DataAccess.Client.OracleConnection, IntPtr, Oracle.DataAccess.Client.OpoSqlValCtx*, System.Object, System.String, Boolean, Int32, Oracle.DataAccess.Client.OracleLogicalTransaction), Línea: 0] - ORA-01476: divisor is equal to zero
ORA-06512: at "MRVMM.PKG_MRV_INICIATIVA_MITIGACION", line 818
ORA-06512: at line 1
1/02/2020 19:24:33: [Método: Void HandleError(Int32, Oracle.DataAccess.Client.OracleConnection, System.String, IntPtr, Oracle.DataAccess.Client.OpoSqlValCtx*, System.Object, Boolean, Oracle.DataAccess.Client.OracleLogicalTransaction), Línea: 0] - ORA-01476: divisor is equal to zero
ORA-06512: at "MRVMM.PKG_MRV_INICIATIVA_MITIGACION", line 818
ORA-06512: at line 1
1/02/2020 19:24:33: [Método: Oracle.DataAccess.Client.OracleDataReader ExecuteReader(Boolean, Boolean, System.Data.CommandBehavior), Línea: 0] - ORA-01476: divisor is equal to zero
ORA-06512: at "MRVMM.PKG_MRV_INICIATIVA_MITIGACION", line 818
ORA-06512: at line 1
1/02/2020 19:24:33: [Método: System.Data.Common.DbDataReader ExecuteDbDataReader(System.Data.CommandBehavior), Línea: 0] - ORA-01476: divisor is equal to zero
ORA-06512: at "MRVMM.PKG_MRV_INICIATIVA_MITIGACION", line 818
ORA-06512: at line 1
1/02/2020 19:24:33: [Método: System.Data.IDataReader ExecuteReaderWithFlagsFallback(System.Data.IDbCommand, Boolean, System.Data.CommandBehavior), Línea: 0] - ORA-01476: divisor is equal to zero
ORA-06512: at "MRVMM.PKG_MRV_INICIATIVA_MITIGACION", line 818
ORA-06512: at line 1
1/02/2020 19:24:33: [Método: Boolean MoveNext(), Línea: 0] - ORA-01476: divisor is equal to zero
ORA-06512: at "MRVMM.PKG_MRV_INICIATIVA_MITIGACION", line 818
ORA-06512: at line 1
1/02/2020 19:24:33: [Método: Void .ctor(System.Collections.Generic.IEnumerable`1[T]), Línea: 0] - ORA-01476: divisor is equal to zero
ORA-06512: at "MRVMM.PKG_MRV_INICIATIVA_MITIGACION", line 818
ORA-06512: at line 1
1/02/2020 19:24:33: [Método: System.Collections.Generic.List`1[TSource] ToList[TSource](System.Collections.Generic.IEnumerable`1[TSource]), Línea: 0] - ORA-01476: divisor is equal to zero
ORA-06512: at "MRVMM.PKG_MRV_INICIATIVA_MITIGACION", line 818
ORA-06512: at line 1
1/02/2020 19:24:33: [Método: System.Collections.Generic.IEnumerable`1[T] Query[T](System.Data.IDbConnection, System.String, System.Object, System.Data.IDbTransaction, Boolean, System.Nullable`1[System.Int32], System.Nullable`1[System.Data.CommandType]), Línea: 0] - ORA-01476: divisor is equal to zero
ORA-06512: at "MRVMM.PKG_MRV_INICIATIVA_MITIGACION", line 818
ORA-06512: at line 1
1/02/2020 19:24:33: [Método: System.Collections.Generic.List`1[entidad.minem.gob.pe.IniciativaBE] ListaIniciativaUsuario(entidad.minem.gob.pe.IniciativaBE), Línea: 129] - ORA-01476: divisor is equal to zero
ORA-06512: at "MRVMM.PKG_MRV_INICIATIVA_MITIGACION", line 818
ORA-06512: at line 1
1/02/2020 19:39:08: [Método: Void HandleErrorHelper(Int32, Oracle.DataAccess.Client.OracleConnection, IntPtr, Oracle.DataAccess.Client.OpoSqlValCtx*, System.Object, System.String, Boolean, Int32, Oracle.DataAccess.Client.OracleLogicalTransaction), Línea: 0] - ORA-01476: divisor is equal to zero
ORA-06512: at "MRVMM.PKG_MRV_INICIATIVA_MITIGACION", line 483
ORA-06512: at line 1
1/02/2020 19:39:08: [Método: Void HandleError(Int32, Oracle.DataAccess.Client.OracleConnection, System.String, IntPtr, Oracle.DataAccess.Client.OpoSqlValCtx*, System.Object, Boolean, Oracle.DataAccess.Client.OracleLogicalTransaction), Línea: 0] - ORA-01476: divisor is equal to zero
ORA-06512: at "MRVMM.PKG_MRV_INICIATIVA_MITIGACION", line 483
ORA-06512: at line 1
1/02/2020 19:39:08: [Método: Oracle.DataAccess.Client.OracleDataReader ExecuteReader(Boolean, Boolean, System.Data.CommandBehavior), Línea: 0] - ORA-01476: divisor is equal to zero
ORA-06512: at "MRVMM.PKG_MRV_INICIATIVA_MITIGACION", line 483
ORA-06512: at line 1
1/02/2020 19:39:08: [Método: System.Data.Common.DbDataReader ExecuteDbDataReader(System.Data.CommandBehavior), Línea: 0] - ORA-01476: divisor is equal to zero
ORA-06512: at "MRVMM.PKG_MRV_INICIATIVA_MITIGACION", line 483
ORA-06512: at line 1
1/02/2020 19:39:08: [Método: System.Data.IDataReader ExecuteReaderWithFlagsFallback(System.Data.IDbCommand, Boolean, System.Data.CommandBehavior), Línea: 0] - ORA-01476: divisor is equal to zero
ORA-06512: at "MRVMM.PKG_MRV_INICIATIVA_MITIGACION", line 483
ORA-06512: at line 1
1/02/2020 19:39:08: [Método: Boolean MoveNext(), Línea: 0] - ORA-01476: divisor is equal to zero
ORA-06512: at "MRVMM.PKG_MRV_INICIATIVA_MITIGACION", line 483
ORA-06512: at line 1
1/02/2020 19:39:08: [Método: Void .ctor(System.Collections.Generic.IEnumerable`1[T]), Línea: 0] - ORA-01476: divisor is equal to zero
ORA-06512: at "MRVMM.PKG_MRV_INICIATIVA_MITIGACION", line 483
ORA-06512: at line 1
1/02/2020 19:39:08: [Método: System.Collections.Generic.List`1[TSource] ToList[TSource](System.Collections.Generic.IEnumerable`1[TSource]), Línea: 0] - ORA-01476: divisor is equal to zero
ORA-06512: at "MRVMM.PKG_MRV_INICIATIVA_MITIGACION", line 483
ORA-06512: at line 1
1/02/2020 19:39:08: [Método: System.Collections.Generic.IEnumerable`1[T] Query[T](System.Data.IDbConnection, System.String, System.Object, System.Data.IDbTransaction, Boolean, System.Nullable`1[System.Int32], System.Nullable`1[System.Data.CommandType]), Línea: 0] - ORA-01476: divisor is equal to zero
ORA-06512: at "MRVMM.PKG_MRV_INICIATIVA_MITIGACION", line 483
ORA-06512: at line 1
1/02/2020 19:39:08: [Método: System.Collections.Generic.List`1[entidad.minem.gob.pe.IniciativaBE] ListaIniciativaEspecialista(entidad.minem.gob.pe.IniciativaBE), Línea: 66] - ORA-01476: divisor is equal to zero
ORA-06512: at "MRVMM.PKG_MRV_INICIATIVA_MITIGACION", line 483
ORA-06512: at line 1
1/02/2020 19:47:41: [Método: Void HandleErrorHelper(Int32, Oracle.DataAccess.Client.OracleConnection, IntPtr, Oracle.DataAccess.Client.OpoSqlValCtx*, System.Object, System.String, Boolean, Int32, Oracle.DataAccess.Client.OracleLogicalTransaction), Línea: 0] - ORA-01476: divisor is equal to zero
ORA-06512: at "MRVMM.PKG_MRV_INICIATIVA_MITIGACION", line 818
ORA-06512: at line 1
1/02/2020 19:47:41: [Método: Void HandleError(Int32, Oracle.DataAccess.Client.OracleConnection, System.String, IntPtr, Oracle.DataAccess.Client.OpoSqlValCtx*, System.Object, Boolean, Oracle.DataAccess.Client.OracleLogicalTransaction), Línea: 0] - ORA-01476: divisor is equal to zero
ORA-06512: at "MRVMM.PKG_MRV_INICIATIVA_MITIGACION", line 818
ORA-06512: at line 1
1/02/2020 19:47:41: [Método: Oracle.DataAccess.Client.OracleDataReader ExecuteReader(Boolean, Boolean, System.Data.CommandBehavior), Línea: 0] - ORA-01476: divisor is equal to zero
ORA-06512: at "MRVMM.PKG_MRV_INICIATIVA_MITIGACION", line 818
ORA-06512: at line 1
1/02/2020 19:47:41: [Método: System.Data.Common.DbDataReader ExecuteDbDataReader(System.Data.CommandBehavior), Línea: 0] - ORA-01476: divisor is equal to zero
ORA-06512: at "MRVMM.PKG_MRV_INICIATIVA_MITIGACION", line 818
ORA-06512: at line 1
1/02/2020 19:47:41: [Método: System.Data.IDataReader ExecuteReaderWithFlagsFallback(System.Data.IDbCommand, Boolean, System.Data.CommandBehavior), Línea: 0] - ORA-01476: divisor is equal to zero
ORA-06512: at "MRVMM.PKG_MRV_INICIATIVA_MITIGACION", line 818
ORA-06512: at line 1
1/02/2020 19:47:41: [Método: Boolean MoveNext(), Línea: 0] - ORA-01476: divisor is equal to zero
ORA-06512: at "MRVMM.PKG_MRV_INICIATIVA_MITIGACION", line 818
ORA-06512: at line 1
1/02/2020 19:47:41: [Método: Void .ctor(System.Collections.Generic.IEnumerable`1[T]), Línea: 0] - ORA-01476: divisor is equal to zero
ORA-06512: at "MRVMM.PKG_MRV_INICIATIVA_MITIGACION", line 818
ORA-06512: at line 1
1/02/2020 19:47:41: [Método: System.Collections.Generic.List`1[TSource] ToList[TSource](System.Collections.Generic.IEnumerable`1[TSource]), Línea: 0] - ORA-01476: divisor is equal to zero
ORA-06512: at "MRVMM.PKG_MRV_INICIATIVA_MITIGACION", line 818
ORA-06512: at line 1
1/02/2020 19:47:41: [Método: System.Collections.Generic.IEnumerable`1[T] Query[T](System.Data.IDbConnection, System.String, System.Object, System.Data.IDbTransaction, Boolean, System.Nullable`1[System.Int32], System.Nullable`1[System.Data.CommandType]), Línea: 0] - ORA-01476: divisor is equal to zero
ORA-06512: at "MRVMM.PKG_MRV_INICIATIVA_MITIGACION", line 818
ORA-06512: at line 1
1/02/2020 19:47:41: [Método: System.Collections.Generic.List`1[entidad.minem.gob.pe.IniciativaBE] ListaIniciativaUsuario(entidad.minem.gob.pe.IniciativaBE), Línea: 129] - ORA-01476: divisor is equal to zero
ORA-06512: at "MRVMM.PKG_MRV_INICIATIVA_MITIGACION", line 818
ORA-06512: at line 1
1/02/2020 19:53:57: [Método: Void HandleErrorHelper(Int32, Oracle.DataAccess.Client.OracleConnection, IntPtr, Oracle.DataAccess.Client.OpoSqlValCtx*, System.Object, System.String, Boolean, Int32, Oracle.DataAccess.Client.OracleLogicalTransaction), Línea: 0] - ORA-01476: divisor is equal to zero
ORA-06512: at "MRVMM.PKG_MRV_INICIATIVA_MITIGACION", line 818
ORA-06512: at line 1
1/02/2020 19:53:57: [Método: Void HandleError(Int32, Oracle.DataAccess.Client.OracleConnection, System.String, IntPtr, Oracle.DataAccess.Client.OpoSqlValCtx*, System.Object, Boolean, Oracle.DataAccess.Client.OracleLogicalTransaction), Línea: 0] - ORA-01476: divisor is equal to zero
ORA-06512: at "MRVMM.PKG_MRV_INICIATIVA_MITIGACION", line 818
ORA-06512: at line 1
1/02/2020 19:53:57: [Método: Oracle.DataAccess.Client.OracleDataReader ExecuteReader(Boolean, Boolean, System.Data.CommandBehavior), Línea: 0] - ORA-01476: divisor is equal to zero
ORA-06512: at "MRVMM.PKG_MRV_INICIATIVA_MITIGACION", line 818
ORA-06512: at line 1
1/02/2020 19:53:57: [Método: System.Data.Common.DbDataReader ExecuteDbDataReader(System.Data.CommandBehavior), Línea: 0] - ORA-01476: divisor is equal to zero
ORA-06512: at "MRVMM.PKG_MRV_INICIATIVA_MITIGACION", line 818
ORA-06512: at line 1
1/02/2020 19:53:57: [Método: System.Data.IDataReader ExecuteReaderWithFlagsFallback(System.Data.IDbCommand, Boolean, System.Data.CommandBehavior), Línea: 0] - ORA-01476: divisor is equal to zero
ORA-06512: at "MRVMM.PKG_MRV_INICIATIVA_MITIGACION", line 818
ORA-06512: at line 1
1/02/2020 19:53:57: [Método: Boolean MoveNext(), Línea: 0] - ORA-01476: divisor is equal to zero
ORA-06512: at "MRVMM.PKG_MRV_INICIATIVA_MITIGACION", line 818
ORA-06512: at line 1
1/02/2020 19:53:57: [Método: Void .ctor(System.Collections.Generic.IEnumerable`1[T]), Línea: 0] - ORA-01476: divisor is equal to zero
ORA-06512: at "MRVMM.PKG_MRV_INICIATIVA_MITIGACION", line 818
ORA-06512: at line 1
1/02/2020 19:53:57: [Método: System.Collections.Generic.List`1[TSource] ToList[TSource](System.Collections.Generic.IEnumerable`1[TSource]), Línea: 0] - ORA-01476: divisor is equal to zero
ORA-06512: at "MRVMM.PKG_MRV_INICIATIVA_MITIGACION", line 818
ORA-06512: at line 1
1/02/2020 19:53:57: [Método: System.Collections.Generic.IEnumerable`1[T] Query[T](System.Data.IDbConnection, System.String, System.Object, System.Data.IDbTransaction, Boolean, System.Nullable`1[System.Int32], System.Nullable`1[System.Data.CommandType]), Línea: 0] - ORA-01476: divisor is equal to zero
ORA-06512: at "MRVMM.PKG_MRV_INICIATIVA_MITIGACION", line 818
ORA-06512: at line 1
1/02/2020 19:53:57: [Método: System.Collections.Generic.List`1[entidad.minem.gob.pe.IniciativaBE] ListaIniciativaUsuario(entidad.minem.gob.pe.IniciativaBE), Línea: 129] - ORA-01476: divisor is equal to zero
ORA-06512: at "MRVMM.PKG_MRV_INICIATIVA_MITIGACION", line 818
ORA-06512: at line 1
1/02/2020 19:56:42: [Método: Void HandleErrorHelper(Int32, Oracle.DataAccess.Client.OracleConnection, IntPtr, Oracle.DataAccess.Client.OpoSqlValCtx*, System.Object, System.String, Boolean, Int32, Oracle.DataAccess.Client.OracleLogicalTransaction), Línea: 0] - ORA-01476: divisor is equal to zero
ORA-06512: at "MRVMM.PKG_MRV_INICIATIVA_MITIGACION", line 818
ORA-06512: at line 1
1/02/2020 19:56:42: [Método: Void HandleError(Int32, Oracle.DataAccess.Client.OracleConnection, System.String, IntPtr, Oracle.DataAccess.Client.OpoSqlValCtx*, System.Object, Boolean, Oracle.DataAccess.Client.OracleLogicalTransaction), Línea: 0] - ORA-01476: divisor is equal to zero
ORA-06512: at "MRVMM.PKG_MRV_INICIATIVA_MITIGACION", line 818
ORA-06512: at line 1
1/02/2020 19:56:42: [Método: Oracle.DataAccess.Client.OracleDataReader ExecuteReader(Boolean, Boolean, System.Data.CommandBehavior), Línea: 0] - ORA-01476: divisor is equal to zero
ORA-06512: at "MRVMM.PKG_MRV_INICIATIVA_MITIGACION", line 818
ORA-06512: at line 1
1/02/2020 19:56:42: [Método: System.Data.Common.DbDataReader ExecuteDbDataReader(System.Data.CommandBehavior), Línea: 0] - ORA-01476: divisor is equal to zero
ORA-06512: at "MRVMM.PKG_MRV_INICIATIVA_MITIGACION", line 818
ORA-06512: at line 1
1/02/2020 19:56:42: [Método: System.Data.IDataReader ExecuteReaderWithFlagsFallback(System.Data.IDbCommand, Boolean, System.Data.CommandBehavior), Línea: 0] - ORA-01476: divisor is equal to zero
ORA-06512: at "MRVMM.PKG_MRV_INICIATIVA_MITIGACION", line 818
ORA-06512: at line 1
1/02/2020 19:56:42: [Método: Boolean MoveNext(), Línea: 0] - ORA-01476: divisor is equal to zero
ORA-06512: at "MRVMM.PKG_MRV_INICIATIVA_MITIGACION", line 818
ORA-06512: at line 1
1/02/2020 19:56:42: [Método: Void .ctor(System.Collections.Generic.IEnumerable`1[T]), Línea: 0] - ORA-01476: divisor is equal to zero
ORA-06512: at "MRVMM.PKG_MRV_INICIATIVA_MITIGACION", line 818
ORA-06512: at line 1
1/02/2020 19:56:42: [Método: System.Collections.Generic.List`1[TSource] ToList[TSource](System.Collections.Generic.IEnumerable`1[TSource]), Línea: 0] - ORA-01476: divisor is equal to zero
ORA-06512: at "MRVMM.PKG_MRV_INICIATIVA_MITIGACION", line 818
ORA-06512: at line 1
1/02/2020 19:56:42: [Método: System.Collections.Generic.IEnumerable`1[T] Query[T](System.Data.IDbConnection, System.String, System.Object, System.Data.IDbTransaction, Boolean, System.Nullable`1[System.Int32], System.Nullable`1[System.Data.CommandType]), Línea: 0] - ORA-01476: divisor is equal to zero
ORA-06512: at "MRVMM.PKG_MRV_INICIATIVA_MITIGACION", line 818
ORA-06512: at line 1
1/02/2020 19:56:42: [Método: System.Collections.Generic.List`1[entidad.minem.gob.pe.IniciativaBE] ListaIniciativaUsuario(entidad.minem.gob.pe.IniciativaBE), Línea: 129] - ORA-01476: divisor is equal to zero
ORA-06512: at "MRVMM.PKG_MRV_INICIATIVA_MITIGACION", line 818
ORA-06512: at line 1
1/02/2020 20:09:21: [Método: Void HandleErrorHelper(Int32, Oracle.DataAccess.Client.OracleConnection, IntPtr, Oracle.DataAccess.Client.OpoSqlValCtx*, System.Object, System.String, Boolean, Int32, Oracle.DataAccess.Client.OracleLogicalTransaction), Línea: 0] - ORA-01476: divisor is equal to zero
ORA-06512: at "MRVMM.PKG_MRV_INICIATIVA_MITIGACION", line 818
ORA-06512: at line 1
1/02/2020 20:09:21: [Método: Void HandleError(Int32, Oracle.DataAccess.Client.OracleConnection, System.String, IntPtr, Oracle.DataAccess.Client.OpoSqlValCtx*, System.Object, Boolean, Oracle.DataAccess.Client.OracleLogicalTransaction), Línea: 0] - ORA-01476: divisor is equal to zero
ORA-06512: at "MRVMM.PKG_MRV_INICIATIVA_MITIGACION", line 818
ORA-06512: at line 1
1/02/2020 20:09:21: [Método: Oracle.DataAccess.Client.OracleDataReader ExecuteReader(Boolean, Boolean, System.Data.CommandBehavior), Línea: 0] - ORA-01476: divisor is equal to zero
ORA-06512: at "MRVMM.PKG_MRV_INICIATIVA_MITIGACION", line 818
ORA-06512: at line 1
1/02/2020 20:09:21: [Método: System.Data.Common.DbDataReader ExecuteDbDataReader(System.Data.CommandBehavior), Línea: 0] - ORA-01476: divisor is equal to zero
ORA-06512: at "MRVMM.PKG_MRV_INICIATIVA_MITIGACION", line 818
ORA-06512: at line 1
1/02/2020 20:09:21: [Método: System.Data.IDataReader ExecuteReaderWithFlagsFallback(System.Data.IDbCommand, Boolean, System.Data.CommandBehavior), Línea: 0] - ORA-01476: divisor is equal to zero
ORA-06512: at "MRVMM.PKG_MRV_INICIATIVA_MITIGACION", line 818
ORA-06512: at line 1
1/02/2020 20:09:21: [Método: Boolean MoveNext(), Línea: 0] - ORA-01476: divisor is equal to zero
ORA-06512: at "MRVMM.PKG_MRV_INICIATIVA_MITIGACION", line 818
ORA-06512: at line 1
1/02/2020 20:09:21: [Método: Void .ctor(System.Collections.Generic.IEnumerable`1[T]), Línea: 0] - ORA-01476: divisor is equal to zero
ORA-06512: at "MRVMM.PKG_MRV_INICIATIVA_MITIGACION", line 818
ORA-06512: at line 1
1/02/2020 20:09:21: [Método: System.Collections.Generic.List`1[TSource] ToList[TSource](System.Collections.Generic.IEnumerable`1[TSource]), Línea: 0] - ORA-01476: divisor is equal to zero
ORA-06512: at "MRVMM.PKG_MRV_INICIATIVA_MITIGACION", line 818
ORA-06512: at line 1
1/02/2020 20:09:21: [Método: System.Collections.Generic.IEnumerable`1[T] Query[T](System.Data.IDbConnection, System.String, System.Object, System.Data.IDbTransaction, Boolean, System.Nullable`1[System.Int32], System.Nullable`1[System.Data.CommandType]), Línea: 0] - ORA-01476: divisor is equal to zero
ORA-06512: at "MRVMM.PKG_MRV_INICIATIVA_MITIGACION", line 818
ORA-06512: at line 1
1/02/2020 20:09:21: [Método: System.Collections.Generic.List`1[entidad.minem.gob.pe.IniciativaBE] ListaIniciativaUsuario(entidad.minem.gob.pe.IniciativaBE), Línea: 129] - ORA-01476: divisor is equal to zero
ORA-06512: at "MRVMM.PKG_MRV_INICIATIVA_MITIGACION", line 818
ORA-06512: at line 1
1/02/2020 20:12:48: [Método: Void HandleErrorHelper(Int32, Oracle.DataAccess.Client.OracleConnection, IntPtr, Oracle.DataAccess.Client.OpoSqlValCtx*, System.Object, System.String, Boolean, Int32, Oracle.DataAccess.Client.OracleLogicalTransaction), Línea: 0] - ORA-01476: divisor is equal to zero
ORA-06512: at "MRVMM.PKG_MRV_INICIATIVA_MITIGACION", line 483
ORA-06512: at line 1
1/02/2020 20:12:48: [Método: Void HandleError(Int32, Oracle.DataAccess.Client.OracleConnection, System.String, IntPtr, Oracle.DataAccess.Client.OpoSqlValCtx*, System.Object, Boolean, Oracle.DataAccess.Client.OracleLogicalTransaction), Línea: 0] - ORA-01476: divisor is equal to zero
ORA-06512: at "MRVMM.PKG_MRV_INICIATIVA_MITIGACION", line 483
ORA-06512: at line 1
1/02/2020 20:12:48: [Método: Oracle.DataAccess.Client.OracleDataReader ExecuteReader(Boolean, Boolean, System.Data.CommandBehavior), Línea: 0] - ORA-01476: divisor is equal to zero
ORA-06512: at "MRVMM.PKG_MRV_INICIATIVA_MITIGACION", line 483
ORA-06512: at line 1
1/02/2020 20:12:48: [Método: System.Data.Common.DbDataReader ExecuteDbDataReader(System.Data.CommandBehavior), Línea: 0] - ORA-01476: divisor is equal to zero
ORA-06512: at "MRVMM.PKG_MRV_INICIATIVA_MITIGACION", line 483
ORA-06512: at line 1
1/02/2020 20:12:48: [Método: System.Data.IDataReader ExecuteReaderWithFlagsFallback(System.Data.IDbCommand, Boolean, System.Data.CommandBehavior), Línea: 0] - ORA-01476: divisor is equal to zero
ORA-06512: at "MRVMM.PKG_MRV_INICIATIVA_MITIGACION", line 483
ORA-06512: at line 1
1/02/2020 20:12:48: [Método: Boolean MoveNext(), Línea: 0] - ORA-01476: divisor is equal to zero
ORA-06512: at "MRVMM.PKG_MRV_INICIATIVA_MITIGACION", line 483
ORA-06512: at line 1
1/02/2020 20:12:48: [Método: Void .ctor(System.Collections.Generic.IEnumerable`1[T]), Línea: 0] - ORA-01476: divisor is equal to zero
ORA-06512: at "MRVMM.PKG_MRV_INICIATIVA_MITIGACION", line 483
ORA-06512: at line 1
1/02/2020 20:12:48: [Método: System.Collections.Generic.List`1[TSource] ToList[TSource](System.Collections.Generic.IEnumerable`1[TSource]), Línea: 0] - ORA-01476: divisor is equal to zero
ORA-06512: at "MRVMM.PKG_MRV_INICIATIVA_MITIGACION", line 483
ORA-06512: at line 1
1/02/2020 20:12:48: [Método: System.Collections.Generic.IEnumerable`1[T] Query[T](System.Data.IDbConnection, System.String, System.Object, System.Data.IDbTransaction, Boolean, System.Nullable`1[System.Int32], System.Nullable`1[System.Data.CommandType]), Línea: 0] - ORA-01476: divisor is equal to zero
ORA-06512: at "MRVMM.PKG_MRV_INICIATIVA_MITIGACION", line 483
ORA-06512: at line 1
1/02/2020 20:12:48: [Método: System.Collections.Generic.List`1[entidad.minem.gob.pe.IniciativaBE] ListaIniciativaEspecialista(entidad.minem.gob.pe.IniciativaBE), Línea: 66] - ORA-01476: divisor is equal to zero
ORA-06512: at "MRVMM.PKG_MRV_INICIATIVA_MITIGACION", line 483
ORA-06512: at line 1
1/02/2020 20:16:15: [Método: Void HandleErrorHelper(Int32, Oracle.DataAccess.Client.OracleConnection, IntPtr, Oracle.DataAccess.Client.OpoSqlValCtx*, System.Object, System.String, Boolean, Int32, Oracle.DataAccess.Client.OracleLogicalTransaction), Línea: 0] - ORA-01476: divisor is equal to zero
ORA-06512: at "MRVMM.PKG_MRV_INICIATIVA_MITIGACION", line 818
ORA-06512: at line 1
1/02/2020 20:16:15: [Método: Void HandleError(Int32, Oracle.DataAccess.Client.OracleConnection, System.String, IntPtr, Oracle.DataAccess.Client.OpoSqlValCtx*, System.Object, Boolean, Oracle.DataAccess.Client.OracleLogicalTransaction), Línea: 0] - ORA-01476: divisor is equal to zero
ORA-06512: at "MRVMM.PKG_MRV_INICIATIVA_MITIGACION", line 818
ORA-06512: at line 1
1/02/2020 20:16:15: [Método: Oracle.DataAccess.Client.OracleDataReader ExecuteReader(Boolean, Boolean, System.Data.CommandBehavior), Línea: 0] - ORA-01476: divisor is equal to zero
ORA-06512: at "MRVMM.PKG_MRV_INICIATIVA_MITIGACION", line 818
ORA-06512: at line 1
1/02/2020 20:16:15: [Método: System.Data.Common.DbDataReader ExecuteDbDataReader(System.Data.CommandBehavior), Línea: 0] - ORA-01476: divisor is equal to zero
ORA-06512: at "MRVMM.PKG_MRV_INICIATIVA_MITIGACION", line 818
ORA-06512: at line 1
1/02/2020 20:16:15: [Método: System.Data.IDataReader ExecuteReaderWithFlagsFallback(System.Data.IDbCommand, Boolean, System.Data.CommandBehavior), Línea: 0] - ORA-01476: divisor is equal to zero
ORA-06512: at "MRVMM.PKG_MRV_INICIATIVA_MITIGACION", line 818
ORA-06512: at line 1
1/02/2020 20:16:15: [Método: Boolean MoveNext(), Línea: 0] - ORA-01476: divisor is equal to zero
ORA-06512: at "MRVMM.PKG_MRV_INICIATIVA_MITIGACION", line 818
ORA-06512: at line 1
1/02/2020 20:16:15: [Método: Void .ctor(System.Collections.Generic.IEnumerable`1[T]), Línea: 0] - ORA-01476: divisor is equal to zero
ORA-06512: at "MRVMM.PKG_MRV_INICIATIVA_MITIGACION", line 818
ORA-06512: at line 1
1/02/2020 20:16:15: [Método: System.Collections.Generic.List`1[TSource] ToList[TSource](System.Collections.Generic.IEnumerable`1[TSource]), Línea: 0] - ORA-01476: divisor is equal to zero
ORA-06512: at "MRVMM.PKG_MRV_INICIATIVA_MITIGACION", line 818
ORA-06512: at line 1
1/02/2020 20:16:15: [Método: System.Collections.Generic.IEnumerable`1[T] Query[T](System.Data.IDbConnection, System.String, System.Object, System.Data.IDbTransaction, Boolean, System.Nullable`1[System.Int32], System.Nullable`1[System.Data.CommandType]), Línea: 0] - ORA-01476: divisor is equal to zero
ORA-06512: at "MRVMM.PKG_MRV_INICIATIVA_MITIGACION", line 818
ORA-06512: at line 1
1/02/2020 20:16:15: [Método: System.Collections.Generic.List`1[entidad.minem.gob.pe.IniciativaBE] ListaIniciativaUsuario(entidad.minem.gob.pe.IniciativaBE), Línea: 129] - ORA-01476: divisor is equal to zero
ORA-06512: at "MRVMM.PKG_MRV_INICIATIVA_MITIGACION", line 818
ORA-06512: at line 1
1/02/2020 20:16:36: [Método: Void HandleErrorHelper(Int32, Oracle.DataAccess.Client.OracleConnection, IntPtr, Oracle.DataAccess.Client.OpoSqlValCtx*, System.Object, System.String, Boolean, Int32, Oracle.DataAccess.Client.OracleLogicalTransaction), Línea: 0] - ORA-01476: divisor is equal to zero
ORA-06512: at "MRVMM.PKG_MRV_INICIATIVA_MITIGACION", line 818
ORA-06512: at line 1
1/02/2020 20:16:36: [Método: Void HandleError(Int32, Oracle.DataAccess.Client.OracleConnection, System.String, IntPtr, Oracle.DataAccess.Client.OpoSqlValCtx*, System.Object, Boolean, Oracle.DataAccess.Client.OracleLogicalTransaction), Línea: 0] - ORA-01476: divisor is equal to zero
ORA-06512: at "MRVMM.PKG_MRV_INICIATIVA_MITIGACION", line 818
ORA-06512: at line 1
1/02/2020 20:16:36: [Método: Oracle.DataAccess.Client.OracleDataReader ExecuteReader(Boolean, Boolean, System.Data.CommandBehavior), Línea: 0] - ORA-01476: divisor is equal to zero
ORA-06512: at "MRVMM.PKG_MRV_INICIATIVA_MITIGACION", line 818
ORA-06512: at line 1
1/02/2020 20:16:36: [Método: System.Data.Common.DbDataReader ExecuteDbDataReader(System.Data.CommandBehavior), Línea: 0] - ORA-01476: divisor is equal to zero
ORA-06512: at "MRVMM.PKG_MRV_INICIATIVA_MITIGACION", line 818
ORA-06512: at line 1
1/02/2020 20:16:36: [Método: System.Data.IDataReader ExecuteReaderWithFlagsFallback(System.Data.IDbCommand, Boolean, System.Data.CommandBehavior), Línea: 0] - ORA-01476: divisor is equal to zero
ORA-06512: at "MRVMM.PKG_MRV_INICIATIVA_MITIGACION", line 818
ORA-06512: at line 1
1/02/2020 20:16:36: [Método: Boolean MoveNext(), Línea: 0] - ORA-01476: divisor is equal to zero
ORA-06512: at "MRVMM.PKG_MRV_INICIATIVA_MITIGACION", line 818
ORA-06512: at line 1
1/02/2020 20:16:36: [Método: Void .ctor(System.Collections.Generic.IEnumerable`1[T]), Línea: 0] - ORA-01476: divisor is equal to zero
ORA-06512: at "MRVMM.PKG_MRV_INICIATIVA_MITIGACION", line 818
ORA-06512: at line 1
1/02/2020 20:16:36: [Método: System.Collections.Generic.List`1[TSource] ToList[TSource](System.Collections.Generic.IEnumerable`1[TSource]), Línea: 0] - ORA-01476: divisor is equal to zero
ORA-06512: at "MRVMM.PKG_MRV_INICIATIVA_MITIGACION", line 818
ORA-06512: at line 1
1/02/2020 20:16:36: [Método: System.Collections.Generic.IEnumerable`1[T] Query[T](System.Data.IDbConnection, System.String, System.Object, System.Data.IDbTransaction, Boolean, System.Nullable`1[System.Int32], System.Nullable`1[System.Data.CommandType]), Línea: 0] - ORA-01476: divisor is equal to zero
ORA-06512: at "MRVMM.PKG_MRV_INICIATIVA_MITIGACION", line 818
ORA-06512: at line 1
1/02/2020 20:16:36: [Método: System.Collections.Generic.List`1[entidad.minem.gob.pe.IniciativaBE] ListaIniciativaUsuario(entidad.minem.gob.pe.IniciativaBE), Línea: 129] - ORA-01476: divisor is equal to zero
ORA-06512: at "MRVMM.PKG_MRV_INICIATIVA_MITIGACION", line 818
ORA-06512: at line 1
1/02/2020 20:18:57: [Método: Void HandleErrorHelper(Int32, Oracle.DataAccess.Client.OracleConnection, IntPtr, Oracle.DataAccess.Client.OpoSqlValCtx*, System.Object, System.String, Boolean, Int32, Oracle.DataAccess.Client.OracleLogicalTransaction), Línea: 0] - ORA-01476: divisor is equal to zero
ORA-06512: at "MRVMM.PKG_MRV_INICIATIVA_MITIGACION", line 818
ORA-06512: at line 1
1/02/2020 20:18:57: [Método: Void HandleError(Int32, Oracle.DataAccess.Client.OracleConnection, System.String, IntPtr, Oracle.DataAccess.Client.OpoSqlValCtx*, System.Object, Boolean, Oracle.DataAccess.Client.OracleLogicalTransaction), Línea: 0] - ORA-01476: divisor is equal to zero
ORA-06512: at "MRVMM.PKG_MRV_INICIATIVA_MITIGACION", line 818
ORA-06512: at line 1
1/02/2020 20:18:57: [Método: Oracle.DataAccess.Client.OracleDataReader ExecuteReader(Boolean, Boolean, System.Data.CommandBehavior), Línea: 0] - ORA-01476: divisor is equal to zero
ORA-06512: at "MRVMM.PKG_MRV_INICIATIVA_MITIGACION", line 818
ORA-06512: at line 1
1/02/2020 20:18:57: [Método: System.Data.Common.DbDataReader ExecuteDbDataReader(System.Data.CommandBehavior), Línea: 0] - ORA-01476: divisor is equal to zero
ORA-06512: at "MRVMM.PKG_MRV_INICIATIVA_MITIGACION", line 818
ORA-06512: at line 1
1/02/2020 20:18:57: [Método: System.Data.IDataReader ExecuteReaderWithFlagsFallback(System.Data.IDbCommand, Boolean, System.Data.CommandBehavior), Línea: 0] - ORA-01476: divisor is equal to zero
ORA-06512: at "MRVMM.PKG_MRV_INICIATIVA_MITIGACION", line 818
ORA-06512: at line 1
1/02/2020 20:18:57: [Método: Boolean MoveNext(), Línea: 0] - ORA-01476: divisor is equal to zero
ORA-06512: at "MRVMM.PKG_MRV_INICIATIVA_MITIGACION", line 818
ORA-06512: at line 1
1/02/2020 20:18:57: [Método: Void .ctor(System.Collections.Generic.IEnumerable`1[T]), Línea: 0] - ORA-01476: divisor is equal to zero
ORA-06512: at "MRVMM.PKG_MRV_INICIATIVA_MITIGACION", line 818
ORA-06512: at line 1
1/02/2020 20:18:57: [Método: System.Collections.Generic.List`1[TSource] ToList[TSource](System.Collections.Generic.IEnumerable`1[TSource]), Línea: 0] - ORA-01476: divisor is equal to zero
ORA-06512: at "MRVMM.PKG_MRV_INICIATIVA_MITIGACION", line 818
ORA-06512: at line 1
1/02/2020 20:18:57: [Método: System.Collections.Generic.IEnumerable`1[T] Query[T](System.Data.IDbConnection, System.String, System.Object, System.Data.IDbTransaction, Boolean, System.Nullable`1[System.Int32], System.Nullable`1[System.Data.CommandType]), Línea: 0] - ORA-01476: divisor is equal to zero
ORA-06512: at "MRVMM.PKG_MRV_INICIATIVA_MITIGACION", line 818
ORA-06512: at line 1
1/02/2020 20:18:57: [Método: System.Collections.Generic.List`1[entidad.minem.gob.pe.IniciativaBE] ListaIniciativaUsuario(entidad.minem.gob.pe.IniciativaBE), Línea: 129] - ORA-01476: divisor is equal to zero
ORA-06512: at "MRVMM.PKG_MRV_INICIATIVA_MITIGACION", line 818
ORA-06512: at line 1
1/02/2020 20:19:39: [Método: Void HandleErrorHelper(Int32, Oracle.DataAccess.Client.OracleConnection, IntPtr, Oracle.DataAccess.Client.OpoSqlValCtx*, System.Object, System.String, Boolean, Int32, Oracle.DataAccess.Client.OracleLogicalTransaction), Línea: 0] - ORA-01476: divisor is equal to zero
ORA-06512: at "MRVMM.PKG_MRV_INICIATIVA_MITIGACION", line 818
ORA-06512: at line 1
1/02/2020 20:19:39: [Método: Void HandleError(Int32, Oracle.DataAccess.Client.OracleConnection, System.String, IntPtr, Oracle.DataAccess.Client.OpoSqlValCtx*, System.Object, Boolean, Oracle.DataAccess.Client.OracleLogicalTransaction), Línea: 0] - ORA-01476: divisor is equal to zero
ORA-06512: at "MRVMM.PKG_MRV_INICIATIVA_MITIGACION", line 818
ORA-06512: at line 1
1/02/2020 20:19:39: [Método: Oracle.DataAccess.Client.OracleDataReader ExecuteReader(Boolean, Boolean, System.Data.CommandBehavior), Línea: 0] - ORA-01476: divisor is equal to zero
ORA-06512: at "MRVMM.PKG_MRV_INICIATIVA_MITIGACION", line 818
ORA-06512: at line 1
1/02/2020 20:19:39: [Método: System.Data.Common.DbDataReader ExecuteDbDataReader(System.Data.CommandBehavior), Línea: 0] - ORA-01476: divisor is equal to zero
ORA-06512: at "MRVMM.PKG_MRV_INICIATIVA_MITIGACION", line 818
ORA-06512: at line 1
1/02/2020 20:19:39: [Método: System.Data.IDataReader ExecuteReaderWithFlagsFallback(System.Data.IDbCommand, Boolean, System.Data.CommandBehavior), Línea: 0] - ORA-01476: divisor is equal to zero
ORA-06512: at "MRVMM.PKG_MRV_INICIATIVA_MITIGACION", line 818
ORA-06512: at line 1
1/02/2020 20:19:39: [Método: Boolean MoveNext(), Línea: 0] - ORA-01476: divisor is equal to zero
ORA-06512: at "MRVMM.PKG_MRV_INICIATIVA_MITIGACION", line 818
ORA-06512: at line 1
1/02/2020 20:19:39: [Método: Void .ctor(System.Collections.Generic.IEnumerable`1[T]), Línea: 0] - ORA-01476: divisor is equal to zero
ORA-06512: at "MRVMM.PKG_MRV_INICIATIVA_MITIGACION", line 818
ORA-06512: at line 1
1/02/2020 20:19:39: [Método: System.Collections.Generic.List`1[TSource] ToList[TSource](System.Collections.Generic.IEnumerable`1[TSource]), Línea: 0] - ORA-01476: divisor is equal to zero
ORA-06512: at "MRVMM.PKG_MRV_INICIATIVA_MITIGACION", line 818
ORA-06512: at line 1
1/02/2020 20:19:39: [Método: System.Collections.Generic.IEnumerable`1[T] Query[T](System.Data.IDbConnection, System.String, System.Object, System.Data.IDbTransaction, Boolean, System.Nullable`1[System.Int32], System.Nullable`1[System.Data.CommandType]), Línea: 0] - ORA-01476: divisor is equal to zero
ORA-06512: at "MRVMM.PKG_MRV_INICIATIVA_MITIGACION", line 818
ORA-06512: at line 1
1/02/2020 20:19:39: [Método: System.Collections.Generic.List`1[entidad.minem.gob.pe.IniciativaBE] ListaIniciativaUsuario(entidad.minem.gob.pe.IniciativaBE), Línea: 129] - ORA-01476: divisor is equal to zero
ORA-06512: at "MRVMM.PKG_MRV_INICIATIVA_MITIGACION", line 818
ORA-06512: at line 1
1/02/2020 20:26:58: [Método: Void HandleErrorHelper(Int32, Oracle.DataAccess.Client.OracleConnection, IntPtr, Oracle.DataAccess.Client.OpoSqlValCtx*, System.Object, System.String, Boolean, Int32, Oracle.DataAccess.Client.OracleLogicalTransaction), Línea: 0] - ORA-01476: divisor is equal to zero
ORA-06512: at "MRVMM.PKG_MRV_INICIATIVA_MITIGACION", line 818
ORA-06512: at line 1
1/02/2020 20:26:58: [Método: Void HandleError(Int32, Oracle.DataAccess.Client.OracleConnection, System.String, IntPtr, Oracle.DataAccess.Client.OpoSqlValCtx*, System.Object, Boolean, Oracle.DataAccess.Client.OracleLogicalTransaction), Línea: 0] - ORA-01476: divisor is equal to zero
ORA-06512: at "MRVMM.PKG_MRV_INICIATIVA_MITIGACION", line 818
ORA-06512: at line 1
1/02/2020 20:26:58: [Método: Oracle.DataAccess.Client.OracleDataReader ExecuteReader(Boolean, Boolean, System.Data.CommandBehavior), Línea: 0] - ORA-01476: divisor is equal to zero
ORA-06512: at "MRVMM.PKG_MRV_INICIATIVA_MITIGACION", line 818
ORA-06512: at line 1
1/02/2020 20:26:58: [Método: System.Data.Common.DbDataReader ExecuteDbDataReader(System.Data.CommandBehavior), Línea: 0] - ORA-01476: divisor is equal to zero
ORA-06512: at "MRVMM.PKG_MRV_INICIATIVA_MITIGACION", line 818
ORA-06512: at line 1
1/02/2020 20:26:58: [Método: System.Data.IDataReader ExecuteReaderWithFlagsFallback(System.Data.IDbCommand, Boolean, System.Data.CommandBehavior), Línea: 0] - ORA-01476: divisor is equal to zero
ORA-06512: at "MRVMM.PKG_MRV_INICIATIVA_MITIGACION", line 818
ORA-06512: at line 1
1/02/2020 20:26:58: [Método: Boolean MoveNext(), Línea: 0] - ORA-01476: divisor is equal to zero
ORA-06512: at "MRVMM.PKG_MRV_INICIATIVA_MITIGACION", line 818
ORA-06512: at line 1
1/02/2020 20:26:58: [Método: Void .ctor(System.Collections.Generic.IEnumerable`1[T]), Línea: 0] - ORA-01476: divisor is equal to zero
ORA-06512: at "MRVMM.PKG_MRV_INICIATIVA_MITIGACION", line 818
ORA-06512: at line 1
1/02/2020 20:26:58: [Método: System.Collections.Generic.List`1[TSource] ToList[TSource](System.Collections.Generic.IEnumerable`1[TSource]), Línea: 0] - ORA-01476: divisor is equal to zero
ORA-06512: at "MRVMM.PKG_MRV_INICIATIVA_MITIGACION", line 818
ORA-06512: at line 1
1/02/2020 20:26:58: [Método: System.Collections.Generic.IEnumerable`1[T] Query[T](System.Data.IDbConnection, System.String, System.Object, System.Data.IDbTransaction, Boolean, System.Nullable`1[System.Int32], System.Nullable`1[System.Data.CommandType]), Línea: 0] - ORA-01476: divisor is equal to zero
ORA-06512: at "MRVMM.PKG_MRV_INICIATIVA_MITIGACION", line 818
ORA-06512: at line 1
1/02/2020 20:26:58: [Método: System.Collections.Generic.List`1[entidad.minem.gob.pe.IniciativaBE] ListaIniciativaUsuario(entidad.minem.gob.pe.IniciativaBE), Línea: 129] - ORA-01476: divisor is equal to zero
ORA-06512: at "MRVMM.PKG_MRV_INICIATIVA_MITIGACION", line 818
ORA-06512: at line 1
1/02/2020 20:28:06: [Método: Void HandleErrorHelper(Int32, Oracle.DataAccess.Client.OracleConnection, IntPtr, Oracle.DataAccess.Client.OpoSqlValCtx*, System.Object, System.String, Boolean, Int32, Oracle.DataAccess.Client.OracleLogicalTransaction), Línea: 0] - ORA-01476: divisor is equal to zero
ORA-06512: at "MRVMM.PKG_MRV_INICIATIVA_MITIGACION", line 818
ORA-06512: at line 1
1/02/2020 20:28:06: [Método: Void HandleError(Int32, Oracle.DataAccess.Client.OracleConnection, System.String, IntPtr, Oracle.DataAccess.Client.OpoSqlValCtx*, System.Object, Boolean, Oracle.DataAccess.Client.OracleLogicalTransaction), Línea: 0] - ORA-01476: divisor is equal to zero
ORA-06512: at "MRVMM.PKG_MRV_INICIATIVA_MITIGACION", line 818
ORA-06512: at line 1
1/02/2020 20:28:06: [Método: Oracle.DataAccess.Client.OracleDataReader ExecuteReader(Boolean, Boolean, System.Data.CommandBehavior), Línea: 0] - ORA-01476: divisor is equal to zero
ORA-06512: at "MRVMM.PKG_MRV_INICIATIVA_MITIGACION", line 818
ORA-06512: at line 1
1/02/2020 20:28:06: [Método: System.Data.Common.DbDataReader ExecuteDbDataReader(System.Data.CommandBehavior), Línea: 0] - ORA-01476: divisor is equal to zero
ORA-06512: at "MRVMM.PKG_MRV_INICIATIVA_MITIGACION", line 818
ORA-06512: at line 1
1/02/2020 20:28:06: [Método: System.Data.IDataReader ExecuteReaderWithFlagsFallback(System.Data.IDbCommand, Boolean, System.Data.CommandBehavior), Línea: 0] - ORA-01476: divisor is equal to zero
ORA-06512: at "MRVMM.PKG_MRV_INICIATIVA_MITIGACION", line 818
ORA-06512: at line 1
1/02/2020 20:28:06: [Método: Boolean MoveNext(), Línea: 0] - ORA-01476: divisor is equal to zero
ORA-06512: at "MRVMM.PKG_MRV_INICIATIVA_MITIGACION", line 818
ORA-06512: at line 1
1/02/2020 20:28:06: [Método: Void .ctor(System.Collections.Generic.IEnumerable`1[T]), Línea: 0] - ORA-01476: divisor is equal to zero
ORA-06512: at "MRVMM.PKG_MRV_INICIATIVA_MITIGACION", line 818
ORA-06512: at line 1
1/02/2020 20:28:06: [Método: System.Collections.Generic.List`1[TSource] ToList[TSource](System.Collections.Generic.IEnumerable`1[TSource]), Línea: 0] - ORA-01476: divisor is equal to zero
ORA-06512: at "MRVMM.PKG_MRV_INICIATIVA_MITIGACION", line 818
ORA-06512: at line 1
1/02/2020 20:28:06: [Método: System.Collections.Generic.IEnumerable`1[T] Query[T](System.Data.IDbConnection, System.String, System.Object, System.Data.IDbTransaction, Boolean, System.Nullable`1[System.Int32], System.Nullable`1[System.Data.CommandType]), Línea: 0] - ORA-01476: divisor is equal to zero
ORA-06512: at "MRVMM.PKG_MRV_INICIATIVA_MITIGACION", line 818
ORA-06512: at line 1
1/02/2020 20:28:06: [Método: System.Collections.Generic.List`1[entidad.minem.gob.pe.IniciativaBE] ListaIniciativaUsuario(entidad.minem.gob.pe.IniciativaBE), Línea: 129] - ORA-01476: divisor is equal to zero
ORA-06512: at "MRVMM.PKG_MRV_INICIATIVA_MITIGACION", line 818
ORA-06512: at line 1
1/02/2020 20:37:57: [Método: Void HandleErrorHelper(Int32, Oracle.DataAccess.Client.OracleConnection, IntPtr, Oracle.DataAccess.Client.OpoSqlValCtx*, System.Object, System.String, Boolean, Int32, Oracle.DataAccess.Client.OracleLogicalTransaction), Línea: 0] - ORA-01476: divisor is equal to zero
ORA-06512: at "MRVMM.PKG_MRV_INICIATIVA_MITIGACION", line 483
ORA-06512: at line 1
1/02/2020 20:37:57: [Método: Void HandleError(Int32, Oracle.DataAccess.Client.OracleConnection, System.String, IntPtr, Oracle.DataAccess.Client.OpoSqlValCtx*, System.Object, Boolean, Oracle.DataAccess.Client.OracleLogicalTransaction), Línea: 0] - ORA-01476: divisor is equal to zero
ORA-06512: at "MRVMM.PKG_MRV_INICIATIVA_MITIGACION", line 483
ORA-06512: at line 1
1/02/2020 20:37:57: [Método: Oracle.DataAccess.Client.OracleDataReader ExecuteReader(Boolean, Boolean, System.Data.CommandBehavior), Línea: 0] - ORA-01476: divisor is equal to zero
ORA-06512: at "MRVMM.PKG_MRV_INICIATIVA_MITIGACION", line 483
ORA-06512: at line 1
1/02/2020 20:37:57: [Método: System.Data.Common.DbDataReader ExecuteDbDataReader(System.Data.CommandBehavior), Línea: 0] - ORA-01476: divisor is equal to zero
ORA-06512: at "MRVMM.PKG_MRV_INICIATIVA_MITIGACION", line 483
ORA-06512: at line 1
1/02/2020 20:37:57: [Método: System.Data.IDataReader ExecuteReaderWithFlagsFallback(System.Data.IDbCommand, Boolean, System.Data.CommandBehavior), Línea: 0] - ORA-01476: divisor is equal to zero
ORA-06512: at "MRVMM.PKG_MRV_INICIATIVA_MITIGACION", line 483
ORA-06512: at line 1
1/02/2020 20:37:57: [Método: Boolean MoveNext(), Línea: 0] - ORA-01476: divisor is equal to zero
ORA-06512: at "MRVMM.PKG_MRV_INICIATIVA_MITIGACION", line 483
ORA-06512: at line 1
1/02/2020 20:37:57: [Método: Void .ctor(System.Collections.Generic.IEnumerable`1[T]), Línea: 0] - ORA-01476: divisor is equal to zero
ORA-06512: at "MRVMM.PKG_MRV_INICIATIVA_MITIGACION", line 483
ORA-06512: at line 1
1/02/2020 20:37:57: [Método: System.Collections.Generic.List`1[TSource] ToList[TSource](System.Collections.Generic.IEnumerable`1[TSource]), Línea: 0] - ORA-01476: divisor is equal to zero
ORA-06512: at "MRVMM.PKG_MRV_INICIATIVA_MITIGACION", line 483
ORA-06512: at line 1
1/02/2020 20:37:57: [Método: System.Collections.Generic.IEnumerable`1[T] Query[T](System.Data.IDbConnection, System.String, System.Object, System.Data.IDbTransaction, Boolean, System.Nullable`1[System.Int32], System.Nullable`1[System.Data.CommandType]), Línea: 0] - ORA-01476: divisor is equal to zero
ORA-06512: at "MRVMM.PKG_MRV_INICIATIVA_MITIGACION", line 483
ORA-06512: at line 1
1/02/2020 20:37:57: [Método: System.Collections.Generic.List`1[entidad.minem.gob.pe.IniciativaBE] ListaIniciativaEspecialista(entidad.minem.gob.pe.IniciativaBE), Línea: 66] - ORA-01476: divisor is equal to zero
ORA-06512: at "MRVMM.PKG_MRV_INICIATIVA_MITIGACION", line 483
ORA-06512: at line 1
1/02/2020 21:24:07: [Método: Void HandleErrorHelper(Int32, Oracle.DataAccess.Client.OracleConnection, IntPtr, Oracle.DataAccess.Client.OpoSqlValCtx*, System.Object, System.String, Boolean, Int32, Oracle.DataAccess.Client.OracleLogicalTransaction), Línea: 0] - ORA-01476: divisor is equal to zero
ORA-06512: at "MRVMM.PKG_MRV_INICIATIVA_MITIGACION", line 483
ORA-06512: at line 1
1/02/2020 21:24:07: [Método: Void HandleError(Int32, Oracle.DataAccess.Client.OracleConnection, System.String, IntPtr, Oracle.DataAccess.Client.OpoSqlValCtx*, System.Object, Boolean, Oracle.DataAccess.Client.OracleLogicalTransaction), Línea: 0] - ORA-01476: divisor is equal to zero
ORA-06512: at "MRVMM.PKG_MRV_INICIATIVA_MITIGACION", line 483
ORA-06512: at line 1
1/02/2020 21:24:07: [Método: Oracle.DataAccess.Client.OracleDataReader ExecuteReader(Boolean, Boolean, System.Data.CommandBehavior), Línea: 0] - ORA-01476: divisor is equal to zero
ORA-06512: at "MRVMM.PKG_MRV_INICIATIVA_MITIGACION", line 483
ORA-06512: at line 1
1/02/2020 21:24:07: [Método: System.Data.Common.DbDataReader ExecuteDbDataReader(System.Data.CommandBehavior), Línea: 0] - ORA-01476: divisor is equal to zero
ORA-06512: at "MRVMM.PKG_MRV_INICIATIVA_MITIGACION", line 483
ORA-06512: at line 1
1/02/2020 21:24:07: [Método: System.Data.IDataReader ExecuteReaderWithFlagsFallback(System.Data.IDbCommand, Boolean, System.Data.CommandBehavior), Línea: 0] - ORA-01476: divisor is equal to zero
ORA-06512: at "MRVMM.PKG_MRV_INICIATIVA_MITIGACION", line 483
ORA-06512: at line 1
1/02/2020 21:24:07: [Método: Boolean MoveNext(), Línea: 0] - ORA-01476: divisor is equal to zero
ORA-06512: at "MRVMM.PKG_MRV_INICIATIVA_MITIGACION", line 483
ORA-06512: at line 1
1/02/2020 21:24:07: [Método: Void .ctor(System.Collections.Generic.IEnumerable`1[T]), Línea: 0] - ORA-01476: divisor is equal to zero
ORA-06512: at "MRVMM.PKG_MRV_INICIATIVA_MITIGACION", line 483
ORA-06512: at line 1
1/02/2020 21:24:07: [Método: System.Collections.Generic.List`1[TSource] ToList[TSource](System.Collections.Generic.IEnumerable`1[TSource]), Línea: 0] - ORA-01476: divisor is equal to zero
ORA-06512: at "MRVMM.PKG_MRV_INICIATIVA_MITIGACION", line 483
ORA-06512: at line 1
1/02/2020 21:24:07: [Método: System.Collections.Generic.IEnumerable`1[T] Query[T](System.Data.IDbConnection, System.String, System.Object, System.Data.IDbTransaction, Boolean, System.Nullable`1[System.Int32], System.Nullable`1[System.Data.CommandType]), Línea: 0] - ORA-01476: divisor is equal to zero
ORA-06512: at "MRVMM.PKG_MRV_INICIATIVA_MITIGACION", line 483
ORA-06512: at line 1
1/02/2020 21:24:07: [Método: System.Collections.Generic.List`1[entidad.minem.gob.pe.IniciativaBE] ListaIniciativaEspecialista(entidad.minem.gob.pe.IniciativaBE), Línea: 66] - ORA-01476: divisor is equal to zero
ORA-06512: at "MRVMM.PKG_MRV_INICIATIVA_MITIGACION", line 483
ORA-06512: at line 1
1/02/2020 21:31:05: [Método: Void HandleErrorHelper(Int32, Oracle.DataAccess.Client.OracleConnection, IntPtr, Oracle.DataAccess.Client.OpoSqlValCtx*, System.Object, System.String, Boolean, Int32, Oracle.DataAccess.Client.OracleLogicalTransaction), Línea: 0] - ORA-06550: line 1, column 7:
PLS-00306: wrong number or types of arguments in call to 'USP_UPD_VISTO_NOTIFICACION'
ORA-06550: line 1, column 7:
PL/SQL: Statement ignored
1/02/2020 21:31:05: [Método: Void HandleError(Int32, Oracle.DataAccess.Client.OracleConnection, System.String, IntPtr, Oracle.DataAccess.Client.OpoSqlValCtx*, System.Object, Boolean, Oracle.DataAccess.Client.OracleLogicalTransaction), Línea: 0] - ORA-06550: line 1, column 7:
PLS-00306: wrong number or types of arguments in call to 'USP_UPD_VISTO_NOTIFICACION'
ORA-06550: line 1, column 7:
PL/SQL: Statement ignored
1/02/2020 21:31:05: [Método: Int32 ExecuteNonQuery(), Línea: 0] - ORA-06550: line 1, column 7:
PLS-00306: wrong number or types of arguments in call to 'USP_UPD_VISTO_NOTIFICACION'
ORA-06550: line 1, column 7:
PL/SQL: Statement ignored
1/02/2020 21:31:05: [Método: Int32 ExecuteCommand(System.Data.IDbConnection, Dapper.CommandDefinition ByRef, System.Action`2[System.Data.IDbCommand,System.Object]), Línea: 0] - ORA-06550: line 1, column 7:
PLS-00306: wrong number or types of arguments in call to 'USP_UPD_VISTO_NOTIFICACION'
ORA-06550: line 1, column 7:
PL/SQL: Statement ignored
1/02/2020 21:31:05: [Método: Int32 ExecuteImpl(System.Data.IDbConnection, Dapper.CommandDefinition ByRef), Línea: 0] - ORA-06550: line 1, column 7:
PLS-00306: wrong number or types of arguments in call to 'USP_UPD_VISTO_NOTIFICACION'
ORA-06550: line 1, column 7:
PL/SQL: Statement ignored
1/02/2020 21:31:05: [Método: Int32 Execute(System.Data.IDbConnection, System.String, System.Object, System.Data.IDbTransaction, System.Nullable`1[System.Int32], System.Nullable`1[System.Data.CommandType]), Línea: 0] - ORA-06550: line 1, column 7:
PLS-00306: wrong number or types of arguments in call to 'USP_UPD_VISTO_NOTIFICACION'
ORA-06550: line 1, column 7:
PL/SQL: Statement ignored
1/02/2020 21:31:05: [Método: entidad.minem.gob.pe.NotificacionBE RegistraVistoNotificacion(entidad.minem.gob.pe.NotificacionBE), Línea: 0] - ORA-06550: line 1, column 7:
PLS-00306: wrong number or types of arguments in call to 'USP_UPD_VISTO_NOTIFICACION'
ORA-06550: line 1, column 7:
PL/SQL: Statement ignored
1/02/2020 21:41:01: [Método: Void HandleErrorHelper(Int32, Oracle.DataAccess.Client.OracleConnection, IntPtr, Oracle.DataAccess.Client.OpoSqlValCtx*, System.Object, System.String, Boolean, Int32, Oracle.DataAccess.Client.OracleLogicalTransaction), Línea: 0] - ORA-01476: divisor is equal to zero
ORA-06512: at "MRVMM.PKG_MRV_INICIATIVA_MITIGACION", line 483
ORA-06512: at line 1
1/02/2020 21:41:01: [Método: Void HandleError(Int32, Oracle.DataAccess.Client.OracleConnection, System.String, IntPtr, Oracle.DataAccess.Client.OpoSqlValCtx*, System.Object, Boolean, Oracle.DataAccess.Client.OracleLogicalTransaction), Línea: 0] - ORA-01476: divisor is equal to zero
ORA-06512: at "MRVMM.PKG_MRV_INICIATIVA_MITIGACION", line 483
ORA-06512: at line 1
1/02/2020 21:41:01: [Método: Oracle.DataAccess.Client.OracleDataReader ExecuteReader(Boolean, Boolean, System.Data.CommandBehavior), Línea: 0] - ORA-01476: divisor is equal to zero
ORA-06512: at "MRVMM.PKG_MRV_INICIATIVA_MITIGACION", line 483
ORA-06512: at line 1
1/02/2020 21:41:01: [Método: System.Data.Common.DbDataReader ExecuteDbDataReader(System.Data.CommandBehavior), Línea: 0] - ORA-01476: divisor is equal to zero
ORA-06512: at "MRVMM.PKG_MRV_INICIATIVA_MITIGACION", line 483
ORA-06512: at line 1
1/02/2020 21:41:01: [Método: System.Data.IDataReader ExecuteReaderWithFlagsFallback(System.Data.IDbCommand, Boolean, System.Data.CommandBehavior), Línea: 0] - ORA-01476: divisor is equal to zero
ORA-06512: at "MRVMM.PKG_MRV_INICIATIVA_MITIGACION", line 483
ORA-06512: at line 1
1/02/2020 21:41:01: [Método: Boolean MoveNext(), Línea: 0] - ORA-01476: divisor is equal to zero
ORA-06512: at "MRVMM.PKG_MRV_INICIATIVA_MITIGACION", line 483
ORA-06512: at line 1
1/02/2020 21:41:01: [Método: Void .ctor(System.Collections.Generic.IEnumerable`1[T]), Línea: 0] - ORA-01476: divisor is equal to zero
ORA-06512: at "MRVMM.PKG_MRV_INICIATIVA_MITIGACION", line 483
ORA-06512: at line 1
1/02/2020 21:41:01: [Método: System.Collections.Generic.List`1[TSource] ToList[TSource](System.Collections.Generic.IEnumerable`1[TSource]), Línea: 0] - ORA-01476: divisor is equal to zero
ORA-06512: at "MRVMM.PKG_MRV_INICIATIVA_MITIGACION", line 483
ORA-06512: at line 1
1/02/2020 21:41:01: [Método: System.Collections.Generic.IEnumerable`1[T] Query[T](System.Data.IDbConnection, System.String, System.Object, System.Data.IDbTransaction, Boolean, System.Nullable`1[System.Int32], System.Nullable`1[System.Data.CommandType]), Línea: 0] - ORA-01476: divisor is equal to zero
ORA-06512: at "MRVMM.PKG_MRV_INICIATIVA_MITIGACION", line 483
ORA-06512: at line 1
1/02/2020 21:41:01: [Método: System.Collections.Generic.List`1[entidad.minem.gob.pe.IniciativaBE] ListaIniciativaEspecialista(entidad.minem.gob.pe.IniciativaBE), Línea: 0] - ORA-01476: divisor is equal to zero
ORA-06512: at "MRVMM.PKG_MRV_INICIATIVA_MITIGACION", line 483
ORA-06512: at line 1
1/02/2020 21:41:51: [Método: Void HandleErrorHelper(Int32, Oracle.DataAccess.Client.OracleConnection, IntPtr, Oracle.DataAccess.Client.OpoSqlValCtx*, System.Object, System.String, Boolean, Int32, Oracle.DataAccess.Client.OracleLogicalTransaction), Línea: 0] - ORA-06550: line 1, column 7:
PLS-00201: identifier 'PKG_MRV_DETALLE_INDICADORES.USP_SEL_INICIATIVA_SUSTENTO' must be declared
ORA-06550: line 1, column 7:
PL/SQL: Statement ignored
1/02/2020 21:41:51: [Método: Void HandleError(Int32, Oracle.DataAccess.Client.OracleConnection, System.String, IntPtr, Oracle.DataAccess.Client.OpoSqlValCtx*, System.Object, Boolean, Oracle.DataAccess.Client.OracleLogicalTransaction), Línea: 0] - ORA-06550: line 1, column 7:
PLS-00201: identifier 'PKG_MRV_DETALLE_INDICADORES.USP_SEL_INICIATIVA_SUSTENTO' must be declared
ORA-06550: line 1, column 7:
PL/SQL: Statement ignored
1/02/2020 21:41:51: [Método: Oracle.DataAccess.Client.OracleDataReader ExecuteReader(Boolean, Boolean, System.Data.CommandBehavior), Línea: 0] - ORA-06550: line 1, column 7:
PLS-00201: identifier 'PKG_MRV_DETALLE_INDICADORES.USP_SEL_INICIATIVA_SUSTENTO' must be declared
ORA-06550: line 1, column 7:
PL/SQL: Statement ignored
1/02/2020 21:41:51: [Método: System.Data.Common.DbDataReader ExecuteDbDataReader(System.Data.CommandBehavior), Línea: 0] - ORA-06550: line 1, column 7:
PLS-00201: identifier 'PKG_MRV_DETALLE_INDICADORES.USP_SEL_INICIATIVA_SUSTENTO' must be declared
ORA-06550: line 1, column 7:
PL/SQL: Statement ignored
1/02/2020 21:41:51: [Método: System.Data.IDataReader ExecuteReaderWithFlagsFallback(System.Data.IDbCommand, Boolean, System.Data.CommandBehavior), Línea: 0] - ORA-06550: line 1, column 7:
PLS-00201: identifier 'PKG_MRV_DETALLE_INDICADORES.USP_SEL_INICIATIVA_SUSTENTO' must be declared
ORA-06550: line 1, column 7:
PL/SQL: Statement ignored
1/02/2020 21:41:51: [Método: Boolean MoveNext(), Línea: 0] - ORA-06550: line 1, column 7:
PLS-00201: identifier 'PKG_MRV_DETALLE_INDICADORES.USP_SEL_INICIATIVA_SUSTENTO' must be declared
ORA-06550: line 1, column 7:
PL/SQL: Statement ignored
1/02/2020 21:41:51: [Método: Void .ctor(System.Collections.Generic.IEnumerable`1[T]), Línea: 0] - ORA-06550: line 1, column 7:
PLS-00201: identifier 'PKG_MRV_DETALLE_INDICADORES.USP_SEL_INICIATIVA_SUSTENTO' must be declared
ORA-06550: line 1, column 7:
PL/SQL: Statement ignored
1/02/2020 21:41:51: [Método: System.Collections.Generic.List`1[TSource] ToList[TSource](System.Collections.Generic.IEnumerable`1[TSource]), Línea: 0] - ORA-06550: line 1, column 7:
PLS-00201: identifier 'PKG_MRV_DETALLE_INDICADORES.USP_SEL_INICIATIVA_SUSTENTO' must be declared
ORA-06550: line 1, column 7:
PL/SQL: Statement ignored
1/02/2020 21:41:51: [Método: System.Collections.Generic.IEnumerable`1[T] Query[T](System.Data.IDbConnection, System.String, System.Object, System.Data.IDbTransaction, Boolean, System.Nullable`1[System.Int32], System.Nullable`1[System.Data.CommandType]), Línea: 0] - ORA-06550: line 1, column 7:
PLS-00201: identifier 'PKG_MRV_DETALLE_INDICADORES.USP_SEL_INICIATIVA_SUSTENTO' must be declared
ORA-06550: line 1, column 7:
PL/SQL: Statement ignored
1/02/2020 21:41:51: [Método: System.Collections.Generic.List`1[entidad.minem.gob.pe.SustentoIniciativaBE] ListaSustentoIniciativa(entidad.minem.gob.pe.SustentoIniciativaBE), Línea: 0] - ORA-06550: line 1, column 7:
PLS-00201: identifier 'PKG_MRV_DETALLE_INDICADORES.USP_SEL_INICIATIVA_SUSTENTO' must be declared
ORA-06550: line 1, column 7:
PL/SQL: Statement ignored
1/02/2020 21:51:16: [Método: Void HandleErrorHelper(Int32, Oracle.DataAccess.Client.OracleConnection, IntPtr, Oracle.DataAccess.Client.OpoSqlValCtx*, System.Object, System.String, Boolean, Int32, Oracle.DataAccess.Client.OracleLogicalTransaction), Línea: 0] - ORA-06550: line 1, column 7:
PLS-00201: identifier 'PKG_MRV_DETALLE_INDICADORES.USP_SEL_INICIATIVA_SUSTENTO' must be declared
ORA-06550: line 1, column 7:
PL/SQL: Statement ignored
1/02/2020 21:51:16: [Método: Void HandleError(Int32, Oracle.DataAccess.Client.OracleConnection, System.String, IntPtr, Oracle.DataAccess.Client.OpoSqlValCtx*, System.Object, Boolean, Oracle.DataAccess.Client.OracleLogicalTransaction), Línea: 0] - ORA-06550: line 1, column 7:
PLS-00201: identifier 'PKG_MRV_DETALLE_INDICADORES.USP_SEL_INICIATIVA_SUSTENTO' must be declared
ORA-06550: line 1, column 7:
PL/SQL: Statement ignored
1/02/2020 21:51:16: [Método: Oracle.DataAccess.Client.OracleDataReader ExecuteReader(Boolean, Boolean, System.Data.CommandBehavior), Línea: 0] - ORA-06550: line 1, column 7:
PLS-00201: identifier 'PKG_MRV_DETALLE_INDICADORES.USP_SEL_INICIATIVA_SUSTENTO' must be declared
ORA-06550: line 1, column 7:
PL/SQL: Statement ignored
1/02/2020 21:51:16: [Método: System.Data.Common.DbDataReader ExecuteDbDataReader(System.Data.CommandBehavior), Línea: 0] - ORA-06550: line 1, column 7:
PLS-00201: identifier 'PKG_MRV_DETALLE_INDICADORES.USP_SEL_INICIATIVA_SUSTENTO' must be declared
ORA-06550: line 1, column 7:
PL/SQL: Statement ignored
1/02/2020 21:51:16: [Método: System.Data.IDataReader ExecuteReaderWithFlagsFallback(System.Data.IDbCommand, Boolean, System.Data.CommandBehavior), Línea: 0] - ORA-06550: line 1, column 7:
PLS-00201: identifier 'PKG_MRV_DETALLE_INDICADORES.USP_SEL_INICIATIVA_SUSTENTO' must be declared
ORA-06550: line 1, column 7:
PL/SQL: Statement ignored
1/02/2020 21:51:16: [Método: Boolean MoveNext(), Línea: 0] - ORA-06550: line 1, column 7:
PLS-00201: identifier 'PKG_MRV_DETALLE_INDICADORES.USP_SEL_INICIATIVA_SUSTENTO' must be declared
ORA-06550: line 1, column 7:
PL/SQL: Statement ignored
1/02/2020 21:51:16: [Método: Void .ctor(System.Collections.Generic.IEnumerable`1[T]), Línea: 0] - ORA-06550: line 1, column 7:
PLS-00201: identifier 'PKG_MRV_DETALLE_INDICADORES.USP_SEL_INICIATIVA_SUSTENTO' must be declared
ORA-06550: line 1, column 7:
PL/SQL: Statement ignored
1/02/2020 21:51:16: [Método: System.Collections.Generic.List`1[TSource] ToList[TSource](System.Collections.Generic.IEnumerable`1[TSource]), Línea: 0] - ORA-06550: line 1, column 7:
PLS-00201: identifier 'PKG_MRV_DETALLE_INDICADORES.USP_SEL_INICIATIVA_SUSTENTO' must be declared
ORA-06550: line 1, column 7:
PL/SQL: Statement ignored
1/02/2020 21:51:16: [Método: System.Collections.Generic.IEnumerable`1[T] Query[T](System.Data.IDbConnection, System.String, System.Object, System.Data.IDbTransaction, Boolean, System.Nullable`1[System.Int32], System.Nullable`1[System.Data.CommandType]), Línea: 0] - ORA-06550: line 1, column 7:
PLS-00201: identifier 'PKG_MRV_DETALLE_INDICADORES.USP_SEL_INICIATIVA_SUSTENTO' must be declared
ORA-06550: line 1, column 7:
PL/SQL: Statement ignored
1/02/2020 21:51:16: [Método: System.Collections.Generic.List`1[entidad.minem.gob.pe.SustentoIniciativaBE] ListaSustentoIniciativa(entidad.minem.gob.pe.SustentoIniciativaBE), Línea: 0] - ORA-06550: line 1, column 7:
PLS-00201: identifier 'PKG_MRV_DETALLE_INDICADORES.USP_SEL_INICIATIVA_SUSTENTO' must be declared
ORA-06550: line 1, column 7:
PL/SQL: Statement ignored
