27/02/2020 05:58:07 a.m.: [Método: Void HandleErrorHelper(Int32, Oracle.DataAccess.Client.OracleConnection, IntPtr, Oracle.DataAccess.Client.OpoSqlValCtx*, System.Object, System.String, Boolean, Int32, Oracle.DataAccess.Client.OracleLogicalTransaction), Línea: 0] - ORA-12170: TNS:Connect timeout occurred
27/02/2020 05:58:07 a.m.: [Método: Void HandleError(Int32, Oracle.DataAccess.Client.OracleConnection, IntPtr, System.Object, Oracle.DataAccess.Client.OracleLogicalTransaction), Línea: 0] - ORA-12170: TNS:Connect timeout occurred
27/02/2020 05:58:07 a.m.: [Método: Void Open(Oracle.DataAccess.Client.OracleConnection), Línea: 0] - ORA-12170: TNS:Connect timeout occurred
27/02/2020 05:58:07 a.m.: [Método: Void Open(), Línea: 0] - ORA-12170: TNS:Connect timeout occurred
27/02/2020 05:58:07 a.m.: [Método: Boolean MoveNext(), Línea: 0] - ORA-12170: TNS:Connect timeout occurred
27/02/2020 05:58:07 a.m.: [Método: Void .ctor(System.Collections.Generic.IEnumerable`1[T]), Línea: 0] - ORA-12170: TNS:Connect timeout occurred
27/02/2020 05:58:07 a.m.: [Método: System.Collections.Generic.List`1[TSource] ToList[TSource](System.Collections.Generic.IEnumerable`1[TSource]), Línea: 0] - ORA-12170: TNS:Connect timeout occurred
27/02/2020 05:58:07 a.m.: [Método: System.Collections.Generic.IEnumerable`1[T] Query[T](System.Data.IDbConnection, System.String, System.Object, System.Data.IDbTransaction, Boolean, System.Nullable`1[System.Int32], System.Nullable`1[System.Data.CommandType]), Línea: 0] - ORA-12170: TNS:Connect timeout occurred
27/02/2020 05:58:07 a.m.: [Método: entidad.minem.gob.pe.UsuarioBE ObtenerPassword(entidad.minem.gob.pe.UsuarioBE), Línea: 225] - ORA-12170: TNS:Connect timeout occurred
27/02/2020 06:29:29 a.m.: [Método: Void HandleErrorHelper(Int32, Oracle.DataAccess.Client.OracleConnection, IntPtr, Oracle.DataAccess.Client.OpoSqlValCtx*, System.Object, System.String, Boolean, Int32, Oracle.DataAccess.Client.OracleLogicalTransaction), Línea: 0] - ORA-06550: línea 1, columna 43:
PLS-00302: el componente 'USP_SEL_BUSQUEDA_SIMPLE_PUB' se debe declarar
ORA-06550: línea 1, columna 7:
PL/SQL: Statement ignored
27/02/2020 06:29:29 a.m.: [Método: Void HandleError(Int32, Oracle.DataAccess.Client.OracleConnection, System.String, IntPtr, Oracle.DataAccess.Client.OpoSqlValCtx*, System.Object, Boolean, Oracle.DataAccess.Client.OracleLogicalTransaction), Línea: 0] - ORA-06550: línea 1, columna 43:
PLS-00302: el componente 'USP_SEL_BUSQUEDA_SIMPLE_PUB' se debe declarar
ORA-06550: línea 1, columna 7:
PL/SQL: Statement ignored
27/02/2020 06:29:29 a.m.: [Método: Oracle.DataAccess.Client.OracleDataReader ExecuteReader(Boolean, Boolean, System.Data.CommandBehavior), Línea: 0] - ORA-06550: línea 1, columna 43:
PLS-00302: el componente 'USP_SEL_BUSQUEDA_SIMPLE_PUB' se debe declarar
ORA-06550: línea 1, columna 7:
PL/SQL: Statement ignored
27/02/2020 06:29:29 a.m.: [Método: System.Data.Common.DbDataReader ExecuteDbDataReader(System.Data.CommandBehavior), Línea: 0] - ORA-06550: línea 1, columna 43:
PLS-00302: el componente 'USP_SEL_BUSQUEDA_SIMPLE_PUB' se debe declarar
ORA-06550: línea 1, columna 7:
PL/SQL: Statement ignored
27/02/2020 06:29:29 a.m.: [Método: System.Data.IDataReader System.Data.IDbCommand.ExecuteReader(System.Data.CommandBehavior), Línea: 0] - ORA-06550: línea 1, columna 43:
PLS-00302: el componente 'USP_SEL_BUSQUEDA_SIMPLE_PUB' se debe declarar
ORA-06550: línea 1, columna 7:
PL/SQL: Statement ignored
27/02/2020 06:29:29 a.m.: [Método: System.Data.IDataReader ExecuteReaderWithFlagsFallback(System.Data.IDbCommand, Boolean, System.Data.CommandBehavior), Línea: 0] - ORA-06550: línea 1, columna 43:
PLS-00302: el componente 'USP_SEL_BUSQUEDA_SIMPLE_PUB' se debe declarar
ORA-06550: línea 1, columna 7:
PL/SQL: Statement ignored
27/02/2020 06:29:29 a.m.: [Método: Boolean MoveNext(), Línea: 0] - ORA-06550: línea 1, columna 43:
PLS-00302: el componente 'USP_SEL_BUSQUEDA_SIMPLE_PUB' se debe declarar
ORA-06550: línea 1, columna 7:
PL/SQL: Statement ignored
27/02/2020 06:29:29 a.m.: [Método: Void .ctor(System.Collections.Generic.IEnumerable`1[T]), Línea: 0] - ORA-06550: línea 1, columna 43:
PLS-00302: el componente 'USP_SEL_BUSQUEDA_SIMPLE_PUB' se debe declarar
ORA-06550: línea 1, columna 7:
PL/SQL: Statement ignored
27/02/2020 06:29:29 a.m.: [Método: System.Collections.Generic.List`1[TSource] ToList[TSource](System.Collections.Generic.IEnumerable`1[TSource]), Línea: 0] - ORA-06550: línea 1, columna 43:
PLS-00302: el componente 'USP_SEL_BUSQUEDA_SIMPLE_PUB' se debe declarar
ORA-06550: línea 1, columna 7:
PL/SQL: Statement ignored
27/02/2020 06:29:29 a.m.: [Método: System.Collections.Generic.IEnumerable`1[T] Query[T](System.Data.IDbConnection, System.String, System.Object, System.Data.IDbTransaction, Boolean, System.Nullable`1[System.Int32], System.Nullable`1[System.Data.CommandType]), Línea: 0] - ORA-06550: línea 1, columna 43:
PLS-00302: el componente 'USP_SEL_BUSQUEDA_SIMPLE_PUB' se debe declarar
ORA-06550: línea 1, columna 7:
PL/SQL: Statement ignored
27/02/2020 06:29:29 a.m.: [Método: System.Collections.Generic.List`1[entidad.minem.gob.pe.IniciativaBE] ListaBusquedaSimplePublico(entidad.minem.gob.pe.IniciativaBE), Línea: 1609] - ORA-06550: línea 1, columna 43:
PLS-00302: el componente 'USP_SEL_BUSQUEDA_SIMPLE_PUB' se debe declarar
ORA-06550: línea 1, columna 7:
PL/SQL: Statement ignored
27/02/2020 06:31:26 a.m.: [Método: Void HandleErrorHelper(Int32, Oracle.DataAccess.Client.OracleConnection, IntPtr, Oracle.DataAccess.Client.OpoSqlValCtx*, System.Object, System.String, Boolean, Int32, Oracle.DataAccess.Client.OracleLogicalTransaction), Línea: 0] - ORA-06550: línea 1, columna 35:
PLS-00302: el componente 'USP_SEL_LISTA_ANNO_ACTUAL' se debe declarar
ORA-06550: línea 1, columna 7:
PL/SQL: Statement ignored
27/02/2020 06:31:26 a.m.: [Método: Void HandleError(Int32, Oracle.DataAccess.Client.OracleConnection, System.String, IntPtr, Oracle.DataAccess.Client.OpoSqlValCtx*, System.Object, Boolean, Oracle.DataAccess.Client.OracleLogicalTransaction), Línea: 0] - ORA-06550: línea 1, columna 35:
PLS-00302: el componente 'USP_SEL_LISTA_ANNO_ACTUAL' se debe declarar
ORA-06550: línea 1, columna 7:
PL/SQL: Statement ignored
27/02/2020 06:31:26 a.m.: [Método: Oracle.DataAccess.Client.OracleDataReader ExecuteReader(Boolean, Boolean, System.Data.CommandBehavior), Línea: 0] - ORA-06550: línea 1, columna 35:
PLS-00302: el componente 'USP_SEL_LISTA_ANNO_ACTUAL' se debe declarar
ORA-06550: línea 1, columna 7:
PL/SQL: Statement ignored
27/02/2020 06:31:26 a.m.: [Método: System.Data.Common.DbDataReader ExecuteDbDataReader(System.Data.CommandBehavior), Línea: 0] - ORA-06550: línea 1, columna 35:
PLS-00302: el componente 'USP_SEL_LISTA_ANNO_ACTUAL' se debe declarar
ORA-06550: línea 1, columna 7:
PL/SQL: Statement ignored
27/02/2020 06:31:26 a.m.: [Método: System.Data.IDataReader System.Data.IDbCommand.ExecuteReader(System.Data.CommandBehavior), Línea: 0] - ORA-06550: línea 1, columna 35:
PLS-00302: el componente 'USP_SEL_LISTA_ANNO_ACTUAL' se debe declarar
ORA-06550: línea 1, columna 7:
PL/SQL: Statement ignored
27/02/2020 06:31:26 a.m.: [Método: System.Data.IDataReader ExecuteReaderWithFlagsFallback(System.Data.IDbCommand, Boolean, System.Data.CommandBehavior), Línea: 0] - ORA-06550: línea 1, columna 35:
PLS-00302: el componente 'USP_SEL_LISTA_ANNO_ACTUAL' se debe declarar
ORA-06550: línea 1, columna 7:
PL/SQL: Statement ignored
27/02/2020 06:31:26 a.m.: [Método: Boolean MoveNext(), Línea: 0] - ORA-06550: línea 1, columna 35:
PLS-00302: el componente 'USP_SEL_LISTA_ANNO_ACTUAL' se debe declarar
ORA-06550: línea 1, columna 7:
PL/SQL: Statement ignored
27/02/2020 06:31:26 a.m.: [Método: Void .ctor(System.Collections.Generic.IEnumerable`1[T]), Línea: 0] - ORA-06550: línea 1, columna 35:
PLS-00302: el componente 'USP_SEL_LISTA_ANNO_ACTUAL' se debe declarar
ORA-06550: línea 1, columna 7:
PL/SQL: Statement ignored
27/02/2020 06:31:26 a.m.: [Método: System.Collections.Generic.List`1[TSource] ToList[TSource](System.Collections.Generic.IEnumerable`1[TSource]), Línea: 0] - ORA-06550: línea 1, columna 35:
PLS-00302: el componente 'USP_SEL_LISTA_ANNO_ACTUAL' se debe declarar
ORA-06550: línea 1, columna 7:
PL/SQL: Statement ignored
27/02/2020 06:31:26 a.m.: [Método: System.Collections.Generic.IEnumerable`1[T] Query[T](System.Data.IDbConnection, System.String, System.Object, System.Data.IDbTransaction, Boolean, System.Nullable`1[System.Int32], System.Nullable`1[System.Data.CommandType]), Línea: 0] - ORA-06550: línea 1, columna 35:
PLS-00302: el componente 'USP_SEL_LISTA_ANNO_ACTUAL' se debe declarar
ORA-06550: línea 1, columna 7:
PL/SQL: Statement ignored
27/02/2020 06:31:26 a.m.: [Método: System.Collections.Generic.List`1[entidad.minem.gob.pe.AnnoBE] ListaAnno(Int32), Línea: 31] - ORA-06550: línea 1, columna 35:
PLS-00302: el componente 'USP_SEL_LISTA_ANNO_ACTUAL' se debe declarar
ORA-06550: línea 1, columna 7:
PL/SQL: Statement ignored
27/02/2020 06:45:31 a.m.: [Método: Void HandleErrorHelper(Int32, Oracle.DataAccess.Client.OracleConnection, IntPtr, Oracle.DataAccess.Client.OpoSqlValCtx*, System.Object, System.String, Boolean, Int32, Oracle.DataAccess.Client.OracleLogicalTransaction), Línea: 0] - ORA-06550: línea 1, columna 43:
PLS-00302: el componente 'USP_SEL_BUSQUEDA_SIMPLE_PUB' se debe declarar
ORA-06550: línea 1, columna 7:
PL/SQL: Statement ignored
27/02/2020 06:45:31 a.m.: [Método: Void HandleError(Int32, Oracle.DataAccess.Client.OracleConnection, System.String, IntPtr, Oracle.DataAccess.Client.OpoSqlValCtx*, System.Object, Boolean, Oracle.DataAccess.Client.OracleLogicalTransaction), Línea: 0] - ORA-06550: línea 1, columna 43:
PLS-00302: el componente 'USP_SEL_BUSQUEDA_SIMPLE_PUB' se debe declarar
ORA-06550: línea 1, columna 7:
PL/SQL: Statement ignored
27/02/2020 06:45:31 a.m.: [Método: Oracle.DataAccess.Client.OracleDataReader ExecuteReader(Boolean, Boolean, System.Data.CommandBehavior), Línea: 0] - ORA-06550: línea 1, columna 43:
PLS-00302: el componente 'USP_SEL_BUSQUEDA_SIMPLE_PUB' se debe declarar
ORA-06550: línea 1, columna 7:
PL/SQL: Statement ignored
27/02/2020 06:45:31 a.m.: [Método: System.Data.Common.DbDataReader ExecuteDbDataReader(System.Data.CommandBehavior), Línea: 0] - ORA-06550: línea 1, columna 43:
PLS-00302: el componente 'USP_SEL_BUSQUEDA_SIMPLE_PUB' se debe declarar
ORA-06550: línea 1, columna 7:
PL/SQL: Statement ignored
27/02/2020 06:45:31 a.m.: [Método: System.Data.IDataReader System.Data.IDbCommand.ExecuteReader(System.Data.CommandBehavior), Línea: 0] - ORA-06550: línea 1, columna 43:
PLS-00302: el componente 'USP_SEL_BUSQUEDA_SIMPLE_PUB' se debe declarar
ORA-06550: línea 1, columna 7:
PL/SQL: Statement ignored
27/02/2020 06:45:31 a.m.: [Método: System.Data.IDataReader ExecuteReaderWithFlagsFallback(System.Data.IDbCommand, Boolean, System.Data.CommandBehavior), Línea: 0] - ORA-06550: línea 1, columna 43:
PLS-00302: el componente 'USP_SEL_BUSQUEDA_SIMPLE_PUB' se debe declarar
ORA-06550: línea 1, columna 7:
PL/SQL: Statement ignored
27/02/2020 06:45:31 a.m.: [Método: Boolean MoveNext(), Línea: 0] - ORA-06550: línea 1, columna 43:
PLS-00302: el componente 'USP_SEL_BUSQUEDA_SIMPLE_PUB' se debe declarar
ORA-06550: línea 1, columna 7:
PL/SQL: Statement ignored
27/02/2020 06:45:31 a.m.: [Método: Void .ctor(System.Collections.Generic.IEnumerable`1[T]), Línea: 0] - ORA-06550: línea 1, columna 43:
PLS-00302: el componente 'USP_SEL_BUSQUEDA_SIMPLE_PUB' se debe declarar
ORA-06550: línea 1, columna 7:
PL/SQL: Statement ignored
27/02/2020 06:45:31 a.m.: [Método: System.Collections.Generic.List`1[TSource] ToList[TSource](System.Collections.Generic.IEnumerable`1[TSource]), Línea: 0] - ORA-06550: línea 1, columna 43:
PLS-00302: el componente 'USP_SEL_BUSQUEDA_SIMPLE_PUB' se debe declarar
ORA-06550: línea 1, columna 7:
PL/SQL: Statement ignored
27/02/2020 06:45:31 a.m.: [Método: System.Collections.Generic.IEnumerable`1[T] Query[T](System.Data.IDbConnection, System.String, System.Object, System.Data.IDbTransaction, Boolean, System.Nullable`1[System.Int32], System.Nullable`1[System.Data.CommandType]), Línea: 0] - ORA-06550: línea 1, columna 43:
PLS-00302: el componente 'USP_SEL_BUSQUEDA_SIMPLE_PUB' se debe declarar
ORA-06550: línea 1, columna 7:
PL/SQL: Statement ignored
27/02/2020 06:45:31 a.m.: [Método: System.Collections.Generic.List`1[entidad.minem.gob.pe.IniciativaBE] ListaBusquedaSimplePublico(entidad.minem.gob.pe.IniciativaBE), Línea: 1609] - ORA-06550: línea 1, columna 43:
PLS-00302: el componente 'USP_SEL_BUSQUEDA_SIMPLE_PUB' se debe declarar
ORA-06550: línea 1, columna 7:
PL/SQL: Statement ignored
27/02/2020 12:19:37: [Método: Void HandleErrorHelper(Int32, Oracle.DataAccess.Client.OracleConnection, IntPtr, Oracle.DataAccess.Client.OpoSqlValCtx*, System.Object, System.String, Boolean, Int32), Línea: 0] - ORA-06550: línea 1, columna 7:
PLS-00201: el identificador 'MRVMM.PKG_MRV_VARIABLES' se debe declarar
ORA-06550: línea 1, columna 7:
PL/SQL: Statement ignored
27/02/2020 12:19:37: [Método: Void HandleError(Int32, Oracle.DataAccess.Client.OracleConnection, System.String, IntPtr, Oracle.DataAccess.Client.OpoSqlValCtx*, System.Object, Boolean), Línea: 0] - ORA-06550: línea 1, columna 7:
PLS-00201: el identificador 'MRVMM.PKG_MRV_VARIABLES' se debe declarar
ORA-06550: línea 1, columna 7:
PL/SQL: Statement ignored
27/02/2020 12:19:37: [Método: Oracle.DataAccess.Client.OracleDataReader ExecuteReader(Boolean, Boolean, System.Data.CommandBehavior), Línea: 0] - ORA-06550: línea 1, columna 7:
PLS-00201: el identificador 'MRVMM.PKG_MRV_VARIABLES' se debe declarar
ORA-06550: línea 1, columna 7:
PL/SQL: Statement ignored
27/02/2020 12:19:37: [Método: System.Data.Common.DbDataReader ExecuteDbDataReader(System.Data.CommandBehavior), Línea: 0] - ORA-06550: línea 1, columna 7:
PLS-00201: el identificador 'MRVMM.PKG_MRV_VARIABLES' se debe declarar
ORA-06550: línea 1, columna 7:
PL/SQL: Statement ignored
27/02/2020 12:19:37: [Método: System.Data.IDataReader ExecuteReaderWithFlagsFallback(System.Data.IDbCommand, Boolean, System.Data.CommandBehavior), Línea: 0] - ORA-06550: línea 1, columna 7:
PLS-00201: el identificador 'MRVMM.PKG_MRV_VARIABLES' se debe declarar
ORA-06550: línea 1, columna 7:
PL/SQL: Statement ignored
27/02/2020 12:19:37: [Método: Boolean MoveNext(), Línea: 0] - ORA-06550: línea 1, columna 7:
PLS-00201: el identificador 'MRVMM.PKG_MRV_VARIABLES' se debe declarar
ORA-06550: línea 1, columna 7:
PL/SQL: Statement ignored
27/02/2020 12:19:37: [Método: Void .ctor(System.Collections.Generic.IEnumerable`1[T]), Línea: 0] - ORA-06550: línea 1, columna 7:
PLS-00201: el identificador 'MRVMM.PKG_MRV_VARIABLES' se debe declarar
ORA-06550: línea 1, columna 7:
PL/SQL: Statement ignored
27/02/2020 12:19:37: [Método: System.Collections.Generic.List`1[TSource] ToList[TSource](System.Collections.Generic.IEnumerable`1[TSource]), Línea: 0] - ORA-06550: línea 1, columna 7:
PLS-00201: el identificador 'MRVMM.PKG_MRV_VARIABLES' se debe declarar
ORA-06550: línea 1, columna 7:
PL/SQL: Statement ignored
27/02/2020 12:19:37: [Método: System.Collections.Generic.IEnumerable`1[T] Query[T](System.Data.IDbConnection, System.String, System.Object, System.Data.IDbTransaction, Boolean, System.Nullable`1[System.Int32], System.Nullable`1[System.Data.CommandType]), Línea: 0] - ORA-06550: línea 1, columna 7:
PLS-00201: el identificador 'MRVMM.PKG_MRV_VARIABLES' se debe declarar
ORA-06550: línea 1, columna 7:
PL/SQL: Statement ignored
27/02/2020 12:19:37: [Método: System.Collections.Generic.List`1[entidad.minem.gob.pe.VariableBE] ListaVariables(entidad.minem.gob.pe.VariableBE), Línea: 31] - ORA-06550: línea 1, columna 7:
PLS-00201: el identificador 'MRVMM.PKG_MRV_VARIABLES' se debe declarar
ORA-06550: línea 1, columna 7:
PL/SQL: Statement ignored
27/02/2020 12:20:04: [Método: Void HandleErrorHelper(Int32, Oracle.DataAccess.Client.OracleConnection, IntPtr, Oracle.DataAccess.Client.OpoSqlValCtx*, System.Object, System.String, Boolean, Int32), Línea: 0] - ORA-06550: línea 1, columna 7:
PLS-00201: el identificador 'MRVMM.PKG_MRV_VARIABLES' se debe declarar
ORA-06550: línea 1, columna 7:
PL/SQL: Statement ignored
27/02/2020 12:20:04: [Método: Void HandleError(Int32, Oracle.DataAccess.Client.OracleConnection, System.String, IntPtr, Oracle.DataAccess.Client.OpoSqlValCtx*, System.Object, Boolean), Línea: 0] - ORA-06550: línea 1, columna 7:
PLS-00201: el identificador 'MRVMM.PKG_MRV_VARIABLES' se debe declarar
ORA-06550: línea 1, columna 7:
PL/SQL: Statement ignored
27/02/2020 12:20:04: [Método: Oracle.DataAccess.Client.OracleDataReader ExecuteReader(Boolean, Boolean, System.Data.CommandBehavior), Línea: 0] - ORA-06550: línea 1, columna 7:
PLS-00201: el identificador 'MRVMM.PKG_MRV_VARIABLES' se debe declarar
ORA-06550: línea 1, columna 7:
PL/SQL: Statement ignored
27/02/2020 12:20:04: [Método: System.Data.Common.DbDataReader ExecuteDbDataReader(System.Data.CommandBehavior), Línea: 0] - ORA-06550: línea 1, columna 7:
PLS-00201: el identificador 'MRVMM.PKG_MRV_VARIABLES' se debe declarar
ORA-06550: línea 1, columna 7:
PL/SQL: Statement ignored
27/02/2020 12:20:04: [Método: System.Data.IDataReader ExecuteReaderWithFlagsFallback(System.Data.IDbCommand, Boolean, System.Data.CommandBehavior), Línea: 0] - ORA-06550: línea 1, columna 7:
PLS-00201: el identificador 'MRVMM.PKG_MRV_VARIABLES' se debe declarar
ORA-06550: línea 1, columna 7:
PL/SQL: Statement ignored
27/02/2020 12:20:04: [Método: Boolean MoveNext(), Línea: 0] - ORA-06550: línea 1, columna 7:
PLS-00201: el identificador 'MRVMM.PKG_MRV_VARIABLES' se debe declarar
ORA-06550: línea 1, columna 7:
PL/SQL: Statement ignored
27/02/2020 12:20:04: [Método: Void .ctor(System.Collections.Generic.IEnumerable`1[T]), Línea: 0] - ORA-06550: línea 1, columna 7:
PLS-00201: el identificador 'MRVMM.PKG_MRV_VARIABLES' se debe declarar
ORA-06550: línea 1, columna 7:
PL/SQL: Statement ignored
27/02/2020 12:20:04: [Método: System.Collections.Generic.List`1[TSource] ToList[TSource](System.Collections.Generic.IEnumerable`1[TSource]), Línea: 0] - ORA-06550: línea 1, columna 7:
PLS-00201: el identificador 'MRVMM.PKG_MRV_VARIABLES' se debe declarar
ORA-06550: línea 1, columna 7:
PL/SQL: Statement ignored
27/02/2020 12:20:04: [Método: System.Collections.Generic.IEnumerable`1[T] Query[T](System.Data.IDbConnection, System.String, System.Object, System.Data.IDbTransaction, Boolean, System.Nullable`1[System.Int32], System.Nullable`1[System.Data.CommandType]), Línea: 0] - ORA-06550: línea 1, columna 7:
PLS-00201: el identificador 'MRVMM.PKG_MRV_VARIABLES' se debe declarar
ORA-06550: línea 1, columna 7:
PL/SQL: Statement ignored
27/02/2020 12:20:04: [Método: System.Collections.Generic.List`1[entidad.minem.gob.pe.VariableBE] ListaVariables(entidad.minem.gob.pe.VariableBE), Línea: 31] - ORA-06550: línea 1, columna 7:
PLS-00201: el identificador 'MRVMM.PKG_MRV_VARIABLES' se debe declarar
ORA-06550: línea 1, columna 7:
PL/SQL: Statement ignored
27/02/2020 12:23:25: [Método: Void HandleErrorHelper(Int32, Oracle.DataAccess.Client.OracleConnection, IntPtr, Oracle.DataAccess.Client.OpoSqlValCtx*, System.Object, System.String, Boolean, Int32), Línea: 0] - ORA-06550: línea 1, columna 7:
PLS-00201: el identificador 'MRVMM.PKG_MRV_VARIABLES' se debe declarar
ORA-06550: línea 1, columna 7:
PL/SQL: Statement ignored
27/02/2020 12:23:25: [Método: Void HandleError(Int32, Oracle.DataAccess.Client.OracleConnection, System.String, IntPtr, Oracle.DataAccess.Client.OpoSqlValCtx*, System.Object, Boolean), Línea: 0] - ORA-06550: línea 1, columna 7:
PLS-00201: el identificador 'MRVMM.PKG_MRV_VARIABLES' se debe declarar
ORA-06550: línea 1, columna 7:
PL/SQL: Statement ignored
27/02/2020 12:23:25: [Método: Oracle.DataAccess.Client.OracleDataReader ExecuteReader(Boolean, Boolean, System.Data.CommandBehavior), Línea: 0] - ORA-06550: línea 1, columna 7:
PLS-00201: el identificador 'MRVMM.PKG_MRV_VARIABLES' se debe declarar
ORA-06550: línea 1, columna 7:
PL/SQL: Statement ignored
27/02/2020 12:23:25: [Método: System.Data.Common.DbDataReader ExecuteDbDataReader(System.Data.CommandBehavior), Línea: 0] - ORA-06550: línea 1, columna 7:
PLS-00201: el identificador 'MRVMM.PKG_MRV_VARIABLES' se debe declarar
ORA-06550: línea 1, columna 7:
PL/SQL: Statement ignored
27/02/2020 12:23:25: [Método: System.Data.IDataReader ExecuteReaderWithFlagsFallback(System.Data.IDbCommand, Boolean, System.Data.CommandBehavior), Línea: 0] - ORA-06550: línea 1, columna 7:
PLS-00201: el identificador 'MRVMM.PKG_MRV_VARIABLES' se debe declarar
ORA-06550: línea 1, columna 7:
PL/SQL: Statement ignored
27/02/2020 12:23:25: [Método: Boolean MoveNext(), Línea: 0] - ORA-06550: línea 1, columna 7:
PLS-00201: el identificador 'MRVMM.PKG_MRV_VARIABLES' se debe declarar
ORA-06550: línea 1, columna 7:
PL/SQL: Statement ignored
27/02/2020 12:23:25: [Método: Void .ctor(System.Collections.Generic.IEnumerable`1[T]), Línea: 0] - ORA-06550: línea 1, columna 7:
PLS-00201: el identificador 'MRVMM.PKG_MRV_VARIABLES' se debe declarar
ORA-06550: línea 1, columna 7:
PL/SQL: Statement ignored
27/02/2020 12:23:25: [Método: System.Collections.Generic.List`1[TSource] ToList[TSource](System.Collections.Generic.IEnumerable`1[TSource]), Línea: 0] - ORA-06550: línea 1, columna 7:
PLS-00201: el identificador 'MRVMM.PKG_MRV_VARIABLES' se debe declarar
ORA-06550: línea 1, columna 7:
PL/SQL: Statement ignored
27/02/2020 12:23:25: [Método: System.Collections.Generic.IEnumerable`1[T] Query[T](System.Data.IDbConnection, System.String, System.Object, System.Data.IDbTransaction, Boolean, System.Nullable`1[System.Int32], System.Nullable`1[System.Data.CommandType]), Línea: 0] - ORA-06550: línea 1, columna 7:
PLS-00201: el identificador 'MRVMM.PKG_MRV_VARIABLES' se debe declarar
ORA-06550: línea 1, columna 7:
PL/SQL: Statement ignored
27/02/2020 12:23:25: [Método: System.Collections.Generic.List`1[entidad.minem.gob.pe.VariableBE] ListaVariables(entidad.minem.gob.pe.VariableBE), Línea: 31] - ORA-06550: línea 1, columna 7:
PLS-00201: el identificador 'MRVMM.PKG_MRV_VARIABLES' se debe declarar
ORA-06550: línea 1, columna 7:
PL/SQL: Statement ignored
27/02/2020 12:34:58: [Método: entidad.minem.gob.pe.ParametroFormulaBE GetFormulaParametro(entidad.minem.gob.pe.ParametroFormulaBE), Línea: 26] - Referencia a objeto no establecida como instancia de un objeto.
27/02/2020 12:38:04: [Método: System.DateTime ParseExact(System.String, System.String, System.IFormatProvider), Línea: 0] - No se puede reconocer la cadena como valor DateTime válido.
27/02/2020 12:38:04: [Método: System.String VerificaOperando(System.String, System.Collections.Generic.List`1[entidad.minem.gob.pe.IndicadorDataBE]), Línea: 537] - No se puede reconocer la cadena como valor DateTime válido.
27/02/2020 12:38:04: [Método: System.Collections.Generic.List`1[entidad.minem.gob.pe.IndicadorDataBE] CalculoIndicador(System.Collections.Generic.List`1[entidad.minem.gob.pe.IndicadorDataBE]), Línea: 294] - No se puede reconocer la cadena como valor DateTime válido.
27/02/2020 12:38:04: [Método: System.Web.Mvc.JsonResult CalcularIndicadorDinamico(System.String), Línea: 1769] - No se puede reconocer la cadena como valor DateTime válido.
27/02/2020 11:31:09 p.m.: [Método: Void HandleErrorHelper(Int32, Oracle.DataAccess.Client.OracleConnection, IntPtr, Oracle.DataAccess.Client.OpoSqlValCtx*, System.Object, System.String, Boolean, Int32, Oracle.DataAccess.Client.OracleLogicalTransaction), Línea: 0] - ORA-06550: línea 1, columna 43:
PLS-00302: el componente 'USP_SEL_LISTA_MEDMIT_MANT' se debe declarar
ORA-06550: línea 1, columna 7:
PL/SQL: Statement ignored
27/02/2020 11:31:09 p.m.: [Método: Void HandleError(Int32, Oracle.DataAccess.Client.OracleConnection, System.String, IntPtr, Oracle.DataAccess.Client.OpoSqlValCtx*, System.Object, Boolean, Oracle.DataAccess.Client.OracleLogicalTransaction), Línea: 0] - ORA-06550: línea 1, columna 43:
PLS-00302: el componente 'USP_SEL_LISTA_MEDMIT_MANT' se debe declarar
ORA-06550: línea 1, columna 7:
PL/SQL: Statement ignored
27/02/2020 11:31:09 p.m.: [Método: Oracle.DataAccess.Client.OracleDataReader ExecuteReader(Boolean, Boolean, System.Data.CommandBehavior), Línea: 0] - ORA-06550: línea 1, columna 43:
PLS-00302: el componente 'USP_SEL_LISTA_MEDMIT_MANT' se debe declarar
ORA-06550: línea 1, columna 7:
PL/SQL: Statement ignored
27/02/2020 11:31:09 p.m.: [Método: System.Data.Common.DbDataReader ExecuteDbDataReader(System.Data.CommandBehavior), Línea: 0] - ORA-06550: línea 1, columna 43:
PLS-00302: el componente 'USP_SEL_LISTA_MEDMIT_MANT' se debe declarar
ORA-06550: línea 1, columna 7:
PL/SQL: Statement ignored
27/02/2020 11:31:09 p.m.: [Método: System.Data.IDataReader System.Data.IDbCommand.ExecuteReader(System.Data.CommandBehavior), Línea: 0] - ORA-06550: línea 1, columna 43:
PLS-00302: el componente 'USP_SEL_LISTA_MEDMIT_MANT' se debe declarar
ORA-06550: línea 1, columna 7:
PL/SQL: Statement ignored
27/02/2020 11:31:09 p.m.: [Método: System.Data.IDataReader ExecuteReaderWithFlagsFallback(System.Data.IDbCommand, Boolean, System.Data.CommandBehavior), Línea: 0] - ORA-06550: línea 1, columna 43:
PLS-00302: el componente 'USP_SEL_LISTA_MEDMIT_MANT' se debe declarar
ORA-06550: línea 1, columna 7:
PL/SQL: Statement ignored
27/02/2020 11:31:09 p.m.: [Método: Boolean MoveNext(), Línea: 0] - ORA-06550: línea 1, columna 43:
PLS-00302: el componente 'USP_SEL_LISTA_MEDMIT_MANT' se debe declarar
ORA-06550: línea 1, columna 7:
PL/SQL: Statement ignored
27/02/2020 11:31:09 p.m.: [Método: Void .ctor(System.Collections.Generic.IEnumerable`1[T]), Línea: 0] - ORA-06550: línea 1, columna 43:
PLS-00302: el componente 'USP_SEL_LISTA_MEDMIT_MANT' se debe declarar
ORA-06550: línea 1, columna 7:
PL/SQL: Statement ignored
27/02/2020 11:31:09 p.m.: [Método: System.Collections.Generic.List`1[TSource] ToList[TSource](System.Collections.Generic.IEnumerable`1[TSource]), Línea: 0] - ORA-06550: línea 1, columna 43:
PLS-00302: el componente 'USP_SEL_LISTA_MEDMIT_MANT' se debe declarar
ORA-06550: línea 1, columna 7:
PL/SQL: Statement ignored
27/02/2020 11:31:09 p.m.: [Método: System.Collections.Generic.IEnumerable`1[T] Query[T](System.Data.IDbConnection, System.String, System.Object, System.Data.IDbTransaction, Boolean, System.Nullable`1[System.Int32], System.Nullable`1[System.Data.CommandType]), Línea: 0] - ORA-06550: línea 1, columna 43:
PLS-00302: el componente 'USP_SEL_LISTA_MEDMIT_MANT' se debe declarar
ORA-06550: línea 1, columna 7:
PL/SQL: Statement ignored
27/02/2020 11:31:09 p.m.: [Método: System.Collections.Generic.List`1[entidad.minem.gob.pe.MedidaMitigacionBE] ListaMedidaMitigacionMantenimiento(entidad.minem.gob.pe.MedidaMitigacionBE), Línea: 143] - ORA-06550: línea 1, columna 43:
PLS-00302: el componente 'USP_SEL_LISTA_MEDMIT_MANT' se debe declarar
ORA-06550: línea 1, columna 7:
PL/SQL: Statement ignored
27/02/2020 11:34:01 p.m.: [Método: Void HandleErrorHelper(Int32, Oracle.DataAccess.Client.OracleConnection, IntPtr, Oracle.DataAccess.Client.OpoSqlValCtx*, System.Object, System.String, Boolean, Int32, Oracle.DataAccess.Client.OracleLogicalTransaction), Línea: 0] - ORA-06550: línea 1, columna 7:
PLS-00201: el identificador 'USP_SEL_LISTA_MEDMIT_MANT' se debe declarar
ORA-06550: línea 1, columna 7:
PL/SQL: Statement ignored
27/02/2020 11:34:01 p.m.: [Método: Void HandleError(Int32, Oracle.DataAccess.Client.OracleConnection, System.String, IntPtr, Oracle.DataAccess.Client.OpoSqlValCtx*, System.Object, Boolean, Oracle.DataAccess.Client.OracleLogicalTransaction), Línea: 0] - ORA-06550: línea 1, columna 7:
PLS-00201: el identificador 'USP_SEL_LISTA_MEDMIT_MANT' se debe declarar
ORA-06550: línea 1, columna 7:
PL/SQL: Statement ignored
27/02/2020 11:34:01 p.m.: [Método: Oracle.DataAccess.Client.OracleDataReader ExecuteReader(Boolean, Boolean, System.Data.CommandBehavior), Línea: 0] - ORA-06550: línea 1, columna 7:
PLS-00201: el identificador 'USP_SEL_LISTA_MEDMIT_MANT' se debe declarar
ORA-06550: línea 1, columna 7:
PL/SQL: Statement ignored
27/02/2020 11:34:01 p.m.: [Método: System.Data.Common.DbDataReader ExecuteDbDataReader(System.Data.CommandBehavior), Línea: 0] - ORA-06550: línea 1, columna 7:
PLS-00201: el identificador 'USP_SEL_LISTA_MEDMIT_MANT' se debe declarar
ORA-06550: línea 1, columna 7:
PL/SQL: Statement ignored
27/02/2020 11:34:01 p.m.: [Método: System.Data.IDataReader System.Data.IDbCommand.ExecuteReader(System.Data.CommandBehavior), Línea: 0] - ORA-06550: línea 1, columna 7:
PLS-00201: el identificador 'USP_SEL_LISTA_MEDMIT_MANT' se debe declarar
ORA-06550: línea 1, columna 7:
PL/SQL: Statement ignored
27/02/2020 11:34:01 p.m.: [Método: System.Data.IDataReader ExecuteReaderWithFlagsFallback(System.Data.IDbCommand, Boolean, System.Data.CommandBehavior), Línea: 0] - ORA-06550: línea 1, columna 7:
PLS-00201: el identificador 'USP_SEL_LISTA_MEDMIT_MANT' se debe declarar
ORA-06550: línea 1, columna 7:
PL/SQL: Statement ignored
27/02/2020 11:34:01 p.m.: [Método: Boolean MoveNext(), Línea: 0] - ORA-06550: línea 1, columna 7:
PLS-00201: el identificador 'USP_SEL_LISTA_MEDMIT_MANT' se debe declarar
ORA-06550: línea 1, columna 7:
PL/SQL: Statement ignored
27/02/2020 11:34:01 p.m.: [Método: Void .ctor(System.Collections.Generic.IEnumerable`1[T]), Línea: 0] - ORA-06550: línea 1, columna 7:
PLS-00201: el identificador 'USP_SEL_LISTA_MEDMIT_MANT' se debe declarar
ORA-06550: línea 1, columna 7:
PL/SQL: Statement ignored
27/02/2020 11:34:01 p.m.: [Método: System.Collections.Generic.List`1[TSource] ToList[TSource](System.Collections.Generic.IEnumerable`1[TSource]), Línea: 0] - ORA-06550: línea 1, columna 7:
PLS-00201: el identificador 'USP_SEL_LISTA_MEDMIT_MANT' se debe declarar
ORA-06550: línea 1, columna 7:
PL/SQL: Statement ignored
27/02/2020 11:34:01 p.m.: [Método: System.Collections.Generic.IEnumerable`1[T] Query[T](System.Data.IDbConnection, System.String, System.Object, System.Data.IDbTransaction, Boolean, System.Nullable`1[System.Int32], System.Nullable`1[System.Data.CommandType]), Línea: 0] - ORA-06550: línea 1, columna 7:
PLS-00201: el identificador 'USP_SEL_LISTA_MEDMIT_MANT' se debe declarar
ORA-06550: línea 1, columna 7:
PL/SQL: Statement ignored
27/02/2020 11:34:01 p.m.: [Método: System.Collections.Generic.List`1[entidad.minem.gob.pe.MedidaMitigacionBE] ListaMedidaMitigacionMantenimiento(entidad.minem.gob.pe.MedidaMitigacionBE), Línea: 0] - ORA-06550: línea 1, columna 7:
PLS-00201: el identificador 'USP_SEL_LISTA_MEDMIT_MANT' se debe declarar
ORA-06550: línea 1, columna 7:
PL/SQL: Statement ignored
27/02/2020 11:43:49 p.m.: [Método: Void HandleErrorHelper(Int32, Oracle.DataAccess.Client.OracleConnection, IntPtr, Oracle.DataAccess.Client.OpoSqlValCtx*, System.Object, System.String, Boolean, Int32, Oracle.DataAccess.Client.OracleLogicalTransaction), Línea: 0] - ORA-01722: número no válido
ORA-06512: en "MRVMM.PKG_MRV_MANTENIMIENTO", línea 1975
ORA-06512: en línea 1
27/02/2020 11:43:49 p.m.: [Método: Void HandleError(Int32, Oracle.DataAccess.Client.OracleConnection, System.String, IntPtr, Oracle.DataAccess.Client.OpoSqlValCtx*, System.Object, Boolean, Oracle.DataAccess.Client.OracleLogicalTransaction), Línea: 0] - ORA-01722: número no válido
ORA-06512: en "MRVMM.PKG_MRV_MANTENIMIENTO", línea 1975
ORA-06512: en línea 1
27/02/2020 11:43:49 p.m.: [Método: Oracle.DataAccess.Client.OracleDataReader ExecuteReader(Boolean, Boolean, System.Data.CommandBehavior), Línea: 0] - ORA-01722: número no válido
ORA-06512: en "MRVMM.PKG_MRV_MANTENIMIENTO", línea 1975
ORA-06512: en línea 1
27/02/2020 11:43:49 p.m.: [Método: System.Data.Common.DbDataReader ExecuteDbDataReader(System.Data.CommandBehavior), Línea: 0] - ORA-01722: número no válido
ORA-06512: en "MRVMM.PKG_MRV_MANTENIMIENTO", línea 1975
ORA-06512: en línea 1
27/02/2020 11:43:49 p.m.: [Método: System.Data.IDataReader System.Data.IDbCommand.ExecuteReader(System.Data.CommandBehavior), Línea: 0] - ORA-01722: número no válido
ORA-06512: en "MRVMM.PKG_MRV_MANTENIMIENTO", línea 1975
ORA-06512: en línea 1
27/02/2020 11:43:49 p.m.: [Método: System.Data.IDataReader ExecuteReaderWithFlagsFallback(System.Data.IDbCommand, Boolean, System.Data.CommandBehavior), Línea: 0] - ORA-01722: número no válido
ORA-06512: en "MRVMM.PKG_MRV_MANTENIMIENTO", línea 1975
ORA-06512: en línea 1
27/02/2020 11:43:49 p.m.: [Método: Boolean MoveNext(), Línea: 0] - ORA-01722: número no válido
ORA-06512: en "MRVMM.PKG_MRV_MANTENIMIENTO", línea 1975
ORA-06512: en línea 1
27/02/2020 11:43:49 p.m.: [Método: Void .ctor(System.Collections.Generic.IEnumerable`1[T]), Línea: 0] - ORA-01722: número no válido
ORA-06512: en "MRVMM.PKG_MRV_MANTENIMIENTO", línea 1975
ORA-06512: en línea 1
27/02/2020 11:43:49 p.m.: [Método: System.Collections.Generic.List`1[TSource] ToList[TSource](System.Collections.Generic.IEnumerable`1[TSource]), Línea: 0] - ORA-01722: número no válido
ORA-06512: en "MRVMM.PKG_MRV_MANTENIMIENTO", línea 1975
ORA-06512: en línea 1
27/02/2020 11:43:49 p.m.: [Método: System.Collections.Generic.IEnumerable`1[T] Query[T](System.Data.IDbConnection, System.String, System.Object, System.Data.IDbTransaction, Boolean, System.Nullable`1[System.Int32], System.Nullable`1[System.Data.CommandType]), Línea: 0] - ORA-01722: número no válido
ORA-06512: en "MRVMM.PKG_MRV_MANTENIMIENTO", línea 1975
ORA-06512: en línea 1
27/02/2020 11:43:49 p.m.: [Método: System.Collections.Generic.List`1[entidad.minem.gob.pe.MedidaMitigacionBE] ListaMedidaMitigacionMantenimiento(entidad.minem.gob.pe.MedidaMitigacionBE), Línea: 144] - ORA-01722: número no válido
ORA-06512: en "MRVMM.PKG_MRV_MANTENIMIENTO", línea 1975
ORA-06512: en línea 1
27/02/2020 11:47:32 p.m.: [Método: Void HandleErrorHelper(Int32, Oracle.DataAccess.Client.OracleConnection, IntPtr, Oracle.DataAccess.Client.OpoSqlValCtx*, System.Object, System.String, Boolean, Int32, Oracle.DataAccess.Client.OracleLogicalTransaction), Línea: 0] - ORA-01722: número no válido
ORA-06512: en "MRVMM.PKG_MRV_MANTENIMIENTO", línea 1975
ORA-06512: en línea 1
27/02/2020 11:47:32 p.m.: [Método: Void HandleError(Int32, Oracle.DataAccess.Client.OracleConnection, System.String, IntPtr, Oracle.DataAccess.Client.OpoSqlValCtx*, System.Object, Boolean, Oracle.DataAccess.Client.OracleLogicalTransaction), Línea: 0] - ORA-01722: número no válido
ORA-06512: en "MRVMM.PKG_MRV_MANTENIMIENTO", línea 1975
ORA-06512: en línea 1
27/02/2020 11:47:32 p.m.: [Método: Oracle.DataAccess.Client.OracleDataReader ExecuteReader(Boolean, Boolean, System.Data.CommandBehavior), Línea: 0] - ORA-01722: número no válido
ORA-06512: en "MRVMM.PKG_MRV_MANTENIMIENTO", línea 1975
ORA-06512: en línea 1
27/02/2020 11:47:32 p.m.: [Método: System.Data.Common.DbDataReader ExecuteDbDataReader(System.Data.CommandBehavior), Línea: 0] - ORA-01722: número no válido
ORA-06512: en "MRVMM.PKG_MRV_MANTENIMIENTO", línea 1975
ORA-06512: en línea 1
27/02/2020 11:47:32 p.m.: [Método: System.Data.IDataReader System.Data.IDbCommand.ExecuteReader(System.Data.CommandBehavior), Línea: 0] - ORA-01722: número no válido
ORA-06512: en "MRVMM.PKG_MRV_MANTENIMIENTO", línea 1975
ORA-06512: en línea 1
27/02/2020 11:47:32 p.m.: [Método: System.Data.IDataReader ExecuteReaderWithFlagsFallback(System.Data.IDbCommand, Boolean, System.Data.CommandBehavior), Línea: 0] - ORA-01722: número no válido
ORA-06512: en "MRVMM.PKG_MRV_MANTENIMIENTO", línea 1975
ORA-06512: en línea 1
27/02/2020 11:47:32 p.m.: [Método: Boolean MoveNext(), Línea: 0] - ORA-01722: número no válido
ORA-06512: en "MRVMM.PKG_MRV_MANTENIMIENTO", línea 1975
ORA-06512: en línea 1
27/02/2020 11:47:32 p.m.: [Método: Void .ctor(System.Collections.Generic.IEnumerable`1[T]), Línea: 0] - ORA-01722: número no válido
ORA-06512: en "MRVMM.PKG_MRV_MANTENIMIENTO", línea 1975
ORA-06512: en línea 1
27/02/2020 11:47:32 p.m.: [Método: System.Collections.Generic.List`1[TSource] ToList[TSource](System.Collections.Generic.IEnumerable`1[TSource]), Línea: 0] - ORA-01722: número no válido
ORA-06512: en "MRVMM.PKG_MRV_MANTENIMIENTO", línea 1975
ORA-06512: en línea 1
27/02/2020 11:47:32 p.m.: [Método: System.Collections.Generic.IEnumerable`1[T] Query[T](System.Data.IDbConnection, System.String, System.Object, System.Data.IDbTransaction, Boolean, System.Nullable`1[System.Int32], System.Nullable`1[System.Data.CommandType]), Línea: 0] - ORA-01722: número no válido
ORA-06512: en "MRVMM.PKG_MRV_MANTENIMIENTO", línea 1975
ORA-06512: en línea 1
27/02/2020 11:47:32 p.m.: [Método: System.Collections.Generic.List`1[entidad.minem.gob.pe.MedidaMitigacionBE] ListaMedidaMitigacionMantenimiento(entidad.minem.gob.pe.MedidaMitigacionBE), Línea: 144] - ORA-01722: número no válido
ORA-06512: en "MRVMM.PKG_MRV_MANTENIMIENTO", línea 1975
ORA-06512: en línea 1
