04/03/2020 07:12:19 a.m.: [Método: Void HandleErrorHelper(Int32, Oracle.DataAccess.Client.OracleConnection, IntPtr, Oracle.DataAccess.Client.OpoSqlValCtx*, System.Object, System.String, Boolean, Int32, Oracle.DataAccess.Client.OracleLogicalTransaction), Línea: 0] - ORA-00933: comando SQL no terminado correctamente
ORA-06512: en "MRVMM.PKG_MRV_INICIATIVA_MITIGACION", línea 4440
ORA-06512: en línea 1
04/03/2020 07:12:19 a.m.: [Método: Void HandleError(Int32, Oracle.DataAccess.Client.OracleConnection, System.String, IntPtr, Oracle.DataAccess.Client.OpoSqlValCtx*, System.Object, Boolean, Oracle.DataAccess.Client.OracleLogicalTransaction), Línea: 0] - ORA-00933: comando SQL no terminado correctamente
ORA-06512: en "MRVMM.PKG_MRV_INICIATIVA_MITIGACION", línea 4440
ORA-06512: en línea 1
04/03/2020 07:12:19 a.m.: [Método: Oracle.DataAccess.Client.OracleDataReader ExecuteReader(Boolean, Boolean, System.Data.CommandBehavior), Línea: 0] - ORA-00933: comando SQL no terminado correctamente
ORA-06512: en "MRVMM.PKG_MRV_INICIATIVA_MITIGACION", línea 4440
ORA-06512: en línea 1
04/03/2020 07:12:19 a.m.: [Método: System.Data.Common.DbDataReader ExecuteDbDataReader(System.Data.CommandBehavior), Línea: 0] - ORA-00933: comando SQL no terminado correctamente
ORA-06512: en "MRVMM.PKG_MRV_INICIATIVA_MITIGACION", línea 4440
ORA-06512: en línea 1
04/03/2020 07:12:19 a.m.: [Método: System.Data.IDataReader System.Data.IDbCommand.ExecuteReader(System.Data.CommandBehavior), Línea: 0] - ORA-00933: comando SQL no terminado correctamente
ORA-06512: en "MRVMM.PKG_MRV_INICIATIVA_MITIGACION", línea 4440
ORA-06512: en línea 1
04/03/2020 07:12:19 a.m.: [Método: System.Data.IDataReader ExecuteReaderWithFlagsFallback(System.Data.IDbCommand, Boolean, System.Data.CommandBehavior), Línea: 0] - ORA-00933: comando SQL no terminado correctamente
ORA-06512: en "MRVMM.PKG_MRV_INICIATIVA_MITIGACION", línea 4440
ORA-06512: en línea 1
04/03/2020 07:12:19 a.m.: [Método: Boolean MoveNext(), Línea: 0] - ORA-00933: comando SQL no terminado correctamente
ORA-06512: en "MRVMM.PKG_MRV_INICIATIVA_MITIGACION", línea 4440
ORA-06512: en línea 1
04/03/2020 07:12:19 a.m.: [Método: Void .ctor(System.Collections.Generic.IEnumerable`1[T]), Línea: 0] - ORA-00933: comando SQL no terminado correctamente
ORA-06512: en "MRVMM.PKG_MRV_INICIATIVA_MITIGACION", línea 4440
ORA-06512: en línea 1
04/03/2020 07:12:19 a.m.: [Método: System.Collections.Generic.List`1[TSource] ToList[TSource](System.Collections.Generic.IEnumerable`1[TSource]), Línea: 0] - ORA-00933: comando SQL no terminado correctamente
ORA-06512: en "MRVMM.PKG_MRV_INICIATIVA_MITIGACION", línea 4440
ORA-06512: en línea 1
04/03/2020 07:12:19 a.m.: [Método: System.Collections.Generic.IEnumerable`1[T] Query[T](System.Data.IDbConnection, System.String, System.Object, System.Data.IDbTransaction, Boolean, System.Nullable`1[System.Int32], System.Nullable`1[System.Data.CommandType]), Línea: 0] - ORA-00933: comando SQL no terminado correctamente
ORA-06512: en "MRVMM.PKG_MRV_INICIATIVA_MITIGACION", línea 4440
ORA-06512: en línea 1
04/03/2020 07:12:19 a.m.: [Método: System.Collections.Generic.List`1[entidad.minem.gob.pe.IniciativaBE] ListaBusquedaAvanzadoPrivado(entidad.minem.gob.pe.IniciativaBE), Línea: 1568] - ORA-00933: comando SQL no terminado correctamente
ORA-06512: en "MRVMM.PKG_MRV_INICIATIVA_MITIGACION", línea 4440
ORA-06512: en línea 1
04/03/2020 07:16:11 a.m.: [Método: Void HandleErrorHelper(Int32, Oracle.DataAccess.Client.OracleConnection, IntPtr, Oracle.DataAccess.Client.OpoSqlValCtx*, System.Object, System.String, Boolean, Int32, Oracle.DataAccess.Client.OracleLogicalTransaction), Línea: 0] - ORA-00933: comando SQL no terminado correctamente
ORA-06512: en "MRVMM.PKG_MRV_INICIATIVA_MITIGACION", línea 4440
ORA-06512: en línea 1
04/03/2020 07:16:11 a.m.: [Método: Void HandleError(Int32, Oracle.DataAccess.Client.OracleConnection, System.String, IntPtr, Oracle.DataAccess.Client.OpoSqlValCtx*, System.Object, Boolean, Oracle.DataAccess.Client.OracleLogicalTransaction), Línea: 0] - ORA-00933: comando SQL no terminado correctamente
ORA-06512: en "MRVMM.PKG_MRV_INICIATIVA_MITIGACION", línea 4440
ORA-06512: en línea 1
04/03/2020 07:16:11 a.m.: [Método: Oracle.DataAccess.Client.OracleDataReader ExecuteReader(Boolean, Boolean, System.Data.CommandBehavior), Línea: 0] - ORA-00933: comando SQL no terminado correctamente
ORA-06512: en "MRVMM.PKG_MRV_INICIATIVA_MITIGACION", línea 4440
ORA-06512: en línea 1
04/03/2020 07:16:11 a.m.: [Método: System.Data.Common.DbDataReader ExecuteDbDataReader(System.Data.CommandBehavior), Línea: 0] - ORA-00933: comando SQL no terminado correctamente
ORA-06512: en "MRVMM.PKG_MRV_INICIATIVA_MITIGACION", línea 4440
ORA-06512: en línea 1
04/03/2020 07:16:11 a.m.: [Método: System.Data.IDataReader System.Data.IDbCommand.ExecuteReader(System.Data.CommandBehavior), Línea: 0] - ORA-00933: comando SQL no terminado correctamente
ORA-06512: en "MRVMM.PKG_MRV_INICIATIVA_MITIGACION", línea 4440
ORA-06512: en línea 1
04/03/2020 07:16:11 a.m.: [Método: System.Data.IDataReader ExecuteReaderWithFlagsFallback(System.Data.IDbCommand, Boolean, System.Data.CommandBehavior), Línea: 0] - ORA-00933: comando SQL no terminado correctamente
ORA-06512: en "MRVMM.PKG_MRV_INICIATIVA_MITIGACION", línea 4440
ORA-06512: en línea 1
04/03/2020 07:16:11 a.m.: [Método: Boolean MoveNext(), Línea: 0] - ORA-00933: comando SQL no terminado correctamente
ORA-06512: en "MRVMM.PKG_MRV_INICIATIVA_MITIGACION", línea 4440
ORA-06512: en línea 1
04/03/2020 07:16:11 a.m.: [Método: Void .ctor(System.Collections.Generic.IEnumerable`1[T]), Línea: 0] - ORA-00933: comando SQL no terminado correctamente
ORA-06512: en "MRVMM.PKG_MRV_INICIATIVA_MITIGACION", línea 4440
ORA-06512: en línea 1
04/03/2020 07:16:11 a.m.: [Método: System.Collections.Generic.List`1[TSource] ToList[TSource](System.Collections.Generic.IEnumerable`1[TSource]), Línea: 0] - ORA-00933: comando SQL no terminado correctamente
ORA-06512: en "MRVMM.PKG_MRV_INICIATIVA_MITIGACION", línea 4440
ORA-06512: en línea 1
04/03/2020 07:16:11 a.m.: [Método: System.Collections.Generic.IEnumerable`1[T] Query[T](System.Data.IDbConnection, System.String, System.Object, System.Data.IDbTransaction, Boolean, System.Nullable`1[System.Int32], System.Nullable`1[System.Data.CommandType]), Línea: 0] - ORA-00933: comando SQL no terminado correctamente
ORA-06512: en "MRVMM.PKG_MRV_INICIATIVA_MITIGACION", línea 4440
ORA-06512: en línea 1
04/03/2020 07:16:11 a.m.: [Método: System.Collections.Generic.List`1[entidad.minem.gob.pe.IniciativaBE] ListaBusquedaAvanzadoPrivado(entidad.minem.gob.pe.IniciativaBE), Línea: 1568] - ORA-00933: comando SQL no terminado correctamente
ORA-06512: en "MRVMM.PKG_MRV_INICIATIVA_MITIGACION", línea 4440
ORA-06512: en línea 1
04/03/2020 07:28:59 a.m.: [Método: Void HandleErrorHelper(Int32, Oracle.DataAccess.Client.OracleConnection, IntPtr, Oracle.DataAccess.Client.OpoSqlValCtx*, System.Object, System.String, Boolean, Int32, Oracle.DataAccess.Client.OracleLogicalTransaction), Línea: 0] - ORA-00932: tipos de dato inconsistentes: se esperaba NUMBER se ha obtenido DATE
ORA-06512: en "MRVMM.PKG_MRV_INICIATIVA_MITIGACION", línea 4438
ORA-06512: en línea 1
04/03/2020 07:28:59 a.m.: [Método: Void HandleError(Int32, Oracle.DataAccess.Client.OracleConnection, System.String, IntPtr, Oracle.DataAccess.Client.OpoSqlValCtx*, System.Object, Boolean, Oracle.DataAccess.Client.OracleLogicalTransaction), Línea: 0] - ORA-00932: tipos de dato inconsistentes: se esperaba NUMBER se ha obtenido DATE
ORA-06512: en "MRVMM.PKG_MRV_INICIATIVA_MITIGACION", línea 4438
ORA-06512: en línea 1
04/03/2020 07:28:59 a.m.: [Método: Oracle.DataAccess.Client.OracleDataReader ExecuteReader(Boolean, Boolean, System.Data.CommandBehavior), Línea: 0] - ORA-00932: tipos de dato inconsistentes: se esperaba NUMBER se ha obtenido DATE
ORA-06512: en "MRVMM.PKG_MRV_INICIATIVA_MITIGACION", línea 4438
ORA-06512: en línea 1
04/03/2020 07:28:59 a.m.: [Método: System.Data.Common.DbDataReader ExecuteDbDataReader(System.Data.CommandBehavior), Línea: 0] - ORA-00932: tipos de dato inconsistentes: se esperaba NUMBER se ha obtenido DATE
ORA-06512: en "MRVMM.PKG_MRV_INICIATIVA_MITIGACION", línea 4438
ORA-06512: en línea 1
04/03/2020 07:28:59 a.m.: [Método: System.Data.IDataReader System.Data.IDbCommand.ExecuteReader(System.Data.CommandBehavior), Línea: 0] - ORA-00932: tipos de dato inconsistentes: se esperaba NUMBER se ha obtenido DATE
ORA-06512: en "MRVMM.PKG_MRV_INICIATIVA_MITIGACION", línea 4438
ORA-06512: en línea 1
04/03/2020 07:28:59 a.m.: [Método: System.Data.IDataReader ExecuteReaderWithFlagsFallback(System.Data.IDbCommand, Boolean, System.Data.CommandBehavior), Línea: 0] - ORA-00932: tipos de dato inconsistentes: se esperaba NUMBER se ha obtenido DATE
ORA-06512: en "MRVMM.PKG_MRV_INICIATIVA_MITIGACION", línea 4438
ORA-06512: en línea 1
04/03/2020 07:28:59 a.m.: [Método: Boolean MoveNext(), Línea: 0] - ORA-00932: tipos de dato inconsistentes: se esperaba NUMBER se ha obtenido DATE
ORA-06512: en "MRVMM.PKG_MRV_INICIATIVA_MITIGACION", línea 4438
ORA-06512: en línea 1
04/03/2020 07:28:59 a.m.: [Método: Void .ctor(System.Collections.Generic.IEnumerable`1[T]), Línea: 0] - ORA-00932: tipos de dato inconsistentes: se esperaba NUMBER se ha obtenido DATE
ORA-06512: en "MRVMM.PKG_MRV_INICIATIVA_MITIGACION", línea 4438
ORA-06512: en línea 1
04/03/2020 07:28:59 a.m.: [Método: System.Collections.Generic.List`1[TSource] ToList[TSource](System.Collections.Generic.IEnumerable`1[TSource]), Línea: 0] - ORA-00932: tipos de dato inconsistentes: se esperaba NUMBER se ha obtenido DATE
ORA-06512: en "MRVMM.PKG_MRV_INICIATIVA_MITIGACION", línea 4438
ORA-06512: en línea 1
04/03/2020 07:28:59 a.m.: [Método: System.Collections.Generic.IEnumerable`1[T] Query[T](System.Data.IDbConnection, System.String, System.Object, System.Data.IDbTransaction, Boolean, System.Nullable`1[System.Int32], System.Nullable`1[System.Data.CommandType]), Línea: 0] - ORA-00932: tipos de dato inconsistentes: se esperaba NUMBER se ha obtenido DATE
ORA-06512: en "MRVMM.PKG_MRV_INICIATIVA_MITIGACION", línea 4438
ORA-06512: en línea 1
04/03/2020 07:28:59 a.m.: [Método: System.Collections.Generic.List`1[entidad.minem.gob.pe.IniciativaBE] ListaBusquedaAvanzadoPrivado(entidad.minem.gob.pe.IniciativaBE), Línea: 0] - ORA-00932: tipos de dato inconsistentes: se esperaba NUMBER se ha obtenido DATE
ORA-06512: en "MRVMM.PKG_MRV_INICIATIVA_MITIGACION", línea 4438
ORA-06512: en línea 1
04/03/2020 07:31:59 a.m.: [Método: Void HandleErrorHelper(Int32, Oracle.DataAccess.Client.OracleConnection, IntPtr, Oracle.DataAccess.Client.OpoSqlValCtx*, System.Object, System.String, Boolean, Int32, Oracle.DataAccess.Client.OracleLogicalTransaction), Línea: 0] - ORA-00932: tipos de dato inconsistentes: se esperaba NUMBER se ha obtenido DATE
ORA-06512: en "MRVMM.PKG_MRV_INICIATIVA_MITIGACION", línea 4438
ORA-06512: en línea 1
04/03/2020 07:31:59 a.m.: [Método: Void HandleError(Int32, Oracle.DataAccess.Client.OracleConnection, System.String, IntPtr, Oracle.DataAccess.Client.OpoSqlValCtx*, System.Object, Boolean, Oracle.DataAccess.Client.OracleLogicalTransaction), Línea: 0] - ORA-00932: tipos de dato inconsistentes: se esperaba NUMBER se ha obtenido DATE
ORA-06512: en "MRVMM.PKG_MRV_INICIATIVA_MITIGACION", línea 4438
ORA-06512: en línea 1
04/03/2020 07:31:59 a.m.: [Método: Oracle.DataAccess.Client.OracleDataReader ExecuteReader(Boolean, Boolean, System.Data.CommandBehavior), Línea: 0] - ORA-00932: tipos de dato inconsistentes: se esperaba NUMBER se ha obtenido DATE
ORA-06512: en "MRVMM.PKG_MRV_INICIATIVA_MITIGACION", línea 4438
ORA-06512: en línea 1
04/03/2020 07:31:59 a.m.: [Método: System.Data.Common.DbDataReader ExecuteDbDataReader(System.Data.CommandBehavior), Línea: 0] - ORA-00932: tipos de dato inconsistentes: se esperaba NUMBER se ha obtenido DATE
ORA-06512: en "MRVMM.PKG_MRV_INICIATIVA_MITIGACION", línea 4438
ORA-06512: en línea 1
04/03/2020 07:31:59 a.m.: [Método: System.Data.IDataReader System.Data.IDbCommand.ExecuteReader(System.Data.CommandBehavior), Línea: 0] - ORA-00932: tipos de dato inconsistentes: se esperaba NUMBER se ha obtenido DATE
ORA-06512: en "MRVMM.PKG_MRV_INICIATIVA_MITIGACION", línea 4438
ORA-06512: en línea 1
04/03/2020 07:31:59 a.m.: [Método: System.Data.IDataReader ExecuteReaderWithFlagsFallback(System.Data.IDbCommand, Boolean, System.Data.CommandBehavior), Línea: 0] - ORA-00932: tipos de dato inconsistentes: se esperaba NUMBER se ha obtenido DATE
ORA-06512: en "MRVMM.PKG_MRV_INICIATIVA_MITIGACION", línea 4438
ORA-06512: en línea 1
04/03/2020 07:31:59 a.m.: [Método: Boolean MoveNext(), Línea: 0] - ORA-00932: tipos de dato inconsistentes: se esperaba NUMBER se ha obtenido DATE
ORA-06512: en "MRVMM.PKG_MRV_INICIATIVA_MITIGACION", línea 4438
ORA-06512: en línea 1
04/03/2020 07:31:59 a.m.: [Método: Void .ctor(System.Collections.Generic.IEnumerable`1[T]), Línea: 0] - ORA-00932: tipos de dato inconsistentes: se esperaba NUMBER se ha obtenido DATE
ORA-06512: en "MRVMM.PKG_MRV_INICIATIVA_MITIGACION", línea 4438
ORA-06512: en línea 1
04/03/2020 07:31:59 a.m.: [Método: System.Collections.Generic.List`1[TSource] ToList[TSource](System.Collections.Generic.IEnumerable`1[TSource]), Línea: 0] - ORA-00932: tipos de dato inconsistentes: se esperaba NUMBER se ha obtenido DATE
ORA-06512: en "MRVMM.PKG_MRV_INICIATIVA_MITIGACION", línea 4438
ORA-06512: en línea 1
04/03/2020 07:31:59 a.m.: [Método: System.Collections.Generic.IEnumerable`1[T] Query[T](System.Data.IDbConnection, System.String, System.Object, System.Data.IDbTransaction, Boolean, System.Nullable`1[System.Int32], System.Nullable`1[System.Data.CommandType]), Línea: 0] - ORA-00932: tipos de dato inconsistentes: se esperaba NUMBER se ha obtenido DATE
ORA-06512: en "MRVMM.PKG_MRV_INICIATIVA_MITIGACION", línea 4438
ORA-06512: en línea 1
04/03/2020 07:31:59 a.m.: [Método: System.Collections.Generic.List`1[entidad.minem.gob.pe.IniciativaBE] ListaBusquedaAvanzadoPrivado(entidad.minem.gob.pe.IniciativaBE), Línea: 0] - ORA-00932: tipos de dato inconsistentes: se esperaba NUMBER se ha obtenido DATE
ORA-06512: en "MRVMM.PKG_MRV_INICIATIVA_MITIGACION", línea 4438
ORA-06512: en línea 1
04/03/2020 07:36:41 a.m.: [Método: Void HandleErrorHelper(Int32, Oracle.DataAccess.Client.OracleConnection, IntPtr, Oracle.DataAccess.Client.OpoSqlValCtx*, System.Object, System.String, Boolean, Int32, Oracle.DataAccess.Client.OracleLogicalTransaction), Línea: 0] - ORA-00932: tipos de dato inconsistentes: se esperaba NUMBER se ha obtenido DATE
ORA-06512: en "MRVMM.PKG_MRV_INICIATIVA_MITIGACION", línea 4438
ORA-06512: en línea 1
04/03/2020 07:36:41 a.m.: [Método: Void HandleError(Int32, Oracle.DataAccess.Client.OracleConnection, System.String, IntPtr, Oracle.DataAccess.Client.OpoSqlValCtx*, System.Object, Boolean, Oracle.DataAccess.Client.OracleLogicalTransaction), Línea: 0] - ORA-00932: tipos de dato inconsistentes: se esperaba NUMBER se ha obtenido DATE
ORA-06512: en "MRVMM.PKG_MRV_INICIATIVA_MITIGACION", línea 4438
ORA-06512: en línea 1
04/03/2020 07:36:41 a.m.: [Método: Oracle.DataAccess.Client.OracleDataReader ExecuteReader(Boolean, Boolean, System.Data.CommandBehavior), Línea: 0] - ORA-00932: tipos de dato inconsistentes: se esperaba NUMBER se ha obtenido DATE
ORA-06512: en "MRVMM.PKG_MRV_INICIATIVA_MITIGACION", línea 4438
ORA-06512: en línea 1
04/03/2020 07:36:41 a.m.: [Método: System.Data.Common.DbDataReader ExecuteDbDataReader(System.Data.CommandBehavior), Línea: 0] - ORA-00932: tipos de dato inconsistentes: se esperaba NUMBER se ha obtenido DATE
ORA-06512: en "MRVMM.PKG_MRV_INICIATIVA_MITIGACION", línea 4438
ORA-06512: en línea 1
04/03/2020 07:36:41 a.m.: [Método: System.Data.IDataReader System.Data.IDbCommand.ExecuteReader(System.Data.CommandBehavior), Línea: 0] - ORA-00932: tipos de dato inconsistentes: se esperaba NUMBER se ha obtenido DATE
ORA-06512: en "MRVMM.PKG_MRV_INICIATIVA_MITIGACION", línea 4438
ORA-06512: en línea 1
04/03/2020 07:36:41 a.m.: [Método: System.Data.IDataReader ExecuteReaderWithFlagsFallback(System.Data.IDbCommand, Boolean, System.Data.CommandBehavior), Línea: 0] - ORA-00932: tipos de dato inconsistentes: se esperaba NUMBER se ha obtenido DATE
ORA-06512: en "MRVMM.PKG_MRV_INICIATIVA_MITIGACION", línea 4438
ORA-06512: en línea 1
04/03/2020 07:36:41 a.m.: [Método: Boolean MoveNext(), Línea: 0] - ORA-00932: tipos de dato inconsistentes: se esperaba NUMBER se ha obtenido DATE
ORA-06512: en "MRVMM.PKG_MRV_INICIATIVA_MITIGACION", línea 4438
ORA-06512: en línea 1
04/03/2020 07:36:41 a.m.: [Método: Void .ctor(System.Collections.Generic.IEnumerable`1[T]), Línea: 0] - ORA-00932: tipos de dato inconsistentes: se esperaba NUMBER se ha obtenido DATE
ORA-06512: en "MRVMM.PKG_MRV_INICIATIVA_MITIGACION", línea 4438
ORA-06512: en línea 1
04/03/2020 07:36:41 a.m.: [Método: System.Collections.Generic.List`1[TSource] ToList[TSource](System.Collections.Generic.IEnumerable`1[TSource]), Línea: 0] - ORA-00932: tipos de dato inconsistentes: se esperaba NUMBER se ha obtenido DATE
ORA-06512: en "MRVMM.PKG_MRV_INICIATIVA_MITIGACION", línea 4438
ORA-06512: en línea 1
04/03/2020 07:36:41 a.m.: [Método: System.Collections.Generic.IEnumerable`1[T] Query[T](System.Data.IDbConnection, System.String, System.Object, System.Data.IDbTransaction, Boolean, System.Nullable`1[System.Int32], System.Nullable`1[System.Data.CommandType]), Línea: 0] - ORA-00932: tipos de dato inconsistentes: se esperaba NUMBER se ha obtenido DATE
ORA-06512: en "MRVMM.PKG_MRV_INICIATIVA_MITIGACION", línea 4438
ORA-06512: en línea 1
04/03/2020 07:36:41 a.m.: [Método: System.Collections.Generic.List`1[entidad.minem.gob.pe.IniciativaBE] ListaBusquedaAvanzadoPrivado(entidad.minem.gob.pe.IniciativaBE), Línea: 0] - ORA-00932: tipos de dato inconsistentes: se esperaba NUMBER se ha obtenido DATE
ORA-06512: en "MRVMM.PKG_MRV_INICIATIVA_MITIGACION", línea 4438
ORA-06512: en línea 1
04/03/2020 07:38:28 a.m.: [Método: Void HandleErrorHelper(Int32, Oracle.DataAccess.Client.OracleConnection, IntPtr, Oracle.DataAccess.Client.OpoSqlValCtx*, System.Object, System.String, Boolean, Int32, Oracle.DataAccess.Client.OracleLogicalTransaction), Línea: 0] - ORA-00920: operador relacional no válido
ORA-06512: en "MRVMM.PKG_MRV_INICIATIVA_MITIGACION", línea 4438
ORA-06512: en línea 1
04/03/2020 07:38:28 a.m.: [Método: Void HandleError(Int32, Oracle.DataAccess.Client.OracleConnection, System.String, IntPtr, Oracle.DataAccess.Client.OpoSqlValCtx*, System.Object, Boolean, Oracle.DataAccess.Client.OracleLogicalTransaction), Línea: 0] - ORA-00920: operador relacional no válido
ORA-06512: en "MRVMM.PKG_MRV_INICIATIVA_MITIGACION", línea 4438
ORA-06512: en línea 1
04/03/2020 07:38:28 a.m.: [Método: Oracle.DataAccess.Client.OracleDataReader ExecuteReader(Boolean, Boolean, System.Data.CommandBehavior), Línea: 0] - ORA-00920: operador relacional no válido
ORA-06512: en "MRVMM.PKG_MRV_INICIATIVA_MITIGACION", línea 4438
ORA-06512: en línea 1
04/03/2020 07:38:28 a.m.: [Método: System.Data.Common.DbDataReader ExecuteDbDataReader(System.Data.CommandBehavior), Línea: 0] - ORA-00920: operador relacional no válido
ORA-06512: en "MRVMM.PKG_MRV_INICIATIVA_MITIGACION", línea 4438
ORA-06512: en línea 1
04/03/2020 07:38:28 a.m.: [Método: System.Data.IDataReader System.Data.IDbCommand.ExecuteReader(System.Data.CommandBehavior), Línea: 0] - ORA-00920: operador relacional no válido
ORA-06512: en "MRVMM.PKG_MRV_INICIATIVA_MITIGACION", línea 4438
ORA-06512: en línea 1
04/03/2020 07:38:28 a.m.: [Método: System.Data.IDataReader ExecuteReaderWithFlagsFallback(System.Data.IDbCommand, Boolean, System.Data.CommandBehavior), Línea: 0] - ORA-00920: operador relacional no válido
ORA-06512: en "MRVMM.PKG_MRV_INICIATIVA_MITIGACION", línea 4438
ORA-06512: en línea 1
04/03/2020 07:38:28 a.m.: [Método: Boolean MoveNext(), Línea: 0] - ORA-00920: operador relacional no válido
ORA-06512: en "MRVMM.PKG_MRV_INICIATIVA_MITIGACION", línea 4438
ORA-06512: en línea 1
04/03/2020 07:38:28 a.m.: [Método: Void .ctor(System.Collections.Generic.IEnumerable`1[T]), Línea: 0] - ORA-00920: operador relacional no válido
ORA-06512: en "MRVMM.PKG_MRV_INICIATIVA_MITIGACION", línea 4438
ORA-06512: en línea 1
04/03/2020 07:38:28 a.m.: [Método: System.Collections.Generic.List`1[TSource] ToList[TSource](System.Collections.Generic.IEnumerable`1[TSource]), Línea: 0] - ORA-00920: operador relacional no válido
ORA-06512: en "MRVMM.PKG_MRV_INICIATIVA_MITIGACION", línea 4438
ORA-06512: en línea 1
04/03/2020 07:38:28 a.m.: [Método: System.Collections.Generic.IEnumerable`1[T] Query[T](System.Data.IDbConnection, System.String, System.Object, System.Data.IDbTransaction, Boolean, System.Nullable`1[System.Int32], System.Nullable`1[System.Data.CommandType]), Línea: 0] - ORA-00920: operador relacional no válido
ORA-06512: en "MRVMM.PKG_MRV_INICIATIVA_MITIGACION", línea 4438
ORA-06512: en línea 1
04/03/2020 07:38:28 a.m.: [Método: System.Collections.Generic.List`1[entidad.minem.gob.pe.IniciativaBE] ListaBusquedaAvanzadoPrivado(entidad.minem.gob.pe.IniciativaBE), Línea: 0] - ORA-00920: operador relacional no válido
ORA-06512: en "MRVMM.PKG_MRV_INICIATIVA_MITIGACION", línea 4438
ORA-06512: en línea 1
04/03/2020 07:40:36 a.m.: [Método: Void HandleErrorHelper(Int32, Oracle.DataAccess.Client.OracleConnection, IntPtr, Oracle.DataAccess.Client.OpoSqlValCtx*, System.Object, System.String, Boolean, Int32, Oracle.DataAccess.Client.OracleLogicalTransaction), Línea: 0] - ORA-01840: el valor de entrada no es lo bastante largo para el formato de fecha
ORA-06512: en "MRVMM.PKG_MRV_INICIATIVA_MITIGACION", línea 4438
ORA-06512: en línea 1
04/03/2020 07:40:36 a.m.: [Método: Void HandleError(Int32, Oracle.DataAccess.Client.OracleConnection, System.String, IntPtr, Oracle.DataAccess.Client.OpoSqlValCtx*, System.Object, Boolean, Oracle.DataAccess.Client.OracleLogicalTransaction), Línea: 0] - ORA-01840: el valor de entrada no es lo bastante largo para el formato de fecha
ORA-06512: en "MRVMM.PKG_MRV_INICIATIVA_MITIGACION", línea 4438
ORA-06512: en línea 1
04/03/2020 07:40:36 a.m.: [Método: Oracle.DataAccess.Client.OracleDataReader ExecuteReader(Boolean, Boolean, System.Data.CommandBehavior), Línea: 0] - ORA-01840: el valor de entrada no es lo bastante largo para el formato de fecha
ORA-06512: en "MRVMM.PKG_MRV_INICIATIVA_MITIGACION", línea 4438
ORA-06512: en línea 1
04/03/2020 07:40:36 a.m.: [Método: System.Data.Common.DbDataReader ExecuteDbDataReader(System.Data.CommandBehavior), Línea: 0] - ORA-01840: el valor de entrada no es lo bastante largo para el formato de fecha
ORA-06512: en "MRVMM.PKG_MRV_INICIATIVA_MITIGACION", línea 4438
ORA-06512: en línea 1
04/03/2020 07:40:36 a.m.: [Método: System.Data.IDataReader System.Data.IDbCommand.ExecuteReader(System.Data.CommandBehavior), Línea: 0] - ORA-01840: el valor de entrada no es lo bastante largo para el formato de fecha
ORA-06512: en "MRVMM.PKG_MRV_INICIATIVA_MITIGACION", línea 4438
ORA-06512: en línea 1
04/03/2020 07:40:36 a.m.: [Método: System.Data.IDataReader ExecuteReaderWithFlagsFallback(System.Data.IDbCommand, Boolean, System.Data.CommandBehavior), Línea: 0] - ORA-01840: el valor de entrada no es lo bastante largo para el formato de fecha
ORA-06512: en "MRVMM.PKG_MRV_INICIATIVA_MITIGACION", línea 4438
ORA-06512: en línea 1
04/03/2020 07:40:36 a.m.: [Método: Boolean MoveNext(), Línea: 0] - ORA-01840: el valor de entrada no es lo bastante largo para el formato de fecha
ORA-06512: en "MRVMM.PKG_MRV_INICIATIVA_MITIGACION", línea 4438
ORA-06512: en línea 1
04/03/2020 07:40:36 a.m.: [Método: Void .ctor(System.Collections.Generic.IEnumerable`1[T]), Línea: 0] - ORA-01840: el valor de entrada no es lo bastante largo para el formato de fecha
ORA-06512: en "MRVMM.PKG_MRV_INICIATIVA_MITIGACION", línea 4438
ORA-06512: en línea 1
04/03/2020 07:40:36 a.m.: [Método: System.Collections.Generic.List`1[TSource] ToList[TSource](System.Collections.Generic.IEnumerable`1[TSource]), Línea: 0] - ORA-01840: el valor de entrada no es lo bastante largo para el formato de fecha
ORA-06512: en "MRVMM.PKG_MRV_INICIATIVA_MITIGACION", línea 4438
ORA-06512: en línea 1
04/03/2020 07:40:36 a.m.: [Método: System.Collections.Generic.IEnumerable`1[T] Query[T](System.Data.IDbConnection, System.String, System.Object, System.Data.IDbTransaction, Boolean, System.Nullable`1[System.Int32], System.Nullable`1[System.Data.CommandType]), Línea: 0] - ORA-01840: el valor de entrada no es lo bastante largo para el formato de fecha
ORA-06512: en "MRVMM.PKG_MRV_INICIATIVA_MITIGACION", línea 4438
ORA-06512: en línea 1
04/03/2020 07:40:36 a.m.: [Método: System.Collections.Generic.List`1[entidad.minem.gob.pe.IniciativaBE] ListaBusquedaAvanzadoPrivado(entidad.minem.gob.pe.IniciativaBE), Línea: 0] - ORA-01840: el valor de entrada no es lo bastante largo para el formato de fecha
ORA-06512: en "MRVMM.PKG_MRV_INICIATIVA_MITIGACION", línea 4438
ORA-06512: en línea 1
04/03/2020 09:37:14 a.m.: [Método: Void HandleErrorHelper(Int32, Oracle.DataAccess.Client.OracleConnection, IntPtr, Oracle.DataAccess.Client.OpoSqlValCtx*, System.Object, System.String, Boolean, Int32, Oracle.DataAccess.Client.OracleLogicalTransaction), Línea: 0] - ORA-01840: el valor de entrada no es lo bastante largo para el formato de fecha
ORA-06512: en "MRVMM.PKG_MRV_INICIATIVA_MITIGACION", línea 4438
ORA-06512: en línea 1
04/03/2020 09:37:14 a.m.: [Método: Void HandleError(Int32, Oracle.DataAccess.Client.OracleConnection, System.String, IntPtr, Oracle.DataAccess.Client.OpoSqlValCtx*, System.Object, Boolean, Oracle.DataAccess.Client.OracleLogicalTransaction), Línea: 0] - ORA-01840: el valor de entrada no es lo bastante largo para el formato de fecha
ORA-06512: en "MRVMM.PKG_MRV_INICIATIVA_MITIGACION", línea 4438
ORA-06512: en línea 1
04/03/2020 09:37:14 a.m.: [Método: Oracle.DataAccess.Client.OracleDataReader ExecuteReader(Boolean, Boolean, System.Data.CommandBehavior), Línea: 0] - ORA-01840: el valor de entrada no es lo bastante largo para el formato de fecha
ORA-06512: en "MRVMM.PKG_MRV_INICIATIVA_MITIGACION", línea 4438
ORA-06512: en línea 1
04/03/2020 09:37:14 a.m.: [Método: System.Data.Common.DbDataReader ExecuteDbDataReader(System.Data.CommandBehavior), Línea: 0] - ORA-01840: el valor de entrada no es lo bastante largo para el formato de fecha
ORA-06512: en "MRVMM.PKG_MRV_INICIATIVA_MITIGACION", línea 4438
ORA-06512: en línea 1
04/03/2020 09:37:14 a.m.: [Método: System.Data.IDataReader System.Data.IDbCommand.ExecuteReader(System.Data.CommandBehavior), Línea: 0] - ORA-01840: el valor de entrada no es lo bastante largo para el formato de fecha
ORA-06512: en "MRVMM.PKG_MRV_INICIATIVA_MITIGACION", línea 4438
ORA-06512: en línea 1
04/03/2020 09:37:14 a.m.: [Método: System.Data.IDataReader ExecuteReaderWithFlagsFallback(System.Data.IDbCommand, Boolean, System.Data.CommandBehavior), Línea: 0] - ORA-01840: el valor de entrada no es lo bastante largo para el formato de fecha
ORA-06512: en "MRVMM.PKG_MRV_INICIATIVA_MITIGACION", línea 4438
ORA-06512: en línea 1
04/03/2020 09:37:14 a.m.: [Método: Boolean MoveNext(), Línea: 0] - ORA-01840: el valor de entrada no es lo bastante largo para el formato de fecha
ORA-06512: en "MRVMM.PKG_MRV_INICIATIVA_MITIGACION", línea 4438
ORA-06512: en línea 1
04/03/2020 09:37:14 a.m.: [Método: Void .ctor(System.Collections.Generic.IEnumerable`1[T]), Línea: 0] - ORA-01840: el valor de entrada no es lo bastante largo para el formato de fecha
ORA-06512: en "MRVMM.PKG_MRV_INICIATIVA_MITIGACION", línea 4438
ORA-06512: en línea 1
04/03/2020 09:37:14 a.m.: [Método: System.Collections.Generic.List`1[TSource] ToList[TSource](System.Collections.Generic.IEnumerable`1[TSource]), Línea: 0] - ORA-01840: el valor de entrada no es lo bastante largo para el formato de fecha
ORA-06512: en "MRVMM.PKG_MRV_INICIATIVA_MITIGACION", línea 4438
ORA-06512: en línea 1
04/03/2020 09:37:14 a.m.: [Método: System.Collections.Generic.IEnumerable`1[T] Query[T](System.Data.IDbConnection, System.String, System.Object, System.Data.IDbTransaction, Boolean, System.Nullable`1[System.Int32], System.Nullable`1[System.Data.CommandType]), Línea: 0] - ORA-01840: el valor de entrada no es lo bastante largo para el formato de fecha
ORA-06512: en "MRVMM.PKG_MRV_INICIATIVA_MITIGACION", línea 4438
ORA-06512: en línea 1
04/03/2020 09:37:14 a.m.: [Método: System.Collections.Generic.List`1[entidad.minem.gob.pe.IniciativaBE] ListaBusquedaAvanzadoPrivado(entidad.minem.gob.pe.IniciativaBE), Línea: 0] - ORA-01840: el valor de entrada no es lo bastante largo para el formato de fecha
ORA-06512: en "MRVMM.PKG_MRV_INICIATIVA_MITIGACION", línea 4438
ORA-06512: en línea 1
04/03/2020 09:39:19 a.m.: [Método: Void HandleErrorHelper(Int32, Oracle.DataAccess.Client.OracleConnection, IntPtr, Oracle.DataAccess.Client.OpoSqlValCtx*, System.Object, System.String, Boolean, Int32, Oracle.DataAccess.Client.OracleLogicalTransaction), Línea: 0] - ORA-01840: el valor de entrada no es lo bastante largo para el formato de fecha
ORA-06512: en "MRVMM.PKG_MRV_INICIATIVA_MITIGACION", línea 4438
ORA-06512: en línea 1
04/03/2020 09:39:19 a.m.: [Método: Void HandleError(Int32, Oracle.DataAccess.Client.OracleConnection, System.String, IntPtr, Oracle.DataAccess.Client.OpoSqlValCtx*, System.Object, Boolean, Oracle.DataAccess.Client.OracleLogicalTransaction), Línea: 0] - ORA-01840: el valor de entrada no es lo bastante largo para el formato de fecha
ORA-06512: en "MRVMM.PKG_MRV_INICIATIVA_MITIGACION", línea 4438
ORA-06512: en línea 1
04/03/2020 09:39:19 a.m.: [Método: Oracle.DataAccess.Client.OracleDataReader ExecuteReader(Boolean, Boolean, System.Data.CommandBehavior), Línea: 0] - ORA-01840: el valor de entrada no es lo bastante largo para el formato de fecha
ORA-06512: en "MRVMM.PKG_MRV_INICIATIVA_MITIGACION", línea 4438
ORA-06512: en línea 1
04/03/2020 09:39:19 a.m.: [Método: System.Data.Common.DbDataReader ExecuteDbDataReader(System.Data.CommandBehavior), Línea: 0] - ORA-01840: el valor de entrada no es lo bastante largo para el formato de fecha
ORA-06512: en "MRVMM.PKG_MRV_INICIATIVA_MITIGACION", línea 4438
ORA-06512: en línea 1
04/03/2020 09:39:19 a.m.: [Método: System.Data.IDataReader System.Data.IDbCommand.ExecuteReader(System.Data.CommandBehavior), Línea: 0] - ORA-01840: el valor de entrada no es lo bastante largo para el formato de fecha
ORA-06512: en "MRVMM.PKG_MRV_INICIATIVA_MITIGACION", línea 4438
ORA-06512: en línea 1
04/03/2020 09:39:19 a.m.: [Método: System.Data.IDataReader ExecuteReaderWithFlagsFallback(System.Data.IDbCommand, Boolean, System.Data.CommandBehavior), Línea: 0] - ORA-01840: el valor de entrada no es lo bastante largo para el formato de fecha
ORA-06512: en "MRVMM.PKG_MRV_INICIATIVA_MITIGACION", línea 4438
ORA-06512: en línea 1
04/03/2020 09:39:19 a.m.: [Método: Boolean MoveNext(), Línea: 0] - ORA-01840: el valor de entrada no es lo bastante largo para el formato de fecha
ORA-06512: en "MRVMM.PKG_MRV_INICIATIVA_MITIGACION", línea 4438
ORA-06512: en línea 1
04/03/2020 09:39:19 a.m.: [Método: Void .ctor(System.Collections.Generic.IEnumerable`1[T]), Línea: 0] - ORA-01840: el valor de entrada no es lo bastante largo para el formato de fecha
ORA-06512: en "MRVMM.PKG_MRV_INICIATIVA_MITIGACION", línea 4438
ORA-06512: en línea 1
04/03/2020 09:39:19 a.m.: [Método: System.Collections.Generic.List`1[TSource] ToList[TSource](System.Collections.Generic.IEnumerable`1[TSource]), Línea: 0] - ORA-01840: el valor de entrada no es lo bastante largo para el formato de fecha
ORA-06512: en "MRVMM.PKG_MRV_INICIATIVA_MITIGACION", línea 4438
ORA-06512: en línea 1
04/03/2020 09:39:19 a.m.: [Método: System.Collections.Generic.IEnumerable`1[T] Query[T](System.Data.IDbConnection, System.String, System.Object, System.Data.IDbTransaction, Boolean, System.Nullable`1[System.Int32], System.Nullable`1[System.Data.CommandType]), Línea: 0] - ORA-01840: el valor de entrada no es lo bastante largo para el formato de fecha
ORA-06512: en "MRVMM.PKG_MRV_INICIATIVA_MITIGACION", línea 4438
ORA-06512: en línea 1
04/03/2020 09:39:19 a.m.: [Método: System.Collections.Generic.List`1[entidad.minem.gob.pe.IniciativaBE] ListaBusquedaAvanzadoPrivado(entidad.minem.gob.pe.IniciativaBE), Línea: 0] - ORA-01840: el valor de entrada no es lo bastante largo para el formato de fecha
ORA-06512: en "MRVMM.PKG_MRV_INICIATIVA_MITIGACION", línea 4438
ORA-06512: en línea 1
