25/02/2020 10:05:02 a.m.: [Método: Void HandleErrorHelper(Int32, Oracle.DataAccess.Client.OracleConnection, IntPtr, Oracle.DataAccess.Client.OpoSqlValCtx*, System.Object, System.String, Boolean, Int32, Oracle.DataAccess.Client.OracleLogicalTransaction), Línea: 0] - ORA-00918: column ambiguously defined
ORA-06512: at "MRVMM.PKG_MRV_INICIATIVA_MITIGACION", line 4383
ORA-06512: at line 1
25/02/2020 10:05:02 a.m.: [Método: Void HandleError(Int32, Oracle.DataAccess.Client.OracleConnection, System.String, IntPtr, Oracle.DataAccess.Client.OpoSqlValCtx*, System.Object, Boolean, Oracle.DataAccess.Client.OracleLogicalTransaction), Línea: 0] - ORA-00918: column ambiguously defined
ORA-06512: at "MRVMM.PKG_MRV_INICIATIVA_MITIGACION", line 4383
ORA-06512: at line 1
25/02/2020 10:05:02 a.m.: [Método: Oracle.DataAccess.Client.OracleDataReader ExecuteReader(Boolean, Boolean, System.Data.CommandBehavior), Línea: 0] - ORA-00918: column ambiguously defined
ORA-06512: at "MRVMM.PKG_MRV_INICIATIVA_MITIGACION", line 4383
ORA-06512: at line 1
25/02/2020 10:05:02 a.m.: [Método: System.Data.Common.DbDataReader ExecuteDbDataReader(System.Data.CommandBehavior), Línea: 0] - ORA-00918: column ambiguously defined
ORA-06512: at "MRVMM.PKG_MRV_INICIATIVA_MITIGACION", line 4383
ORA-06512: at line 1
25/02/2020 10:05:02 a.m.: [Método: System.Data.IDataReader System.Data.IDbCommand.ExecuteReader(System.Data.CommandBehavior), Línea: 0] - ORA-00918: column ambiguously defined
ORA-06512: at "MRVMM.PKG_MRV_INICIATIVA_MITIGACION", line 4383
ORA-06512: at line 1
25/02/2020 10:05:02 a.m.: [Método: System.Data.IDataReader ExecuteReaderWithFlagsFallback(System.Data.IDbCommand, Boolean, System.Data.CommandBehavior), Línea: 0] - ORA-00918: column ambiguously defined
ORA-06512: at "MRVMM.PKG_MRV_INICIATIVA_MITIGACION", line 4383
ORA-06512: at line 1
25/02/2020 10:05:02 a.m.: [Método: Boolean MoveNext(), Línea: 0] - ORA-00918: column ambiguously defined
ORA-06512: at "MRVMM.PKG_MRV_INICIATIVA_MITIGACION", line 4383
ORA-06512: at line 1
25/02/2020 10:05:02 a.m.: [Método: Void .ctor(System.Collections.Generic.IEnumerable`1[T]), Línea: 0] - ORA-00918: column ambiguously defined
ORA-06512: at "MRVMM.PKG_MRV_INICIATIVA_MITIGACION", line 4383
ORA-06512: at line 1
25/02/2020 10:05:02 a.m.: [Método: System.Collections.Generic.List`1[TSource] ToList[TSource](System.Collections.Generic.IEnumerable`1[TSource]), Línea: 0] - ORA-00918: column ambiguously defined
ORA-06512: at "MRVMM.PKG_MRV_INICIATIVA_MITIGACION", line 4383
ORA-06512: at line 1
25/02/2020 10:05:02 a.m.: [Método: System.Collections.Generic.IEnumerable`1[T] Query[T](System.Data.IDbConnection, System.String, System.Object, System.Data.IDbTransaction, Boolean, System.Nullable`1[System.Int32], System.Nullable`1[System.Data.CommandType]), Línea: 0] - ORA-00918: column ambiguously defined
ORA-06512: at "MRVMM.PKG_MRV_INICIATIVA_MITIGACION", line 4383
ORA-06512: at line 1
25/02/2020 10:05:02 a.m.: [Método: System.Collections.Generic.List`1[entidad.minem.gob.pe.IniciativaBE] ListaBusquedaSimplePrivado(entidad.minem.gob.pe.IniciativaBE), Línea: 1350] - ORA-00918: column ambiguously defined
ORA-06512: at "MRVMM.PKG_MRV_INICIATIVA_MITIGACION", line 4383
ORA-06512: at line 1
25/02/2020 10:05:04 a.m.: [Método: Void HandleErrorHelper(Int32, Oracle.DataAccess.Client.OracleConnection, IntPtr, Oracle.DataAccess.Client.OpoSqlValCtx*, System.Object, System.String, Boolean, Int32, Oracle.DataAccess.Client.OracleLogicalTransaction), Línea: 0] - ORA-00918: column ambiguously defined
ORA-06512: at "MRVMM.PKG_MRV_INICIATIVA_MITIGACION", line 4383
ORA-06512: at line 1
25/02/2020 10:05:04 a.m.: [Método: Void HandleError(Int32, Oracle.DataAccess.Client.OracleConnection, System.String, IntPtr, Oracle.DataAccess.Client.OpoSqlValCtx*, System.Object, Boolean, Oracle.DataAccess.Client.OracleLogicalTransaction), Línea: 0] - ORA-00918: column ambiguously defined
ORA-06512: at "MRVMM.PKG_MRV_INICIATIVA_MITIGACION", line 4383
ORA-06512: at line 1
25/02/2020 10:05:04 a.m.: [Método: Oracle.DataAccess.Client.OracleDataReader ExecuteReader(Boolean, Boolean, System.Data.CommandBehavior), Línea: 0] - ORA-00918: column ambiguously defined
ORA-06512: at "MRVMM.PKG_MRV_INICIATIVA_MITIGACION", line 4383
ORA-06512: at line 1
25/02/2020 10:05:04 a.m.: [Método: System.Data.Common.DbDataReader ExecuteDbDataReader(System.Data.CommandBehavior), Línea: 0] - ORA-00918: column ambiguously defined
ORA-06512: at "MRVMM.PKG_MRV_INICIATIVA_MITIGACION", line 4383
ORA-06512: at line 1
25/02/2020 10:05:04 a.m.: [Método: System.Data.IDataReader System.Data.IDbCommand.ExecuteReader(System.Data.CommandBehavior), Línea: 0] - ORA-00918: column ambiguously defined
ORA-06512: at "MRVMM.PKG_MRV_INICIATIVA_MITIGACION", line 4383
ORA-06512: at line 1
25/02/2020 10:05:04 a.m.: [Método: System.Data.IDataReader ExecuteReaderWithFlagsFallback(System.Data.IDbCommand, Boolean, System.Data.CommandBehavior), Línea: 0] - ORA-00918: column ambiguously defined
ORA-06512: at "MRVMM.PKG_MRV_INICIATIVA_MITIGACION", line 4383
ORA-06512: at line 1
25/02/2020 10:05:04 a.m.: [Método: Boolean MoveNext(), Línea: 0] - ORA-00918: column ambiguously defined
ORA-06512: at "MRVMM.PKG_MRV_INICIATIVA_MITIGACION", line 4383
ORA-06512: at line 1
25/02/2020 10:05:04 a.m.: [Método: Void .ctor(System.Collections.Generic.IEnumerable`1[T]), Línea: 0] - ORA-00918: column ambiguously defined
ORA-06512: at "MRVMM.PKG_MRV_INICIATIVA_MITIGACION", line 4383
ORA-06512: at line 1
25/02/2020 10:05:04 a.m.: [Método: System.Collections.Generic.List`1[TSource] ToList[TSource](System.Collections.Generic.IEnumerable`1[TSource]), Línea: 0] - ORA-00918: column ambiguously defined
ORA-06512: at "MRVMM.PKG_MRV_INICIATIVA_MITIGACION", line 4383
ORA-06512: at line 1
25/02/2020 10:05:04 a.m.: [Método: System.Collections.Generic.IEnumerable`1[T] Query[T](System.Data.IDbConnection, System.String, System.Object, System.Data.IDbTransaction, Boolean, System.Nullable`1[System.Int32], System.Nullable`1[System.Data.CommandType]), Línea: 0] - ORA-00918: column ambiguously defined
ORA-06512: at "MRVMM.PKG_MRV_INICIATIVA_MITIGACION", line 4383
ORA-06512: at line 1
25/02/2020 10:05:04 a.m.: [Método: System.Collections.Generic.List`1[entidad.minem.gob.pe.IniciativaBE] ListaBusquedaSimplePrivado(entidad.minem.gob.pe.IniciativaBE), Línea: 1350] - ORA-00918: column ambiguously defined
ORA-06512: at "MRVMM.PKG_MRV_INICIATIVA_MITIGACION", line 4383
ORA-06512: at line 1
25/02/2020 10:05:05 a.m.: [Método: Void HandleErrorHelper(Int32, Oracle.DataAccess.Client.OracleConnection, IntPtr, Oracle.DataAccess.Client.OpoSqlValCtx*, System.Object, System.String, Boolean, Int32, Oracle.DataAccess.Client.OracleLogicalTransaction), Línea: 0] - ORA-00918: column ambiguously defined
ORA-06512: at "MRVMM.PKG_MRV_INICIATIVA_MITIGACION", line 4383
ORA-06512: at line 1
25/02/2020 10:05:05 a.m.: [Método: Void HandleError(Int32, Oracle.DataAccess.Client.OracleConnection, System.String, IntPtr, Oracle.DataAccess.Client.OpoSqlValCtx*, System.Object, Boolean, Oracle.DataAccess.Client.OracleLogicalTransaction), Línea: 0] - ORA-00918: column ambiguously defined
ORA-06512: at "MRVMM.PKG_MRV_INICIATIVA_MITIGACION", line 4383
ORA-06512: at line 1
25/02/2020 10:05:05 a.m.: [Método: Oracle.DataAccess.Client.OracleDataReader ExecuteReader(Boolean, Boolean, System.Data.CommandBehavior), Línea: 0] - ORA-00918: column ambiguously defined
ORA-06512: at "MRVMM.PKG_MRV_INICIATIVA_MITIGACION", line 4383
ORA-06512: at line 1
25/02/2020 10:05:05 a.m.: [Método: System.Data.Common.DbDataReader ExecuteDbDataReader(System.Data.CommandBehavior), Línea: 0] - ORA-00918: column ambiguously defined
ORA-06512: at "MRVMM.PKG_MRV_INICIATIVA_MITIGACION", line 4383
ORA-06512: at line 1
25/02/2020 10:05:05 a.m.: [Método: System.Data.IDataReader System.Data.IDbCommand.ExecuteReader(System.Data.CommandBehavior), Línea: 0] - ORA-00918: column ambiguously defined
ORA-06512: at "MRVMM.PKG_MRV_INICIATIVA_MITIGACION", line 4383
ORA-06512: at line 1
25/02/2020 10:05:05 a.m.: [Método: System.Data.IDataReader ExecuteReaderWithFlagsFallback(System.Data.IDbCommand, Boolean, System.Data.CommandBehavior), Línea: 0] - ORA-00918: column ambiguously defined
ORA-06512: at "MRVMM.PKG_MRV_INICIATIVA_MITIGACION", line 4383
ORA-06512: at line 1
25/02/2020 10:05:05 a.m.: [Método: Boolean MoveNext(), Línea: 0] - ORA-00918: column ambiguously defined
ORA-06512: at "MRVMM.PKG_MRV_INICIATIVA_MITIGACION", line 4383
ORA-06512: at line 1
25/02/2020 10:05:05 a.m.: [Método: Void .ctor(System.Collections.Generic.IEnumerable`1[T]), Línea: 0] - ORA-00918: column ambiguously defined
ORA-06512: at "MRVMM.PKG_MRV_INICIATIVA_MITIGACION", line 4383
ORA-06512: at line 1
25/02/2020 10:05:05 a.m.: [Método: System.Collections.Generic.List`1[TSource] ToList[TSource](System.Collections.Generic.IEnumerable`1[TSource]), Línea: 0] - ORA-00918: column ambiguously defined
ORA-06512: at "MRVMM.PKG_MRV_INICIATIVA_MITIGACION", line 4383
ORA-06512: at line 1
25/02/2020 10:05:05 a.m.: [Método: System.Collections.Generic.IEnumerable`1[T] Query[T](System.Data.IDbConnection, System.String, System.Object, System.Data.IDbTransaction, Boolean, System.Nullable`1[System.Int32], System.Nullable`1[System.Data.CommandType]), Línea: 0] - ORA-00918: column ambiguously defined
ORA-06512: at "MRVMM.PKG_MRV_INICIATIVA_MITIGACION", line 4383
ORA-06512: at line 1
25/02/2020 10:05:05 a.m.: [Método: System.Collections.Generic.List`1[entidad.minem.gob.pe.IniciativaBE] ListaBusquedaSimplePrivado(entidad.minem.gob.pe.IniciativaBE), Línea: 1350] - ORA-00918: column ambiguously defined
ORA-06512: at "MRVMM.PKG_MRV_INICIATIVA_MITIGACION", line 4383
ORA-06512: at line 1
25/02/2020 10:05:06 a.m.: [Método: Void HandleErrorHelper(Int32, Oracle.DataAccess.Client.OracleConnection, IntPtr, Oracle.DataAccess.Client.OpoSqlValCtx*, System.Object, System.String, Boolean, Int32, Oracle.DataAccess.Client.OracleLogicalTransaction), Línea: 0] - ORA-00918: column ambiguously defined
ORA-06512: at "MRVMM.PKG_MRV_INICIATIVA_MITIGACION", line 4383
ORA-06512: at line 1
25/02/2020 10:05:06 a.m.: [Método: Void HandleError(Int32, Oracle.DataAccess.Client.OracleConnection, System.String, IntPtr, Oracle.DataAccess.Client.OpoSqlValCtx*, System.Object, Boolean, Oracle.DataAccess.Client.OracleLogicalTransaction), Línea: 0] - ORA-00918: column ambiguously defined
ORA-06512: at "MRVMM.PKG_MRV_INICIATIVA_MITIGACION", line 4383
ORA-06512: at line 1
25/02/2020 10:05:06 a.m.: [Método: Oracle.DataAccess.Client.OracleDataReader ExecuteReader(Boolean, Boolean, System.Data.CommandBehavior), Línea: 0] - ORA-00918: column ambiguously defined
ORA-06512: at "MRVMM.PKG_MRV_INICIATIVA_MITIGACION", line 4383
ORA-06512: at line 1
25/02/2020 10:05:06 a.m.: [Método: System.Data.Common.DbDataReader ExecuteDbDataReader(System.Data.CommandBehavior), Línea: 0] - ORA-00918: column ambiguously defined
ORA-06512: at "MRVMM.PKG_MRV_INICIATIVA_MITIGACION", line 4383
ORA-06512: at line 1
25/02/2020 10:05:06 a.m.: [Método: System.Data.IDataReader System.Data.IDbCommand.ExecuteReader(System.Data.CommandBehavior), Línea: 0] - ORA-00918: column ambiguously defined
ORA-06512: at "MRVMM.PKG_MRV_INICIATIVA_MITIGACION", line 4383
ORA-06512: at line 1
25/02/2020 10:05:06 a.m.: [Método: System.Data.IDataReader ExecuteReaderWithFlagsFallback(System.Data.IDbCommand, Boolean, System.Data.CommandBehavior), Línea: 0] - ORA-00918: column ambiguously defined
ORA-06512: at "MRVMM.PKG_MRV_INICIATIVA_MITIGACION", line 4383
ORA-06512: at line 1
25/02/2020 10:05:06 a.m.: [Método: Boolean MoveNext(), Línea: 0] - ORA-00918: column ambiguously defined
ORA-06512: at "MRVMM.PKG_MRV_INICIATIVA_MITIGACION", line 4383
ORA-06512: at line 1
25/02/2020 10:05:06 a.m.: [Método: Void .ctor(System.Collections.Generic.IEnumerable`1[T]), Línea: 0] - ORA-00918: column ambiguously defined
ORA-06512: at "MRVMM.PKG_MRV_INICIATIVA_MITIGACION", line 4383
ORA-06512: at line 1
25/02/2020 10:05:06 a.m.: [Método: System.Collections.Generic.List`1[TSource] ToList[TSource](System.Collections.Generic.IEnumerable`1[TSource]), Línea: 0] - ORA-00918: column ambiguously defined
ORA-06512: at "MRVMM.PKG_MRV_INICIATIVA_MITIGACION", line 4383
ORA-06512: at line 1
25/02/2020 10:05:06 a.m.: [Método: System.Collections.Generic.IEnumerable`1[T] Query[T](System.Data.IDbConnection, System.String, System.Object, System.Data.IDbTransaction, Boolean, System.Nullable`1[System.Int32], System.Nullable`1[System.Data.CommandType]), Línea: 0] - ORA-00918: column ambiguously defined
ORA-06512: at "MRVMM.PKG_MRV_INICIATIVA_MITIGACION", line 4383
ORA-06512: at line 1
25/02/2020 10:05:06 a.m.: [Método: System.Collections.Generic.List`1[entidad.minem.gob.pe.IniciativaBE] ListaBusquedaSimplePrivado(entidad.minem.gob.pe.IniciativaBE), Línea: 1350] - ORA-00918: column ambiguously defined
ORA-06512: at "MRVMM.PKG_MRV_INICIATIVA_MITIGACION", line 4383
ORA-06512: at line 1
25/02/2020 10:05:09 a.m.: [Método: Void HandleErrorHelper(Int32, Oracle.DataAccess.Client.OracleConnection, IntPtr, Oracle.DataAccess.Client.OpoSqlValCtx*, System.Object, System.String, Boolean, Int32, Oracle.DataAccess.Client.OracleLogicalTransaction), Línea: 0] - ORA-00918: column ambiguously defined
ORA-06512: at "MRVMM.PKG_MRV_INICIATIVA_MITIGACION", line 4383
ORA-06512: at line 1
25/02/2020 10:05:09 a.m.: [Método: Void HandleError(Int32, Oracle.DataAccess.Client.OracleConnection, System.String, IntPtr, Oracle.DataAccess.Client.OpoSqlValCtx*, System.Object, Boolean, Oracle.DataAccess.Client.OracleLogicalTransaction), Línea: 0] - ORA-00918: column ambiguously defined
ORA-06512: at "MRVMM.PKG_MRV_INICIATIVA_MITIGACION", line 4383
ORA-06512: at line 1
25/02/2020 10:05:09 a.m.: [Método: Oracle.DataAccess.Client.OracleDataReader ExecuteReader(Boolean, Boolean, System.Data.CommandBehavior), Línea: 0] - ORA-00918: column ambiguously defined
ORA-06512: at "MRVMM.PKG_MRV_INICIATIVA_MITIGACION", line 4383
ORA-06512: at line 1
25/02/2020 10:05:09 a.m.: [Método: System.Data.Common.DbDataReader ExecuteDbDataReader(System.Data.CommandBehavior), Línea: 0] - ORA-00918: column ambiguously defined
ORA-06512: at "MRVMM.PKG_MRV_INICIATIVA_MITIGACION", line 4383
ORA-06512: at line 1
25/02/2020 10:05:09 a.m.: [Método: System.Data.IDataReader System.Data.IDbCommand.ExecuteReader(System.Data.CommandBehavior), Línea: 0] - ORA-00918: column ambiguously defined
ORA-06512: at "MRVMM.PKG_MRV_INICIATIVA_MITIGACION", line 4383
ORA-06512: at line 1
25/02/2020 10:05:09 a.m.: [Método: System.Data.IDataReader ExecuteReaderWithFlagsFallback(System.Data.IDbCommand, Boolean, System.Data.CommandBehavior), Línea: 0] - ORA-00918: column ambiguously defined
ORA-06512: at "MRVMM.PKG_MRV_INICIATIVA_MITIGACION", line 4383
ORA-06512: at line 1
25/02/2020 10:05:09 a.m.: [Método: Boolean MoveNext(), Línea: 0] - ORA-00918: column ambiguously defined
ORA-06512: at "MRVMM.PKG_MRV_INICIATIVA_MITIGACION", line 4383
ORA-06512: at line 1
25/02/2020 10:05:09 a.m.: [Método: Void .ctor(System.Collections.Generic.IEnumerable`1[T]), Línea: 0] - ORA-00918: column ambiguously defined
ORA-06512: at "MRVMM.PKG_MRV_INICIATIVA_MITIGACION", line 4383
ORA-06512: at line 1
25/02/2020 10:05:09 a.m.: [Método: System.Collections.Generic.List`1[TSource] ToList[TSource](System.Collections.Generic.IEnumerable`1[TSource]), Línea: 0] - ORA-00918: column ambiguously defined
ORA-06512: at "MRVMM.PKG_MRV_INICIATIVA_MITIGACION", line 4383
ORA-06512: at line 1
25/02/2020 10:05:09 a.m.: [Método: System.Collections.Generic.IEnumerable`1[T] Query[T](System.Data.IDbConnection, System.String, System.Object, System.Data.IDbTransaction, Boolean, System.Nullable`1[System.Int32], System.Nullable`1[System.Data.CommandType]), Línea: 0] - ORA-00918: column ambiguously defined
ORA-06512: at "MRVMM.PKG_MRV_INICIATIVA_MITIGACION", line 4383
ORA-06512: at line 1
25/02/2020 10:05:09 a.m.: [Método: System.Collections.Generic.List`1[entidad.minem.gob.pe.IniciativaBE] ListaBusquedaSimplePrivado(entidad.minem.gob.pe.IniciativaBE), Línea: 1350] - ORA-00918: column ambiguously defined
ORA-06512: at "MRVMM.PKG_MRV_INICIATIVA_MITIGACION", line 4383
ORA-06512: at line 1
25/02/2020 10:05:12 a.m.: [Método: Void HandleErrorHelper(Int32, Oracle.DataAccess.Client.OracleConnection, IntPtr, Oracle.DataAccess.Client.OpoSqlValCtx*, System.Object, System.String, Boolean, Int32, Oracle.DataAccess.Client.OracleLogicalTransaction), Línea: 0] - ORA-00918: column ambiguously defined
ORA-06512: at "MRVMM.PKG_MRV_INICIATIVA_MITIGACION", line 4383
ORA-06512: at line 1
25/02/2020 10:05:12 a.m.: [Método: Void HandleError(Int32, Oracle.DataAccess.Client.OracleConnection, System.String, IntPtr, Oracle.DataAccess.Client.OpoSqlValCtx*, System.Object, Boolean, Oracle.DataAccess.Client.OracleLogicalTransaction), Línea: 0] - ORA-00918: column ambiguously defined
ORA-06512: at "MRVMM.PKG_MRV_INICIATIVA_MITIGACION", line 4383
ORA-06512: at line 1
25/02/2020 10:05:12 a.m.: [Método: Oracle.DataAccess.Client.OracleDataReader ExecuteReader(Boolean, Boolean, System.Data.CommandBehavior), Línea: 0] - ORA-00918: column ambiguously defined
ORA-06512: at "MRVMM.PKG_MRV_INICIATIVA_MITIGACION", line 4383
ORA-06512: at line 1
25/02/2020 10:05:12 a.m.: [Método: System.Data.Common.DbDataReader ExecuteDbDataReader(System.Data.CommandBehavior), Línea: 0] - ORA-00918: column ambiguously defined
ORA-06512: at "MRVMM.PKG_MRV_INICIATIVA_MITIGACION", line 4383
ORA-06512: at line 1
25/02/2020 10:05:12 a.m.: [Método: System.Data.IDataReader System.Data.IDbCommand.ExecuteReader(System.Data.CommandBehavior), Línea: 0] - ORA-00918: column ambiguously defined
ORA-06512: at "MRVMM.PKG_MRV_INICIATIVA_MITIGACION", line 4383
ORA-06512: at line 1
25/02/2020 10:05:12 a.m.: [Método: System.Data.IDataReader ExecuteReaderWithFlagsFallback(System.Data.IDbCommand, Boolean, System.Data.CommandBehavior), Línea: 0] - ORA-00918: column ambiguously defined
ORA-06512: at "MRVMM.PKG_MRV_INICIATIVA_MITIGACION", line 4383
ORA-06512: at line 1
25/02/2020 10:05:12 a.m.: [Método: Boolean MoveNext(), Línea: 0] - ORA-00918: column ambiguously defined
ORA-06512: at "MRVMM.PKG_MRV_INICIATIVA_MITIGACION", line 4383
ORA-06512: at line 1
25/02/2020 10:05:12 a.m.: [Método: Void .ctor(System.Collections.Generic.IEnumerable`1[T]), Línea: 0] - ORA-00918: column ambiguously defined
ORA-06512: at "MRVMM.PKG_MRV_INICIATIVA_MITIGACION", line 4383
ORA-06512: at line 1
25/02/2020 10:05:12 a.m.: [Método: System.Collections.Generic.List`1[TSource] ToList[TSource](System.Collections.Generic.IEnumerable`1[TSource]), Línea: 0] - ORA-00918: column ambiguously defined
ORA-06512: at "MRVMM.PKG_MRV_INICIATIVA_MITIGACION", line 4383
ORA-06512: at line 1
25/02/2020 10:05:12 a.m.: [Método: System.Collections.Generic.IEnumerable`1[T] Query[T](System.Data.IDbConnection, System.String, System.Object, System.Data.IDbTransaction, Boolean, System.Nullable`1[System.Int32], System.Nullable`1[System.Data.CommandType]), Línea: 0] - ORA-00918: column ambiguously defined
ORA-06512: at "MRVMM.PKG_MRV_INICIATIVA_MITIGACION", line 4383
ORA-06512: at line 1
25/02/2020 10:05:12 a.m.: [Método: System.Collections.Generic.List`1[entidad.minem.gob.pe.IniciativaBE] ListaBusquedaSimplePrivado(entidad.minem.gob.pe.IniciativaBE), Línea: 1350] - ORA-00918: column ambiguously defined
ORA-06512: at "MRVMM.PKG_MRV_INICIATIVA_MITIGACION", line 4383
ORA-06512: at line 1
25/02/2020 10:05:21 a.m.: [Método: Void HandleErrorHelper(Int32, Oracle.DataAccess.Client.OracleConnection, IntPtr, Oracle.DataAccess.Client.OpoSqlValCtx*, System.Object, System.String, Boolean, Int32, Oracle.DataAccess.Client.OracleLogicalTransaction), Línea: 0] - ORA-00918: column ambiguously defined
ORA-06512: at "MRVMM.PKG_MRV_INICIATIVA_MITIGACION", line 4383
ORA-06512: at line 1
25/02/2020 10:05:21 a.m.: [Método: Void HandleError(Int32, Oracle.DataAccess.Client.OracleConnection, System.String, IntPtr, Oracle.DataAccess.Client.OpoSqlValCtx*, System.Object, Boolean, Oracle.DataAccess.Client.OracleLogicalTransaction), Línea: 0] - ORA-00918: column ambiguously defined
ORA-06512: at "MRVMM.PKG_MRV_INICIATIVA_MITIGACION", line 4383
ORA-06512: at line 1
25/02/2020 10:05:21 a.m.: [Método: Oracle.DataAccess.Client.OracleDataReader ExecuteReader(Boolean, Boolean, System.Data.CommandBehavior), Línea: 0] - ORA-00918: column ambiguously defined
ORA-06512: at "MRVMM.PKG_MRV_INICIATIVA_MITIGACION", line 4383
ORA-06512: at line 1
25/02/2020 10:05:21 a.m.: [Método: System.Data.Common.DbDataReader ExecuteDbDataReader(System.Data.CommandBehavior), Línea: 0] - ORA-00918: column ambiguously defined
ORA-06512: at "MRVMM.PKG_MRV_INICIATIVA_MITIGACION", line 4383
ORA-06512: at line 1
25/02/2020 10:05:21 a.m.: [Método: System.Data.IDataReader System.Data.IDbCommand.ExecuteReader(System.Data.CommandBehavior), Línea: 0] - ORA-00918: column ambiguously defined
ORA-06512: at "MRVMM.PKG_MRV_INICIATIVA_MITIGACION", line 4383
ORA-06512: at line 1
25/02/2020 10:05:21 a.m.: [Método: System.Data.IDataReader ExecuteReaderWithFlagsFallback(System.Data.IDbCommand, Boolean, System.Data.CommandBehavior), Línea: 0] - ORA-00918: column ambiguously defined
ORA-06512: at "MRVMM.PKG_MRV_INICIATIVA_MITIGACION", line 4383
ORA-06512: at line 1
25/02/2020 10:05:21 a.m.: [Método: Boolean MoveNext(), Línea: 0] - ORA-00918: column ambiguously defined
ORA-06512: at "MRVMM.PKG_MRV_INICIATIVA_MITIGACION", line 4383
ORA-06512: at line 1
25/02/2020 10:05:21 a.m.: [Método: Void .ctor(System.Collections.Generic.IEnumerable`1[T]), Línea: 0] - ORA-00918: column ambiguously defined
ORA-06512: at "MRVMM.PKG_MRV_INICIATIVA_MITIGACION", line 4383
ORA-06512: at line 1
25/02/2020 10:05:21 a.m.: [Método: System.Collections.Generic.List`1[TSource] ToList[TSource](System.Collections.Generic.IEnumerable`1[TSource]), Línea: 0] - ORA-00918: column ambiguously defined
ORA-06512: at "MRVMM.PKG_MRV_INICIATIVA_MITIGACION", line 4383
ORA-06512: at line 1
25/02/2020 10:05:21 a.m.: [Método: System.Collections.Generic.IEnumerable`1[T] Query[T](System.Data.IDbConnection, System.String, System.Object, System.Data.IDbTransaction, Boolean, System.Nullable`1[System.Int32], System.Nullable`1[System.Data.CommandType]), Línea: 0] - ORA-00918: column ambiguously defined
ORA-06512: at "MRVMM.PKG_MRV_INICIATIVA_MITIGACION", line 4383
ORA-06512: at line 1
25/02/2020 10:05:21 a.m.: [Método: System.Collections.Generic.List`1[entidad.minem.gob.pe.IniciativaBE] ListaBusquedaSimplePrivado(entidad.minem.gob.pe.IniciativaBE), Línea: 1350] - ORA-00918: column ambiguously defined
ORA-06512: at "MRVMM.PKG_MRV_INICIATIVA_MITIGACION", line 4383
ORA-06512: at line 1
25/02/2020 10:05:32 a.m.: [Método: Void HandleErrorHelper(Int32, Oracle.DataAccess.Client.OracleConnection, IntPtr, Oracle.DataAccess.Client.OpoSqlValCtx*, System.Object, System.String, Boolean, Int32, Oracle.DataAccess.Client.OracleLogicalTransaction), Línea: 0] - ORA-00918: column ambiguously defined
ORA-06512: at "MRVMM.PKG_MRV_INICIATIVA_MITIGACION", line 4383
ORA-06512: at line 1
25/02/2020 10:05:32 a.m.: [Método: Void HandleError(Int32, Oracle.DataAccess.Client.OracleConnection, System.String, IntPtr, Oracle.DataAccess.Client.OpoSqlValCtx*, System.Object, Boolean, Oracle.DataAccess.Client.OracleLogicalTransaction), Línea: 0] - ORA-00918: column ambiguously defined
ORA-06512: at "MRVMM.PKG_MRV_INICIATIVA_MITIGACION", line 4383
ORA-06512: at line 1
25/02/2020 10:05:32 a.m.: [Método: Oracle.DataAccess.Client.OracleDataReader ExecuteReader(Boolean, Boolean, System.Data.CommandBehavior), Línea: 0] - ORA-00918: column ambiguously defined
ORA-06512: at "MRVMM.PKG_MRV_INICIATIVA_MITIGACION", line 4383
ORA-06512: at line 1
25/02/2020 10:05:32 a.m.: [Método: System.Data.Common.DbDataReader ExecuteDbDataReader(System.Data.CommandBehavior), Línea: 0] - ORA-00918: column ambiguously defined
ORA-06512: at "MRVMM.PKG_MRV_INICIATIVA_MITIGACION", line 4383
ORA-06512: at line 1
25/02/2020 10:05:32 a.m.: [Método: System.Data.IDataReader System.Data.IDbCommand.ExecuteReader(System.Data.CommandBehavior), Línea: 0] - ORA-00918: column ambiguously defined
ORA-06512: at "MRVMM.PKG_MRV_INICIATIVA_MITIGACION", line 4383
ORA-06512: at line 1
25/02/2020 10:05:32 a.m.: [Método: System.Data.IDataReader ExecuteReaderWithFlagsFallback(System.Data.IDbCommand, Boolean, System.Data.CommandBehavior), Línea: 0] - ORA-00918: column ambiguously defined
ORA-06512: at "MRVMM.PKG_MRV_INICIATIVA_MITIGACION", line 4383
ORA-06512: at line 1
25/02/2020 10:05:32 a.m.: [Método: Boolean MoveNext(), Línea: 0] - ORA-00918: column ambiguously defined
ORA-06512: at "MRVMM.PKG_MRV_INICIATIVA_MITIGACION", line 4383
ORA-06512: at line 1
25/02/2020 10:05:32 a.m.: [Método: Void .ctor(System.Collections.Generic.IEnumerable`1[T]), Línea: 0] - ORA-00918: column ambiguously defined
ORA-06512: at "MRVMM.PKG_MRV_INICIATIVA_MITIGACION", line 4383
ORA-06512: at line 1
25/02/2020 10:05:32 a.m.: [Método: System.Collections.Generic.List`1[TSource] ToList[TSource](System.Collections.Generic.IEnumerable`1[TSource]), Línea: 0] - ORA-00918: column ambiguously defined
ORA-06512: at "MRVMM.PKG_MRV_INICIATIVA_MITIGACION", line 4383
ORA-06512: at line 1
25/02/2020 10:05:32 a.m.: [Método: System.Collections.Generic.IEnumerable`1[T] Query[T](System.Data.IDbConnection, System.String, System.Object, System.Data.IDbTransaction, Boolean, System.Nullable`1[System.Int32], System.Nullable`1[System.Data.CommandType]), Línea: 0] - ORA-00918: column ambiguously defined
ORA-06512: at "MRVMM.PKG_MRV_INICIATIVA_MITIGACION", line 4383
ORA-06512: at line 1
25/02/2020 10:05:32 a.m.: [Método: System.Collections.Generic.List`1[entidad.minem.gob.pe.IniciativaBE] ListaBusquedaSimplePrivado(entidad.minem.gob.pe.IniciativaBE), Línea: 1350] - ORA-00918: column ambiguously defined
ORA-06512: at "MRVMM.PKG_MRV_INICIATIVA_MITIGACION", line 4383
ORA-06512: at line 1
25/02/2020 10:05:33 a.m.: [Método: Void HandleErrorHelper(Int32, Oracle.DataAccess.Client.OracleConnection, IntPtr, Oracle.DataAccess.Client.OpoSqlValCtx*, System.Object, System.String, Boolean, Int32, Oracle.DataAccess.Client.OracleLogicalTransaction), Línea: 0] - ORA-00918: column ambiguously defined
ORA-06512: at "MRVMM.PKG_MRV_INICIATIVA_MITIGACION", line 4383
ORA-06512: at line 1
25/02/2020 10:05:33 a.m.: [Método: Void HandleError(Int32, Oracle.DataAccess.Client.OracleConnection, System.String, IntPtr, Oracle.DataAccess.Client.OpoSqlValCtx*, System.Object, Boolean, Oracle.DataAccess.Client.OracleLogicalTransaction), Línea: 0] - ORA-00918: column ambiguously defined
ORA-06512: at "MRVMM.PKG_MRV_INICIATIVA_MITIGACION", line 4383
ORA-06512: at line 1
25/02/2020 10:05:33 a.m.: [Método: Oracle.DataAccess.Client.OracleDataReader ExecuteReader(Boolean, Boolean, System.Data.CommandBehavior), Línea: 0] - ORA-00918: column ambiguously defined
ORA-06512: at "MRVMM.PKG_MRV_INICIATIVA_MITIGACION", line 4383
ORA-06512: at line 1
25/02/2020 10:05:33 a.m.: [Método: System.Data.Common.DbDataReader ExecuteDbDataReader(System.Data.CommandBehavior), Línea: 0] - ORA-00918: column ambiguously defined
ORA-06512: at "MRVMM.PKG_MRV_INICIATIVA_MITIGACION", line 4383
ORA-06512: at line 1
25/02/2020 10:05:33 a.m.: [Método: System.Data.IDataReader System.Data.IDbCommand.ExecuteReader(System.Data.CommandBehavior), Línea: 0] - ORA-00918: column ambiguously defined
ORA-06512: at "MRVMM.PKG_MRV_INICIATIVA_MITIGACION", line 4383
ORA-06512: at line 1
25/02/2020 10:05:33 a.m.: [Método: System.Data.IDataReader ExecuteReaderWithFlagsFallback(System.Data.IDbCommand, Boolean, System.Data.CommandBehavior), Línea: 0] - ORA-00918: column ambiguously defined
ORA-06512: at "MRVMM.PKG_MRV_INICIATIVA_MITIGACION", line 4383
ORA-06512: at line 1
25/02/2020 10:05:33 a.m.: [Método: Boolean MoveNext(), Línea: 0] - ORA-00918: column ambiguously defined
ORA-06512: at "MRVMM.PKG_MRV_INICIATIVA_MITIGACION", line 4383
ORA-06512: at line 1
25/02/2020 10:05:33 a.m.: [Método: Void .ctor(System.Collections.Generic.IEnumerable`1[T]), Línea: 0] - ORA-00918: column ambiguously defined
ORA-06512: at "MRVMM.PKG_MRV_INICIATIVA_MITIGACION", line 4383
ORA-06512: at line 1
25/02/2020 10:05:33 a.m.: [Método: System.Collections.Generic.List`1[TSource] ToList[TSource](System.Collections.Generic.IEnumerable`1[TSource]), Línea: 0] - ORA-00918: column ambiguously defined
ORA-06512: at "MRVMM.PKG_MRV_INICIATIVA_MITIGACION", line 4383
ORA-06512: at line 1
25/02/2020 10:05:33 a.m.: [Método: System.Collections.Generic.IEnumerable`1[T] Query[T](System.Data.IDbConnection, System.String, System.Object, System.Data.IDbTransaction, Boolean, System.Nullable`1[System.Int32], System.Nullable`1[System.Data.CommandType]), Línea: 0] - ORA-00918: column ambiguously defined
ORA-06512: at "MRVMM.PKG_MRV_INICIATIVA_MITIGACION", line 4383
ORA-06512: at line 1
25/02/2020 10:05:33 a.m.: [Método: System.Collections.Generic.List`1[entidad.minem.gob.pe.IniciativaBE] ListaBusquedaSimplePrivado(entidad.minem.gob.pe.IniciativaBE), Línea: 1350] - ORA-00918: column ambiguously defined
ORA-06512: at "MRVMM.PKG_MRV_INICIATIVA_MITIGACION", line 4383
ORA-06512: at line 1
25/02/2020 10:05:34 a.m.: [Método: Void HandleErrorHelper(Int32, Oracle.DataAccess.Client.OracleConnection, IntPtr, Oracle.DataAccess.Client.OpoSqlValCtx*, System.Object, System.String, Boolean, Int32, Oracle.DataAccess.Client.OracleLogicalTransaction), Línea: 0] - ORA-00918: column ambiguously defined
ORA-06512: at "MRVMM.PKG_MRV_INICIATIVA_MITIGACION", line 4383
ORA-06512: at line 1
25/02/2020 10:05:34 a.m.: [Método: Void HandleError(Int32, Oracle.DataAccess.Client.OracleConnection, System.String, IntPtr, Oracle.DataAccess.Client.OpoSqlValCtx*, System.Object, Boolean, Oracle.DataAccess.Client.OracleLogicalTransaction), Línea: 0] - ORA-00918: column ambiguously defined
ORA-06512: at "MRVMM.PKG_MRV_INICIATIVA_MITIGACION", line 4383
ORA-06512: at line 1
25/02/2020 10:05:34 a.m.: [Método: Oracle.DataAccess.Client.OracleDataReader ExecuteReader(Boolean, Boolean, System.Data.CommandBehavior), Línea: 0] - ORA-00918: column ambiguously defined
ORA-06512: at "MRVMM.PKG_MRV_INICIATIVA_MITIGACION", line 4383
ORA-06512: at line 1
25/02/2020 10:05:34 a.m.: [Método: System.Data.Common.DbDataReader ExecuteDbDataReader(System.Data.CommandBehavior), Línea: 0] - ORA-00918: column ambiguously defined
ORA-06512: at "MRVMM.PKG_MRV_INICIATIVA_MITIGACION", line 4383
ORA-06512: at line 1
25/02/2020 10:05:34 a.m.: [Método: System.Data.IDataReader System.Data.IDbCommand.ExecuteReader(System.Data.CommandBehavior), Línea: 0] - ORA-00918: column ambiguously defined
ORA-06512: at "MRVMM.PKG_MRV_INICIATIVA_MITIGACION", line 4383
ORA-06512: at line 1
25/02/2020 10:05:34 a.m.: [Método: System.Data.IDataReader ExecuteReaderWithFlagsFallback(System.Data.IDbCommand, Boolean, System.Data.CommandBehavior), Línea: 0] - ORA-00918: column ambiguously defined
ORA-06512: at "MRVMM.PKG_MRV_INICIATIVA_MITIGACION", line 4383
ORA-06512: at line 1
25/02/2020 10:05:34 a.m.: [Método: Boolean MoveNext(), Línea: 0] - ORA-00918: column ambiguously defined
ORA-06512: at "MRVMM.PKG_MRV_INICIATIVA_MITIGACION", line 4383
ORA-06512: at line 1
25/02/2020 10:05:34 a.m.: [Método: Void .ctor(System.Collections.Generic.IEnumerable`1[T]), Línea: 0] - ORA-00918: column ambiguously defined
ORA-06512: at "MRVMM.PKG_MRV_INICIATIVA_MITIGACION", line 4383
ORA-06512: at line 1
25/02/2020 10:05:34 a.m.: [Método: System.Collections.Generic.List`1[TSource] ToList[TSource](System.Collections.Generic.IEnumerable`1[TSource]), Línea: 0] - ORA-00918: column ambiguously defined
ORA-06512: at "MRVMM.PKG_MRV_INICIATIVA_MITIGACION", line 4383
ORA-06512: at line 1
25/02/2020 10:05:34 a.m.: [Método: System.Collections.Generic.IEnumerable`1[T] Query[T](System.Data.IDbConnection, System.String, System.Object, System.Data.IDbTransaction, Boolean, System.Nullable`1[System.Int32], System.Nullable`1[System.Data.CommandType]), Línea: 0] - ORA-00918: column ambiguously defined
ORA-06512: at "MRVMM.PKG_MRV_INICIATIVA_MITIGACION", line 4383
ORA-06512: at line 1
25/02/2020 10:05:34 a.m.: [Método: System.Collections.Generic.List`1[entidad.minem.gob.pe.IniciativaBE] ListaBusquedaSimplePrivado(entidad.minem.gob.pe.IniciativaBE), Línea: 1350] - ORA-00918: column ambiguously defined
ORA-06512: at "MRVMM.PKG_MRV_INICIATIVA_MITIGACION", line 4383
ORA-06512: at line 1
25/02/2020 10:05:35 a.m.: [Método: Void HandleErrorHelper(Int32, Oracle.DataAccess.Client.OracleConnection, IntPtr, Oracle.DataAccess.Client.OpoSqlValCtx*, System.Object, System.String, Boolean, Int32, Oracle.DataAccess.Client.OracleLogicalTransaction), Línea: 0] - ORA-00918: column ambiguously defined
ORA-06512: at "MRVMM.PKG_MRV_INICIATIVA_MITIGACION", line 4383
ORA-06512: at line 1
25/02/2020 10:05:35 a.m.: [Método: Void HandleError(Int32, Oracle.DataAccess.Client.OracleConnection, System.String, IntPtr, Oracle.DataAccess.Client.OpoSqlValCtx*, System.Object, Boolean, Oracle.DataAccess.Client.OracleLogicalTransaction), Línea: 0] - ORA-00918: column ambiguously defined
ORA-06512: at "MRVMM.PKG_MRV_INICIATIVA_MITIGACION", line 4383
ORA-06512: at line 1
25/02/2020 10:05:35 a.m.: [Método: Oracle.DataAccess.Client.OracleDataReader ExecuteReader(Boolean, Boolean, System.Data.CommandBehavior), Línea: 0] - ORA-00918: column ambiguously defined
ORA-06512: at "MRVMM.PKG_MRV_INICIATIVA_MITIGACION", line 4383
ORA-06512: at line 1
25/02/2020 10:05:35 a.m.: [Método: System.Data.Common.DbDataReader ExecuteDbDataReader(System.Data.CommandBehavior), Línea: 0] - ORA-00918: column ambiguously defined
ORA-06512: at "MRVMM.PKG_MRV_INICIATIVA_MITIGACION", line 4383
ORA-06512: at line 1
25/02/2020 10:05:35 a.m.: [Método: System.Data.IDataReader System.Data.IDbCommand.ExecuteReader(System.Data.CommandBehavior), Línea: 0] - ORA-00918: column ambiguously defined
ORA-06512: at "MRVMM.PKG_MRV_INICIATIVA_MITIGACION", line 4383
ORA-06512: at line 1
25/02/2020 10:05:35 a.m.: [Método: System.Data.IDataReader ExecuteReaderWithFlagsFallback(System.Data.IDbCommand, Boolean, System.Data.CommandBehavior), Línea: 0] - ORA-00918: column ambiguously defined
ORA-06512: at "MRVMM.PKG_MRV_INICIATIVA_MITIGACION", line 4383
ORA-06512: at line 1
25/02/2020 10:05:35 a.m.: [Método: Boolean MoveNext(), Línea: 0] - ORA-00918: column ambiguously defined
ORA-06512: at "MRVMM.PKG_MRV_INICIATIVA_MITIGACION", line 4383
ORA-06512: at line 1
25/02/2020 10:05:35 a.m.: [Método: Void .ctor(System.Collections.Generic.IEnumerable`1[T]), Línea: 0] - ORA-00918: column ambiguously defined
ORA-06512: at "MRVMM.PKG_MRV_INICIATIVA_MITIGACION", line 4383
ORA-06512: at line 1
25/02/2020 10:05:35 a.m.: [Método: System.Collections.Generic.List`1[TSource] ToList[TSource](System.Collections.Generic.IEnumerable`1[TSource]), Línea: 0] - ORA-00918: column ambiguously defined
ORA-06512: at "MRVMM.PKG_MRV_INICIATIVA_MITIGACION", line 4383
ORA-06512: at line 1
25/02/2020 10:05:35 a.m.: [Método: System.Collections.Generic.IEnumerable`1[T] Query[T](System.Data.IDbConnection, System.String, System.Object, System.Data.IDbTransaction, Boolean, System.Nullable`1[System.Int32], System.Nullable`1[System.Data.CommandType]), Línea: 0] - ORA-00918: column ambiguously defined
ORA-06512: at "MRVMM.PKG_MRV_INICIATIVA_MITIGACION", line 4383
ORA-06512: at line 1
25/02/2020 10:05:35 a.m.: [Método: System.Collections.Generic.List`1[entidad.minem.gob.pe.IniciativaBE] ListaBusquedaSimplePrivado(entidad.minem.gob.pe.IniciativaBE), Línea: 1350] - ORA-00918: column ambiguously defined
ORA-06512: at "MRVMM.PKG_MRV_INICIATIVA_MITIGACION", line 4383
ORA-06512: at line 1
25/02/2020 10:06:03 a.m.: [Método: Void HandleErrorHelper(Int32, Oracle.DataAccess.Client.OracleConnection, IntPtr, Oracle.DataAccess.Client.OpoSqlValCtx*, System.Object, System.String, Boolean, Int32, Oracle.DataAccess.Client.OracleLogicalTransaction), Línea: 0] - ORA-00918: column ambiguously defined
ORA-06512: at "MRVMM.PKG_MRV_INICIATIVA_MITIGACION", line 4383
ORA-06512: at line 1
25/02/2020 10:06:03 a.m.: [Método: Void HandleError(Int32, Oracle.DataAccess.Client.OracleConnection, System.String, IntPtr, Oracle.DataAccess.Client.OpoSqlValCtx*, System.Object, Boolean, Oracle.DataAccess.Client.OracleLogicalTransaction), Línea: 0] - ORA-00918: column ambiguously defined
ORA-06512: at "MRVMM.PKG_MRV_INICIATIVA_MITIGACION", line 4383
ORA-06512: at line 1
25/02/2020 10:06:03 a.m.: [Método: Oracle.DataAccess.Client.OracleDataReader ExecuteReader(Boolean, Boolean, System.Data.CommandBehavior), Línea: 0] - ORA-00918: column ambiguously defined
ORA-06512: at "MRVMM.PKG_MRV_INICIATIVA_MITIGACION", line 4383
ORA-06512: at line 1
25/02/2020 10:06:03 a.m.: [Método: System.Data.Common.DbDataReader ExecuteDbDataReader(System.Data.CommandBehavior), Línea: 0] - ORA-00918: column ambiguously defined
ORA-06512: at "MRVMM.PKG_MRV_INICIATIVA_MITIGACION", line 4383
ORA-06512: at line 1
25/02/2020 10:06:03 a.m.: [Método: System.Data.IDataReader System.Data.IDbCommand.ExecuteReader(System.Data.CommandBehavior), Línea: 0] - ORA-00918: column ambiguously defined
ORA-06512: at "MRVMM.PKG_MRV_INICIATIVA_MITIGACION", line 4383
ORA-06512: at line 1
25/02/2020 10:06:03 a.m.: [Método: System.Data.IDataReader ExecuteReaderWithFlagsFallback(System.Data.IDbCommand, Boolean, System.Data.CommandBehavior), Línea: 0] - ORA-00918: column ambiguously defined
ORA-06512: at "MRVMM.PKG_MRV_INICIATIVA_MITIGACION", line 4383
ORA-06512: at line 1
25/02/2020 10:06:03 a.m.: [Método: Boolean MoveNext(), Línea: 0] - ORA-00918: column ambiguously defined
ORA-06512: at "MRVMM.PKG_MRV_INICIATIVA_MITIGACION", line 4383
ORA-06512: at line 1
25/02/2020 10:06:03 a.m.: [Método: Void .ctor(System.Collections.Generic.IEnumerable`1[T]), Línea: 0] - ORA-00918: column ambiguously defined
ORA-06512: at "MRVMM.PKG_MRV_INICIATIVA_MITIGACION", line 4383
ORA-06512: at line 1
25/02/2020 10:06:03 a.m.: [Método: System.Collections.Generic.List`1[TSource] ToList[TSource](System.Collections.Generic.IEnumerable`1[TSource]), Línea: 0] - ORA-00918: column ambiguously defined
ORA-06512: at "MRVMM.PKG_MRV_INICIATIVA_MITIGACION", line 4383
ORA-06512: at line 1
25/02/2020 10:06:03 a.m.: [Método: System.Collections.Generic.IEnumerable`1[T] Query[T](System.Data.IDbConnection, System.String, System.Object, System.Data.IDbTransaction, Boolean, System.Nullable`1[System.Int32], System.Nullable`1[System.Data.CommandType]), Línea: 0] - ORA-00918: column ambiguously defined
ORA-06512: at "MRVMM.PKG_MRV_INICIATIVA_MITIGACION", line 4383
ORA-06512: at line 1
25/02/2020 10:06:03 a.m.: [Método: System.Collections.Generic.List`1[entidad.minem.gob.pe.IniciativaBE] ListaBusquedaSimplePrivado(entidad.minem.gob.pe.IniciativaBE), Línea: 1350] - ORA-00918: column ambiguously defined
ORA-06512: at "MRVMM.PKG_MRV_INICIATIVA_MITIGACION", line 4383
ORA-06512: at line 1
25/02/2020 10:09:02 a.m.: [Método: Void HandleErrorHelper(Int32, Oracle.DataAccess.Client.OracleConnection, IntPtr, Oracle.DataAccess.Client.OpoSqlValCtx*, System.Object, System.String, Boolean, Int32, Oracle.DataAccess.Client.OracleLogicalTransaction), Línea: 0] - ORA-00918: column ambiguously defined
ORA-06512: at "MRVMM.PKG_MRV_INICIATIVA_MITIGACION", line 4383
ORA-06512: at line 1
25/02/2020 10:09:02 a.m.: [Método: Void HandleError(Int32, Oracle.DataAccess.Client.OracleConnection, System.String, IntPtr, Oracle.DataAccess.Client.OpoSqlValCtx*, System.Object, Boolean, Oracle.DataAccess.Client.OracleLogicalTransaction), Línea: 0] - ORA-00918: column ambiguously defined
ORA-06512: at "MRVMM.PKG_MRV_INICIATIVA_MITIGACION", line 4383
ORA-06512: at line 1
25/02/2020 10:09:02 a.m.: [Método: Oracle.DataAccess.Client.OracleDataReader ExecuteReader(Boolean, Boolean, System.Data.CommandBehavior), Línea: 0] - ORA-00918: column ambiguously defined
ORA-06512: at "MRVMM.PKG_MRV_INICIATIVA_MITIGACION", line 4383
ORA-06512: at line 1
25/02/2020 10:09:02 a.m.: [Método: System.Data.Common.DbDataReader ExecuteDbDataReader(System.Data.CommandBehavior), Línea: 0] - ORA-00918: column ambiguously defined
ORA-06512: at "MRVMM.PKG_MRV_INICIATIVA_MITIGACION", line 4383
ORA-06512: at line 1
25/02/2020 10:09:02 a.m.: [Método: System.Data.IDataReader System.Data.IDbCommand.ExecuteReader(System.Data.CommandBehavior), Línea: 0] - ORA-00918: column ambiguously defined
ORA-06512: at "MRVMM.PKG_MRV_INICIATIVA_MITIGACION", line 4383
ORA-06512: at line 1
25/02/2020 10:09:02 a.m.: [Método: System.Data.IDataReader ExecuteReaderWithFlagsFallback(System.Data.IDbCommand, Boolean, System.Data.CommandBehavior), Línea: 0] - ORA-00918: column ambiguously defined
ORA-06512: at "MRVMM.PKG_MRV_INICIATIVA_MITIGACION", line 4383
ORA-06512: at line 1
25/02/2020 10:09:02 a.m.: [Método: Boolean MoveNext(), Línea: 0] - ORA-00918: column ambiguously defined
ORA-06512: at "MRVMM.PKG_MRV_INICIATIVA_MITIGACION", line 4383
ORA-06512: at line 1
25/02/2020 10:09:02 a.m.: [Método: Void .ctor(System.Collections.Generic.IEnumerable`1[T]), Línea: 0] - ORA-00918: column ambiguously defined
ORA-06512: at "MRVMM.PKG_MRV_INICIATIVA_MITIGACION", line 4383
ORA-06512: at line 1
25/02/2020 10:09:02 a.m.: [Método: System.Collections.Generic.List`1[TSource] ToList[TSource](System.Collections.Generic.IEnumerable`1[TSource]), Línea: 0] - ORA-00918: column ambiguously defined
ORA-06512: at "MRVMM.PKG_MRV_INICIATIVA_MITIGACION", line 4383
ORA-06512: at line 1
25/02/2020 10:09:02 a.m.: [Método: System.Collections.Generic.IEnumerable`1[T] Query[T](System.Data.IDbConnection, System.String, System.Object, System.Data.IDbTransaction, Boolean, System.Nullable`1[System.Int32], System.Nullable`1[System.Data.CommandType]), Línea: 0] - ORA-00918: column ambiguously defined
ORA-06512: at "MRVMM.PKG_MRV_INICIATIVA_MITIGACION", line 4383
ORA-06512: at line 1
25/02/2020 10:09:02 a.m.: [Método: System.Collections.Generic.List`1[entidad.minem.gob.pe.IniciativaBE] ListaBusquedaSimplePrivado(entidad.minem.gob.pe.IniciativaBE), Línea: 1350] - ORA-00918: column ambiguously defined
ORA-06512: at "MRVMM.PKG_MRV_INICIATIVA_MITIGACION", line 4383
ORA-06512: at line 1
25/02/2020 10:33:51 a.m.: [Método: Void HandleErrorHelper(Int32, Oracle.DataAccess.Client.OracleConnection, IntPtr, Oracle.DataAccess.Client.OpoSqlValCtx*, System.Object, System.String, Boolean, Int32, Oracle.DataAccess.Client.OracleLogicalTransaction), Línea: 0] - ORA-00918: column ambiguously defined
ORA-06512: at "MRVMM.PKG_MRV_INICIATIVA_MITIGACION", line 4392
ORA-06512: at line 1
25/02/2020 10:33:51 a.m.: [Método: Void HandleError(Int32, Oracle.DataAccess.Client.OracleConnection, System.String, IntPtr, Oracle.DataAccess.Client.OpoSqlValCtx*, System.Object, Boolean, Oracle.DataAccess.Client.OracleLogicalTransaction), Línea: 0] - ORA-00918: column ambiguously defined
ORA-06512: at "MRVMM.PKG_MRV_INICIATIVA_MITIGACION", line 4392
ORA-06512: at line 1
25/02/2020 10:33:51 a.m.: [Método: Oracle.DataAccess.Client.OracleDataReader ExecuteReader(Boolean, Boolean, System.Data.CommandBehavior), Línea: 0] - ORA-00918: column ambiguously defined
ORA-06512: at "MRVMM.PKG_MRV_INICIATIVA_MITIGACION", line 4392
ORA-06512: at line 1
25/02/2020 10:33:51 a.m.: [Método: System.Data.Common.DbDataReader ExecuteDbDataReader(System.Data.CommandBehavior), Línea: 0] - ORA-00918: column ambiguously defined
ORA-06512: at "MRVMM.PKG_MRV_INICIATIVA_MITIGACION", line 4392
ORA-06512: at line 1
25/02/2020 10:33:51 a.m.: [Método: System.Data.IDataReader System.Data.IDbCommand.ExecuteReader(System.Data.CommandBehavior), Línea: 0] - ORA-00918: column ambiguously defined
ORA-06512: at "MRVMM.PKG_MRV_INICIATIVA_MITIGACION", line 4392
ORA-06512: at line 1
25/02/2020 10:33:51 a.m.: [Método: System.Data.IDataReader ExecuteReaderWithFlagsFallback(System.Data.IDbCommand, Boolean, System.Data.CommandBehavior), Línea: 0] - ORA-00918: column ambiguously defined
ORA-06512: at "MRVMM.PKG_MRV_INICIATIVA_MITIGACION", line 4392
ORA-06512: at line 1
25/02/2020 10:33:51 a.m.: [Método: Boolean MoveNext(), Línea: 0] - ORA-00918: column ambiguously defined
ORA-06512: at "MRVMM.PKG_MRV_INICIATIVA_MITIGACION", line 4392
ORA-06512: at line 1
25/02/2020 10:33:51 a.m.: [Método: Void .ctor(System.Collections.Generic.IEnumerable`1[T]), Línea: 0] - ORA-00918: column ambiguously defined
ORA-06512: at "MRVMM.PKG_MRV_INICIATIVA_MITIGACION", line 4392
ORA-06512: at line 1
25/02/2020 10:33:51 a.m.: [Método: System.Collections.Generic.List`1[TSource] ToList[TSource](System.Collections.Generic.IEnumerable`1[TSource]), Línea: 0] - ORA-00918: column ambiguously defined
ORA-06512: at "MRVMM.PKG_MRV_INICIATIVA_MITIGACION", line 4392
ORA-06512: at line 1
25/02/2020 10:33:51 a.m.: [Método: System.Collections.Generic.IEnumerable`1[T] Query[T](System.Data.IDbConnection, System.String, System.Object, System.Data.IDbTransaction, Boolean, System.Nullable`1[System.Int32], System.Nullable`1[System.Data.CommandType]), Línea: 0] - ORA-00918: column ambiguously defined
ORA-06512: at "MRVMM.PKG_MRV_INICIATIVA_MITIGACION", line 4392
ORA-06512: at line 1
25/02/2020 10:33:51 a.m.: [Método: System.Collections.Generic.List`1[entidad.minem.gob.pe.IniciativaBE] ListaBusquedaSimplePrivado(entidad.minem.gob.pe.IniciativaBE), Línea: 1350] - ORA-00918: column ambiguously defined
ORA-06512: at "MRVMM.PKG_MRV_INICIATIVA_MITIGACION", line 4392
ORA-06512: at line 1
25/02/2020 10:37:40 a.m.: [Método: Void HandleErrorHelper(Int32, Oracle.DataAccess.Client.OracleConnection, IntPtr, Oracle.DataAccess.Client.OpoSqlValCtx*, System.Object, System.String, Boolean, Int32, Oracle.DataAccess.Client.OracleLogicalTransaction), Línea: 0] - ORA-00918: column ambiguously defined
ORA-06512: at "MRVMM.PKG_MRV_INICIATIVA_MITIGACION", line 4392
ORA-06512: at line 1
25/02/2020 10:37:40 a.m.: [Método: Void HandleError(Int32, Oracle.DataAccess.Client.OracleConnection, System.String, IntPtr, Oracle.DataAccess.Client.OpoSqlValCtx*, System.Object, Boolean, Oracle.DataAccess.Client.OracleLogicalTransaction), Línea: 0] - ORA-00918: column ambiguously defined
ORA-06512: at "MRVMM.PKG_MRV_INICIATIVA_MITIGACION", line 4392
ORA-06512: at line 1
25/02/2020 10:37:40 a.m.: [Método: Oracle.DataAccess.Client.OracleDataReader ExecuteReader(Boolean, Boolean, System.Data.CommandBehavior), Línea: 0] - ORA-00918: column ambiguously defined
ORA-06512: at "MRVMM.PKG_MRV_INICIATIVA_MITIGACION", line 4392
ORA-06512: at line 1
25/02/2020 10:37:40 a.m.: [Método: System.Data.Common.DbDataReader ExecuteDbDataReader(System.Data.CommandBehavior), Línea: 0] - ORA-00918: column ambiguously defined
ORA-06512: at "MRVMM.PKG_MRV_INICIATIVA_MITIGACION", line 4392
ORA-06512: at line 1
25/02/2020 10:37:40 a.m.: [Método: System.Data.IDataReader System.Data.IDbCommand.ExecuteReader(System.Data.CommandBehavior), Línea: 0] - ORA-00918: column ambiguously defined
ORA-06512: at "MRVMM.PKG_MRV_INICIATIVA_MITIGACION", line 4392
ORA-06512: at line 1
25/02/2020 10:37:40 a.m.: [Método: System.Data.IDataReader ExecuteReaderWithFlagsFallback(System.Data.IDbCommand, Boolean, System.Data.CommandBehavior), Línea: 0] - ORA-00918: column ambiguously defined
ORA-06512: at "MRVMM.PKG_MRV_INICIATIVA_MITIGACION", line 4392
ORA-06512: at line 1
25/02/2020 10:37:40 a.m.: [Método: Boolean MoveNext(), Línea: 0] - ORA-00918: column ambiguously defined
ORA-06512: at "MRVMM.PKG_MRV_INICIATIVA_MITIGACION", line 4392
ORA-06512: at line 1
25/02/2020 10:37:40 a.m.: [Método: Void .ctor(System.Collections.Generic.IEnumerable`1[T]), Línea: 0] - ORA-00918: column ambiguously defined
ORA-06512: at "MRVMM.PKG_MRV_INICIATIVA_MITIGACION", line 4392
ORA-06512: at line 1
25/02/2020 10:37:40 a.m.: [Método: System.Collections.Generic.List`1[TSource] ToList[TSource](System.Collections.Generic.IEnumerable`1[TSource]), Línea: 0] - ORA-00918: column ambiguously defined
ORA-06512: at "MRVMM.PKG_MRV_INICIATIVA_MITIGACION", line 4392
ORA-06512: at line 1
25/02/2020 10:37:40 a.m.: [Método: System.Collections.Generic.IEnumerable`1[T] Query[T](System.Data.IDbConnection, System.String, System.Object, System.Data.IDbTransaction, Boolean, System.Nullable`1[System.Int32], System.Nullable`1[System.Data.CommandType]), Línea: 0] - ORA-00918: column ambiguously defined
ORA-06512: at "MRVMM.PKG_MRV_INICIATIVA_MITIGACION", line 4392
ORA-06512: at line 1
25/02/2020 10:37:40 a.m.: [Método: System.Collections.Generic.List`1[entidad.minem.gob.pe.IniciativaBE] ListaBusquedaSimplePrivado(entidad.minem.gob.pe.IniciativaBE), Línea: 1350] - ORA-00918: column ambiguously defined
ORA-06512: at "MRVMM.PKG_MRV_INICIATIVA_MITIGACION", line 4392
ORA-06512: at line 1
25/02/2020 11:43:58 a.m.: [Método: Void HandleErrorHelper(Int32, Oracle.DataAccess.Client.OracleConnection, IntPtr, Oracle.DataAccess.Client.OpoSqlValCtx*, System.Object, System.String, Boolean, Int32, Oracle.DataAccess.Client.OracleLogicalTransaction), Línea: 0] - ORA-00936: missing expression
ORA-06512: at "MRVMM.PKG_MRV_INICIATIVA_MITIGACION", line 4328
ORA-06512: at line 1
25/02/2020 11:43:58 a.m.: [Método: Void HandleError(Int32, Oracle.DataAccess.Client.OracleConnection, System.String, IntPtr, Oracle.DataAccess.Client.OpoSqlValCtx*, System.Object, Boolean, Oracle.DataAccess.Client.OracleLogicalTransaction), Línea: 0] - ORA-00936: missing expression
ORA-06512: at "MRVMM.PKG_MRV_INICIATIVA_MITIGACION", line 4328
ORA-06512: at line 1
25/02/2020 11:43:58 a.m.: [Método: Oracle.DataAccess.Client.OracleDataReader ExecuteReader(Boolean, Boolean, System.Data.CommandBehavior), Línea: 0] - ORA-00936: missing expression
ORA-06512: at "MRVMM.PKG_MRV_INICIATIVA_MITIGACION", line 4328
ORA-06512: at line 1
25/02/2020 11:43:58 a.m.: [Método: System.Data.Common.DbDataReader ExecuteDbDataReader(System.Data.CommandBehavior), Línea: 0] - ORA-00936: missing expression
ORA-06512: at "MRVMM.PKG_MRV_INICIATIVA_MITIGACION", line 4328
ORA-06512: at line 1
25/02/2020 11:43:58 a.m.: [Método: System.Data.IDataReader System.Data.IDbCommand.ExecuteReader(System.Data.CommandBehavior), Línea: 0] - ORA-00936: missing expression
ORA-06512: at "MRVMM.PKG_MRV_INICIATIVA_MITIGACION", line 4328
ORA-06512: at line 1
25/02/2020 11:43:58 a.m.: [Método: System.Data.IDataReader ExecuteReaderWithFlagsFallback(System.Data.IDbCommand, Boolean, System.Data.CommandBehavior), Línea: 0] - ORA-00936: missing expression
ORA-06512: at "MRVMM.PKG_MRV_INICIATIVA_MITIGACION", line 4328
ORA-06512: at line 1
25/02/2020 11:43:58 a.m.: [Método: Boolean MoveNext(), Línea: 0] - ORA-00936: missing expression
ORA-06512: at "MRVMM.PKG_MRV_INICIATIVA_MITIGACION", line 4328
ORA-06512: at line 1
25/02/2020 11:43:58 a.m.: [Método: Void .ctor(System.Collections.Generic.IEnumerable`1[T]), Línea: 0] - ORA-00936: missing expression
ORA-06512: at "MRVMM.PKG_MRV_INICIATIVA_MITIGACION", line 4328
ORA-06512: at line 1
25/02/2020 11:43:58 a.m.: [Método: System.Collections.Generic.List`1[TSource] ToList[TSource](System.Collections.Generic.IEnumerable`1[TSource]), Línea: 0] - ORA-00936: missing expression
ORA-06512: at "MRVMM.PKG_MRV_INICIATIVA_MITIGACION", line 4328
ORA-06512: at line 1
25/02/2020 11:43:58 a.m.: [Método: System.Collections.Generic.IEnumerable`1[T] Query[T](System.Data.IDbConnection, System.String, System.Object, System.Data.IDbTransaction, Boolean, System.Nullable`1[System.Int32], System.Nullable`1[System.Data.CommandType]), Línea: 0] - ORA-00936: missing expression
ORA-06512: at "MRVMM.PKG_MRV_INICIATIVA_MITIGACION", line 4328
ORA-06512: at line 1
25/02/2020 11:43:58 a.m.: [Método: System.Collections.Generic.List`1[entidad.minem.gob.pe.IniciativaBE] ListaBusquedaSimplePrivado(entidad.minem.gob.pe.IniciativaBE), Línea: 1343] - ORA-00936: missing expression
ORA-06512: at "MRVMM.PKG_MRV_INICIATIVA_MITIGACION", line 4328
ORA-06512: at line 1
