21/02/2020 03:18:49 a.m.: [Método: Void WinIOError(Int32, System.String), Línea: 0] - No se puede encontrar una parte de la ruta de acceso 'C:\inetpub\wwwroot\mrv-minem\Archivos\Sustentatorios\a2ffe291-2ac0-4b24-9c1d-5bb78a60fc41.xlsm'.
21/02/2020 03:18:49 a.m.: [Método: Void Init(System.String, System.IO.FileMode, System.IO.FileAccess, Int32, Boolean, System.IO.FileShare, Int32, System.IO.FileOptions, SECURITY_ATTRIBUTES, System.String, Boolean, Boolean, Boolean), Línea: 0] - No se puede encontrar una parte de la ruta de acceso 'C:\inetpub\wwwroot\mrv-minem\Archivos\Sustentatorios\a2ffe291-2ac0-4b24-9c1d-5bb78a60fc41.xlsm'.
21/02/2020 03:18:49 a.m.: [Método: Void .ctor(System.String, System.IO.FileMode, System.IO.FileAccess, System.IO.FileShare, Int32, System.IO.FileOptions, System.String, Boolean), Línea: 0] - No se puede encontrar una parte de la ruta de acceso 'C:\inetpub\wwwroot\mrv-minem\Archivos\Sustentatorios\a2ffe291-2ac0-4b24-9c1d-5bb78a60fc41.xlsm'.
21/02/2020 03:18:49 a.m.: [Método: Void .ctor(System.String, System.IO.FileMode), Línea: 0] - No se puede encontrar una parte de la ruta de acceso 'C:\inetpub\wwwroot\mrv-minem\Archivos\Sustentatorios\a2ffe291-2ac0-4b24-9c1d-5bb78a60fc41.xlsm'.
21/02/2020 03:18:49 a.m.: [Método: Void SaveAs(System.String), Línea: 0] - No se puede encontrar una parte de la ruta de acceso 'C:\inetpub\wwwroot\mrv-minem\Archivos\Sustentatorios\a2ffe291-2ac0-4b24-9c1d-5bb78a60fc41.xlsm'.
21/02/2020 03:18:49 a.m.: [Método: Void SaveAs(System.String), Línea: 0] - No se puede encontrar una parte de la ruta de acceso 'C:\inetpub\wwwroot\mrv-minem\Archivos\Sustentatorios\a2ffe291-2ac0-4b24-9c1d-5bb78a60fc41.xlsm'.
21/02/2020 03:18:49 a.m.: [Método: System.Web.Mvc.JsonResult RegistrarDetalleIndicador2(System.Web.HttpPostedFileBase[], System.Web.HttpPostedFileBase[], entidad.minem.gob.pe.IniciativaBE), Línea: 1494] - No se puede encontrar una parte de la ruta de acceso 'C:\inetpub\wwwroot\mrv-minem\Archivos\Sustentatorios\a2ffe291-2ac0-4b24-9c1d-5bb78a60fc41.xlsm'.
21/02/2020 03:29:06 a.m.: [Método: System.Web.Mvc.JsonResult RegistrarDetalleIndicador(System.Web.HttpPostedFileBase[], System.Web.HttpPostedFileBase[], entidad.minem.gob.pe.IniciativaBE), Línea: 763] - Referencia a objeto no establecida como instancia de un objeto.
21/02/2020 03:32:30 a.m.: [Método: System.Web.Mvc.JsonResult RegistrarDetalleIndicador(System.Web.HttpPostedFileBase[], System.Web.HttpPostedFileBase[], entidad.minem.gob.pe.IniciativaBE), Línea: 763] - Referencia a objeto no establecida como instancia de un objeto.
21/02/2020 03:46:01 a.m.: [Método: Void HandleErrorHelper(Int32, Oracle.DataAccess.Client.OracleConnection, IntPtr, Oracle.DataAccess.Client.OpoSqlValCtx*, System.Object, System.String, Boolean, Int32, Oracle.DataAccess.Client.OracleLogicalTransaction), Línea: 0] - ORA-06550: línea 1, columna 41:
PLS-00302: el componente 'USP_UPD_ELIMINAR_IND_FILE' se debe declarar
ORA-06550: línea 1, columna 7:
PL/SQL: Statement ignored
21/02/2020 03:46:01 a.m.: [Método: Void HandleError(Int32, Oracle.DataAccess.Client.OracleConnection, System.String, IntPtr, Oracle.DataAccess.Client.OpoSqlValCtx*, System.Object, Boolean, Oracle.DataAccess.Client.OracleLogicalTransaction), Línea: 0] - ORA-06550: línea 1, columna 41:
PLS-00302: el componente 'USP_UPD_ELIMINAR_IND_FILE' se debe declarar
ORA-06550: línea 1, columna 7:
PL/SQL: Statement ignored
21/02/2020 03:46:01 a.m.: [Método: Int32 ExecuteNonQuery(), Línea: 0] - ORA-06550: línea 1, columna 41:
PLS-00302: el componente 'USP_UPD_ELIMINAR_IND_FILE' se debe declarar
ORA-06550: línea 1, columna 7:
PL/SQL: Statement ignored
21/02/2020 03:46:01 a.m.: [Método: Int32 ExecuteCommand(System.Data.IDbConnection, Dapper.CommandDefinition ByRef, System.Action`2[System.Data.IDbCommand,System.Object]), Línea: 0] - ORA-06550: línea 1, columna 41:
PLS-00302: el componente 'USP_UPD_ELIMINAR_IND_FILE' se debe declarar
ORA-06550: línea 1, columna 7:
PL/SQL: Statement ignored
21/02/2020 03:46:01 a.m.: [Método: Int32 ExecuteImpl(System.Data.IDbConnection, Dapper.CommandDefinition ByRef), Línea: 0] - ORA-06550: línea 1, columna 41:
PLS-00302: el componente 'USP_UPD_ELIMINAR_IND_FILE' se debe declarar
ORA-06550: línea 1, columna 7:
PL/SQL: Statement ignored
21/02/2020 03:46:01 a.m.: [Método: Int32 Execute(System.Data.IDbConnection, System.String, System.Object, System.Data.IDbTransaction, System.Nullable`1[System.Int32], System.Nullable`1[System.Data.CommandType]), Línea: 0] - ORA-06550: línea 1, columna 41:
PLS-00302: el componente 'USP_UPD_ELIMINAR_IND_FILE' se debe declarar
ORA-06550: línea 1, columna 7:
PL/SQL: Statement ignored
21/02/2020 03:46:01 a.m.: [Método: entidad.minem.gob.pe.IniciativaBE EliminarIndicadoresFile(entidad.minem.gob.pe.IniciativaBE), Línea: 631] - ORA-06550: línea 1, columna 41:
PLS-00302: el componente 'USP_UPD_ELIMINAR_IND_FILE' se debe declarar
ORA-06550: línea 1, columna 7:
PL/SQL: Statement ignored
21/02/2020 03:46:01 a.m.: [Método: Void HandleErrorHelper(Int32, Oracle.DataAccess.Client.OracleConnection, IntPtr, Oracle.DataAccess.Client.OpoSqlValCtx*, System.Object, System.String, Boolean, Int32, Oracle.DataAccess.Client.OracleLogicalTransaction), Línea: 0] - ORA-06550: línea 1, columna 41:
PLS-00302: el componente 'USP_SEL_ARCHIVO_GUARDADO' se debe declarar
ORA-06550: línea 1, columna 7:
PL/SQL: Statement ignored
21/02/2020 03:46:01 a.m.: [Método: Void HandleError(Int32, Oracle.DataAccess.Client.OracleConnection, System.String, IntPtr, Oracle.DataAccess.Client.OpoSqlValCtx*, System.Object, Boolean, Oracle.DataAccess.Client.OracleLogicalTransaction), Línea: 0] - ORA-06550: línea 1, columna 41:
PLS-00302: el componente 'USP_SEL_ARCHIVO_GUARDADO' se debe declarar
ORA-06550: línea 1, columna 7:
PL/SQL: Statement ignored
21/02/2020 03:46:01 a.m.: [Método: Oracle.DataAccess.Client.OracleDataReader ExecuteReader(Boolean, Boolean, System.Data.CommandBehavior), Línea: 0] - ORA-06550: línea 1, columna 41:
PLS-00302: el componente 'USP_SEL_ARCHIVO_GUARDADO' se debe declarar
ORA-06550: línea 1, columna 7:
PL/SQL: Statement ignored
21/02/2020 03:46:01 a.m.: [Método: System.Data.Common.DbDataReader ExecuteDbDataReader(System.Data.CommandBehavior), Línea: 0] - ORA-06550: línea 1, columna 41:
PLS-00302: el componente 'USP_SEL_ARCHIVO_GUARDADO' se debe declarar
ORA-06550: línea 1, columna 7:
PL/SQL: Statement ignored
21/02/2020 03:46:01 a.m.: [Método: System.Data.IDataReader System.Data.IDbCommand.ExecuteReader(System.Data.CommandBehavior), Línea: 0] - ORA-06550: línea 1, columna 41:
PLS-00302: el componente 'USP_SEL_ARCHIVO_GUARDADO' se debe declarar
ORA-06550: línea 1, columna 7:
PL/SQL: Statement ignored
21/02/2020 03:46:01 a.m.: [Método: System.Data.IDataReader ExecuteReaderWithFlagsFallback(System.Data.IDbCommand, Boolean, System.Data.CommandBehavior), Línea: 0] - ORA-06550: línea 1, columna 41:
PLS-00302: el componente 'USP_SEL_ARCHIVO_GUARDADO' se debe declarar
ORA-06550: línea 1, columna 7:
PL/SQL: Statement ignored
21/02/2020 03:46:01 a.m.: [Método: Boolean MoveNext(), Línea: 0] - ORA-06550: línea 1, columna 41:
PLS-00302: el componente 'USP_SEL_ARCHIVO_GUARDADO' se debe declarar
ORA-06550: línea 1, columna 7:
PL/SQL: Statement ignored
21/02/2020 03:46:01 a.m.: [Método: Void .ctor(System.Collections.Generic.IEnumerable`1[T]), Línea: 0] - ORA-06550: línea 1, columna 41:
PLS-00302: el componente 'USP_SEL_ARCHIVO_GUARDADO' se debe declarar
ORA-06550: línea 1, columna 7:
PL/SQL: Statement ignored
21/02/2020 03:46:01 a.m.: [Método: System.Collections.Generic.List`1[TSource] ToList[TSource](System.Collections.Generic.IEnumerable`1[TSource]), Línea: 0] - ORA-06550: línea 1, columna 41:
PLS-00302: el componente 'USP_SEL_ARCHIVO_GUARDADO' se debe declarar
ORA-06550: línea 1, columna 7:
PL/SQL: Statement ignored
21/02/2020 03:46:01 a.m.: [Método: System.Collections.Generic.IEnumerable`1[T] Query[T](System.Data.IDbConnection, System.String, System.Object, System.Data.IDbTransaction, Boolean, System.Nullable`1[System.Int32], System.Nullable`1[System.Data.CommandType]), Línea: 0] - ORA-06550: línea 1, columna 41:
PLS-00302: el componente 'USP_SEL_ARCHIVO_GUARDADO' se debe declarar
ORA-06550: línea 1, columna 7:
PL/SQL: Statement ignored
21/02/2020 03:46:01 a.m.: [Método: System.Collections.Generic.List`1[entidad.minem.gob.pe.SustentoIniciativaBE] ListarArchivosGuardados(entidad.minem.gob.pe.IniciativaBE), Línea: 1543] - ORA-06550: línea 1, columna 41:
PLS-00302: el componente 'USP_SEL_ARCHIVO_GUARDADO' se debe declarar
ORA-06550: línea 1, columna 7:
PL/SQL: Statement ignored
21/02/2020 08:16:32 a.m.: [Método: Void ExportarToExcelDetalleIndicador(entidad.minem.gob.pe.IndicadorBE), Línea: 0] - Cells are already merged
21/02/2020 08:16:32 a.m.: [Método: Void ExportarDetalleIndicador(System.String), Línea: 0] - Cells are already merged
21/02/2020 08:16:46 a.m.: [Método: Void ExportarToExcelDetalleIndicador(entidad.minem.gob.pe.IndicadorBE), Línea: 0] - Cells are already merged
21/02/2020 08:16:46 a.m.: [Método: Void ExportarDetalleIndicador(System.String), Línea: 0] - Cells are already merged
21/02/2020 08:18:42 a.m.: [Método: Void ExportarToExcelDetalleIndicador(entidad.minem.gob.pe.IndicadorBE), Línea: 0] - El objeto de Package se cerró y se eliminó; por tanto, no se pueden llevar a cabo operaciones en este objeto o cualquier secuencia abierta en una parte de este paquete.
21/02/2020 08:18:42 a.m.: [Método: Void ExportarDetalleIndicador(System.String), Línea: 0] - El objeto de Package se cerró y se eliminó; por tanto, no se pueden llevar a cabo operaciones en este objeto o cualquier secuencia abierta en una parte de este paquete.
21/02/2020 08:38:39 a.m.: [Método: Void ExportarToExcelDetalleIndicador(entidad.minem.gob.pe.IndicadorBE), Línea: 0] - Cells are already merged
21/02/2020 08:38:39 a.m.: [Método: Void ExportarDetalleIndicador(System.String), Línea: 0] - Cells are already merged
21/02/2020 08:39:00 a.m.: [Método: Void ExportarToExcelDetalleIndicador(entidad.minem.gob.pe.IndicadorBE), Línea: 0] - Range is not fully merged.Specify the exact range
21/02/2020 08:39:00 a.m.: [Método: Void ExportarDetalleIndicador(System.String), Línea: 0] - Range is not fully merged.Specify the exact range
21/02/2020 06:24:27 p.m.: [Método: Void HandleErrorHelper(Int32, Oracle.DataAccess.Client.OracleConnection, IntPtr, Oracle.DataAccess.Client.OpoSqlValCtx*, System.Object, System.String, Boolean, Int32, Oracle.DataAccess.Client.OracleLogicalTransaction), Línea: 0] - ORA-06550: line 1, column 41:
PLS-00302: component 'USP_SEL_SECTORES' must be declared
ORA-06550: line 1, column 7:
PL/SQL: Statement ignored
21/02/2020 06:24:27 p.m.: [Método: Void HandleError(Int32, Oracle.DataAccess.Client.OracleConnection, System.String, IntPtr, Oracle.DataAccess.Client.OpoSqlValCtx*, System.Object, Boolean, Oracle.DataAccess.Client.OracleLogicalTransaction), Línea: 0] - ORA-06550: line 1, column 41:
PLS-00302: component 'USP_SEL_SECTORES' must be declared
ORA-06550: line 1, column 7:
PL/SQL: Statement ignored
21/02/2020 06:24:27 p.m.: [Método: Oracle.DataAccess.Client.OracleDataReader ExecuteReader(Boolean, Boolean, System.Data.CommandBehavior), Línea: 0] - ORA-06550: line 1, column 41:
PLS-00302: component 'USP_SEL_SECTORES' must be declared
ORA-06550: line 1, column 7:
PL/SQL: Statement ignored
21/02/2020 06:24:27 p.m.: [Método: System.Data.Common.DbDataReader ExecuteDbDataReader(System.Data.CommandBehavior), Línea: 0] - ORA-06550: line 1, column 41:
PLS-00302: component 'USP_SEL_SECTORES' must be declared
ORA-06550: line 1, column 7:
PL/SQL: Statement ignored
21/02/2020 06:24:27 p.m.: [Método: System.Data.IDataReader System.Data.IDbCommand.ExecuteReader(System.Data.CommandBehavior), Línea: 0] - ORA-06550: line 1, column 41:
PLS-00302: component 'USP_SEL_SECTORES' must be declared
ORA-06550: line 1, column 7:
PL/SQL: Statement ignored
21/02/2020 06:24:27 p.m.: [Método: System.Data.IDataReader ExecuteReaderWithFlagsFallback(System.Data.IDbCommand, Boolean, System.Data.CommandBehavior), Línea: 0] - ORA-06550: line 1, column 41:
PLS-00302: component 'USP_SEL_SECTORES' must be declared
ORA-06550: line 1, column 7:
PL/SQL: Statement ignored
21/02/2020 06:24:27 p.m.: [Método: Boolean MoveNext(), Línea: 0] - ORA-06550: line 1, column 41:
PLS-00302: component 'USP_SEL_SECTORES' must be declared
ORA-06550: line 1, column 7:
PL/SQL: Statement ignored
21/02/2020 06:24:27 p.m.: [Método: Void .ctor(System.Collections.Generic.IEnumerable`1[T]), Línea: 0] - ORA-06550: line 1, column 41:
PLS-00302: component 'USP_SEL_SECTORES' must be declared
ORA-06550: line 1, column 7:
PL/SQL: Statement ignored
21/02/2020 06:24:27 p.m.: [Método: System.Collections.Generic.List`1[TSource] ToList[TSource](System.Collections.Generic.IEnumerable`1[TSource]), Línea: 0] - ORA-06550: line 1, column 41:
PLS-00302: component 'USP_SEL_SECTORES' must be declared
ORA-06550: line 1, column 7:
PL/SQL: Statement ignored
21/02/2020 06:24:27 p.m.: [Método: System.Collections.Generic.IEnumerable`1[T] Query[T](System.Data.IDbConnection, System.String, System.Object, System.Data.IDbTransaction, Boolean, System.Nullable`1[System.Int32], System.Nullable`1[System.Data.CommandType]), Línea: 0] - ORA-06550: line 1, column 41:
PLS-00302: component 'USP_SEL_SECTORES' must be declared
ORA-06550: line 1, column 7:
PL/SQL: Statement ignored
21/02/2020 06:24:27 p.m.: [Método: System.Collections.Generic.List`1[entidad.minem.gob.pe.SectorInstitucionBE] ListarSectorDash(), Línea: 1083] - ORA-06550: line 1, column 41:
PLS-00302: component 'USP_SEL_SECTORES' must be declared
ORA-06550: line 1, column 7:
PL/SQL: Statement ignored
21/02/2020 06:24:28 p.m.: [Método: Void HandleErrorHelper(Int32, Oracle.DataAccess.Client.OracleConnection, IntPtr, Oracle.DataAccess.Client.OpoSqlValCtx*, System.Object, System.String, Boolean, Int32, Oracle.DataAccess.Client.OracleLogicalTransaction), Línea: 0] - ORA-06550: line 1, column 41:
PLS-00302: component 'USP_SEL_ANNO' must be declared
ORA-06550: line 1, column 7:
PL/SQL: Statement ignored
21/02/2020 06:24:28 p.m.: [Método: Void HandleError(Int32, Oracle.DataAccess.Client.OracleConnection, System.String, IntPtr, Oracle.DataAccess.Client.OpoSqlValCtx*, System.Object, Boolean, Oracle.DataAccess.Client.OracleLogicalTransaction), Línea: 0] - ORA-06550: line 1, column 41:
PLS-00302: component 'USP_SEL_ANNO' must be declared
ORA-06550: line 1, column 7:
PL/SQL: Statement ignored
21/02/2020 06:24:28 p.m.: [Método: Oracle.DataAccess.Client.OracleDataReader ExecuteReader(Boolean, Boolean, System.Data.CommandBehavior), Línea: 0] - ORA-06550: line 1, column 41:
PLS-00302: component 'USP_SEL_ANNO' must be declared
ORA-06550: line 1, column 7:
PL/SQL: Statement ignored
21/02/2020 06:24:28 p.m.: [Método: System.Data.Common.DbDataReader ExecuteDbDataReader(System.Data.CommandBehavior), Línea: 0] - ORA-06550: line 1, column 41:
PLS-00302: component 'USP_SEL_ANNO' must be declared
ORA-06550: line 1, column 7:
PL/SQL: Statement ignored
21/02/2020 06:24:28 p.m.: [Método: System.Data.IDataReader System.Data.IDbCommand.ExecuteReader(System.Data.CommandBehavior), Línea: 0] - ORA-06550: line 1, column 41:
PLS-00302: component 'USP_SEL_ANNO' must be declared
ORA-06550: line 1, column 7:
PL/SQL: Statement ignored
21/02/2020 06:24:28 p.m.: [Método: System.Data.IDataReader ExecuteReaderWithFlagsFallback(System.Data.IDbCommand, Boolean, System.Data.CommandBehavior), Línea: 0] - ORA-06550: line 1, column 41:
PLS-00302: component 'USP_SEL_ANNO' must be declared
ORA-06550: line 1, column 7:
PL/SQL: Statement ignored
21/02/2020 06:24:28 p.m.: [Método: Boolean MoveNext(), Línea: 0] - ORA-06550: line 1, column 41:
PLS-00302: component 'USP_SEL_ANNO' must be declared
ORA-06550: line 1, column 7:
PL/SQL: Statement ignored
21/02/2020 06:24:28 p.m.: [Método: Void .ctor(System.Collections.Generic.IEnumerable`1[T]), Línea: 0] - ORA-06550: line 1, column 41:
PLS-00302: component 'USP_SEL_ANNO' must be declared
ORA-06550: line 1, column 7:
PL/SQL: Statement ignored
21/02/2020 06:24:28 p.m.: [Método: System.Collections.Generic.List`1[TSource] ToList[TSource](System.Collections.Generic.IEnumerable`1[TSource]), Línea: 0] - ORA-06550: line 1, column 41:
PLS-00302: component 'USP_SEL_ANNO' must be declared
ORA-06550: line 1, column 7:
PL/SQL: Statement ignored
21/02/2020 06:24:28 p.m.: [Método: System.Collections.Generic.IEnumerable`1[T] Query[T](System.Data.IDbConnection, System.String, System.Object, System.Data.IDbTransaction, Boolean, System.Nullable`1[System.Int32], System.Nullable`1[System.Data.CommandType]), Línea: 0] - ORA-06550: line 1, column 41:
PLS-00302: component 'USP_SEL_ANNO' must be declared
ORA-06550: line 1, column 7:
PL/SQL: Statement ignored
21/02/2020 06:24:28 p.m.: [Método: System.Collections.Generic.List`1[entidad.minem.gob.pe.AnnoBE] ListarAnnoDash(), Línea: 1106] - ORA-06550: line 1, column 41:
PLS-00302: component 'USP_SEL_ANNO' must be declared
ORA-06550: line 1, column 7:
PL/SQL: Statement ignored
21/02/2020 06:24:28 p.m.: [Método: System.Collections.Generic.List`1[entidad.minem.gob.pe.IndicadorBE] DashboardResultado(entidad.minem.gob.pe.IndicadorBE), Línea: 1022] - Referencia a objeto no establecida como instancia de un objeto.
21/02/2020 06:25:25 p.m.: [Método: Void HandleErrorHelper(Int32, Oracle.DataAccess.Client.OracleConnection, IntPtr, Oracle.DataAccess.Client.OpoSqlValCtx*, System.Object, System.String, Boolean, Int32, Oracle.DataAccess.Client.OracleLogicalTransaction), Línea: 0] - ORA-06550: line 1, column 41:
PLS-00302: component 'USP_SEL_SECTORES' must be declared
ORA-06550: line 1, column 7:
PL/SQL: Statement ignored
21/02/2020 06:25:25 p.m.: [Método: Void HandleError(Int32, Oracle.DataAccess.Client.OracleConnection, System.String, IntPtr, Oracle.DataAccess.Client.OpoSqlValCtx*, System.Object, Boolean, Oracle.DataAccess.Client.OracleLogicalTransaction), Línea: 0] - ORA-06550: line 1, column 41:
PLS-00302: component 'USP_SEL_SECTORES' must be declared
ORA-06550: line 1, column 7:
PL/SQL: Statement ignored
21/02/2020 06:25:25 p.m.: [Método: Oracle.DataAccess.Client.OracleDataReader ExecuteReader(Boolean, Boolean, System.Data.CommandBehavior), Línea: 0] - ORA-06550: line 1, column 41:
PLS-00302: component 'USP_SEL_SECTORES' must be declared
ORA-06550: line 1, column 7:
PL/SQL: Statement ignored
21/02/2020 06:25:25 p.m.: [Método: System.Data.Common.DbDataReader ExecuteDbDataReader(System.Data.CommandBehavior), Línea: 0] - ORA-06550: line 1, column 41:
PLS-00302: component 'USP_SEL_SECTORES' must be declared
ORA-06550: line 1, column 7:
PL/SQL: Statement ignored
21/02/2020 06:25:25 p.m.: [Método: System.Data.IDataReader System.Data.IDbCommand.ExecuteReader(System.Data.CommandBehavior), Línea: 0] - ORA-06550: line 1, column 41:
PLS-00302: component 'USP_SEL_SECTORES' must be declared
ORA-06550: line 1, column 7:
PL/SQL: Statement ignored
21/02/2020 06:25:25 p.m.: [Método: System.Data.IDataReader ExecuteReaderWithFlagsFallback(System.Data.IDbCommand, Boolean, System.Data.CommandBehavior), Línea: 0] - ORA-06550: line 1, column 41:
PLS-00302: component 'USP_SEL_SECTORES' must be declared
ORA-06550: line 1, column 7:
PL/SQL: Statement ignored
21/02/2020 06:25:25 p.m.: [Método: Boolean MoveNext(), Línea: 0] - ORA-06550: line 1, column 41:
PLS-00302: component 'USP_SEL_SECTORES' must be declared
ORA-06550: line 1, column 7:
PL/SQL: Statement ignored
21/02/2020 06:25:25 p.m.: [Método: Void .ctor(System.Collections.Generic.IEnumerable`1[T]), Línea: 0] - ORA-06550: line 1, column 41:
PLS-00302: component 'USP_SEL_SECTORES' must be declared
ORA-06550: line 1, column 7:
PL/SQL: Statement ignored
21/02/2020 06:25:25 p.m.: [Método: System.Collections.Generic.List`1[TSource] ToList[TSource](System.Collections.Generic.IEnumerable`1[TSource]), Línea: 0] - ORA-06550: line 1, column 41:
PLS-00302: component 'USP_SEL_SECTORES' must be declared
ORA-06550: line 1, column 7:
PL/SQL: Statement ignored
21/02/2020 06:25:25 p.m.: [Método: System.Collections.Generic.IEnumerable`1[T] Query[T](System.Data.IDbConnection, System.String, System.Object, System.Data.IDbTransaction, Boolean, System.Nullable`1[System.Int32], System.Nullable`1[System.Data.CommandType]), Línea: 0] - ORA-06550: line 1, column 41:
PLS-00302: component 'USP_SEL_SECTORES' must be declared
ORA-06550: line 1, column 7:
PL/SQL: Statement ignored
21/02/2020 06:25:25 p.m.: [Método: System.Collections.Generic.List`1[entidad.minem.gob.pe.SectorInstitucionBE] ListarSectorDash(), Línea: 1083] - ORA-06550: line 1, column 41:
PLS-00302: component 'USP_SEL_SECTORES' must be declared
ORA-06550: line 1, column 7:
PL/SQL: Statement ignored
21/02/2020 06:25:26 p.m.: [Método: Void HandleErrorHelper(Int32, Oracle.DataAccess.Client.OracleConnection, IntPtr, Oracle.DataAccess.Client.OpoSqlValCtx*, System.Object, System.String, Boolean, Int32, Oracle.DataAccess.Client.OracleLogicalTransaction), Línea: 0] - ORA-06550: line 1, column 41:
PLS-00302: component 'USP_SEL_ANNO' must be declared
ORA-06550: line 1, column 7:
PL/SQL: Statement ignored
21/02/2020 06:25:26 p.m.: [Método: Void HandleError(Int32, Oracle.DataAccess.Client.OracleConnection, System.String, IntPtr, Oracle.DataAccess.Client.OpoSqlValCtx*, System.Object, Boolean, Oracle.DataAccess.Client.OracleLogicalTransaction), Línea: 0] - ORA-06550: line 1, column 41:
PLS-00302: component 'USP_SEL_ANNO' must be declared
ORA-06550: line 1, column 7:
PL/SQL: Statement ignored
21/02/2020 06:25:26 p.m.: [Método: Oracle.DataAccess.Client.OracleDataReader ExecuteReader(Boolean, Boolean, System.Data.CommandBehavior), Línea: 0] - ORA-06550: line 1, column 41:
PLS-00302: component 'USP_SEL_ANNO' must be declared
ORA-06550: line 1, column 7:
PL/SQL: Statement ignored
21/02/2020 06:25:26 p.m.: [Método: System.Data.Common.DbDataReader ExecuteDbDataReader(System.Data.CommandBehavior), Línea: 0] - ORA-06550: line 1, column 41:
PLS-00302: component 'USP_SEL_ANNO' must be declared
ORA-06550: line 1, column 7:
PL/SQL: Statement ignored
21/02/2020 06:25:26 p.m.: [Método: System.Data.IDataReader System.Data.IDbCommand.ExecuteReader(System.Data.CommandBehavior), Línea: 0] - ORA-06550: line 1, column 41:
PLS-00302: component 'USP_SEL_ANNO' must be declared
ORA-06550: line 1, column 7:
PL/SQL: Statement ignored
21/02/2020 06:25:26 p.m.: [Método: System.Data.IDataReader ExecuteReaderWithFlagsFallback(System.Data.IDbCommand, Boolean, System.Data.CommandBehavior), Línea: 0] - ORA-06550: line 1, column 41:
PLS-00302: component 'USP_SEL_ANNO' must be declared
ORA-06550: line 1, column 7:
PL/SQL: Statement ignored
21/02/2020 06:25:26 p.m.: [Método: Boolean MoveNext(), Línea: 0] - ORA-06550: line 1, column 41:
PLS-00302: component 'USP_SEL_ANNO' must be declared
ORA-06550: line 1, column 7:
PL/SQL: Statement ignored
21/02/2020 06:25:26 p.m.: [Método: Void .ctor(System.Collections.Generic.IEnumerable`1[T]), Línea: 0] - ORA-06550: line 1, column 41:
PLS-00302: component 'USP_SEL_ANNO' must be declared
ORA-06550: line 1, column 7:
PL/SQL: Statement ignored
21/02/2020 06:25:26 p.m.: [Método: System.Collections.Generic.List`1[TSource] ToList[TSource](System.Collections.Generic.IEnumerable`1[TSource]), Línea: 0] - ORA-06550: line 1, column 41:
PLS-00302: component 'USP_SEL_ANNO' must be declared
ORA-06550: line 1, column 7:
PL/SQL: Statement ignored
21/02/2020 06:25:26 p.m.: [Método: System.Collections.Generic.IEnumerable`1[T] Query[T](System.Data.IDbConnection, System.String, System.Object, System.Data.IDbTransaction, Boolean, System.Nullable`1[System.Int32], System.Nullable`1[System.Data.CommandType]), Línea: 0] - ORA-06550: line 1, column 41:
PLS-00302: component 'USP_SEL_ANNO' must be declared
ORA-06550: line 1, column 7:
PL/SQL: Statement ignored
21/02/2020 06:25:26 p.m.: [Método: System.Collections.Generic.List`1[entidad.minem.gob.pe.AnnoBE] ListarAnnoDash(), Línea: 1106] - ORA-06550: line 1, column 41:
PLS-00302: component 'USP_SEL_ANNO' must be declared
ORA-06550: line 1, column 7:
PL/SQL: Statement ignored
21/02/2020 06:25:26 p.m.: [Método: System.Collections.Generic.List`1[entidad.minem.gob.pe.IndicadorBE] DashboardResultado(entidad.minem.gob.pe.IndicadorBE), Línea: 1022] - Referencia a objeto no establecida como instancia de un objeto.
21/02/2020 06:25:38 p.m.: [Método: Void HandleErrorHelper(Int32, Oracle.DataAccess.Client.OracleConnection, IntPtr, Oracle.DataAccess.Client.OpoSqlValCtx*, System.Object, System.String, Boolean, Int32, Oracle.DataAccess.Client.OracleLogicalTransaction), Línea: 0] - ORA-06550: line 1, column 41:
PLS-00302: component 'USP_SEL_SECTORES' must be declared
ORA-06550: line 1, column 7:
PL/SQL: Statement ignored
21/02/2020 06:25:38 p.m.: [Método: Void HandleError(Int32, Oracle.DataAccess.Client.OracleConnection, System.String, IntPtr, Oracle.DataAccess.Client.OpoSqlValCtx*, System.Object, Boolean, Oracle.DataAccess.Client.OracleLogicalTransaction), Línea: 0] - ORA-06550: line 1, column 41:
PLS-00302: component 'USP_SEL_SECTORES' must be declared
ORA-06550: line 1, column 7:
PL/SQL: Statement ignored
21/02/2020 06:25:38 p.m.: [Método: Oracle.DataAccess.Client.OracleDataReader ExecuteReader(Boolean, Boolean, System.Data.CommandBehavior), Línea: 0] - ORA-06550: line 1, column 41:
PLS-00302: component 'USP_SEL_SECTORES' must be declared
ORA-06550: line 1, column 7:
PL/SQL: Statement ignored
21/02/2020 06:25:38 p.m.: [Método: System.Data.Common.DbDataReader ExecuteDbDataReader(System.Data.CommandBehavior), Línea: 0] - ORA-06550: line 1, column 41:
PLS-00302: component 'USP_SEL_SECTORES' must be declared
ORA-06550: line 1, column 7:
PL/SQL: Statement ignored
21/02/2020 06:25:38 p.m.: [Método: System.Data.IDataReader System.Data.IDbCommand.ExecuteReader(System.Data.CommandBehavior), Línea: 0] - ORA-06550: line 1, column 41:
PLS-00302: component 'USP_SEL_SECTORES' must be declared
ORA-06550: line 1, column 7:
PL/SQL: Statement ignored
21/02/2020 06:25:38 p.m.: [Método: System.Data.IDataReader ExecuteReaderWithFlagsFallback(System.Data.IDbCommand, Boolean, System.Data.CommandBehavior), Línea: 0] - ORA-06550: line 1, column 41:
PLS-00302: component 'USP_SEL_SECTORES' must be declared
ORA-06550: line 1, column 7:
PL/SQL: Statement ignored
21/02/2020 06:25:38 p.m.: [Método: Boolean MoveNext(), Línea: 0] - ORA-06550: line 1, column 41:
PLS-00302: component 'USP_SEL_SECTORES' must be declared
ORA-06550: line 1, column 7:
PL/SQL: Statement ignored
21/02/2020 06:25:38 p.m.: [Método: Void .ctor(System.Collections.Generic.IEnumerable`1[T]), Línea: 0] - ORA-06550: line 1, column 41:
PLS-00302: component 'USP_SEL_SECTORES' must be declared
ORA-06550: line 1, column 7:
PL/SQL: Statement ignored
21/02/2020 06:25:38 p.m.: [Método: System.Collections.Generic.List`1[TSource] ToList[TSource](System.Collections.Generic.IEnumerable`1[TSource]), Línea: 0] - ORA-06550: line 1, column 41:
PLS-00302: component 'USP_SEL_SECTORES' must be declared
ORA-06550: line 1, column 7:
PL/SQL: Statement ignored
21/02/2020 06:25:38 p.m.: [Método: System.Collections.Generic.IEnumerable`1[T] Query[T](System.Data.IDbConnection, System.String, System.Object, System.Data.IDbTransaction, Boolean, System.Nullable`1[System.Int32], System.Nullable`1[System.Data.CommandType]), Línea: 0] - ORA-06550: line 1, column 41:
PLS-00302: component 'USP_SEL_SECTORES' must be declared
ORA-06550: line 1, column 7:
PL/SQL: Statement ignored
21/02/2020 06:25:38 p.m.: [Método: System.Collections.Generic.List`1[entidad.minem.gob.pe.SectorInstitucionBE] ListarSectorDash(), Línea: 1083] - ORA-06550: line 1, column 41:
PLS-00302: component 'USP_SEL_SECTORES' must be declared
ORA-06550: line 1, column 7:
PL/SQL: Statement ignored
21/02/2020 06:25:39 p.m.: [Método: Void HandleErrorHelper(Int32, Oracle.DataAccess.Client.OracleConnection, IntPtr, Oracle.DataAccess.Client.OpoSqlValCtx*, System.Object, System.String, Boolean, Int32, Oracle.DataAccess.Client.OracleLogicalTransaction), Línea: 0] - ORA-06550: line 1, column 41:
PLS-00302: component 'USP_SEL_ANNO' must be declared
ORA-06550: line 1, column 7:
PL/SQL: Statement ignored
21/02/2020 06:25:39 p.m.: [Método: Void HandleError(Int32, Oracle.DataAccess.Client.OracleConnection, System.String, IntPtr, Oracle.DataAccess.Client.OpoSqlValCtx*, System.Object, Boolean, Oracle.DataAccess.Client.OracleLogicalTransaction), Línea: 0] - ORA-06550: line 1, column 41:
PLS-00302: component 'USP_SEL_ANNO' must be declared
ORA-06550: line 1, column 7:
PL/SQL: Statement ignored
21/02/2020 06:25:39 p.m.: [Método: Oracle.DataAccess.Client.OracleDataReader ExecuteReader(Boolean, Boolean, System.Data.CommandBehavior), Línea: 0] - ORA-06550: line 1, column 41:
PLS-00302: component 'USP_SEL_ANNO' must be declared
ORA-06550: line 1, column 7:
PL/SQL: Statement ignored
21/02/2020 06:25:39 p.m.: [Método: System.Data.Common.DbDataReader ExecuteDbDataReader(System.Data.CommandBehavior), Línea: 0] - ORA-06550: line 1, column 41:
PLS-00302: component 'USP_SEL_ANNO' must be declared
ORA-06550: line 1, column 7:
PL/SQL: Statement ignored
21/02/2020 06:25:39 p.m.: [Método: System.Data.IDataReader System.Data.IDbCommand.ExecuteReader(System.Data.CommandBehavior), Línea: 0] - ORA-06550: line 1, column 41:
PLS-00302: component 'USP_SEL_ANNO' must be declared
ORA-06550: line 1, column 7:
PL/SQL: Statement ignored
21/02/2020 06:25:39 p.m.: [Método: System.Data.IDataReader ExecuteReaderWithFlagsFallback(System.Data.IDbCommand, Boolean, System.Data.CommandBehavior), Línea: 0] - ORA-06550: line 1, column 41:
PLS-00302: component 'USP_SEL_ANNO' must be declared
ORA-06550: line 1, column 7:
PL/SQL: Statement ignored
21/02/2020 06:25:39 p.m.: [Método: Boolean MoveNext(), Línea: 0] - ORA-06550: line 1, column 41:
PLS-00302: component 'USP_SEL_ANNO' must be declared
ORA-06550: line 1, column 7:
PL/SQL: Statement ignored
21/02/2020 06:25:39 p.m.: [Método: Void .ctor(System.Collections.Generic.IEnumerable`1[T]), Línea: 0] - ORA-06550: line 1, column 41:
PLS-00302: component 'USP_SEL_ANNO' must be declared
ORA-06550: line 1, column 7:
PL/SQL: Statement ignored
21/02/2020 06:25:39 p.m.: [Método: System.Collections.Generic.List`1[TSource] ToList[TSource](System.Collections.Generic.IEnumerable`1[TSource]), Línea: 0] - ORA-06550: line 1, column 41:
PLS-00302: component 'USP_SEL_ANNO' must be declared
ORA-06550: line 1, column 7:
PL/SQL: Statement ignored
21/02/2020 06:25:39 p.m.: [Método: System.Collections.Generic.IEnumerable`1[T] Query[T](System.Data.IDbConnection, System.String, System.Object, System.Data.IDbTransaction, Boolean, System.Nullable`1[System.Int32], System.Nullable`1[System.Data.CommandType]), Línea: 0] - ORA-06550: line 1, column 41:
PLS-00302: component 'USP_SEL_ANNO' must be declared
ORA-06550: line 1, column 7:
PL/SQL: Statement ignored
21/02/2020 06:25:39 p.m.: [Método: System.Collections.Generic.List`1[entidad.minem.gob.pe.AnnoBE] ListarAnnoDash(), Línea: 1106] - ORA-06550: line 1, column 41:
PLS-00302: component 'USP_SEL_ANNO' must be declared
ORA-06550: line 1, column 7:
PL/SQL: Statement ignored
