02/03/2020 10:52:58 a.m.: [Método: Void HandleErrorHelper(Int32, Oracle.DataAccess.Client.OracleConnection, IntPtr, Oracle.DataAccess.Client.OpoSqlValCtx*, System.Object, System.String, Boolean, Int32, Oracle.DataAccess.Client.OracleLogicalTransaction), Línea: 0] - ORA-06550: línea 1, columna 41:
PLS-00302: el componente 'USP_SEL_LISTA_COD_INDICADOR' se debe declarar
ORA-06550: línea 1, columna 7:
PL/SQL: Statement ignored
02/03/2020 10:52:58 a.m.: [Método: Void HandleError(Int32, Oracle.DataAccess.Client.OracleConnection, System.String, IntPtr, Oracle.DataAccess.Client.OpoSqlValCtx*, System.Object, Boolean, Oracle.DataAccess.Client.OracleLogicalTransaction), Línea: 0] - ORA-06550: línea 1, columna 41:
PLS-00302: el componente 'USP_SEL_LISTA_COD_INDICADOR' se debe declarar
ORA-06550: línea 1, columna 7:
PL/SQL: Statement ignored
02/03/2020 10:52:58 a.m.: [Método: Oracle.DataAccess.Client.OracleDataReader ExecuteReader(Boolean, Boolean, System.Data.CommandBehavior), Línea: 0] - ORA-06550: línea 1, columna 41:
PLS-00302: el componente 'USP_SEL_LISTA_COD_INDICADOR' se debe declarar
ORA-06550: línea 1, columna 7:
PL/SQL: Statement ignored
02/03/2020 10:52:58 a.m.: [Método: System.Data.Common.DbDataReader ExecuteDbDataReader(System.Data.CommandBehavior), Línea: 0] - ORA-06550: línea 1, columna 41:
PLS-00302: el componente 'USP_SEL_LISTA_COD_INDICADOR' se debe declarar
ORA-06550: línea 1, columna 7:
PL/SQL: Statement ignored
02/03/2020 10:52:58 a.m.: [Método: System.Data.IDataReader System.Data.IDbCommand.ExecuteReader(System.Data.CommandBehavior), Línea: 0] - ORA-06550: línea 1, columna 41:
PLS-00302: el componente 'USP_SEL_LISTA_COD_INDICADOR' se debe declarar
ORA-06550: línea 1, columna 7:
PL/SQL: Statement ignored
02/03/2020 10:52:58 a.m.: [Método: System.Data.IDataReader ExecuteReaderWithFlagsFallback(System.Data.IDbCommand, Boolean, System.Data.CommandBehavior), Línea: 0] - ORA-06550: línea 1, columna 41:
PLS-00302: el componente 'USP_SEL_LISTA_COD_INDICADOR' se debe declarar
ORA-06550: línea 1, columna 7:
PL/SQL: Statement ignored
02/03/2020 10:52:58 a.m.: [Método: Boolean MoveNext(), Línea: 0] - ORA-06550: línea 1, columna 41:
PLS-00302: el componente 'USP_SEL_LISTA_COD_INDICADOR' se debe declarar
ORA-06550: línea 1, columna 7:
PL/SQL: Statement ignored
02/03/2020 10:52:58 a.m.: [Método: Void .ctor(System.Collections.Generic.IEnumerable`1[T]), Línea: 0] - ORA-06550: línea 1, columna 41:
PLS-00302: el componente 'USP_SEL_LISTA_COD_INDICADOR' se debe declarar
ORA-06550: línea 1, columna 7:
PL/SQL: Statement ignored
02/03/2020 10:52:58 a.m.: [Método: System.Collections.Generic.List`1[TSource] ToList[TSource](System.Collections.Generic.IEnumerable`1[TSource]), Línea: 0] - ORA-06550: línea 1, columna 41:
PLS-00302: el componente 'USP_SEL_LISTA_COD_INDICADOR' se debe declarar
ORA-06550: línea 1, columna 7:
PL/SQL: Statement ignored
02/03/2020 10:52:58 a.m.: [Método: System.Collections.Generic.IEnumerable`1[T] Query[T](System.Data.IDbConnection, System.String, System.Object, System.Data.IDbTransaction, Boolean, System.Nullable`1[System.Int32], System.Nullable`1[System.Data.CommandType]), Línea: 0] - ORA-06550: línea 1, columna 41:
PLS-00302: el componente 'USP_SEL_LISTA_COD_INDICADOR' se debe declarar
ORA-06550: línea 1, columna 7:
PL/SQL: Statement ignored
02/03/2020 10:52:58 a.m.: [Método: System.Collections.Generic.List`1[entidad.minem.gob.pe.IniciativaBE] ListarCodIndicador(entidad.minem.gob.pe.IniciativaBE), Línea: 1729] - ORA-06550: línea 1, columna 41:
PLS-00302: el componente 'USP_SEL_LISTA_COD_INDICADOR' se debe declarar
ORA-06550: línea 1, columna 7:
PL/SQL: Statement ignored
02/03/2020 10:56:49 a.m.: [Método: Void HandleErrorHelper(Int32, Oracle.DataAccess.Client.OracleConnection, IntPtr, Oracle.DataAccess.Client.OpoSqlValCtx*, System.Object, System.String, Boolean, Int32, Oracle.DataAccess.Client.OracleLogicalTransaction), Línea: 0] - ORA-06550: línea 1, columna 7:
PLS-00201: el identificador 'MRVMM.PKG_MRV_VARIABLES' se debe declarar
ORA-06550: línea 1, columna 7:
PL/SQL: Statement ignored
02/03/2020 10:56:49 a.m.: [Método: Void HandleError(Int32, Oracle.DataAccess.Client.OracleConnection, System.String, IntPtr, Oracle.DataAccess.Client.OpoSqlValCtx*, System.Object, Boolean, Oracle.DataAccess.Client.OracleLogicalTransaction), Línea: 0] - ORA-06550: línea 1, columna 7:
PLS-00201: el identificador 'MRVMM.PKG_MRV_VARIABLES' se debe declarar
ORA-06550: línea 1, columna 7:
PL/SQL: Statement ignored
02/03/2020 10:56:49 a.m.: [Método: Oracle.DataAccess.Client.OracleDataReader ExecuteReader(Boolean, Boolean, System.Data.CommandBehavior), Línea: 0] - ORA-06550: línea 1, columna 7:
PLS-00201: el identificador 'MRVMM.PKG_MRV_VARIABLES' se debe declarar
ORA-06550: línea 1, columna 7:
PL/SQL: Statement ignored
02/03/2020 10:56:49 a.m.: [Método: System.Data.Common.DbDataReader ExecuteDbDataReader(System.Data.CommandBehavior), Línea: 0] - ORA-06550: línea 1, columna 7:
PLS-00201: el identificador 'MRVMM.PKG_MRV_VARIABLES' se debe declarar
ORA-06550: línea 1, columna 7:
PL/SQL: Statement ignored
02/03/2020 10:56:49 a.m.: [Método: System.Data.IDataReader System.Data.IDbCommand.ExecuteReader(System.Data.CommandBehavior), Línea: 0] - ORA-06550: línea 1, columna 7:
PLS-00201: el identificador 'MRVMM.PKG_MRV_VARIABLES' se debe declarar
ORA-06550: línea 1, columna 7:
PL/SQL: Statement ignored
02/03/2020 10:56:49 a.m.: [Método: System.Data.IDataReader ExecuteReaderWithFlagsFallback(System.Data.IDbCommand, Boolean, System.Data.CommandBehavior), Línea: 0] - ORA-06550: línea 1, columna 7:
PLS-00201: el identificador 'MRVMM.PKG_MRV_VARIABLES' se debe declarar
ORA-06550: línea 1, columna 7:
PL/SQL: Statement ignored
02/03/2020 10:56:49 a.m.: [Método: Boolean MoveNext(), Línea: 0] - ORA-06550: línea 1, columna 7:
PLS-00201: el identificador 'MRVMM.PKG_MRV_VARIABLES' se debe declarar
ORA-06550: línea 1, columna 7:
PL/SQL: Statement ignored
02/03/2020 10:56:49 a.m.: [Método: Void .ctor(System.Collections.Generic.IEnumerable`1[T]), Línea: 0] - ORA-06550: línea 1, columna 7:
PLS-00201: el identificador 'MRVMM.PKG_MRV_VARIABLES' se debe declarar
ORA-06550: línea 1, columna 7:
PL/SQL: Statement ignored
02/03/2020 10:56:49 a.m.: [Método: System.Collections.Generic.List`1[TSource] ToList[TSource](System.Collections.Generic.IEnumerable`1[TSource]), Línea: 0] - ORA-06550: línea 1, columna 7:
PLS-00201: el identificador 'MRVMM.PKG_MRV_VARIABLES' se debe declarar
ORA-06550: línea 1, columna 7:
PL/SQL: Statement ignored
02/03/2020 10:56:49 a.m.: [Método: System.Collections.Generic.IEnumerable`1[T] Query[T](System.Data.IDbConnection, System.String, System.Object, System.Data.IDbTransaction, Boolean, System.Nullable`1[System.Int32], System.Nullable`1[System.Data.CommandType]), Línea: 0] - ORA-06550: línea 1, columna 7:
PLS-00201: el identificador 'MRVMM.PKG_MRV_VARIABLES' se debe declarar
ORA-06550: línea 1, columna 7:
PL/SQL: Statement ignored
02/03/2020 10:56:49 a.m.: [Método: System.Collections.Generic.List`1[entidad.minem.gob.pe.VariableBE] ListaVariables(entidad.minem.gob.pe.VariableBE), Línea: 31] - ORA-06550: línea 1, columna 7:
PLS-00201: el identificador 'MRVMM.PKG_MRV_VARIABLES' se debe declarar
ORA-06550: línea 1, columna 7:
PL/SQL: Statement ignored
02/03/2020 06:36:15 p.m.: [Método: Void HandleErrorHelper(Int32, Oracle.DataAccess.Client.OracleConnection, IntPtr, Oracle.DataAccess.Client.OpoSqlValCtx*, System.Object, System.String, Boolean, Int32, Oracle.DataAccess.Client.OracleLogicalTransaction), Línea: 0] - ORA-12543: TNS:destination host unreachable
02/03/2020 06:36:15 p.m.: [Método: Void HandleError(Int32, Oracle.DataAccess.Client.OracleConnection, IntPtr, System.Object, Oracle.DataAccess.Client.OracleLogicalTransaction), Línea: 0] - ORA-12543: TNS:destination host unreachable
02/03/2020 06:36:15 p.m.: [Método: Void Open(Oracle.DataAccess.Client.OracleConnection), Línea: 0] - ORA-12543: TNS:destination host unreachable
02/03/2020 06:36:15 p.m.: [Método: Void Open(), Línea: 0] - ORA-12543: TNS:destination host unreachable
02/03/2020 06:36:15 p.m.: [Método: Boolean MoveNext(), Línea: 0] - ORA-12543: TNS:destination host unreachable
02/03/2020 06:36:15 p.m.: [Método: Void .ctor(System.Collections.Generic.IEnumerable`1[T]), Línea: 0] - ORA-12543: TNS:destination host unreachable
02/03/2020 06:36:15 p.m.: [Método: System.Collections.Generic.List`1[TSource] ToList[TSource](System.Collections.Generic.IEnumerable`1[TSource]), Línea: 0] - ORA-12543: TNS:destination host unreachable
02/03/2020 06:36:15 p.m.: [Método: System.Collections.Generic.IEnumerable`1[T] Query[T](System.Data.IDbConnection, System.String, System.Object, System.Data.IDbTransaction, Boolean, System.Nullable`1[System.Int32], System.Nullable`1[System.Data.CommandType]), Línea: 0] - ORA-12543: TNS:destination host unreachable
02/03/2020 06:36:15 p.m.: [Método: System.Collections.Generic.List`1[entidad.minem.gob.pe.UsuarioBE] SeleccionarMantenimientoUsuario(entidad.minem.gob.pe.UsuarioBE), Línea: 326] - ORA-12543: TNS:destination host unreachable
02/03/2020 06:37:03 p.m.: [Método: Void HandleErrorHelper(Int32, Oracle.DataAccess.Client.OracleConnection, IntPtr, Oracle.DataAccess.Client.OpoSqlValCtx*, System.Object, System.String, Boolean, Int32, Oracle.DataAccess.Client.OracleLogicalTransaction), Línea: 0] - ORA-12543: TNS:destination host unreachable
02/03/2020 06:37:03 p.m.: [Método: Void HandleError(Int32, Oracle.DataAccess.Client.OracleConnection, IntPtr, System.Object, Oracle.DataAccess.Client.OracleLogicalTransaction), Línea: 0] - ORA-12543: TNS:destination host unreachable
02/03/2020 06:37:03 p.m.: [Método: Void Open(Oracle.DataAccess.Client.OracleConnection), Línea: 0] - ORA-12543: TNS:destination host unreachable
02/03/2020 06:37:03 p.m.: [Método: Void Open(), Línea: 0] - ORA-12543: TNS:destination host unreachable
02/03/2020 06:37:03 p.m.: [Método: Int32 ExecuteCommand(System.Data.IDbConnection, Dapper.CommandDefinition ByRef, System.Action`2[System.Data.IDbCommand,System.Object]), Línea: 0] - ORA-12543: TNS:destination host unreachable
02/03/2020 06:37:03 p.m.: [Método: Int32 ExecuteImpl(System.Data.IDbConnection, Dapper.CommandDefinition ByRef), Línea: 0] - ORA-12543: TNS:destination host unreachable
02/03/2020 06:37:03 p.m.: [Método: Int32 Execute(System.Data.IDbConnection, System.String, System.Object, System.Data.IDbTransaction, System.Nullable`1[System.Int32], System.Nullable`1[System.Data.CommandType]), Línea: 0] - ORA-12543: TNS:destination host unreachable
02/03/2020 06:37:03 p.m.: [Método: entidad.minem.gob.pe.UsuarioBE EditarUsuario(entidad.minem.gob.pe.UsuarioBE), Línea: 125] - ORA-12543: TNS:destination host unreachable
02/03/2020 06:37:46 p.m.: [Método: Void HandleErrorHelper(Int32, Oracle.DataAccess.Client.OracleConnection, IntPtr, Oracle.DataAccess.Client.OpoSqlValCtx*, System.Object, System.String, Boolean, Int32, Oracle.DataAccess.Client.OracleLogicalTransaction), Línea: 0] - ORA-12543: TNS:destination host unreachable
02/03/2020 06:37:46 p.m.: [Método: Void HandleError(Int32, Oracle.DataAccess.Client.OracleConnection, IntPtr, System.Object, Oracle.DataAccess.Client.OracleLogicalTransaction), Línea: 0] - ORA-12543: TNS:destination host unreachable
02/03/2020 06:37:46 p.m.: [Método: Void Open(Oracle.DataAccess.Client.OracleConnection), Línea: 0] - ORA-12543: TNS:destination host unreachable
02/03/2020 06:37:46 p.m.: [Método: Void Open(), Línea: 0] - ORA-12543: TNS:destination host unreachable
02/03/2020 06:37:46 p.m.: [Método: Boolean MoveNext(), Línea: 0] - ORA-12543: TNS:destination host unreachable
02/03/2020 06:37:46 p.m.: [Método: Void .ctor(System.Collections.Generic.IEnumerable`1[T]), Línea: 0] - ORA-12543: TNS:destination host unreachable
02/03/2020 06:37:46 p.m.: [Método: System.Collections.Generic.List`1[TSource] ToList[TSource](System.Collections.Generic.IEnumerable`1[TSource]), Línea: 0] - ORA-12543: TNS:destination host unreachable
02/03/2020 06:37:46 p.m.: [Método: System.Collections.Generic.IEnumerable`1[T] Query[T](System.Data.IDbConnection, System.String, System.Object, System.Data.IDbTransaction, Boolean, System.Nullable`1[System.Int32], System.Nullable`1[System.Data.CommandType]), Línea: 0] - ORA-12543: TNS:destination host unreachable
02/03/2020 06:37:46 p.m.: [Método: System.Collections.Generic.List`1[entidad.minem.gob.pe.UsuarioBE] SeleccionarMantenimientoUsuario(entidad.minem.gob.pe.UsuarioBE), Línea: 326] - ORA-12543: TNS:destination host unreachable
02/03/2020 06:37:52 p.m.: [Método: Void HandleErrorHelper(Int32, Oracle.DataAccess.Client.OracleConnection, IntPtr, Oracle.DataAccess.Client.OpoSqlValCtx*, System.Object, System.String, Boolean, Int32, Oracle.DataAccess.Client.OracleLogicalTransaction), Línea: 0] - ORA-12543: TNS:destination host unreachable
02/03/2020 06:37:52 p.m.: [Método: Void HandleError(Int32, Oracle.DataAccess.Client.OracleConnection, IntPtr, System.Object, Oracle.DataAccess.Client.OracleLogicalTransaction), Línea: 0] - ORA-12543: TNS:destination host unreachable
02/03/2020 06:37:52 p.m.: [Método: Void Open(Oracle.DataAccess.Client.OracleConnection), Línea: 0] - ORA-12543: TNS:destination host unreachable
02/03/2020 06:37:52 p.m.: [Método: Void Open(), Línea: 0] - ORA-12543: TNS:destination host unreachable
02/03/2020 06:37:52 p.m.: [Método: Int32 ExecuteCommand(System.Data.IDbConnection, Dapper.CommandDefinition ByRef, System.Action`2[System.Data.IDbCommand,System.Object]), Línea: 0] - ORA-12543: TNS:destination host unreachable
02/03/2020 06:37:52 p.m.: [Método: Int32 ExecuteImpl(System.Data.IDbConnection, Dapper.CommandDefinition ByRef), Línea: 0] - ORA-12543: TNS:destination host unreachable
02/03/2020 06:37:52 p.m.: [Método: Int32 Execute(System.Data.IDbConnection, System.String, System.Object, System.Data.IDbTransaction, System.Nullable`1[System.Int32], System.Nullable`1[System.Data.CommandType]), Línea: 0] - ORA-12543: TNS:destination host unreachable
02/03/2020 06:37:52 p.m.: [Método: entidad.minem.gob.pe.UsuarioBE EditarUsuario(entidad.minem.gob.pe.UsuarioBE), Línea: 125] - ORA-12543: TNS:destination host unreachable
02/03/2020 06:38:26 p.m.: [Método: Void HandleErrorHelper(Int32, Oracle.DataAccess.Client.OracleConnection, IntPtr, Oracle.DataAccess.Client.OpoSqlValCtx*, System.Object, System.String, Boolean, Int32, Oracle.DataAccess.Client.OracleLogicalTransaction), Línea: 0] - ORA-12543: TNS:destination host unreachable
02/03/2020 06:38:26 p.m.: [Método: Void HandleError(Int32, Oracle.DataAccess.Client.OracleConnection, IntPtr, System.Object, Oracle.DataAccess.Client.OracleLogicalTransaction), Línea: 0] - ORA-12543: TNS:destination host unreachable
02/03/2020 06:38:26 p.m.: [Método: Void Open(Oracle.DataAccess.Client.OracleConnection), Línea: 0] - ORA-12543: TNS:destination host unreachable
02/03/2020 06:38:26 p.m.: [Método: Void Open(), Línea: 0] - ORA-12543: TNS:destination host unreachable
02/03/2020 06:38:26 p.m.: [Método: Int32 ExecuteCommand(System.Data.IDbConnection, Dapper.CommandDefinition ByRef, System.Action`2[System.Data.IDbCommand,System.Object]), Línea: 0] - ORA-12543: TNS:destination host unreachable
02/03/2020 06:38:26 p.m.: [Método: Int32 ExecuteImpl(System.Data.IDbConnection, Dapper.CommandDefinition ByRef), Línea: 0] - ORA-12543: TNS:destination host unreachable
02/03/2020 06:38:26 p.m.: [Método: Int32 Execute(System.Data.IDbConnection, System.String, System.Object, System.Data.IDbTransaction, System.Nullable`1[System.Int32], System.Nullable`1[System.Data.CommandType]), Línea: 0] - ORA-12543: TNS:destination host unreachable
02/03/2020 06:38:26 p.m.: [Método: entidad.minem.gob.pe.UsuarioBE EditarUsuario(entidad.minem.gob.pe.UsuarioBE), Línea: 125] - ORA-12543: TNS:destination host unreachable
02/03/2020 07:17:09 p.m.: [Método: System.Object ConvertFrom(System.ComponentModel.ITypeDescriptorContext, System.Globalization.CultureInfo, System.Object), Línea: 0] -  no es un valor válido para Int32.
02/03/2020 07:17:09 p.m.: [Método: Boolean ConvertObjectToTypeInternal(System.Object, System.Type, System.Web.Script.Serialization.JavaScriptSerializer, Boolean, System.Object ByRef), Línea: 0] -  no es un valor válido para Int32.
02/03/2020 07:17:09 p.m.: [Método: Boolean ConvertObjectToTypeMain(System.Object, System.Type, System.Web.Script.Serialization.JavaScriptSerializer, Boolean, System.Object ByRef), Línea: 0] -  no es un valor válido para Int32.
02/03/2020 07:17:09 p.m.: [Método: Boolean AssignToPropertyOrField(System.Object, System.Object, System.String, System.Web.Script.Serialization.JavaScriptSerializer, Boolean), Línea: 0] -  no es un valor válido para Int32.
02/03/2020 07:17:09 p.m.: [Método: Boolean ConvertDictionaryToObject(System.Collections.Generic.IDictionary`2[System.String,System.Object], System.Type, System.Web.Script.Serialization.JavaScriptSerializer, Boolean, System.Object ByRef), Línea: 0] -  no es un valor válido para Int32.
02/03/2020 07:17:09 p.m.: [Método: Boolean ConvertObjectToTypeInternal(System.Object, System.Type, System.Web.Script.Serialization.JavaScriptSerializer, Boolean, System.Object ByRef), Línea: 0] -  no es un valor válido para Int32.
02/03/2020 07:17:09 p.m.: [Método: Boolean ConvertObjectToTypeMain(System.Object, System.Type, System.Web.Script.Serialization.JavaScriptSerializer, Boolean, System.Object ByRef), Línea: 0] -  no es un valor válido para Int32.
02/03/2020 07:17:09 p.m.: [Método: System.Object Deserialize(System.Web.Script.Serialization.JavaScriptSerializer, System.String, System.Type, Int32), Línea: 0] -  no es un valor válido para Int32.
02/03/2020 07:17:09 p.m.: [Método: T Deserialize[T](System.String), Línea: 0] -  no es un valor válido para Int32.
02/03/2020 07:17:09 p.m.: [Método: Void ExportarIniciativa(System.String), Línea: 1876] -  no es un valor válido para Int32.
02/03/2020 07:17:24 p.m.: [Método: System.Object ConvertFrom(System.ComponentModel.ITypeDescriptorContext, System.Globalization.CultureInfo, System.Object), Línea: 0] -  no es un valor válido para Int32.
02/03/2020 07:17:24 p.m.: [Método: Boolean ConvertObjectToTypeInternal(System.Object, System.Type, System.Web.Script.Serialization.JavaScriptSerializer, Boolean, System.Object ByRef), Línea: 0] -  no es un valor válido para Int32.
02/03/2020 07:17:24 p.m.: [Método: Boolean ConvertObjectToTypeMain(System.Object, System.Type, System.Web.Script.Serialization.JavaScriptSerializer, Boolean, System.Object ByRef), Línea: 0] -  no es un valor válido para Int32.
02/03/2020 07:17:24 p.m.: [Método: Boolean AssignToPropertyOrField(System.Object, System.Object, System.String, System.Web.Script.Serialization.JavaScriptSerializer, Boolean), Línea: 0] -  no es un valor válido para Int32.
02/03/2020 07:17:24 p.m.: [Método: Boolean ConvertDictionaryToObject(System.Collections.Generic.IDictionary`2[System.String,System.Object], System.Type, System.Web.Script.Serialization.JavaScriptSerializer, Boolean, System.Object ByRef), Línea: 0] -  no es un valor válido para Int32.
02/03/2020 07:17:24 p.m.: [Método: Boolean ConvertObjectToTypeInternal(System.Object, System.Type, System.Web.Script.Serialization.JavaScriptSerializer, Boolean, System.Object ByRef), Línea: 0] -  no es un valor válido para Int32.
02/03/2020 07:17:24 p.m.: [Método: Boolean ConvertObjectToTypeMain(System.Object, System.Type, System.Web.Script.Serialization.JavaScriptSerializer, Boolean, System.Object ByRef), Línea: 0] -  no es un valor válido para Int32.
02/03/2020 07:17:24 p.m.: [Método: System.Object Deserialize(System.Web.Script.Serialization.JavaScriptSerializer, System.String, System.Type, Int32), Línea: 0] -  no es un valor válido para Int32.
02/03/2020 07:17:24 p.m.: [Método: T Deserialize[T](System.String), Línea: 0] -  no es un valor válido para Int32.
02/03/2020 07:17:24 p.m.: [Método: Void ExportarIniciativa(System.String), Línea: 1876] -  no es un valor válido para Int32.
02/03/2020 07:21:48 p.m.: [Método: System.Object ConvertFrom(System.ComponentModel.ITypeDescriptorContext, System.Globalization.CultureInfo, System.Object), Línea: 0] -  no es un valor válido para Int32.
02/03/2020 07:21:48 p.m.: [Método: Boolean ConvertObjectToTypeInternal(System.Object, System.Type, System.Web.Script.Serialization.JavaScriptSerializer, Boolean, System.Object ByRef), Línea: 0] -  no es un valor válido para Int32.
02/03/2020 07:21:48 p.m.: [Método: Boolean ConvertObjectToTypeMain(System.Object, System.Type, System.Web.Script.Serialization.JavaScriptSerializer, Boolean, System.Object ByRef), Línea: 0] -  no es un valor válido para Int32.
02/03/2020 07:21:48 p.m.: [Método: Boolean AssignToPropertyOrField(System.Object, System.Object, System.String, System.Web.Script.Serialization.JavaScriptSerializer, Boolean), Línea: 0] -  no es un valor válido para Int32.
02/03/2020 07:21:48 p.m.: [Método: Boolean ConvertDictionaryToObject(System.Collections.Generic.IDictionary`2[System.String,System.Object], System.Type, System.Web.Script.Serialization.JavaScriptSerializer, Boolean, System.Object ByRef), Línea: 0] -  no es un valor válido para Int32.
02/03/2020 07:21:48 p.m.: [Método: Boolean ConvertObjectToTypeInternal(System.Object, System.Type, System.Web.Script.Serialization.JavaScriptSerializer, Boolean, System.Object ByRef), Línea: 0] -  no es un valor válido para Int32.
02/03/2020 07:21:48 p.m.: [Método: Boolean ConvertObjectToTypeMain(System.Object, System.Type, System.Web.Script.Serialization.JavaScriptSerializer, Boolean, System.Object ByRef), Línea: 0] -  no es un valor válido para Int32.
02/03/2020 07:21:48 p.m.: [Método: System.Object Deserialize(System.Web.Script.Serialization.JavaScriptSerializer, System.String, System.Type, Int32), Línea: 0] -  no es un valor válido para Int32.
02/03/2020 07:21:48 p.m.: [Método: T Deserialize[T](System.String), Línea: 0] -  no es un valor válido para Int32.
02/03/2020 07:21:48 p.m.: [Método: Void ExportarIniciativa(System.String), Línea: 1876] -  no es un valor válido para Int32.
02/03/2020 07:23:45 p.m.: [Método: System.Object ConvertFrom(System.ComponentModel.ITypeDescriptorContext, System.Globalization.CultureInfo, System.Object), Línea: 0] -  no es un valor válido para Int32.
02/03/2020 07:23:45 p.m.: [Método: Boolean ConvertObjectToTypeInternal(System.Object, System.Type, System.Web.Script.Serialization.JavaScriptSerializer, Boolean, System.Object ByRef), Línea: 0] -  no es un valor válido para Int32.
02/03/2020 07:23:45 p.m.: [Método: Boolean ConvertObjectToTypeMain(System.Object, System.Type, System.Web.Script.Serialization.JavaScriptSerializer, Boolean, System.Object ByRef), Línea: 0] -  no es un valor válido para Int32.
02/03/2020 07:23:45 p.m.: [Método: Boolean AssignToPropertyOrField(System.Object, System.Object, System.String, System.Web.Script.Serialization.JavaScriptSerializer, Boolean), Línea: 0] -  no es un valor válido para Int32.
02/03/2020 07:23:45 p.m.: [Método: Boolean ConvertDictionaryToObject(System.Collections.Generic.IDictionary`2[System.String,System.Object], System.Type, System.Web.Script.Serialization.JavaScriptSerializer, Boolean, System.Object ByRef), Línea: 0] -  no es un valor válido para Int32.
02/03/2020 07:23:45 p.m.: [Método: Boolean ConvertObjectToTypeInternal(System.Object, System.Type, System.Web.Script.Serialization.JavaScriptSerializer, Boolean, System.Object ByRef), Línea: 0] -  no es un valor válido para Int32.
02/03/2020 07:23:45 p.m.: [Método: Boolean ConvertObjectToTypeMain(System.Object, System.Type, System.Web.Script.Serialization.JavaScriptSerializer, Boolean, System.Object ByRef), Línea: 0] -  no es un valor válido para Int32.
02/03/2020 07:23:45 p.m.: [Método: System.Object Deserialize(System.Web.Script.Serialization.JavaScriptSerializer, System.String, System.Type, Int32), Línea: 0] -  no es un valor válido para Int32.
02/03/2020 07:23:45 p.m.: [Método: T Deserialize[T](System.String), Línea: 0] -  no es un valor válido para Int32.
02/03/2020 07:23:45 p.m.: [Método: Void ExportarIniciativa(System.String), Línea: 1876] -  no es un valor válido para Int32.
02/03/2020 07:25:48 p.m.: [Método: System.Object ConvertFrom(System.ComponentModel.ITypeDescriptorContext, System.Globalization.CultureInfo, System.Object), Línea: 0] -  no es un valor válido para Int32.
02/03/2020 07:25:48 p.m.: [Método: Boolean ConvertObjectToTypeInternal(System.Object, System.Type, System.Web.Script.Serialization.JavaScriptSerializer, Boolean, System.Object ByRef), Línea: 0] -  no es un valor válido para Int32.
02/03/2020 07:25:48 p.m.: [Método: Boolean ConvertObjectToTypeMain(System.Object, System.Type, System.Web.Script.Serialization.JavaScriptSerializer, Boolean, System.Object ByRef), Línea: 0] -  no es un valor válido para Int32.
02/03/2020 07:25:48 p.m.: [Método: Boolean AssignToPropertyOrField(System.Object, System.Object, System.String, System.Web.Script.Serialization.JavaScriptSerializer, Boolean), Línea: 0] -  no es un valor válido para Int32.
02/03/2020 07:25:48 p.m.: [Método: Boolean ConvertDictionaryToObject(System.Collections.Generic.IDictionary`2[System.String,System.Object], System.Type, System.Web.Script.Serialization.JavaScriptSerializer, Boolean, System.Object ByRef), Línea: 0] -  no es un valor válido para Int32.
02/03/2020 07:25:48 p.m.: [Método: Boolean ConvertObjectToTypeInternal(System.Object, System.Type, System.Web.Script.Serialization.JavaScriptSerializer, Boolean, System.Object ByRef), Línea: 0] -  no es un valor válido para Int32.
02/03/2020 07:25:48 p.m.: [Método: Boolean ConvertObjectToTypeMain(System.Object, System.Type, System.Web.Script.Serialization.JavaScriptSerializer, Boolean, System.Object ByRef), Línea: 0] -  no es un valor válido para Int32.
02/03/2020 07:25:48 p.m.: [Método: System.Object Deserialize(System.Web.Script.Serialization.JavaScriptSerializer, System.String, System.Type, Int32), Línea: 0] -  no es un valor válido para Int32.
02/03/2020 07:25:48 p.m.: [Método: T Deserialize[T](System.String), Línea: 0] -  no es un valor válido para Int32.
02/03/2020 07:25:48 p.m.: [Método: Void ExportarIniciativa(System.String), Línea: 1876] -  no es un valor válido para Int32.
02/03/2020 07:25:59 p.m.: [Método: System.Object ConvertFrom(System.ComponentModel.ITypeDescriptorContext, System.Globalization.CultureInfo, System.Object), Línea: 0] -  no es un valor válido para Int32.
02/03/2020 07:25:59 p.m.: [Método: Boolean ConvertObjectToTypeInternal(System.Object, System.Type, System.Web.Script.Serialization.JavaScriptSerializer, Boolean, System.Object ByRef), Línea: 0] -  no es un valor válido para Int32.
02/03/2020 07:25:59 p.m.: [Método: Boolean ConvertObjectToTypeMain(System.Object, System.Type, System.Web.Script.Serialization.JavaScriptSerializer, Boolean, System.Object ByRef), Línea: 0] -  no es un valor válido para Int32.
02/03/2020 07:25:59 p.m.: [Método: Boolean AssignToPropertyOrField(System.Object, System.Object, System.String, System.Web.Script.Serialization.JavaScriptSerializer, Boolean), Línea: 0] -  no es un valor válido para Int32.
02/03/2020 07:25:59 p.m.: [Método: Boolean ConvertDictionaryToObject(System.Collections.Generic.IDictionary`2[System.String,System.Object], System.Type, System.Web.Script.Serialization.JavaScriptSerializer, Boolean, System.Object ByRef), Línea: 0] -  no es un valor válido para Int32.
02/03/2020 07:25:59 p.m.: [Método: Boolean ConvertObjectToTypeInternal(System.Object, System.Type, System.Web.Script.Serialization.JavaScriptSerializer, Boolean, System.Object ByRef), Línea: 0] -  no es un valor válido para Int32.
02/03/2020 07:25:59 p.m.: [Método: Boolean ConvertObjectToTypeMain(System.Object, System.Type, System.Web.Script.Serialization.JavaScriptSerializer, Boolean, System.Object ByRef), Línea: 0] -  no es un valor válido para Int32.
02/03/2020 07:25:59 p.m.: [Método: System.Object Deserialize(System.Web.Script.Serialization.JavaScriptSerializer, System.String, System.Type, Int32), Línea: 0] -  no es un valor válido para Int32.
02/03/2020 07:25:59 p.m.: [Método: T Deserialize[T](System.String), Línea: 0] -  no es un valor válido para Int32.
02/03/2020 07:25:59 p.m.: [Método: Void ExportarIniciativa(System.String), Línea: 1876] -  no es un valor válido para Int32.
02/03/2020 07:28:49 p.m.: [Método: System.Object ConvertFrom(System.ComponentModel.ITypeDescriptorContext, System.Globalization.CultureInfo, System.Object), Línea: 0] -  no es un valor válido para Int32.
02/03/2020 07:28:49 p.m.: [Método: Boolean ConvertObjectToTypeInternal(System.Object, System.Type, System.Web.Script.Serialization.JavaScriptSerializer, Boolean, System.Object ByRef), Línea: 0] -  no es un valor válido para Int32.
02/03/2020 07:28:49 p.m.: [Método: Boolean ConvertObjectToTypeMain(System.Object, System.Type, System.Web.Script.Serialization.JavaScriptSerializer, Boolean, System.Object ByRef), Línea: 0] -  no es un valor válido para Int32.
02/03/2020 07:28:49 p.m.: [Método: Boolean AssignToPropertyOrField(System.Object, System.Object, System.String, System.Web.Script.Serialization.JavaScriptSerializer, Boolean), Línea: 0] -  no es un valor válido para Int32.
02/03/2020 07:28:49 p.m.: [Método: Boolean ConvertDictionaryToObject(System.Collections.Generic.IDictionary`2[System.String,System.Object], System.Type, System.Web.Script.Serialization.JavaScriptSerializer, Boolean, System.Object ByRef), Línea: 0] -  no es un valor válido para Int32.
02/03/2020 07:28:49 p.m.: [Método: Boolean ConvertObjectToTypeInternal(System.Object, System.Type, System.Web.Script.Serialization.JavaScriptSerializer, Boolean, System.Object ByRef), Línea: 0] -  no es un valor válido para Int32.
02/03/2020 07:28:49 p.m.: [Método: Boolean ConvertObjectToTypeMain(System.Object, System.Type, System.Web.Script.Serialization.JavaScriptSerializer, Boolean, System.Object ByRef), Línea: 0] -  no es un valor válido para Int32.
02/03/2020 07:28:49 p.m.: [Método: System.Object Deserialize(System.Web.Script.Serialization.JavaScriptSerializer, System.String, System.Type, Int32), Línea: 0] -  no es un valor válido para Int32.
02/03/2020 07:28:49 p.m.: [Método: T Deserialize[T](System.String), Línea: 0] -  no es un valor válido para Int32.
02/03/2020 07:28:49 p.m.: [Método: Void ExportarIniciativa(System.String), Línea: 1876] -  no es un valor válido para Int32.
02/03/2020 07:31:15 p.m.: [Método: System.Object ConvertFrom(System.ComponentModel.ITypeDescriptorContext, System.Globalization.CultureInfo, System.Object), Línea: 0] -  no es un valor válido para Int32.
02/03/2020 07:31:15 p.m.: [Método: Boolean ConvertObjectToTypeInternal(System.Object, System.Type, System.Web.Script.Serialization.JavaScriptSerializer, Boolean, System.Object ByRef), Línea: 0] -  no es un valor válido para Int32.
02/03/2020 07:31:15 p.m.: [Método: Boolean ConvertObjectToTypeMain(System.Object, System.Type, System.Web.Script.Serialization.JavaScriptSerializer, Boolean, System.Object ByRef), Línea: 0] -  no es un valor válido para Int32.
02/03/2020 07:31:15 p.m.: [Método: Boolean AssignToPropertyOrField(System.Object, System.Object, System.String, System.Web.Script.Serialization.JavaScriptSerializer, Boolean), Línea: 0] -  no es un valor válido para Int32.
02/03/2020 07:31:15 p.m.: [Método: Boolean ConvertDictionaryToObject(System.Collections.Generic.IDictionary`2[System.String,System.Object], System.Type, System.Web.Script.Serialization.JavaScriptSerializer, Boolean, System.Object ByRef), Línea: 0] -  no es un valor válido para Int32.
02/03/2020 07:31:15 p.m.: [Método: Boolean ConvertObjectToTypeInternal(System.Object, System.Type, System.Web.Script.Serialization.JavaScriptSerializer, Boolean, System.Object ByRef), Línea: 0] -  no es un valor válido para Int32.
02/03/2020 07:31:15 p.m.: [Método: Boolean ConvertObjectToTypeMain(System.Object, System.Type, System.Web.Script.Serialization.JavaScriptSerializer, Boolean, System.Object ByRef), Línea: 0] -  no es un valor válido para Int32.
02/03/2020 07:31:15 p.m.: [Método: System.Object Deserialize(System.Web.Script.Serialization.JavaScriptSerializer, System.String, System.Type, Int32), Línea: 0] -  no es un valor válido para Int32.
02/03/2020 07:31:15 p.m.: [Método: T Deserialize[T](System.String), Línea: 0] -  no es un valor válido para Int32.
02/03/2020 07:31:15 p.m.: [Método: Void ExportarIniciativa(System.String), Línea: 1876] -  no es un valor válido para Int32.
02/03/2020 07:32:40 p.m.: [Método: System.Object ConvertFrom(System.ComponentModel.ITypeDescriptorContext, System.Globalization.CultureInfo, System.Object), Línea: 0] -  no es un valor válido para Int32.
02/03/2020 07:32:40 p.m.: [Método: Boolean ConvertObjectToTypeInternal(System.Object, System.Type, System.Web.Script.Serialization.JavaScriptSerializer, Boolean, System.Object ByRef), Línea: 0] -  no es un valor válido para Int32.
02/03/2020 07:32:40 p.m.: [Método: Boolean ConvertObjectToTypeMain(System.Object, System.Type, System.Web.Script.Serialization.JavaScriptSerializer, Boolean, System.Object ByRef), Línea: 0] -  no es un valor válido para Int32.
02/03/2020 07:32:40 p.m.: [Método: Boolean AssignToPropertyOrField(System.Object, System.Object, System.String, System.Web.Script.Serialization.JavaScriptSerializer, Boolean), Línea: 0] -  no es un valor válido para Int32.
02/03/2020 07:32:40 p.m.: [Método: Boolean ConvertDictionaryToObject(System.Collections.Generic.IDictionary`2[System.String,System.Object], System.Type, System.Web.Script.Serialization.JavaScriptSerializer, Boolean, System.Object ByRef), Línea: 0] -  no es un valor válido para Int32.
02/03/2020 07:32:40 p.m.: [Método: Boolean ConvertObjectToTypeInternal(System.Object, System.Type, System.Web.Script.Serialization.JavaScriptSerializer, Boolean, System.Object ByRef), Línea: 0] -  no es un valor válido para Int32.
02/03/2020 07:32:40 p.m.: [Método: Boolean ConvertObjectToTypeMain(System.Object, System.Type, System.Web.Script.Serialization.JavaScriptSerializer, Boolean, System.Object ByRef), Línea: 0] -  no es un valor válido para Int32.
02/03/2020 07:32:40 p.m.: [Método: System.Object Deserialize(System.Web.Script.Serialization.JavaScriptSerializer, System.String, System.Type, Int32), Línea: 0] -  no es un valor válido para Int32.
02/03/2020 07:32:40 p.m.: [Método: T Deserialize[T](System.String), Línea: 0] -  no es un valor válido para Int32.
02/03/2020 07:32:40 p.m.: [Método: Void ExportarIniciativa(System.String), Línea: 1876] -  no es un valor válido para Int32.
