18/02/2020 12:09:33 a.m.: [Método: Void HandleErrorHelper(Int32, Oracle.DataAccess.Client.OracleConnection, IntPtr, Oracle.DataAccess.Client.OpoSqlValCtx*, System.Object, System.String, Boolean, Int32, Oracle.DataAccess.Client.OracleLogicalTransaction), Línea: 0] - ORA-06550: línea 1, columna 41:
PLS-00302: el componente 'USP_SEL_ARCHIVO_GUARDADO' se debe declarar
ORA-06550: línea 1, columna 7:
PL/SQL: Statement ignored
18/02/2020 12:09:33 a.m.: [Método: Void HandleError(Int32, Oracle.DataAccess.Client.OracleConnection, System.String, IntPtr, Oracle.DataAccess.Client.OpoSqlValCtx*, System.Object, Boolean, Oracle.DataAccess.Client.OracleLogicalTransaction), Línea: 0] - ORA-06550: línea 1, columna 41:
PLS-00302: el componente 'USP_SEL_ARCHIVO_GUARDADO' se debe declarar
ORA-06550: línea 1, columna 7:
PL/SQL: Statement ignored
18/02/2020 12:09:33 a.m.: [Método: Oracle.DataAccess.Client.OracleDataReader ExecuteReader(Boolean, Boolean, System.Data.CommandBehavior), Línea: 0] - ORA-06550: línea 1, columna 41:
PLS-00302: el componente 'USP_SEL_ARCHIVO_GUARDADO' se debe declarar
ORA-06550: línea 1, columna 7:
PL/SQL: Statement ignored
18/02/2020 12:09:33 a.m.: [Método: System.Data.Common.DbDataReader ExecuteDbDataReader(System.Data.CommandBehavior), Línea: 0] - ORA-06550: línea 1, columna 41:
PLS-00302: el componente 'USP_SEL_ARCHIVO_GUARDADO' se debe declarar
ORA-06550: línea 1, columna 7:
PL/SQL: Statement ignored
18/02/2020 12:09:33 a.m.: [Método: System.Data.IDataReader System.Data.IDbCommand.ExecuteReader(System.Data.CommandBehavior), Línea: 0] - ORA-06550: línea 1, columna 41:
PLS-00302: el componente 'USP_SEL_ARCHIVO_GUARDADO' se debe declarar
ORA-06550: línea 1, columna 7:
PL/SQL: Statement ignored
18/02/2020 12:09:33 a.m.: [Método: System.Data.IDataReader ExecuteReaderWithFlagsFallback(System.Data.IDbCommand, Boolean, System.Data.CommandBehavior), Línea: 0] - ORA-06550: línea 1, columna 41:
PLS-00302: el componente 'USP_SEL_ARCHIVO_GUARDADO' se debe declarar
ORA-06550: línea 1, columna 7:
PL/SQL: Statement ignored
18/02/2020 12:09:33 a.m.: [Método: Boolean MoveNext(), Línea: 0] - ORA-06550: línea 1, columna 41:
PLS-00302: el componente 'USP_SEL_ARCHIVO_GUARDADO' se debe declarar
ORA-06550: línea 1, columna 7:
PL/SQL: Statement ignored
18/02/2020 12:09:33 a.m.: [Método: Void .ctor(System.Collections.Generic.IEnumerable`1[T]), Línea: 0] - ORA-06550: línea 1, columna 41:
PLS-00302: el componente 'USP_SEL_ARCHIVO_GUARDADO' se debe declarar
ORA-06550: línea 1, columna 7:
PL/SQL: Statement ignored
18/02/2020 12:09:33 a.m.: [Método: System.Collections.Generic.List`1[TSource] ToList[TSource](System.Collections.Generic.IEnumerable`1[TSource]), Línea: 0] - ORA-06550: línea 1, columna 41:
PLS-00302: el componente 'USP_SEL_ARCHIVO_GUARDADO' se debe declarar
ORA-06550: línea 1, columna 7:
PL/SQL: Statement ignored
18/02/2020 12:09:33 a.m.: [Método: System.Collections.Generic.IEnumerable`1[T] Query[T](System.Data.IDbConnection, System.String, System.Object, System.Data.IDbTransaction, Boolean, System.Nullable`1[System.Int32], System.Nullable`1[System.Data.CommandType]), Línea: 0] - ORA-06550: línea 1, columna 41:
PLS-00302: el componente 'USP_SEL_ARCHIVO_GUARDADO' se debe declarar
ORA-06550: línea 1, columna 7:
PL/SQL: Statement ignored
18/02/2020 12:09:33 a.m.: [Método: System.Collections.Generic.List`1[entidad.minem.gob.pe.SustentoIniciativaBE] ListarArchivosGuardados(entidad.minem.gob.pe.IniciativaBE), Línea: 1543] - ORA-06550: línea 1, columna 41:
PLS-00302: el componente 'USP_SEL_ARCHIVO_GUARDADO' se debe declarar
ORA-06550: línea 1, columna 7:
PL/SQL: Statement ignored
18/02/2020 12:14:44 a.m.: [Método: Void HandleErrorHelper(Int32, Oracle.DataAccess.Client.OracleConnection, IntPtr, Oracle.DataAccess.Client.OpoSqlValCtx*, System.Object, System.String, Boolean, Int32, Oracle.DataAccess.Client.OracleLogicalTransaction), Línea: 0] - ORA-06550: línea 1, columna 41:
PLS-00302: el componente 'USP_SEL_ARCHIVO_GUARDADO' se debe declarar
ORA-06550: línea 1, columna 7:
PL/SQL: Statement ignored
18/02/2020 12:14:44 a.m.: [Método: Void HandleError(Int32, Oracle.DataAccess.Client.OracleConnection, System.String, IntPtr, Oracle.DataAccess.Client.OpoSqlValCtx*, System.Object, Boolean, Oracle.DataAccess.Client.OracleLogicalTransaction), Línea: 0] - ORA-06550: línea 1, columna 41:
PLS-00302: el componente 'USP_SEL_ARCHIVO_GUARDADO' se debe declarar
ORA-06550: línea 1, columna 7:
PL/SQL: Statement ignored
18/02/2020 12:14:44 a.m.: [Método: Oracle.DataAccess.Client.OracleDataReader ExecuteReader(Boolean, Boolean, System.Data.CommandBehavior), Línea: 0] - ORA-06550: línea 1, columna 41:
PLS-00302: el componente 'USP_SEL_ARCHIVO_GUARDADO' se debe declarar
ORA-06550: línea 1, columna 7:
PL/SQL: Statement ignored
18/02/2020 12:14:44 a.m.: [Método: System.Data.Common.DbDataReader ExecuteDbDataReader(System.Data.CommandBehavior), Línea: 0] - ORA-06550: línea 1, columna 41:
PLS-00302: el componente 'USP_SEL_ARCHIVO_GUARDADO' se debe declarar
ORA-06550: línea 1, columna 7:
PL/SQL: Statement ignored
18/02/2020 12:14:44 a.m.: [Método: System.Data.IDataReader System.Data.IDbCommand.ExecuteReader(System.Data.CommandBehavior), Línea: 0] - ORA-06550: línea 1, columna 41:
PLS-00302: el componente 'USP_SEL_ARCHIVO_GUARDADO' se debe declarar
ORA-06550: línea 1, columna 7:
PL/SQL: Statement ignored
18/02/2020 12:14:44 a.m.: [Método: System.Data.IDataReader ExecuteReaderWithFlagsFallback(System.Data.IDbCommand, Boolean, System.Data.CommandBehavior), Línea: 0] - ORA-06550: línea 1, columna 41:
PLS-00302: el componente 'USP_SEL_ARCHIVO_GUARDADO' se debe declarar
ORA-06550: línea 1, columna 7:
PL/SQL: Statement ignored
18/02/2020 12:14:44 a.m.: [Método: Boolean MoveNext(), Línea: 0] - ORA-06550: línea 1, columna 41:
PLS-00302: el componente 'USP_SEL_ARCHIVO_GUARDADO' se debe declarar
ORA-06550: línea 1, columna 7:
PL/SQL: Statement ignored
18/02/2020 12:14:44 a.m.: [Método: Void .ctor(System.Collections.Generic.IEnumerable`1[T]), Línea: 0] - ORA-06550: línea 1, columna 41:
PLS-00302: el componente 'USP_SEL_ARCHIVO_GUARDADO' se debe declarar
ORA-06550: línea 1, columna 7:
PL/SQL: Statement ignored
18/02/2020 12:14:44 a.m.: [Método: System.Collections.Generic.List`1[TSource] ToList[TSource](System.Collections.Generic.IEnumerable`1[TSource]), Línea: 0] - ORA-06550: línea 1, columna 41:
PLS-00302: el componente 'USP_SEL_ARCHIVO_GUARDADO' se debe declarar
ORA-06550: línea 1, columna 7:
PL/SQL: Statement ignored
18/02/2020 12:14:44 a.m.: [Método: System.Collections.Generic.IEnumerable`1[T] Query[T](System.Data.IDbConnection, System.String, System.Object, System.Data.IDbTransaction, Boolean, System.Nullable`1[System.Int32], System.Nullable`1[System.Data.CommandType]), Línea: 0] - ORA-06550: línea 1, columna 41:
PLS-00302: el componente 'USP_SEL_ARCHIVO_GUARDADO' se debe declarar
ORA-06550: línea 1, columna 7:
PL/SQL: Statement ignored
18/02/2020 12:14:44 a.m.: [Método: System.Collections.Generic.List`1[entidad.minem.gob.pe.SustentoIniciativaBE] ListarArchivosGuardados(entidad.minem.gob.pe.IniciativaBE), Línea: 1543] - ORA-06550: línea 1, columna 41:
PLS-00302: el componente 'USP_SEL_ARCHIVO_GUARDADO' se debe declarar
ORA-06550: línea 1, columna 7:
PL/SQL: Statement ignored
18/02/2020 12:30:15 a.m.: [Método: Int32 ToInt32(System.Object), Línea: 0] - No se puede convertir un objeto de tipo 'System.String[]' al tipo 'System.IConvertible'.
18/02/2020 12:30:15 a.m.: [Método: System.Web.Mvc.JsonResult RegistrarDetalleIndicador(System.Web.HttpPostedFileBase[], System.Web.HttpPostedFileBase[], entidad.minem.gob.pe.IniciativaBE), Línea: 713] - No se puede convertir un objeto de tipo 'System.String[]' al tipo 'System.IConvertible'.
18/02/2020 12:31:41 a.m.: [Método: Int32 ToInt32(System.Object), Línea: 0] - No se puede convertir un objeto de tipo 'System.String[]' al tipo 'System.IConvertible'.
18/02/2020 12:31:41 a.m.: [Método: System.Web.Mvc.JsonResult RegistrarDetalleIndicador(System.Web.HttpPostedFileBase[], System.Web.HttpPostedFileBase[], entidad.minem.gob.pe.IniciativaBE), Línea: 713] - No se puede convertir un objeto de tipo 'System.String[]' al tipo 'System.IConvertible'.
18/02/2020 12:32:52 a.m.: [Método: Int32 ToInt32(System.Object), Línea: 0] - No se puede convertir un objeto de tipo 'System.String[]' al tipo 'System.IConvertible'.
18/02/2020 12:32:52 a.m.: [Método: System.Web.Mvc.JsonResult RegistrarDetalleIndicador(System.Web.HttpPostedFileBase[], System.Web.HttpPostedFileBase[], entidad.minem.gob.pe.IniciativaBE), Línea: 0] - No se puede convertir un objeto de tipo 'System.String[]' al tipo 'System.IConvertible'.
18/02/2020 12:34:45 a.m.: [Método: Void StringToNumber(System.String, System.Globalization.NumberStyles, NumberBuffer ByRef, System.Globalization.NumberFormatInfo, Boolean), Línea: 0] - La cadena de entrada no tiene el formato correcto.
18/02/2020 12:34:45 a.m.: [Método: Int32 ParseInt32(System.String, System.Globalization.NumberStyles, System.Globalization.NumberFormatInfo), Línea: 0] - La cadena de entrada no tiene el formato correcto.
18/02/2020 12:34:45 a.m.: [Método: Int32 ToInt32(System.String), Línea: 0] - La cadena de entrada no tiene el formato correcto.
18/02/2020 12:34:45 a.m.: [Método: System.Web.Mvc.JsonResult RegistrarDetalleIndicador(System.Web.HttpPostedFileBase[], System.Web.HttpPostedFileBase[], entidad.minem.gob.pe.IniciativaBE), Línea: 0] - La cadena de entrada no tiene el formato correcto.
18/02/2020 12:51:27 a.m.: [Método: Void HandleErrorHelper(Int32, Oracle.DataAccess.Client.OracleConnection, IntPtr, Oracle.DataAccess.Client.OpoSqlValCtx*, System.Object, System.String, Boolean, Int32, Oracle.DataAccess.Client.OracleLogicalTransaction), Línea: 0] - ORA-06550: línea 1, columna 41:
PLS-00302: el componente 'USP_SEL_ARCHIVO_GUARDADO' se debe declarar
ORA-06550: línea 1, columna 7:
PL/SQL: Statement ignored
18/02/2020 12:51:27 a.m.: [Método: Void HandleError(Int32, Oracle.DataAccess.Client.OracleConnection, System.String, IntPtr, Oracle.DataAccess.Client.OpoSqlValCtx*, System.Object, Boolean, Oracle.DataAccess.Client.OracleLogicalTransaction), Línea: 0] - ORA-06550: línea 1, columna 41:
PLS-00302: el componente 'USP_SEL_ARCHIVO_GUARDADO' se debe declarar
ORA-06550: línea 1, columna 7:
PL/SQL: Statement ignored
18/02/2020 12:51:27 a.m.: [Método: Oracle.DataAccess.Client.OracleDataReader ExecuteReader(Boolean, Boolean, System.Data.CommandBehavior), Línea: 0] - ORA-06550: línea 1, columna 41:
PLS-00302: el componente 'USP_SEL_ARCHIVO_GUARDADO' se debe declarar
ORA-06550: línea 1, columna 7:
PL/SQL: Statement ignored
18/02/2020 12:51:27 a.m.: [Método: System.Data.Common.DbDataReader ExecuteDbDataReader(System.Data.CommandBehavior), Línea: 0] - ORA-06550: línea 1, columna 41:
PLS-00302: el componente 'USP_SEL_ARCHIVO_GUARDADO' se debe declarar
ORA-06550: línea 1, columna 7:
PL/SQL: Statement ignored
18/02/2020 12:51:27 a.m.: [Método: System.Data.IDataReader System.Data.IDbCommand.ExecuteReader(System.Data.CommandBehavior), Línea: 0] - ORA-06550: línea 1, columna 41:
PLS-00302: el componente 'USP_SEL_ARCHIVO_GUARDADO' se debe declarar
ORA-06550: línea 1, columna 7:
PL/SQL: Statement ignored
18/02/2020 12:51:27 a.m.: [Método: System.Data.IDataReader ExecuteReaderWithFlagsFallback(System.Data.IDbCommand, Boolean, System.Data.CommandBehavior), Línea: 0] - ORA-06550: línea 1, columna 41:
PLS-00302: el componente 'USP_SEL_ARCHIVO_GUARDADO' se debe declarar
ORA-06550: línea 1, columna 7:
PL/SQL: Statement ignored
18/02/2020 12:51:27 a.m.: [Método: Boolean MoveNext(), Línea: 0] - ORA-06550: línea 1, columna 41:
PLS-00302: el componente 'USP_SEL_ARCHIVO_GUARDADO' se debe declarar
ORA-06550: línea 1, columna 7:
PL/SQL: Statement ignored
18/02/2020 12:51:27 a.m.: [Método: Void .ctor(System.Collections.Generic.IEnumerable`1[T]), Línea: 0] - ORA-06550: línea 1, columna 41:
PLS-00302: el componente 'USP_SEL_ARCHIVO_GUARDADO' se debe declarar
ORA-06550: línea 1, columna 7:
PL/SQL: Statement ignored
18/02/2020 12:51:27 a.m.: [Método: System.Collections.Generic.List`1[TSource] ToList[TSource](System.Collections.Generic.IEnumerable`1[TSource]), Línea: 0] - ORA-06550: línea 1, columna 41:
PLS-00302: el componente 'USP_SEL_ARCHIVO_GUARDADO' se debe declarar
ORA-06550: línea 1, columna 7:
PL/SQL: Statement ignored
18/02/2020 12:51:27 a.m.: [Método: System.Collections.Generic.IEnumerable`1[T] Query[T](System.Data.IDbConnection, System.String, System.Object, System.Data.IDbTransaction, Boolean, System.Nullable`1[System.Int32], System.Nullable`1[System.Data.CommandType]), Línea: 0] - ORA-06550: línea 1, columna 41:
PLS-00302: el componente 'USP_SEL_ARCHIVO_GUARDADO' se debe declarar
ORA-06550: línea 1, columna 7:
PL/SQL: Statement ignored
18/02/2020 12:51:27 a.m.: [Método: System.Collections.Generic.List`1[entidad.minem.gob.pe.SustentoIniciativaBE] ListarArchivosGuardados(entidad.minem.gob.pe.IniciativaBE), Línea: 1543] - ORA-06550: línea 1, columna 41:
PLS-00302: el componente 'USP_SEL_ARCHIVO_GUARDADO' se debe declarar
ORA-06550: línea 1, columna 7:
PL/SQL: Statement ignored
18/02/2020 12:52:02 a.m.: [Método: Void HandleErrorHelper(Int32, Oracle.DataAccess.Client.OracleConnection, IntPtr, Oracle.DataAccess.Client.OpoSqlValCtx*, System.Object, System.String, Boolean, Int32, Oracle.DataAccess.Client.OracleLogicalTransaction), Línea: 0] - ORA-06550: línea 1, columna 41:
PLS-00302: el componente 'USP_SEL_ARCHIVO_GUARDADO' se debe declarar
ORA-06550: línea 1, columna 7:
PL/SQL: Statement ignored
18/02/2020 12:52:02 a.m.: [Método: Void HandleError(Int32, Oracle.DataAccess.Client.OracleConnection, System.String, IntPtr, Oracle.DataAccess.Client.OpoSqlValCtx*, System.Object, Boolean, Oracle.DataAccess.Client.OracleLogicalTransaction), Línea: 0] - ORA-06550: línea 1, columna 41:
PLS-00302: el componente 'USP_SEL_ARCHIVO_GUARDADO' se debe declarar
ORA-06550: línea 1, columna 7:
PL/SQL: Statement ignored
18/02/2020 12:52:02 a.m.: [Método: Oracle.DataAccess.Client.OracleDataReader ExecuteReader(Boolean, Boolean, System.Data.CommandBehavior), Línea: 0] - ORA-06550: línea 1, columna 41:
PLS-00302: el componente 'USP_SEL_ARCHIVO_GUARDADO' se debe declarar
ORA-06550: línea 1, columna 7:
PL/SQL: Statement ignored
18/02/2020 12:52:02 a.m.: [Método: System.Data.Common.DbDataReader ExecuteDbDataReader(System.Data.CommandBehavior), Línea: 0] - ORA-06550: línea 1, columna 41:
PLS-00302: el componente 'USP_SEL_ARCHIVO_GUARDADO' se debe declarar
ORA-06550: línea 1, columna 7:
PL/SQL: Statement ignored
18/02/2020 12:52:02 a.m.: [Método: System.Data.IDataReader System.Data.IDbCommand.ExecuteReader(System.Data.CommandBehavior), Línea: 0] - ORA-06550: línea 1, columna 41:
PLS-00302: el componente 'USP_SEL_ARCHIVO_GUARDADO' se debe declarar
ORA-06550: línea 1, columna 7:
PL/SQL: Statement ignored
18/02/2020 12:52:02 a.m.: [Método: System.Data.IDataReader ExecuteReaderWithFlagsFallback(System.Data.IDbCommand, Boolean, System.Data.CommandBehavior), Línea: 0] - ORA-06550: línea 1, columna 41:
PLS-00302: el componente 'USP_SEL_ARCHIVO_GUARDADO' se debe declarar
ORA-06550: línea 1, columna 7:
PL/SQL: Statement ignored
18/02/2020 12:52:02 a.m.: [Método: Boolean MoveNext(), Línea: 0] - ORA-06550: línea 1, columna 41:
PLS-00302: el componente 'USP_SEL_ARCHIVO_GUARDADO' se debe declarar
ORA-06550: línea 1, columna 7:
PL/SQL: Statement ignored
18/02/2020 12:52:02 a.m.: [Método: Void .ctor(System.Collections.Generic.IEnumerable`1[T]), Línea: 0] - ORA-06550: línea 1, columna 41:
PLS-00302: el componente 'USP_SEL_ARCHIVO_GUARDADO' se debe declarar
ORA-06550: línea 1, columna 7:
PL/SQL: Statement ignored
18/02/2020 12:52:02 a.m.: [Método: System.Collections.Generic.List`1[TSource] ToList[TSource](System.Collections.Generic.IEnumerable`1[TSource]), Línea: 0] - ORA-06550: línea 1, columna 41:
PLS-00302: el componente 'USP_SEL_ARCHIVO_GUARDADO' se debe declarar
ORA-06550: línea 1, columna 7:
PL/SQL: Statement ignored
18/02/2020 12:52:02 a.m.: [Método: System.Collections.Generic.IEnumerable`1[T] Query[T](System.Data.IDbConnection, System.String, System.Object, System.Data.IDbTransaction, Boolean, System.Nullable`1[System.Int32], System.Nullable`1[System.Data.CommandType]), Línea: 0] - ORA-06550: línea 1, columna 41:
PLS-00302: el componente 'USP_SEL_ARCHIVO_GUARDADO' se debe declarar
ORA-06550: línea 1, columna 7:
PL/SQL: Statement ignored
18/02/2020 12:52:02 a.m.: [Método: System.Collections.Generic.List`1[entidad.minem.gob.pe.SustentoIniciativaBE] ListarArchivosGuardados(entidad.minem.gob.pe.IniciativaBE), Línea: 1543] - ORA-06550: línea 1, columna 41:
PLS-00302: el componente 'USP_SEL_ARCHIVO_GUARDADO' se debe declarar
ORA-06550: línea 1, columna 7:
PL/SQL: Statement ignored
18/02/2020 12:52:25 a.m.: [Método: Void HandleErrorHelper(Int32, Oracle.DataAccess.Client.OracleConnection, IntPtr, Oracle.DataAccess.Client.OpoSqlValCtx*, System.Object, System.String, Boolean, Int32, Oracle.DataAccess.Client.OracleLogicalTransaction), Línea: 0] - ORA-06550: línea 1, columna 41:
PLS-00302: el componente 'USP_SEL_ARCHIVO_GUARDADO' se debe declarar
ORA-06550: línea 1, columna 7:
PL/SQL: Statement ignored
18/02/2020 12:52:25 a.m.: [Método: Void HandleError(Int32, Oracle.DataAccess.Client.OracleConnection, System.String, IntPtr, Oracle.DataAccess.Client.OpoSqlValCtx*, System.Object, Boolean, Oracle.DataAccess.Client.OracleLogicalTransaction), Línea: 0] - ORA-06550: línea 1, columna 41:
PLS-00302: el componente 'USP_SEL_ARCHIVO_GUARDADO' se debe declarar
ORA-06550: línea 1, columna 7:
PL/SQL: Statement ignored
18/02/2020 12:52:25 a.m.: [Método: Oracle.DataAccess.Client.OracleDataReader ExecuteReader(Boolean, Boolean, System.Data.CommandBehavior), Línea: 0] - ORA-06550: línea 1, columna 41:
PLS-00302: el componente 'USP_SEL_ARCHIVO_GUARDADO' se debe declarar
ORA-06550: línea 1, columna 7:
PL/SQL: Statement ignored
18/02/2020 12:52:25 a.m.: [Método: System.Data.Common.DbDataReader ExecuteDbDataReader(System.Data.CommandBehavior), Línea: 0] - ORA-06550: línea 1, columna 41:
PLS-00302: el componente 'USP_SEL_ARCHIVO_GUARDADO' se debe declarar
ORA-06550: línea 1, columna 7:
PL/SQL: Statement ignored
18/02/2020 12:52:25 a.m.: [Método: System.Data.IDataReader System.Data.IDbCommand.ExecuteReader(System.Data.CommandBehavior), Línea: 0] - ORA-06550: línea 1, columna 41:
PLS-00302: el componente 'USP_SEL_ARCHIVO_GUARDADO' se debe declarar
ORA-06550: línea 1, columna 7:
PL/SQL: Statement ignored
18/02/2020 12:52:25 a.m.: [Método: System.Data.IDataReader ExecuteReaderWithFlagsFallback(System.Data.IDbCommand, Boolean, System.Data.CommandBehavior), Línea: 0] - ORA-06550: línea 1, columna 41:
PLS-00302: el componente 'USP_SEL_ARCHIVO_GUARDADO' se debe declarar
ORA-06550: línea 1, columna 7:
PL/SQL: Statement ignored
18/02/2020 12:52:25 a.m.: [Método: Boolean MoveNext(), Línea: 0] - ORA-06550: línea 1, columna 41:
PLS-00302: el componente 'USP_SEL_ARCHIVO_GUARDADO' se debe declarar
ORA-06550: línea 1, columna 7:
PL/SQL: Statement ignored
18/02/2020 12:52:25 a.m.: [Método: Void .ctor(System.Collections.Generic.IEnumerable`1[T]), Línea: 0] - ORA-06550: línea 1, columna 41:
PLS-00302: el componente 'USP_SEL_ARCHIVO_GUARDADO' se debe declarar
ORA-06550: línea 1, columna 7:
PL/SQL: Statement ignored
18/02/2020 12:52:25 a.m.: [Método: System.Collections.Generic.List`1[TSource] ToList[TSource](System.Collections.Generic.IEnumerable`1[TSource]), Línea: 0] - ORA-06550: línea 1, columna 41:
PLS-00302: el componente 'USP_SEL_ARCHIVO_GUARDADO' se debe declarar
ORA-06550: línea 1, columna 7:
PL/SQL: Statement ignored
18/02/2020 12:52:25 a.m.: [Método: System.Collections.Generic.IEnumerable`1[T] Query[T](System.Data.IDbConnection, System.String, System.Object, System.Data.IDbTransaction, Boolean, System.Nullable`1[System.Int32], System.Nullable`1[System.Data.CommandType]), Línea: 0] - ORA-06550: línea 1, columna 41:
PLS-00302: el componente 'USP_SEL_ARCHIVO_GUARDADO' se debe declarar
ORA-06550: línea 1, columna 7:
PL/SQL: Statement ignored
18/02/2020 12:52:25 a.m.: [Método: System.Collections.Generic.List`1[entidad.minem.gob.pe.SustentoIniciativaBE] ListarArchivosGuardados(entidad.minem.gob.pe.IniciativaBE), Línea: 1543] - ORA-06550: línea 1, columna 41:
PLS-00302: el componente 'USP_SEL_ARCHIVO_GUARDADO' se debe declarar
ORA-06550: línea 1, columna 7:
PL/SQL: Statement ignored
18/02/2020 12:52:54 a.m.: [Método: Void HandleErrorHelper(Int32, Oracle.DataAccess.Client.OracleConnection, IntPtr, Oracle.DataAccess.Client.OpoSqlValCtx*, System.Object, System.String, Boolean, Int32, Oracle.DataAccess.Client.OracleLogicalTransaction), Línea: 0] - ORA-06550: línea 1, columna 41:
PLS-00302: el componente 'USP_SEL_ARCHIVO_GUARDADO' se debe declarar
ORA-06550: línea 1, columna 7:
PL/SQL: Statement ignored
18/02/2020 12:52:54 a.m.: [Método: Void HandleError(Int32, Oracle.DataAccess.Client.OracleConnection, System.String, IntPtr, Oracle.DataAccess.Client.OpoSqlValCtx*, System.Object, Boolean, Oracle.DataAccess.Client.OracleLogicalTransaction), Línea: 0] - ORA-06550: línea 1, columna 41:
PLS-00302: el componente 'USP_SEL_ARCHIVO_GUARDADO' se debe declarar
ORA-06550: línea 1, columna 7:
PL/SQL: Statement ignored
18/02/2020 12:52:54 a.m.: [Método: Oracle.DataAccess.Client.OracleDataReader ExecuteReader(Boolean, Boolean, System.Data.CommandBehavior), Línea: 0] - ORA-06550: línea 1, columna 41:
PLS-00302: el componente 'USP_SEL_ARCHIVO_GUARDADO' se debe declarar
ORA-06550: línea 1, columna 7:
PL/SQL: Statement ignored
18/02/2020 12:52:54 a.m.: [Método: System.Data.Common.DbDataReader ExecuteDbDataReader(System.Data.CommandBehavior), Línea: 0] - ORA-06550: línea 1, columna 41:
PLS-00302: el componente 'USP_SEL_ARCHIVO_GUARDADO' se debe declarar
ORA-06550: línea 1, columna 7:
PL/SQL: Statement ignored
18/02/2020 12:52:54 a.m.: [Método: System.Data.IDataReader System.Data.IDbCommand.ExecuteReader(System.Data.CommandBehavior), Línea: 0] - ORA-06550: línea 1, columna 41:
PLS-00302: el componente 'USP_SEL_ARCHIVO_GUARDADO' se debe declarar
ORA-06550: línea 1, columna 7:
PL/SQL: Statement ignored
18/02/2020 12:52:54 a.m.: [Método: System.Data.IDataReader ExecuteReaderWithFlagsFallback(System.Data.IDbCommand, Boolean, System.Data.CommandBehavior), Línea: 0] - ORA-06550: línea 1, columna 41:
PLS-00302: el componente 'USP_SEL_ARCHIVO_GUARDADO' se debe declarar
ORA-06550: línea 1, columna 7:
PL/SQL: Statement ignored
18/02/2020 12:52:54 a.m.: [Método: Boolean MoveNext(), Línea: 0] - ORA-06550: línea 1, columna 41:
PLS-00302: el componente 'USP_SEL_ARCHIVO_GUARDADO' se debe declarar
ORA-06550: línea 1, columna 7:
PL/SQL: Statement ignored
18/02/2020 12:52:54 a.m.: [Método: Void .ctor(System.Collections.Generic.IEnumerable`1[T]), Línea: 0] - ORA-06550: línea 1, columna 41:
PLS-00302: el componente 'USP_SEL_ARCHIVO_GUARDADO' se debe declarar
ORA-06550: línea 1, columna 7:
PL/SQL: Statement ignored
18/02/2020 12:52:54 a.m.: [Método: System.Collections.Generic.List`1[TSource] ToList[TSource](System.Collections.Generic.IEnumerable`1[TSource]), Línea: 0] - ORA-06550: línea 1, columna 41:
PLS-00302: el componente 'USP_SEL_ARCHIVO_GUARDADO' se debe declarar
ORA-06550: línea 1, columna 7:
PL/SQL: Statement ignored
18/02/2020 12:52:54 a.m.: [Método: System.Collections.Generic.IEnumerable`1[T] Query[T](System.Data.IDbConnection, System.String, System.Object, System.Data.IDbTransaction, Boolean, System.Nullable`1[System.Int32], System.Nullable`1[System.Data.CommandType]), Línea: 0] - ORA-06550: línea 1, columna 41:
PLS-00302: el componente 'USP_SEL_ARCHIVO_GUARDADO' se debe declarar
ORA-06550: línea 1, columna 7:
PL/SQL: Statement ignored
18/02/2020 12:52:54 a.m.: [Método: System.Collections.Generic.List`1[entidad.minem.gob.pe.SustentoIniciativaBE] ListarArchivosGuardados(entidad.minem.gob.pe.IniciativaBE), Línea: 1543] - ORA-06550: línea 1, columna 41:
PLS-00302: el componente 'USP_SEL_ARCHIVO_GUARDADO' se debe declarar
ORA-06550: línea 1, columna 7:
PL/SQL: Statement ignored
18/02/2020 02:39:12 p.m.: [Método: Void HandleErrorHelper(Int32, Oracle.DataAccess.Client.OracleConnection, IntPtr, Oracle.DataAccess.Client.OpoSqlValCtx*, System.Object, System.String, Boolean, Int32, Oracle.DataAccess.Client.OracleLogicalTransaction), Línea: 0] - ORA-06550: línea 1, columna 41:
PLS-00302: el componente 'USP_SEL_ARCHIVO_GUARDADO' se debe declarar
ORA-06550: línea 1, columna 7:
PL/SQL: Statement ignored
18/02/2020 02:39:12 p.m.: [Método: Void HandleError(Int32, Oracle.DataAccess.Client.OracleConnection, System.String, IntPtr, Oracle.DataAccess.Client.OpoSqlValCtx*, System.Object, Boolean, Oracle.DataAccess.Client.OracleLogicalTransaction), Línea: 0] - ORA-06550: línea 1, columna 41:
PLS-00302: el componente 'USP_SEL_ARCHIVO_GUARDADO' se debe declarar
ORA-06550: línea 1, columna 7:
PL/SQL: Statement ignored
18/02/2020 02:39:12 p.m.: [Método: Oracle.DataAccess.Client.OracleDataReader ExecuteReader(Boolean, Boolean, System.Data.CommandBehavior), Línea: 0] - ORA-06550: línea 1, columna 41:
PLS-00302: el componente 'USP_SEL_ARCHIVO_GUARDADO' se debe declarar
ORA-06550: línea 1, columna 7:
PL/SQL: Statement ignored
18/02/2020 02:39:12 p.m.: [Método: System.Data.Common.DbDataReader ExecuteDbDataReader(System.Data.CommandBehavior), Línea: 0] - ORA-06550: línea 1, columna 41:
PLS-00302: el componente 'USP_SEL_ARCHIVO_GUARDADO' se debe declarar
ORA-06550: línea 1, columna 7:
PL/SQL: Statement ignored
18/02/2020 02:39:12 p.m.: [Método: System.Data.IDataReader System.Data.IDbCommand.ExecuteReader(System.Data.CommandBehavior), Línea: 0] - ORA-06550: línea 1, columna 41:
PLS-00302: el componente 'USP_SEL_ARCHIVO_GUARDADO' se debe declarar
ORA-06550: línea 1, columna 7:
PL/SQL: Statement ignored
18/02/2020 02:39:12 p.m.: [Método: System.Data.IDataReader ExecuteReaderWithFlagsFallback(System.Data.IDbCommand, Boolean, System.Data.CommandBehavior), Línea: 0] - ORA-06550: línea 1, columna 41:
PLS-00302: el componente 'USP_SEL_ARCHIVO_GUARDADO' se debe declarar
ORA-06550: línea 1, columna 7:
PL/SQL: Statement ignored
18/02/2020 02:39:12 p.m.: [Método: Boolean MoveNext(), Línea: 0] - ORA-06550: línea 1, columna 41:
PLS-00302: el componente 'USP_SEL_ARCHIVO_GUARDADO' se debe declarar
ORA-06550: línea 1, columna 7:
PL/SQL: Statement ignored
18/02/2020 02:39:12 p.m.: [Método: Void .ctor(System.Collections.Generic.IEnumerable`1[T]), Línea: 0] - ORA-06550: línea 1, columna 41:
PLS-00302: el componente 'USP_SEL_ARCHIVO_GUARDADO' se debe declarar
ORA-06550: línea 1, columna 7:
PL/SQL: Statement ignored
18/02/2020 02:39:12 p.m.: [Método: System.Collections.Generic.List`1[TSource] ToList[TSource](System.Collections.Generic.IEnumerable`1[TSource]), Línea: 0] - ORA-06550: línea 1, columna 41:
PLS-00302: el componente 'USP_SEL_ARCHIVO_GUARDADO' se debe declarar
ORA-06550: línea 1, columna 7:
PL/SQL: Statement ignored
18/02/2020 02:39:12 p.m.: [Método: System.Collections.Generic.IEnumerable`1[T] Query[T](System.Data.IDbConnection, System.String, System.Object, System.Data.IDbTransaction, Boolean, System.Nullable`1[System.Int32], System.Nullable`1[System.Data.CommandType]), Línea: 0] - ORA-06550: línea 1, columna 41:
PLS-00302: el componente 'USP_SEL_ARCHIVO_GUARDADO' se debe declarar
ORA-06550: línea 1, columna 7:
PL/SQL: Statement ignored
18/02/2020 02:39:12 p.m.: [Método: System.Collections.Generic.List`1[entidad.minem.gob.pe.SustentoIniciativaBE] ListarArchivosGuardados(entidad.minem.gob.pe.IniciativaBE), Línea: 1543] - ORA-06550: línea 1, columna 41:
PLS-00302: el componente 'USP_SEL_ARCHIVO_GUARDADO' se debe declarar
ORA-06550: línea 1, columna 7:
PL/SQL: Statement ignored
18/02/2020 02:39:50 p.m.: [Método: Void HandleErrorHelper(Int32, Oracle.DataAccess.Client.OracleConnection, IntPtr, Oracle.DataAccess.Client.OpoSqlValCtx*, System.Object, System.String, Boolean, Int32, Oracle.DataAccess.Client.OracleLogicalTransaction), Línea: 0] - ORA-06550: línea 1, columna 41:
PLS-00302: el componente 'USP_SEL_ARCHIVO_GUARDADO' se debe declarar
ORA-06550: línea 1, columna 7:
PL/SQL: Statement ignored
18/02/2020 02:39:50 p.m.: [Método: Void HandleError(Int32, Oracle.DataAccess.Client.OracleConnection, System.String, IntPtr, Oracle.DataAccess.Client.OpoSqlValCtx*, System.Object, Boolean, Oracle.DataAccess.Client.OracleLogicalTransaction), Línea: 0] - ORA-06550: línea 1, columna 41:
PLS-00302: el componente 'USP_SEL_ARCHIVO_GUARDADO' se debe declarar
ORA-06550: línea 1, columna 7:
PL/SQL: Statement ignored
18/02/2020 02:39:50 p.m.: [Método: Oracle.DataAccess.Client.OracleDataReader ExecuteReader(Boolean, Boolean, System.Data.CommandBehavior), Línea: 0] - ORA-06550: línea 1, columna 41:
PLS-00302: el componente 'USP_SEL_ARCHIVO_GUARDADO' se debe declarar
ORA-06550: línea 1, columna 7:
PL/SQL: Statement ignored
18/02/2020 02:39:50 p.m.: [Método: System.Data.Common.DbDataReader ExecuteDbDataReader(System.Data.CommandBehavior), Línea: 0] - ORA-06550: línea 1, columna 41:
PLS-00302: el componente 'USP_SEL_ARCHIVO_GUARDADO' se debe declarar
ORA-06550: línea 1, columna 7:
PL/SQL: Statement ignored
18/02/2020 02:39:50 p.m.: [Método: System.Data.IDataReader System.Data.IDbCommand.ExecuteReader(System.Data.CommandBehavior), Línea: 0] - ORA-06550: línea 1, columna 41:
PLS-00302: el componente 'USP_SEL_ARCHIVO_GUARDADO' se debe declarar
ORA-06550: línea 1, columna 7:
PL/SQL: Statement ignored
18/02/2020 02:39:50 p.m.: [Método: System.Data.IDataReader ExecuteReaderWithFlagsFallback(System.Data.IDbCommand, Boolean, System.Data.CommandBehavior), Línea: 0] - ORA-06550: línea 1, columna 41:
PLS-00302: el componente 'USP_SEL_ARCHIVO_GUARDADO' se debe declarar
ORA-06550: línea 1, columna 7:
PL/SQL: Statement ignored
18/02/2020 02:39:50 p.m.: [Método: Boolean MoveNext(), Línea: 0] - ORA-06550: línea 1, columna 41:
PLS-00302: el componente 'USP_SEL_ARCHIVO_GUARDADO' se debe declarar
ORA-06550: línea 1, columna 7:
PL/SQL: Statement ignored
18/02/2020 02:39:50 p.m.: [Método: Void .ctor(System.Collections.Generic.IEnumerable`1[T]), Línea: 0] - ORA-06550: línea 1, columna 41:
PLS-00302: el componente 'USP_SEL_ARCHIVO_GUARDADO' se debe declarar
ORA-06550: línea 1, columna 7:
PL/SQL: Statement ignored
18/02/2020 02:39:50 p.m.: [Método: System.Collections.Generic.List`1[TSource] ToList[TSource](System.Collections.Generic.IEnumerable`1[TSource]), Línea: 0] - ORA-06550: línea 1, columna 41:
PLS-00302: el componente 'USP_SEL_ARCHIVO_GUARDADO' se debe declarar
ORA-06550: línea 1, columna 7:
PL/SQL: Statement ignored
18/02/2020 02:39:50 p.m.: [Método: System.Collections.Generic.IEnumerable`1[T] Query[T](System.Data.IDbConnection, System.String, System.Object, System.Data.IDbTransaction, Boolean, System.Nullable`1[System.Int32], System.Nullable`1[System.Data.CommandType]), Línea: 0] - ORA-06550: línea 1, columna 41:
PLS-00302: el componente 'USP_SEL_ARCHIVO_GUARDADO' se debe declarar
ORA-06550: línea 1, columna 7:
PL/SQL: Statement ignored
18/02/2020 02:39:50 p.m.: [Método: System.Collections.Generic.List`1[entidad.minem.gob.pe.SustentoIniciativaBE] ListarArchivosGuardados(entidad.minem.gob.pe.IniciativaBE), Línea: 1543] - ORA-06550: línea 1, columna 41:
PLS-00302: el componente 'USP_SEL_ARCHIVO_GUARDADO' se debe declarar
ORA-06550: línea 1, columna 7:
PL/SQL: Statement ignored
18/02/2020 02:41:08 p.m.: [Método: Void HandleErrorHelper(Int32, Oracle.DataAccess.Client.OracleConnection, IntPtr, Oracle.DataAccess.Client.OpoSqlValCtx*, System.Object, System.String, Boolean, Int32, Oracle.DataAccess.Client.OracleLogicalTransaction), Línea: 0] - ORA-06550: línea 1, columna 41:
PLS-00302: el componente 'USP_SEL_ARCHIVO_GUARDADO' se debe declarar
ORA-06550: línea 1, columna 7:
PL/SQL: Statement ignored
18/02/2020 02:41:08 p.m.: [Método: Void HandleError(Int32, Oracle.DataAccess.Client.OracleConnection, System.String, IntPtr, Oracle.DataAccess.Client.OpoSqlValCtx*, System.Object, Boolean, Oracle.DataAccess.Client.OracleLogicalTransaction), Línea: 0] - ORA-06550: línea 1, columna 41:
PLS-00302: el componente 'USP_SEL_ARCHIVO_GUARDADO' se debe declarar
ORA-06550: línea 1, columna 7:
PL/SQL: Statement ignored
18/02/2020 02:41:08 p.m.: [Método: Oracle.DataAccess.Client.OracleDataReader ExecuteReader(Boolean, Boolean, System.Data.CommandBehavior), Línea: 0] - ORA-06550: línea 1, columna 41:
PLS-00302: el componente 'USP_SEL_ARCHIVO_GUARDADO' se debe declarar
ORA-06550: línea 1, columna 7:
PL/SQL: Statement ignored
18/02/2020 02:41:08 p.m.: [Método: System.Data.Common.DbDataReader ExecuteDbDataReader(System.Data.CommandBehavior), Línea: 0] - ORA-06550: línea 1, columna 41:
PLS-00302: el componente 'USP_SEL_ARCHIVO_GUARDADO' se debe declarar
ORA-06550: línea 1, columna 7:
PL/SQL: Statement ignored
18/02/2020 02:41:08 p.m.: [Método: System.Data.IDataReader System.Data.IDbCommand.ExecuteReader(System.Data.CommandBehavior), Línea: 0] - ORA-06550: línea 1, columna 41:
PLS-00302: el componente 'USP_SEL_ARCHIVO_GUARDADO' se debe declarar
ORA-06550: línea 1, columna 7:
PL/SQL: Statement ignored
18/02/2020 02:41:08 p.m.: [Método: System.Data.IDataReader ExecuteReaderWithFlagsFallback(System.Data.IDbCommand, Boolean, System.Data.CommandBehavior), Línea: 0] - ORA-06550: línea 1, columna 41:
PLS-00302: el componente 'USP_SEL_ARCHIVO_GUARDADO' se debe declarar
ORA-06550: línea 1, columna 7:
PL/SQL: Statement ignored
18/02/2020 02:41:08 p.m.: [Método: Boolean MoveNext(), Línea: 0] - ORA-06550: línea 1, columna 41:
PLS-00302: el componente 'USP_SEL_ARCHIVO_GUARDADO' se debe declarar
ORA-06550: línea 1, columna 7:
PL/SQL: Statement ignored
18/02/2020 02:41:08 p.m.: [Método: Void .ctor(System.Collections.Generic.IEnumerable`1[T]), Línea: 0] - ORA-06550: línea 1, columna 41:
PLS-00302: el componente 'USP_SEL_ARCHIVO_GUARDADO' se debe declarar
ORA-06550: línea 1, columna 7:
PL/SQL: Statement ignored
18/02/2020 02:41:08 p.m.: [Método: System.Collections.Generic.List`1[TSource] ToList[TSource](System.Collections.Generic.IEnumerable`1[TSource]), Línea: 0] - ORA-06550: línea 1, columna 41:
PLS-00302: el componente 'USP_SEL_ARCHIVO_GUARDADO' se debe declarar
ORA-06550: línea 1, columna 7:
PL/SQL: Statement ignored
18/02/2020 02:41:08 p.m.: [Método: System.Collections.Generic.IEnumerable`1[T] Query[T](System.Data.IDbConnection, System.String, System.Object, System.Data.IDbTransaction, Boolean, System.Nullable`1[System.Int32], System.Nullable`1[System.Data.CommandType]), Línea: 0] - ORA-06550: línea 1, columna 41:
PLS-00302: el componente 'USP_SEL_ARCHIVO_GUARDADO' se debe declarar
ORA-06550: línea 1, columna 7:
PL/SQL: Statement ignored
18/02/2020 02:41:08 p.m.: [Método: System.Collections.Generic.List`1[entidad.minem.gob.pe.SustentoIniciativaBE] ListarArchivosGuardados(entidad.minem.gob.pe.IniciativaBE), Línea: 1543] - ORA-06550: línea 1, columna 41:
PLS-00302: el componente 'USP_SEL_ARCHIVO_GUARDADO' se debe declarar
ORA-06550: línea 1, columna 7:
PL/SQL: Statement ignored
18/02/2020 02:46:23 p.m.: [Método: Void HandleErrorHelper(Int32, Oracle.DataAccess.Client.OracleConnection, IntPtr, Oracle.DataAccess.Client.OpoSqlValCtx*, System.Object, System.String, Boolean, Int32, Oracle.DataAccess.Client.OracleLogicalTransaction), Línea: 0] - ORA-06550: línea 1, columna 41:
PLS-00302: el componente 'USP_SEL_ARCHIVO_GUARDADO' se debe declarar
ORA-06550: línea 1, columna 7:
PL/SQL: Statement ignored
18/02/2020 02:46:23 p.m.: [Método: Void HandleError(Int32, Oracle.DataAccess.Client.OracleConnection, System.String, IntPtr, Oracle.DataAccess.Client.OpoSqlValCtx*, System.Object, Boolean, Oracle.DataAccess.Client.OracleLogicalTransaction), Línea: 0] - ORA-06550: línea 1, columna 41:
PLS-00302: el componente 'USP_SEL_ARCHIVO_GUARDADO' se debe declarar
ORA-06550: línea 1, columna 7:
PL/SQL: Statement ignored
18/02/2020 02:46:23 p.m.: [Método: Oracle.DataAccess.Client.OracleDataReader ExecuteReader(Boolean, Boolean, System.Data.CommandBehavior), Línea: 0] - ORA-06550: línea 1, columna 41:
PLS-00302: el componente 'USP_SEL_ARCHIVO_GUARDADO' se debe declarar
ORA-06550: línea 1, columna 7:
PL/SQL: Statement ignored
18/02/2020 02:46:23 p.m.: [Método: System.Data.Common.DbDataReader ExecuteDbDataReader(System.Data.CommandBehavior), Línea: 0] - ORA-06550: línea 1, columna 41:
PLS-00302: el componente 'USP_SEL_ARCHIVO_GUARDADO' se debe declarar
ORA-06550: línea 1, columna 7:
PL/SQL: Statement ignored
18/02/2020 02:46:23 p.m.: [Método: System.Data.IDataReader System.Data.IDbCommand.ExecuteReader(System.Data.CommandBehavior), Línea: 0] - ORA-06550: línea 1, columna 41:
PLS-00302: el componente 'USP_SEL_ARCHIVO_GUARDADO' se debe declarar
ORA-06550: línea 1, columna 7:
PL/SQL: Statement ignored
18/02/2020 02:46:23 p.m.: [Método: System.Data.IDataReader ExecuteReaderWithFlagsFallback(System.Data.IDbCommand, Boolean, System.Data.CommandBehavior), Línea: 0] - ORA-06550: línea 1, columna 41:
PLS-00302: el componente 'USP_SEL_ARCHIVO_GUARDADO' se debe declarar
ORA-06550: línea 1, columna 7:
PL/SQL: Statement ignored
18/02/2020 02:46:23 p.m.: [Método: Boolean MoveNext(), Línea: 0] - ORA-06550: línea 1, columna 41:
PLS-00302: el componente 'USP_SEL_ARCHIVO_GUARDADO' se debe declarar
ORA-06550: línea 1, columna 7:
PL/SQL: Statement ignored
18/02/2020 02:46:23 p.m.: [Método: Void .ctor(System.Collections.Generic.IEnumerable`1[T]), Línea: 0] - ORA-06550: línea 1, columna 41:
PLS-00302: el componente 'USP_SEL_ARCHIVO_GUARDADO' se debe declarar
ORA-06550: línea 1, columna 7:
PL/SQL: Statement ignored
18/02/2020 02:46:23 p.m.: [Método: System.Collections.Generic.List`1[TSource] ToList[TSource](System.Collections.Generic.IEnumerable`1[TSource]), Línea: 0] - ORA-06550: línea 1, columna 41:
PLS-00302: el componente 'USP_SEL_ARCHIVO_GUARDADO' se debe declarar
ORA-06550: línea 1, columna 7:
PL/SQL: Statement ignored
18/02/2020 02:46:23 p.m.: [Método: System.Collections.Generic.IEnumerable`1[T] Query[T](System.Data.IDbConnection, System.String, System.Object, System.Data.IDbTransaction, Boolean, System.Nullable`1[System.Int32], System.Nullable`1[System.Data.CommandType]), Línea: 0] - ORA-06550: línea 1, columna 41:
PLS-00302: el componente 'USP_SEL_ARCHIVO_GUARDADO' se debe declarar
ORA-06550: línea 1, columna 7:
PL/SQL: Statement ignored
18/02/2020 02:46:23 p.m.: [Método: System.Collections.Generic.List`1[entidad.minem.gob.pe.SustentoIniciativaBE] ListarArchivosGuardados(entidad.minem.gob.pe.IniciativaBE), Línea: 1543] - ORA-06550: línea 1, columna 41:
PLS-00302: el componente 'USP_SEL_ARCHIVO_GUARDADO' se debe declarar
ORA-06550: línea 1, columna 7:
PL/SQL: Statement ignored
18/02/2020 02:51:32 p.m.: [Método: System.Web.Mvc.JsonResult RegistrarDetalleIndicador(System.Web.HttpPostedFileBase[], System.Web.HttpPostedFileBase[], entidad.minem.gob.pe.IniciativaBE), Línea: 687] - Referencia a objeto no establecida como instancia de un objeto.
18/02/2020 02:54:49 p.m.: [Método: System.Web.Mvc.JsonResult RegistrarDetalleIndicador(System.Web.HttpPostedFileBase[], System.Web.HttpPostedFileBase[], entidad.minem.gob.pe.IniciativaBE), Línea: 0] - Referencia a objeto no establecida como instancia de un objeto.
18/02/2020 02:56:29 p.m.: [Método: Void HandleErrorHelper(Int32, Oracle.DataAccess.Client.OracleConnection, IntPtr, Oracle.DataAccess.Client.OpoSqlValCtx*, System.Object, System.String, Boolean, Int32, Oracle.DataAccess.Client.OracleLogicalTransaction), Línea: 0] - ORA-06550: línea 1, columna 41:
PLS-00302: el componente 'USP_SEL_ARCHIVO_GUARDADO' se debe declarar
ORA-06550: línea 1, columna 7:
PL/SQL: Statement ignored
18/02/2020 02:56:29 p.m.: [Método: Void HandleError(Int32, Oracle.DataAccess.Client.OracleConnection, System.String, IntPtr, Oracle.DataAccess.Client.OpoSqlValCtx*, System.Object, Boolean, Oracle.DataAccess.Client.OracleLogicalTransaction), Línea: 0] - ORA-06550: línea 1, columna 41:
PLS-00302: el componente 'USP_SEL_ARCHIVO_GUARDADO' se debe declarar
ORA-06550: línea 1, columna 7:
PL/SQL: Statement ignored
18/02/2020 02:56:29 p.m.: [Método: Oracle.DataAccess.Client.OracleDataReader ExecuteReader(Boolean, Boolean, System.Data.CommandBehavior), Línea: 0] - ORA-06550: línea 1, columna 41:
PLS-00302: el componente 'USP_SEL_ARCHIVO_GUARDADO' se debe declarar
ORA-06550: línea 1, columna 7:
PL/SQL: Statement ignored
18/02/2020 02:56:29 p.m.: [Método: System.Data.Common.DbDataReader ExecuteDbDataReader(System.Data.CommandBehavior), Línea: 0] - ORA-06550: línea 1, columna 41:
PLS-00302: el componente 'USP_SEL_ARCHIVO_GUARDADO' se debe declarar
ORA-06550: línea 1, columna 7:
PL/SQL: Statement ignored
18/02/2020 02:56:29 p.m.: [Método: System.Data.IDataReader System.Data.IDbCommand.ExecuteReader(System.Data.CommandBehavior), Línea: 0] - ORA-06550: línea 1, columna 41:
PLS-00302: el componente 'USP_SEL_ARCHIVO_GUARDADO' se debe declarar
ORA-06550: línea 1, columna 7:
PL/SQL: Statement ignored
18/02/2020 02:56:29 p.m.: [Método: System.Data.IDataReader ExecuteReaderWithFlagsFallback(System.Data.IDbCommand, Boolean, System.Data.CommandBehavior), Línea: 0] - ORA-06550: línea 1, columna 41:
PLS-00302: el componente 'USP_SEL_ARCHIVO_GUARDADO' se debe declarar
ORA-06550: línea 1, columna 7:
PL/SQL: Statement ignored
18/02/2020 02:56:29 p.m.: [Método: Boolean MoveNext(), Línea: 0] - ORA-06550: línea 1, columna 41:
PLS-00302: el componente 'USP_SEL_ARCHIVO_GUARDADO' se debe declarar
ORA-06550: línea 1, columna 7:
PL/SQL: Statement ignored
18/02/2020 02:56:29 p.m.: [Método: Void .ctor(System.Collections.Generic.IEnumerable`1[T]), Línea: 0] - ORA-06550: línea 1, columna 41:
PLS-00302: el componente 'USP_SEL_ARCHIVO_GUARDADO' se debe declarar
ORA-06550: línea 1, columna 7:
PL/SQL: Statement ignored
18/02/2020 02:56:29 p.m.: [Método: System.Collections.Generic.List`1[TSource] ToList[TSource](System.Collections.Generic.IEnumerable`1[TSource]), Línea: 0] - ORA-06550: línea 1, columna 41:
PLS-00302: el componente 'USP_SEL_ARCHIVO_GUARDADO' se debe declarar
ORA-06550: línea 1, columna 7:
PL/SQL: Statement ignored
18/02/2020 02:56:29 p.m.: [Método: System.Collections.Generic.IEnumerable`1[T] Query[T](System.Data.IDbConnection, System.String, System.Object, System.Data.IDbTransaction, Boolean, System.Nullable`1[System.Int32], System.Nullable`1[System.Data.CommandType]), Línea: 0] - ORA-06550: línea 1, columna 41:
PLS-00302: el componente 'USP_SEL_ARCHIVO_GUARDADO' se debe declarar
ORA-06550: línea 1, columna 7:
PL/SQL: Statement ignored
18/02/2020 02:56:29 p.m.: [Método: System.Collections.Generic.List`1[entidad.minem.gob.pe.SustentoIniciativaBE] ListarArchivosGuardados(entidad.minem.gob.pe.IniciativaBE), Línea: 1543] - ORA-06550: línea 1, columna 41:
PLS-00302: el componente 'USP_SEL_ARCHIVO_GUARDADO' se debe declarar
ORA-06550: línea 1, columna 7:
PL/SQL: Statement ignored
18/02/2020 03:13:18 p.m.: [Método: Void HandleErrorHelper(Int32, Oracle.DataAccess.Client.OracleConnection, IntPtr, Oracle.DataAccess.Client.OpoSqlValCtx*, System.Object, System.String, Boolean, Int32, Oracle.DataAccess.Client.OracleLogicalTransaction), Línea: 0] - ORA-06550: línea 1, columna 41:
PLS-00302: el componente 'USP_SEL_ARCHIVO_GUARDADO' se debe declarar
ORA-06550: línea 1, columna 7:
PL/SQL: Statement ignored
18/02/2020 03:13:18 p.m.: [Método: Void HandleError(Int32, Oracle.DataAccess.Client.OracleConnection, System.String, IntPtr, Oracle.DataAccess.Client.OpoSqlValCtx*, System.Object, Boolean, Oracle.DataAccess.Client.OracleLogicalTransaction), Línea: 0] - ORA-06550: línea 1, columna 41:
PLS-00302: el componente 'USP_SEL_ARCHIVO_GUARDADO' se debe declarar
ORA-06550: línea 1, columna 7:
PL/SQL: Statement ignored
18/02/2020 03:13:18 p.m.: [Método: Oracle.DataAccess.Client.OracleDataReader ExecuteReader(Boolean, Boolean, System.Data.CommandBehavior), Línea: 0] - ORA-06550: línea 1, columna 41:
PLS-00302: el componente 'USP_SEL_ARCHIVO_GUARDADO' se debe declarar
ORA-06550: línea 1, columna 7:
PL/SQL: Statement ignored
18/02/2020 03:13:18 p.m.: [Método: System.Data.Common.DbDataReader ExecuteDbDataReader(System.Data.CommandBehavior), Línea: 0] - ORA-06550: línea 1, columna 41:
PLS-00302: el componente 'USP_SEL_ARCHIVO_GUARDADO' se debe declarar
ORA-06550: línea 1, columna 7:
PL/SQL: Statement ignored
18/02/2020 03:13:18 p.m.: [Método: System.Data.IDataReader System.Data.IDbCommand.ExecuteReader(System.Data.CommandBehavior), Línea: 0] - ORA-06550: línea 1, columna 41:
PLS-00302: el componente 'USP_SEL_ARCHIVO_GUARDADO' se debe declarar
ORA-06550: línea 1, columna 7:
PL/SQL: Statement ignored
18/02/2020 03:13:18 p.m.: [Método: System.Data.IDataReader ExecuteReaderWithFlagsFallback(System.Data.IDbCommand, Boolean, System.Data.CommandBehavior), Línea: 0] - ORA-06550: línea 1, columna 41:
PLS-00302: el componente 'USP_SEL_ARCHIVO_GUARDADO' se debe declarar
ORA-06550: línea 1, columna 7:
PL/SQL: Statement ignored
18/02/2020 03:13:18 p.m.: [Método: Boolean MoveNext(), Línea: 0] - ORA-06550: línea 1, columna 41:
PLS-00302: el componente 'USP_SEL_ARCHIVO_GUARDADO' se debe declarar
ORA-06550: línea 1, columna 7:
PL/SQL: Statement ignored
18/02/2020 03:13:18 p.m.: [Método: Void .ctor(System.Collections.Generic.IEnumerable`1[T]), Línea: 0] - ORA-06550: línea 1, columna 41:
PLS-00302: el componente 'USP_SEL_ARCHIVO_GUARDADO' se debe declarar
ORA-06550: línea 1, columna 7:
PL/SQL: Statement ignored
18/02/2020 03:13:18 p.m.: [Método: System.Collections.Generic.List`1[TSource] ToList[TSource](System.Collections.Generic.IEnumerable`1[TSource]), Línea: 0] - ORA-06550: línea 1, columna 41:
PLS-00302: el componente 'USP_SEL_ARCHIVO_GUARDADO' se debe declarar
ORA-06550: línea 1, columna 7:
PL/SQL: Statement ignored
18/02/2020 03:13:18 p.m.: [Método: System.Collections.Generic.IEnumerable`1[T] Query[T](System.Data.IDbConnection, System.String, System.Object, System.Data.IDbTransaction, Boolean, System.Nullable`1[System.Int32], System.Nullable`1[System.Data.CommandType]), Línea: 0] - ORA-06550: línea 1, columna 41:
PLS-00302: el componente 'USP_SEL_ARCHIVO_GUARDADO' se debe declarar
ORA-06550: línea 1, columna 7:
PL/SQL: Statement ignored
18/02/2020 03:13:18 p.m.: [Método: System.Collections.Generic.List`1[entidad.minem.gob.pe.SustentoIniciativaBE] ListarArchivosGuardados(entidad.minem.gob.pe.IniciativaBE), Línea: 1543] - ORA-06550: línea 1, columna 41:
PLS-00302: el componente 'USP_SEL_ARCHIVO_GUARDADO' se debe declarar
ORA-06550: línea 1, columna 7:
PL/SQL: Statement ignored
18/02/2020 03:17:29 p.m.: [Método: Void HandleErrorHelper(Int32, Oracle.DataAccess.Client.OracleConnection, IntPtr, Oracle.DataAccess.Client.OpoSqlValCtx*, System.Object, System.String, Boolean, Int32, Oracle.DataAccess.Client.OracleLogicalTransaction), Línea: 0] - ORA-06550: línea 1, columna 41:
PLS-00302: el componente 'USP_SEL_ARCHIVO_GUARDADO' se debe declarar
ORA-06550: línea 1, columna 7:
PL/SQL: Statement ignored
18/02/2020 03:17:29 p.m.: [Método: Void HandleError(Int32, Oracle.DataAccess.Client.OracleConnection, System.String, IntPtr, Oracle.DataAccess.Client.OpoSqlValCtx*, System.Object, Boolean, Oracle.DataAccess.Client.OracleLogicalTransaction), Línea: 0] - ORA-06550: línea 1, columna 41:
PLS-00302: el componente 'USP_SEL_ARCHIVO_GUARDADO' se debe declarar
ORA-06550: línea 1, columna 7:
PL/SQL: Statement ignored
18/02/2020 03:17:29 p.m.: [Método: Oracle.DataAccess.Client.OracleDataReader ExecuteReader(Boolean, Boolean, System.Data.CommandBehavior), Línea: 0] - ORA-06550: línea 1, columna 41:
PLS-00302: el componente 'USP_SEL_ARCHIVO_GUARDADO' se debe declarar
ORA-06550: línea 1, columna 7:
PL/SQL: Statement ignored
18/02/2020 03:17:29 p.m.: [Método: System.Data.Common.DbDataReader ExecuteDbDataReader(System.Data.CommandBehavior), Línea: 0] - ORA-06550: línea 1, columna 41:
PLS-00302: el componente 'USP_SEL_ARCHIVO_GUARDADO' se debe declarar
ORA-06550: línea 1, columna 7:
PL/SQL: Statement ignored
18/02/2020 03:17:29 p.m.: [Método: System.Data.IDataReader System.Data.IDbCommand.ExecuteReader(System.Data.CommandBehavior), Línea: 0] - ORA-06550: línea 1, columna 41:
PLS-00302: el componente 'USP_SEL_ARCHIVO_GUARDADO' se debe declarar
ORA-06550: línea 1, columna 7:
PL/SQL: Statement ignored
18/02/2020 03:17:29 p.m.: [Método: System.Data.IDataReader ExecuteReaderWithFlagsFallback(System.Data.IDbCommand, Boolean, System.Data.CommandBehavior), Línea: 0] - ORA-06550: línea 1, columna 41:
PLS-00302: el componente 'USP_SEL_ARCHIVO_GUARDADO' se debe declarar
ORA-06550: línea 1, columna 7:
PL/SQL: Statement ignored
18/02/2020 03:17:29 p.m.: [Método: Boolean MoveNext(), Línea: 0] - ORA-06550: línea 1, columna 41:
PLS-00302: el componente 'USP_SEL_ARCHIVO_GUARDADO' se debe declarar
ORA-06550: línea 1, columna 7:
PL/SQL: Statement ignored
18/02/2020 03:17:29 p.m.: [Método: Void .ctor(System.Collections.Generic.IEnumerable`1[T]), Línea: 0] - ORA-06550: línea 1, columna 41:
PLS-00302: el componente 'USP_SEL_ARCHIVO_GUARDADO' se debe declarar
ORA-06550: línea 1, columna 7:
PL/SQL: Statement ignored
18/02/2020 03:17:29 p.m.: [Método: System.Collections.Generic.List`1[TSource] ToList[TSource](System.Collections.Generic.IEnumerable`1[TSource]), Línea: 0] - ORA-06550: línea 1, columna 41:
PLS-00302: el componente 'USP_SEL_ARCHIVO_GUARDADO' se debe declarar
ORA-06550: línea 1, columna 7:
PL/SQL: Statement ignored
18/02/2020 03:17:29 p.m.: [Método: System.Collections.Generic.IEnumerable`1[T] Query[T](System.Data.IDbConnection, System.String, System.Object, System.Data.IDbTransaction, Boolean, System.Nullable`1[System.Int32], System.Nullable`1[System.Data.CommandType]), Línea: 0] - ORA-06550: línea 1, columna 41:
PLS-00302: el componente 'USP_SEL_ARCHIVO_GUARDADO' se debe declarar
ORA-06550: línea 1, columna 7:
PL/SQL: Statement ignored
18/02/2020 03:17:29 p.m.: [Método: System.Collections.Generic.List`1[entidad.minem.gob.pe.SustentoIniciativaBE] ListarArchivosGuardados(entidad.minem.gob.pe.IniciativaBE), Línea: 1543] - ORA-06550: línea 1, columna 41:
PLS-00302: el componente 'USP_SEL_ARCHIVO_GUARDADO' se debe declarar
ORA-06550: línea 1, columna 7:
PL/SQL: Statement ignored
18/02/2020 03:18:18 p.m.: [Método: Void HandleErrorHelper(Int32, Oracle.DataAccess.Client.OracleConnection, IntPtr, Oracle.DataAccess.Client.OpoSqlValCtx*, System.Object, System.String, Boolean, Int32, Oracle.DataAccess.Client.OracleLogicalTransaction), Línea: 0] - ORA-06550: línea 1, columna 41:
PLS-00302: el componente 'USP_SEL_ARCHIVO_GUARDADO' se debe declarar
ORA-06550: línea 1, columna 7:
PL/SQL: Statement ignored
18/02/2020 03:18:18 p.m.: [Método: Void HandleError(Int32, Oracle.DataAccess.Client.OracleConnection, System.String, IntPtr, Oracle.DataAccess.Client.OpoSqlValCtx*, System.Object, Boolean, Oracle.DataAccess.Client.OracleLogicalTransaction), Línea: 0] - ORA-06550: línea 1, columna 41:
PLS-00302: el componente 'USP_SEL_ARCHIVO_GUARDADO' se debe declarar
ORA-06550: línea 1, columna 7:
PL/SQL: Statement ignored
18/02/2020 03:18:18 p.m.: [Método: Oracle.DataAccess.Client.OracleDataReader ExecuteReader(Boolean, Boolean, System.Data.CommandBehavior), Línea: 0] - ORA-06550: línea 1, columna 41:
PLS-00302: el componente 'USP_SEL_ARCHIVO_GUARDADO' se debe declarar
ORA-06550: línea 1, columna 7:
PL/SQL: Statement ignored
18/02/2020 03:18:18 p.m.: [Método: System.Data.Common.DbDataReader ExecuteDbDataReader(System.Data.CommandBehavior), Línea: 0] - ORA-06550: línea 1, columna 41:
PLS-00302: el componente 'USP_SEL_ARCHIVO_GUARDADO' se debe declarar
ORA-06550: línea 1, columna 7:
PL/SQL: Statement ignored
18/02/2020 03:18:18 p.m.: [Método: System.Data.IDataReader System.Data.IDbCommand.ExecuteReader(System.Data.CommandBehavior), Línea: 0] - ORA-06550: línea 1, columna 41:
PLS-00302: el componente 'USP_SEL_ARCHIVO_GUARDADO' se debe declarar
ORA-06550: línea 1, columna 7:
PL/SQL: Statement ignored
18/02/2020 03:18:18 p.m.: [Método: System.Data.IDataReader ExecuteReaderWithFlagsFallback(System.Data.IDbCommand, Boolean, System.Data.CommandBehavior), Línea: 0] - ORA-06550: línea 1, columna 41:
PLS-00302: el componente 'USP_SEL_ARCHIVO_GUARDADO' se debe declarar
ORA-06550: línea 1, columna 7:
PL/SQL: Statement ignored
18/02/2020 03:18:18 p.m.: [Método: Boolean MoveNext(), Línea: 0] - ORA-06550: línea 1, columna 41:
PLS-00302: el componente 'USP_SEL_ARCHIVO_GUARDADO' se debe declarar
ORA-06550: línea 1, columna 7:
PL/SQL: Statement ignored
18/02/2020 03:18:18 p.m.: [Método: Void .ctor(System.Collections.Generic.IEnumerable`1[T]), Línea: 0] - ORA-06550: línea 1, columna 41:
PLS-00302: el componente 'USP_SEL_ARCHIVO_GUARDADO' se debe declarar
ORA-06550: línea 1, columna 7:
PL/SQL: Statement ignored
18/02/2020 03:18:18 p.m.: [Método: System.Collections.Generic.List`1[TSource] ToList[TSource](System.Collections.Generic.IEnumerable`1[TSource]), Línea: 0] - ORA-06550: línea 1, columna 41:
PLS-00302: el componente 'USP_SEL_ARCHIVO_GUARDADO' se debe declarar
ORA-06550: línea 1, columna 7:
PL/SQL: Statement ignored
18/02/2020 03:18:18 p.m.: [Método: System.Collections.Generic.IEnumerable`1[T] Query[T](System.Data.IDbConnection, System.String, System.Object, System.Data.IDbTransaction, Boolean, System.Nullable`1[System.Int32], System.Nullable`1[System.Data.CommandType]), Línea: 0] - ORA-06550: línea 1, columna 41:
PLS-00302: el componente 'USP_SEL_ARCHIVO_GUARDADO' se debe declarar
ORA-06550: línea 1, columna 7:
PL/SQL: Statement ignored
18/02/2020 03:18:18 p.m.: [Método: System.Collections.Generic.List`1[entidad.minem.gob.pe.SustentoIniciativaBE] ListarArchivosGuardados(entidad.minem.gob.pe.IniciativaBE), Línea: 1543] - ORA-06550: línea 1, columna 41:
PLS-00302: el componente 'USP_SEL_ARCHIVO_GUARDADO' se debe declarar
ORA-06550: línea 1, columna 7:
PL/SQL: Statement ignored
