03/02/2020 12:25:20 a.m.: [Método: Void HandleErrorHelper(Int32, Oracle.DataAccess.Client.OracleConnection, IntPtr, Oracle.DataAccess.Client.OpoSqlValCtx*, System.Object, System.String, Boolean, Int32, Oracle.DataAccess.Client.OracleLogicalTransaction), Línea: 0] - ORA-01476: el divisor es igual a cero
ORA-06512: en "MRVMM.PKG_MRV_INICIATIVA_MITIGACION", línea 645
ORA-06512: en línea 1
03/02/2020 12:25:20 a.m.: [Método: Void HandleError(Int32, Oracle.DataAccess.Client.OracleConnection, System.String, IntPtr, Oracle.DataAccess.Client.OpoSqlValCtx*, System.Object, Boolean, Oracle.DataAccess.Client.OracleLogicalTransaction), Línea: 0] - ORA-01476: el divisor es igual a cero
ORA-06512: en "MRVMM.PKG_MRV_INICIATIVA_MITIGACION", línea 645
ORA-06512: en línea 1
03/02/2020 12:25:20 a.m.: [Método: Oracle.DataAccess.Client.OracleDataReader ExecuteReader(Boolean, Boolean, System.Data.CommandBehavior), Línea: 0] - ORA-01476: el divisor es igual a cero
ORA-06512: en "MRVMM.PKG_MRV_INICIATIVA_MITIGACION", línea 645
ORA-06512: en línea 1
03/02/2020 12:25:20 a.m.: [Método: System.Data.Common.DbDataReader ExecuteDbDataReader(System.Data.CommandBehavior), Línea: 0] - ORA-01476: el divisor es igual a cero
ORA-06512: en "MRVMM.PKG_MRV_INICIATIVA_MITIGACION", línea 645
ORA-06512: en línea 1
03/02/2020 12:25:20 a.m.: [Método: System.Data.IDataReader System.Data.IDbCommand.ExecuteReader(System.Data.CommandBehavior), Línea: 0] - ORA-01476: el divisor es igual a cero
ORA-06512: en "MRVMM.PKG_MRV_INICIATIVA_MITIGACION", línea 645
ORA-06512: en línea 1
03/02/2020 12:25:20 a.m.: [Método: System.Data.IDataReader ExecuteReaderWithFlagsFallback(System.Data.IDbCommand, Boolean, System.Data.CommandBehavior), Línea: 0] - ORA-01476: el divisor es igual a cero
ORA-06512: en "MRVMM.PKG_MRV_INICIATIVA_MITIGACION", línea 645
ORA-06512: en línea 1
03/02/2020 12:25:20 a.m.: [Método: Boolean MoveNext(), Línea: 0] - ORA-01476: el divisor es igual a cero
ORA-06512: en "MRVMM.PKG_MRV_INICIATIVA_MITIGACION", línea 645
ORA-06512: en línea 1
03/02/2020 12:25:20 a.m.: [Método: Void .ctor(System.Collections.Generic.IEnumerable`1[T]), Línea: 0] - ORA-01476: el divisor es igual a cero
ORA-06512: en "MRVMM.PKG_MRV_INICIATIVA_MITIGACION", línea 645
ORA-06512: en línea 1
03/02/2020 12:25:20 a.m.: [Método: System.Collections.Generic.List`1[TSource] ToList[TSource](System.Collections.Generic.IEnumerable`1[TSource]), Línea: 0] - ORA-01476: el divisor es igual a cero
ORA-06512: en "MRVMM.PKG_MRV_INICIATIVA_MITIGACION", línea 645
ORA-06512: en línea 1
03/02/2020 12:25:20 a.m.: [Método: System.Collections.Generic.IEnumerable`1[T] Query[T](System.Data.IDbConnection, System.String, System.Object, System.Data.IDbTransaction, Boolean, System.Nullable`1[System.Int32], System.Nullable`1[System.Data.CommandType]), Línea: 0] - ORA-01476: el divisor es igual a cero
ORA-06512: en "MRVMM.PKG_MRV_INICIATIVA_MITIGACION", línea 645
ORA-06512: en línea 1
03/02/2020 12:25:20 a.m.: [Método: System.Collections.Generic.List`1[entidad.minem.gob.pe.IniciativaBE] ListaIniciativaGeneral(entidad.minem.gob.pe.IniciativaBE), Línea: 97] - ORA-01476: el divisor es igual a cero
ORA-06512: en "MRVMM.PKG_MRV_INICIATIVA_MITIGACION", línea 645
ORA-06512: en línea 1
03/02/2020 01:10:20 a.m.: [Método: Void HandleErrorHelper(Int32, Oracle.DataAccess.Client.OracleConnection, IntPtr, Oracle.DataAccess.Client.OpoSqlValCtx*, System.Object, System.String, Boolean, Int32, Oracle.DataAccess.Client.OracleLogicalTransaction), Línea: 0] - ORA-01476: el divisor es igual a cero
ORA-06512: en "MRVMM.PKG_MRV_INICIATIVA_MITIGACION", línea 645
ORA-06512: en línea 1
03/02/2020 01:10:20 a.m.: [Método: Void HandleError(Int32, Oracle.DataAccess.Client.OracleConnection, System.String, IntPtr, Oracle.DataAccess.Client.OpoSqlValCtx*, System.Object, Boolean, Oracle.DataAccess.Client.OracleLogicalTransaction), Línea: 0] - ORA-01476: el divisor es igual a cero
ORA-06512: en "MRVMM.PKG_MRV_INICIATIVA_MITIGACION", línea 645
ORA-06512: en línea 1
03/02/2020 01:10:20 a.m.: [Método: Oracle.DataAccess.Client.OracleDataReader ExecuteReader(Boolean, Boolean, System.Data.CommandBehavior), Línea: 0] - ORA-01476: el divisor es igual a cero
ORA-06512: en "MRVMM.PKG_MRV_INICIATIVA_MITIGACION", línea 645
ORA-06512: en línea 1
03/02/2020 01:10:20 a.m.: [Método: System.Data.Common.DbDataReader ExecuteDbDataReader(System.Data.CommandBehavior), Línea: 0] - ORA-01476: el divisor es igual a cero
ORA-06512: en "MRVMM.PKG_MRV_INICIATIVA_MITIGACION", línea 645
ORA-06512: en línea 1
03/02/2020 01:10:20 a.m.: [Método: System.Data.IDataReader System.Data.IDbCommand.ExecuteReader(System.Data.CommandBehavior), Línea: 0] - ORA-01476: el divisor es igual a cero
ORA-06512: en "MRVMM.PKG_MRV_INICIATIVA_MITIGACION", línea 645
ORA-06512: en línea 1
03/02/2020 01:10:20 a.m.: [Método: System.Data.IDataReader ExecuteReaderWithFlagsFallback(System.Data.IDbCommand, Boolean, System.Data.CommandBehavior), Línea: 0] - ORA-01476: el divisor es igual a cero
ORA-06512: en "MRVMM.PKG_MRV_INICIATIVA_MITIGACION", línea 645
ORA-06512: en línea 1
03/02/2020 01:10:20 a.m.: [Método: Boolean MoveNext(), Línea: 0] - ORA-01476: el divisor es igual a cero
ORA-06512: en "MRVMM.PKG_MRV_INICIATIVA_MITIGACION", línea 645
ORA-06512: en línea 1
03/02/2020 01:10:20 a.m.: [Método: Void .ctor(System.Collections.Generic.IEnumerable`1[T]), Línea: 0] - ORA-01476: el divisor es igual a cero
ORA-06512: en "MRVMM.PKG_MRV_INICIATIVA_MITIGACION", línea 645
ORA-06512: en línea 1
03/02/2020 01:10:20 a.m.: [Método: System.Collections.Generic.List`1[TSource] ToList[TSource](System.Collections.Generic.IEnumerable`1[TSource]), Línea: 0] - ORA-01476: el divisor es igual a cero
ORA-06512: en "MRVMM.PKG_MRV_INICIATIVA_MITIGACION", línea 645
ORA-06512: en línea 1
03/02/2020 01:10:20 a.m.: [Método: System.Collections.Generic.IEnumerable`1[T] Query[T](System.Data.IDbConnection, System.String, System.Object, System.Data.IDbTransaction, Boolean, System.Nullable`1[System.Int32], System.Nullable`1[System.Data.CommandType]), Línea: 0] - ORA-01476: el divisor es igual a cero
ORA-06512: en "MRVMM.PKG_MRV_INICIATIVA_MITIGACION", línea 645
ORA-06512: en línea 1
03/02/2020 01:10:20 a.m.: [Método: System.Collections.Generic.List`1[entidad.minem.gob.pe.IniciativaBE] ListaIniciativaGeneral(entidad.minem.gob.pe.IniciativaBE), Línea: 97] - ORA-01476: el divisor es igual a cero
ORA-06512: en "MRVMM.PKG_MRV_INICIATIVA_MITIGACION", línea 645
ORA-06512: en línea 1
03/02/2020 02:09:02 a.m.: [Método: Void HandleErrorHelper(Int32, Oracle.DataAccess.Client.OracleConnection, IntPtr, Oracle.DataAccess.Client.OpoSqlValCtx*, System.Object, System.String, Boolean, Int32, Oracle.DataAccess.Client.OracleLogicalTransaction), Línea: 0] - ORA-01476: el divisor es igual a cero
ORA-06512: en "MRVMM.PKG_MRV_INICIATIVA_MITIGACION", línea 645
ORA-06512: en línea 1
03/02/2020 02:09:02 a.m.: [Método: Void HandleError(Int32, Oracle.DataAccess.Client.OracleConnection, System.String, IntPtr, Oracle.DataAccess.Client.OpoSqlValCtx*, System.Object, Boolean, Oracle.DataAccess.Client.OracleLogicalTransaction), Línea: 0] - ORA-01476: el divisor es igual a cero
ORA-06512: en "MRVMM.PKG_MRV_INICIATIVA_MITIGACION", línea 645
ORA-06512: en línea 1
03/02/2020 02:09:02 a.m.: [Método: Oracle.DataAccess.Client.OracleDataReader ExecuteReader(Boolean, Boolean, System.Data.CommandBehavior), Línea: 0] - ORA-01476: el divisor es igual a cero
ORA-06512: en "MRVMM.PKG_MRV_INICIATIVA_MITIGACION", línea 645
ORA-06512: en línea 1
03/02/2020 02:09:02 a.m.: [Método: System.Data.Common.DbDataReader ExecuteDbDataReader(System.Data.CommandBehavior), Línea: 0] - ORA-01476: el divisor es igual a cero
ORA-06512: en "MRVMM.PKG_MRV_INICIATIVA_MITIGACION", línea 645
ORA-06512: en línea 1
03/02/2020 02:09:02 a.m.: [Método: System.Data.IDataReader System.Data.IDbCommand.ExecuteReader(System.Data.CommandBehavior), Línea: 0] - ORA-01476: el divisor es igual a cero
ORA-06512: en "MRVMM.PKG_MRV_INICIATIVA_MITIGACION", línea 645
ORA-06512: en línea 1
03/02/2020 02:09:02 a.m.: [Método: System.Data.IDataReader ExecuteReaderWithFlagsFallback(System.Data.IDbCommand, Boolean, System.Data.CommandBehavior), Línea: 0] - ORA-01476: el divisor es igual a cero
ORA-06512: en "MRVMM.PKG_MRV_INICIATIVA_MITIGACION", línea 645
ORA-06512: en línea 1
03/02/2020 02:09:02 a.m.: [Método: Boolean MoveNext(), Línea: 0] - ORA-01476: el divisor es igual a cero
ORA-06512: en "MRVMM.PKG_MRV_INICIATIVA_MITIGACION", línea 645
ORA-06512: en línea 1
03/02/2020 02:09:02 a.m.: [Método: Void .ctor(System.Collections.Generic.IEnumerable`1[T]), Línea: 0] - ORA-01476: el divisor es igual a cero
ORA-06512: en "MRVMM.PKG_MRV_INICIATIVA_MITIGACION", línea 645
ORA-06512: en línea 1
03/02/2020 02:09:02 a.m.: [Método: System.Collections.Generic.List`1[TSource] ToList[TSource](System.Collections.Generic.IEnumerable`1[TSource]), Línea: 0] - ORA-01476: el divisor es igual a cero
ORA-06512: en "MRVMM.PKG_MRV_INICIATIVA_MITIGACION", línea 645
ORA-06512: en línea 1
03/02/2020 02:09:02 a.m.: [Método: System.Collections.Generic.IEnumerable`1[T] Query[T](System.Data.IDbConnection, System.String, System.Object, System.Data.IDbTransaction, Boolean, System.Nullable`1[System.Int32], System.Nullable`1[System.Data.CommandType]), Línea: 0] - ORA-01476: el divisor es igual a cero
ORA-06512: en "MRVMM.PKG_MRV_INICIATIVA_MITIGACION", línea 645
ORA-06512: en línea 1
03/02/2020 02:09:02 a.m.: [Método: System.Collections.Generic.List`1[entidad.minem.gob.pe.IniciativaBE] ListaIniciativaGeneral(entidad.minem.gob.pe.IniciativaBE), Línea: 97] - ORA-01476: el divisor es igual a cero
ORA-06512: en "MRVMM.PKG_MRV_INICIATIVA_MITIGACION", línea 645
ORA-06512: en línea 1
03/02/2020 02:17:33 a.m.: [Método: Void HandleErrorHelper(Int32, Oracle.DataAccess.Client.OracleConnection, IntPtr, Oracle.DataAccess.Client.OpoSqlValCtx*, System.Object, System.String, Boolean, Int32, Oracle.DataAccess.Client.OracleLogicalTransaction), Línea: 0] - ORA-01476: el divisor es igual a cero
ORA-06512: en "MRVMM.PKG_MRV_INICIATIVA_MITIGACION", línea 645
ORA-06512: en línea 1
03/02/2020 02:17:33 a.m.: [Método: Void HandleError(Int32, Oracle.DataAccess.Client.OracleConnection, System.String, IntPtr, Oracle.DataAccess.Client.OpoSqlValCtx*, System.Object, Boolean, Oracle.DataAccess.Client.OracleLogicalTransaction), Línea: 0] - ORA-01476: el divisor es igual a cero
ORA-06512: en "MRVMM.PKG_MRV_INICIATIVA_MITIGACION", línea 645
ORA-06512: en línea 1
03/02/2020 02:17:33 a.m.: [Método: Oracle.DataAccess.Client.OracleDataReader ExecuteReader(Boolean, Boolean, System.Data.CommandBehavior), Línea: 0] - ORA-01476: el divisor es igual a cero
ORA-06512: en "MRVMM.PKG_MRV_INICIATIVA_MITIGACION", línea 645
ORA-06512: en línea 1
03/02/2020 02:17:33 a.m.: [Método: System.Data.Common.DbDataReader ExecuteDbDataReader(System.Data.CommandBehavior), Línea: 0] - ORA-01476: el divisor es igual a cero
ORA-06512: en "MRVMM.PKG_MRV_INICIATIVA_MITIGACION", línea 645
ORA-06512: en línea 1
03/02/2020 02:17:33 a.m.: [Método: System.Data.IDataReader System.Data.IDbCommand.ExecuteReader(System.Data.CommandBehavior), Línea: 0] - ORA-01476: el divisor es igual a cero
ORA-06512: en "MRVMM.PKG_MRV_INICIATIVA_MITIGACION", línea 645
ORA-06512: en línea 1
03/02/2020 02:17:33 a.m.: [Método: System.Data.IDataReader ExecuteReaderWithFlagsFallback(System.Data.IDbCommand, Boolean, System.Data.CommandBehavior), Línea: 0] - ORA-01476: el divisor es igual a cero
ORA-06512: en "MRVMM.PKG_MRV_INICIATIVA_MITIGACION", línea 645
ORA-06512: en línea 1
03/02/2020 02:17:33 a.m.: [Método: Boolean MoveNext(), Línea: 0] - ORA-01476: el divisor es igual a cero
ORA-06512: en "MRVMM.PKG_MRV_INICIATIVA_MITIGACION", línea 645
ORA-06512: en línea 1
03/02/2020 02:17:33 a.m.: [Método: Void .ctor(System.Collections.Generic.IEnumerable`1[T]), Línea: 0] - ORA-01476: el divisor es igual a cero
ORA-06512: en "MRVMM.PKG_MRV_INICIATIVA_MITIGACION", línea 645
ORA-06512: en línea 1
03/02/2020 02:17:33 a.m.: [Método: System.Collections.Generic.List`1[TSource] ToList[TSource](System.Collections.Generic.IEnumerable`1[TSource]), Línea: 0] - ORA-01476: el divisor es igual a cero
ORA-06512: en "MRVMM.PKG_MRV_INICIATIVA_MITIGACION", línea 645
ORA-06512: en línea 1
03/02/2020 02:17:33 a.m.: [Método: System.Collections.Generic.IEnumerable`1[T] Query[T](System.Data.IDbConnection, System.String, System.Object, System.Data.IDbTransaction, Boolean, System.Nullable`1[System.Int32], System.Nullable`1[System.Data.CommandType]), Línea: 0] - ORA-01476: el divisor es igual a cero
ORA-06512: en "MRVMM.PKG_MRV_INICIATIVA_MITIGACION", línea 645
ORA-06512: en línea 1
03/02/2020 02:17:33 a.m.: [Método: System.Collections.Generic.List`1[entidad.minem.gob.pe.IniciativaBE] ListaIniciativaGeneral(entidad.minem.gob.pe.IniciativaBE), Línea: 97] - ORA-01476: el divisor es igual a cero
ORA-06512: en "MRVMM.PKG_MRV_INICIATIVA_MITIGACION", línea 645
ORA-06512: en línea 1
03/02/2020 02:37:20 a.m.: [Método: Void HandleErrorHelper(Int32, Oracle.DataAccess.Client.OracleConnection, IntPtr, Oracle.DataAccess.Client.OpoSqlValCtx*, System.Object, System.String, Boolean, Int32, Oracle.DataAccess.Client.OracleLogicalTransaction), Línea: 0] - ORA-01476: el divisor es igual a cero
ORA-06512: en "MRVMM.PKG_MRV_INICIATIVA_MITIGACION", línea 645
ORA-06512: en línea 1
03/02/2020 02:37:20 a.m.: [Método: Void HandleError(Int32, Oracle.DataAccess.Client.OracleConnection, System.String, IntPtr, Oracle.DataAccess.Client.OpoSqlValCtx*, System.Object, Boolean, Oracle.DataAccess.Client.OracleLogicalTransaction), Línea: 0] - ORA-01476: el divisor es igual a cero
ORA-06512: en "MRVMM.PKG_MRV_INICIATIVA_MITIGACION", línea 645
ORA-06512: en línea 1
03/02/2020 02:37:20 a.m.: [Método: Oracle.DataAccess.Client.OracleDataReader ExecuteReader(Boolean, Boolean, System.Data.CommandBehavior), Línea: 0] - ORA-01476: el divisor es igual a cero
ORA-06512: en "MRVMM.PKG_MRV_INICIATIVA_MITIGACION", línea 645
ORA-06512: en línea 1
03/02/2020 02:37:20 a.m.: [Método: System.Data.Common.DbDataReader ExecuteDbDataReader(System.Data.CommandBehavior), Línea: 0] - ORA-01476: el divisor es igual a cero
ORA-06512: en "MRVMM.PKG_MRV_INICIATIVA_MITIGACION", línea 645
ORA-06512: en línea 1
03/02/2020 02:37:20 a.m.: [Método: System.Data.IDataReader System.Data.IDbCommand.ExecuteReader(System.Data.CommandBehavior), Línea: 0] - ORA-01476: el divisor es igual a cero
ORA-06512: en "MRVMM.PKG_MRV_INICIATIVA_MITIGACION", línea 645
ORA-06512: en línea 1
03/02/2020 02:37:20 a.m.: [Método: System.Data.IDataReader ExecuteReaderWithFlagsFallback(System.Data.IDbCommand, Boolean, System.Data.CommandBehavior), Línea: 0] - ORA-01476: el divisor es igual a cero
ORA-06512: en "MRVMM.PKG_MRV_INICIATIVA_MITIGACION", línea 645
ORA-06512: en línea 1
03/02/2020 02:37:20 a.m.: [Método: Boolean MoveNext(), Línea: 0] - ORA-01476: el divisor es igual a cero
ORA-06512: en "MRVMM.PKG_MRV_INICIATIVA_MITIGACION", línea 645
ORA-06512: en línea 1
03/02/2020 02:37:20 a.m.: [Método: Void .ctor(System.Collections.Generic.IEnumerable`1[T]), Línea: 0] - ORA-01476: el divisor es igual a cero
ORA-06512: en "MRVMM.PKG_MRV_INICIATIVA_MITIGACION", línea 645
ORA-06512: en línea 1
03/02/2020 02:37:20 a.m.: [Método: System.Collections.Generic.List`1[TSource] ToList[TSource](System.Collections.Generic.IEnumerable`1[TSource]), Línea: 0] - ORA-01476: el divisor es igual a cero
ORA-06512: en "MRVMM.PKG_MRV_INICIATIVA_MITIGACION", línea 645
ORA-06512: en línea 1
03/02/2020 02:37:20 a.m.: [Método: System.Collections.Generic.IEnumerable`1[T] Query[T](System.Data.IDbConnection, System.String, System.Object, System.Data.IDbTransaction, Boolean, System.Nullable`1[System.Int32], System.Nullable`1[System.Data.CommandType]), Línea: 0] - ORA-01476: el divisor es igual a cero
ORA-06512: en "MRVMM.PKG_MRV_INICIATIVA_MITIGACION", línea 645
ORA-06512: en línea 1
03/02/2020 02:37:20 a.m.: [Método: System.Collections.Generic.List`1[entidad.minem.gob.pe.IniciativaBE] ListaIniciativaGeneral(entidad.minem.gob.pe.IniciativaBE), Línea: 97] - ORA-01476: el divisor es igual a cero
ORA-06512: en "MRVMM.PKG_MRV_INICIATIVA_MITIGACION", línea 645
ORA-06512: en línea 1
03/02/2020 02:51:28 a.m.: [Método: Void HandleErrorHelper(Int32, Oracle.DataAccess.Client.OracleConnection, IntPtr, Oracle.DataAccess.Client.OpoSqlValCtx*, System.Object, System.String, Boolean, Int32, Oracle.DataAccess.Client.OracleLogicalTransaction), Línea: 0] - ORA-01476: el divisor es igual a cero
ORA-06512: en "MRVMM.PKG_MRV_INICIATIVA_MITIGACION", línea 645
ORA-06512: en línea 1
03/02/2020 02:51:28 a.m.: [Método: Void HandleError(Int32, Oracle.DataAccess.Client.OracleConnection, System.String, IntPtr, Oracle.DataAccess.Client.OpoSqlValCtx*, System.Object, Boolean, Oracle.DataAccess.Client.OracleLogicalTransaction), Línea: 0] - ORA-01476: el divisor es igual a cero
ORA-06512: en "MRVMM.PKG_MRV_INICIATIVA_MITIGACION", línea 645
ORA-06512: en línea 1
03/02/2020 02:51:28 a.m.: [Método: Oracle.DataAccess.Client.OracleDataReader ExecuteReader(Boolean, Boolean, System.Data.CommandBehavior), Línea: 0] - ORA-01476: el divisor es igual a cero
ORA-06512: en "MRVMM.PKG_MRV_INICIATIVA_MITIGACION", línea 645
ORA-06512: en línea 1
03/02/2020 02:51:28 a.m.: [Método: System.Data.Common.DbDataReader ExecuteDbDataReader(System.Data.CommandBehavior), Línea: 0] - ORA-01476: el divisor es igual a cero
ORA-06512: en "MRVMM.PKG_MRV_INICIATIVA_MITIGACION", línea 645
ORA-06512: en línea 1
03/02/2020 02:51:28 a.m.: [Método: System.Data.IDataReader System.Data.IDbCommand.ExecuteReader(System.Data.CommandBehavior), Línea: 0] - ORA-01476: el divisor es igual a cero
ORA-06512: en "MRVMM.PKG_MRV_INICIATIVA_MITIGACION", línea 645
ORA-06512: en línea 1
03/02/2020 02:51:28 a.m.: [Método: System.Data.IDataReader ExecuteReaderWithFlagsFallback(System.Data.IDbCommand, Boolean, System.Data.CommandBehavior), Línea: 0] - ORA-01476: el divisor es igual a cero
ORA-06512: en "MRVMM.PKG_MRV_INICIATIVA_MITIGACION", línea 645
ORA-06512: en línea 1
03/02/2020 02:51:28 a.m.: [Método: Boolean MoveNext(), Línea: 0] - ORA-01476: el divisor es igual a cero
ORA-06512: en "MRVMM.PKG_MRV_INICIATIVA_MITIGACION", línea 645
ORA-06512: en línea 1
03/02/2020 02:51:28 a.m.: [Método: Void .ctor(System.Collections.Generic.IEnumerable`1[T]), Línea: 0] - ORA-01476: el divisor es igual a cero
ORA-06512: en "MRVMM.PKG_MRV_INICIATIVA_MITIGACION", línea 645
ORA-06512: en línea 1
03/02/2020 02:51:28 a.m.: [Método: System.Collections.Generic.List`1[TSource] ToList[TSource](System.Collections.Generic.IEnumerable`1[TSource]), Línea: 0] - ORA-01476: el divisor es igual a cero
ORA-06512: en "MRVMM.PKG_MRV_INICIATIVA_MITIGACION", línea 645
ORA-06512: en línea 1
03/02/2020 02:51:28 a.m.: [Método: System.Collections.Generic.IEnumerable`1[T] Query[T](System.Data.IDbConnection, System.String, System.Object, System.Data.IDbTransaction, Boolean, System.Nullable`1[System.Int32], System.Nullable`1[System.Data.CommandType]), Línea: 0] - ORA-01476: el divisor es igual a cero
ORA-06512: en "MRVMM.PKG_MRV_INICIATIVA_MITIGACION", línea 645
ORA-06512: en línea 1
03/02/2020 02:51:28 a.m.: [Método: System.Collections.Generic.List`1[entidad.minem.gob.pe.IniciativaBE] ListaIniciativaGeneral(entidad.minem.gob.pe.IniciativaBE), Línea: 97] - ORA-01476: el divisor es igual a cero
ORA-06512: en "MRVMM.PKG_MRV_INICIATIVA_MITIGACION", línea 645
ORA-06512: en línea 1
03/02/2020 02:52:45 a.m.: [Método: Boolean ConvertDictionaryToObject(System.Collections.Generic.IDictionary`2[System.String,System.Object], System.Type, System.Web.Script.Serialization.JavaScriptSerializer, Boolean, System.Object ByRef), Línea: 0] - No hay ningún constructor sin parámetros definido para el tipo de 'System.String'.
03/02/2020 02:52:45 a.m.: [Método: Boolean ConvertObjectToTypeInternal(System.Object, System.Type, System.Web.Script.Serialization.JavaScriptSerializer, Boolean, System.Object ByRef), Línea: 0] - No hay ningún constructor sin parámetros definido para el tipo de 'System.String'.
03/02/2020 02:52:45 a.m.: [Método: Boolean ConvertObjectToTypeMain(System.Object, System.Type, System.Web.Script.Serialization.JavaScriptSerializer, Boolean, System.Object ByRef), Línea: 0] - No hay ningún constructor sin parámetros definido para el tipo de 'System.String'.
03/02/2020 02:52:45 a.m.: [Método: System.Object Deserialize(System.Web.Script.Serialization.JavaScriptSerializer, System.String, System.Type, Int32), Línea: 0] - No hay ningún constructor sin parámetros definido para el tipo de 'System.String'.
03/02/2020 02:52:45 a.m.: [Método: T Deserialize[T](System.String), Línea: 0] - No hay ningún constructor sin parámetros definido para el tipo de 'System.String'.
03/02/2020 02:52:45 a.m.: [Método: Void ExportarMantenimientoUsuario(System.String), Línea: 1496] - No hay ningún constructor sin parámetros definido para el tipo de 'System.String'.
03/02/2020 02:55:56 a.m.: [Método: Void HandleErrorHelper(Int32, Oracle.DataAccess.Client.OracleConnection, IntPtr, Oracle.DataAccess.Client.OpoSqlValCtx*, System.Object, System.String, Boolean, Int32, Oracle.DataAccess.Client.OracleLogicalTransaction), Línea: 0] - ORA-01476: el divisor es igual a cero
ORA-06512: en "MRVMM.PKG_MRV_INICIATIVA_MITIGACION", línea 645
ORA-06512: en línea 1
03/02/2020 02:55:56 a.m.: [Método: Void HandleError(Int32, Oracle.DataAccess.Client.OracleConnection, System.String, IntPtr, Oracle.DataAccess.Client.OpoSqlValCtx*, System.Object, Boolean, Oracle.DataAccess.Client.OracleLogicalTransaction), Línea: 0] - ORA-01476: el divisor es igual a cero
ORA-06512: en "MRVMM.PKG_MRV_INICIATIVA_MITIGACION", línea 645
ORA-06512: en línea 1
03/02/2020 02:55:56 a.m.: [Método: Oracle.DataAccess.Client.OracleDataReader ExecuteReader(Boolean, Boolean, System.Data.CommandBehavior), Línea: 0] - ORA-01476: el divisor es igual a cero
ORA-06512: en "MRVMM.PKG_MRV_INICIATIVA_MITIGACION", línea 645
ORA-06512: en línea 1
03/02/2020 02:55:56 a.m.: [Método: System.Data.Common.DbDataReader ExecuteDbDataReader(System.Data.CommandBehavior), Línea: 0] - ORA-01476: el divisor es igual a cero
ORA-06512: en "MRVMM.PKG_MRV_INICIATIVA_MITIGACION", línea 645
ORA-06512: en línea 1
03/02/2020 02:55:56 a.m.: [Método: System.Data.IDataReader System.Data.IDbCommand.ExecuteReader(System.Data.CommandBehavior), Línea: 0] - ORA-01476: el divisor es igual a cero
ORA-06512: en "MRVMM.PKG_MRV_INICIATIVA_MITIGACION", línea 645
ORA-06512: en línea 1
03/02/2020 02:55:56 a.m.: [Método: System.Data.IDataReader ExecuteReaderWithFlagsFallback(System.Data.IDbCommand, Boolean, System.Data.CommandBehavior), Línea: 0] - ORA-01476: el divisor es igual a cero
ORA-06512: en "MRVMM.PKG_MRV_INICIATIVA_MITIGACION", línea 645
ORA-06512: en línea 1
03/02/2020 02:55:56 a.m.: [Método: Boolean MoveNext(), Línea: 0] - ORA-01476: el divisor es igual a cero
ORA-06512: en "MRVMM.PKG_MRV_INICIATIVA_MITIGACION", línea 645
ORA-06512: en línea 1
03/02/2020 02:55:56 a.m.: [Método: Void .ctor(System.Collections.Generic.IEnumerable`1[T]), Línea: 0] - ORA-01476: el divisor es igual a cero
ORA-06512: en "MRVMM.PKG_MRV_INICIATIVA_MITIGACION", línea 645
ORA-06512: en línea 1
03/02/2020 02:55:56 a.m.: [Método: System.Collections.Generic.List`1[TSource] ToList[TSource](System.Collections.Generic.IEnumerable`1[TSource]), Línea: 0] - ORA-01476: el divisor es igual a cero
ORA-06512: en "MRVMM.PKG_MRV_INICIATIVA_MITIGACION", línea 645
ORA-06512: en línea 1
03/02/2020 02:55:56 a.m.: [Método: System.Collections.Generic.IEnumerable`1[T] Query[T](System.Data.IDbConnection, System.String, System.Object, System.Data.IDbTransaction, Boolean, System.Nullable`1[System.Int32], System.Nullable`1[System.Data.CommandType]), Línea: 0] - ORA-01476: el divisor es igual a cero
ORA-06512: en "MRVMM.PKG_MRV_INICIATIVA_MITIGACION", línea 645
ORA-06512: en línea 1
03/02/2020 02:55:56 a.m.: [Método: System.Collections.Generic.List`1[entidad.minem.gob.pe.IniciativaBE] ListaIniciativaGeneral(entidad.minem.gob.pe.IniciativaBE), Línea: 97] - ORA-01476: el divisor es igual a cero
ORA-06512: en "MRVMM.PKG_MRV_INICIATIVA_MITIGACION", línea 645
ORA-06512: en línea 1
03/02/2020 03:11:50 a.m.: [Método: Void HandleErrorHelper(Int32, Oracle.DataAccess.Client.OracleConnection, IntPtr, Oracle.DataAccess.Client.OpoSqlValCtx*, System.Object, System.String, Boolean, Int32, Oracle.DataAccess.Client.OracleLogicalTransaction), Línea: 0] - ORA-01476: el divisor es igual a cero
ORA-06512: en "MRVMM.PKG_MRV_INICIATIVA_MITIGACION", línea 645
ORA-06512: en línea 1
03/02/2020 03:11:50 a.m.: [Método: Void HandleError(Int32, Oracle.DataAccess.Client.OracleConnection, System.String, IntPtr, Oracle.DataAccess.Client.OpoSqlValCtx*, System.Object, Boolean, Oracle.DataAccess.Client.OracleLogicalTransaction), Línea: 0] - ORA-01476: el divisor es igual a cero
ORA-06512: en "MRVMM.PKG_MRV_INICIATIVA_MITIGACION", línea 645
ORA-06512: en línea 1
03/02/2020 03:11:50 a.m.: [Método: Oracle.DataAccess.Client.OracleDataReader ExecuteReader(Boolean, Boolean, System.Data.CommandBehavior), Línea: 0] - ORA-01476: el divisor es igual a cero
ORA-06512: en "MRVMM.PKG_MRV_INICIATIVA_MITIGACION", línea 645
ORA-06512: en línea 1
03/02/2020 03:11:50 a.m.: [Método: System.Data.Common.DbDataReader ExecuteDbDataReader(System.Data.CommandBehavior), Línea: 0] - ORA-01476: el divisor es igual a cero
ORA-06512: en "MRVMM.PKG_MRV_INICIATIVA_MITIGACION", línea 645
ORA-06512: en línea 1
03/02/2020 03:11:50 a.m.: [Método: System.Data.IDataReader System.Data.IDbCommand.ExecuteReader(System.Data.CommandBehavior), Línea: 0] - ORA-01476: el divisor es igual a cero
ORA-06512: en "MRVMM.PKG_MRV_INICIATIVA_MITIGACION", línea 645
ORA-06512: en línea 1
03/02/2020 03:11:50 a.m.: [Método: System.Data.IDataReader ExecuteReaderWithFlagsFallback(System.Data.IDbCommand, Boolean, System.Data.CommandBehavior), Línea: 0] - ORA-01476: el divisor es igual a cero
ORA-06512: en "MRVMM.PKG_MRV_INICIATIVA_MITIGACION", línea 645
ORA-06512: en línea 1
03/02/2020 03:11:50 a.m.: [Método: Boolean MoveNext(), Línea: 0] - ORA-01476: el divisor es igual a cero
ORA-06512: en "MRVMM.PKG_MRV_INICIATIVA_MITIGACION", línea 645
ORA-06512: en línea 1
03/02/2020 03:11:50 a.m.: [Método: Void .ctor(System.Collections.Generic.IEnumerable`1[T]), Línea: 0] - ORA-01476: el divisor es igual a cero
ORA-06512: en "MRVMM.PKG_MRV_INICIATIVA_MITIGACION", línea 645
ORA-06512: en línea 1
03/02/2020 03:11:50 a.m.: [Método: System.Collections.Generic.List`1[TSource] ToList[TSource](System.Collections.Generic.IEnumerable`1[TSource]), Línea: 0] - ORA-01476: el divisor es igual a cero
ORA-06512: en "MRVMM.PKG_MRV_INICIATIVA_MITIGACION", línea 645
ORA-06512: en línea 1
03/02/2020 03:11:50 a.m.: [Método: System.Collections.Generic.IEnumerable`1[T] Query[T](System.Data.IDbConnection, System.String, System.Object, System.Data.IDbTransaction, Boolean, System.Nullable`1[System.Int32], System.Nullable`1[System.Data.CommandType]), Línea: 0] - ORA-01476: el divisor es igual a cero
ORA-06512: en "MRVMM.PKG_MRV_INICIATIVA_MITIGACION", línea 645
ORA-06512: en línea 1
03/02/2020 03:11:50 a.m.: [Método: System.Collections.Generic.List`1[entidad.minem.gob.pe.IniciativaBE] ListaIniciativaGeneral(entidad.minem.gob.pe.IniciativaBE), Línea: 97] - ORA-01476: el divisor es igual a cero
ORA-06512: en "MRVMM.PKG_MRV_INICIATIVA_MITIGACION", línea 645
ORA-06512: en línea 1
03/02/2020 04:28:44 a.m.: [Método: Void HandleErrorHelper(Int32, Oracle.DataAccess.Client.OracleConnection, IntPtr, Oracle.DataAccess.Client.OpoSqlValCtx*, System.Object, System.String, Boolean, Int32, Oracle.DataAccess.Client.OracleLogicalTransaction), Línea: 0] - ORA-01476: el divisor es igual a cero
ORA-06512: en "MRVMM.PKG_MRV_INICIATIVA_MITIGACION", línea 645
ORA-06512: en línea 1
03/02/2020 04:28:44 a.m.: [Método: Void HandleError(Int32, Oracle.DataAccess.Client.OracleConnection, System.String, IntPtr, Oracle.DataAccess.Client.OpoSqlValCtx*, System.Object, Boolean, Oracle.DataAccess.Client.OracleLogicalTransaction), Línea: 0] - ORA-01476: el divisor es igual a cero
ORA-06512: en "MRVMM.PKG_MRV_INICIATIVA_MITIGACION", línea 645
ORA-06512: en línea 1
03/02/2020 04:28:44 a.m.: [Método: Oracle.DataAccess.Client.OracleDataReader ExecuteReader(Boolean, Boolean, System.Data.CommandBehavior), Línea: 0] - ORA-01476: el divisor es igual a cero
ORA-06512: en "MRVMM.PKG_MRV_INICIATIVA_MITIGACION", línea 645
ORA-06512: en línea 1
03/02/2020 04:28:44 a.m.: [Método: System.Data.Common.DbDataReader ExecuteDbDataReader(System.Data.CommandBehavior), Línea: 0] - ORA-01476: el divisor es igual a cero
ORA-06512: en "MRVMM.PKG_MRV_INICIATIVA_MITIGACION", línea 645
ORA-06512: en línea 1
03/02/2020 04:28:44 a.m.: [Método: System.Data.IDataReader System.Data.IDbCommand.ExecuteReader(System.Data.CommandBehavior), Línea: 0] - ORA-01476: el divisor es igual a cero
ORA-06512: en "MRVMM.PKG_MRV_INICIATIVA_MITIGACION", línea 645
ORA-06512: en línea 1
03/02/2020 04:28:44 a.m.: [Método: System.Data.IDataReader ExecuteReaderWithFlagsFallback(System.Data.IDbCommand, Boolean, System.Data.CommandBehavior), Línea: 0] - ORA-01476: el divisor es igual a cero
ORA-06512: en "MRVMM.PKG_MRV_INICIATIVA_MITIGACION", línea 645
ORA-06512: en línea 1
03/02/2020 04:28:44 a.m.: [Método: Boolean MoveNext(), Línea: 0] - ORA-01476: el divisor es igual a cero
ORA-06512: en "MRVMM.PKG_MRV_INICIATIVA_MITIGACION", línea 645
ORA-06512: en línea 1
03/02/2020 04:28:44 a.m.: [Método: Void .ctor(System.Collections.Generic.IEnumerable`1[T]), Línea: 0] - ORA-01476: el divisor es igual a cero
ORA-06512: en "MRVMM.PKG_MRV_INICIATIVA_MITIGACION", línea 645
ORA-06512: en línea 1
03/02/2020 04:28:44 a.m.: [Método: System.Collections.Generic.List`1[TSource] ToList[TSource](System.Collections.Generic.IEnumerable`1[TSource]), Línea: 0] - ORA-01476: el divisor es igual a cero
ORA-06512: en "MRVMM.PKG_MRV_INICIATIVA_MITIGACION", línea 645
ORA-06512: en línea 1
03/02/2020 04:28:44 a.m.: [Método: System.Collections.Generic.IEnumerable`1[T] Query[T](System.Data.IDbConnection, System.String, System.Object, System.Data.IDbTransaction, Boolean, System.Nullable`1[System.Int32], System.Nullable`1[System.Data.CommandType]), Línea: 0] - ORA-01476: el divisor es igual a cero
ORA-06512: en "MRVMM.PKG_MRV_INICIATIVA_MITIGACION", línea 645
ORA-06512: en línea 1
03/02/2020 04:28:44 a.m.: [Método: System.Collections.Generic.List`1[entidad.minem.gob.pe.IniciativaBE] ListaIniciativaGeneral(entidad.minem.gob.pe.IniciativaBE), Línea: 97] - ORA-01476: el divisor es igual a cero
ORA-06512: en "MRVMM.PKG_MRV_INICIATIVA_MITIGACION", línea 645
ORA-06512: en línea 1
03/02/2020 04:47:54 a.m.: [Método: Void HandleErrorHelper(Int32, Oracle.DataAccess.Client.OracleConnection, IntPtr, Oracle.DataAccess.Client.OpoSqlValCtx*, System.Object, System.String, Boolean, Int32, Oracle.DataAccess.Client.OracleLogicalTransaction), Línea: 0] - ORA-01476: el divisor es igual a cero
ORA-06512: en "MRVMM.PKG_MRV_INICIATIVA_MITIGACION", línea 645
ORA-06512: en línea 1
03/02/2020 04:47:54 a.m.: [Método: Void HandleError(Int32, Oracle.DataAccess.Client.OracleConnection, System.String, IntPtr, Oracle.DataAccess.Client.OpoSqlValCtx*, System.Object, Boolean, Oracle.DataAccess.Client.OracleLogicalTransaction), Línea: 0] - ORA-01476: el divisor es igual a cero
ORA-06512: en "MRVMM.PKG_MRV_INICIATIVA_MITIGACION", línea 645
ORA-06512: en línea 1
03/02/2020 04:47:54 a.m.: [Método: Oracle.DataAccess.Client.OracleDataReader ExecuteReader(Boolean, Boolean, System.Data.CommandBehavior), Línea: 0] - ORA-01476: el divisor es igual a cero
ORA-06512: en "MRVMM.PKG_MRV_INICIATIVA_MITIGACION", línea 645
ORA-06512: en línea 1
03/02/2020 04:47:54 a.m.: [Método: System.Data.Common.DbDataReader ExecuteDbDataReader(System.Data.CommandBehavior), Línea: 0] - ORA-01476: el divisor es igual a cero
ORA-06512: en "MRVMM.PKG_MRV_INICIATIVA_MITIGACION", línea 645
ORA-06512: en línea 1
03/02/2020 04:47:54 a.m.: [Método: System.Data.IDataReader System.Data.IDbCommand.ExecuteReader(System.Data.CommandBehavior), Línea: 0] - ORA-01476: el divisor es igual a cero
ORA-06512: en "MRVMM.PKG_MRV_INICIATIVA_MITIGACION", línea 645
ORA-06512: en línea 1
03/02/2020 04:47:54 a.m.: [Método: System.Data.IDataReader ExecuteReaderWithFlagsFallback(System.Data.IDbCommand, Boolean, System.Data.CommandBehavior), Línea: 0] - ORA-01476: el divisor es igual a cero
ORA-06512: en "MRVMM.PKG_MRV_INICIATIVA_MITIGACION", línea 645
ORA-06512: en línea 1
03/02/2020 04:47:54 a.m.: [Método: Boolean MoveNext(), Línea: 0] - ORA-01476: el divisor es igual a cero
ORA-06512: en "MRVMM.PKG_MRV_INICIATIVA_MITIGACION", línea 645
ORA-06512: en línea 1
03/02/2020 04:47:54 a.m.: [Método: Void .ctor(System.Collections.Generic.IEnumerable`1[T]), Línea: 0] - ORA-01476: el divisor es igual a cero
ORA-06512: en "MRVMM.PKG_MRV_INICIATIVA_MITIGACION", línea 645
ORA-06512: en línea 1
03/02/2020 04:47:54 a.m.: [Método: System.Collections.Generic.List`1[TSource] ToList[TSource](System.Collections.Generic.IEnumerable`1[TSource]), Línea: 0] - ORA-01476: el divisor es igual a cero
ORA-06512: en "MRVMM.PKG_MRV_INICIATIVA_MITIGACION", línea 645
ORA-06512: en línea 1
03/02/2020 04:47:54 a.m.: [Método: System.Collections.Generic.IEnumerable`1[T] Query[T](System.Data.IDbConnection, System.String, System.Object, System.Data.IDbTransaction, Boolean, System.Nullable`1[System.Int32], System.Nullable`1[System.Data.CommandType]), Línea: 0] - ORA-01476: el divisor es igual a cero
ORA-06512: en "MRVMM.PKG_MRV_INICIATIVA_MITIGACION", línea 645
ORA-06512: en línea 1
03/02/2020 04:47:54 a.m.: [Método: System.Collections.Generic.List`1[entidad.minem.gob.pe.IniciativaBE] ListaIniciativaGeneral(entidad.minem.gob.pe.IniciativaBE), Línea: 97] - ORA-01476: el divisor es igual a cero
ORA-06512: en "MRVMM.PKG_MRV_INICIATIVA_MITIGACION", línea 645
ORA-06512: en línea 1
03/02/2020 04:59:03 a.m.: [Método: Void HandleErrorHelper(Int32, Oracle.DataAccess.Client.OracleConnection, IntPtr, Oracle.DataAccess.Client.OpoSqlValCtx*, System.Object, System.String, Boolean, Int32, Oracle.DataAccess.Client.OracleLogicalTransaction), Línea: 0] - ORA-01476: el divisor es igual a cero
ORA-06512: en "MRVMM.PKG_MRV_INICIATIVA_MITIGACION", línea 645
ORA-06512: en línea 1
03/02/2020 04:59:03 a.m.: [Método: Void HandleError(Int32, Oracle.DataAccess.Client.OracleConnection, System.String, IntPtr, Oracle.DataAccess.Client.OpoSqlValCtx*, System.Object, Boolean, Oracle.DataAccess.Client.OracleLogicalTransaction), Línea: 0] - ORA-01476: el divisor es igual a cero
ORA-06512: en "MRVMM.PKG_MRV_INICIATIVA_MITIGACION", línea 645
ORA-06512: en línea 1
03/02/2020 04:59:03 a.m.: [Método: Oracle.DataAccess.Client.OracleDataReader ExecuteReader(Boolean, Boolean, System.Data.CommandBehavior), Línea: 0] - ORA-01476: el divisor es igual a cero
ORA-06512: en "MRVMM.PKG_MRV_INICIATIVA_MITIGACION", línea 645
ORA-06512: en línea 1
03/02/2020 04:59:03 a.m.: [Método: System.Data.Common.DbDataReader ExecuteDbDataReader(System.Data.CommandBehavior), Línea: 0] - ORA-01476: el divisor es igual a cero
ORA-06512: en "MRVMM.PKG_MRV_INICIATIVA_MITIGACION", línea 645
ORA-06512: en línea 1
03/02/2020 04:59:03 a.m.: [Método: System.Data.IDataReader System.Data.IDbCommand.ExecuteReader(System.Data.CommandBehavior), Línea: 0] - ORA-01476: el divisor es igual a cero
ORA-06512: en "MRVMM.PKG_MRV_INICIATIVA_MITIGACION", línea 645
ORA-06512: en línea 1
03/02/2020 04:59:03 a.m.: [Método: System.Data.IDataReader ExecuteReaderWithFlagsFallback(System.Data.IDbCommand, Boolean, System.Data.CommandBehavior), Línea: 0] - ORA-01476: el divisor es igual a cero
ORA-06512: en "MRVMM.PKG_MRV_INICIATIVA_MITIGACION", línea 645
ORA-06512: en línea 1
03/02/2020 04:59:03 a.m.: [Método: Boolean MoveNext(), Línea: 0] - ORA-01476: el divisor es igual a cero
ORA-06512: en "MRVMM.PKG_MRV_INICIATIVA_MITIGACION", línea 645
ORA-06512: en línea 1
03/02/2020 04:59:03 a.m.: [Método: Void .ctor(System.Collections.Generic.IEnumerable`1[T]), Línea: 0] - ORA-01476: el divisor es igual a cero
ORA-06512: en "MRVMM.PKG_MRV_INICIATIVA_MITIGACION", línea 645
ORA-06512: en línea 1
03/02/2020 04:59:03 a.m.: [Método: System.Collections.Generic.List`1[TSource] ToList[TSource](System.Collections.Generic.IEnumerable`1[TSource]), Línea: 0] - ORA-01476: el divisor es igual a cero
ORA-06512: en "MRVMM.PKG_MRV_INICIATIVA_MITIGACION", línea 645
ORA-06512: en línea 1
03/02/2020 04:59:03 a.m.: [Método: System.Collections.Generic.IEnumerable`1[T] Query[T](System.Data.IDbConnection, System.String, System.Object, System.Data.IDbTransaction, Boolean, System.Nullable`1[System.Int32], System.Nullable`1[System.Data.CommandType]), Línea: 0] - ORA-01476: el divisor es igual a cero
ORA-06512: en "MRVMM.PKG_MRV_INICIATIVA_MITIGACION", línea 645
ORA-06512: en línea 1
03/02/2020 04:59:03 a.m.: [Método: System.Collections.Generic.List`1[entidad.minem.gob.pe.IniciativaBE] ListaIniciativaGeneral(entidad.minem.gob.pe.IniciativaBE), Línea: 97] - ORA-01476: el divisor es igual a cero
ORA-06512: en "MRVMM.PKG_MRV_INICIATIVA_MITIGACION", línea 645
ORA-06512: en línea 1
03/02/2020 05:00:16 a.m.: [Método: Void HandleErrorHelper(Int32, Oracle.DataAccess.Client.OracleConnection, IntPtr, Oracle.DataAccess.Client.OpoSqlValCtx*, System.Object, System.String, Boolean, Int32, Oracle.DataAccess.Client.OracleLogicalTransaction), Línea: 0] - ORA-01476: el divisor es igual a cero
ORA-06512: en "MRVMM.PKG_MRV_INICIATIVA_MITIGACION", línea 645
ORA-06512: en línea 1
03/02/2020 05:00:16 a.m.: [Método: Void HandleError(Int32, Oracle.DataAccess.Client.OracleConnection, System.String, IntPtr, Oracle.DataAccess.Client.OpoSqlValCtx*, System.Object, Boolean, Oracle.DataAccess.Client.OracleLogicalTransaction), Línea: 0] - ORA-01476: el divisor es igual a cero
ORA-06512: en "MRVMM.PKG_MRV_INICIATIVA_MITIGACION", línea 645
ORA-06512: en línea 1
03/02/2020 05:00:16 a.m.: [Método: Oracle.DataAccess.Client.OracleDataReader ExecuteReader(Boolean, Boolean, System.Data.CommandBehavior), Línea: 0] - ORA-01476: el divisor es igual a cero
ORA-06512: en "MRVMM.PKG_MRV_INICIATIVA_MITIGACION", línea 645
ORA-06512: en línea 1
03/02/2020 05:00:16 a.m.: [Método: System.Data.Common.DbDataReader ExecuteDbDataReader(System.Data.CommandBehavior), Línea: 0] - ORA-01476: el divisor es igual a cero
ORA-06512: en "MRVMM.PKG_MRV_INICIATIVA_MITIGACION", línea 645
ORA-06512: en línea 1
03/02/2020 05:00:16 a.m.: [Método: System.Data.IDataReader System.Data.IDbCommand.ExecuteReader(System.Data.CommandBehavior), Línea: 0] - ORA-01476: el divisor es igual a cero
ORA-06512: en "MRVMM.PKG_MRV_INICIATIVA_MITIGACION", línea 645
ORA-06512: en línea 1
03/02/2020 05:00:16 a.m.: [Método: System.Data.IDataReader ExecuteReaderWithFlagsFallback(System.Data.IDbCommand, Boolean, System.Data.CommandBehavior), Línea: 0] - ORA-01476: el divisor es igual a cero
ORA-06512: en "MRVMM.PKG_MRV_INICIATIVA_MITIGACION", línea 645
ORA-06512: en línea 1
03/02/2020 05:00:16 a.m.: [Método: Boolean MoveNext(), Línea: 0] - ORA-01476: el divisor es igual a cero
ORA-06512: en "MRVMM.PKG_MRV_INICIATIVA_MITIGACION", línea 645
ORA-06512: en línea 1
03/02/2020 05:00:16 a.m.: [Método: Void .ctor(System.Collections.Generic.IEnumerable`1[T]), Línea: 0] - ORA-01476: el divisor es igual a cero
ORA-06512: en "MRVMM.PKG_MRV_INICIATIVA_MITIGACION", línea 645
ORA-06512: en línea 1
03/02/2020 05:00:16 a.m.: [Método: System.Collections.Generic.List`1[TSource] ToList[TSource](System.Collections.Generic.IEnumerable`1[TSource]), Línea: 0] - ORA-01476: el divisor es igual a cero
ORA-06512: en "MRVMM.PKG_MRV_INICIATIVA_MITIGACION", línea 645
ORA-06512: en línea 1
03/02/2020 05:00:16 a.m.: [Método: System.Collections.Generic.IEnumerable`1[T] Query[T](System.Data.IDbConnection, System.String, System.Object, System.Data.IDbTransaction, Boolean, System.Nullable`1[System.Int32], System.Nullable`1[System.Data.CommandType]), Línea: 0] - ORA-01476: el divisor es igual a cero
ORA-06512: en "MRVMM.PKG_MRV_INICIATIVA_MITIGACION", línea 645
ORA-06512: en línea 1
03/02/2020 05:00:16 a.m.: [Método: System.Collections.Generic.List`1[entidad.minem.gob.pe.IniciativaBE] ListaIniciativaGeneral(entidad.minem.gob.pe.IniciativaBE), Línea: 97] - ORA-01476: el divisor es igual a cero
ORA-06512: en "MRVMM.PKG_MRV_INICIATIVA_MITIGACION", línea 645
ORA-06512: en línea 1
03/02/2020 11:58:42 a.m.: [Método: Void HandleErrorHelper(Int32, Oracle.DataAccess.Client.OracleConnection, IntPtr, Oracle.DataAccess.Client.OpoSqlValCtx*, System.Object, System.String, Boolean, Int32, Oracle.DataAccess.Client.OracleLogicalTransaction), Línea: 0] - ORA-01476: divisor is equal to zero
ORA-06512: at "MRVMM.PKG_MRV_INICIATIVA_MITIGACION", line 811
ORA-06512: at line 1
03/02/2020 11:58:42 a.m.: [Método: Void HandleError(Int32, Oracle.DataAccess.Client.OracleConnection, System.String, IntPtr, Oracle.DataAccess.Client.OpoSqlValCtx*, System.Object, Boolean, Oracle.DataAccess.Client.OracleLogicalTransaction), Línea: 0] - ORA-01476: divisor is equal to zero
ORA-06512: at "MRVMM.PKG_MRV_INICIATIVA_MITIGACION", line 811
ORA-06512: at line 1
03/02/2020 11:58:42 a.m.: [Método: Oracle.DataAccess.Client.OracleDataReader ExecuteReader(Boolean, Boolean, System.Data.CommandBehavior), Línea: 0] - ORA-01476: divisor is equal to zero
ORA-06512: at "MRVMM.PKG_MRV_INICIATIVA_MITIGACION", line 811
ORA-06512: at line 1
03/02/2020 11:58:42 a.m.: [Método: System.Data.Common.DbDataReader ExecuteDbDataReader(System.Data.CommandBehavior), Línea: 0] - ORA-01476: divisor is equal to zero
ORA-06512: at "MRVMM.PKG_MRV_INICIATIVA_MITIGACION", line 811
ORA-06512: at line 1
03/02/2020 11:58:42 a.m.: [Método: System.Data.IDataReader System.Data.IDbCommand.ExecuteReader(System.Data.CommandBehavior), Línea: 0] - ORA-01476: divisor is equal to zero
ORA-06512: at "MRVMM.PKG_MRV_INICIATIVA_MITIGACION", line 811
ORA-06512: at line 1
03/02/2020 11:58:42 a.m.: [Método: System.Data.IDataReader ExecuteReaderWithFlagsFallback(System.Data.IDbCommand, Boolean, System.Data.CommandBehavior), Línea: 0] - ORA-01476: divisor is equal to zero
ORA-06512: at "MRVMM.PKG_MRV_INICIATIVA_MITIGACION", line 811
ORA-06512: at line 1
03/02/2020 11:58:42 a.m.: [Método: Boolean MoveNext(), Línea: 0] - ORA-01476: divisor is equal to zero
ORA-06512: at "MRVMM.PKG_MRV_INICIATIVA_MITIGACION", line 811
ORA-06512: at line 1
03/02/2020 11:58:42 a.m.: [Método: Void .ctor(System.Collections.Generic.IEnumerable`1[T]), Línea: 0] - ORA-01476: divisor is equal to zero
ORA-06512: at "MRVMM.PKG_MRV_INICIATIVA_MITIGACION", line 811
ORA-06512: at line 1
03/02/2020 11:58:42 a.m.: [Método: System.Collections.Generic.List`1[TSource] ToList[TSource](System.Collections.Generic.IEnumerable`1[TSource]), Línea: 0] - ORA-01476: divisor is equal to zero
ORA-06512: at "MRVMM.PKG_MRV_INICIATIVA_MITIGACION", line 811
ORA-06512: at line 1
03/02/2020 11:58:42 a.m.: [Método: System.Collections.Generic.IEnumerable`1[T] Query[T](System.Data.IDbConnection, System.String, System.Object, System.Data.IDbTransaction, Boolean, System.Nullable`1[System.Int32], System.Nullable`1[System.Data.CommandType]), Línea: 0] - ORA-01476: divisor is equal to zero
ORA-06512: at "MRVMM.PKG_MRV_INICIATIVA_MITIGACION", line 811
ORA-06512: at line 1
03/02/2020 11:58:42 a.m.: [Método: System.Collections.Generic.List`1[entidad.minem.gob.pe.IniciativaBE] ListaIniciativaUsuario(entidad.minem.gob.pe.IniciativaBE), Línea: 129] - ORA-01476: divisor is equal to zero
ORA-06512: at "MRVMM.PKG_MRV_INICIATIVA_MITIGACION", line 811
ORA-06512: at line 1
03/02/2020 12:09:37 p.m.: [Método: Void HandleErrorHelper(Int32, Oracle.DataAccess.Client.OracleConnection, IntPtr, Oracle.DataAccess.Client.OpoSqlValCtx*, System.Object, System.String, Boolean, Int32, Oracle.DataAccess.Client.OracleLogicalTransaction), Línea: 0] - ORA-01476: divisor is equal to zero
ORA-06512: at "MRVMM.PKG_MRV_INICIATIVA_MITIGACION", line 811
ORA-06512: at line 1
03/02/2020 12:09:37 p.m.: [Método: Void HandleError(Int32, Oracle.DataAccess.Client.OracleConnection, System.String, IntPtr, Oracle.DataAccess.Client.OpoSqlValCtx*, System.Object, Boolean, Oracle.DataAccess.Client.OracleLogicalTransaction), Línea: 0] - ORA-01476: divisor is equal to zero
ORA-06512: at "MRVMM.PKG_MRV_INICIATIVA_MITIGACION", line 811
ORA-06512: at line 1
03/02/2020 12:09:37 p.m.: [Método: Oracle.DataAccess.Client.OracleDataReader ExecuteReader(Boolean, Boolean, System.Data.CommandBehavior), Línea: 0] - ORA-01476: divisor is equal to zero
ORA-06512: at "MRVMM.PKG_MRV_INICIATIVA_MITIGACION", line 811
ORA-06512: at line 1
03/02/2020 12:09:37 p.m.: [Método: System.Data.Common.DbDataReader ExecuteDbDataReader(System.Data.CommandBehavior), Línea: 0] - ORA-01476: divisor is equal to zero
ORA-06512: at "MRVMM.PKG_MRV_INICIATIVA_MITIGACION", line 811
ORA-06512: at line 1
03/02/2020 12:09:37 p.m.: [Método: System.Data.IDataReader System.Data.IDbCommand.ExecuteReader(System.Data.CommandBehavior), Línea: 0] - ORA-01476: divisor is equal to zero
ORA-06512: at "MRVMM.PKG_MRV_INICIATIVA_MITIGACION", line 811
ORA-06512: at line 1
03/02/2020 12:09:37 p.m.: [Método: System.Data.IDataReader ExecuteReaderWithFlagsFallback(System.Data.IDbCommand, Boolean, System.Data.CommandBehavior), Línea: 0] - ORA-01476: divisor is equal to zero
ORA-06512: at "MRVMM.PKG_MRV_INICIATIVA_MITIGACION", line 811
ORA-06512: at line 1
03/02/2020 12:09:37 p.m.: [Método: Boolean MoveNext(), Línea: 0] - ORA-01476: divisor is equal to zero
ORA-06512: at "MRVMM.PKG_MRV_INICIATIVA_MITIGACION", line 811
ORA-06512: at line 1
03/02/2020 12:09:37 p.m.: [Método: Void .ctor(System.Collections.Generic.IEnumerable`1[T]), Línea: 0] - ORA-01476: divisor is equal to zero
ORA-06512: at "MRVMM.PKG_MRV_INICIATIVA_MITIGACION", line 811
ORA-06512: at line 1
03/02/2020 12:09:37 p.m.: [Método: System.Collections.Generic.List`1[TSource] ToList[TSource](System.Collections.Generic.IEnumerable`1[TSource]), Línea: 0] - ORA-01476: divisor is equal to zero
ORA-06512: at "MRVMM.PKG_MRV_INICIATIVA_MITIGACION", line 811
ORA-06512: at line 1
03/02/2020 12:09:37 p.m.: [Método: System.Collections.Generic.IEnumerable`1[T] Query[T](System.Data.IDbConnection, System.String, System.Object, System.Data.IDbTransaction, Boolean, System.Nullable`1[System.Int32], System.Nullable`1[System.Data.CommandType]), Línea: 0] - ORA-01476: divisor is equal to zero
ORA-06512: at "MRVMM.PKG_MRV_INICIATIVA_MITIGACION", line 811
ORA-06512: at line 1
03/02/2020 12:09:37 p.m.: [Método: System.Collections.Generic.List`1[entidad.minem.gob.pe.IniciativaBE] ListaIniciativaUsuario(entidad.minem.gob.pe.IniciativaBE), Línea: 129] - ORA-01476: divisor is equal to zero
ORA-06512: at "MRVMM.PKG_MRV_INICIATIVA_MITIGACION", line 811
ORA-06512: at line 1
03/02/2020 01:18:34 p.m.: [Método: Void HandleErrorHelper(Int32, Oracle.DataAccess.Client.OracleConnection, IntPtr, Oracle.DataAccess.Client.OpoSqlValCtx*, System.Object, System.String, Boolean, Int32, Oracle.DataAccess.Client.OracleLogicalTransaction), Línea: 0] - ORA-01476: divisor is equal to zero
ORA-06512: at "MRVMM.PKG_MRV_INICIATIVA_MITIGACION", line 811
ORA-06512: at line 1
03/02/2020 01:18:34 p.m.: [Método: Void HandleError(Int32, Oracle.DataAccess.Client.OracleConnection, System.String, IntPtr, Oracle.DataAccess.Client.OpoSqlValCtx*, System.Object, Boolean, Oracle.DataAccess.Client.OracleLogicalTransaction), Línea: 0] - ORA-01476: divisor is equal to zero
ORA-06512: at "MRVMM.PKG_MRV_INICIATIVA_MITIGACION", line 811
ORA-06512: at line 1
03/02/2020 01:18:34 p.m.: [Método: Oracle.DataAccess.Client.OracleDataReader ExecuteReader(Boolean, Boolean, System.Data.CommandBehavior), Línea: 0] - ORA-01476: divisor is equal to zero
ORA-06512: at "MRVMM.PKG_MRV_INICIATIVA_MITIGACION", line 811
ORA-06512: at line 1
03/02/2020 01:18:34 p.m.: [Método: System.Data.Common.DbDataReader ExecuteDbDataReader(System.Data.CommandBehavior), Línea: 0] - ORA-01476: divisor is equal to zero
ORA-06512: at "MRVMM.PKG_MRV_INICIATIVA_MITIGACION", line 811
ORA-06512: at line 1
03/02/2020 01:18:34 p.m.: [Método: System.Data.IDataReader System.Data.IDbCommand.ExecuteReader(System.Data.CommandBehavior), Línea: 0] - ORA-01476: divisor is equal to zero
ORA-06512: at "MRVMM.PKG_MRV_INICIATIVA_MITIGACION", line 811
ORA-06512: at line 1
03/02/2020 01:18:34 p.m.: [Método: System.Data.IDataReader ExecuteReaderWithFlagsFallback(System.Data.IDbCommand, Boolean, System.Data.CommandBehavior), Línea: 0] - ORA-01476: divisor is equal to zero
ORA-06512: at "MRVMM.PKG_MRV_INICIATIVA_MITIGACION", line 811
ORA-06512: at line 1
03/02/2020 01:18:34 p.m.: [Método: Boolean MoveNext(), Línea: 0] - ORA-01476: divisor is equal to zero
ORA-06512: at "MRVMM.PKG_MRV_INICIATIVA_MITIGACION", line 811
ORA-06512: at line 1
03/02/2020 01:18:34 p.m.: [Método: Void .ctor(System.Collections.Generic.IEnumerable`1[T]), Línea: 0] - ORA-01476: divisor is equal to zero
ORA-06512: at "MRVMM.PKG_MRV_INICIATIVA_MITIGACION", line 811
ORA-06512: at line 1
03/02/2020 01:18:34 p.m.: [Método: System.Collections.Generic.List`1[TSource] ToList[TSource](System.Collections.Generic.IEnumerable`1[TSource]), Línea: 0] - ORA-01476: divisor is equal to zero
ORA-06512: at "MRVMM.PKG_MRV_INICIATIVA_MITIGACION", line 811
ORA-06512: at line 1
03/02/2020 01:18:34 p.m.: [Método: System.Collections.Generic.IEnumerable`1[T] Query[T](System.Data.IDbConnection, System.String, System.Object, System.Data.IDbTransaction, Boolean, System.Nullable`1[System.Int32], System.Nullable`1[System.Data.CommandType]), Línea: 0] - ORA-01476: divisor is equal to zero
ORA-06512: at "MRVMM.PKG_MRV_INICIATIVA_MITIGACION", line 811
ORA-06512: at line 1
03/02/2020 01:18:34 p.m.: [Método: System.Collections.Generic.List`1[entidad.minem.gob.pe.IniciativaBE] ListaIniciativaUsuario(entidad.minem.gob.pe.IniciativaBE), Línea: 129] - ORA-01476: divisor is equal to zero
ORA-06512: at "MRVMM.PKG_MRV_INICIATIVA_MITIGACION", line 811
ORA-06512: at line 1
03/02/2020 01:19:08 p.m.: [Método: Void HandleErrorHelper(Int32, Oracle.DataAccess.Client.OracleConnection, IntPtr, Oracle.DataAccess.Client.OpoSqlValCtx*, System.Object, System.String, Boolean, Int32, Oracle.DataAccess.Client.OracleLogicalTransaction), Línea: 0] - ORA-06550: line 1, column 7:
PLS-00201: identifier 'PKG_MRV_DETALLE_INDICADORES.USP_SEL_INICIATIVA_SUSTENTO' must be declared
ORA-06550: line 1, column 7:
PL/SQL: Statement ignored
03/02/2020 01:19:08 p.m.: [Método: Void HandleError(Int32, Oracle.DataAccess.Client.OracleConnection, System.String, IntPtr, Oracle.DataAccess.Client.OpoSqlValCtx*, System.Object, Boolean, Oracle.DataAccess.Client.OracleLogicalTransaction), Línea: 0] - ORA-06550: line 1, column 7:
PLS-00201: identifier 'PKG_MRV_DETALLE_INDICADORES.USP_SEL_INICIATIVA_SUSTENTO' must be declared
ORA-06550: line 1, column 7:
PL/SQL: Statement ignored
03/02/2020 01:19:08 p.m.: [Método: Oracle.DataAccess.Client.OracleDataReader ExecuteReader(Boolean, Boolean, System.Data.CommandBehavior), Línea: 0] - ORA-06550: line 1, column 7:
PLS-00201: identifier 'PKG_MRV_DETALLE_INDICADORES.USP_SEL_INICIATIVA_SUSTENTO' must be declared
ORA-06550: line 1, column 7:
PL/SQL: Statement ignored
03/02/2020 01:19:08 p.m.: [Método: System.Data.Common.DbDataReader ExecuteDbDataReader(System.Data.CommandBehavior), Línea: 0] - ORA-06550: line 1, column 7:
PLS-00201: identifier 'PKG_MRV_DETALLE_INDICADORES.USP_SEL_INICIATIVA_SUSTENTO' must be declared
ORA-06550: line 1, column 7:
PL/SQL: Statement ignored
03/02/2020 01:19:08 p.m.: [Método: System.Data.IDataReader System.Data.IDbCommand.ExecuteReader(System.Data.CommandBehavior), Línea: 0] - ORA-06550: line 1, column 7:
PLS-00201: identifier 'PKG_MRV_DETALLE_INDICADORES.USP_SEL_INICIATIVA_SUSTENTO' must be declared
ORA-06550: line 1, column 7:
PL/SQL: Statement ignored
03/02/2020 01:19:08 p.m.: [Método: System.Data.IDataReader ExecuteReaderWithFlagsFallback(System.Data.IDbCommand, Boolean, System.Data.CommandBehavior), Línea: 0] - ORA-06550: line 1, column 7:
PLS-00201: identifier 'PKG_MRV_DETALLE_INDICADORES.USP_SEL_INICIATIVA_SUSTENTO' must be declared
ORA-06550: line 1, column 7:
PL/SQL: Statement ignored
03/02/2020 01:19:08 p.m.: [Método: Boolean MoveNext(), Línea: 0] - ORA-06550: line 1, column 7:
PLS-00201: identifier 'PKG_MRV_DETALLE_INDICADORES.USP_SEL_INICIATIVA_SUSTENTO' must be declared
ORA-06550: line 1, column 7:
PL/SQL: Statement ignored
03/02/2020 01:19:08 p.m.: [Método: Void .ctor(System.Collections.Generic.IEnumerable`1[T]), Línea: 0] - ORA-06550: line 1, column 7:
PLS-00201: identifier 'PKG_MRV_DETALLE_INDICADORES.USP_SEL_INICIATIVA_SUSTENTO' must be declared
ORA-06550: line 1, column 7:
PL/SQL: Statement ignored
03/02/2020 01:19:08 p.m.: [Método: System.Collections.Generic.List`1[TSource] ToList[TSource](System.Collections.Generic.IEnumerable`1[TSource]), Línea: 0] - ORA-06550: line 1, column 7:
PLS-00201: identifier 'PKG_MRV_DETALLE_INDICADORES.USP_SEL_INICIATIVA_SUSTENTO' must be declared
ORA-06550: line 1, column 7:
PL/SQL: Statement ignored
03/02/2020 01:19:08 p.m.: [Método: System.Collections.Generic.IEnumerable`1[T] Query[T](System.Data.IDbConnection, System.String, System.Object, System.Data.IDbTransaction, Boolean, System.Nullable`1[System.Int32], System.Nullable`1[System.Data.CommandType]), Línea: 0] - ORA-06550: line 1, column 7:
PLS-00201: identifier 'PKG_MRV_DETALLE_INDICADORES.USP_SEL_INICIATIVA_SUSTENTO' must be declared
ORA-06550: line 1, column 7:
PL/SQL: Statement ignored
03/02/2020 01:19:08 p.m.: [Método: System.Collections.Generic.List`1[entidad.minem.gob.pe.SustentoIniciativaBE] ListaSustentoIniciativa(entidad.minem.gob.pe.SustentoIniciativaBE), Línea: 496] - ORA-06550: line 1, column 7:
PLS-00201: identifier 'PKG_MRV_DETALLE_INDICADORES.USP_SEL_INICIATIVA_SUSTENTO' must be declared
ORA-06550: line 1, column 7:
PL/SQL: Statement ignored
03/02/2020 01:24:07 p.m.: [Método: Void HandleErrorHelper(Int32, Oracle.DataAccess.Client.OracleConnection, IntPtr, Oracle.DataAccess.Client.OpoSqlValCtx*, System.Object, System.String, Boolean, Int32, Oracle.DataAccess.Client.OracleLogicalTransaction), Línea: 0] - ORA-06550: line 1, column 7:
PLS-00201: identifier 'PKG_MRV_DETALLE_INDICADORES.USP_SEL_INICIATIVA_SUSTENTO' must be declared
ORA-06550: line 1, column 7:
PL/SQL: Statement ignored
03/02/2020 01:24:07 p.m.: [Método: Void HandleError(Int32, Oracle.DataAccess.Client.OracleConnection, System.String, IntPtr, Oracle.DataAccess.Client.OpoSqlValCtx*, System.Object, Boolean, Oracle.DataAccess.Client.OracleLogicalTransaction), Línea: 0] - ORA-06550: line 1, column 7:
PLS-00201: identifier 'PKG_MRV_DETALLE_INDICADORES.USP_SEL_INICIATIVA_SUSTENTO' must be declared
ORA-06550: line 1, column 7:
PL/SQL: Statement ignored
03/02/2020 01:24:07 p.m.: [Método: Oracle.DataAccess.Client.OracleDataReader ExecuteReader(Boolean, Boolean, System.Data.CommandBehavior), Línea: 0] - ORA-06550: line 1, column 7:
PLS-00201: identifier 'PKG_MRV_DETALLE_INDICADORES.USP_SEL_INICIATIVA_SUSTENTO' must be declared
ORA-06550: line 1, column 7:
PL/SQL: Statement ignored
03/02/2020 01:24:07 p.m.: [Método: System.Data.Common.DbDataReader ExecuteDbDataReader(System.Data.CommandBehavior), Línea: 0] - ORA-06550: line 1, column 7:
PLS-00201: identifier 'PKG_MRV_DETALLE_INDICADORES.USP_SEL_INICIATIVA_SUSTENTO' must be declared
ORA-06550: line 1, column 7:
PL/SQL: Statement ignored
03/02/2020 01:24:07 p.m.: [Método: System.Data.IDataReader System.Data.IDbCommand.ExecuteReader(System.Data.CommandBehavior), Línea: 0] - ORA-06550: line 1, column 7:
PLS-00201: identifier 'PKG_MRV_DETALLE_INDICADORES.USP_SEL_INICIATIVA_SUSTENTO' must be declared
ORA-06550: line 1, column 7:
PL/SQL: Statement ignored
03/02/2020 01:24:07 p.m.: [Método: System.Data.IDataReader ExecuteReaderWithFlagsFallback(System.Data.IDbCommand, Boolean, System.Data.CommandBehavior), Línea: 0] - ORA-06550: line 1, column 7:
PLS-00201: identifier 'PKG_MRV_DETALLE_INDICADORES.USP_SEL_INICIATIVA_SUSTENTO' must be declared
ORA-06550: line 1, column 7:
PL/SQL: Statement ignored
03/02/2020 01:24:07 p.m.: [Método: Boolean MoveNext(), Línea: 0] - ORA-06550: line 1, column 7:
PLS-00201: identifier 'PKG_MRV_DETALLE_INDICADORES.USP_SEL_INICIATIVA_SUSTENTO' must be declared
ORA-06550: line 1, column 7:
PL/SQL: Statement ignored
03/02/2020 01:24:07 p.m.: [Método: Void .ctor(System.Collections.Generic.IEnumerable`1[T]), Línea: 0] - ORA-06550: line 1, column 7:
PLS-00201: identifier 'PKG_MRV_DETALLE_INDICADORES.USP_SEL_INICIATIVA_SUSTENTO' must be declared
ORA-06550: line 1, column 7:
PL/SQL: Statement ignored
03/02/2020 01:24:07 p.m.: [Método: System.Collections.Generic.List`1[TSource] ToList[TSource](System.Collections.Generic.IEnumerable`1[TSource]), Línea: 0] - ORA-06550: line 1, column 7:
PLS-00201: identifier 'PKG_MRV_DETALLE_INDICADORES.USP_SEL_INICIATIVA_SUSTENTO' must be declared
ORA-06550: line 1, column 7:
PL/SQL: Statement ignored
03/02/2020 01:24:07 p.m.: [Método: System.Collections.Generic.IEnumerable`1[T] Query[T](System.Data.IDbConnection, System.String, System.Object, System.Data.IDbTransaction, Boolean, System.Nullable`1[System.Int32], System.Nullable`1[System.Data.CommandType]), Línea: 0] - ORA-06550: line 1, column 7:
PLS-00201: identifier 'PKG_MRV_DETALLE_INDICADORES.USP_SEL_INICIATIVA_SUSTENTO' must be declared
ORA-06550: line 1, column 7:
PL/SQL: Statement ignored
03/02/2020 01:24:07 p.m.: [Método: System.Collections.Generic.List`1[entidad.minem.gob.pe.SustentoIniciativaBE] ListaSustentoIniciativa(entidad.minem.gob.pe.SustentoIniciativaBE), Línea: 496] - ORA-06550: line 1, column 7:
PLS-00201: identifier 'PKG_MRV_DETALLE_INDICADORES.USP_SEL_INICIATIVA_SUSTENTO' must be declared
ORA-06550: line 1, column 7:
PL/SQL: Statement ignored
03/02/2020 01:27:58 p.m.: [Método: Void HandleErrorHelper(Int32, Oracle.DataAccess.Client.OracleConnection, IntPtr, Oracle.DataAccess.Client.OpoSqlValCtx*, System.Object, System.String, Boolean, Int32, Oracle.DataAccess.Client.OracleLogicalTransaction), Línea: 0] - ORA-01476: divisor is equal to zero
ORA-06512: at "MRVMM.PKG_MRV_INICIATIVA_MITIGACION", line 811
ORA-06512: at line 1
03/02/2020 01:27:58 p.m.: [Método: Void HandleError(Int32, Oracle.DataAccess.Client.OracleConnection, System.String, IntPtr, Oracle.DataAccess.Client.OpoSqlValCtx*, System.Object, Boolean, Oracle.DataAccess.Client.OracleLogicalTransaction), Línea: 0] - ORA-01476: divisor is equal to zero
ORA-06512: at "MRVMM.PKG_MRV_INICIATIVA_MITIGACION", line 811
ORA-06512: at line 1
03/02/2020 01:27:58 p.m.: [Método: Oracle.DataAccess.Client.OracleDataReader ExecuteReader(Boolean, Boolean, System.Data.CommandBehavior), Línea: 0] - ORA-01476: divisor is equal to zero
ORA-06512: at "MRVMM.PKG_MRV_INICIATIVA_MITIGACION", line 811
ORA-06512: at line 1
03/02/2020 01:27:58 p.m.: [Método: System.Data.Common.DbDataReader ExecuteDbDataReader(System.Data.CommandBehavior), Línea: 0] - ORA-01476: divisor is equal to zero
ORA-06512: at "MRVMM.PKG_MRV_INICIATIVA_MITIGACION", line 811
ORA-06512: at line 1
03/02/2020 01:27:58 p.m.: [Método: System.Data.IDataReader System.Data.IDbCommand.ExecuteReader(System.Data.CommandBehavior), Línea: 0] - ORA-01476: divisor is equal to zero
ORA-06512: at "MRVMM.PKG_MRV_INICIATIVA_MITIGACION", line 811
ORA-06512: at line 1
03/02/2020 01:27:58 p.m.: [Método: System.Data.IDataReader ExecuteReaderWithFlagsFallback(System.Data.IDbCommand, Boolean, System.Data.CommandBehavior), Línea: 0] - ORA-01476: divisor is equal to zero
ORA-06512: at "MRVMM.PKG_MRV_INICIATIVA_MITIGACION", line 811
ORA-06512: at line 1
03/02/2020 01:27:58 p.m.: [Método: Boolean MoveNext(), Línea: 0] - ORA-01476: divisor is equal to zero
ORA-06512: at "MRVMM.PKG_MRV_INICIATIVA_MITIGACION", line 811
ORA-06512: at line 1
03/02/2020 01:27:58 p.m.: [Método: Void .ctor(System.Collections.Generic.IEnumerable`1[T]), Línea: 0] - ORA-01476: divisor is equal to zero
ORA-06512: at "MRVMM.PKG_MRV_INICIATIVA_MITIGACION", line 811
ORA-06512: at line 1
03/02/2020 01:27:58 p.m.: [Método: System.Collections.Generic.List`1[TSource] ToList[TSource](System.Collections.Generic.IEnumerable`1[TSource]), Línea: 0] - ORA-01476: divisor is equal to zero
ORA-06512: at "MRVMM.PKG_MRV_INICIATIVA_MITIGACION", line 811
ORA-06512: at line 1
03/02/2020 01:27:58 p.m.: [Método: System.Collections.Generic.IEnumerable`1[T] Query[T](System.Data.IDbConnection, System.String, System.Object, System.Data.IDbTransaction, Boolean, System.Nullable`1[System.Int32], System.Nullable`1[System.Data.CommandType]), Línea: 0] - ORA-01476: divisor is equal to zero
ORA-06512: at "MRVMM.PKG_MRV_INICIATIVA_MITIGACION", line 811
ORA-06512: at line 1
03/02/2020 01:27:58 p.m.: [Método: System.Collections.Generic.List`1[entidad.minem.gob.pe.IniciativaBE] ListaIniciativaUsuario(entidad.minem.gob.pe.IniciativaBE), Línea: 129] - ORA-01476: divisor is equal to zero
ORA-06512: at "MRVMM.PKG_MRV_INICIATIVA_MITIGACION", line 811
ORA-06512: at line 1
