17/01/2020 00:02:29: [Método: Void HandleErrorHelper(Int32, Oracle.DataAccess.Client.OracleConnection, IntPtr, Oracle.DataAccess.Client.OpoSqlValCtx*, System.Object, System.String, Boolean, Int32, Oracle.DataAccess.Client.OracleLogicalTransaction), Línea: 0] - ORA-12170: TNS:Se ha producido un timeout de conexión
17/01/2020 00:02:29: [Método: Void HandleError(Int32, Oracle.DataAccess.Client.OracleConnection, IntPtr, System.Object, Oracle.DataAccess.Client.OracleLogicalTransaction), Línea: 0] - ORA-12170: TNS:Se ha producido un timeout de conexión
17/01/2020 00:02:29: [Método: Void Open(Oracle.DataAccess.Client.OracleConnection), Línea: 0] - ORA-12170: TNS:Se ha producido un timeout de conexión
17/01/2020 00:02:29: [Método: Void Open(), Línea: 0] - ORA-12170: TNS:Se ha producido un timeout de conexión
17/01/2020 00:02:29: [Método: Boolean MoveNext(), Línea: 0] - ORA-12170: TNS:Se ha producido un timeout de conexión
17/01/2020 00:02:29: [Método: Void .ctor(System.Collections.Generic.IEnumerable`1[T]), Línea: 0] - ORA-12170: TNS:Se ha producido un timeout de conexión
17/01/2020 00:02:29: [Método: System.Collections.Generic.List`1[TSource] ToList[TSource](System.Collections.Generic.IEnumerable`1[TSource]), Línea: 0] - ORA-12170: TNS:Se ha producido un timeout de conexión
17/01/2020 00:02:29: [Método: System.Collections.Generic.IEnumerable`1[T] Query[T](System.Data.IDbConnection, System.String, System.Object, System.Data.IDbTransaction, Boolean, System.Nullable`1[System.Int32], System.Nullable`1[System.Data.CommandType]), Línea: 0] - ORA-12170: TNS:Se ha producido un timeout de conexión
17/01/2020 00:02:29: [Método: entidad.minem.gob.pe.UsuarioBE ObtenerPassword(entidad.minem.gob.pe.UsuarioBE), Línea: 118] - ORA-12170: TNS:Se ha producido un timeout de conexión
17/01/2020 00:03:16: [Método: Void HandleErrorHelper(Int32, Oracle.DataAccess.Client.OracleConnection, IntPtr, Oracle.DataAccess.Client.OpoSqlValCtx*, System.Object, System.String, Boolean, Int32, Oracle.DataAccess.Client.OracleLogicalTransaction), Línea: 0] - ORA-12170: TNS:Se ha producido un timeout de conexión
17/01/2020 00:03:16: [Método: Void HandleError(Int32, Oracle.DataAccess.Client.OracleConnection, IntPtr, System.Object, Oracle.DataAccess.Client.OracleLogicalTransaction), Línea: 0] - ORA-12170: TNS:Se ha producido un timeout de conexión
17/01/2020 00:03:16: [Método: Void Open(Oracle.DataAccess.Client.OracleConnection), Línea: 0] - ORA-12170: TNS:Se ha producido un timeout de conexión
17/01/2020 00:03:16: [Método: Void Open(), Línea: 0] - ORA-12170: TNS:Se ha producido un timeout de conexión
17/01/2020 00:03:16: [Método: Boolean MoveNext(), Línea: 0] - ORA-12170: TNS:Se ha producido un timeout de conexión
17/01/2020 00:03:16: [Método: Void .ctor(System.Collections.Generic.IEnumerable`1[T]), Línea: 0] - ORA-12170: TNS:Se ha producido un timeout de conexión
17/01/2020 00:03:16: [Método: System.Collections.Generic.List`1[TSource] ToList[TSource](System.Collections.Generic.IEnumerable`1[TSource]), Línea: 0] - ORA-12170: TNS:Se ha producido un timeout de conexión
17/01/2020 00:03:16: [Método: System.Collections.Generic.IEnumerable`1[T] Query[T](System.Data.IDbConnection, System.String, System.Object, System.Data.IDbTransaction, Boolean, System.Nullable`1[System.Int32], System.Nullable`1[System.Data.CommandType]), Línea: 0] - ORA-12170: TNS:Se ha producido un timeout de conexión
17/01/2020 00:03:16: [Método: entidad.minem.gob.pe.UsuarioBE ObtenerPassword(entidad.minem.gob.pe.UsuarioBE), Línea: 118] - ORA-12170: TNS:Se ha producido un timeout de conexión
17/01/2020 09:38:54 a.m.: [Método: Void HandleErrorHelper(Int32, Oracle.DataAccess.Client.OracleConnection, IntPtr, Oracle.DataAccess.Client.OpoSqlValCtx*, System.Object, System.String, Boolean, Int32, Oracle.DataAccess.Client.OracleLogicalTransaction), Línea: 0] - ORA-12514: TNS:listener does not currently know of service requested in connect descriptor
17/01/2020 09:38:54 a.m.: [Método: Void HandleError(Int32, Oracle.DataAccess.Client.OracleConnection, IntPtr, System.Object, Oracle.DataAccess.Client.OracleLogicalTransaction), Línea: 0] - ORA-12514: TNS:listener does not currently know of service requested in connect descriptor
17/01/2020 09:38:54 a.m.: [Método: Void Open(Oracle.DataAccess.Client.OracleConnection), Línea: 0] - ORA-12514: TNS:listener does not currently know of service requested in connect descriptor
17/01/2020 09:38:54 a.m.: [Método: Void Open(), Línea: 0] - ORA-12514: TNS:listener does not currently know of service requested in connect descriptor
17/01/2020 09:38:54 a.m.: [Método: Boolean MoveNext(), Línea: 0] - ORA-12514: TNS:listener does not currently know of service requested in connect descriptor
17/01/2020 09:38:54 a.m.: [Método: Void .ctor(System.Collections.Generic.IEnumerable`1[T]), Línea: 0] - ORA-12514: TNS:listener does not currently know of service requested in connect descriptor
17/01/2020 09:38:54 a.m.: [Método: System.Collections.Generic.List`1[TSource] ToList[TSource](System.Collections.Generic.IEnumerable`1[TSource]), Línea: 0] - ORA-12514: TNS:listener does not currently know of service requested in connect descriptor
17/01/2020 09:38:54 a.m.: [Método: System.Collections.Generic.IEnumerable`1[T] Query[T](System.Data.IDbConnection, System.String, System.Object, System.Data.IDbTransaction, Boolean, System.Nullable`1[System.Int32], System.Nullable`1[System.Data.CommandType]), Línea: 0] - ORA-12514: TNS:listener does not currently know of service requested in connect descriptor
17/01/2020 09:38:54 a.m.: [Método: entidad.minem.gob.pe.UsuarioBE ObtenerPassword(entidad.minem.gob.pe.UsuarioBE), Línea: 118] - ORA-12514: TNS:listener does not currently know of service requested in connect descriptor
17/01/2020 09:39:06 a.m.: [Método: Void HandleErrorHelper(Int32, Oracle.DataAccess.Client.OracleConnection, IntPtr, Oracle.DataAccess.Client.OpoSqlValCtx*, System.Object, System.String, Boolean, Int32, Oracle.DataAccess.Client.OracleLogicalTransaction), Línea: 0] - ORA-12514: TNS:listener does not currently know of service requested in connect descriptor
17/01/2020 09:39:06 a.m.: [Método: Void HandleError(Int32, Oracle.DataAccess.Client.OracleConnection, IntPtr, System.Object, Oracle.DataAccess.Client.OracleLogicalTransaction), Línea: 0] - ORA-12514: TNS:listener does not currently know of service requested in connect descriptor
17/01/2020 09:39:06 a.m.: [Método: Void Open(Oracle.DataAccess.Client.OracleConnection), Línea: 0] - ORA-12514: TNS:listener does not currently know of service requested in connect descriptor
17/01/2020 09:39:06 a.m.: [Método: Void Open(), Línea: 0] - ORA-12514: TNS:listener does not currently know of service requested in connect descriptor
17/01/2020 09:39:06 a.m.: [Método: Boolean MoveNext(), Línea: 0] - ORA-12514: TNS:listener does not currently know of service requested in connect descriptor
17/01/2020 09:39:06 a.m.: [Método: Void .ctor(System.Collections.Generic.IEnumerable`1[T]), Línea: 0] - ORA-12514: TNS:listener does not currently know of service requested in connect descriptor
17/01/2020 09:39:06 a.m.: [Método: System.Collections.Generic.List`1[TSource] ToList[TSource](System.Collections.Generic.IEnumerable`1[TSource]), Línea: 0] - ORA-12514: TNS:listener does not currently know of service requested in connect descriptor
17/01/2020 09:39:06 a.m.: [Método: System.Collections.Generic.IEnumerable`1[T] Query[T](System.Data.IDbConnection, System.String, System.Object, System.Data.IDbTransaction, Boolean, System.Nullable`1[System.Int32], System.Nullable`1[System.Data.CommandType]), Línea: 0] - ORA-12514: TNS:listener does not currently know of service requested in connect descriptor
17/01/2020 09:39:06 a.m.: [Método: entidad.minem.gob.pe.UsuarioBE ObtenerPassword(entidad.minem.gob.pe.UsuarioBE), Línea: 118] - ORA-12514: TNS:listener does not currently know of service requested in connect descriptor
17/01/2020 09:39:20 a.m.: [Método: Void HandleErrorHelper(Int32, Oracle.DataAccess.Client.OracleConnection, IntPtr, Oracle.DataAccess.Client.OpoSqlValCtx*, System.Object, System.String, Boolean, Int32, Oracle.DataAccess.Client.OracleLogicalTransaction), Línea: 0] - ORA-12514: TNS:listener does not currently know of service requested in connect descriptor
17/01/2020 09:39:20 a.m.: [Método: Void HandleError(Int32, Oracle.DataAccess.Client.OracleConnection, IntPtr, System.Object, Oracle.DataAccess.Client.OracleLogicalTransaction), Línea: 0] - ORA-12514: TNS:listener does not currently know of service requested in connect descriptor
17/01/2020 09:39:20 a.m.: [Método: Void Open(Oracle.DataAccess.Client.OracleConnection), Línea: 0] - ORA-12514: TNS:listener does not currently know of service requested in connect descriptor
17/01/2020 09:39:20 a.m.: [Método: Void Open(), Línea: 0] - ORA-12514: TNS:listener does not currently know of service requested in connect descriptor
17/01/2020 09:39:20 a.m.: [Método: Boolean MoveNext(), Línea: 0] - ORA-12514: TNS:listener does not currently know of service requested in connect descriptor
17/01/2020 09:39:20 a.m.: [Método: Void .ctor(System.Collections.Generic.IEnumerable`1[T]), Línea: 0] - ORA-12514: TNS:listener does not currently know of service requested in connect descriptor
17/01/2020 09:39:20 a.m.: [Método: System.Collections.Generic.List`1[TSource] ToList[TSource](System.Collections.Generic.IEnumerable`1[TSource]), Línea: 0] - ORA-12514: TNS:listener does not currently know of service requested in connect descriptor
17/01/2020 09:39:20 a.m.: [Método: System.Collections.Generic.IEnumerable`1[T] Query[T](System.Data.IDbConnection, System.String, System.Object, System.Data.IDbTransaction, Boolean, System.Nullable`1[System.Int32], System.Nullable`1[System.Data.CommandType]), Línea: 0] - ORA-12514: TNS:listener does not currently know of service requested in connect descriptor
17/01/2020 09:39:20 a.m.: [Método: entidad.minem.gob.pe.UsuarioBE ObtenerPassword(entidad.minem.gob.pe.UsuarioBE), Línea: 118] - ORA-12514: TNS:listener does not currently know of service requested in connect descriptor
17/01/2020 04:17:54 p.m.: [Método: Void HandleErrorHelper(Int32, Oracle.DataAccess.Client.OracleConnection, IntPtr, Oracle.DataAccess.Client.OpoSqlValCtx*, System.Object, System.String, Boolean, Int32, Oracle.DataAccess.Client.OracleLogicalTransaction), Línea: 0] - ORA-06550: line 1, column 7:
PLS-00306: wrong number or types of arguments in call to 'USP_PRC_CALCULAR_INDICADOR'
ORA-06550: line 1, column 7:
PL/SQL: Statement ignored
17/01/2020 04:17:54 p.m.: [Método: Void HandleError(Int32, Oracle.DataAccess.Client.OracleConnection, System.String, IntPtr, Oracle.DataAccess.Client.OpoSqlValCtx*, System.Object, Boolean, Oracle.DataAccess.Client.OracleLogicalTransaction), Línea: 0] - ORA-06550: line 1, column 7:
PLS-00306: wrong number or types of arguments in call to 'USP_PRC_CALCULAR_INDICADOR'
ORA-06550: line 1, column 7:
PL/SQL: Statement ignored
17/01/2020 04:17:54 p.m.: [Método: Oracle.DataAccess.Client.OracleDataReader ExecuteReader(Boolean, Boolean, System.Data.CommandBehavior), Línea: 0] - ORA-06550: line 1, column 7:
PLS-00306: wrong number or types of arguments in call to 'USP_PRC_CALCULAR_INDICADOR'
ORA-06550: line 1, column 7:
PL/SQL: Statement ignored
17/01/2020 04:17:54 p.m.: [Método: System.Data.Common.DbDataReader ExecuteDbDataReader(System.Data.CommandBehavior), Línea: 0] - ORA-06550: line 1, column 7:
PLS-00306: wrong number or types of arguments in call to 'USP_PRC_CALCULAR_INDICADOR'
ORA-06550: line 1, column 7:
PL/SQL: Statement ignored
17/01/2020 04:17:54 p.m.: [Método: System.Data.IDataReader System.Data.IDbCommand.ExecuteReader(System.Data.CommandBehavior), Línea: 0] - ORA-06550: line 1, column 7:
PLS-00306: wrong number or types of arguments in call to 'USP_PRC_CALCULAR_INDICADOR'
ORA-06550: line 1, column 7:
PL/SQL: Statement ignored
17/01/2020 04:17:54 p.m.: [Método: System.Data.IDataReader ExecuteReaderWithFlagsFallback(System.Data.IDbCommand, Boolean, System.Data.CommandBehavior), Línea: 0] - ORA-06550: line 1, column 7:
PLS-00306: wrong number or types of arguments in call to 'USP_PRC_CALCULAR_INDICADOR'
ORA-06550: line 1, column 7:
PL/SQL: Statement ignored
17/01/2020 04:17:54 p.m.: [Método: Boolean MoveNext(), Línea: 0] - ORA-06550: line 1, column 7:
PLS-00306: wrong number or types of arguments in call to 'USP_PRC_CALCULAR_INDICADOR'
ORA-06550: line 1, column 7:
PL/SQL: Statement ignored
17/01/2020 04:17:54 p.m.: [Método: Void .ctor(System.Collections.Generic.IEnumerable`1[T]), Línea: 0] - ORA-06550: line 1, column 7:
PLS-00306: wrong number or types of arguments in call to 'USP_PRC_CALCULAR_INDICADOR'
ORA-06550: line 1, column 7:
PL/SQL: Statement ignored
17/01/2020 04:17:54 p.m.: [Método: System.Collections.Generic.List`1[TSource] ToList[TSource](System.Collections.Generic.IEnumerable`1[TSource]), Línea: 0] - ORA-06550: line 1, column 7:
PLS-00306: wrong number or types of arguments in call to 'USP_PRC_CALCULAR_INDICADOR'
ORA-06550: line 1, column 7:
PL/SQL: Statement ignored
17/01/2020 04:17:54 p.m.: [Método: System.Collections.Generic.IEnumerable`1[T] Query[T](System.Data.IDbConnection, System.String, System.Object, System.Data.IDbTransaction, Boolean, System.Nullable`1[System.Int32], System.Nullable`1[System.Data.CommandType]), Línea: 0] - ORA-06550: line 1, column 7:
PLS-00306: wrong number or types of arguments in call to 'USP_PRC_CALCULAR_INDICADOR'
ORA-06550: line 1, column 7:
PL/SQL: Statement ignored
17/01/2020 04:17:54 p.m.: [Método: System.Collections.Generic.List`1[entidad.minem.gob.pe.IndicadorBE] CalcularIndicador(entidad.minem.gob.pe.IndicadorBE), Línea: 85] - ORA-06550: line 1, column 7:
PLS-00306: wrong number or types of arguments in call to 'USP_PRC_CALCULAR_INDICADOR'
ORA-06550: line 1, column 7:
PL/SQL: Statement ignored
17/01/2020 04:21:00 p.m.: [Método: Void HandleErrorHelper(Int32, Oracle.DataAccess.Client.OracleConnection, IntPtr, Oracle.DataAccess.Client.OpoSqlValCtx*, System.Object, System.String, Boolean, Int32, Oracle.DataAccess.Client.OracleLogicalTransaction), Línea: 0] - ORA-06550: line 1, column 7:
PLS-00306: wrong number or types of arguments in call to 'USP_PRC_CALCULAR_INDICADOR'
ORA-06550: line 1, column 7:
PL/SQL: Statement ignored
17/01/2020 04:21:00 p.m.: [Método: Void HandleError(Int32, Oracle.DataAccess.Client.OracleConnection, System.String, IntPtr, Oracle.DataAccess.Client.OpoSqlValCtx*, System.Object, Boolean, Oracle.DataAccess.Client.OracleLogicalTransaction), Línea: 0] - ORA-06550: line 1, column 7:
PLS-00306: wrong number or types of arguments in call to 'USP_PRC_CALCULAR_INDICADOR'
ORA-06550: line 1, column 7:
PL/SQL: Statement ignored
17/01/2020 04:21:00 p.m.: [Método: Oracle.DataAccess.Client.OracleDataReader ExecuteReader(Boolean, Boolean, System.Data.CommandBehavior), Línea: 0] - ORA-06550: line 1, column 7:
PLS-00306: wrong number or types of arguments in call to 'USP_PRC_CALCULAR_INDICADOR'
ORA-06550: line 1, column 7:
PL/SQL: Statement ignored
17/01/2020 04:21:00 p.m.: [Método: System.Data.Common.DbDataReader ExecuteDbDataReader(System.Data.CommandBehavior), Línea: 0] - ORA-06550: line 1, column 7:
PLS-00306: wrong number or types of arguments in call to 'USP_PRC_CALCULAR_INDICADOR'
ORA-06550: line 1, column 7:
PL/SQL: Statement ignored
17/01/2020 04:21:00 p.m.: [Método: System.Data.IDataReader System.Data.IDbCommand.ExecuteReader(System.Data.CommandBehavior), Línea: 0] - ORA-06550: line 1, column 7:
PLS-00306: wrong number or types of arguments in call to 'USP_PRC_CALCULAR_INDICADOR'
ORA-06550: line 1, column 7:
PL/SQL: Statement ignored
17/01/2020 04:21:00 p.m.: [Método: System.Data.IDataReader ExecuteReaderWithFlagsFallback(System.Data.IDbCommand, Boolean, System.Data.CommandBehavior), Línea: 0] - ORA-06550: line 1, column 7:
PLS-00306: wrong number or types of arguments in call to 'USP_PRC_CALCULAR_INDICADOR'
ORA-06550: line 1, column 7:
PL/SQL: Statement ignored
17/01/2020 04:21:00 p.m.: [Método: Boolean MoveNext(), Línea: 0] - ORA-06550: line 1, column 7:
PLS-00306: wrong number or types of arguments in call to 'USP_PRC_CALCULAR_INDICADOR'
ORA-06550: line 1, column 7:
PL/SQL: Statement ignored
17/01/2020 04:21:00 p.m.: [Método: Void .ctor(System.Collections.Generic.IEnumerable`1[T]), Línea: 0] - ORA-06550: line 1, column 7:
PLS-00306: wrong number or types of arguments in call to 'USP_PRC_CALCULAR_INDICADOR'
ORA-06550: line 1, column 7:
PL/SQL: Statement ignored
17/01/2020 04:21:00 p.m.: [Método: System.Collections.Generic.List`1[TSource] ToList[TSource](System.Collections.Generic.IEnumerable`1[TSource]), Línea: 0] - ORA-06550: line 1, column 7:
PLS-00306: wrong number or types of arguments in call to 'USP_PRC_CALCULAR_INDICADOR'
ORA-06550: line 1, column 7:
PL/SQL: Statement ignored
17/01/2020 04:21:00 p.m.: [Método: System.Collections.Generic.IEnumerable`1[T] Query[T](System.Data.IDbConnection, System.String, System.Object, System.Data.IDbTransaction, Boolean, System.Nullable`1[System.Int32], System.Nullable`1[System.Data.CommandType]), Línea: 0] - ORA-06550: line 1, column 7:
PLS-00306: wrong number or types of arguments in call to 'USP_PRC_CALCULAR_INDICADOR'
ORA-06550: line 1, column 7:
PL/SQL: Statement ignored
17/01/2020 04:21:00 p.m.: [Método: System.Collections.Generic.List`1[entidad.minem.gob.pe.IndicadorBE] CalcularIndicador(entidad.minem.gob.pe.IndicadorBE), Línea: 85] - ORA-06550: line 1, column 7:
PLS-00306: wrong number or types of arguments in call to 'USP_PRC_CALCULAR_INDICADOR'
ORA-06550: line 1, column 7:
PL/SQL: Statement ignored
17/01/2020 04:21:06 p.m.: [Método: Void HandleErrorHelper(Int32, Oracle.DataAccess.Client.OracleConnection, IntPtr, Oracle.DataAccess.Client.OpoSqlValCtx*, System.Object, System.String, Boolean, Int32, Oracle.DataAccess.Client.OracleLogicalTransaction), Línea: 0] - ORA-06550: line 1, column 7:
PLS-00306: wrong number or types of arguments in call to 'USP_PRC_CALCULAR_INDICADOR'
ORA-06550: line 1, column 7:
PL/SQL: Statement ignored
17/01/2020 04:21:06 p.m.: [Método: Void HandleError(Int32, Oracle.DataAccess.Client.OracleConnection, System.String, IntPtr, Oracle.DataAccess.Client.OpoSqlValCtx*, System.Object, Boolean, Oracle.DataAccess.Client.OracleLogicalTransaction), Línea: 0] - ORA-06550: line 1, column 7:
PLS-00306: wrong number or types of arguments in call to 'USP_PRC_CALCULAR_INDICADOR'
ORA-06550: line 1, column 7:
PL/SQL: Statement ignored
17/01/2020 04:21:06 p.m.: [Método: Oracle.DataAccess.Client.OracleDataReader ExecuteReader(Boolean, Boolean, System.Data.CommandBehavior), Línea: 0] - ORA-06550: line 1, column 7:
PLS-00306: wrong number or types of arguments in call to 'USP_PRC_CALCULAR_INDICADOR'
ORA-06550: line 1, column 7:
PL/SQL: Statement ignored
17/01/2020 04:21:06 p.m.: [Método: System.Data.Common.DbDataReader ExecuteDbDataReader(System.Data.CommandBehavior), Línea: 0] - ORA-06550: line 1, column 7:
PLS-00306: wrong number or types of arguments in call to 'USP_PRC_CALCULAR_INDICADOR'
ORA-06550: line 1, column 7:
PL/SQL: Statement ignored
17/01/2020 04:21:06 p.m.: [Método: System.Data.IDataReader System.Data.IDbCommand.ExecuteReader(System.Data.CommandBehavior), Línea: 0] - ORA-06550: line 1, column 7:
PLS-00306: wrong number or types of arguments in call to 'USP_PRC_CALCULAR_INDICADOR'
ORA-06550: line 1, column 7:
PL/SQL: Statement ignored
17/01/2020 04:21:06 p.m.: [Método: System.Data.IDataReader ExecuteReaderWithFlagsFallback(System.Data.IDbCommand, Boolean, System.Data.CommandBehavior), Línea: 0] - ORA-06550: line 1, column 7:
PLS-00306: wrong number or types of arguments in call to 'USP_PRC_CALCULAR_INDICADOR'
ORA-06550: line 1, column 7:
PL/SQL: Statement ignored
17/01/2020 04:21:06 p.m.: [Método: Boolean MoveNext(), Línea: 0] - ORA-06550: line 1, column 7:
PLS-00306: wrong number or types of arguments in call to 'USP_PRC_CALCULAR_INDICADOR'
ORA-06550: line 1, column 7:
PL/SQL: Statement ignored
17/01/2020 04:21:06 p.m.: [Método: Void .ctor(System.Collections.Generic.IEnumerable`1[T]), Línea: 0] - ORA-06550: line 1, column 7:
PLS-00306: wrong number or types of arguments in call to 'USP_PRC_CALCULAR_INDICADOR'
ORA-06550: line 1, column 7:
PL/SQL: Statement ignored
17/01/2020 04:21:06 p.m.: [Método: System.Collections.Generic.List`1[TSource] ToList[TSource](System.Collections.Generic.IEnumerable`1[TSource]), Línea: 0] - ORA-06550: line 1, column 7:
PLS-00306: wrong number or types of arguments in call to 'USP_PRC_CALCULAR_INDICADOR'
ORA-06550: line 1, column 7:
PL/SQL: Statement ignored
17/01/2020 04:21:06 p.m.: [Método: System.Collections.Generic.IEnumerable`1[T] Query[T](System.Data.IDbConnection, System.String, System.Object, System.Data.IDbTransaction, Boolean, System.Nullable`1[System.Int32], System.Nullable`1[System.Data.CommandType]), Línea: 0] - ORA-06550: line 1, column 7:
PLS-00306: wrong number or types of arguments in call to 'USP_PRC_CALCULAR_INDICADOR'
ORA-06550: line 1, column 7:
PL/SQL: Statement ignored
17/01/2020 04:21:06 p.m.: [Método: System.Collections.Generic.List`1[entidad.minem.gob.pe.IndicadorBE] CalcularIndicador(entidad.minem.gob.pe.IndicadorBE), Línea: 85] - ORA-06550: line 1, column 7:
PLS-00306: wrong number or types of arguments in call to 'USP_PRC_CALCULAR_INDICADOR'
ORA-06550: line 1, column 7:
PL/SQL: Statement ignored
17/01/2020 04:31:15 p.m.: [Método: Void HandleErrorHelper(Int32, Oracle.DataAccess.Client.OracleConnection, IntPtr, Oracle.DataAccess.Client.OpoSqlValCtx*, System.Object, System.String, Boolean, Int32, Oracle.DataAccess.Client.OracleLogicalTransaction), Línea: 0] - ORA-06550: line 1, column 7:
PLS-00306: wrong number or types of arguments in call to 'USP_PRC_CALCULAR_INDICADOR'
ORA-06550: line 1, column 7:
PL/SQL: Statement ignored
17/01/2020 04:31:15 p.m.: [Método: Void HandleError(Int32, Oracle.DataAccess.Client.OracleConnection, System.String, IntPtr, Oracle.DataAccess.Client.OpoSqlValCtx*, System.Object, Boolean, Oracle.DataAccess.Client.OracleLogicalTransaction), Línea: 0] - ORA-06550: line 1, column 7:
PLS-00306: wrong number or types of arguments in call to 'USP_PRC_CALCULAR_INDICADOR'
ORA-06550: line 1, column 7:
PL/SQL: Statement ignored
17/01/2020 04:31:15 p.m.: [Método: Oracle.DataAccess.Client.OracleDataReader ExecuteReader(Boolean, Boolean, System.Data.CommandBehavior), Línea: 0] - ORA-06550: line 1, column 7:
PLS-00306: wrong number or types of arguments in call to 'USP_PRC_CALCULAR_INDICADOR'
ORA-06550: line 1, column 7:
PL/SQL: Statement ignored
17/01/2020 04:31:15 p.m.: [Método: System.Data.Common.DbDataReader ExecuteDbDataReader(System.Data.CommandBehavior), Línea: 0] - ORA-06550: line 1, column 7:
PLS-00306: wrong number or types of arguments in call to 'USP_PRC_CALCULAR_INDICADOR'
ORA-06550: line 1, column 7:
PL/SQL: Statement ignored
17/01/2020 04:31:15 p.m.: [Método: System.Data.IDataReader System.Data.IDbCommand.ExecuteReader(System.Data.CommandBehavior), Línea: 0] - ORA-06550: line 1, column 7:
PLS-00306: wrong number or types of arguments in call to 'USP_PRC_CALCULAR_INDICADOR'
ORA-06550: line 1, column 7:
PL/SQL: Statement ignored
17/01/2020 04:31:15 p.m.: [Método: System.Data.IDataReader ExecuteReaderWithFlagsFallback(System.Data.IDbCommand, Boolean, System.Data.CommandBehavior), Línea: 0] - ORA-06550: line 1, column 7:
PLS-00306: wrong number or types of arguments in call to 'USP_PRC_CALCULAR_INDICADOR'
ORA-06550: line 1, column 7:
PL/SQL: Statement ignored
17/01/2020 04:31:15 p.m.: [Método: Boolean MoveNext(), Línea: 0] - ORA-06550: line 1, column 7:
PLS-00306: wrong number or types of arguments in call to 'USP_PRC_CALCULAR_INDICADOR'
ORA-06550: line 1, column 7:
PL/SQL: Statement ignored
17/01/2020 04:31:15 p.m.: [Método: Void .ctor(System.Collections.Generic.IEnumerable`1[T]), Línea: 0] - ORA-06550: line 1, column 7:
PLS-00306: wrong number or types of arguments in call to 'USP_PRC_CALCULAR_INDICADOR'
ORA-06550: line 1, column 7:
PL/SQL: Statement ignored
17/01/2020 04:31:15 p.m.: [Método: System.Collections.Generic.List`1[TSource] ToList[TSource](System.Collections.Generic.IEnumerable`1[TSource]), Línea: 0] - ORA-06550: line 1, column 7:
PLS-00306: wrong number or types of arguments in call to 'USP_PRC_CALCULAR_INDICADOR'
ORA-06550: line 1, column 7:
PL/SQL: Statement ignored
17/01/2020 04:31:15 p.m.: [Método: System.Collections.Generic.IEnumerable`1[T] Query[T](System.Data.IDbConnection, System.String, System.Object, System.Data.IDbTransaction, Boolean, System.Nullable`1[System.Int32], System.Nullable`1[System.Data.CommandType]), Línea: 0] - ORA-06550: line 1, column 7:
PLS-00306: wrong number or types of arguments in call to 'USP_PRC_CALCULAR_INDICADOR'
ORA-06550: line 1, column 7:
PL/SQL: Statement ignored
17/01/2020 04:31:15 p.m.: [Método: System.Collections.Generic.List`1[entidad.minem.gob.pe.IndicadorBE] CalcularIndicador(entidad.minem.gob.pe.IndicadorBE), Línea: 0] - ORA-06550: line 1, column 7:
PLS-00306: wrong number or types of arguments in call to 'USP_PRC_CALCULAR_INDICADOR'
ORA-06550: line 1, column 7:
PL/SQL: Statement ignored
17/01/2020 05:19:02 p.m.: [Método: Void HandleErrorHelper(Int32, Oracle.DataAccess.Client.OracleConnection, IntPtr, Oracle.DataAccess.Client.OpoSqlValCtx*, System.Object, System.String, Boolean, Int32, Oracle.DataAccess.Client.OracleLogicalTransaction), Línea: 0] - ORA-03114: not connected to ORACLE
17/01/2020 05:19:02 p.m.: [Método: Void HandleError(Int32, Oracle.DataAccess.Client.OracleConnection, System.String, IntPtr, Oracle.DataAccess.Client.OpoSqlValCtx*, System.Object, Oracle.DataAccess.Client.OracleLogicalTransaction), Línea: 0] - ORA-03114: not connected to ORACLE
17/01/2020 05:19:02 p.m.: [Método: Oracle.DataAccess.Client.OracleDataReader ExecuteReader(Boolean, Boolean, System.Data.CommandBehavior), Línea: 0] - ORA-03114: not connected to ORACLE
17/01/2020 05:19:02 p.m.: [Método: System.Data.Common.DbDataReader ExecuteDbDataReader(System.Data.CommandBehavior), Línea: 0] - ORA-03114: not connected to ORACLE
17/01/2020 05:19:02 p.m.: [Método: System.Data.IDataReader System.Data.IDbCommand.ExecuteReader(System.Data.CommandBehavior), Línea: 0] - ORA-03114: not connected to ORACLE
17/01/2020 05:19:02 p.m.: [Método: System.Data.IDataReader ExecuteReaderWithFlagsFallback(System.Data.IDbCommand, Boolean, System.Data.CommandBehavior), Línea: 0] - ORA-03114: not connected to ORACLE
17/01/2020 05:19:02 p.m.: [Método: Boolean MoveNext(), Línea: 0] - ORA-03114: not connected to ORACLE
17/01/2020 05:19:02 p.m.: [Método: Void .ctor(System.Collections.Generic.IEnumerable`1[T]), Línea: 0] - ORA-03114: not connected to ORACLE
17/01/2020 05:19:02 p.m.: [Método: System.Collections.Generic.List`1[TSource] ToList[TSource](System.Collections.Generic.IEnumerable`1[TSource]), Línea: 0] - ORA-03114: not connected to ORACLE
17/01/2020 05:19:02 p.m.: [Método: System.Collections.Generic.IEnumerable`1[T] Query[T](System.Data.IDbConnection, System.String, System.Object, System.Data.IDbTransaction, Boolean, System.Nullable`1[System.Int32], System.Nullable`1[System.Data.CommandType]), Línea: 0] - ORA-03114: not connected to ORACLE
17/01/2020 05:19:02 p.m.: [Método: System.Collections.Generic.List`1[entidad.minem.gob.pe.IndicadorBE] CalcularIndicador(entidad.minem.gob.pe.IndicadorBE), Línea: 0] - ORA-03114: not connected to ORACLE
