30/01/2020 10:22:15 a.m.: [Método: Void HandleErrorHelper(Int32, Oracle.DataAccess.Client.OracleConnection, IntPtr, Oracle.DataAccess.Client.OpoSqlValCtx*, System.Object, System.String, Boolean, Int32, Oracle.DataAccess.Client.OracleLogicalTransaction), Línea: 0] - ORA-06550: line 1, column 46:
PLS-00302: component 'USP_SEL_EXCEL_INI_TODO' must be declared
ORA-06550: line 1, column 7:
PL/SQL: Statement ignored
30/01/2020 10:22:15 a.m.: [Método: Void HandleError(Int32, Oracle.DataAccess.Client.OracleConnection, System.String, IntPtr, Oracle.DataAccess.Client.OpoSqlValCtx*, System.Object, Boolean, Oracle.DataAccess.Client.OracleLogicalTransaction), Línea: 0] - ORA-06550: line 1, column 46:
PLS-00302: component 'USP_SEL_EXCEL_INI_TODO' must be declared
ORA-06550: line 1, column 7:
PL/SQL: Statement ignored
30/01/2020 10:22:15 a.m.: [Método: Oracle.DataAccess.Client.OracleDataReader ExecuteReader(Boolean, Boolean, System.Data.CommandBehavior), Línea: 0] - ORA-06550: line 1, column 46:
PLS-00302: component 'USP_SEL_EXCEL_INI_TODO' must be declared
ORA-06550: line 1, column 7:
PL/SQL: Statement ignored
30/01/2020 10:22:15 a.m.: [Método: System.Data.Common.DbDataReader ExecuteDbDataReader(System.Data.CommandBehavior), Línea: 0] - ORA-06550: line 1, column 46:
PLS-00302: component 'USP_SEL_EXCEL_INI_TODO' must be declared
ORA-06550: line 1, column 7:
PL/SQL: Statement ignored
30/01/2020 10:22:15 a.m.: [Método: System.Data.IDataReader System.Data.IDbCommand.ExecuteReader(System.Data.CommandBehavior), Línea: 0] - ORA-06550: line 1, column 46:
PLS-00302: component 'USP_SEL_EXCEL_INI_TODO' must be declared
ORA-06550: line 1, column 7:
PL/SQL: Statement ignored
30/01/2020 10:22:15 a.m.: [Método: System.Data.IDataReader ExecuteReaderWithFlagsFallback(System.Data.IDbCommand, Boolean, System.Data.CommandBehavior), Línea: 0] - ORA-06550: line 1, column 46:
PLS-00302: component 'USP_SEL_EXCEL_INI_TODO' must be declared
ORA-06550: line 1, column 7:
PL/SQL: Statement ignored
30/01/2020 10:22:15 a.m.: [Método: Boolean MoveNext(), Línea: 0] - ORA-06550: line 1, column 46:
PLS-00302: component 'USP_SEL_EXCEL_INI_TODO' must be declared
ORA-06550: line 1, column 7:
PL/SQL: Statement ignored
30/01/2020 10:22:15 a.m.: [Método: Void .ctor(System.Collections.Generic.IEnumerable`1[T]), Línea: 0] - ORA-06550: line 1, column 46:
PLS-00302: component 'USP_SEL_EXCEL_INI_TODO' must be declared
ORA-06550: line 1, column 7:
PL/SQL: Statement ignored
30/01/2020 10:22:15 a.m.: [Método: System.Collections.Generic.List`1[TSource] ToList[TSource](System.Collections.Generic.IEnumerable`1[TSource]), Línea: 0] - ORA-06550: line 1, column 46:
PLS-00302: component 'USP_SEL_EXCEL_INI_TODO' must be declared
ORA-06550: line 1, column 7:
PL/SQL: Statement ignored
30/01/2020 10:22:15 a.m.: [Método: System.Collections.Generic.IEnumerable`1[T] Query[T](System.Data.IDbConnection, System.String, System.Object, System.Data.IDbTransaction, Boolean, System.Nullable`1[System.Int32], System.Nullable`1[System.Data.CommandType]), Línea: 0] - ORA-06550: line 1, column 46:
PLS-00302: component 'USP_SEL_EXCEL_INI_TODO' must be declared
ORA-06550: line 1, column 7:
PL/SQL: Statement ignored
30/01/2020 10:22:15 a.m.: [Método: System.Collections.Generic.List`1[entidad.minem.gob.pe.IniciativaBE] ListaExcelIniciativaTodo(entidad.minem.gob.pe.IniciativaBE), Línea: 1114] - ORA-06550: line 1, column 46:
PLS-00302: component 'USP_SEL_EXCEL_INI_TODO' must be declared
ORA-06550: line 1, column 7:
PL/SQL: Statement ignored
30/01/2020 10:22:15 a.m.: [Método: Void ExportarToExcelIniciativaMitigacion(entidad.minem.gob.pe.IniciativaBE), Línea: 0] - Referencia a objeto no establecida como instancia de un objeto.
30/01/2020 10:22:15 a.m.: [Método: Void ExportarIniciativa(System.String), Línea: 0] - Referencia a objeto no establecida como instancia de un objeto.
30/01/2020 10:22:35 a.m.: [Método: Void HandleErrorHelper(Int32, Oracle.DataAccess.Client.OracleConnection, IntPtr, Oracle.DataAccess.Client.OpoSqlValCtx*, System.Object, System.String, Boolean, Int32, Oracle.DataAccess.Client.OracleLogicalTransaction), Línea: 0] - ORA-06550: line 1, column 46:
PLS-00302: component 'USP_SEL_EXCEL_INI_TODO' must be declared
ORA-06550: line 1, column 7:
PL/SQL: Statement ignored
30/01/2020 10:22:35 a.m.: [Método: Void HandleError(Int32, Oracle.DataAccess.Client.OracleConnection, System.String, IntPtr, Oracle.DataAccess.Client.OpoSqlValCtx*, System.Object, Boolean, Oracle.DataAccess.Client.OracleLogicalTransaction), Línea: 0] - ORA-06550: line 1, column 46:
PLS-00302: component 'USP_SEL_EXCEL_INI_TODO' must be declared
ORA-06550: line 1, column 7:
PL/SQL: Statement ignored
30/01/2020 10:22:35 a.m.: [Método: Oracle.DataAccess.Client.OracleDataReader ExecuteReader(Boolean, Boolean, System.Data.CommandBehavior), Línea: 0] - ORA-06550: line 1, column 46:
PLS-00302: component 'USP_SEL_EXCEL_INI_TODO' must be declared
ORA-06550: line 1, column 7:
PL/SQL: Statement ignored
30/01/2020 10:22:35 a.m.: [Método: System.Data.Common.DbDataReader ExecuteDbDataReader(System.Data.CommandBehavior), Línea: 0] - ORA-06550: line 1, column 46:
PLS-00302: component 'USP_SEL_EXCEL_INI_TODO' must be declared
ORA-06550: line 1, column 7:
PL/SQL: Statement ignored
30/01/2020 10:22:35 a.m.: [Método: System.Data.IDataReader System.Data.IDbCommand.ExecuteReader(System.Data.CommandBehavior), Línea: 0] - ORA-06550: line 1, column 46:
PLS-00302: component 'USP_SEL_EXCEL_INI_TODO' must be declared
ORA-06550: line 1, column 7:
PL/SQL: Statement ignored
30/01/2020 10:22:35 a.m.: [Método: System.Data.IDataReader ExecuteReaderWithFlagsFallback(System.Data.IDbCommand, Boolean, System.Data.CommandBehavior), Línea: 0] - ORA-06550: line 1, column 46:
PLS-00302: component 'USP_SEL_EXCEL_INI_TODO' must be declared
ORA-06550: line 1, column 7:
PL/SQL: Statement ignored
30/01/2020 10:22:35 a.m.: [Método: Boolean MoveNext(), Línea: 0] - ORA-06550: line 1, column 46:
PLS-00302: component 'USP_SEL_EXCEL_INI_TODO' must be declared
ORA-06550: line 1, column 7:
PL/SQL: Statement ignored
30/01/2020 10:22:35 a.m.: [Método: Void .ctor(System.Collections.Generic.IEnumerable`1[T]), Línea: 0] - ORA-06550: line 1, column 46:
PLS-00302: component 'USP_SEL_EXCEL_INI_TODO' must be declared
ORA-06550: line 1, column 7:
PL/SQL: Statement ignored
30/01/2020 10:22:35 a.m.: [Método: System.Collections.Generic.List`1[TSource] ToList[TSource](System.Collections.Generic.IEnumerable`1[TSource]), Línea: 0] - ORA-06550: line 1, column 46:
PLS-00302: component 'USP_SEL_EXCEL_INI_TODO' must be declared
ORA-06550: line 1, column 7:
PL/SQL: Statement ignored
30/01/2020 10:22:35 a.m.: [Método: System.Collections.Generic.IEnumerable`1[T] Query[T](System.Data.IDbConnection, System.String, System.Object, System.Data.IDbTransaction, Boolean, System.Nullable`1[System.Int32], System.Nullable`1[System.Data.CommandType]), Línea: 0] - ORA-06550: line 1, column 46:
PLS-00302: component 'USP_SEL_EXCEL_INI_TODO' must be declared
ORA-06550: line 1, column 7:
PL/SQL: Statement ignored
30/01/2020 10:22:35 a.m.: [Método: System.Collections.Generic.List`1[entidad.minem.gob.pe.IniciativaBE] ListaExcelIniciativaTodo(entidad.minem.gob.pe.IniciativaBE), Línea: 1114] - ORA-06550: line 1, column 46:
PLS-00302: component 'USP_SEL_EXCEL_INI_TODO' must be declared
ORA-06550: line 1, column 7:
PL/SQL: Statement ignored
30/01/2020 10:22:35 a.m.: [Método: Void ExportarToExcelIniciativaMitigacion(entidad.minem.gob.pe.IniciativaBE), Línea: 0] - Referencia a objeto no establecida como instancia de un objeto.
30/01/2020 10:22:35 a.m.: [Método: Void ExportarIniciativa(System.String), Línea: 0] - Referencia a objeto no establecida como instancia de un objeto.
30/01/2020 10:22:42 a.m.: [Método: Void HandleErrorHelper(Int32, Oracle.DataAccess.Client.OracleConnection, IntPtr, Oracle.DataAccess.Client.OpoSqlValCtx*, System.Object, System.String, Boolean, Int32, Oracle.DataAccess.Client.OracleLogicalTransaction), Línea: 0] - ORA-06550: line 1, column 46:
PLS-00302: component 'USP_SEL_EXCEL_INI_TODO' must be declared
ORA-06550: line 1, column 7:
PL/SQL: Statement ignored
30/01/2020 10:22:42 a.m.: [Método: Void HandleError(Int32, Oracle.DataAccess.Client.OracleConnection, System.String, IntPtr, Oracle.DataAccess.Client.OpoSqlValCtx*, System.Object, Boolean, Oracle.DataAccess.Client.OracleLogicalTransaction), Línea: 0] - ORA-06550: line 1, column 46:
PLS-00302: component 'USP_SEL_EXCEL_INI_TODO' must be declared
ORA-06550: line 1, column 7:
PL/SQL: Statement ignored
30/01/2020 10:22:42 a.m.: [Método: Oracle.DataAccess.Client.OracleDataReader ExecuteReader(Boolean, Boolean, System.Data.CommandBehavior), Línea: 0] - ORA-06550: line 1, column 46:
PLS-00302: component 'USP_SEL_EXCEL_INI_TODO' must be declared
ORA-06550: line 1, column 7:
PL/SQL: Statement ignored
30/01/2020 10:22:42 a.m.: [Método: System.Data.Common.DbDataReader ExecuteDbDataReader(System.Data.CommandBehavior), Línea: 0] - ORA-06550: line 1, column 46:
PLS-00302: component 'USP_SEL_EXCEL_INI_TODO' must be declared
ORA-06550: line 1, column 7:
PL/SQL: Statement ignored
30/01/2020 10:22:42 a.m.: [Método: System.Data.IDataReader System.Data.IDbCommand.ExecuteReader(System.Data.CommandBehavior), Línea: 0] - ORA-06550: line 1, column 46:
PLS-00302: component 'USP_SEL_EXCEL_INI_TODO' must be declared
ORA-06550: line 1, column 7:
PL/SQL: Statement ignored
30/01/2020 10:22:42 a.m.: [Método: System.Data.IDataReader ExecuteReaderWithFlagsFallback(System.Data.IDbCommand, Boolean, System.Data.CommandBehavior), Línea: 0] - ORA-06550: line 1, column 46:
PLS-00302: component 'USP_SEL_EXCEL_INI_TODO' must be declared
ORA-06550: line 1, column 7:
PL/SQL: Statement ignored
30/01/2020 10:22:42 a.m.: [Método: Boolean MoveNext(), Línea: 0] - ORA-06550: line 1, column 46:
PLS-00302: component 'USP_SEL_EXCEL_INI_TODO' must be declared
ORA-06550: line 1, column 7:
PL/SQL: Statement ignored
30/01/2020 10:22:42 a.m.: [Método: Void .ctor(System.Collections.Generic.IEnumerable`1[T]), Línea: 0] - ORA-06550: line 1, column 46:
PLS-00302: component 'USP_SEL_EXCEL_INI_TODO' must be declared
ORA-06550: line 1, column 7:
PL/SQL: Statement ignored
30/01/2020 10:22:42 a.m.: [Método: System.Collections.Generic.List`1[TSource] ToList[TSource](System.Collections.Generic.IEnumerable`1[TSource]), Línea: 0] - ORA-06550: line 1, column 46:
PLS-00302: component 'USP_SEL_EXCEL_INI_TODO' must be declared
ORA-06550: line 1, column 7:
PL/SQL: Statement ignored
30/01/2020 10:22:42 a.m.: [Método: System.Collections.Generic.IEnumerable`1[T] Query[T](System.Data.IDbConnection, System.String, System.Object, System.Data.IDbTransaction, Boolean, System.Nullable`1[System.Int32], System.Nullable`1[System.Data.CommandType]), Línea: 0] - ORA-06550: line 1, column 46:
PLS-00302: component 'USP_SEL_EXCEL_INI_TODO' must be declared
ORA-06550: line 1, column 7:
PL/SQL: Statement ignored
30/01/2020 10:22:42 a.m.: [Método: System.Collections.Generic.List`1[entidad.minem.gob.pe.IniciativaBE] ListaExcelIniciativaTodo(entidad.minem.gob.pe.IniciativaBE), Línea: 1114] - ORA-06550: line 1, column 46:
PLS-00302: component 'USP_SEL_EXCEL_INI_TODO' must be declared
ORA-06550: line 1, column 7:
PL/SQL: Statement ignored
30/01/2020 10:22:42 a.m.: [Método: Void ExportarToExcelIniciativaMitigacion(entidad.minem.gob.pe.IniciativaBE), Línea: 0] - Referencia a objeto no establecida como instancia de un objeto.
30/01/2020 10:22:42 a.m.: [Método: Void ExportarIniciativa(System.String), Línea: 0] - Referencia a objeto no establecida como instancia de un objeto.
30/01/2020 10:23:02 a.m.: [Método: Void HandleErrorHelper(Int32, Oracle.DataAccess.Client.OracleConnection, IntPtr, Oracle.DataAccess.Client.OpoSqlValCtx*, System.Object, System.String, Boolean, Int32, Oracle.DataAccess.Client.OracleLogicalTransaction), Línea: 0] - ORA-06550: line 1, column 46:
PLS-00302: component 'USP_SEL_EXCEL_INI_TODO' must be declared
ORA-06550: line 1, column 7:
PL/SQL: Statement ignored
30/01/2020 10:23:02 a.m.: [Método: Void HandleError(Int32, Oracle.DataAccess.Client.OracleConnection, System.String, IntPtr, Oracle.DataAccess.Client.OpoSqlValCtx*, System.Object, Boolean, Oracle.DataAccess.Client.OracleLogicalTransaction), Línea: 0] - ORA-06550: line 1, column 46:
PLS-00302: component 'USP_SEL_EXCEL_INI_TODO' must be declared
ORA-06550: line 1, column 7:
PL/SQL: Statement ignored
30/01/2020 10:23:02 a.m.: [Método: Oracle.DataAccess.Client.OracleDataReader ExecuteReader(Boolean, Boolean, System.Data.CommandBehavior), Línea: 0] - ORA-06550: line 1, column 46:
PLS-00302: component 'USP_SEL_EXCEL_INI_TODO' must be declared
ORA-06550: line 1, column 7:
PL/SQL: Statement ignored
30/01/2020 10:23:02 a.m.: [Método: System.Data.Common.DbDataReader ExecuteDbDataReader(System.Data.CommandBehavior), Línea: 0] - ORA-06550: line 1, column 46:
PLS-00302: component 'USP_SEL_EXCEL_INI_TODO' must be declared
ORA-06550: line 1, column 7:
PL/SQL: Statement ignored
30/01/2020 10:23:02 a.m.: [Método: System.Data.IDataReader System.Data.IDbCommand.ExecuteReader(System.Data.CommandBehavior), Línea: 0] - ORA-06550: line 1, column 46:
PLS-00302: component 'USP_SEL_EXCEL_INI_TODO' must be declared
ORA-06550: line 1, column 7:
PL/SQL: Statement ignored
30/01/2020 10:23:02 a.m.: [Método: System.Data.IDataReader ExecuteReaderWithFlagsFallback(System.Data.IDbCommand, Boolean, System.Data.CommandBehavior), Línea: 0] - ORA-06550: line 1, column 46:
PLS-00302: component 'USP_SEL_EXCEL_INI_TODO' must be declared
ORA-06550: line 1, column 7:
PL/SQL: Statement ignored
30/01/2020 10:23:02 a.m.: [Método: Boolean MoveNext(), Línea: 0] - ORA-06550: line 1, column 46:
PLS-00302: component 'USP_SEL_EXCEL_INI_TODO' must be declared
ORA-06550: line 1, column 7:
PL/SQL: Statement ignored
30/01/2020 10:23:02 a.m.: [Método: Void .ctor(System.Collections.Generic.IEnumerable`1[T]), Línea: 0] - ORA-06550: line 1, column 46:
PLS-00302: component 'USP_SEL_EXCEL_INI_TODO' must be declared
ORA-06550: line 1, column 7:
PL/SQL: Statement ignored
30/01/2020 10:23:02 a.m.: [Método: System.Collections.Generic.List`1[TSource] ToList[TSource](System.Collections.Generic.IEnumerable`1[TSource]), Línea: 0] - ORA-06550: line 1, column 46:
PLS-00302: component 'USP_SEL_EXCEL_INI_TODO' must be declared
ORA-06550: line 1, column 7:
PL/SQL: Statement ignored
30/01/2020 10:23:02 a.m.: [Método: System.Collections.Generic.IEnumerable`1[T] Query[T](System.Data.IDbConnection, System.String, System.Object, System.Data.IDbTransaction, Boolean, System.Nullable`1[System.Int32], System.Nullable`1[System.Data.CommandType]), Línea: 0] - ORA-06550: line 1, column 46:
PLS-00302: component 'USP_SEL_EXCEL_INI_TODO' must be declared
ORA-06550: line 1, column 7:
PL/SQL: Statement ignored
30/01/2020 10:23:02 a.m.: [Método: System.Collections.Generic.List`1[entidad.minem.gob.pe.IniciativaBE] ListaExcelIniciativaTodo(entidad.minem.gob.pe.IniciativaBE), Línea: 1114] - ORA-06550: line 1, column 46:
PLS-00302: component 'USP_SEL_EXCEL_INI_TODO' must be declared
ORA-06550: line 1, column 7:
PL/SQL: Statement ignored
30/01/2020 10:25:45 a.m.: [Método: Void HandleErrorHelper(Int32, Oracle.DataAccess.Client.OracleConnection, IntPtr, Oracle.DataAccess.Client.OpoSqlValCtx*, System.Object, System.String, Boolean, Int32, Oracle.DataAccess.Client.OracleLogicalTransaction), Línea: 0] - ORA-06550: line 1, column 46:
PLS-00302: component 'USP_SEL_EXCEL_INI_TODO' must be declared
ORA-06550: line 1, column 7:
PL/SQL: Statement ignored
30/01/2020 10:25:45 a.m.: [Método: Void HandleError(Int32, Oracle.DataAccess.Client.OracleConnection, System.String, IntPtr, Oracle.DataAccess.Client.OpoSqlValCtx*, System.Object, Boolean, Oracle.DataAccess.Client.OracleLogicalTransaction), Línea: 0] - ORA-06550: line 1, column 46:
PLS-00302: component 'USP_SEL_EXCEL_INI_TODO' must be declared
ORA-06550: line 1, column 7:
PL/SQL: Statement ignored
30/01/2020 10:25:45 a.m.: [Método: Oracle.DataAccess.Client.OracleDataReader ExecuteReader(Boolean, Boolean, System.Data.CommandBehavior), Línea: 0] - ORA-06550: line 1, column 46:
PLS-00302: component 'USP_SEL_EXCEL_INI_TODO' must be declared
ORA-06550: line 1, column 7:
PL/SQL: Statement ignored
30/01/2020 10:25:45 a.m.: [Método: System.Data.Common.DbDataReader ExecuteDbDataReader(System.Data.CommandBehavior), Línea: 0] - ORA-06550: line 1, column 46:
PLS-00302: component 'USP_SEL_EXCEL_INI_TODO' must be declared
ORA-06550: line 1, column 7:
PL/SQL: Statement ignored
30/01/2020 10:25:45 a.m.: [Método: System.Data.IDataReader System.Data.IDbCommand.ExecuteReader(System.Data.CommandBehavior), Línea: 0] - ORA-06550: line 1, column 46:
PLS-00302: component 'USP_SEL_EXCEL_INI_TODO' must be declared
ORA-06550: line 1, column 7:
PL/SQL: Statement ignored
30/01/2020 10:25:45 a.m.: [Método: System.Data.IDataReader ExecuteReaderWithFlagsFallback(System.Data.IDbCommand, Boolean, System.Data.CommandBehavior), Línea: 0] - ORA-06550: line 1, column 46:
PLS-00302: component 'USP_SEL_EXCEL_INI_TODO' must be declared
ORA-06550: line 1, column 7:
PL/SQL: Statement ignored
30/01/2020 10:25:45 a.m.: [Método: Boolean MoveNext(), Línea: 0] - ORA-06550: line 1, column 46:
PLS-00302: component 'USP_SEL_EXCEL_INI_TODO' must be declared
ORA-06550: line 1, column 7:
PL/SQL: Statement ignored
30/01/2020 10:25:45 a.m.: [Método: Void .ctor(System.Collections.Generic.IEnumerable`1[T]), Línea: 0] - ORA-06550: line 1, column 46:
PLS-00302: component 'USP_SEL_EXCEL_INI_TODO' must be declared
ORA-06550: line 1, column 7:
PL/SQL: Statement ignored
30/01/2020 10:25:45 a.m.: [Método: System.Collections.Generic.List`1[TSource] ToList[TSource](System.Collections.Generic.IEnumerable`1[TSource]), Línea: 0] - ORA-06550: line 1, column 46:
PLS-00302: component 'USP_SEL_EXCEL_INI_TODO' must be declared
ORA-06550: line 1, column 7:
PL/SQL: Statement ignored
30/01/2020 10:25:45 a.m.: [Método: System.Collections.Generic.IEnumerable`1[T] Query[T](System.Data.IDbConnection, System.String, System.Object, System.Data.IDbTransaction, Boolean, System.Nullable`1[System.Int32], System.Nullable`1[System.Data.CommandType]), Línea: 0] - ORA-06550: line 1, column 46:
PLS-00302: component 'USP_SEL_EXCEL_INI_TODO' must be declared
ORA-06550: line 1, column 7:
PL/SQL: Statement ignored
30/01/2020 10:25:45 a.m.: [Método: System.Collections.Generic.List`1[entidad.minem.gob.pe.IniciativaBE] ListaExcelIniciativaTodo(entidad.minem.gob.pe.IniciativaBE), Línea: 1114] - ORA-06550: line 1, column 46:
PLS-00302: component 'USP_SEL_EXCEL_INI_TODO' must be declared
ORA-06550: line 1, column 7:
PL/SQL: Statement ignored
30/01/2020 10:25:45 a.m.: [Método: Void ExportarToExcelIniciativaMitigacion(entidad.minem.gob.pe.IniciativaBE), Línea: 0] - Referencia a objeto no establecida como instancia de un objeto.
30/01/2020 10:25:45 a.m.: [Método: Void ExportarIniciativa(System.String), Línea: 0] - Referencia a objeto no establecida como instancia de un objeto.
