5/02/2020 00:00:07: [Método: Void HandleErrorHelper(Int32, Oracle.DataAccess.Client.OracleConnection, IntPtr, Oracle.DataAccess.Client.OpoSqlValCtx*, System.Object, System.String, Boolean, Int32), Línea: 0] - ORA-00905: falta una palabra clave
ORA-06512: en "MRVMM.PKG_MRV_MANTENIMIENTO", línea 742
ORA-06512: en línea 1
5/02/2020 00:00:07: [Método: Void HandleError(Int32, Oracle.DataAccess.Client.OracleConnection, System.String, IntPtr, Oracle.DataAccess.Client.OpoSqlValCtx*, System.Object, Boolean), Línea: 0] - ORA-00905: falta una palabra clave
ORA-06512: en "MRVMM.PKG_MRV_MANTENIMIENTO", línea 742
ORA-06512: en línea 1
5/02/2020 00:00:07: [Método: Oracle.DataAccess.Client.OracleDataReader ExecuteReader(Boolean, Boolean, System.Data.CommandBehavior), Línea: 0] - ORA-00905: falta una palabra clave
ORA-06512: en "MRVMM.PKG_MRV_MANTENIMIENTO", línea 742
ORA-06512: en línea 1
5/02/2020 00:00:07: [Método: System.Data.Common.DbDataReader ExecuteDbDataReader(System.Data.CommandBehavior), Línea: 0] - ORA-00905: falta una palabra clave
ORA-06512: en "MRVMM.PKG_MRV_MANTENIMIENTO", línea 742
ORA-06512: en línea 1
5/02/2020 00:00:07: [Método: System.Data.IDataReader ExecuteReaderWithFlagsFallback(System.Data.IDbCommand, Boolean, System.Data.CommandBehavior), Línea: 0] - ORA-00905: falta una palabra clave
ORA-06512: en "MRVMM.PKG_MRV_MANTENIMIENTO", línea 742
ORA-06512: en línea 1
5/02/2020 00:00:07: [Método: Boolean MoveNext(), Línea: 0] - ORA-00905: falta una palabra clave
ORA-06512: en "MRVMM.PKG_MRV_MANTENIMIENTO", línea 742
ORA-06512: en línea 1
5/02/2020 00:00:07: [Método: Void .ctor(System.Collections.Generic.IEnumerable`1[T]), Línea: 0] - ORA-00905: falta una palabra clave
ORA-06512: en "MRVMM.PKG_MRV_MANTENIMIENTO", línea 742
ORA-06512: en línea 1
5/02/2020 00:00:07: [Método: System.Collections.Generic.List`1[TSource] ToList[TSource](System.Collections.Generic.IEnumerable`1[TSource]), Línea: 0] - ORA-00905: falta una palabra clave
ORA-06512: en "MRVMM.PKG_MRV_MANTENIMIENTO", línea 742
ORA-06512: en línea 1
5/02/2020 00:00:07: [Método: System.Collections.Generic.IEnumerable`1[T] Query[T](System.Data.IDbConnection, System.String, System.Object, System.Data.IDbTransaction, Boolean, System.Nullable`1[System.Int32], System.Nullable`1[System.Data.CommandType]), Línea: 0] - ORA-00905: falta una palabra clave
ORA-06512: en "MRVMM.PKG_MRV_MANTENIMIENTO", línea 742
ORA-06512: en línea 1
5/02/2020 00:00:07: [Método: System.Collections.Generic.List`1[entidad.minem.gob.pe.UsuarioBE] BuscarMantenimientoUsuario(entidad.minem.gob.pe.UsuarioBE), Línea: 579] - ORA-00905: falta una palabra clave
ORA-06512: en "MRVMM.PKG_MRV_MANTENIMIENTO", línea 742
ORA-06512: en línea 1
5/02/2020 00:02:56: [Método: Void HandleErrorHelper(Int32, Oracle.DataAccess.Client.OracleConnection, IntPtr, Oracle.DataAccess.Client.OpoSqlValCtx*, System.Object, System.String, Boolean, Int32), Línea: 0] - ORA-00904: "A": identificador no válido
ORA-06512: en "MRVMM.PKG_MRV_MANTENIMIENTO", línea 722
ORA-06512: en línea 1
5/02/2020 00:02:56: [Método: Void HandleError(Int32, Oracle.DataAccess.Client.OracleConnection, System.String, IntPtr, Oracle.DataAccess.Client.OpoSqlValCtx*, System.Object, Boolean), Línea: 0] - ORA-00904: "A": identificador no válido
ORA-06512: en "MRVMM.PKG_MRV_MANTENIMIENTO", línea 722
ORA-06512: en línea 1
5/02/2020 00:02:56: [Método: Oracle.DataAccess.Client.OracleDataReader ExecuteReader(Boolean, Boolean, System.Data.CommandBehavior), Línea: 0] - ORA-00904: "A": identificador no válido
ORA-06512: en "MRVMM.PKG_MRV_MANTENIMIENTO", línea 722
ORA-06512: en línea 1
5/02/2020 00:02:56: [Método: System.Data.Common.DbDataReader ExecuteDbDataReader(System.Data.CommandBehavior), Línea: 0] - ORA-00904: "A": identificador no válido
ORA-06512: en "MRVMM.PKG_MRV_MANTENIMIENTO", línea 722
ORA-06512: en línea 1
5/02/2020 00:02:56: [Método: System.Data.IDataReader ExecuteReaderWithFlagsFallback(System.Data.IDbCommand, Boolean, System.Data.CommandBehavior), Línea: 0] - ORA-00904: "A": identificador no válido
ORA-06512: en "MRVMM.PKG_MRV_MANTENIMIENTO", línea 722
ORA-06512: en línea 1
5/02/2020 00:02:56: [Método: Boolean MoveNext(), Línea: 0] - ORA-00904: "A": identificador no válido
ORA-06512: en "MRVMM.PKG_MRV_MANTENIMIENTO", línea 722
ORA-06512: en línea 1
5/02/2020 00:02:56: [Método: Void .ctor(System.Collections.Generic.IEnumerable`1[T]), Línea: 0] - ORA-00904: "A": identificador no válido
ORA-06512: en "MRVMM.PKG_MRV_MANTENIMIENTO", línea 722
ORA-06512: en línea 1
5/02/2020 00:02:56: [Método: System.Collections.Generic.List`1[TSource] ToList[TSource](System.Collections.Generic.IEnumerable`1[TSource]), Línea: 0] - ORA-00904: "A": identificador no válido
ORA-06512: en "MRVMM.PKG_MRV_MANTENIMIENTO", línea 722
ORA-06512: en línea 1
5/02/2020 00:02:56: [Método: System.Collections.Generic.IEnumerable`1[T] Query[T](System.Data.IDbConnection, System.String, System.Object, System.Data.IDbTransaction, Boolean, System.Nullable`1[System.Int32], System.Nullable`1[System.Data.CommandType]), Línea: 0] - ORA-00904: "A": identificador no válido
ORA-06512: en "MRVMM.PKG_MRV_MANTENIMIENTO", línea 722
ORA-06512: en línea 1
5/02/2020 00:02:56: [Método: System.Collections.Generic.List`1[entidad.minem.gob.pe.UsuarioBE] BuscarMantenimientoUsuario(entidad.minem.gob.pe.UsuarioBE), Línea: 579] - ORA-00904: "A": identificador no válido
ORA-06512: en "MRVMM.PKG_MRV_MANTENIMIENTO", línea 722
ORA-06512: en línea 1
5/02/2020 00:04:43: [Método: Void HandleErrorHelper(Int32, Oracle.DataAccess.Client.OracleConnection, IntPtr, Oracle.DataAccess.Client.OpoSqlValCtx*, System.Object, System.String, Boolean, Int32), Línea: 0] - ORA-00936: falta una expresión
ORA-06512: en "MRVMM.PKG_MRV_MANTENIMIENTO", línea 722
ORA-06512: en línea 1
5/02/2020 00:04:43: [Método: Void HandleError(Int32, Oracle.DataAccess.Client.OracleConnection, System.String, IntPtr, Oracle.DataAccess.Client.OpoSqlValCtx*, System.Object, Boolean), Línea: 0] - ORA-00936: falta una expresión
ORA-06512: en "MRVMM.PKG_MRV_MANTENIMIENTO", línea 722
ORA-06512: en línea 1
5/02/2020 00:04:43: [Método: Oracle.DataAccess.Client.OracleDataReader ExecuteReader(Boolean, Boolean, System.Data.CommandBehavior), Línea: 0] - ORA-00936: falta una expresión
ORA-06512: en "MRVMM.PKG_MRV_MANTENIMIENTO", línea 722
ORA-06512: en línea 1
5/02/2020 00:04:43: [Método: System.Data.Common.DbDataReader ExecuteDbDataReader(System.Data.CommandBehavior), Línea: 0] - ORA-00936: falta una expresión
ORA-06512: en "MRVMM.PKG_MRV_MANTENIMIENTO", línea 722
ORA-06512: en línea 1
5/02/2020 00:04:43: [Método: System.Data.IDataReader ExecuteReaderWithFlagsFallback(System.Data.IDbCommand, Boolean, System.Data.CommandBehavior), Línea: 0] - ORA-00936: falta una expresión
ORA-06512: en "MRVMM.PKG_MRV_MANTENIMIENTO", línea 722
ORA-06512: en línea 1
5/02/2020 00:04:43: [Método: Boolean MoveNext(), Línea: 0] - ORA-00936: falta una expresión
ORA-06512: en "MRVMM.PKG_MRV_MANTENIMIENTO", línea 722
ORA-06512: en línea 1
5/02/2020 00:04:43: [Método: Void .ctor(System.Collections.Generic.IEnumerable`1[T]), Línea: 0] - ORA-00936: falta una expresión
ORA-06512: en "MRVMM.PKG_MRV_MANTENIMIENTO", línea 722
ORA-06512: en línea 1
5/02/2020 00:04:43: [Método: System.Collections.Generic.List`1[TSource] ToList[TSource](System.Collections.Generic.IEnumerable`1[TSource]), Línea: 0] - ORA-00936: falta una expresión
ORA-06512: en "MRVMM.PKG_MRV_MANTENIMIENTO", línea 722
ORA-06512: en línea 1
5/02/2020 00:04:43: [Método: System.Collections.Generic.IEnumerable`1[T] Query[T](System.Data.IDbConnection, System.String, System.Object, System.Data.IDbTransaction, Boolean, System.Nullable`1[System.Int32], System.Nullable`1[System.Data.CommandType]), Línea: 0] - ORA-00936: falta una expresión
ORA-06512: en "MRVMM.PKG_MRV_MANTENIMIENTO", línea 722
ORA-06512: en línea 1
5/02/2020 00:04:43: [Método: System.Collections.Generic.List`1[entidad.minem.gob.pe.UsuarioBE] BuscarMantenimientoUsuario(entidad.minem.gob.pe.UsuarioBE), Línea: 579] - ORA-00936: falta una expresión
ORA-06512: en "MRVMM.PKG_MRV_MANTENIMIENTO", línea 722
ORA-06512: en línea 1
5/02/2020 00:09:43: [Método: Void HandleErrorHelper(Int32, Oracle.DataAccess.Client.OracleConnection, IntPtr, Oracle.DataAccess.Client.OpoSqlValCtx*, System.Object, System.String, Boolean, Int32), Línea: 0] - ORA-00904: "A": identificador no válido
ORA-06512: en "MRVMM.PKG_MRV_MANTENIMIENTO", línea 722
ORA-06512: en línea 1
5/02/2020 00:09:43: [Método: Void HandleError(Int32, Oracle.DataAccess.Client.OracleConnection, System.String, IntPtr, Oracle.DataAccess.Client.OpoSqlValCtx*, System.Object, Boolean), Línea: 0] - ORA-00904: "A": identificador no válido
ORA-06512: en "MRVMM.PKG_MRV_MANTENIMIENTO", línea 722
ORA-06512: en línea 1
5/02/2020 00:09:43: [Método: Oracle.DataAccess.Client.OracleDataReader ExecuteReader(Boolean, Boolean, System.Data.CommandBehavior), Línea: 0] - ORA-00904: "A": identificador no válido
ORA-06512: en "MRVMM.PKG_MRV_MANTENIMIENTO", línea 722
ORA-06512: en línea 1
5/02/2020 00:09:43: [Método: System.Data.Common.DbDataReader ExecuteDbDataReader(System.Data.CommandBehavior), Línea: 0] - ORA-00904: "A": identificador no válido
ORA-06512: en "MRVMM.PKG_MRV_MANTENIMIENTO", línea 722
ORA-06512: en línea 1
5/02/2020 00:09:43: [Método: System.Data.IDataReader ExecuteReaderWithFlagsFallback(System.Data.IDbCommand, Boolean, System.Data.CommandBehavior), Línea: 0] - ORA-00904: "A": identificador no válido
ORA-06512: en "MRVMM.PKG_MRV_MANTENIMIENTO", línea 722
ORA-06512: en línea 1
5/02/2020 00:09:43: [Método: Boolean MoveNext(), Línea: 0] - ORA-00904: "A": identificador no válido
ORA-06512: en "MRVMM.PKG_MRV_MANTENIMIENTO", línea 722
ORA-06512: en línea 1
5/02/2020 00:09:43: [Método: Void .ctor(System.Collections.Generic.IEnumerable`1[T]), Línea: 0] - ORA-00904: "A": identificador no válido
ORA-06512: en "MRVMM.PKG_MRV_MANTENIMIENTO", línea 722
ORA-06512: en línea 1
5/02/2020 00:09:43: [Método: System.Collections.Generic.List`1[TSource] ToList[TSource](System.Collections.Generic.IEnumerable`1[TSource]), Línea: 0] - ORA-00904: "A": identificador no válido
ORA-06512: en "MRVMM.PKG_MRV_MANTENIMIENTO", línea 722
ORA-06512: en línea 1
5/02/2020 00:09:43: [Método: System.Collections.Generic.IEnumerable`1[T] Query[T](System.Data.IDbConnection, System.String, System.Object, System.Data.IDbTransaction, Boolean, System.Nullable`1[System.Int32], System.Nullable`1[System.Data.CommandType]), Línea: 0] - ORA-00904: "A": identificador no válido
ORA-06512: en "MRVMM.PKG_MRV_MANTENIMIENTO", línea 722
ORA-06512: en línea 1
5/02/2020 00:09:43: [Método: System.Collections.Generic.List`1[entidad.minem.gob.pe.UsuarioBE] BuscarMantenimientoUsuario(entidad.minem.gob.pe.UsuarioBE), Línea: 579] - ORA-00904: "A": identificador no válido
ORA-06512: en "MRVMM.PKG_MRV_MANTENIMIENTO", línea 722
ORA-06512: en línea 1
5/02/2020 00:09:58: [Método: Void HandleErrorHelper(Int32, Oracle.DataAccess.Client.OracleConnection, IntPtr, Oracle.DataAccess.Client.OpoSqlValCtx*, System.Object, System.String, Boolean, Int32), Línea: 0] - ORA-00904: "A": identificador no válido
ORA-06512: en "MRVMM.PKG_MRV_MANTENIMIENTO", línea 715
ORA-06512: en línea 1
5/02/2020 00:09:58: [Método: Void HandleError(Int32, Oracle.DataAccess.Client.OracleConnection, System.String, IntPtr, Oracle.DataAccess.Client.OpoSqlValCtx*, System.Object, Boolean), Línea: 0] - ORA-00904: "A": identificador no válido
ORA-06512: en "MRVMM.PKG_MRV_MANTENIMIENTO", línea 715
ORA-06512: en línea 1
5/02/2020 00:09:58: [Método: Oracle.DataAccess.Client.OracleDataReader ExecuteReader(Boolean, Boolean, System.Data.CommandBehavior), Línea: 0] - ORA-00904: "A": identificador no válido
ORA-06512: en "MRVMM.PKG_MRV_MANTENIMIENTO", línea 715
ORA-06512: en línea 1
5/02/2020 00:09:58: [Método: System.Data.Common.DbDataReader ExecuteDbDataReader(System.Data.CommandBehavior), Línea: 0] - ORA-00904: "A": identificador no válido
ORA-06512: en "MRVMM.PKG_MRV_MANTENIMIENTO", línea 715
ORA-06512: en línea 1
5/02/2020 00:09:58: [Método: System.Data.IDataReader ExecuteReaderWithFlagsFallback(System.Data.IDbCommand, Boolean, System.Data.CommandBehavior), Línea: 0] - ORA-00904: "A": identificador no válido
ORA-06512: en "MRVMM.PKG_MRV_MANTENIMIENTO", línea 715
ORA-06512: en línea 1
5/02/2020 00:09:58: [Método: Boolean MoveNext(), Línea: 0] - ORA-00904: "A": identificador no válido
ORA-06512: en "MRVMM.PKG_MRV_MANTENIMIENTO", línea 715
ORA-06512: en línea 1
5/02/2020 00:09:58: [Método: Void .ctor(System.Collections.Generic.IEnumerable`1[T]), Línea: 0] - ORA-00904: "A": identificador no válido
ORA-06512: en "MRVMM.PKG_MRV_MANTENIMIENTO", línea 715
ORA-06512: en línea 1
5/02/2020 00:09:58: [Método: System.Collections.Generic.List`1[TSource] ToList[TSource](System.Collections.Generic.IEnumerable`1[TSource]), Línea: 0] - ORA-00904: "A": identificador no válido
ORA-06512: en "MRVMM.PKG_MRV_MANTENIMIENTO", línea 715
ORA-06512: en línea 1
5/02/2020 00:09:58: [Método: System.Collections.Generic.IEnumerable`1[T] Query[T](System.Data.IDbConnection, System.String, System.Object, System.Data.IDbTransaction, Boolean, System.Nullable`1[System.Int32], System.Nullable`1[System.Data.CommandType]), Línea: 0] - ORA-00904: "A": identificador no válido
ORA-06512: en "MRVMM.PKG_MRV_MANTENIMIENTO", línea 715
ORA-06512: en línea 1
5/02/2020 00:09:58: [Método: System.Collections.Generic.List`1[entidad.minem.gob.pe.UsuarioBE] BuscarMantenimientoUsuario(entidad.minem.gob.pe.UsuarioBE), Línea: 579] - ORA-00904: "A": identificador no válido
ORA-06512: en "MRVMM.PKG_MRV_MANTENIMIENTO", línea 715
ORA-06512: en línea 1
5/02/2020 00:12:07: [Método: Void HandleErrorHelper(Int32, Oracle.DataAccess.Client.OracleConnection, IntPtr, Oracle.DataAccess.Client.OpoSqlValCtx*, System.Object, System.String, Boolean, Int32), Línea: 0] - ORA-00933: comando SQL no terminado correctamente
ORA-06512: en "MRVMM.PKG_MRV_MANTENIMIENTO", línea 715
ORA-06512: en línea 1
5/02/2020 00:12:07: [Método: Void HandleError(Int32, Oracle.DataAccess.Client.OracleConnection, System.String, IntPtr, Oracle.DataAccess.Client.OpoSqlValCtx*, System.Object, Boolean), Línea: 0] - ORA-00933: comando SQL no terminado correctamente
ORA-06512: en "MRVMM.PKG_MRV_MANTENIMIENTO", línea 715
ORA-06512: en línea 1
5/02/2020 00:12:07: [Método: Oracle.DataAccess.Client.OracleDataReader ExecuteReader(Boolean, Boolean, System.Data.CommandBehavior), Línea: 0] - ORA-00933: comando SQL no terminado correctamente
ORA-06512: en "MRVMM.PKG_MRV_MANTENIMIENTO", línea 715
ORA-06512: en línea 1
5/02/2020 00:12:07: [Método: System.Data.Common.DbDataReader ExecuteDbDataReader(System.Data.CommandBehavior), Línea: 0] - ORA-00933: comando SQL no terminado correctamente
ORA-06512: en "MRVMM.PKG_MRV_MANTENIMIENTO", línea 715
ORA-06512: en línea 1
5/02/2020 00:12:07: [Método: System.Data.IDataReader ExecuteReaderWithFlagsFallback(System.Data.IDbCommand, Boolean, System.Data.CommandBehavior), Línea: 0] - ORA-00933: comando SQL no terminado correctamente
ORA-06512: en "MRVMM.PKG_MRV_MANTENIMIENTO", línea 715
ORA-06512: en línea 1
5/02/2020 00:12:07: [Método: Boolean MoveNext(), Línea: 0] - ORA-00933: comando SQL no terminado correctamente
ORA-06512: en "MRVMM.PKG_MRV_MANTENIMIENTO", línea 715
ORA-06512: en línea 1
5/02/2020 00:12:07: [Método: Void .ctor(System.Collections.Generic.IEnumerable`1[T]), Línea: 0] - ORA-00933: comando SQL no terminado correctamente
ORA-06512: en "MRVMM.PKG_MRV_MANTENIMIENTO", línea 715
ORA-06512: en línea 1
5/02/2020 00:12:07: [Método: System.Collections.Generic.List`1[TSource] ToList[TSource](System.Collections.Generic.IEnumerable`1[TSource]), Línea: 0] - ORA-00933: comando SQL no terminado correctamente
ORA-06512: en "MRVMM.PKG_MRV_MANTENIMIENTO", línea 715
ORA-06512: en línea 1
5/02/2020 00:12:07: [Método: System.Collections.Generic.IEnumerable`1[T] Query[T](System.Data.IDbConnection, System.String, System.Object, System.Data.IDbTransaction, Boolean, System.Nullable`1[System.Int32], System.Nullable`1[System.Data.CommandType]), Línea: 0] - ORA-00933: comando SQL no terminado correctamente
ORA-06512: en "MRVMM.PKG_MRV_MANTENIMIENTO", línea 715
ORA-06512: en línea 1
5/02/2020 00:12:07: [Método: System.Collections.Generic.List`1[entidad.minem.gob.pe.UsuarioBE] BuscarMantenimientoUsuario(entidad.minem.gob.pe.UsuarioBE), Línea: 579] - ORA-00933: comando SQL no terminado correctamente
ORA-06512: en "MRVMM.PKG_MRV_MANTENIMIENTO", línea 715
ORA-06512: en línea 1
5/02/2020 00:13:12: [Método: Void HandleErrorHelper(Int32, Oracle.DataAccess.Client.OracleConnection, IntPtr, Oracle.DataAccess.Client.OpoSqlValCtx*, System.Object, System.String, Boolean, Int32), Línea: 0] - ORA-00904: "A": identificador no válido
ORA-06512: en "MRVMM.PKG_MRV_MANTENIMIENTO", línea 715
ORA-06512: en línea 1
5/02/2020 00:13:12: [Método: Void HandleError(Int32, Oracle.DataAccess.Client.OracleConnection, System.String, IntPtr, Oracle.DataAccess.Client.OpoSqlValCtx*, System.Object, Boolean), Línea: 0] - ORA-00904: "A": identificador no válido
ORA-06512: en "MRVMM.PKG_MRV_MANTENIMIENTO", línea 715
ORA-06512: en línea 1
5/02/2020 00:13:12: [Método: Oracle.DataAccess.Client.OracleDataReader ExecuteReader(Boolean, Boolean, System.Data.CommandBehavior), Línea: 0] - ORA-00904: "A": identificador no válido
ORA-06512: en "MRVMM.PKG_MRV_MANTENIMIENTO", línea 715
ORA-06512: en línea 1
5/02/2020 00:13:12: [Método: System.Data.Common.DbDataReader ExecuteDbDataReader(System.Data.CommandBehavior), Línea: 0] - ORA-00904: "A": identificador no válido
ORA-06512: en "MRVMM.PKG_MRV_MANTENIMIENTO", línea 715
ORA-06512: en línea 1
5/02/2020 00:13:12: [Método: System.Data.IDataReader ExecuteReaderWithFlagsFallback(System.Data.IDbCommand, Boolean, System.Data.CommandBehavior), Línea: 0] - ORA-00904: "A": identificador no válido
ORA-06512: en "MRVMM.PKG_MRV_MANTENIMIENTO", línea 715
ORA-06512: en línea 1
5/02/2020 00:13:12: [Método: Boolean MoveNext(), Línea: 0] - ORA-00904: "A": identificador no válido
ORA-06512: en "MRVMM.PKG_MRV_MANTENIMIENTO", línea 715
ORA-06512: en línea 1
5/02/2020 00:13:12: [Método: Void .ctor(System.Collections.Generic.IEnumerable`1[T]), Línea: 0] - ORA-00904: "A": identificador no válido
ORA-06512: en "MRVMM.PKG_MRV_MANTENIMIENTO", línea 715
ORA-06512: en línea 1
5/02/2020 00:13:12: [Método: System.Collections.Generic.List`1[TSource] ToList[TSource](System.Collections.Generic.IEnumerable`1[TSource]), Línea: 0] - ORA-00904: "A": identificador no válido
ORA-06512: en "MRVMM.PKG_MRV_MANTENIMIENTO", línea 715
ORA-06512: en línea 1
5/02/2020 00:13:12: [Método: System.Collections.Generic.IEnumerable`1[T] Query[T](System.Data.IDbConnection, System.String, System.Object, System.Data.IDbTransaction, Boolean, System.Nullable`1[System.Int32], System.Nullable`1[System.Data.CommandType]), Línea: 0] - ORA-00904: "A": identificador no válido
ORA-06512: en "MRVMM.PKG_MRV_MANTENIMIENTO", línea 715
ORA-06512: en línea 1
5/02/2020 00:13:12: [Método: System.Collections.Generic.List`1[entidad.minem.gob.pe.UsuarioBE] BuscarMantenimientoUsuario(entidad.minem.gob.pe.UsuarioBE), Línea: 579] - ORA-00904: "A": identificador no válido
ORA-06512: en "MRVMM.PKG_MRV_MANTENIMIENTO", línea 715
ORA-06512: en línea 1
5/02/2020 00:14:05: [Método: Void HandleErrorHelper(Int32, Oracle.DataAccess.Client.OracleConnection, IntPtr, Oracle.DataAccess.Client.OpoSqlValCtx*, System.Object, System.String, Boolean, Int32), Línea: 0] - ORA-00904: "A": identificador no válido
ORA-06512: en "MRVMM.PKG_MRV_MANTENIMIENTO", línea 715
ORA-06512: en línea 1
5/02/2020 00:14:05: [Método: Void HandleError(Int32, Oracle.DataAccess.Client.OracleConnection, System.String, IntPtr, Oracle.DataAccess.Client.OpoSqlValCtx*, System.Object, Boolean), Línea: 0] - ORA-00904: "A": identificador no válido
ORA-06512: en "MRVMM.PKG_MRV_MANTENIMIENTO", línea 715
ORA-06512: en línea 1
5/02/2020 00:14:05: [Método: Oracle.DataAccess.Client.OracleDataReader ExecuteReader(Boolean, Boolean, System.Data.CommandBehavior), Línea: 0] - ORA-00904: "A": identificador no válido
ORA-06512: en "MRVMM.PKG_MRV_MANTENIMIENTO", línea 715
ORA-06512: en línea 1
5/02/2020 00:14:05: [Método: System.Data.Common.DbDataReader ExecuteDbDataReader(System.Data.CommandBehavior), Línea: 0] - ORA-00904: "A": identificador no válido
ORA-06512: en "MRVMM.PKG_MRV_MANTENIMIENTO", línea 715
ORA-06512: en línea 1
5/02/2020 00:14:05: [Método: System.Data.IDataReader ExecuteReaderWithFlagsFallback(System.Data.IDbCommand, Boolean, System.Data.CommandBehavior), Línea: 0] - ORA-00904: "A": identificador no válido
ORA-06512: en "MRVMM.PKG_MRV_MANTENIMIENTO", línea 715
ORA-06512: en línea 1
5/02/2020 00:14:05: [Método: Boolean MoveNext(), Línea: 0] - ORA-00904: "A": identificador no válido
ORA-06512: en "MRVMM.PKG_MRV_MANTENIMIENTO", línea 715
ORA-06512: en línea 1
5/02/2020 00:14:05: [Método: Void .ctor(System.Collections.Generic.IEnumerable`1[T]), Línea: 0] - ORA-00904: "A": identificador no válido
ORA-06512: en "MRVMM.PKG_MRV_MANTENIMIENTO", línea 715
ORA-06512: en línea 1
5/02/2020 00:14:05: [Método: System.Collections.Generic.List`1[TSource] ToList[TSource](System.Collections.Generic.IEnumerable`1[TSource]), Línea: 0] - ORA-00904: "A": identificador no válido
ORA-06512: en "MRVMM.PKG_MRV_MANTENIMIENTO", línea 715
ORA-06512: en línea 1
5/02/2020 00:14:05: [Método: System.Collections.Generic.IEnumerable`1[T] Query[T](System.Data.IDbConnection, System.String, System.Object, System.Data.IDbTransaction, Boolean, System.Nullable`1[System.Int32], System.Nullable`1[System.Data.CommandType]), Línea: 0] - ORA-00904: "A": identificador no válido
ORA-06512: en "MRVMM.PKG_MRV_MANTENIMIENTO", línea 715
ORA-06512: en línea 1
5/02/2020 00:14:05: [Método: System.Collections.Generic.List`1[entidad.minem.gob.pe.UsuarioBE] BuscarMantenimientoUsuario(entidad.minem.gob.pe.UsuarioBE), Línea: 579] - ORA-00904: "A": identificador no válido
ORA-06512: en "MRVMM.PKG_MRV_MANTENIMIENTO", línea 715
ORA-06512: en línea 1
5/02/2020 00:16:10: [Método: Void HandleErrorHelper(Int32, Oracle.DataAccess.Client.OracleConnection, IntPtr, Oracle.DataAccess.Client.OpoSqlValCtx*, System.Object, System.String, Boolean, Int32), Línea: 0] - ORA-00904: "A": identificador no válido
ORA-06512: en "MRVMM.PKG_MRV_MANTENIMIENTO", línea 715
ORA-06512: en línea 1
5/02/2020 00:16:10: [Método: Void HandleError(Int32, Oracle.DataAccess.Client.OracleConnection, System.String, IntPtr, Oracle.DataAccess.Client.OpoSqlValCtx*, System.Object, Boolean), Línea: 0] - ORA-00904: "A": identificador no válido
ORA-06512: en "MRVMM.PKG_MRV_MANTENIMIENTO", línea 715
ORA-06512: en línea 1
5/02/2020 00:16:10: [Método: Oracle.DataAccess.Client.OracleDataReader ExecuteReader(Boolean, Boolean, System.Data.CommandBehavior), Línea: 0] - ORA-00904: "A": identificador no válido
ORA-06512: en "MRVMM.PKG_MRV_MANTENIMIENTO", línea 715
ORA-06512: en línea 1
5/02/2020 00:16:10: [Método: System.Data.Common.DbDataReader ExecuteDbDataReader(System.Data.CommandBehavior), Línea: 0] - ORA-00904: "A": identificador no válido
ORA-06512: en "MRVMM.PKG_MRV_MANTENIMIENTO", línea 715
ORA-06512: en línea 1
5/02/2020 00:16:10: [Método: System.Data.IDataReader ExecuteReaderWithFlagsFallback(System.Data.IDbCommand, Boolean, System.Data.CommandBehavior), Línea: 0] - ORA-00904: "A": identificador no válido
ORA-06512: en "MRVMM.PKG_MRV_MANTENIMIENTO", línea 715
ORA-06512: en línea 1
5/02/2020 00:16:10: [Método: Boolean MoveNext(), Línea: 0] - ORA-00904: "A": identificador no válido
ORA-06512: en "MRVMM.PKG_MRV_MANTENIMIENTO", línea 715
ORA-06512: en línea 1
5/02/2020 00:16:10: [Método: Void .ctor(System.Collections.Generic.IEnumerable`1[T]), Línea: 0] - ORA-00904: "A": identificador no válido
ORA-06512: en "MRVMM.PKG_MRV_MANTENIMIENTO", línea 715
ORA-06512: en línea 1
5/02/2020 00:16:10: [Método: System.Collections.Generic.List`1[TSource] ToList[TSource](System.Collections.Generic.IEnumerable`1[TSource]), Línea: 0] - ORA-00904: "A": identificador no válido
ORA-06512: en "MRVMM.PKG_MRV_MANTENIMIENTO", línea 715
ORA-06512: en línea 1
5/02/2020 00:16:10: [Método: System.Collections.Generic.IEnumerable`1[T] Query[T](System.Data.IDbConnection, System.String, System.Object, System.Data.IDbTransaction, Boolean, System.Nullable`1[System.Int32], System.Nullable`1[System.Data.CommandType]), Línea: 0] - ORA-00904: "A": identificador no válido
ORA-06512: en "MRVMM.PKG_MRV_MANTENIMIENTO", línea 715
ORA-06512: en línea 1
5/02/2020 00:16:10: [Método: System.Collections.Generic.List`1[entidad.minem.gob.pe.UsuarioBE] BuscarMantenimientoUsuario(entidad.minem.gob.pe.UsuarioBE), Línea: 579] - ORA-00904: "A": identificador no válido
ORA-06512: en "MRVMM.PKG_MRV_MANTENIMIENTO", línea 715
ORA-06512: en línea 1
5/02/2020 00:19:17: [Método: Void HandleErrorHelper(Int32, Oracle.DataAccess.Client.OracleConnection, IntPtr, Oracle.DataAccess.Client.OpoSqlValCtx*, System.Object, System.String, Boolean, Int32), Línea: 0] - ORA-00905: falta una palabra clave
ORA-06512: en "MRVMM.PKG_MRV_MANTENIMIENTO", línea 750
ORA-06512: en línea 1
5/02/2020 00:19:17: [Método: Void HandleError(Int32, Oracle.DataAccess.Client.OracleConnection, System.String, IntPtr, Oracle.DataAccess.Client.OpoSqlValCtx*, System.Object, Boolean), Línea: 0] - ORA-00905: falta una palabra clave
ORA-06512: en "MRVMM.PKG_MRV_MANTENIMIENTO", línea 750
ORA-06512: en línea 1
5/02/2020 00:19:17: [Método: Oracle.DataAccess.Client.OracleDataReader ExecuteReader(Boolean, Boolean, System.Data.CommandBehavior), Línea: 0] - ORA-00905: falta una palabra clave
ORA-06512: en "MRVMM.PKG_MRV_MANTENIMIENTO", línea 750
ORA-06512: en línea 1
5/02/2020 00:19:17: [Método: System.Data.Common.DbDataReader ExecuteDbDataReader(System.Data.CommandBehavior), Línea: 0] - ORA-00905: falta una palabra clave
ORA-06512: en "MRVMM.PKG_MRV_MANTENIMIENTO", línea 750
ORA-06512: en línea 1
5/02/2020 00:19:17: [Método: System.Data.IDataReader ExecuteReaderWithFlagsFallback(System.Data.IDbCommand, Boolean, System.Data.CommandBehavior), Línea: 0] - ORA-00905: falta una palabra clave
ORA-06512: en "MRVMM.PKG_MRV_MANTENIMIENTO", línea 750
ORA-06512: en línea 1
5/02/2020 00:19:17: [Método: Boolean MoveNext(), Línea: 0] - ORA-00905: falta una palabra clave
ORA-06512: en "MRVMM.PKG_MRV_MANTENIMIENTO", línea 750
ORA-06512: en línea 1
5/02/2020 00:19:17: [Método: Void .ctor(System.Collections.Generic.IEnumerable`1[T]), Línea: 0] - ORA-00905: falta una palabra clave
ORA-06512: en "MRVMM.PKG_MRV_MANTENIMIENTO", línea 750
ORA-06512: en línea 1
5/02/2020 00:19:17: [Método: System.Collections.Generic.List`1[TSource] ToList[TSource](System.Collections.Generic.IEnumerable`1[TSource]), Línea: 0] - ORA-00905: falta una palabra clave
ORA-06512: en "MRVMM.PKG_MRV_MANTENIMIENTO", línea 750
ORA-06512: en línea 1
5/02/2020 00:19:17: [Método: System.Collections.Generic.IEnumerable`1[T] Query[T](System.Data.IDbConnection, System.String, System.Object, System.Data.IDbTransaction, Boolean, System.Nullable`1[System.Int32], System.Nullable`1[System.Data.CommandType]), Línea: 0] - ORA-00905: falta una palabra clave
ORA-06512: en "MRVMM.PKG_MRV_MANTENIMIENTO", línea 750
ORA-06512: en línea 1
5/02/2020 00:19:17: [Método: System.Collections.Generic.List`1[entidad.minem.gob.pe.UsuarioBE] BuscarMantenimientoUsuario(entidad.minem.gob.pe.UsuarioBE), Línea: 579] - ORA-00905: falta una palabra clave
ORA-06512: en "MRVMM.PKG_MRV_MANTENIMIENTO", línea 750
ORA-06512: en línea 1
5/02/2020 00:20:20: [Método: Void HandleErrorHelper(Int32, Oracle.DataAccess.Client.OracleConnection, IntPtr, Oracle.DataAccess.Client.OpoSqlValCtx*, System.Object, System.String, Boolean, Int32), Línea: 0] - ORA-00905: falta una palabra clave
ORA-06512: en "MRVMM.PKG_MRV_MANTENIMIENTO", línea 750
ORA-06512: en línea 1
5/02/2020 00:20:20: [Método: Void HandleError(Int32, Oracle.DataAccess.Client.OracleConnection, System.String, IntPtr, Oracle.DataAccess.Client.OpoSqlValCtx*, System.Object, Boolean), Línea: 0] - ORA-00905: falta una palabra clave
ORA-06512: en "MRVMM.PKG_MRV_MANTENIMIENTO", línea 750
ORA-06512: en línea 1
5/02/2020 00:20:20: [Método: Oracle.DataAccess.Client.OracleDataReader ExecuteReader(Boolean, Boolean, System.Data.CommandBehavior), Línea: 0] - ORA-00905: falta una palabra clave
ORA-06512: en "MRVMM.PKG_MRV_MANTENIMIENTO", línea 750
ORA-06512: en línea 1
5/02/2020 00:20:20: [Método: System.Data.Common.DbDataReader ExecuteDbDataReader(System.Data.CommandBehavior), Línea: 0] - ORA-00905: falta una palabra clave
ORA-06512: en "MRVMM.PKG_MRV_MANTENIMIENTO", línea 750
ORA-06512: en línea 1
5/02/2020 00:20:20: [Método: System.Data.IDataReader ExecuteReaderWithFlagsFallback(System.Data.IDbCommand, Boolean, System.Data.CommandBehavior), Línea: 0] - ORA-00905: falta una palabra clave
ORA-06512: en "MRVMM.PKG_MRV_MANTENIMIENTO", línea 750
ORA-06512: en línea 1
5/02/2020 00:20:20: [Método: Boolean MoveNext(), Línea: 0] - ORA-00905: falta una palabra clave
ORA-06512: en "MRVMM.PKG_MRV_MANTENIMIENTO", línea 750
ORA-06512: en línea 1
5/02/2020 00:20:20: [Método: Void .ctor(System.Collections.Generic.IEnumerable`1[T]), Línea: 0] - ORA-00905: falta una palabra clave
ORA-06512: en "MRVMM.PKG_MRV_MANTENIMIENTO", línea 750
ORA-06512: en línea 1
5/02/2020 00:20:20: [Método: System.Collections.Generic.List`1[TSource] ToList[TSource](System.Collections.Generic.IEnumerable`1[TSource]), Línea: 0] - ORA-00905: falta una palabra clave
ORA-06512: en "MRVMM.PKG_MRV_MANTENIMIENTO", línea 750
ORA-06512: en línea 1
5/02/2020 00:20:20: [Método: System.Collections.Generic.IEnumerable`1[T] Query[T](System.Data.IDbConnection, System.String, System.Object, System.Data.IDbTransaction, Boolean, System.Nullable`1[System.Int32], System.Nullable`1[System.Data.CommandType]), Línea: 0] - ORA-00905: falta una palabra clave
ORA-06512: en "MRVMM.PKG_MRV_MANTENIMIENTO", línea 750
ORA-06512: en línea 1
5/02/2020 00:20:20: [Método: System.Collections.Generic.List`1[entidad.minem.gob.pe.UsuarioBE] BuscarMantenimientoUsuario(entidad.minem.gob.pe.UsuarioBE), Línea: 579] - ORA-00905: falta una palabra clave
ORA-06512: en "MRVMM.PKG_MRV_MANTENIMIENTO", línea 750
ORA-06512: en línea 1
5/02/2020 00:22:25: [Método: Void HandleErrorHelper(Int32, Oracle.DataAccess.Client.OracleConnection, IntPtr, Oracle.DataAccess.Client.OpoSqlValCtx*, System.Object, System.String, Boolean, Int32), Línea: 0] - ORA-00936: falta una expresión
ORA-06512: en "MRVMM.PKG_MRV_MANTENIMIENTO", línea 750
ORA-06512: en línea 1
5/02/2020 00:22:25: [Método: Void HandleError(Int32, Oracle.DataAccess.Client.OracleConnection, System.String, IntPtr, Oracle.DataAccess.Client.OpoSqlValCtx*, System.Object, Boolean), Línea: 0] - ORA-00936: falta una expresión
ORA-06512: en "MRVMM.PKG_MRV_MANTENIMIENTO", línea 750
ORA-06512: en línea 1
5/02/2020 00:22:25: [Método: Oracle.DataAccess.Client.OracleDataReader ExecuteReader(Boolean, Boolean, System.Data.CommandBehavior), Línea: 0] - ORA-00936: falta una expresión
ORA-06512: en "MRVMM.PKG_MRV_MANTENIMIENTO", línea 750
ORA-06512: en línea 1
5/02/2020 00:22:25: [Método: System.Data.Common.DbDataReader ExecuteDbDataReader(System.Data.CommandBehavior), Línea: 0] - ORA-00936: falta una expresión
ORA-06512: en "MRVMM.PKG_MRV_MANTENIMIENTO", línea 750
ORA-06512: en línea 1
5/02/2020 00:22:25: [Método: System.Data.IDataReader ExecuteReaderWithFlagsFallback(System.Data.IDbCommand, Boolean, System.Data.CommandBehavior), Línea: 0] - ORA-00936: falta una expresión
ORA-06512: en "MRVMM.PKG_MRV_MANTENIMIENTO", línea 750
ORA-06512: en línea 1
5/02/2020 00:22:25: [Método: Boolean MoveNext(), Línea: 0] - ORA-00936: falta una expresión
ORA-06512: en "MRVMM.PKG_MRV_MANTENIMIENTO", línea 750
ORA-06512: en línea 1
5/02/2020 00:22:25: [Método: Void .ctor(System.Collections.Generic.IEnumerable`1[T]), Línea: 0] - ORA-00936: falta una expresión
ORA-06512: en "MRVMM.PKG_MRV_MANTENIMIENTO", línea 750
ORA-06512: en línea 1
5/02/2020 00:22:25: [Método: System.Collections.Generic.List`1[TSource] ToList[TSource](System.Collections.Generic.IEnumerable`1[TSource]), Línea: 0] - ORA-00936: falta una expresión
ORA-06512: en "MRVMM.PKG_MRV_MANTENIMIENTO", línea 750
ORA-06512: en línea 1
5/02/2020 00:22:25: [Método: System.Collections.Generic.IEnumerable`1[T] Query[T](System.Data.IDbConnection, System.String, System.Object, System.Data.IDbTransaction, Boolean, System.Nullable`1[System.Int32], System.Nullable`1[System.Data.CommandType]), Línea: 0] - ORA-00936: falta una expresión
ORA-06512: en "MRVMM.PKG_MRV_MANTENIMIENTO", línea 750
ORA-06512: en línea 1
5/02/2020 00:22:25: [Método: System.Collections.Generic.List`1[entidad.minem.gob.pe.UsuarioBE] BuscarMantenimientoUsuario(entidad.minem.gob.pe.UsuarioBE), Línea: 579] - ORA-00936: falta una expresión
ORA-06512: en "MRVMM.PKG_MRV_MANTENIMIENTO", línea 750
ORA-06512: en línea 1
5/02/2020 00:23:36: [Método: Void HandleErrorHelper(Int32, Oracle.DataAccess.Client.OracleConnection, IntPtr, Oracle.DataAccess.Client.OpoSqlValCtx*, System.Object, System.String, Boolean, Int32), Línea: 0] - ORA-00936: falta una expresión
ORA-06512: en "MRVMM.PKG_MRV_MANTENIMIENTO", línea 750
ORA-06512: en línea 1
5/02/2020 00:23:36: [Método: Void HandleError(Int32, Oracle.DataAccess.Client.OracleConnection, System.String, IntPtr, Oracle.DataAccess.Client.OpoSqlValCtx*, System.Object, Boolean), Línea: 0] - ORA-00936: falta una expresión
ORA-06512: en "MRVMM.PKG_MRV_MANTENIMIENTO", línea 750
ORA-06512: en línea 1
5/02/2020 00:23:36: [Método: Oracle.DataAccess.Client.OracleDataReader ExecuteReader(Boolean, Boolean, System.Data.CommandBehavior), Línea: 0] - ORA-00936: falta una expresión
ORA-06512: en "MRVMM.PKG_MRV_MANTENIMIENTO", línea 750
ORA-06512: en línea 1
5/02/2020 00:23:36: [Método: System.Data.Common.DbDataReader ExecuteDbDataReader(System.Data.CommandBehavior), Línea: 0] - ORA-00936: falta una expresión
ORA-06512: en "MRVMM.PKG_MRV_MANTENIMIENTO", línea 750
ORA-06512: en línea 1
5/02/2020 00:23:36: [Método: System.Data.IDataReader ExecuteReaderWithFlagsFallback(System.Data.IDbCommand, Boolean, System.Data.CommandBehavior), Línea: 0] - ORA-00936: falta una expresión
ORA-06512: en "MRVMM.PKG_MRV_MANTENIMIENTO", línea 750
ORA-06512: en línea 1
5/02/2020 00:23:36: [Método: Boolean MoveNext(), Línea: 0] - ORA-00936: falta una expresión
ORA-06512: en "MRVMM.PKG_MRV_MANTENIMIENTO", línea 750
ORA-06512: en línea 1
5/02/2020 00:23:36: [Método: Void .ctor(System.Collections.Generic.IEnumerable`1[T]), Línea: 0] - ORA-00936: falta una expresión
ORA-06512: en "MRVMM.PKG_MRV_MANTENIMIENTO", línea 750
ORA-06512: en línea 1
5/02/2020 00:23:36: [Método: System.Collections.Generic.List`1[TSource] ToList[TSource](System.Collections.Generic.IEnumerable`1[TSource]), Línea: 0] - ORA-00936: falta una expresión
ORA-06512: en "MRVMM.PKG_MRV_MANTENIMIENTO", línea 750
ORA-06512: en línea 1
5/02/2020 00:23:36: [Método: System.Collections.Generic.IEnumerable`1[T] Query[T](System.Data.IDbConnection, System.String, System.Object, System.Data.IDbTransaction, Boolean, System.Nullable`1[System.Int32], System.Nullable`1[System.Data.CommandType]), Línea: 0] - ORA-00936: falta una expresión
ORA-06512: en "MRVMM.PKG_MRV_MANTENIMIENTO", línea 750
ORA-06512: en línea 1
5/02/2020 00:23:36: [Método: System.Collections.Generic.List`1[entidad.minem.gob.pe.UsuarioBE] BuscarMantenimientoUsuario(entidad.minem.gob.pe.UsuarioBE), Línea: 579] - ORA-00936: falta una expresión
ORA-06512: en "MRVMM.PKG_MRV_MANTENIMIENTO", línea 750
ORA-06512: en línea 1
5/02/2020 00:27:48: [Método: Void HandleErrorHelper(Int32, Oracle.DataAccess.Client.OracleConnection, IntPtr, Oracle.DataAccess.Client.OpoSqlValCtx*, System.Object, System.String, Boolean, Int32), Línea: 0] - ORA-01476: el divisor es igual a cero
ORA-06512: en "MRVMM.PKG_MRV_INICIATIVA_MITIGACION", línea 650
ORA-06512: en línea 1
5/02/2020 00:27:48: [Método: Void HandleError(Int32, Oracle.DataAccess.Client.OracleConnection, System.String, IntPtr, Oracle.DataAccess.Client.OpoSqlValCtx*, System.Object, Boolean), Línea: 0] - ORA-01476: el divisor es igual a cero
ORA-06512: en "MRVMM.PKG_MRV_INICIATIVA_MITIGACION", línea 650
ORA-06512: en línea 1
5/02/2020 00:27:48: [Método: Oracle.DataAccess.Client.OracleDataReader ExecuteReader(Boolean, Boolean, System.Data.CommandBehavior), Línea: 0] - ORA-01476: el divisor es igual a cero
ORA-06512: en "MRVMM.PKG_MRV_INICIATIVA_MITIGACION", línea 650
ORA-06512: en línea 1
5/02/2020 00:27:48: [Método: System.Data.Common.DbDataReader ExecuteDbDataReader(System.Data.CommandBehavior), Línea: 0] - ORA-01476: el divisor es igual a cero
ORA-06512: en "MRVMM.PKG_MRV_INICIATIVA_MITIGACION", línea 650
ORA-06512: en línea 1
5/02/2020 00:27:48: [Método: System.Data.IDataReader ExecuteReaderWithFlagsFallback(System.Data.IDbCommand, Boolean, System.Data.CommandBehavior), Línea: 0] - ORA-01476: el divisor es igual a cero
ORA-06512: en "MRVMM.PKG_MRV_INICIATIVA_MITIGACION", línea 650
ORA-06512: en línea 1
5/02/2020 00:27:48: [Método: Boolean MoveNext(), Línea: 0] - ORA-01476: el divisor es igual a cero
ORA-06512: en "MRVMM.PKG_MRV_INICIATIVA_MITIGACION", línea 650
ORA-06512: en línea 1
5/02/2020 00:27:48: [Método: Void .ctor(System.Collections.Generic.IEnumerable`1[T]), Línea: 0] - ORA-01476: el divisor es igual a cero
ORA-06512: en "MRVMM.PKG_MRV_INICIATIVA_MITIGACION", línea 650
ORA-06512: en línea 1
5/02/2020 00:27:48: [Método: System.Collections.Generic.List`1[TSource] ToList[TSource](System.Collections.Generic.IEnumerable`1[TSource]), Línea: 0] - ORA-01476: el divisor es igual a cero
ORA-06512: en "MRVMM.PKG_MRV_INICIATIVA_MITIGACION", línea 650
ORA-06512: en línea 1
5/02/2020 00:27:48: [Método: System.Collections.Generic.IEnumerable`1[T] Query[T](System.Data.IDbConnection, System.String, System.Object, System.Data.IDbTransaction, Boolean, System.Nullable`1[System.Int32], System.Nullable`1[System.Data.CommandType]), Línea: 0] - ORA-01476: el divisor es igual a cero
ORA-06512: en "MRVMM.PKG_MRV_INICIATIVA_MITIGACION", línea 650
ORA-06512: en línea 1
5/02/2020 00:27:48: [Método: System.Collections.Generic.List`1[entidad.minem.gob.pe.IniciativaBE] ListaIniciativaGeneral(entidad.minem.gob.pe.IniciativaBE), Línea: 97] - ORA-01476: el divisor es igual a cero
ORA-06512: en "MRVMM.PKG_MRV_INICIATIVA_MITIGACION", línea 650
ORA-06512: en línea 1
5/02/2020 00:31:57: [Método: Void HandleErrorHelper(Int32, Oracle.DataAccess.Client.OracleConnection, IntPtr, Oracle.DataAccess.Client.OpoSqlValCtx*, System.Object, System.String, Boolean, Int32), Línea: 0] - ORA-00918: columna definida de forma ambigua
ORA-06512: en "MRVMM.PKG_MRV_MANTENIMIENTO", línea 750
ORA-06512: en línea 1
5/02/2020 00:31:57: [Método: Void HandleError(Int32, Oracle.DataAccess.Client.OracleConnection, System.String, IntPtr, Oracle.DataAccess.Client.OpoSqlValCtx*, System.Object, Boolean), Línea: 0] - ORA-00918: columna definida de forma ambigua
ORA-06512: en "MRVMM.PKG_MRV_MANTENIMIENTO", línea 750
ORA-06512: en línea 1
5/02/2020 00:31:57: [Método: Oracle.DataAccess.Client.OracleDataReader ExecuteReader(Boolean, Boolean, System.Data.CommandBehavior), Línea: 0] - ORA-00918: columna definida de forma ambigua
ORA-06512: en "MRVMM.PKG_MRV_MANTENIMIENTO", línea 750
ORA-06512: en línea 1
5/02/2020 00:31:57: [Método: System.Data.Common.DbDataReader ExecuteDbDataReader(System.Data.CommandBehavior), Línea: 0] - ORA-00918: columna definida de forma ambigua
ORA-06512: en "MRVMM.PKG_MRV_MANTENIMIENTO", línea 750
ORA-06512: en línea 1
5/02/2020 00:31:57: [Método: System.Data.IDataReader ExecuteReaderWithFlagsFallback(System.Data.IDbCommand, Boolean, System.Data.CommandBehavior), Línea: 0] - ORA-00918: columna definida de forma ambigua
ORA-06512: en "MRVMM.PKG_MRV_MANTENIMIENTO", línea 750
ORA-06512: en línea 1
5/02/2020 00:31:57: [Método: Boolean MoveNext(), Línea: 0] - ORA-00918: columna definida de forma ambigua
ORA-06512: en "MRVMM.PKG_MRV_MANTENIMIENTO", línea 750
ORA-06512: en línea 1
5/02/2020 00:31:57: [Método: Void .ctor(System.Collections.Generic.IEnumerable`1[T]), Línea: 0] - ORA-00918: columna definida de forma ambigua
ORA-06512: en "MRVMM.PKG_MRV_MANTENIMIENTO", línea 750
ORA-06512: en línea 1
5/02/2020 00:31:57: [Método: System.Collections.Generic.List`1[TSource] ToList[TSource](System.Collections.Generic.IEnumerable`1[TSource]), Línea: 0] - ORA-00918: columna definida de forma ambigua
ORA-06512: en "MRVMM.PKG_MRV_MANTENIMIENTO", línea 750
ORA-06512: en línea 1
5/02/2020 00:31:57: [Método: System.Collections.Generic.IEnumerable`1[T] Query[T](System.Data.IDbConnection, System.String, System.Object, System.Data.IDbTransaction, Boolean, System.Nullable`1[System.Int32], System.Nullable`1[System.Data.CommandType]), Línea: 0] - ORA-00918: columna definida de forma ambigua
ORA-06512: en "MRVMM.PKG_MRV_MANTENIMIENTO", línea 750
ORA-06512: en línea 1
5/02/2020 00:31:57: [Método: System.Collections.Generic.List`1[entidad.minem.gob.pe.UsuarioBE] BuscarMantenimientoUsuario(entidad.minem.gob.pe.UsuarioBE), Línea: 579] - ORA-00918: columna definida de forma ambigua
ORA-06512: en "MRVMM.PKG_MRV_MANTENIMIENTO", línea 750
ORA-06512: en línea 1
5/02/2020 00:32:35: [Método: Void HandleErrorHelper(Int32, Oracle.DataAccess.Client.OracleConnection, IntPtr, Oracle.DataAccess.Client.OpoSqlValCtx*, System.Object, System.String, Boolean, Int32), Línea: 0] - ORA-00918: columna definida de forma ambigua
ORA-06512: en "MRVMM.PKG_MRV_MANTENIMIENTO", línea 750
ORA-06512: en línea 1
5/02/2020 00:32:35: [Método: Void HandleError(Int32, Oracle.DataAccess.Client.OracleConnection, System.String, IntPtr, Oracle.DataAccess.Client.OpoSqlValCtx*, System.Object, Boolean), Línea: 0] - ORA-00918: columna definida de forma ambigua
ORA-06512: en "MRVMM.PKG_MRV_MANTENIMIENTO", línea 750
ORA-06512: en línea 1
5/02/2020 00:32:35: [Método: Oracle.DataAccess.Client.OracleDataReader ExecuteReader(Boolean, Boolean, System.Data.CommandBehavior), Línea: 0] - ORA-00918: columna definida de forma ambigua
ORA-06512: en "MRVMM.PKG_MRV_MANTENIMIENTO", línea 750
ORA-06512: en línea 1
5/02/2020 00:32:35: [Método: System.Data.Common.DbDataReader ExecuteDbDataReader(System.Data.CommandBehavior), Línea: 0] - ORA-00918: columna definida de forma ambigua
ORA-06512: en "MRVMM.PKG_MRV_MANTENIMIENTO", línea 750
ORA-06512: en línea 1
5/02/2020 00:32:35: [Método: System.Data.IDataReader ExecuteReaderWithFlagsFallback(System.Data.IDbCommand, Boolean, System.Data.CommandBehavior), Línea: 0] - ORA-00918: columna definida de forma ambigua
ORA-06512: en "MRVMM.PKG_MRV_MANTENIMIENTO", línea 750
ORA-06512: en línea 1
5/02/2020 00:32:35: [Método: Boolean MoveNext(), Línea: 0] - ORA-00918: columna definida de forma ambigua
ORA-06512: en "MRVMM.PKG_MRV_MANTENIMIENTO", línea 750
ORA-06512: en línea 1
5/02/2020 00:32:35: [Método: Void .ctor(System.Collections.Generic.IEnumerable`1[T]), Línea: 0] - ORA-00918: columna definida de forma ambigua
ORA-06512: en "MRVMM.PKG_MRV_MANTENIMIENTO", línea 750
ORA-06512: en línea 1
5/02/2020 00:32:35: [Método: System.Collections.Generic.List`1[TSource] ToList[TSource](System.Collections.Generic.IEnumerable`1[TSource]), Línea: 0] - ORA-00918: columna definida de forma ambigua
ORA-06512: en "MRVMM.PKG_MRV_MANTENIMIENTO", línea 750
ORA-06512: en línea 1
5/02/2020 00:32:35: [Método: System.Collections.Generic.IEnumerable`1[T] Query[T](System.Data.IDbConnection, System.String, System.Object, System.Data.IDbTransaction, Boolean, System.Nullable`1[System.Int32], System.Nullable`1[System.Data.CommandType]), Línea: 0] - ORA-00918: columna definida de forma ambigua
ORA-06512: en "MRVMM.PKG_MRV_MANTENIMIENTO", línea 750
ORA-06512: en línea 1
5/02/2020 00:32:35: [Método: System.Collections.Generic.List`1[entidad.minem.gob.pe.UsuarioBE] BuscarMantenimientoUsuario(entidad.minem.gob.pe.UsuarioBE), Línea: 579] - ORA-00918: columna definida de forma ambigua
ORA-06512: en "MRVMM.PKG_MRV_MANTENIMIENTO", línea 750
ORA-06512: en línea 1
5/02/2020 00:38:48: [Método: Void HandleErrorHelper(Int32, Oracle.DataAccess.Client.OracleConnection, IntPtr, Oracle.DataAccess.Client.OpoSqlValCtx*, System.Object, System.String, Boolean, Int32), Línea: 0] - ORA-01476: el divisor es igual a cero
ORA-06512: en "MRVMM.PKG_MRV_INICIATIVA_MITIGACION", línea 650
ORA-06512: en línea 1
5/02/2020 00:38:48: [Método: Void HandleError(Int32, Oracle.DataAccess.Client.OracleConnection, System.String, IntPtr, Oracle.DataAccess.Client.OpoSqlValCtx*, System.Object, Boolean), Línea: 0] - ORA-01476: el divisor es igual a cero
ORA-06512: en "MRVMM.PKG_MRV_INICIATIVA_MITIGACION", línea 650
ORA-06512: en línea 1
5/02/2020 00:38:48: [Método: Oracle.DataAccess.Client.OracleDataReader ExecuteReader(Boolean, Boolean, System.Data.CommandBehavior), Línea: 0] - ORA-01476: el divisor es igual a cero
ORA-06512: en "MRVMM.PKG_MRV_INICIATIVA_MITIGACION", línea 650
ORA-06512: en línea 1
5/02/2020 00:38:48: [Método: System.Data.Common.DbDataReader ExecuteDbDataReader(System.Data.CommandBehavior), Línea: 0] - ORA-01476: el divisor es igual a cero
ORA-06512: en "MRVMM.PKG_MRV_INICIATIVA_MITIGACION", línea 650
ORA-06512: en línea 1
5/02/2020 00:38:48: [Método: System.Data.IDataReader ExecuteReaderWithFlagsFallback(System.Data.IDbCommand, Boolean, System.Data.CommandBehavior), Línea: 0] - ORA-01476: el divisor es igual a cero
ORA-06512: en "MRVMM.PKG_MRV_INICIATIVA_MITIGACION", línea 650
ORA-06512: en línea 1
5/02/2020 00:38:48: [Método: Boolean MoveNext(), Línea: 0] - ORA-01476: el divisor es igual a cero
ORA-06512: en "MRVMM.PKG_MRV_INICIATIVA_MITIGACION", línea 650
ORA-06512: en línea 1
5/02/2020 00:38:48: [Método: Void .ctor(System.Collections.Generic.IEnumerable`1[T]), Línea: 0] - ORA-01476: el divisor es igual a cero
ORA-06512: en "MRVMM.PKG_MRV_INICIATIVA_MITIGACION", línea 650
ORA-06512: en línea 1
5/02/2020 00:38:48: [Método: System.Collections.Generic.List`1[TSource] ToList[TSource](System.Collections.Generic.IEnumerable`1[TSource]), Línea: 0] - ORA-01476: el divisor es igual a cero
ORA-06512: en "MRVMM.PKG_MRV_INICIATIVA_MITIGACION", línea 650
ORA-06512: en línea 1
5/02/2020 00:38:48: [Método: System.Collections.Generic.IEnumerable`1[T] Query[T](System.Data.IDbConnection, System.String, System.Object, System.Data.IDbTransaction, Boolean, System.Nullable`1[System.Int32], System.Nullable`1[System.Data.CommandType]), Línea: 0] - ORA-01476: el divisor es igual a cero
ORA-06512: en "MRVMM.PKG_MRV_INICIATIVA_MITIGACION", línea 650
ORA-06512: en línea 1
5/02/2020 00:38:48: [Método: System.Collections.Generic.List`1[entidad.minem.gob.pe.IniciativaBE] ListaIniciativaGeneral(entidad.minem.gob.pe.IniciativaBE), Línea: 97] - ORA-01476: el divisor es igual a cero
ORA-06512: en "MRVMM.PKG_MRV_INICIATIVA_MITIGACION", línea 650
ORA-06512: en línea 1
5/02/2020 01:24:47: [Método: Void HandleErrorHelper(Int32, Oracle.DataAccess.Client.OracleConnection, IntPtr, Oracle.DataAccess.Client.OpoSqlValCtx*, System.Object, System.String, Boolean, Int32), Línea: 0] - ORA-01476: el divisor es igual a cero
ORA-06512: en "MRVMM.PKG_MRV_INICIATIVA_MITIGACION", línea 650
ORA-06512: en línea 1
5/02/2020 01:24:47: [Método: Void HandleError(Int32, Oracle.DataAccess.Client.OracleConnection, System.String, IntPtr, Oracle.DataAccess.Client.OpoSqlValCtx*, System.Object, Boolean), Línea: 0] - ORA-01476: el divisor es igual a cero
ORA-06512: en "MRVMM.PKG_MRV_INICIATIVA_MITIGACION", línea 650
ORA-06512: en línea 1
5/02/2020 01:24:47: [Método: Oracle.DataAccess.Client.OracleDataReader ExecuteReader(Boolean, Boolean, System.Data.CommandBehavior), Línea: 0] - ORA-01476: el divisor es igual a cero
ORA-06512: en "MRVMM.PKG_MRV_INICIATIVA_MITIGACION", línea 650
ORA-06512: en línea 1
5/02/2020 01:24:47: [Método: System.Data.Common.DbDataReader ExecuteDbDataReader(System.Data.CommandBehavior), Línea: 0] - ORA-01476: el divisor es igual a cero
ORA-06512: en "MRVMM.PKG_MRV_INICIATIVA_MITIGACION", línea 650
ORA-06512: en línea 1
5/02/2020 01:24:47: [Método: System.Data.IDataReader ExecuteReaderWithFlagsFallback(System.Data.IDbCommand, Boolean, System.Data.CommandBehavior), Línea: 0] - ORA-01476: el divisor es igual a cero
ORA-06512: en "MRVMM.PKG_MRV_INICIATIVA_MITIGACION", línea 650
ORA-06512: en línea 1
5/02/2020 01:24:47: [Método: Boolean MoveNext(), Línea: 0] - ORA-01476: el divisor es igual a cero
ORA-06512: en "MRVMM.PKG_MRV_INICIATIVA_MITIGACION", línea 650
ORA-06512: en línea 1
5/02/2020 01:24:47: [Método: Void .ctor(System.Collections.Generic.IEnumerable`1[T]), Línea: 0] - ORA-01476: el divisor es igual a cero
ORA-06512: en "MRVMM.PKG_MRV_INICIATIVA_MITIGACION", línea 650
ORA-06512: en línea 1
5/02/2020 01:24:47: [Método: System.Collections.Generic.List`1[TSource] ToList[TSource](System.Collections.Generic.IEnumerable`1[TSource]), Línea: 0] - ORA-01476: el divisor es igual a cero
ORA-06512: en "MRVMM.PKG_MRV_INICIATIVA_MITIGACION", línea 650
ORA-06512: en línea 1
5/02/2020 01:24:47: [Método: System.Collections.Generic.IEnumerable`1[T] Query[T](System.Data.IDbConnection, System.String, System.Object, System.Data.IDbTransaction, Boolean, System.Nullable`1[System.Int32], System.Nullable`1[System.Data.CommandType]), Línea: 0] - ORA-01476: el divisor es igual a cero
ORA-06512: en "MRVMM.PKG_MRV_INICIATIVA_MITIGACION", línea 650
ORA-06512: en línea 1
5/02/2020 01:24:47: [Método: System.Collections.Generic.List`1[entidad.minem.gob.pe.IniciativaBE] ListaIniciativaGeneral(entidad.minem.gob.pe.IniciativaBE), Línea: 97] - ORA-01476: el divisor es igual a cero
ORA-06512: en "MRVMM.PKG_MRV_INICIATIVA_MITIGACION", línea 650
ORA-06512: en línea 1
5/02/2020 01:31:36: [Método: Void HandleErrorHelper(Int32, Oracle.DataAccess.Client.OracleConnection, IntPtr, Oracle.DataAccess.Client.OpoSqlValCtx*, System.Object, System.String, Boolean, Int32), Línea: 0] - ORA-01476: el divisor es igual a cero
ORA-06512: en "MRVMM.PKG_MRV_INICIATIVA_MITIGACION", línea 650
ORA-06512: en línea 1
5/02/2020 01:31:36: [Método: Void HandleError(Int32, Oracle.DataAccess.Client.OracleConnection, System.String, IntPtr, Oracle.DataAccess.Client.OpoSqlValCtx*, System.Object, Boolean), Línea: 0] - ORA-01476: el divisor es igual a cero
ORA-06512: en "MRVMM.PKG_MRV_INICIATIVA_MITIGACION", línea 650
ORA-06512: en línea 1
5/02/2020 01:31:36: [Método: Oracle.DataAccess.Client.OracleDataReader ExecuteReader(Boolean, Boolean, System.Data.CommandBehavior), Línea: 0] - ORA-01476: el divisor es igual a cero
ORA-06512: en "MRVMM.PKG_MRV_INICIATIVA_MITIGACION", línea 650
ORA-06512: en línea 1
5/02/2020 01:31:36: [Método: System.Data.Common.DbDataReader ExecuteDbDataReader(System.Data.CommandBehavior), Línea: 0] - ORA-01476: el divisor es igual a cero
ORA-06512: en "MRVMM.PKG_MRV_INICIATIVA_MITIGACION", línea 650
ORA-06512: en línea 1
5/02/2020 01:31:36: [Método: System.Data.IDataReader ExecuteReaderWithFlagsFallback(System.Data.IDbCommand, Boolean, System.Data.CommandBehavior), Línea: 0] - ORA-01476: el divisor es igual a cero
ORA-06512: en "MRVMM.PKG_MRV_INICIATIVA_MITIGACION", línea 650
ORA-06512: en línea 1
5/02/2020 01:31:36: [Método: Boolean MoveNext(), Línea: 0] - ORA-01476: el divisor es igual a cero
ORA-06512: en "MRVMM.PKG_MRV_INICIATIVA_MITIGACION", línea 650
ORA-06512: en línea 1
5/02/2020 01:31:36: [Método: Void .ctor(System.Collections.Generic.IEnumerable`1[T]), Línea: 0] - ORA-01476: el divisor es igual a cero
ORA-06512: en "MRVMM.PKG_MRV_INICIATIVA_MITIGACION", línea 650
ORA-06512: en línea 1
5/02/2020 01:31:36: [Método: System.Collections.Generic.List`1[TSource] ToList[TSource](System.Collections.Generic.IEnumerable`1[TSource]), Línea: 0] - ORA-01476: el divisor es igual a cero
ORA-06512: en "MRVMM.PKG_MRV_INICIATIVA_MITIGACION", línea 650
ORA-06512: en línea 1
5/02/2020 01:31:36: [Método: System.Collections.Generic.IEnumerable`1[T] Query[T](System.Data.IDbConnection, System.String, System.Object, System.Data.IDbTransaction, Boolean, System.Nullable`1[System.Int32], System.Nullable`1[System.Data.CommandType]), Línea: 0] - ORA-01476: el divisor es igual a cero
ORA-06512: en "MRVMM.PKG_MRV_INICIATIVA_MITIGACION", línea 650
ORA-06512: en línea 1
5/02/2020 01:31:36: [Método: System.Collections.Generic.List`1[entidad.minem.gob.pe.IniciativaBE] ListaIniciativaGeneral(entidad.minem.gob.pe.IniciativaBE), Línea: 97] - ORA-01476: el divisor es igual a cero
ORA-06512: en "MRVMM.PKG_MRV_INICIATIVA_MITIGACION", línea 650
ORA-06512: en línea 1
5/02/2020 01:32:53: [Método: Void HandleErrorHelper(Int32, Oracle.DataAccess.Client.OracleConnection, IntPtr, Oracle.DataAccess.Client.OpoSqlValCtx*, System.Object, System.String, Boolean, Int32), Línea: 0] - ORA-01476: el divisor es igual a cero
ORA-06512: en "MRVMM.PKG_MRV_INICIATIVA_MITIGACION", línea 650
ORA-06512: en línea 1
5/02/2020 01:32:53: [Método: Void HandleError(Int32, Oracle.DataAccess.Client.OracleConnection, System.String, IntPtr, Oracle.DataAccess.Client.OpoSqlValCtx*, System.Object, Boolean), Línea: 0] - ORA-01476: el divisor es igual a cero
ORA-06512: en "MRVMM.PKG_MRV_INICIATIVA_MITIGACION", línea 650
ORA-06512: en línea 1
5/02/2020 01:32:53: [Método: Oracle.DataAccess.Client.OracleDataReader ExecuteReader(Boolean, Boolean, System.Data.CommandBehavior), Línea: 0] - ORA-01476: el divisor es igual a cero
ORA-06512: en "MRVMM.PKG_MRV_INICIATIVA_MITIGACION", línea 650
ORA-06512: en línea 1
5/02/2020 01:32:53: [Método: System.Data.Common.DbDataReader ExecuteDbDataReader(System.Data.CommandBehavior), Línea: 0] - ORA-01476: el divisor es igual a cero
ORA-06512: en "MRVMM.PKG_MRV_INICIATIVA_MITIGACION", línea 650
ORA-06512: en línea 1
5/02/2020 01:32:53: [Método: System.Data.IDataReader ExecuteReaderWithFlagsFallback(System.Data.IDbCommand, Boolean, System.Data.CommandBehavior), Línea: 0] - ORA-01476: el divisor es igual a cero
ORA-06512: en "MRVMM.PKG_MRV_INICIATIVA_MITIGACION", línea 650
ORA-06512: en línea 1
5/02/2020 01:32:53: [Método: Boolean MoveNext(), Línea: 0] - ORA-01476: el divisor es igual a cero
ORA-06512: en "MRVMM.PKG_MRV_INICIATIVA_MITIGACION", línea 650
ORA-06512: en línea 1
5/02/2020 01:32:53: [Método: Void .ctor(System.Collections.Generic.IEnumerable`1[T]), Línea: 0] - ORA-01476: el divisor es igual a cero
ORA-06512: en "MRVMM.PKG_MRV_INICIATIVA_MITIGACION", línea 650
ORA-06512: en línea 1
5/02/2020 01:32:53: [Método: System.Collections.Generic.List`1[TSource] ToList[TSource](System.Collections.Generic.IEnumerable`1[TSource]), Línea: 0] - ORA-01476: el divisor es igual a cero
ORA-06512: en "MRVMM.PKG_MRV_INICIATIVA_MITIGACION", línea 650
ORA-06512: en línea 1
5/02/2020 01:32:53: [Método: System.Collections.Generic.IEnumerable`1[T] Query[T](System.Data.IDbConnection, System.String, System.Object, System.Data.IDbTransaction, Boolean, System.Nullable`1[System.Int32], System.Nullable`1[System.Data.CommandType]), Línea: 0] - ORA-01476: el divisor es igual a cero
ORA-06512: en "MRVMM.PKG_MRV_INICIATIVA_MITIGACION", línea 650
ORA-06512: en línea 1
5/02/2020 01:32:53: [Método: System.Collections.Generic.List`1[entidad.minem.gob.pe.IniciativaBE] ListaIniciativaGeneral(entidad.minem.gob.pe.IniciativaBE), Línea: 97] - ORA-01476: el divisor es igual a cero
ORA-06512: en "MRVMM.PKG_MRV_INICIATIVA_MITIGACION", línea 650
ORA-06512: en línea 1
5/02/2020 03:28:28: [Método: Void HandleErrorHelper(Int32, Oracle.DataAccess.Client.OracleConnection, IntPtr, Oracle.DataAccess.Client.OpoSqlValCtx*, System.Object, System.String, Boolean, Int32, Oracle.DataAccess.Client.OracleLogicalTransaction), Línea: 0] - ORA-01476: divisor is equal to zero
ORA-06512: at "MRVMM.PKG_MRV_INICIATIVA_MITIGACION", line 651
ORA-06512: at line 1
5/02/2020 03:28:28: [Método: Void HandleError(Int32, Oracle.DataAccess.Client.OracleConnection, System.String, IntPtr, Oracle.DataAccess.Client.OpoSqlValCtx*, System.Object, Boolean, Oracle.DataAccess.Client.OracleLogicalTransaction), Línea: 0] - ORA-01476: divisor is equal to zero
ORA-06512: at "MRVMM.PKG_MRV_INICIATIVA_MITIGACION", line 651
ORA-06512: at line 1
5/02/2020 03:28:28: [Método: Oracle.DataAccess.Client.OracleDataReader ExecuteReader(Boolean, Boolean, System.Data.CommandBehavior), Línea: 0] - ORA-01476: divisor is equal to zero
ORA-06512: at "MRVMM.PKG_MRV_INICIATIVA_MITIGACION", line 651
ORA-06512: at line 1
5/02/2020 03:28:28: [Método: System.Data.Common.DbDataReader ExecuteDbDataReader(System.Data.CommandBehavior), Línea: 0] - ORA-01476: divisor is equal to zero
ORA-06512: at "MRVMM.PKG_MRV_INICIATIVA_MITIGACION", line 651
ORA-06512: at line 1
5/02/2020 03:28:28: [Método: System.Data.IDataReader ExecuteReaderWithFlagsFallback(System.Data.IDbCommand, Boolean, System.Data.CommandBehavior), Línea: 0] - ORA-01476: divisor is equal to zero
ORA-06512: at "MRVMM.PKG_MRV_INICIATIVA_MITIGACION", line 651
ORA-06512: at line 1
5/02/2020 03:28:28: [Método: Boolean MoveNext(), Línea: 0] - ORA-01476: divisor is equal to zero
ORA-06512: at "MRVMM.PKG_MRV_INICIATIVA_MITIGACION", line 651
ORA-06512: at line 1
5/02/2020 03:28:28: [Método: Void .ctor(System.Collections.Generic.IEnumerable`1[T]), Línea: 0] - ORA-01476: divisor is equal to zero
ORA-06512: at "MRVMM.PKG_MRV_INICIATIVA_MITIGACION", line 651
ORA-06512: at line 1
5/02/2020 03:28:28: [Método: System.Collections.Generic.List`1[TSource] ToList[TSource](System.Collections.Generic.IEnumerable`1[TSource]), Línea: 0] - ORA-01476: divisor is equal to zero
ORA-06512: at "MRVMM.PKG_MRV_INICIATIVA_MITIGACION", line 651
ORA-06512: at line 1
5/02/2020 03:28:28: [Método: System.Collections.Generic.IEnumerable`1[T] Query[T](System.Data.IDbConnection, System.String, System.Object, System.Data.IDbTransaction, Boolean, System.Nullable`1[System.Int32], System.Nullable`1[System.Data.CommandType]), Línea: 0] - ORA-01476: divisor is equal to zero
ORA-06512: at "MRVMM.PKG_MRV_INICIATIVA_MITIGACION", line 651
ORA-06512: at line 1
5/02/2020 03:28:28: [Método: System.Collections.Generic.List`1[entidad.minem.gob.pe.IniciativaBE] ListaIniciativaGeneral(entidad.minem.gob.pe.IniciativaBE), Línea: 97] - ORA-01476: divisor is equal to zero
ORA-06512: at "MRVMM.PKG_MRV_INICIATIVA_MITIGACION", line 651
ORA-06512: at line 1
5/02/2020 03:28:56: [Método: Void HandleErrorHelper(Int32, Oracle.DataAccess.Client.OracleConnection, IntPtr, Oracle.DataAccess.Client.OpoSqlValCtx*, System.Object, System.String, Boolean, Int32, Oracle.DataAccess.Client.OracleLogicalTransaction), Línea: 0] - ORA-06550: line 1, column 35:
PLS-00302: component 'USP_SEL_BUSCAR_USUARIO_MANT' must be declared
ORA-06550: line 1, column 7:
PL/SQL: Statement ignored
5/02/2020 03:28:56: [Método: Void HandleError(Int32, Oracle.DataAccess.Client.OracleConnection, System.String, IntPtr, Oracle.DataAccess.Client.OpoSqlValCtx*, System.Object, Boolean, Oracle.DataAccess.Client.OracleLogicalTransaction), Línea: 0] - ORA-06550: line 1, column 35:
PLS-00302: component 'USP_SEL_BUSCAR_USUARIO_MANT' must be declared
ORA-06550: line 1, column 7:
PL/SQL: Statement ignored
5/02/2020 03:28:56: [Método: Oracle.DataAccess.Client.OracleDataReader ExecuteReader(Boolean, Boolean, System.Data.CommandBehavior), Línea: 0] - ORA-06550: line 1, column 35:
PLS-00302: component 'USP_SEL_BUSCAR_USUARIO_MANT' must be declared
ORA-06550: line 1, column 7:
PL/SQL: Statement ignored
5/02/2020 03:28:56: [Método: System.Data.Common.DbDataReader ExecuteDbDataReader(System.Data.CommandBehavior), Línea: 0] - ORA-06550: line 1, column 35:
PLS-00302: component 'USP_SEL_BUSCAR_USUARIO_MANT' must be declared
ORA-06550: line 1, column 7:
PL/SQL: Statement ignored
5/02/2020 03:28:56: [Método: System.Data.IDataReader ExecuteReaderWithFlagsFallback(System.Data.IDbCommand, Boolean, System.Data.CommandBehavior), Línea: 0] - ORA-06550: line 1, column 35:
PLS-00302: component 'USP_SEL_BUSCAR_USUARIO_MANT' must be declared
ORA-06550: line 1, column 7:
PL/SQL: Statement ignored
5/02/2020 03:28:56: [Método: Boolean MoveNext(), Línea: 0] - ORA-06550: line 1, column 35:
PLS-00302: component 'USP_SEL_BUSCAR_USUARIO_MANT' must be declared
ORA-06550: line 1, column 7:
PL/SQL: Statement ignored
5/02/2020 03:28:56: [Método: Void .ctor(System.Collections.Generic.IEnumerable`1[T]), Línea: 0] - ORA-06550: line 1, column 35:
PLS-00302: component 'USP_SEL_BUSCAR_USUARIO_MANT' must be declared
ORA-06550: line 1, column 7:
PL/SQL: Statement ignored
5/02/2020 03:28:56: [Método: System.Collections.Generic.List`1[TSource] ToList[TSource](System.Collections.Generic.IEnumerable`1[TSource]), Línea: 0] - ORA-06550: line 1, column 35:
PLS-00302: component 'USP_SEL_BUSCAR_USUARIO_MANT' must be declared
ORA-06550: line 1, column 7:
PL/SQL: Statement ignored
5/02/2020 03:28:56: [Método: System.Collections.Generic.IEnumerable`1[T] Query[T](System.Data.IDbConnection, System.String, System.Object, System.Data.IDbTransaction, Boolean, System.Nullable`1[System.Int32], System.Nullable`1[System.Data.CommandType]), Línea: 0] - ORA-06550: line 1, column 35:
PLS-00302: component 'USP_SEL_BUSCAR_USUARIO_MANT' must be declared
ORA-06550: line 1, column 7:
PL/SQL: Statement ignored
5/02/2020 03:28:56: [Método: System.Collections.Generic.List`1[entidad.minem.gob.pe.UsuarioBE] BuscarMantenimientoUsuario(entidad.minem.gob.pe.UsuarioBE), Línea: 582] - ORA-06550: line 1, column 35:
PLS-00302: component 'USP_SEL_BUSCAR_USUARIO_MANT' must be declared
ORA-06550: line 1, column 7:
PL/SQL: Statement ignored
5/02/2020 03:29:47: [Método: Void HandleErrorHelper(Int32, Oracle.DataAccess.Client.OracleConnection, IntPtr, Oracle.DataAccess.Client.OpoSqlValCtx*, System.Object, System.String, Boolean, Int32, Oracle.DataAccess.Client.OracleLogicalTransaction), Línea: 0] - ORA-06550: line 1, column 35:
PLS-00302: component 'USP_SEL_BUSCAR_USUARIO_MANT' must be declared
ORA-06550: line 1, column 7:
PL/SQL: Statement ignored
5/02/2020 03:29:47: [Método: Void HandleError(Int32, Oracle.DataAccess.Client.OracleConnection, System.String, IntPtr, Oracle.DataAccess.Client.OpoSqlValCtx*, System.Object, Boolean, Oracle.DataAccess.Client.OracleLogicalTransaction), Línea: 0] - ORA-06550: line 1, column 35:
PLS-00302: component 'USP_SEL_BUSCAR_USUARIO_MANT' must be declared
ORA-06550: line 1, column 7:
PL/SQL: Statement ignored
5/02/2020 03:29:47: [Método: Oracle.DataAccess.Client.OracleDataReader ExecuteReader(Boolean, Boolean, System.Data.CommandBehavior), Línea: 0] - ORA-06550: line 1, column 35:
PLS-00302: component 'USP_SEL_BUSCAR_USUARIO_MANT' must be declared
ORA-06550: line 1, column 7:
PL/SQL: Statement ignored
5/02/2020 03:29:47: [Método: System.Data.Common.DbDataReader ExecuteDbDataReader(System.Data.CommandBehavior), Línea: 0] - ORA-06550: line 1, column 35:
PLS-00302: component 'USP_SEL_BUSCAR_USUARIO_MANT' must be declared
ORA-06550: line 1, column 7:
PL/SQL: Statement ignored
5/02/2020 03:29:47: [Método: System.Data.IDataReader ExecuteReaderWithFlagsFallback(System.Data.IDbCommand, Boolean, System.Data.CommandBehavior), Línea: 0] - ORA-06550: line 1, column 35:
PLS-00302: component 'USP_SEL_BUSCAR_USUARIO_MANT' must be declared
ORA-06550: line 1, column 7:
PL/SQL: Statement ignored
5/02/2020 03:29:47: [Método: Boolean MoveNext(), Línea: 0] - ORA-06550: line 1, column 35:
PLS-00302: component 'USP_SEL_BUSCAR_USUARIO_MANT' must be declared
ORA-06550: line 1, column 7:
PL/SQL: Statement ignored
5/02/2020 03:29:47: [Método: Void .ctor(System.Collections.Generic.IEnumerable`1[T]), Línea: 0] - ORA-06550: line 1, column 35:
PLS-00302: component 'USP_SEL_BUSCAR_USUARIO_MANT' must be declared
ORA-06550: line 1, column 7:
PL/SQL: Statement ignored
5/02/2020 03:29:47: [Método: System.Collections.Generic.List`1[TSource] ToList[TSource](System.Collections.Generic.IEnumerable`1[TSource]), Línea: 0] - ORA-06550: line 1, column 35:
PLS-00302: component 'USP_SEL_BUSCAR_USUARIO_MANT' must be declared
ORA-06550: line 1, column 7:
PL/SQL: Statement ignored
5/02/2020 03:29:47: [Método: System.Collections.Generic.IEnumerable`1[T] Query[T](System.Data.IDbConnection, System.String, System.Object, System.Data.IDbTransaction, Boolean, System.Nullable`1[System.Int32], System.Nullable`1[System.Data.CommandType]), Línea: 0] - ORA-06550: line 1, column 35:
PLS-00302: component 'USP_SEL_BUSCAR_USUARIO_MANT' must be declared
ORA-06550: line 1, column 7:
PL/SQL: Statement ignored
5/02/2020 03:29:47: [Método: System.Collections.Generic.List`1[entidad.minem.gob.pe.UsuarioBE] BuscarMantenimientoUsuario(entidad.minem.gob.pe.UsuarioBE), Línea: 582] - ORA-06550: line 1, column 35:
PLS-00302: component 'USP_SEL_BUSCAR_USUARIO_MANT' must be declared
ORA-06550: line 1, column 7:
PL/SQL: Statement ignored
5/02/2020 06:02:43: [Método: Void HandleErrorHelper(Int32, Oracle.DataAccess.Client.OracleConnection, IntPtr, Oracle.DataAccess.Client.OpoSqlValCtx*, System.Object, System.String, Boolean, Int32, Oracle.DataAccess.Client.OracleLogicalTransaction), Línea: 0] - ORA-06550: line 1, column 35:
PLS-00302: component 'USP_SEL_ESPECIALISTA_MEDMIT' must be declared
ORA-06550: line 1, column 7:
PL/SQL: Statement ignored
5/02/2020 06:02:43: [Método: Void HandleError(Int32, Oracle.DataAccess.Client.OracleConnection, System.String, IntPtr, Oracle.DataAccess.Client.OpoSqlValCtx*, System.Object, Boolean, Oracle.DataAccess.Client.OracleLogicalTransaction), Línea: 0] - ORA-06550: line 1, column 35:
PLS-00302: component 'USP_SEL_ESPECIALISTA_MEDMIT' must be declared
ORA-06550: line 1, column 7:
PL/SQL: Statement ignored
5/02/2020 06:02:43: [Método: Oracle.DataAccess.Client.OracleDataReader ExecuteReader(Boolean, Boolean, System.Data.CommandBehavior), Línea: 0] - ORA-06550: line 1, column 35:
PLS-00302: component 'USP_SEL_ESPECIALISTA_MEDMIT' must be declared
ORA-06550: line 1, column 7:
PL/SQL: Statement ignored
5/02/2020 06:02:43: [Método: System.Data.Common.DbDataReader ExecuteDbDataReader(System.Data.CommandBehavior), Línea: 0] - ORA-06550: line 1, column 35:
PLS-00302: component 'USP_SEL_ESPECIALISTA_MEDMIT' must be declared
ORA-06550: line 1, column 7:
PL/SQL: Statement ignored
5/02/2020 06:02:43: [Método: System.Data.IDataReader ExecuteReaderWithFlagsFallback(System.Data.IDbCommand, Boolean, System.Data.CommandBehavior), Línea: 0] - ORA-06550: line 1, column 35:
PLS-00302: component 'USP_SEL_ESPECIALISTA_MEDMIT' must be declared
ORA-06550: line 1, column 7:
PL/SQL: Statement ignored
5/02/2020 06:02:43: [Método: Boolean MoveNext(), Línea: 0] - ORA-06550: line 1, column 35:
PLS-00302: component 'USP_SEL_ESPECIALISTA_MEDMIT' must be declared
ORA-06550: line 1, column 7:
PL/SQL: Statement ignored
5/02/2020 06:02:43: [Método: Void .ctor(System.Collections.Generic.IEnumerable`1[T]), Línea: 0] - ORA-06550: line 1, column 35:
PLS-00302: component 'USP_SEL_ESPECIALISTA_MEDMIT' must be declared
ORA-06550: line 1, column 7:
PL/SQL: Statement ignored
5/02/2020 06:02:43: [Método: System.Collections.Generic.List`1[TSource] ToList[TSource](System.Collections.Generic.IEnumerable`1[TSource]), Línea: 0] - ORA-06550: line 1, column 35:
PLS-00302: component 'USP_SEL_ESPECIALISTA_MEDMIT' must be declared
ORA-06550: line 1, column 7:
PL/SQL: Statement ignored
5/02/2020 06:02:43: [Método: System.Collections.Generic.IEnumerable`1[T] Query[T](System.Data.IDbConnection, System.String, System.Object, System.Data.IDbTransaction, Boolean, System.Nullable`1[System.Int32], System.Nullable`1[System.Data.CommandType]), Línea: 0] - ORA-06550: line 1, column 35:
PLS-00302: component 'USP_SEL_ESPECIALISTA_MEDMIT' must be declared
ORA-06550: line 1, column 7:
PL/SQL: Statement ignored
5/02/2020 06:02:43: [Método: entidad.minem.gob.pe.UsuarioBE EspecialistaMedida(Int32), Línea: 468] - ORA-06550: line 1, column 35:
PLS-00302: component 'USP_SEL_ESPECIALISTA_MEDMIT' must be declared
ORA-06550: line 1, column 7:
PL/SQL: Statement ignored
5/02/2020 06:03:26: [Método: Void HandleErrorHelper(Int32, Oracle.DataAccess.Client.OracleConnection, IntPtr, Oracle.DataAccess.Client.OpoSqlValCtx*, System.Object, System.String, Boolean, Int32, Oracle.DataAccess.Client.OracleLogicalTransaction), Línea: 0] - ORA-01476: divisor is equal to zero
ORA-06512: at "MRVMM.PKG_MRV_INICIATIVA_MITIGACION", line 651
ORA-06512: at line 1
5/02/2020 06:03:26: [Método: Void HandleError(Int32, Oracle.DataAccess.Client.OracleConnection, System.String, IntPtr, Oracle.DataAccess.Client.OpoSqlValCtx*, System.Object, Boolean, Oracle.DataAccess.Client.OracleLogicalTransaction), Línea: 0] - ORA-01476: divisor is equal to zero
ORA-06512: at "MRVMM.PKG_MRV_INICIATIVA_MITIGACION", line 651
ORA-06512: at line 1
5/02/2020 06:03:26: [Método: Oracle.DataAccess.Client.OracleDataReader ExecuteReader(Boolean, Boolean, System.Data.CommandBehavior), Línea: 0] - ORA-01476: divisor is equal to zero
ORA-06512: at "MRVMM.PKG_MRV_INICIATIVA_MITIGACION", line 651
ORA-06512: at line 1
5/02/2020 06:03:26: [Método: System.Data.Common.DbDataReader ExecuteDbDataReader(System.Data.CommandBehavior), Línea: 0] - ORA-01476: divisor is equal to zero
ORA-06512: at "MRVMM.PKG_MRV_INICIATIVA_MITIGACION", line 651
ORA-06512: at line 1
5/02/2020 06:03:26: [Método: System.Data.IDataReader ExecuteReaderWithFlagsFallback(System.Data.IDbCommand, Boolean, System.Data.CommandBehavior), Línea: 0] - ORA-01476: divisor is equal to zero
ORA-06512: at "MRVMM.PKG_MRV_INICIATIVA_MITIGACION", line 651
ORA-06512: at line 1
5/02/2020 06:03:26: [Método: Boolean MoveNext(), Línea: 0] - ORA-01476: divisor is equal to zero
ORA-06512: at "MRVMM.PKG_MRV_INICIATIVA_MITIGACION", line 651
ORA-06512: at line 1
5/02/2020 06:03:26: [Método: Void .ctor(System.Collections.Generic.IEnumerable`1[T]), Línea: 0] - ORA-01476: divisor is equal to zero
ORA-06512: at "MRVMM.PKG_MRV_INICIATIVA_MITIGACION", line 651
ORA-06512: at line 1
5/02/2020 06:03:26: [Método: System.Collections.Generic.List`1[TSource] ToList[TSource](System.Collections.Generic.IEnumerable`1[TSource]), Línea: 0] - ORA-01476: divisor is equal to zero
ORA-06512: at "MRVMM.PKG_MRV_INICIATIVA_MITIGACION", line 651
ORA-06512: at line 1
5/02/2020 06:03:26: [Método: System.Collections.Generic.IEnumerable`1[T] Query[T](System.Data.IDbConnection, System.String, System.Object, System.Data.IDbTransaction, Boolean, System.Nullable`1[System.Int32], System.Nullable`1[System.Data.CommandType]), Línea: 0] - ORA-01476: divisor is equal to zero
ORA-06512: at "MRVMM.PKG_MRV_INICIATIVA_MITIGACION", line 651
ORA-06512: at line 1
5/02/2020 06:03:26: [Método: System.Collections.Generic.List`1[entidad.minem.gob.pe.IniciativaBE] ListaIniciativaGeneral(entidad.minem.gob.pe.IniciativaBE), Línea: 97] - ORA-01476: divisor is equal to zero
ORA-06512: at "MRVMM.PKG_MRV_INICIATIVA_MITIGACION", line 651
ORA-06512: at line 1
5/02/2020 06:03:54: [Método: Void HandleErrorHelper(Int32, Oracle.DataAccess.Client.OracleConnection, IntPtr, Oracle.DataAccess.Client.OpoSqlValCtx*, System.Object, System.String, Boolean, Int32, Oracle.DataAccess.Client.OracleLogicalTransaction), Línea: 0] - ORA-01476: divisor is equal to zero
ORA-06512: at "MRVMM.PKG_MRV_MANTENIMIENTO", line 635
ORA-06512: at line 1
5/02/2020 06:03:54: [Método: Void HandleError(Int32, Oracle.DataAccess.Client.OracleConnection, System.String, IntPtr, Oracle.DataAccess.Client.OpoSqlValCtx*, System.Object, Boolean, Oracle.DataAccess.Client.OracleLogicalTransaction), Línea: 0] - ORA-01476: divisor is equal to zero
ORA-06512: at "MRVMM.PKG_MRV_MANTENIMIENTO", line 635
ORA-06512: at line 1
5/02/2020 06:03:54: [Método: Oracle.DataAccess.Client.OracleDataReader ExecuteReader(Boolean, Boolean, System.Data.CommandBehavior), Línea: 0] - ORA-01476: divisor is equal to zero
ORA-06512: at "MRVMM.PKG_MRV_MANTENIMIENTO", line 635
ORA-06512: at line 1
5/02/2020 06:03:54: [Método: System.Data.Common.DbDataReader ExecuteDbDataReader(System.Data.CommandBehavior), Línea: 0] - ORA-01476: divisor is equal to zero
ORA-06512: at "MRVMM.PKG_MRV_MANTENIMIENTO", line 635
ORA-06512: at line 1
5/02/2020 06:03:54: [Método: System.Data.IDataReader ExecuteReaderWithFlagsFallback(System.Data.IDbCommand, Boolean, System.Data.CommandBehavior), Línea: 0] - ORA-01476: divisor is equal to zero
ORA-06512: at "MRVMM.PKG_MRV_MANTENIMIENTO", line 635
ORA-06512: at line 1
5/02/2020 06:03:54: [Método: Boolean MoveNext(), Línea: 0] - ORA-01476: divisor is equal to zero
ORA-06512: at "MRVMM.PKG_MRV_MANTENIMIENTO", line 635
ORA-06512: at line 1
5/02/2020 06:03:54: [Método: Void .ctor(System.Collections.Generic.IEnumerable`1[T]), Línea: 0] - ORA-01476: divisor is equal to zero
ORA-06512: at "MRVMM.PKG_MRV_MANTENIMIENTO", line 635
ORA-06512: at line 1
5/02/2020 06:03:54: [Método: System.Collections.Generic.List`1[TSource] ToList[TSource](System.Collections.Generic.IEnumerable`1[TSource]), Línea: 0] - ORA-01476: divisor is equal to zero
ORA-06512: at "MRVMM.PKG_MRV_MANTENIMIENTO", line 635
ORA-06512: at line 1
5/02/2020 06:03:54: [Método: System.Collections.Generic.IEnumerable`1[T] Query[T](System.Data.IDbConnection, System.String, System.Object, System.Data.IDbTransaction, Boolean, System.Nullable`1[System.Int32], System.Nullable`1[System.Data.CommandType]), Línea: 0] - ORA-01476: divisor is equal to zero
ORA-06512: at "MRVMM.PKG_MRV_MANTENIMIENTO", line 635
ORA-06512: at line 1
5/02/2020 06:03:54: [Método: System.Collections.Generic.List`1[entidad.minem.gob.pe.InstitucionBE] ListaInstitucionPaginado(entidad.minem.gob.pe.InstitucionBE), Línea: 57] - ORA-01476: divisor is equal to zero
ORA-06512: at "MRVMM.PKG_MRV_MANTENIMIENTO", line 635
ORA-06512: at line 1
5/02/2020 06:15:26: [Método: Void HandleErrorHelper(Int32, Oracle.DataAccess.Client.OracleConnection, IntPtr, Oracle.DataAccess.Client.OpoSqlValCtx*, System.Object, System.String, Boolean, Int32, Oracle.DataAccess.Client.OracleLogicalTransaction), Línea: 0] - ORA-01476: divisor is equal to zero
ORA-06512: at "MRVMM.PKG_MRV_INICIATIVA_MITIGACION", line 651
ORA-06512: at line 1
5/02/2020 06:15:26: [Método: Void HandleError(Int32, Oracle.DataAccess.Client.OracleConnection, System.String, IntPtr, Oracle.DataAccess.Client.OpoSqlValCtx*, System.Object, Boolean, Oracle.DataAccess.Client.OracleLogicalTransaction), Línea: 0] - ORA-01476: divisor is equal to zero
ORA-06512: at "MRVMM.PKG_MRV_INICIATIVA_MITIGACION", line 651
ORA-06512: at line 1
5/02/2020 06:15:26: [Método: Oracle.DataAccess.Client.OracleDataReader ExecuteReader(Boolean, Boolean, System.Data.CommandBehavior), Línea: 0] - ORA-01476: divisor is equal to zero
ORA-06512: at "MRVMM.PKG_MRV_INICIATIVA_MITIGACION", line 651
ORA-06512: at line 1
5/02/2020 06:15:26: [Método: System.Data.Common.DbDataReader ExecuteDbDataReader(System.Data.CommandBehavior), Línea: 0] - ORA-01476: divisor is equal to zero
ORA-06512: at "MRVMM.PKG_MRV_INICIATIVA_MITIGACION", line 651
ORA-06512: at line 1
5/02/2020 06:15:26: [Método: System.Data.IDataReader ExecuteReaderWithFlagsFallback(System.Data.IDbCommand, Boolean, System.Data.CommandBehavior), Línea: 0] - ORA-01476: divisor is equal to zero
ORA-06512: at "MRVMM.PKG_MRV_INICIATIVA_MITIGACION", line 651
ORA-06512: at line 1
5/02/2020 06:15:26: [Método: Boolean MoveNext(), Línea: 0] - ORA-01476: divisor is equal to zero
ORA-06512: at "MRVMM.PKG_MRV_INICIATIVA_MITIGACION", line 651
ORA-06512: at line 1
5/02/2020 06:15:26: [Método: Void .ctor(System.Collections.Generic.IEnumerable`1[T]), Línea: 0] - ORA-01476: divisor is equal to zero
ORA-06512: at "MRVMM.PKG_MRV_INICIATIVA_MITIGACION", line 651
ORA-06512: at line 1
5/02/2020 06:15:26: [Método: System.Collections.Generic.List`1[TSource] ToList[TSource](System.Collections.Generic.IEnumerable`1[TSource]), Línea: 0] - ORA-01476: divisor is equal to zero
ORA-06512: at "MRVMM.PKG_MRV_INICIATIVA_MITIGACION", line 651
ORA-06512: at line 1
5/02/2020 06:15:26: [Método: System.Collections.Generic.IEnumerable`1[T] Query[T](System.Data.IDbConnection, System.String, System.Object, System.Data.IDbTransaction, Boolean, System.Nullable`1[System.Int32], System.Nullable`1[System.Data.CommandType]), Línea: 0] - ORA-01476: divisor is equal to zero
ORA-06512: at "MRVMM.PKG_MRV_INICIATIVA_MITIGACION", line 651
ORA-06512: at line 1
5/02/2020 06:15:26: [Método: System.Collections.Generic.List`1[entidad.minem.gob.pe.IniciativaBE] ListaIniciativaGeneral(entidad.minem.gob.pe.IniciativaBE), Línea: 97] - ORA-01476: divisor is equal to zero
ORA-06512: at "MRVMM.PKG_MRV_INICIATIVA_MITIGACION", line 651
ORA-06512: at line 1
5/02/2020 06:38:25: [Método: Void HandleErrorHelper(Int32, Oracle.DataAccess.Client.OracleConnection, IntPtr, Oracle.DataAccess.Client.OpoSqlValCtx*, System.Object, System.String, Boolean, Int32, Oracle.DataAccess.Client.OracleLogicalTransaction), Línea: 0] - ORA-01476: divisor is equal to zero
ORA-06512: at "MRVMM.PKG_MRV_INICIATIVA_MITIGACION", line 651
ORA-06512: at line 1
5/02/2020 06:38:25: [Método: Void HandleError(Int32, Oracle.DataAccess.Client.OracleConnection, System.String, IntPtr, Oracle.DataAccess.Client.OpoSqlValCtx*, System.Object, Boolean, Oracle.DataAccess.Client.OracleLogicalTransaction), Línea: 0] - ORA-01476: divisor is equal to zero
ORA-06512: at "MRVMM.PKG_MRV_INICIATIVA_MITIGACION", line 651
ORA-06512: at line 1
5/02/2020 06:38:25: [Método: Oracle.DataAccess.Client.OracleDataReader ExecuteReader(Boolean, Boolean, System.Data.CommandBehavior), Línea: 0] - ORA-01476: divisor is equal to zero
ORA-06512: at "MRVMM.PKG_MRV_INICIATIVA_MITIGACION", line 651
ORA-06512: at line 1
5/02/2020 06:38:25: [Método: System.Data.Common.DbDataReader ExecuteDbDataReader(System.Data.CommandBehavior), Línea: 0] - ORA-01476: divisor is equal to zero
ORA-06512: at "MRVMM.PKG_MRV_INICIATIVA_MITIGACION", line 651
ORA-06512: at line 1
5/02/2020 06:38:25: [Método: System.Data.IDataReader ExecuteReaderWithFlagsFallback(System.Data.IDbCommand, Boolean, System.Data.CommandBehavior), Línea: 0] - ORA-01476: divisor is equal to zero
ORA-06512: at "MRVMM.PKG_MRV_INICIATIVA_MITIGACION", line 651
ORA-06512: at line 1
5/02/2020 06:38:25: [Método: Boolean MoveNext(), Línea: 0] - ORA-01476: divisor is equal to zero
ORA-06512: at "MRVMM.PKG_MRV_INICIATIVA_MITIGACION", line 651
ORA-06512: at line 1
5/02/2020 06:38:25: [Método: Void .ctor(System.Collections.Generic.IEnumerable`1[T]), Línea: 0] - ORA-01476: divisor is equal to zero
ORA-06512: at "MRVMM.PKG_MRV_INICIATIVA_MITIGACION", line 651
ORA-06512: at line 1
5/02/2020 06:38:25: [Método: System.Collections.Generic.List`1[TSource] ToList[TSource](System.Collections.Generic.IEnumerable`1[TSource]), Línea: 0] - ORA-01476: divisor is equal to zero
ORA-06512: at "MRVMM.PKG_MRV_INICIATIVA_MITIGACION", line 651
ORA-06512: at line 1
5/02/2020 06:38:25: [Método: System.Collections.Generic.IEnumerable`1[T] Query[T](System.Data.IDbConnection, System.String, System.Object, System.Data.IDbTransaction, Boolean, System.Nullable`1[System.Int32], System.Nullable`1[System.Data.CommandType]), Línea: 0] - ORA-01476: divisor is equal to zero
ORA-06512: at "MRVMM.PKG_MRV_INICIATIVA_MITIGACION", line 651
ORA-06512: at line 1
5/02/2020 06:38:25: [Método: System.Collections.Generic.List`1[entidad.minem.gob.pe.IniciativaBE] ListaIniciativaGeneral(entidad.minem.gob.pe.IniciativaBE), Línea: 97] - ORA-01476: divisor is equal to zero
ORA-06512: at "MRVMM.PKG_MRV_INICIATIVA_MITIGACION", line 651
ORA-06512: at line 1
