6/02/2020 11:29:19: [Método: Void HandleErrorHelper(Int32, Oracle.DataAccess.Client.OracleConnection, IntPtr, Oracle.DataAccess.Client.OpoSqlValCtx*, System.Object, System.String, Boolean, Int32), Línea: 0] - ORA-01476: el divisor es igual a cero
ORA-06512: en "MRVMM.PKG_MRV_INICIATIVA_MITIGACION", línea 651
ORA-06512: en línea 1
6/02/2020 11:29:19: [Método: Void HandleError(Int32, Oracle.DataAccess.Client.OracleConnection, System.String, IntPtr, Oracle.DataAccess.Client.OpoSqlValCtx*, System.Object, Boolean), Línea: 0] - ORA-01476: el divisor es igual a cero
ORA-06512: en "MRVMM.PKG_MRV_INICIATIVA_MITIGACION", línea 651
ORA-06512: en línea 1
6/02/2020 11:29:19: [Método: Oracle.DataAccess.Client.OracleDataReader ExecuteReader(Boolean, Boolean, System.Data.CommandBehavior), Línea: 0] - ORA-01476: el divisor es igual a cero
ORA-06512: en "MRVMM.PKG_MRV_INICIATIVA_MITIGACION", línea 651
ORA-06512: en línea 1
6/02/2020 11:29:19: [Método: System.Data.Common.DbDataReader ExecuteDbDataReader(System.Data.CommandBehavior), Línea: 0] - ORA-01476: el divisor es igual a cero
ORA-06512: en "MRVMM.PKG_MRV_INICIATIVA_MITIGACION", línea 651
ORA-06512: en línea 1
6/02/2020 11:29:19: [Método: System.Data.IDataReader ExecuteReaderWithFlagsFallback(System.Data.IDbCommand, Boolean, System.Data.CommandBehavior), Línea: 0] - ORA-01476: el divisor es igual a cero
ORA-06512: en "MRVMM.PKG_MRV_INICIATIVA_MITIGACION", línea 651
ORA-06512: en línea 1
6/02/2020 11:29:19: [Método: Boolean MoveNext(), Línea: 0] - ORA-01476: el divisor es igual a cero
ORA-06512: en "MRVMM.PKG_MRV_INICIATIVA_MITIGACION", línea 651
ORA-06512: en línea 1
6/02/2020 11:29:19: [Método: Void .ctor(System.Collections.Generic.IEnumerable`1[T]), Línea: 0] - ORA-01476: el divisor es igual a cero
ORA-06512: en "MRVMM.PKG_MRV_INICIATIVA_MITIGACION", línea 651
ORA-06512: en línea 1
6/02/2020 11:29:19: [Método: System.Collections.Generic.List`1[TSource] ToList[TSource](System.Collections.Generic.IEnumerable`1[TSource]), Línea: 0] - ORA-01476: el divisor es igual a cero
ORA-06512: en "MRVMM.PKG_MRV_INICIATIVA_MITIGACION", línea 651
ORA-06512: en línea 1
6/02/2020 11:29:19: [Método: System.Collections.Generic.IEnumerable`1[T] Query[T](System.Data.IDbConnection, System.String, System.Object, System.Data.IDbTransaction, Boolean, System.Nullable`1[System.Int32], System.Nullable`1[System.Data.CommandType]), Línea: 0] - ORA-01476: el divisor es igual a cero
ORA-06512: en "MRVMM.PKG_MRV_INICIATIVA_MITIGACION", línea 651
ORA-06512: en línea 1
6/02/2020 11:29:19: [Método: System.Collections.Generic.List`1[entidad.minem.gob.pe.IniciativaBE] ListaIniciativaGeneral(entidad.minem.gob.pe.IniciativaBE), Línea: 97] - ORA-01476: el divisor es igual a cero
ORA-06512: en "MRVMM.PKG_MRV_INICIATIVA_MITIGACION", línea 651
ORA-06512: en línea 1
6/02/2020 12:24:41: [Método: Void HandleErrorHelper(Int32, Oracle.DataAccess.Client.OracleConnection, IntPtr, Oracle.DataAccess.Client.OpoSqlValCtx*, System.Object, System.String, Boolean, Int32), Línea: 0] - ORA-06550: línea 1, columna 35:
PLS-00302: el componente 'USP_SEL_SECTORINSTITUCION' se debe declarar
ORA-06550: línea 1, columna 7:
PL/SQL: Statement ignored
6/02/2020 12:24:41: [Método: Void HandleError(Int32, Oracle.DataAccess.Client.OracleConnection, System.String, IntPtr, Oracle.DataAccess.Client.OpoSqlValCtx*, System.Object, Boolean), Línea: 0] - ORA-06550: línea 1, columna 35:
PLS-00302: el componente 'USP_SEL_SECTORINSTITUCION' se debe declarar
ORA-06550: línea 1, columna 7:
PL/SQL: Statement ignored
6/02/2020 12:24:41: [Método: Oracle.DataAccess.Client.OracleDataReader ExecuteReader(Boolean, Boolean, System.Data.CommandBehavior), Línea: 0] - ORA-06550: línea 1, columna 35:
PLS-00302: el componente 'USP_SEL_SECTORINSTITUCION' se debe declarar
ORA-06550: línea 1, columna 7:
PL/SQL: Statement ignored
6/02/2020 12:24:41: [Método: System.Data.Common.DbDataReader ExecuteDbDataReader(System.Data.CommandBehavior), Línea: 0] - ORA-06550: línea 1, columna 35:
PLS-00302: el componente 'USP_SEL_SECTORINSTITUCION' se debe declarar
ORA-06550: línea 1, columna 7:
PL/SQL: Statement ignored
6/02/2020 12:24:41: [Método: System.Data.IDataReader ExecuteReaderWithFlagsFallback(System.Data.IDbCommand, Boolean, System.Data.CommandBehavior), Línea: 0] - ORA-06550: línea 1, columna 35:
PLS-00302: el componente 'USP_SEL_SECTORINSTITUCION' se debe declarar
ORA-06550: línea 1, columna 7:
PL/SQL: Statement ignored
6/02/2020 12:24:41: [Método: Boolean MoveNext(), Línea: 0] - ORA-06550: línea 1, columna 35:
PLS-00302: el componente 'USP_SEL_SECTORINSTITUCION' se debe declarar
ORA-06550: línea 1, columna 7:
PL/SQL: Statement ignored
6/02/2020 12:24:41: [Método: Void .ctor(System.Collections.Generic.IEnumerable`1[T]), Línea: 0] - ORA-06550: línea 1, columna 35:
PLS-00302: el componente 'USP_SEL_SECTORINSTITUCION' se debe declarar
ORA-06550: línea 1, columna 7:
PL/SQL: Statement ignored
6/02/2020 12:24:41: [Método: System.Collections.Generic.List`1[TSource] ToList[TSource](System.Collections.Generic.IEnumerable`1[TSource]), Línea: 0] - ORA-06550: línea 1, columna 35:
PLS-00302: el componente 'USP_SEL_SECTORINSTITUCION' se debe declarar
ORA-06550: línea 1, columna 7:
PL/SQL: Statement ignored
6/02/2020 12:24:41: [Método: System.Collections.Generic.IEnumerable`1[T] Query[T](System.Data.IDbConnection, System.String, System.Object, System.Data.IDbTransaction, Boolean, System.Nullable`1[System.Int32], System.Nullable`1[System.Data.CommandType]), Línea: 0] - ORA-06550: línea 1, columna 35:
PLS-00302: el componente 'USP_SEL_SECTORINSTITUCION' se debe declarar
ORA-06550: línea 1, columna 7:
PL/SQL: Statement ignored
6/02/2020 12:24:41: [Método: System.Collections.Generic.List`1[entidad.minem.gob.pe.SectorInstitucionBE] ListarSectorPaginado(entidad.minem.gob.pe.SectorInstitucionBE), Línea: 58] - ORA-06550: línea 1, columna 35:
PLS-00302: el componente 'USP_SEL_SECTORINSTITUCION' se debe declarar
ORA-06550: línea 1, columna 7:
PL/SQL: Statement ignored
6/02/2020 12:29:16: [Método: Void HandleErrorHelper(Int32, Oracle.DataAccess.Client.OracleConnection, IntPtr, Oracle.DataAccess.Client.OpoSqlValCtx*, System.Object, System.String, Boolean, Int32), Línea: 0] - ORA-01476: el divisor es igual a cero
ORA-06512: en "MRVMM.PKG_MRV_INICIATIVA_MITIGACION", línea 651
ORA-06512: en línea 1
6/02/2020 12:29:16: [Método: Void HandleError(Int32, Oracle.DataAccess.Client.OracleConnection, System.String, IntPtr, Oracle.DataAccess.Client.OpoSqlValCtx*, System.Object, Boolean), Línea: 0] - ORA-01476: el divisor es igual a cero
ORA-06512: en "MRVMM.PKG_MRV_INICIATIVA_MITIGACION", línea 651
ORA-06512: en línea 1
6/02/2020 12:29:16: [Método: Oracle.DataAccess.Client.OracleDataReader ExecuteReader(Boolean, Boolean, System.Data.CommandBehavior), Línea: 0] - ORA-01476: el divisor es igual a cero
ORA-06512: en "MRVMM.PKG_MRV_INICIATIVA_MITIGACION", línea 651
ORA-06512: en línea 1
6/02/2020 12:29:16: [Método: System.Data.Common.DbDataReader ExecuteDbDataReader(System.Data.CommandBehavior), Línea: 0] - ORA-01476: el divisor es igual a cero
ORA-06512: en "MRVMM.PKG_MRV_INICIATIVA_MITIGACION", línea 651
ORA-06512: en línea 1
6/02/2020 12:29:16: [Método: System.Data.IDataReader ExecuteReaderWithFlagsFallback(System.Data.IDbCommand, Boolean, System.Data.CommandBehavior), Línea: 0] - ORA-01476: el divisor es igual a cero
ORA-06512: en "MRVMM.PKG_MRV_INICIATIVA_MITIGACION", línea 651
ORA-06512: en línea 1
6/02/2020 12:29:16: [Método: Boolean MoveNext(), Línea: 0] - ORA-01476: el divisor es igual a cero
ORA-06512: en "MRVMM.PKG_MRV_INICIATIVA_MITIGACION", línea 651
ORA-06512: en línea 1
6/02/2020 12:29:16: [Método: Void .ctor(System.Collections.Generic.IEnumerable`1[T]), Línea: 0] - ORA-01476: el divisor es igual a cero
ORA-06512: en "MRVMM.PKG_MRV_INICIATIVA_MITIGACION", línea 651
ORA-06512: en línea 1
6/02/2020 12:29:16: [Método: System.Collections.Generic.List`1[TSource] ToList[TSource](System.Collections.Generic.IEnumerable`1[TSource]), Línea: 0] - ORA-01476: el divisor es igual a cero
ORA-06512: en "MRVMM.PKG_MRV_INICIATIVA_MITIGACION", línea 651
ORA-06512: en línea 1
6/02/2020 12:29:16: [Método: System.Collections.Generic.IEnumerable`1[T] Query[T](System.Data.IDbConnection, System.String, System.Object, System.Data.IDbTransaction, Boolean, System.Nullable`1[System.Int32], System.Nullable`1[System.Data.CommandType]), Línea: 0] - ORA-01476: el divisor es igual a cero
ORA-06512: en "MRVMM.PKG_MRV_INICIATIVA_MITIGACION", línea 651
ORA-06512: en línea 1
6/02/2020 12:29:16: [Método: System.Collections.Generic.List`1[entidad.minem.gob.pe.IniciativaBE] ListaIniciativaGeneral(entidad.minem.gob.pe.IniciativaBE), Línea: 97] - ORA-01476: el divisor es igual a cero
ORA-06512: en "MRVMM.PKG_MRV_INICIATIVA_MITIGACION", línea 651
ORA-06512: en línea 1
6/02/2020 12:29:37: [Método: Void HandleErrorHelper(Int32, Oracle.DataAccess.Client.OracleConnection, IntPtr, Oracle.DataAccess.Client.OpoSqlValCtx*, System.Object, System.String, Boolean, Int32), Línea: 0] - ORA-06550: línea 1, columna 7:
PLS-00306: número o tipos de argumentos erróneos al llamar a 'USP_SEL_INSTITUCION'
ORA-06550: línea 1, columna 7:
PL/SQL: Statement ignored
6/02/2020 12:29:37: [Método: Void HandleError(Int32, Oracle.DataAccess.Client.OracleConnection, System.String, IntPtr, Oracle.DataAccess.Client.OpoSqlValCtx*, System.Object, Boolean), Línea: 0] - ORA-06550: línea 1, columna 7:
PLS-00306: número o tipos de argumentos erróneos al llamar a 'USP_SEL_INSTITUCION'
ORA-06550: línea 1, columna 7:
PL/SQL: Statement ignored
6/02/2020 12:29:37: [Método: Oracle.DataAccess.Client.OracleDataReader ExecuteReader(Boolean, Boolean, System.Data.CommandBehavior), Línea: 0] - ORA-06550: línea 1, columna 7:
PLS-00306: número o tipos de argumentos erróneos al llamar a 'USP_SEL_INSTITUCION'
ORA-06550: línea 1, columna 7:
PL/SQL: Statement ignored
6/02/2020 12:29:37: [Método: System.Data.Common.DbDataReader ExecuteDbDataReader(System.Data.CommandBehavior), Línea: 0] - ORA-06550: línea 1, columna 7:
PLS-00306: número o tipos de argumentos erróneos al llamar a 'USP_SEL_INSTITUCION'
ORA-06550: línea 1, columna 7:
PL/SQL: Statement ignored
6/02/2020 12:29:37: [Método: System.Data.IDataReader ExecuteReaderWithFlagsFallback(System.Data.IDbCommand, Boolean, System.Data.CommandBehavior), Línea: 0] - ORA-06550: línea 1, columna 7:
PLS-00306: número o tipos de argumentos erróneos al llamar a 'USP_SEL_INSTITUCION'
ORA-06550: línea 1, columna 7:
PL/SQL: Statement ignored
6/02/2020 12:29:37: [Método: Boolean MoveNext(), Línea: 0] - ORA-06550: línea 1, columna 7:
PLS-00306: número o tipos de argumentos erróneos al llamar a 'USP_SEL_INSTITUCION'
ORA-06550: línea 1, columna 7:
PL/SQL: Statement ignored
6/02/2020 12:29:37: [Método: Void .ctor(System.Collections.Generic.IEnumerable`1[T]), Línea: 0] - ORA-06550: línea 1, columna 7:
PLS-00306: número o tipos de argumentos erróneos al llamar a 'USP_SEL_INSTITUCION'
ORA-06550: línea 1, columna 7:
PL/SQL: Statement ignored
6/02/2020 12:29:37: [Método: System.Collections.Generic.List`1[TSource] ToList[TSource](System.Collections.Generic.IEnumerable`1[TSource]), Línea: 0] - ORA-06550: línea 1, columna 7:
PLS-00306: número o tipos de argumentos erróneos al llamar a 'USP_SEL_INSTITUCION'
ORA-06550: línea 1, columna 7:
PL/SQL: Statement ignored
6/02/2020 12:29:37: [Método: System.Collections.Generic.IEnumerable`1[T] Query[T](System.Data.IDbConnection, System.String, System.Object, System.Data.IDbTransaction, Boolean, System.Nullable`1[System.Int32], System.Nullable`1[System.Data.CommandType]), Línea: 0] - ORA-06550: línea 1, columna 7:
PLS-00306: número o tipos de argumentos erróneos al llamar a 'USP_SEL_INSTITUCION'
ORA-06550: línea 1, columna 7:
PL/SQL: Statement ignored
6/02/2020 12:29:37: [Método: System.Collections.Generic.List`1[entidad.minem.gob.pe.InstitucionBE] ListaInstitucionPaginado(entidad.minem.gob.pe.InstitucionBE), Línea: 57] - ORA-06550: línea 1, columna 7:
PLS-00306: número o tipos de argumentos erróneos al llamar a 'USP_SEL_INSTITUCION'
ORA-06550: línea 1, columna 7:
PL/SQL: Statement ignored
6/02/2020 12:29:41: [Método: Void HandleErrorHelper(Int32, Oracle.DataAccess.Client.OracleConnection, IntPtr, Oracle.DataAccess.Client.OpoSqlValCtx*, System.Object, System.String, Boolean, Int32), Línea: 0] - ORA-06550: línea 1, columna 7:
PLS-00306: número o tipos de argumentos erróneos al llamar a 'USP_SEL_INSTITUCION'
ORA-06550: línea 1, columna 7:
PL/SQL: Statement ignored
6/02/2020 12:29:41: [Método: Void HandleError(Int32, Oracle.DataAccess.Client.OracleConnection, System.String, IntPtr, Oracle.DataAccess.Client.OpoSqlValCtx*, System.Object, Boolean), Línea: 0] - ORA-06550: línea 1, columna 7:
PLS-00306: número o tipos de argumentos erróneos al llamar a 'USP_SEL_INSTITUCION'
ORA-06550: línea 1, columna 7:
PL/SQL: Statement ignored
6/02/2020 12:29:41: [Método: Oracle.DataAccess.Client.OracleDataReader ExecuteReader(Boolean, Boolean, System.Data.CommandBehavior), Línea: 0] - ORA-06550: línea 1, columna 7:
PLS-00306: número o tipos de argumentos erróneos al llamar a 'USP_SEL_INSTITUCION'
ORA-06550: línea 1, columna 7:
PL/SQL: Statement ignored
6/02/2020 12:29:41: [Método: System.Data.Common.DbDataReader ExecuteDbDataReader(System.Data.CommandBehavior), Línea: 0] - ORA-06550: línea 1, columna 7:
PLS-00306: número o tipos de argumentos erróneos al llamar a 'USP_SEL_INSTITUCION'
ORA-06550: línea 1, columna 7:
PL/SQL: Statement ignored
6/02/2020 12:29:41: [Método: System.Data.IDataReader ExecuteReaderWithFlagsFallback(System.Data.IDbCommand, Boolean, System.Data.CommandBehavior), Línea: 0] - ORA-06550: línea 1, columna 7:
PLS-00306: número o tipos de argumentos erróneos al llamar a 'USP_SEL_INSTITUCION'
ORA-06550: línea 1, columna 7:
PL/SQL: Statement ignored
6/02/2020 12:29:41: [Método: Boolean MoveNext(), Línea: 0] - ORA-06550: línea 1, columna 7:
PLS-00306: número o tipos de argumentos erróneos al llamar a 'USP_SEL_INSTITUCION'
ORA-06550: línea 1, columna 7:
PL/SQL: Statement ignored
6/02/2020 12:29:41: [Método: Void .ctor(System.Collections.Generic.IEnumerable`1[T]), Línea: 0] - ORA-06550: línea 1, columna 7:
PLS-00306: número o tipos de argumentos erróneos al llamar a 'USP_SEL_INSTITUCION'
ORA-06550: línea 1, columna 7:
PL/SQL: Statement ignored
6/02/2020 12:29:41: [Método: System.Collections.Generic.List`1[TSource] ToList[TSource](System.Collections.Generic.IEnumerable`1[TSource]), Línea: 0] - ORA-06550: línea 1, columna 7:
PLS-00306: número o tipos de argumentos erróneos al llamar a 'USP_SEL_INSTITUCION'
ORA-06550: línea 1, columna 7:
PL/SQL: Statement ignored
6/02/2020 12:29:41: [Método: System.Collections.Generic.IEnumerable`1[T] Query[T](System.Data.IDbConnection, System.String, System.Object, System.Data.IDbTransaction, Boolean, System.Nullable`1[System.Int32], System.Nullable`1[System.Data.CommandType]), Línea: 0] - ORA-06550: línea 1, columna 7:
PLS-00306: número o tipos de argumentos erróneos al llamar a 'USP_SEL_INSTITUCION'
ORA-06550: línea 1, columna 7:
PL/SQL: Statement ignored
6/02/2020 12:29:41: [Método: System.Collections.Generic.List`1[entidad.minem.gob.pe.InstitucionBE] ListaInstitucionPaginado(entidad.minem.gob.pe.InstitucionBE), Línea: 57] - ORA-06550: línea 1, columna 7:
PLS-00306: número o tipos de argumentos erróneos al llamar a 'USP_SEL_INSTITUCION'
ORA-06550: línea 1, columna 7:
PL/SQL: Statement ignored
6/02/2020 12:29:42: [Método: Void HandleErrorHelper(Int32, Oracle.DataAccess.Client.OracleConnection, IntPtr, Oracle.DataAccess.Client.OpoSqlValCtx*, System.Object, System.String, Boolean, Int32), Línea: 0] - ORA-06550: línea 1, columna 7:
PLS-00306: número o tipos de argumentos erróneos al llamar a 'USP_SEL_INSTITUCION'
ORA-06550: línea 1, columna 7:
PL/SQL: Statement ignored
6/02/2020 12:29:42: [Método: Void HandleError(Int32, Oracle.DataAccess.Client.OracleConnection, System.String, IntPtr, Oracle.DataAccess.Client.OpoSqlValCtx*, System.Object, Boolean), Línea: 0] - ORA-06550: línea 1, columna 7:
PLS-00306: número o tipos de argumentos erróneos al llamar a 'USP_SEL_INSTITUCION'
ORA-06550: línea 1, columna 7:
PL/SQL: Statement ignored
6/02/2020 12:29:42: [Método: Oracle.DataAccess.Client.OracleDataReader ExecuteReader(Boolean, Boolean, System.Data.CommandBehavior), Línea: 0] - ORA-06550: línea 1, columna 7:
PLS-00306: número o tipos de argumentos erróneos al llamar a 'USP_SEL_INSTITUCION'
ORA-06550: línea 1, columna 7:
PL/SQL: Statement ignored
6/02/2020 12:29:42: [Método: System.Data.Common.DbDataReader ExecuteDbDataReader(System.Data.CommandBehavior), Línea: 0] - ORA-06550: línea 1, columna 7:
PLS-00306: número o tipos de argumentos erróneos al llamar a 'USP_SEL_INSTITUCION'
ORA-06550: línea 1, columna 7:
PL/SQL: Statement ignored
6/02/2020 12:29:42: [Método: System.Data.IDataReader ExecuteReaderWithFlagsFallback(System.Data.IDbCommand, Boolean, System.Data.CommandBehavior), Línea: 0] - ORA-06550: línea 1, columna 7:
PLS-00306: número o tipos de argumentos erróneos al llamar a 'USP_SEL_INSTITUCION'
ORA-06550: línea 1, columna 7:
PL/SQL: Statement ignored
6/02/2020 12:29:42: [Método: Boolean MoveNext(), Línea: 0] - ORA-06550: línea 1, columna 7:
PLS-00306: número o tipos de argumentos erróneos al llamar a 'USP_SEL_INSTITUCION'
ORA-06550: línea 1, columna 7:
PL/SQL: Statement ignored
6/02/2020 12:29:42: [Método: Void .ctor(System.Collections.Generic.IEnumerable`1[T]), Línea: 0] - ORA-06550: línea 1, columna 7:
PLS-00306: número o tipos de argumentos erróneos al llamar a 'USP_SEL_INSTITUCION'
ORA-06550: línea 1, columna 7:
PL/SQL: Statement ignored
6/02/2020 12:29:42: [Método: System.Collections.Generic.List`1[TSource] ToList[TSource](System.Collections.Generic.IEnumerable`1[TSource]), Línea: 0] - ORA-06550: línea 1, columna 7:
PLS-00306: número o tipos de argumentos erróneos al llamar a 'USP_SEL_INSTITUCION'
ORA-06550: línea 1, columna 7:
PL/SQL: Statement ignored
6/02/2020 12:29:42: [Método: System.Collections.Generic.IEnumerable`1[T] Query[T](System.Data.IDbConnection, System.String, System.Object, System.Data.IDbTransaction, Boolean, System.Nullable`1[System.Int32], System.Nullable`1[System.Data.CommandType]), Línea: 0] - ORA-06550: línea 1, columna 7:
PLS-00306: número o tipos de argumentos erróneos al llamar a 'USP_SEL_INSTITUCION'
ORA-06550: línea 1, columna 7:
PL/SQL: Statement ignored
6/02/2020 12:29:42: [Método: System.Collections.Generic.List`1[entidad.minem.gob.pe.InstitucionBE] ListaInstitucionPaginado(entidad.minem.gob.pe.InstitucionBE), Línea: 57] - ORA-06550: línea 1, columna 7:
PLS-00306: número o tipos de argumentos erróneos al llamar a 'USP_SEL_INSTITUCION'
ORA-06550: línea 1, columna 7:
PL/SQL: Statement ignored
6/02/2020 12:30:02: [Método: Void HandleErrorHelper(Int32, Oracle.DataAccess.Client.OracleConnection, IntPtr, Oracle.DataAccess.Client.OpoSqlValCtx*, System.Object, System.String, Boolean, Int32), Línea: 0] - ORA-06550: línea 1, columna 7:
PLS-00306: número o tipos de argumentos erróneos al llamar a 'USP_SEL_UBICACION'
ORA-06550: línea 1, columna 7:
PL/SQL: Statement ignored
6/02/2020 12:30:02: [Método: Void HandleError(Int32, Oracle.DataAccess.Client.OracleConnection, System.String, IntPtr, Oracle.DataAccess.Client.OpoSqlValCtx*, System.Object, Boolean), Línea: 0] - ORA-06550: línea 1, columna 7:
PLS-00306: número o tipos de argumentos erróneos al llamar a 'USP_SEL_UBICACION'
ORA-06550: línea 1, columna 7:
PL/SQL: Statement ignored
6/02/2020 12:30:02: [Método: Oracle.DataAccess.Client.OracleDataReader ExecuteReader(Boolean, Boolean, System.Data.CommandBehavior), Línea: 0] - ORA-06550: línea 1, columna 7:
PLS-00306: número o tipos de argumentos erróneos al llamar a 'USP_SEL_UBICACION'
ORA-06550: línea 1, columna 7:
PL/SQL: Statement ignored
6/02/2020 12:30:02: [Método: System.Data.Common.DbDataReader ExecuteDbDataReader(System.Data.CommandBehavior), Línea: 0] - ORA-06550: línea 1, columna 7:
PLS-00306: número o tipos de argumentos erróneos al llamar a 'USP_SEL_UBICACION'
ORA-06550: línea 1, columna 7:
PL/SQL: Statement ignored
6/02/2020 12:30:02: [Método: System.Data.IDataReader ExecuteReaderWithFlagsFallback(System.Data.IDbCommand, Boolean, System.Data.CommandBehavior), Línea: 0] - ORA-06550: línea 1, columna 7:
PLS-00306: número o tipos de argumentos erróneos al llamar a 'USP_SEL_UBICACION'
ORA-06550: línea 1, columna 7:
PL/SQL: Statement ignored
6/02/2020 12:30:02: [Método: Boolean MoveNext(), Línea: 0] - ORA-06550: línea 1, columna 7:
PLS-00306: número o tipos de argumentos erróneos al llamar a 'USP_SEL_UBICACION'
ORA-06550: línea 1, columna 7:
PL/SQL: Statement ignored
6/02/2020 12:30:02: [Método: Void .ctor(System.Collections.Generic.IEnumerable`1[T]), Línea: 0] - ORA-06550: línea 1, columna 7:
PLS-00306: número o tipos de argumentos erróneos al llamar a 'USP_SEL_UBICACION'
ORA-06550: línea 1, columna 7:
PL/SQL: Statement ignored
6/02/2020 12:30:02: [Método: System.Collections.Generic.List`1[TSource] ToList[TSource](System.Collections.Generic.IEnumerable`1[TSource]), Línea: 0] - ORA-06550: línea 1, columna 7:
PLS-00306: número o tipos de argumentos erróneos al llamar a 'USP_SEL_UBICACION'
ORA-06550: línea 1, columna 7:
PL/SQL: Statement ignored
6/02/2020 12:30:02: [Método: System.Collections.Generic.IEnumerable`1[T] Query[T](System.Data.IDbConnection, System.String, System.Object, System.Data.IDbTransaction, Boolean, System.Nullable`1[System.Int32], System.Nullable`1[System.Data.CommandType]), Línea: 0] - ORA-06550: línea 1, columna 7:
PLS-00306: número o tipos de argumentos erróneos al llamar a 'USP_SEL_UBICACION'
ORA-06550: línea 1, columna 7:
PL/SQL: Statement ignored
6/02/2020 12:30:02: [Método: System.Collections.Generic.List`1[entidad.minem.gob.pe.UbicacionBE] ListarUbicacionPaginado(entidad.minem.gob.pe.UbicacionBE), Línea: 57] - ORA-06550: línea 1, columna 7:
PLS-00306: número o tipos de argumentos erróneos al llamar a 'USP_SEL_UBICACION'
ORA-06550: línea 1, columna 7:
PL/SQL: Statement ignored
6/02/2020 12:31:29: [Método: Void HandleErrorHelper(Int32, Oracle.DataAccess.Client.OracleConnection, IntPtr, Oracle.DataAccess.Client.OpoSqlValCtx*, System.Object, System.String, Boolean, Int32), Línea: 0] - ORA-06550: línea 1, columna 35:
PLS-00302: el componente 'USP_SEL_SECTORINSTITUCION' se debe declarar
ORA-06550: línea 1, columna 7:
PL/SQL: Statement ignored
6/02/2020 12:31:29: [Método: Void HandleError(Int32, Oracle.DataAccess.Client.OracleConnection, System.String, IntPtr, Oracle.DataAccess.Client.OpoSqlValCtx*, System.Object, Boolean), Línea: 0] - ORA-06550: línea 1, columna 35:
PLS-00302: el componente 'USP_SEL_SECTORINSTITUCION' se debe declarar
ORA-06550: línea 1, columna 7:
PL/SQL: Statement ignored
6/02/2020 12:31:29: [Método: Oracle.DataAccess.Client.OracleDataReader ExecuteReader(Boolean, Boolean, System.Data.CommandBehavior), Línea: 0] - ORA-06550: línea 1, columna 35:
PLS-00302: el componente 'USP_SEL_SECTORINSTITUCION' se debe declarar
ORA-06550: línea 1, columna 7:
PL/SQL: Statement ignored
6/02/2020 12:31:29: [Método: System.Data.Common.DbDataReader ExecuteDbDataReader(System.Data.CommandBehavior), Línea: 0] - ORA-06550: línea 1, columna 35:
PLS-00302: el componente 'USP_SEL_SECTORINSTITUCION' se debe declarar
ORA-06550: línea 1, columna 7:
PL/SQL: Statement ignored
6/02/2020 12:31:29: [Método: System.Data.IDataReader ExecuteReaderWithFlagsFallback(System.Data.IDbCommand, Boolean, System.Data.CommandBehavior), Línea: 0] - ORA-06550: línea 1, columna 35:
PLS-00302: el componente 'USP_SEL_SECTORINSTITUCION' se debe declarar
ORA-06550: línea 1, columna 7:
PL/SQL: Statement ignored
6/02/2020 12:31:29: [Método: Boolean MoveNext(), Línea: 0] - ORA-06550: línea 1, columna 35:
PLS-00302: el componente 'USP_SEL_SECTORINSTITUCION' se debe declarar
ORA-06550: línea 1, columna 7:
PL/SQL: Statement ignored
6/02/2020 12:31:29: [Método: Void .ctor(System.Collections.Generic.IEnumerable`1[T]), Línea: 0] - ORA-06550: línea 1, columna 35:
PLS-00302: el componente 'USP_SEL_SECTORINSTITUCION' se debe declarar
ORA-06550: línea 1, columna 7:
PL/SQL: Statement ignored
6/02/2020 12:31:29: [Método: System.Collections.Generic.List`1[TSource] ToList[TSource](System.Collections.Generic.IEnumerable`1[TSource]), Línea: 0] - ORA-06550: línea 1, columna 35:
PLS-00302: el componente 'USP_SEL_SECTORINSTITUCION' se debe declarar
ORA-06550: línea 1, columna 7:
PL/SQL: Statement ignored
6/02/2020 12:31:29: [Método: System.Collections.Generic.IEnumerable`1[T] Query[T](System.Data.IDbConnection, System.String, System.Object, System.Data.IDbTransaction, Boolean, System.Nullable`1[System.Int32], System.Nullable`1[System.Data.CommandType]), Línea: 0] - ORA-06550: línea 1, columna 35:
PLS-00302: el componente 'USP_SEL_SECTORINSTITUCION' se debe declarar
ORA-06550: línea 1, columna 7:
PL/SQL: Statement ignored
6/02/2020 12:31:29: [Método: System.Collections.Generic.List`1[entidad.minem.gob.pe.SectorInstitucionBE] ListarSectorPaginado(entidad.minem.gob.pe.SectorInstitucionBE), Línea: 58] - ORA-06550: línea 1, columna 35:
PLS-00302: el componente 'USP_SEL_SECTORINSTITUCION' se debe declarar
ORA-06550: línea 1, columna 7:
PL/SQL: Statement ignored
6/02/2020 12:34:02: [Método: Void HandleErrorHelper(Int32, Oracle.DataAccess.Client.OracleConnection, IntPtr, Oracle.DataAccess.Client.OpoSqlValCtx*, System.Object, System.String, Boolean, Int32), Línea: 0] - ORA-06550: línea 1, columna 35:
PLS-00302: el componente 'USP_SEL_SECTORINSTITUCION' se debe declarar
ORA-06550: línea 1, columna 7:
PL/SQL: Statement ignored
6/02/2020 12:34:02: [Método: Void HandleError(Int32, Oracle.DataAccess.Client.OracleConnection, System.String, IntPtr, Oracle.DataAccess.Client.OpoSqlValCtx*, System.Object, Boolean), Línea: 0] - ORA-06550: línea 1, columna 35:
PLS-00302: el componente 'USP_SEL_SECTORINSTITUCION' se debe declarar
ORA-06550: línea 1, columna 7:
PL/SQL: Statement ignored
6/02/2020 12:34:02: [Método: Oracle.DataAccess.Client.OracleDataReader ExecuteReader(Boolean, Boolean, System.Data.CommandBehavior), Línea: 0] - ORA-06550: línea 1, columna 35:
PLS-00302: el componente 'USP_SEL_SECTORINSTITUCION' se debe declarar
ORA-06550: línea 1, columna 7:
PL/SQL: Statement ignored
6/02/2020 12:34:02: [Método: System.Data.Common.DbDataReader ExecuteDbDataReader(System.Data.CommandBehavior), Línea: 0] - ORA-06550: línea 1, columna 35:
PLS-00302: el componente 'USP_SEL_SECTORINSTITUCION' se debe declarar
ORA-06550: línea 1, columna 7:
PL/SQL: Statement ignored
6/02/2020 12:34:02: [Método: System.Data.IDataReader ExecuteReaderWithFlagsFallback(System.Data.IDbCommand, Boolean, System.Data.CommandBehavior), Línea: 0] - ORA-06550: línea 1, columna 35:
PLS-00302: el componente 'USP_SEL_SECTORINSTITUCION' se debe declarar
ORA-06550: línea 1, columna 7:
PL/SQL: Statement ignored
6/02/2020 12:34:02: [Método: Boolean MoveNext(), Línea: 0] - ORA-06550: línea 1, columna 35:
PLS-00302: el componente 'USP_SEL_SECTORINSTITUCION' se debe declarar
ORA-06550: línea 1, columna 7:
PL/SQL: Statement ignored
6/02/2020 12:34:02: [Método: Void .ctor(System.Collections.Generic.IEnumerable`1[T]), Línea: 0] - ORA-06550: línea 1, columna 35:
PLS-00302: el componente 'USP_SEL_SECTORINSTITUCION' se debe declarar
ORA-06550: línea 1, columna 7:
PL/SQL: Statement ignored
6/02/2020 12:34:02: [Método: System.Collections.Generic.List`1[TSource] ToList[TSource](System.Collections.Generic.IEnumerable`1[TSource]), Línea: 0] - ORA-06550: línea 1, columna 35:
PLS-00302: el componente 'USP_SEL_SECTORINSTITUCION' se debe declarar
ORA-06550: línea 1, columna 7:
PL/SQL: Statement ignored
6/02/2020 12:34:02: [Método: System.Collections.Generic.IEnumerable`1[T] Query[T](System.Data.IDbConnection, System.String, System.Object, System.Data.IDbTransaction, Boolean, System.Nullable`1[System.Int32], System.Nullable`1[System.Data.CommandType]), Línea: 0] - ORA-06550: línea 1, columna 35:
PLS-00302: el componente 'USP_SEL_SECTORINSTITUCION' se debe declarar
ORA-06550: línea 1, columna 7:
PL/SQL: Statement ignored
6/02/2020 12:34:02: [Método: System.Collections.Generic.List`1[entidad.minem.gob.pe.SectorInstitucionBE] ListarSectorPaginado(entidad.minem.gob.pe.SectorInstitucionBE), Línea: 58] - ORA-06550: línea 1, columna 35:
PLS-00302: el componente 'USP_SEL_SECTORINSTITUCION' se debe declarar
ORA-06550: línea 1, columna 7:
PL/SQL: Statement ignored
6/02/2020 13:36:39: [Método: Void HandleErrorHelper(Int32, Oracle.DataAccess.Client.OracleConnection, IntPtr, Oracle.DataAccess.Client.OpoSqlValCtx*, System.Object, System.String, Boolean, Int32), Línea: 0] - ORA-06550: línea 1, columna 35:
PLS-00302: el componente 'USP_SEL_SECTORINSTITUCION' se debe declarar
ORA-06550: línea 1, columna 7:
PL/SQL: Statement ignored
6/02/2020 13:36:39: [Método: Void HandleError(Int32, Oracle.DataAccess.Client.OracleConnection, System.String, IntPtr, Oracle.DataAccess.Client.OpoSqlValCtx*, System.Object, Boolean), Línea: 0] - ORA-06550: línea 1, columna 35:
PLS-00302: el componente 'USP_SEL_SECTORINSTITUCION' se debe declarar
ORA-06550: línea 1, columna 7:
PL/SQL: Statement ignored
6/02/2020 13:36:39: [Método: Oracle.DataAccess.Client.OracleDataReader ExecuteReader(Boolean, Boolean, System.Data.CommandBehavior), Línea: 0] - ORA-06550: línea 1, columna 35:
PLS-00302: el componente 'USP_SEL_SECTORINSTITUCION' se debe declarar
ORA-06550: línea 1, columna 7:
PL/SQL: Statement ignored
6/02/2020 13:36:39: [Método: System.Data.Common.DbDataReader ExecuteDbDataReader(System.Data.CommandBehavior), Línea: 0] - ORA-06550: línea 1, columna 35:
PLS-00302: el componente 'USP_SEL_SECTORINSTITUCION' se debe declarar
ORA-06550: línea 1, columna 7:
PL/SQL: Statement ignored
6/02/2020 13:36:39: [Método: System.Data.IDataReader ExecuteReaderWithFlagsFallback(System.Data.IDbCommand, Boolean, System.Data.CommandBehavior), Línea: 0] - ORA-06550: línea 1, columna 35:
PLS-00302: el componente 'USP_SEL_SECTORINSTITUCION' se debe declarar
ORA-06550: línea 1, columna 7:
PL/SQL: Statement ignored
6/02/2020 13:36:39: [Método: Boolean MoveNext(), Línea: 0] - ORA-06550: línea 1, columna 35:
PLS-00302: el componente 'USP_SEL_SECTORINSTITUCION' se debe declarar
ORA-06550: línea 1, columna 7:
PL/SQL: Statement ignored
6/02/2020 13:36:39: [Método: Void .ctor(System.Collections.Generic.IEnumerable`1[T]), Línea: 0] - ORA-06550: línea 1, columna 35:
PLS-00302: el componente 'USP_SEL_SECTORINSTITUCION' se debe declarar
ORA-06550: línea 1, columna 7:
PL/SQL: Statement ignored
6/02/2020 13:36:39: [Método: System.Collections.Generic.List`1[TSource] ToList[TSource](System.Collections.Generic.IEnumerable`1[TSource]), Línea: 0] - ORA-06550: línea 1, columna 35:
PLS-00302: el componente 'USP_SEL_SECTORINSTITUCION' se debe declarar
ORA-06550: línea 1, columna 7:
PL/SQL: Statement ignored
6/02/2020 13:36:39: [Método: System.Collections.Generic.IEnumerable`1[T] Query[T](System.Data.IDbConnection, System.String, System.Object, System.Data.IDbTransaction, Boolean, System.Nullable`1[System.Int32], System.Nullable`1[System.Data.CommandType]), Línea: 0] - ORA-06550: línea 1, columna 35:
PLS-00302: el componente 'USP_SEL_SECTORINSTITUCION' se debe declarar
ORA-06550: línea 1, columna 7:
PL/SQL: Statement ignored
6/02/2020 13:36:39: [Método: System.Collections.Generic.List`1[entidad.minem.gob.pe.SectorInstitucionBE] ListarSectorPaginado(entidad.minem.gob.pe.SectorInstitucionBE), Línea: 58] - ORA-06550: línea 1, columna 35:
PLS-00302: el componente 'USP_SEL_SECTORINSTITUCION' se debe declarar
ORA-06550: línea 1, columna 7:
PL/SQL: Statement ignored
6/02/2020 13:36:46: [Método: Void HandleErrorHelper(Int32, Oracle.DataAccess.Client.OracleConnection, IntPtr, Oracle.DataAccess.Client.OpoSqlValCtx*, System.Object, System.String, Boolean, Int32), Línea: 0] - ORA-06550: línea 1, columna 35:
PLS-00302: el componente 'USP_SEL_SECTORINSTITUCION' se debe declarar
ORA-06550: línea 1, columna 7:
PL/SQL: Statement ignored
6/02/2020 13:36:46: [Método: Void HandleError(Int32, Oracle.DataAccess.Client.OracleConnection, System.String, IntPtr, Oracle.DataAccess.Client.OpoSqlValCtx*, System.Object, Boolean), Línea: 0] - ORA-06550: línea 1, columna 35:
PLS-00302: el componente 'USP_SEL_SECTORINSTITUCION' se debe declarar
ORA-06550: línea 1, columna 7:
PL/SQL: Statement ignored
6/02/2020 13:36:46: [Método: Oracle.DataAccess.Client.OracleDataReader ExecuteReader(Boolean, Boolean, System.Data.CommandBehavior), Línea: 0] - ORA-06550: línea 1, columna 35:
PLS-00302: el componente 'USP_SEL_SECTORINSTITUCION' se debe declarar
ORA-06550: línea 1, columna 7:
PL/SQL: Statement ignored
6/02/2020 13:36:46: [Método: System.Data.Common.DbDataReader ExecuteDbDataReader(System.Data.CommandBehavior), Línea: 0] - ORA-06550: línea 1, columna 35:
PLS-00302: el componente 'USP_SEL_SECTORINSTITUCION' se debe declarar
ORA-06550: línea 1, columna 7:
PL/SQL: Statement ignored
6/02/2020 13:36:46: [Método: System.Data.IDataReader ExecuteReaderWithFlagsFallback(System.Data.IDbCommand, Boolean, System.Data.CommandBehavior), Línea: 0] - ORA-06550: línea 1, columna 35:
PLS-00302: el componente 'USP_SEL_SECTORINSTITUCION' se debe declarar
ORA-06550: línea 1, columna 7:
PL/SQL: Statement ignored
6/02/2020 13:36:46: [Método: Boolean MoveNext(), Línea: 0] - ORA-06550: línea 1, columna 35:
PLS-00302: el componente 'USP_SEL_SECTORINSTITUCION' se debe declarar
ORA-06550: línea 1, columna 7:
PL/SQL: Statement ignored
6/02/2020 13:36:46: [Método: Void .ctor(System.Collections.Generic.IEnumerable`1[T]), Línea: 0] - ORA-06550: línea 1, columna 35:
PLS-00302: el componente 'USP_SEL_SECTORINSTITUCION' se debe declarar
ORA-06550: línea 1, columna 7:
PL/SQL: Statement ignored
6/02/2020 13:36:46: [Método: System.Collections.Generic.List`1[TSource] ToList[TSource](System.Collections.Generic.IEnumerable`1[TSource]), Línea: 0] - ORA-06550: línea 1, columna 35:
PLS-00302: el componente 'USP_SEL_SECTORINSTITUCION' se debe declarar
ORA-06550: línea 1, columna 7:
PL/SQL: Statement ignored
6/02/2020 13:36:46: [Método: System.Collections.Generic.IEnumerable`1[T] Query[T](System.Data.IDbConnection, System.String, System.Object, System.Data.IDbTransaction, Boolean, System.Nullable`1[System.Int32], System.Nullable`1[System.Data.CommandType]), Línea: 0] - ORA-06550: línea 1, columna 35:
PLS-00302: el componente 'USP_SEL_SECTORINSTITUCION' se debe declarar
ORA-06550: línea 1, columna 7:
PL/SQL: Statement ignored
6/02/2020 13:36:46: [Método: System.Collections.Generic.List`1[entidad.minem.gob.pe.SectorInstitucionBE] ListarSectorPaginado(entidad.minem.gob.pe.SectorInstitucionBE), Línea: 58] - ORA-06550: línea 1, columna 35:
PLS-00302: el componente 'USP_SEL_SECTORINSTITUCION' se debe declarar
ORA-06550: línea 1, columna 7:
PL/SQL: Statement ignored
6/02/2020 13:37:06: [Método: Void HandleErrorHelper(Int32, Oracle.DataAccess.Client.OracleConnection, IntPtr, Oracle.DataAccess.Client.OpoSqlValCtx*, System.Object, System.String, Boolean, Int32), Línea: 0] - ORA-06550: línea 1, columna 35:
PLS-00302: el componente 'USP_SEL_SECTORINSTITUCION' se debe declarar
ORA-06550: línea 1, columna 7:
PL/SQL: Statement ignored
6/02/2020 13:37:06: [Método: Void HandleError(Int32, Oracle.DataAccess.Client.OracleConnection, System.String, IntPtr, Oracle.DataAccess.Client.OpoSqlValCtx*, System.Object, Boolean), Línea: 0] - ORA-06550: línea 1, columna 35:
PLS-00302: el componente 'USP_SEL_SECTORINSTITUCION' se debe declarar
ORA-06550: línea 1, columna 7:
PL/SQL: Statement ignored
6/02/2020 13:37:06: [Método: Oracle.DataAccess.Client.OracleDataReader ExecuteReader(Boolean, Boolean, System.Data.CommandBehavior), Línea: 0] - ORA-06550: línea 1, columna 35:
PLS-00302: el componente 'USP_SEL_SECTORINSTITUCION' se debe declarar
ORA-06550: línea 1, columna 7:
PL/SQL: Statement ignored
6/02/2020 13:37:06: [Método: System.Data.Common.DbDataReader ExecuteDbDataReader(System.Data.CommandBehavior), Línea: 0] - ORA-06550: línea 1, columna 35:
PLS-00302: el componente 'USP_SEL_SECTORINSTITUCION' se debe declarar
ORA-06550: línea 1, columna 7:
PL/SQL: Statement ignored
6/02/2020 13:37:06: [Método: System.Data.IDataReader ExecuteReaderWithFlagsFallback(System.Data.IDbCommand, Boolean, System.Data.CommandBehavior), Línea: 0] - ORA-06550: línea 1, columna 35:
PLS-00302: el componente 'USP_SEL_SECTORINSTITUCION' se debe declarar
ORA-06550: línea 1, columna 7:
PL/SQL: Statement ignored
6/02/2020 13:37:06: [Método: Boolean MoveNext(), Línea: 0] - ORA-06550: línea 1, columna 35:
PLS-00302: el componente 'USP_SEL_SECTORINSTITUCION' se debe declarar
ORA-06550: línea 1, columna 7:
PL/SQL: Statement ignored
6/02/2020 13:37:06: [Método: Void .ctor(System.Collections.Generic.IEnumerable`1[T]), Línea: 0] - ORA-06550: línea 1, columna 35:
PLS-00302: el componente 'USP_SEL_SECTORINSTITUCION' se debe declarar
ORA-06550: línea 1, columna 7:
PL/SQL: Statement ignored
6/02/2020 13:37:06: [Método: System.Collections.Generic.List`1[TSource] ToList[TSource](System.Collections.Generic.IEnumerable`1[TSource]), Línea: 0] - ORA-06550: línea 1, columna 35:
PLS-00302: el componente 'USP_SEL_SECTORINSTITUCION' se debe declarar
ORA-06550: línea 1, columna 7:
PL/SQL: Statement ignored
6/02/2020 13:37:06: [Método: System.Collections.Generic.IEnumerable`1[T] Query[T](System.Data.IDbConnection, System.String, System.Object, System.Data.IDbTransaction, Boolean, System.Nullable`1[System.Int32], System.Nullable`1[System.Data.CommandType]), Línea: 0] - ORA-06550: línea 1, columna 35:
PLS-00302: el componente 'USP_SEL_SECTORINSTITUCION' se debe declarar
ORA-06550: línea 1, columna 7:
PL/SQL: Statement ignored
6/02/2020 13:37:06: [Método: System.Collections.Generic.List`1[entidad.minem.gob.pe.SectorInstitucionBE] ListarSectorPaginado(entidad.minem.gob.pe.SectorInstitucionBE), Línea: 58] - ORA-06550: línea 1, columna 35:
PLS-00302: el componente 'USP_SEL_SECTORINSTITUCION' se debe declarar
ORA-06550: línea 1, columna 7:
PL/SQL: Statement ignored
6/02/2020 13:38:50: [Método: Void HandleErrorHelper(Int32, Oracle.DataAccess.Client.OracleConnection, IntPtr, Oracle.DataAccess.Client.OpoSqlValCtx*, System.Object, System.String, Boolean, Int32), Línea: 0] - ORA-06550: línea 1, columna 35:
PLS-00302: el componente 'USP_SEL_SECTORINSTITUCION' se debe declarar
ORA-06550: línea 1, columna 7:
PL/SQL: Statement ignored
6/02/2020 13:38:50: [Método: Void HandleError(Int32, Oracle.DataAccess.Client.OracleConnection, System.String, IntPtr, Oracle.DataAccess.Client.OpoSqlValCtx*, System.Object, Boolean), Línea: 0] - ORA-06550: línea 1, columna 35:
PLS-00302: el componente 'USP_SEL_SECTORINSTITUCION' se debe declarar
ORA-06550: línea 1, columna 7:
PL/SQL: Statement ignored
6/02/2020 13:38:50: [Método: Oracle.DataAccess.Client.OracleDataReader ExecuteReader(Boolean, Boolean, System.Data.CommandBehavior), Línea: 0] - ORA-06550: línea 1, columna 35:
PLS-00302: el componente 'USP_SEL_SECTORINSTITUCION' se debe declarar
ORA-06550: línea 1, columna 7:
PL/SQL: Statement ignored
6/02/2020 13:38:50: [Método: System.Data.Common.DbDataReader ExecuteDbDataReader(System.Data.CommandBehavior), Línea: 0] - ORA-06550: línea 1, columna 35:
PLS-00302: el componente 'USP_SEL_SECTORINSTITUCION' se debe declarar
ORA-06550: línea 1, columna 7:
PL/SQL: Statement ignored
6/02/2020 13:38:50: [Método: System.Data.IDataReader ExecuteReaderWithFlagsFallback(System.Data.IDbCommand, Boolean, System.Data.CommandBehavior), Línea: 0] - ORA-06550: línea 1, columna 35:
PLS-00302: el componente 'USP_SEL_SECTORINSTITUCION' se debe declarar
ORA-06550: línea 1, columna 7:
PL/SQL: Statement ignored
6/02/2020 13:38:50: [Método: Boolean MoveNext(), Línea: 0] - ORA-06550: línea 1, columna 35:
PLS-00302: el componente 'USP_SEL_SECTORINSTITUCION' se debe declarar
ORA-06550: línea 1, columna 7:
PL/SQL: Statement ignored
6/02/2020 13:38:50: [Método: Void .ctor(System.Collections.Generic.IEnumerable`1[T]), Línea: 0] - ORA-06550: línea 1, columna 35:
PLS-00302: el componente 'USP_SEL_SECTORINSTITUCION' se debe declarar
ORA-06550: línea 1, columna 7:
PL/SQL: Statement ignored
6/02/2020 13:38:50: [Método: System.Collections.Generic.List`1[TSource] ToList[TSource](System.Collections.Generic.IEnumerable`1[TSource]), Línea: 0] - ORA-06550: línea 1, columna 35:
PLS-00302: el componente 'USP_SEL_SECTORINSTITUCION' se debe declarar
ORA-06550: línea 1, columna 7:
PL/SQL: Statement ignored
6/02/2020 13:38:50: [Método: System.Collections.Generic.IEnumerable`1[T] Query[T](System.Data.IDbConnection, System.String, System.Object, System.Data.IDbTransaction, Boolean, System.Nullable`1[System.Int32], System.Nullable`1[System.Data.CommandType]), Línea: 0] - ORA-06550: línea 1, columna 35:
PLS-00302: el componente 'USP_SEL_SECTORINSTITUCION' se debe declarar
ORA-06550: línea 1, columna 7:
PL/SQL: Statement ignored
6/02/2020 13:38:50: [Método: System.Collections.Generic.List`1[entidad.minem.gob.pe.SectorInstitucionBE] ListarSectorPaginado(entidad.minem.gob.pe.SectorInstitucionBE), Línea: 58] - ORA-06550: línea 1, columna 35:
PLS-00302: el componente 'USP_SEL_SECTORINSTITUCION' se debe declarar
ORA-06550: línea 1, columna 7:
PL/SQL: Statement ignored
6/02/2020 13:39:05: [Método: Void HandleErrorHelper(Int32, Oracle.DataAccess.Client.OracleConnection, IntPtr, Oracle.DataAccess.Client.OpoSqlValCtx*, System.Object, System.String, Boolean, Int32), Línea: 0] - ORA-01476: el divisor es igual a cero
ORA-06512: en "MRVMM.PKG_MRV_INICIATIVA_MITIGACION", línea 651
ORA-06512: en línea 1
6/02/2020 13:39:05: [Método: Void HandleError(Int32, Oracle.DataAccess.Client.OracleConnection, System.String, IntPtr, Oracle.DataAccess.Client.OpoSqlValCtx*, System.Object, Boolean), Línea: 0] - ORA-01476: el divisor es igual a cero
ORA-06512: en "MRVMM.PKG_MRV_INICIATIVA_MITIGACION", línea 651
ORA-06512: en línea 1
6/02/2020 13:39:05: [Método: Oracle.DataAccess.Client.OracleDataReader ExecuteReader(Boolean, Boolean, System.Data.CommandBehavior), Línea: 0] - ORA-01476: el divisor es igual a cero
ORA-06512: en "MRVMM.PKG_MRV_INICIATIVA_MITIGACION", línea 651
ORA-06512: en línea 1
6/02/2020 13:39:05: [Método: System.Data.Common.DbDataReader ExecuteDbDataReader(System.Data.CommandBehavior), Línea: 0] - ORA-01476: el divisor es igual a cero
ORA-06512: en "MRVMM.PKG_MRV_INICIATIVA_MITIGACION", línea 651
ORA-06512: en línea 1
6/02/2020 13:39:05: [Método: System.Data.IDataReader ExecuteReaderWithFlagsFallback(System.Data.IDbCommand, Boolean, System.Data.CommandBehavior), Línea: 0] - ORA-01476: el divisor es igual a cero
ORA-06512: en "MRVMM.PKG_MRV_INICIATIVA_MITIGACION", línea 651
ORA-06512: en línea 1
6/02/2020 13:39:05: [Método: Boolean MoveNext(), Línea: 0] - ORA-01476: el divisor es igual a cero
ORA-06512: en "MRVMM.PKG_MRV_INICIATIVA_MITIGACION", línea 651
ORA-06512: en línea 1
6/02/2020 13:39:05: [Método: Void .ctor(System.Collections.Generic.IEnumerable`1[T]), Línea: 0] - ORA-01476: el divisor es igual a cero
ORA-06512: en "MRVMM.PKG_MRV_INICIATIVA_MITIGACION", línea 651
ORA-06512: en línea 1
6/02/2020 13:39:05: [Método: System.Collections.Generic.List`1[TSource] ToList[TSource](System.Collections.Generic.IEnumerable`1[TSource]), Línea: 0] - ORA-01476: el divisor es igual a cero
ORA-06512: en "MRVMM.PKG_MRV_INICIATIVA_MITIGACION", línea 651
ORA-06512: en línea 1
6/02/2020 13:39:05: [Método: System.Collections.Generic.IEnumerable`1[T] Query[T](System.Data.IDbConnection, System.String, System.Object, System.Data.IDbTransaction, Boolean, System.Nullable`1[System.Int32], System.Nullable`1[System.Data.CommandType]), Línea: 0] - ORA-01476: el divisor es igual a cero
ORA-06512: en "MRVMM.PKG_MRV_INICIATIVA_MITIGACION", línea 651
ORA-06512: en línea 1
6/02/2020 13:39:05: [Método: System.Collections.Generic.List`1[entidad.minem.gob.pe.IniciativaBE] ListaIniciativaGeneral(entidad.minem.gob.pe.IniciativaBE), Línea: 97] - ORA-01476: el divisor es igual a cero
ORA-06512: en "MRVMM.PKG_MRV_INICIATIVA_MITIGACION", línea 651
ORA-06512: en línea 1
6/02/2020 13:39:09: [Método: Void HandleErrorHelper(Int32, Oracle.DataAccess.Client.OracleConnection, IntPtr, Oracle.DataAccess.Client.OpoSqlValCtx*, System.Object, System.String, Boolean, Int32), Línea: 0] - ORA-06550: línea 1, columna 35:
PLS-00302: el componente 'USP_SEL_SECTORINSTITUCION' se debe declarar
ORA-06550: línea 1, columna 7:
PL/SQL: Statement ignored
6/02/2020 13:39:09: [Método: Void HandleError(Int32, Oracle.DataAccess.Client.OracleConnection, System.String, IntPtr, Oracle.DataAccess.Client.OpoSqlValCtx*, System.Object, Boolean), Línea: 0] - ORA-06550: línea 1, columna 35:
PLS-00302: el componente 'USP_SEL_SECTORINSTITUCION' se debe declarar
ORA-06550: línea 1, columna 7:
PL/SQL: Statement ignored
6/02/2020 13:39:09: [Método: Oracle.DataAccess.Client.OracleDataReader ExecuteReader(Boolean, Boolean, System.Data.CommandBehavior), Línea: 0] - ORA-06550: línea 1, columna 35:
PLS-00302: el componente 'USP_SEL_SECTORINSTITUCION' se debe declarar
ORA-06550: línea 1, columna 7:
PL/SQL: Statement ignored
6/02/2020 13:39:09: [Método: System.Data.Common.DbDataReader ExecuteDbDataReader(System.Data.CommandBehavior), Línea: 0] - ORA-06550: línea 1, columna 35:
PLS-00302: el componente 'USP_SEL_SECTORINSTITUCION' se debe declarar
ORA-06550: línea 1, columna 7:
PL/SQL: Statement ignored
6/02/2020 13:39:09: [Método: System.Data.IDataReader ExecuteReaderWithFlagsFallback(System.Data.IDbCommand, Boolean, System.Data.CommandBehavior), Línea: 0] - ORA-06550: línea 1, columna 35:
PLS-00302: el componente 'USP_SEL_SECTORINSTITUCION' se debe declarar
ORA-06550: línea 1, columna 7:
PL/SQL: Statement ignored
6/02/2020 13:39:09: [Método: Boolean MoveNext(), Línea: 0] - ORA-06550: línea 1, columna 35:
PLS-00302: el componente 'USP_SEL_SECTORINSTITUCION' se debe declarar
ORA-06550: línea 1, columna 7:
PL/SQL: Statement ignored
6/02/2020 13:39:09: [Método: Void .ctor(System.Collections.Generic.IEnumerable`1[T]), Línea: 0] - ORA-06550: línea 1, columna 35:
PLS-00302: el componente 'USP_SEL_SECTORINSTITUCION' se debe declarar
ORA-06550: línea 1, columna 7:
PL/SQL: Statement ignored
6/02/2020 13:39:09: [Método: System.Collections.Generic.List`1[TSource] ToList[TSource](System.Collections.Generic.IEnumerable`1[TSource]), Línea: 0] - ORA-06550: línea 1, columna 35:
PLS-00302: el componente 'USP_SEL_SECTORINSTITUCION' se debe declarar
ORA-06550: línea 1, columna 7:
PL/SQL: Statement ignored
6/02/2020 13:39:09: [Método: System.Collections.Generic.IEnumerable`1[T] Query[T](System.Data.IDbConnection, System.String, System.Object, System.Data.IDbTransaction, Boolean, System.Nullable`1[System.Int32], System.Nullable`1[System.Data.CommandType]), Línea: 0] - ORA-06550: línea 1, columna 35:
PLS-00302: el componente 'USP_SEL_SECTORINSTITUCION' se debe declarar
ORA-06550: línea 1, columna 7:
PL/SQL: Statement ignored
6/02/2020 13:39:09: [Método: System.Collections.Generic.List`1[entidad.minem.gob.pe.SectorInstitucionBE] ListarSectorPaginado(entidad.minem.gob.pe.SectorInstitucionBE), Línea: 58] - ORA-06550: línea 1, columna 35:
PLS-00302: el componente 'USP_SEL_SECTORINSTITUCION' se debe declarar
ORA-06550: línea 1, columna 7:
PL/SQL: Statement ignored
6/02/2020 13:41:49: [Método: Void HandleErrorHelper(Int32, Oracle.DataAccess.Client.OracleConnection, IntPtr, Oracle.DataAccess.Client.OpoSqlValCtx*, System.Object, System.String, Boolean, Int32), Línea: 0] - ORA-06550: línea 1, columna 35:
PLS-00302: el componente 'USP_SEL_SECTORINSTITUCION' se debe declarar
ORA-06550: línea 1, columna 7:
PL/SQL: Statement ignored
6/02/2020 13:41:49: [Método: Void HandleError(Int32, Oracle.DataAccess.Client.OracleConnection, System.String, IntPtr, Oracle.DataAccess.Client.OpoSqlValCtx*, System.Object, Boolean), Línea: 0] - ORA-06550: línea 1, columna 35:
PLS-00302: el componente 'USP_SEL_SECTORINSTITUCION' se debe declarar
ORA-06550: línea 1, columna 7:
PL/SQL: Statement ignored
6/02/2020 13:41:49: [Método: Oracle.DataAccess.Client.OracleDataReader ExecuteReader(Boolean, Boolean, System.Data.CommandBehavior), Línea: 0] - ORA-06550: línea 1, columna 35:
PLS-00302: el componente 'USP_SEL_SECTORINSTITUCION' se debe declarar
ORA-06550: línea 1, columna 7:
PL/SQL: Statement ignored
6/02/2020 13:41:49: [Método: System.Data.Common.DbDataReader ExecuteDbDataReader(System.Data.CommandBehavior), Línea: 0] - ORA-06550: línea 1, columna 35:
PLS-00302: el componente 'USP_SEL_SECTORINSTITUCION' se debe declarar
ORA-06550: línea 1, columna 7:
PL/SQL: Statement ignored
6/02/2020 13:41:49: [Método: System.Data.IDataReader ExecuteReaderWithFlagsFallback(System.Data.IDbCommand, Boolean, System.Data.CommandBehavior), Línea: 0] - ORA-06550: línea 1, columna 35:
PLS-00302: el componente 'USP_SEL_SECTORINSTITUCION' se debe declarar
ORA-06550: línea 1, columna 7:
PL/SQL: Statement ignored
6/02/2020 13:41:49: [Método: Boolean MoveNext(), Línea: 0] - ORA-06550: línea 1, columna 35:
PLS-00302: el componente 'USP_SEL_SECTORINSTITUCION' se debe declarar
ORA-06550: línea 1, columna 7:
PL/SQL: Statement ignored
6/02/2020 13:41:49: [Método: Void .ctor(System.Collections.Generic.IEnumerable`1[T]), Línea: 0] - ORA-06550: línea 1, columna 35:
PLS-00302: el componente 'USP_SEL_SECTORINSTITUCION' se debe declarar
ORA-06550: línea 1, columna 7:
PL/SQL: Statement ignored
6/02/2020 13:41:49: [Método: System.Collections.Generic.List`1[TSource] ToList[TSource](System.Collections.Generic.IEnumerable`1[TSource]), Línea: 0] - ORA-06550: línea 1, columna 35:
PLS-00302: el componente 'USP_SEL_SECTORINSTITUCION' se debe declarar
ORA-06550: línea 1, columna 7:
PL/SQL: Statement ignored
6/02/2020 13:41:49: [Método: System.Collections.Generic.IEnumerable`1[T] Query[T](System.Data.IDbConnection, System.String, System.Object, System.Data.IDbTransaction, Boolean, System.Nullable`1[System.Int32], System.Nullable`1[System.Data.CommandType]), Línea: 0] - ORA-06550: línea 1, columna 35:
PLS-00302: el componente 'USP_SEL_SECTORINSTITUCION' se debe declarar
ORA-06550: línea 1, columna 7:
PL/SQL: Statement ignored
6/02/2020 13:41:49: [Método: System.Collections.Generic.List`1[entidad.minem.gob.pe.SectorInstitucionBE] ListarSectorPaginado(entidad.minem.gob.pe.SectorInstitucionBE), Línea: 58] - ORA-06550: línea 1, columna 35:
PLS-00302: el componente 'USP_SEL_SECTORINSTITUCION' se debe declarar
ORA-06550: línea 1, columna 7:
PL/SQL: Statement ignored
6/02/2020 13:59:49: [Método: Void HandleErrorHelper(Int32, Oracle.DataAccess.Client.OracleConnection, IntPtr, Oracle.DataAccess.Client.OpoSqlValCtx*, System.Object, System.String, Boolean, Int32), Línea: 0] - ORA-01476: el divisor es igual a cero
ORA-06512: en "MRVMM.PKG_MRV_INICIATIVA_MITIGACION", línea 651
ORA-06512: en línea 1
6/02/2020 13:59:49: [Método: Void HandleError(Int32, Oracle.DataAccess.Client.OracleConnection, System.String, IntPtr, Oracle.DataAccess.Client.OpoSqlValCtx*, System.Object, Boolean), Línea: 0] - ORA-01476: el divisor es igual a cero
ORA-06512: en "MRVMM.PKG_MRV_INICIATIVA_MITIGACION", línea 651
ORA-06512: en línea 1
6/02/2020 13:59:49: [Método: Oracle.DataAccess.Client.OracleDataReader ExecuteReader(Boolean, Boolean, System.Data.CommandBehavior), Línea: 0] - ORA-01476: el divisor es igual a cero
ORA-06512: en "MRVMM.PKG_MRV_INICIATIVA_MITIGACION", línea 651
ORA-06512: en línea 1
6/02/2020 13:59:49: [Método: System.Data.Common.DbDataReader ExecuteDbDataReader(System.Data.CommandBehavior), Línea: 0] - ORA-01476: el divisor es igual a cero
ORA-06512: en "MRVMM.PKG_MRV_INICIATIVA_MITIGACION", línea 651
ORA-06512: en línea 1
6/02/2020 13:59:49: [Método: System.Data.IDataReader ExecuteReaderWithFlagsFallback(System.Data.IDbCommand, Boolean, System.Data.CommandBehavior), Línea: 0] - ORA-01476: el divisor es igual a cero
ORA-06512: en "MRVMM.PKG_MRV_INICIATIVA_MITIGACION", línea 651
ORA-06512: en línea 1
6/02/2020 13:59:49: [Método: Boolean MoveNext(), Línea: 0] - ORA-01476: el divisor es igual a cero
ORA-06512: en "MRVMM.PKG_MRV_INICIATIVA_MITIGACION", línea 651
ORA-06512: en línea 1
6/02/2020 13:59:49: [Método: Void .ctor(System.Collections.Generic.IEnumerable`1[T]), Línea: 0] - ORA-01476: el divisor es igual a cero
ORA-06512: en "MRVMM.PKG_MRV_INICIATIVA_MITIGACION", línea 651
ORA-06512: en línea 1
6/02/2020 13:59:49: [Método: System.Collections.Generic.List`1[TSource] ToList[TSource](System.Collections.Generic.IEnumerable`1[TSource]), Línea: 0] - ORA-01476: el divisor es igual a cero
ORA-06512: en "MRVMM.PKG_MRV_INICIATIVA_MITIGACION", línea 651
ORA-06512: en línea 1
6/02/2020 13:59:49: [Método: System.Collections.Generic.IEnumerable`1[T] Query[T](System.Data.IDbConnection, System.String, System.Object, System.Data.IDbTransaction, Boolean, System.Nullable`1[System.Int32], System.Nullable`1[System.Data.CommandType]), Línea: 0] - ORA-01476: el divisor es igual a cero
ORA-06512: en "MRVMM.PKG_MRV_INICIATIVA_MITIGACION", línea 651
ORA-06512: en línea 1
6/02/2020 13:59:49: [Método: System.Collections.Generic.List`1[entidad.minem.gob.pe.IniciativaBE] ListaIniciativaGeneral(entidad.minem.gob.pe.IniciativaBE), Línea: 97] - ORA-01476: el divisor es igual a cero
ORA-06512: en "MRVMM.PKG_MRV_INICIATIVA_MITIGACION", línea 651
ORA-06512: en línea 1
6/02/2020 14:04:55: [Método: Void HandleErrorHelper(Int32, Oracle.DataAccess.Client.OracleConnection, IntPtr, Oracle.DataAccess.Client.OpoSqlValCtx*, System.Object, System.String, Boolean, Int32), Línea: 0] - ORA-01476: el divisor es igual a cero
ORA-06512: en "MRVMM.PKG_MRV_INICIATIVA_MITIGACION", línea 651
ORA-06512: en línea 1
6/02/2020 14:04:55: [Método: Void HandleError(Int32, Oracle.DataAccess.Client.OracleConnection, System.String, IntPtr, Oracle.DataAccess.Client.OpoSqlValCtx*, System.Object, Boolean), Línea: 0] - ORA-01476: el divisor es igual a cero
ORA-06512: en "MRVMM.PKG_MRV_INICIATIVA_MITIGACION", línea 651
ORA-06512: en línea 1
6/02/2020 14:04:55: [Método: Oracle.DataAccess.Client.OracleDataReader ExecuteReader(Boolean, Boolean, System.Data.CommandBehavior), Línea: 0] - ORA-01476: el divisor es igual a cero
ORA-06512: en "MRVMM.PKG_MRV_INICIATIVA_MITIGACION", línea 651
ORA-06512: en línea 1
6/02/2020 14:04:55: [Método: System.Data.Common.DbDataReader ExecuteDbDataReader(System.Data.CommandBehavior), Línea: 0] - ORA-01476: el divisor es igual a cero
ORA-06512: en "MRVMM.PKG_MRV_INICIATIVA_MITIGACION", línea 651
ORA-06512: en línea 1
6/02/2020 14:04:55: [Método: System.Data.IDataReader ExecuteReaderWithFlagsFallback(System.Data.IDbCommand, Boolean, System.Data.CommandBehavior), Línea: 0] - ORA-01476: el divisor es igual a cero
ORA-06512: en "MRVMM.PKG_MRV_INICIATIVA_MITIGACION", línea 651
ORA-06512: en línea 1
6/02/2020 14:04:55: [Método: Boolean MoveNext(), Línea: 0] - ORA-01476: el divisor es igual a cero
ORA-06512: en "MRVMM.PKG_MRV_INICIATIVA_MITIGACION", línea 651
ORA-06512: en línea 1
6/02/2020 14:04:55: [Método: Void .ctor(System.Collections.Generic.IEnumerable`1[T]), Línea: 0] - ORA-01476: el divisor es igual a cero
ORA-06512: en "MRVMM.PKG_MRV_INICIATIVA_MITIGACION", línea 651
ORA-06512: en línea 1
6/02/2020 14:04:55: [Método: System.Collections.Generic.List`1[TSource] ToList[TSource](System.Collections.Generic.IEnumerable`1[TSource]), Línea: 0] - ORA-01476: el divisor es igual a cero
ORA-06512: en "MRVMM.PKG_MRV_INICIATIVA_MITIGACION", línea 651
ORA-06512: en línea 1
6/02/2020 14:04:55: [Método: System.Collections.Generic.IEnumerable`1[T] Query[T](System.Data.IDbConnection, System.String, System.Object, System.Data.IDbTransaction, Boolean, System.Nullable`1[System.Int32], System.Nullable`1[System.Data.CommandType]), Línea: 0] - ORA-01476: el divisor es igual a cero
ORA-06512: en "MRVMM.PKG_MRV_INICIATIVA_MITIGACION", línea 651
ORA-06512: en línea 1
6/02/2020 14:04:55: [Método: System.Collections.Generic.List`1[entidad.minem.gob.pe.IniciativaBE] ListaIniciativaGeneral(entidad.minem.gob.pe.IniciativaBE), Línea: 97] - ORA-01476: el divisor es igual a cero
ORA-06512: en "MRVMM.PKG_MRV_INICIATIVA_MITIGACION", línea 651
ORA-06512: en línea 1
6/02/2020 14:05:19: [Método: Void HandleErrorHelper(Int32, Oracle.DataAccess.Client.OracleConnection, IntPtr, Oracle.DataAccess.Client.OpoSqlValCtx*, System.Object, System.String, Boolean, Int32), Línea: 0] - ORA-06550: línea 1, columna 7:
PLS-00306: número o tipos de argumentos erróneos al llamar a 'USP_SEL_INSTITUCION'
ORA-06550: línea 1, columna 7:
PL/SQL: Statement ignored
6/02/2020 14:05:19: [Método: Void HandleError(Int32, Oracle.DataAccess.Client.OracleConnection, System.String, IntPtr, Oracle.DataAccess.Client.OpoSqlValCtx*, System.Object, Boolean), Línea: 0] - ORA-06550: línea 1, columna 7:
PLS-00306: número o tipos de argumentos erróneos al llamar a 'USP_SEL_INSTITUCION'
ORA-06550: línea 1, columna 7:
PL/SQL: Statement ignored
6/02/2020 14:05:19: [Método: Oracle.DataAccess.Client.OracleDataReader ExecuteReader(Boolean, Boolean, System.Data.CommandBehavior), Línea: 0] - ORA-06550: línea 1, columna 7:
PLS-00306: número o tipos de argumentos erróneos al llamar a 'USP_SEL_INSTITUCION'
ORA-06550: línea 1, columna 7:
PL/SQL: Statement ignored
6/02/2020 14:05:19: [Método: System.Data.Common.DbDataReader ExecuteDbDataReader(System.Data.CommandBehavior), Línea: 0] - ORA-06550: línea 1, columna 7:
PLS-00306: número o tipos de argumentos erróneos al llamar a 'USP_SEL_INSTITUCION'
ORA-06550: línea 1, columna 7:
PL/SQL: Statement ignored
6/02/2020 14:05:19: [Método: System.Data.IDataReader ExecuteReaderWithFlagsFallback(System.Data.IDbCommand, Boolean, System.Data.CommandBehavior), Línea: 0] - ORA-06550: línea 1, columna 7:
PLS-00306: número o tipos de argumentos erróneos al llamar a 'USP_SEL_INSTITUCION'
ORA-06550: línea 1, columna 7:
PL/SQL: Statement ignored
6/02/2020 14:05:19: [Método: Boolean MoveNext(), Línea: 0] - ORA-06550: línea 1, columna 7:
PLS-00306: número o tipos de argumentos erróneos al llamar a 'USP_SEL_INSTITUCION'
ORA-06550: línea 1, columna 7:
PL/SQL: Statement ignored
6/02/2020 14:05:19: [Método: Void .ctor(System.Collections.Generic.IEnumerable`1[T]), Línea: 0] - ORA-06550: línea 1, columna 7:
PLS-00306: número o tipos de argumentos erróneos al llamar a 'USP_SEL_INSTITUCION'
ORA-06550: línea 1, columna 7:
PL/SQL: Statement ignored
6/02/2020 14:05:19: [Método: System.Collections.Generic.List`1[TSource] ToList[TSource](System.Collections.Generic.IEnumerable`1[TSource]), Línea: 0] - ORA-06550: línea 1, columna 7:
PLS-00306: número o tipos de argumentos erróneos al llamar a 'USP_SEL_INSTITUCION'
ORA-06550: línea 1, columna 7:
PL/SQL: Statement ignored
6/02/2020 14:05:19: [Método: System.Collections.Generic.IEnumerable`1[T] Query[T](System.Data.IDbConnection, System.String, System.Object, System.Data.IDbTransaction, Boolean, System.Nullable`1[System.Int32], System.Nullable`1[System.Data.CommandType]), Línea: 0] - ORA-06550: línea 1, columna 7:
PLS-00306: número o tipos de argumentos erróneos al llamar a 'USP_SEL_INSTITUCION'
ORA-06550: línea 1, columna 7:
PL/SQL: Statement ignored
6/02/2020 14:05:19: [Método: System.Collections.Generic.List`1[entidad.minem.gob.pe.InstitucionBE] ListaInstitucionPaginado(entidad.minem.gob.pe.InstitucionBE), Línea: 57] - ORA-06550: línea 1, columna 7:
PLS-00306: número o tipos de argumentos erróneos al llamar a 'USP_SEL_INSTITUCION'
ORA-06550: línea 1, columna 7:
PL/SQL: Statement ignored
6/02/2020 14:08:21: [Método: Void HandleErrorHelper(Int32, Oracle.DataAccess.Client.OracleConnection, IntPtr, Oracle.DataAccess.Client.OpoSqlValCtx*, System.Object, System.String, Boolean, Int32), Línea: 0] - ORA-01476: el divisor es igual a cero
ORA-06512: en "MRVMM.PKG_MRV_INICIATIVA_MITIGACION", línea 651
ORA-06512: en línea 1
6/02/2020 14:08:21: [Método: Void HandleError(Int32, Oracle.DataAccess.Client.OracleConnection, System.String, IntPtr, Oracle.DataAccess.Client.OpoSqlValCtx*, System.Object, Boolean), Línea: 0] - ORA-01476: el divisor es igual a cero
ORA-06512: en "MRVMM.PKG_MRV_INICIATIVA_MITIGACION", línea 651
ORA-06512: en línea 1
6/02/2020 14:08:21: [Método: Oracle.DataAccess.Client.OracleDataReader ExecuteReader(Boolean, Boolean, System.Data.CommandBehavior), Línea: 0] - ORA-01476: el divisor es igual a cero
ORA-06512: en "MRVMM.PKG_MRV_INICIATIVA_MITIGACION", línea 651
ORA-06512: en línea 1
6/02/2020 14:08:21: [Método: System.Data.Common.DbDataReader ExecuteDbDataReader(System.Data.CommandBehavior), Línea: 0] - ORA-01476: el divisor es igual a cero
ORA-06512: en "MRVMM.PKG_MRV_INICIATIVA_MITIGACION", línea 651
ORA-06512: en línea 1
6/02/2020 14:08:21: [Método: System.Data.IDataReader ExecuteReaderWithFlagsFallback(System.Data.IDbCommand, Boolean, System.Data.CommandBehavior), Línea: 0] - ORA-01476: el divisor es igual a cero
ORA-06512: en "MRVMM.PKG_MRV_INICIATIVA_MITIGACION", línea 651
ORA-06512: en línea 1
6/02/2020 14:08:21: [Método: Boolean MoveNext(), Línea: 0] - ORA-01476: el divisor es igual a cero
ORA-06512: en "MRVMM.PKG_MRV_INICIATIVA_MITIGACION", línea 651
ORA-06512: en línea 1
6/02/2020 14:08:21: [Método: Void .ctor(System.Collections.Generic.IEnumerable`1[T]), Línea: 0] - ORA-01476: el divisor es igual a cero
ORA-06512: en "MRVMM.PKG_MRV_INICIATIVA_MITIGACION", línea 651
ORA-06512: en línea 1
6/02/2020 14:08:21: [Método: System.Collections.Generic.List`1[TSource] ToList[TSource](System.Collections.Generic.IEnumerable`1[TSource]), Línea: 0] - ORA-01476: el divisor es igual a cero
ORA-06512: en "MRVMM.PKG_MRV_INICIATIVA_MITIGACION", línea 651
ORA-06512: en línea 1
6/02/2020 14:08:21: [Método: System.Collections.Generic.IEnumerable`1[T] Query[T](System.Data.IDbConnection, System.String, System.Object, System.Data.IDbTransaction, Boolean, System.Nullable`1[System.Int32], System.Nullable`1[System.Data.CommandType]), Línea: 0] - ORA-01476: el divisor es igual a cero
ORA-06512: en "MRVMM.PKG_MRV_INICIATIVA_MITIGACION", línea 651
ORA-06512: en línea 1
6/02/2020 14:08:21: [Método: System.Collections.Generic.List`1[entidad.minem.gob.pe.IniciativaBE] ListaIniciativaGeneral(entidad.minem.gob.pe.IniciativaBE), Línea: 97] - ORA-01476: el divisor es igual a cero
ORA-06512: en "MRVMM.PKG_MRV_INICIATIVA_MITIGACION", línea 651
ORA-06512: en línea 1
6/02/2020 14:15:43: [Método: Void HandleErrorHelper(Int32, Oracle.DataAccess.Client.OracleConnection, IntPtr, Oracle.DataAccess.Client.OpoSqlValCtx*, System.Object, System.String, Boolean, Int32), Línea: 0] - ORA-06550: línea 1, columna 35:
PLS-00302: el componente 'USP_UPD_INSTITUCION' se debe declarar
ORA-06550: línea 1, columna 7:
PL/SQL: Statement ignored
6/02/2020 14:15:43: [Método: Void HandleError(Int32, Oracle.DataAccess.Client.OracleConnection, System.String, IntPtr, Oracle.DataAccess.Client.OpoSqlValCtx*, System.Object, Boolean), Línea: 0] - ORA-06550: línea 1, columna 35:
PLS-00302: el componente 'USP_UPD_INSTITUCION' se debe declarar
ORA-06550: línea 1, columna 7:
PL/SQL: Statement ignored
6/02/2020 14:15:43: [Método: Int32 ExecuteNonQuery(), Línea: 0] - ORA-06550: línea 1, columna 35:
PLS-00302: el componente 'USP_UPD_INSTITUCION' se debe declarar
ORA-06550: línea 1, columna 7:
PL/SQL: Statement ignored
6/02/2020 14:15:43: [Método: Int32 ExecuteNonQuery(Oracle.DataAccess.Client.OracleConnection, System.Data.CommandType, System.String, Oracle.DataAccess.Client.OracleParameter[]), Línea: 255] - ORA-06550: línea 1, columna 35:
PLS-00302: el componente 'USP_UPD_INSTITUCION' se debe declarar
ORA-06550: línea 1, columna 7:
PL/SQL: Statement ignored
6/02/2020 14:15:43: [Método: Int32 ExecuteNonQuery(System.String, System.Data.CommandType, System.String, Oracle.DataAccess.Client.OracleParameter[]), Línea: 178] - ORA-06550: línea 1, columna 35:
PLS-00302: el componente 'USP_UPD_INSTITUCION' se debe declarar
ORA-06550: línea 1, columna 7:
PL/SQL: Statement ignored
6/02/2020 14:15:43: [Método: entidad.minem.gob.pe.InstitucionBE ActualizarInstitucion(entidad.minem.gob.pe.InstitucionBE), Línea: 132] - ORA-06550: línea 1, columna 35:
PLS-00302: el componente 'USP_UPD_INSTITUCION' se debe declarar
ORA-06550: línea 1, columna 7:
PL/SQL: Statement ignored
6/02/2020 14:32:44: [Método: Void HandleErrorHelper(Int32, Oracle.DataAccess.Client.OracleConnection, IntPtr, Oracle.DataAccess.Client.OpoSqlValCtx*, System.Object, System.String, Boolean, Int32), Línea: 0] - ORA-01476: el divisor es igual a cero
ORA-06512: en "MRVMM.PKG_MRV_INICIATIVA_MITIGACION", línea 651
ORA-06512: en línea 1
6/02/2020 14:32:44: [Método: Void HandleError(Int32, Oracle.DataAccess.Client.OracleConnection, System.String, IntPtr, Oracle.DataAccess.Client.OpoSqlValCtx*, System.Object, Boolean), Línea: 0] - ORA-01476: el divisor es igual a cero
ORA-06512: en "MRVMM.PKG_MRV_INICIATIVA_MITIGACION", línea 651
ORA-06512: en línea 1
6/02/2020 14:32:44: [Método: Oracle.DataAccess.Client.OracleDataReader ExecuteReader(Boolean, Boolean, System.Data.CommandBehavior), Línea: 0] - ORA-01476: el divisor es igual a cero
ORA-06512: en "MRVMM.PKG_MRV_INICIATIVA_MITIGACION", línea 651
ORA-06512: en línea 1
6/02/2020 14:32:44: [Método: System.Data.Common.DbDataReader ExecuteDbDataReader(System.Data.CommandBehavior), Línea: 0] - ORA-01476: el divisor es igual a cero
ORA-06512: en "MRVMM.PKG_MRV_INICIATIVA_MITIGACION", línea 651
ORA-06512: en línea 1
6/02/2020 14:32:44: [Método: System.Data.IDataReader ExecuteReaderWithFlagsFallback(System.Data.IDbCommand, Boolean, System.Data.CommandBehavior), Línea: 0] - ORA-01476: el divisor es igual a cero
ORA-06512: en "MRVMM.PKG_MRV_INICIATIVA_MITIGACION", línea 651
ORA-06512: en línea 1
6/02/2020 14:32:44: [Método: Boolean MoveNext(), Línea: 0] - ORA-01476: el divisor es igual a cero
ORA-06512: en "MRVMM.PKG_MRV_INICIATIVA_MITIGACION", línea 651
ORA-06512: en línea 1
6/02/2020 14:32:44: [Método: Void .ctor(System.Collections.Generic.IEnumerable`1[T]), Línea: 0] - ORA-01476: el divisor es igual a cero
ORA-06512: en "MRVMM.PKG_MRV_INICIATIVA_MITIGACION", línea 651
ORA-06512: en línea 1
6/02/2020 14:32:44: [Método: System.Collections.Generic.List`1[TSource] ToList[TSource](System.Collections.Generic.IEnumerable`1[TSource]), Línea: 0] - ORA-01476: el divisor es igual a cero
ORA-06512: en "MRVMM.PKG_MRV_INICIATIVA_MITIGACION", línea 651
ORA-06512: en línea 1
6/02/2020 14:32:44: [Método: System.Collections.Generic.IEnumerable`1[T] Query[T](System.Data.IDbConnection, System.String, System.Object, System.Data.IDbTransaction, Boolean, System.Nullable`1[System.Int32], System.Nullable`1[System.Data.CommandType]), Línea: 0] - ORA-01476: el divisor es igual a cero
ORA-06512: en "MRVMM.PKG_MRV_INICIATIVA_MITIGACION", línea 651
ORA-06512: en línea 1
6/02/2020 14:32:44: [Método: System.Collections.Generic.List`1[entidad.minem.gob.pe.IniciativaBE] ListaIniciativaGeneral(entidad.minem.gob.pe.IniciativaBE), Línea: 97] - ORA-01476: el divisor es igual a cero
ORA-06512: en "MRVMM.PKG_MRV_INICIATIVA_MITIGACION", línea 651
ORA-06512: en línea 1
