28/01/2020 02:11:09: [Método: Void HandleErrorHelper(Int32, Oracle.DataAccess.Client.OracleConnection, IntPtr, Oracle.DataAccess.Client.OpoSqlValCtx*, System.Object, System.String, Boolean, Int32, Oracle.DataAccess.Client.OracleLogicalTransaction), Línea: 0] - ORA-06550: line 1, column 7:
PLS-00201: identifier 'USERMRV2.PKG_MRV_ADMIN_SISTEMA' must be declared
ORA-06550: line 1, column 7:
PL/SQL: Statement ignored
28/01/2020 02:11:09: [Método: Void HandleError(Int32, Oracle.DataAccess.Client.OracleConnection, System.String, IntPtr, Oracle.DataAccess.Client.OpoSqlValCtx*, System.Object, Boolean, Oracle.DataAccess.Client.OracleLogicalTransaction), Línea: 0] - ORA-06550: line 1, column 7:
PLS-00201: identifier 'USERMRV2.PKG_MRV_ADMIN_SISTEMA' must be declared
ORA-06550: line 1, column 7:
PL/SQL: Statement ignored
28/01/2020 02:11:09: [Método: Oracle.DataAccess.Client.OracleDataReader ExecuteReader(Boolean, Boolean, System.Data.CommandBehavior), Línea: 0] - ORA-06550: line 1, column 7:
PLS-00201: identifier 'USERMRV2.PKG_MRV_ADMIN_SISTEMA' must be declared
ORA-06550: line 1, column 7:
PL/SQL: Statement ignored
28/01/2020 02:11:09: [Método: System.Data.Common.DbDataReader ExecuteDbDataReader(System.Data.CommandBehavior), Línea: 0] - ORA-06550: line 1, column 7:
PLS-00201: identifier 'USERMRV2.PKG_MRV_ADMIN_SISTEMA' must be declared
ORA-06550: line 1, column 7:
PL/SQL: Statement ignored
28/01/2020 02:11:09: [Método: System.Data.IDataReader ExecuteReaderWithFlagsFallback(System.Data.IDbCommand, Boolean, System.Data.CommandBehavior), Línea: 0] - ORA-06550: line 1, column 7:
PLS-00201: identifier 'USERMRV2.PKG_MRV_ADMIN_SISTEMA' must be declared
ORA-06550: line 1, column 7:
PL/SQL: Statement ignored
28/01/2020 02:11:09: [Método: Boolean MoveNext(), Línea: 0] - ORA-06550: line 1, column 7:
PLS-00201: identifier 'USERMRV2.PKG_MRV_ADMIN_SISTEMA' must be declared
ORA-06550: line 1, column 7:
PL/SQL: Statement ignored
28/01/2020 02:11:09: [Método: Void .ctor(System.Collections.Generic.IEnumerable`1[T]), Línea: 0] - ORA-06550: line 1, column 7:
PLS-00201: identifier 'USERMRV2.PKG_MRV_ADMIN_SISTEMA' must be declared
ORA-06550: line 1, column 7:
PL/SQL: Statement ignored
28/01/2020 02:11:09: [Método: System.Collections.Generic.List`1[TSource] ToList[TSource](System.Collections.Generic.IEnumerable`1[TSource]), Línea: 0] - ORA-06550: line 1, column 7:
PLS-00201: identifier 'USERMRV2.PKG_MRV_ADMIN_SISTEMA' must be declared
ORA-06550: line 1, column 7:
PL/SQL: Statement ignored
28/01/2020 02:11:09: [Método: System.Collections.Generic.IEnumerable`1[T] Query[T](System.Data.IDbConnection, System.String, System.Object, System.Data.IDbTransaction, Boolean, System.Nullable`1[System.Int32], System.Nullable`1[System.Data.CommandType]), Línea: 0] - ORA-06550: line 1, column 7:
PLS-00201: identifier 'USERMRV2.PKG_MRV_ADMIN_SISTEMA' must be declared
ORA-06550: line 1, column 7:
PL/SQL: Statement ignored
28/01/2020 02:11:09: [Método: entidad.minem.gob.pe.UsuarioBE ObtenerPassword(entidad.minem.gob.pe.UsuarioBE), Línea: 221] - ORA-06550: line 1, column 7:
PLS-00201: identifier 'USERMRV2.PKG_MRV_ADMIN_SISTEMA' must be declared
ORA-06550: line 1, column 7:
PL/SQL: Statement ignored
28/01/2020 02:11:33: [Método: Void HandleErrorHelper(Int32, Oracle.DataAccess.Client.OracleConnection, IntPtr, Oracle.DataAccess.Client.OpoSqlValCtx*, System.Object, System.String, Boolean, Int32, Oracle.DataAccess.Client.OracleLogicalTransaction), Línea: 0] - ORA-06550: line 1, column 7:
PLS-00201: identifier 'USERMRV2.PKG_MRV_ADMIN_SISTEMA' must be declared
ORA-06550: line 1, column 7:
PL/SQL: Statement ignored
28/01/2020 02:11:33: [Método: Void HandleError(Int32, Oracle.DataAccess.Client.OracleConnection, System.String, IntPtr, Oracle.DataAccess.Client.OpoSqlValCtx*, System.Object, Boolean, Oracle.DataAccess.Client.OracleLogicalTransaction), Línea: 0] - ORA-06550: line 1, column 7:
PLS-00201: identifier 'USERMRV2.PKG_MRV_ADMIN_SISTEMA' must be declared
ORA-06550: line 1, column 7:
PL/SQL: Statement ignored
28/01/2020 02:11:33: [Método: Oracle.DataAccess.Client.OracleDataReader ExecuteReader(Boolean, Boolean, System.Data.CommandBehavior), Línea: 0] - ORA-06550: line 1, column 7:
PLS-00201: identifier 'USERMRV2.PKG_MRV_ADMIN_SISTEMA' must be declared
ORA-06550: line 1, column 7:
PL/SQL: Statement ignored
28/01/2020 02:11:33: [Método: System.Data.Common.DbDataReader ExecuteDbDataReader(System.Data.CommandBehavior), Línea: 0] - ORA-06550: line 1, column 7:
PLS-00201: identifier 'USERMRV2.PKG_MRV_ADMIN_SISTEMA' must be declared
ORA-06550: line 1, column 7:
PL/SQL: Statement ignored
28/01/2020 02:11:33: [Método: System.Data.IDataReader ExecuteReaderWithFlagsFallback(System.Data.IDbCommand, Boolean, System.Data.CommandBehavior), Línea: 0] - ORA-06550: line 1, column 7:
PLS-00201: identifier 'USERMRV2.PKG_MRV_ADMIN_SISTEMA' must be declared
ORA-06550: line 1, column 7:
PL/SQL: Statement ignored
28/01/2020 02:11:33: [Método: Boolean MoveNext(), Línea: 0] - ORA-06550: line 1, column 7:
PLS-00201: identifier 'USERMRV2.PKG_MRV_ADMIN_SISTEMA' must be declared
ORA-06550: line 1, column 7:
PL/SQL: Statement ignored
28/01/2020 02:11:33: [Método: Void .ctor(System.Collections.Generic.IEnumerable`1[T]), Línea: 0] - ORA-06550: line 1, column 7:
PLS-00201: identifier 'USERMRV2.PKG_MRV_ADMIN_SISTEMA' must be declared
ORA-06550: line 1, column 7:
PL/SQL: Statement ignored
28/01/2020 02:11:33: [Método: System.Collections.Generic.List`1[TSource] ToList[TSource](System.Collections.Generic.IEnumerable`1[TSource]), Línea: 0] - ORA-06550: line 1, column 7:
PLS-00201: identifier 'USERMRV2.PKG_MRV_ADMIN_SISTEMA' must be declared
ORA-06550: line 1, column 7:
PL/SQL: Statement ignored
28/01/2020 02:11:33: [Método: System.Collections.Generic.IEnumerable`1[T] Query[T](System.Data.IDbConnection, System.String, System.Object, System.Data.IDbTransaction, Boolean, System.Nullable`1[System.Int32], System.Nullable`1[System.Data.CommandType]), Línea: 0] - ORA-06550: line 1, column 7:
PLS-00201: identifier 'USERMRV2.PKG_MRV_ADMIN_SISTEMA' must be declared
ORA-06550: line 1, column 7:
PL/SQL: Statement ignored
28/01/2020 02:11:33: [Método: entidad.minem.gob.pe.UsuarioBE ObtenerPassword(entidad.minem.gob.pe.UsuarioBE), Línea: 221] - ORA-06550: line 1, column 7:
PLS-00201: identifier 'USERMRV2.PKG_MRV_ADMIN_SISTEMA' must be declared
ORA-06550: line 1, column 7:
PL/SQL: Statement ignored
28/01/2020 02:13:19: [Método: Void HandleErrorHelper(Int32, Oracle.DataAccess.Client.OracleConnection, IntPtr, Oracle.DataAccess.Client.OpoSqlValCtx*, System.Object, System.String, Boolean, Int32, Oracle.DataAccess.Client.OracleLogicalTransaction), Línea: 0] - ORA-06550: line 1, column 7:
PLS-00201: identifier 'USERMRV2.PKG_MRV_ADMIN_SISTEMA' must be declared
ORA-06550: line 1, column 7:
PL/SQL: Statement ignored
28/01/2020 02:13:19: [Método: Void HandleError(Int32, Oracle.DataAccess.Client.OracleConnection, System.String, IntPtr, Oracle.DataAccess.Client.OpoSqlValCtx*, System.Object, Boolean, Oracle.DataAccess.Client.OracleLogicalTransaction), Línea: 0] - ORA-06550: line 1, column 7:
PLS-00201: identifier 'USERMRV2.PKG_MRV_ADMIN_SISTEMA' must be declared
ORA-06550: line 1, column 7:
PL/SQL: Statement ignored
28/01/2020 02:13:19: [Método: Oracle.DataAccess.Client.OracleDataReader ExecuteReader(Boolean, Boolean, System.Data.CommandBehavior), Línea: 0] - ORA-06550: line 1, column 7:
PLS-00201: identifier 'USERMRV2.PKG_MRV_ADMIN_SISTEMA' must be declared
ORA-06550: line 1, column 7:
PL/SQL: Statement ignored
28/01/2020 02:13:19: [Método: System.Data.Common.DbDataReader ExecuteDbDataReader(System.Data.CommandBehavior), Línea: 0] - ORA-06550: line 1, column 7:
PLS-00201: identifier 'USERMRV2.PKG_MRV_ADMIN_SISTEMA' must be declared
ORA-06550: line 1, column 7:
PL/SQL: Statement ignored
28/01/2020 02:13:19: [Método: System.Data.IDataReader ExecuteReaderWithFlagsFallback(System.Data.IDbCommand, Boolean, System.Data.CommandBehavior), Línea: 0] - ORA-06550: line 1, column 7:
PLS-00201: identifier 'USERMRV2.PKG_MRV_ADMIN_SISTEMA' must be declared
ORA-06550: line 1, column 7:
PL/SQL: Statement ignored
28/01/2020 02:13:19: [Método: Boolean MoveNext(), Línea: 0] - ORA-06550: line 1, column 7:
PLS-00201: identifier 'USERMRV2.PKG_MRV_ADMIN_SISTEMA' must be declared
ORA-06550: line 1, column 7:
PL/SQL: Statement ignored
28/01/2020 02:13:19: [Método: Void .ctor(System.Collections.Generic.IEnumerable`1[T]), Línea: 0] - ORA-06550: line 1, column 7:
PLS-00201: identifier 'USERMRV2.PKG_MRV_ADMIN_SISTEMA' must be declared
ORA-06550: line 1, column 7:
PL/SQL: Statement ignored
28/01/2020 02:13:19: [Método: System.Collections.Generic.List`1[TSource] ToList[TSource](System.Collections.Generic.IEnumerable`1[TSource]), Línea: 0] - ORA-06550: line 1, column 7:
PLS-00201: identifier 'USERMRV2.PKG_MRV_ADMIN_SISTEMA' must be declared
ORA-06550: line 1, column 7:
PL/SQL: Statement ignored
28/01/2020 02:13:19: [Método: System.Collections.Generic.IEnumerable`1[T] Query[T](System.Data.IDbConnection, System.String, System.Object, System.Data.IDbTransaction, Boolean, System.Nullable`1[System.Int32], System.Nullable`1[System.Data.CommandType]), Línea: 0] - ORA-06550: line 1, column 7:
PLS-00201: identifier 'USERMRV2.PKG_MRV_ADMIN_SISTEMA' must be declared
ORA-06550: line 1, column 7:
PL/SQL: Statement ignored
28/01/2020 02:13:19: [Método: entidad.minem.gob.pe.UsuarioBE ObtenerPassword(entidad.minem.gob.pe.UsuarioBE), Línea: 221] - ORA-06550: line 1, column 7:
PLS-00201: identifier 'USERMRV2.PKG_MRV_ADMIN_SISTEMA' must be declared
ORA-06550: line 1, column 7:
PL/SQL: Statement ignored
28/01/2020 02:28:13: [Método: Void HandleErrorHelper(Int32, Oracle.DataAccess.Client.OracleConnection, IntPtr, Oracle.DataAccess.Client.OpoSqlValCtx*, System.Object, System.String, Boolean, Int32, Oracle.DataAccess.Client.OracleLogicalTransaction), Línea: 0] - ORA-06550: line 1, column 7:
PLS-00306: wrong number or types of arguments in call to 'USP_UPD_VISTO_NOTIFICACION'
ORA-06550: line 1, column 7:
PL/SQL: Statement ignored
28/01/2020 02:28:13: [Método: Void HandleError(Int32, Oracle.DataAccess.Client.OracleConnection, System.String, IntPtr, Oracle.DataAccess.Client.OpoSqlValCtx*, System.Object, Boolean, Oracle.DataAccess.Client.OracleLogicalTransaction), Línea: 0] - ORA-06550: line 1, column 7:
PLS-00306: wrong number or types of arguments in call to 'USP_UPD_VISTO_NOTIFICACION'
ORA-06550: line 1, column 7:
PL/SQL: Statement ignored
28/01/2020 02:28:13: [Método: Int32 ExecuteNonQuery(), Línea: 0] - ORA-06550: line 1, column 7:
PLS-00306: wrong number or types of arguments in call to 'USP_UPD_VISTO_NOTIFICACION'
ORA-06550: line 1, column 7:
PL/SQL: Statement ignored
28/01/2020 02:28:13: [Método: Int32 ExecuteCommand(System.Data.IDbConnection, Dapper.CommandDefinition ByRef, System.Action`2[System.Data.IDbCommand,System.Object]), Línea: 0] - ORA-06550: line 1, column 7:
PLS-00306: wrong number or types of arguments in call to 'USP_UPD_VISTO_NOTIFICACION'
ORA-06550: line 1, column 7:
PL/SQL: Statement ignored
28/01/2020 02:28:13: [Método: Int32 ExecuteImpl(System.Data.IDbConnection, Dapper.CommandDefinition ByRef), Línea: 0] - ORA-06550: line 1, column 7:
PLS-00306: wrong number or types of arguments in call to 'USP_UPD_VISTO_NOTIFICACION'
ORA-06550: line 1, column 7:
PL/SQL: Statement ignored
28/01/2020 02:28:13: [Método: Int32 Execute(System.Data.IDbConnection, System.String, System.Object, System.Data.IDbTransaction, System.Nullable`1[System.Int32], System.Nullable`1[System.Data.CommandType]), Línea: 0] - ORA-06550: line 1, column 7:
PLS-00306: wrong number or types of arguments in call to 'USP_UPD_VISTO_NOTIFICACION'
ORA-06550: line 1, column 7:
PL/SQL: Statement ignored
28/01/2020 02:28:13: [Método: entidad.minem.gob.pe.NotificacionBE RegistraVistoNotificacion(entidad.minem.gob.pe.NotificacionBE), Línea: 113] - ORA-06550: line 1, column 7:
PLS-00306: wrong number or types of arguments in call to 'USP_UPD_VISTO_NOTIFICACION'
ORA-06550: line 1, column 7:
PL/SQL: Statement ignored
28/01/2020 02:28:24: [Método: Void HandleErrorHelper(Int32, Oracle.DataAccess.Client.OracleConnection, IntPtr, Oracle.DataAccess.Client.OpoSqlValCtx*, System.Object, System.String, Boolean, Int32, Oracle.DataAccess.Client.OracleLogicalTransaction), Línea: 0] - ORA-06550: line 1, column 7:
PLS-00306: wrong number or types of arguments in call to 'USP_UPD_VISTO_NOTIFICACION'
ORA-06550: line 1, column 7:
PL/SQL: Statement ignored
28/01/2020 02:28:24: [Método: Void HandleError(Int32, Oracle.DataAccess.Client.OracleConnection, System.String, IntPtr, Oracle.DataAccess.Client.OpoSqlValCtx*, System.Object, Boolean, Oracle.DataAccess.Client.OracleLogicalTransaction), Línea: 0] - ORA-06550: line 1, column 7:
PLS-00306: wrong number or types of arguments in call to 'USP_UPD_VISTO_NOTIFICACION'
ORA-06550: line 1, column 7:
PL/SQL: Statement ignored
28/01/2020 02:28:24: [Método: Int32 ExecuteNonQuery(), Línea: 0] - ORA-06550: line 1, column 7:
PLS-00306: wrong number or types of arguments in call to 'USP_UPD_VISTO_NOTIFICACION'
ORA-06550: line 1, column 7:
PL/SQL: Statement ignored
28/01/2020 02:28:24: [Método: Int32 ExecuteCommand(System.Data.IDbConnection, Dapper.CommandDefinition ByRef, System.Action`2[System.Data.IDbCommand,System.Object]), Línea: 0] - ORA-06550: line 1, column 7:
PLS-00306: wrong number or types of arguments in call to 'USP_UPD_VISTO_NOTIFICACION'
ORA-06550: line 1, column 7:
PL/SQL: Statement ignored
28/01/2020 02:28:24: [Método: Int32 ExecuteImpl(System.Data.IDbConnection, Dapper.CommandDefinition ByRef), Línea: 0] - ORA-06550: line 1, column 7:
PLS-00306: wrong number or types of arguments in call to 'USP_UPD_VISTO_NOTIFICACION'
ORA-06550: line 1, column 7:
PL/SQL: Statement ignored
28/01/2020 02:28:24: [Método: Int32 Execute(System.Data.IDbConnection, System.String, System.Object, System.Data.IDbTransaction, System.Nullable`1[System.Int32], System.Nullable`1[System.Data.CommandType]), Línea: 0] - ORA-06550: line 1, column 7:
PLS-00306: wrong number or types of arguments in call to 'USP_UPD_VISTO_NOTIFICACION'
ORA-06550: line 1, column 7:
PL/SQL: Statement ignored
28/01/2020 02:28:24: [Método: entidad.minem.gob.pe.NotificacionBE RegistraVistoNotificacion(entidad.minem.gob.pe.NotificacionBE), Línea: 113] - ORA-06550: line 1, column 7:
PLS-00306: wrong number or types of arguments in call to 'USP_UPD_VISTO_NOTIFICACION'
ORA-06550: line 1, column 7:
PL/SQL: Statement ignored
