18/01/2020 06:45:17 a.m.: [Método: Void HandleErrorHelper(Int32, Oracle.DataAccess.Client.OracleConnection, IntPtr, Oracle.DataAccess.Client.OpoSqlValCtx*, System.Object, System.String, Boolean, Int32, Oracle.DataAccess.Client.OracleLogicalTransaction), Línea: 0] - ORA-12170: TNS:Connect timeout occurred
18/01/2020 06:45:17 a.m.: [Método: Void HandleError(Int32, Oracle.DataAccess.Client.OracleConnection, IntPtr, System.Object, Oracle.DataAccess.Client.OracleLogicalTransaction), Línea: 0] - ORA-12170: TNS:Connect timeout occurred
18/01/2020 06:45:17 a.m.: [Método: Void Open(Oracle.DataAccess.Client.OracleConnection), Línea: 0] - ORA-12170: TNS:Connect timeout occurred
18/01/2020 06:45:17 a.m.: [Método: Void Open(), Línea: 0] - ORA-12170: TNS:Connect timeout occurred
18/01/2020 06:45:17 a.m.: [Método: Boolean MoveNext(), Línea: 0] - ORA-12170: TNS:Connect timeout occurred
18/01/2020 06:45:17 a.m.: [Método: Void .ctor(System.Collections.Generic.IEnumerable`1[T]), Línea: 0] - ORA-12170: TNS:Connect timeout occurred
18/01/2020 06:45:17 a.m.: [Método: System.Collections.Generic.List`1[TSource] ToList[TSource](System.Collections.Generic.IEnumerable`1[TSource]), Línea: 0] - ORA-12170: TNS:Connect timeout occurred
18/01/2020 06:45:18 a.m.: [Método: System.Collections.Generic.IEnumerable`1[T] Query[T](System.Data.IDbConnection, System.String, System.Object, System.Data.IDbTransaction, Boolean, System.Nullable`1[System.Int32], System.Nullable`1[System.Data.CommandType]), Línea: 0] - ORA-12170: TNS:Connect timeout occurred
18/01/2020 06:45:18 a.m.: [Método: System.Collections.Generic.List`1[entidad.minem.gob.pe.SectorInstitucionBE] ListaSectorInstitucion(entidad.minem.gob.pe.SectorInstitucionBE), Línea: 30] - ORA-12170: TNS:Connect timeout occurred
18/01/2020 02:06:20 p.m.: [Método: Void HandleErrorHelper(Int32, Oracle.DataAccess.Client.OracleConnection, IntPtr, Oracle.DataAccess.Client.OpoSqlValCtx*, System.Object, System.String, Boolean, Int32, Oracle.DataAccess.Client.OracleLogicalTransaction), Línea: 0] - ORA-06550: line 1, column 45:
PLS-00302: component 'USP_SEL_SEGUIMIENTO_INICIATIVA' must be declared
ORA-06550: line 1, column 7:
PL/SQL: Statement ignored
18/01/2020 02:06:20 p.m.: [Método: Void HandleError(Int32, Oracle.DataAccess.Client.OracleConnection, System.String, IntPtr, Oracle.DataAccess.Client.OpoSqlValCtx*, System.Object, Boolean, Oracle.DataAccess.Client.OracleLogicalTransaction), Línea: 0] - ORA-06550: line 1, column 45:
PLS-00302: component 'USP_SEL_SEGUIMIENTO_INICIATIVA' must be declared
ORA-06550: line 1, column 7:
PL/SQL: Statement ignored
18/01/2020 02:06:20 p.m.: [Método: Oracle.DataAccess.Client.OracleDataReader ExecuteReader(Boolean, Boolean, System.Data.CommandBehavior), Línea: 0] - ORA-06550: line 1, column 45:
PLS-00302: component 'USP_SEL_SEGUIMIENTO_INICIATIVA' must be declared
ORA-06550: line 1, column 7:
PL/SQL: Statement ignored
18/01/2020 02:06:20 p.m.: [Método: System.Data.Common.DbDataReader ExecuteDbDataReader(System.Data.CommandBehavior), Línea: 0] - ORA-06550: line 1, column 45:
PLS-00302: component 'USP_SEL_SEGUIMIENTO_INICIATIVA' must be declared
ORA-06550: line 1, column 7:
PL/SQL: Statement ignored
18/01/2020 02:06:20 p.m.: [Método: System.Data.IDataReader System.Data.IDbCommand.ExecuteReader(System.Data.CommandBehavior), Línea: 0] - ORA-06550: line 1, column 45:
PLS-00302: component 'USP_SEL_SEGUIMIENTO_INICIATIVA' must be declared
ORA-06550: line 1, column 7:
PL/SQL: Statement ignored
18/01/2020 02:06:20 p.m.: [Método: System.Data.IDataReader ExecuteReaderWithFlagsFallback(System.Data.IDbCommand, Boolean, System.Data.CommandBehavior), Línea: 0] - ORA-06550: line 1, column 45:
PLS-00302: component 'USP_SEL_SEGUIMIENTO_INICIATIVA' must be declared
ORA-06550: line 1, column 7:
PL/SQL: Statement ignored
18/01/2020 02:06:20 p.m.: [Método: Boolean MoveNext(), Línea: 0] - ORA-06550: line 1, column 45:
PLS-00302: component 'USP_SEL_SEGUIMIENTO_INICIATIVA' must be declared
ORA-06550: line 1, column 7:
PL/SQL: Statement ignored
18/01/2020 02:06:20 p.m.: [Método: Void .ctor(System.Collections.Generic.IEnumerable`1[T]), Línea: 0] - ORA-06550: line 1, column 45:
PLS-00302: component 'USP_SEL_SEGUIMIENTO_INICIATIVA' must be declared
ORA-06550: line 1, column 7:
PL/SQL: Statement ignored
18/01/2020 02:06:20 p.m.: [Método: System.Collections.Generic.List`1[TSource] ToList[TSource](System.Collections.Generic.IEnumerable`1[TSource]), Línea: 0] - ORA-06550: line 1, column 45:
PLS-00302: component 'USP_SEL_SEGUIMIENTO_INICIATIVA' must be declared
ORA-06550: line 1, column 7:
PL/SQL: Statement ignored
18/01/2020 02:06:20 p.m.: [Método: System.Collections.Generic.IEnumerable`1[T] Query[T](System.Data.IDbConnection, System.String, System.Object, System.Data.IDbTransaction, Boolean, System.Nullable`1[System.Int32], System.Nullable`1[System.Data.CommandType]), Línea: 0] - ORA-06550: line 1, column 45:
PLS-00302: component 'USP_SEL_SEGUIMIENTO_INICIATIVA' must be declared
ORA-06550: line 1, column 7:
PL/SQL: Statement ignored
18/01/2020 02:06:20 p.m.: [Método: System.Collections.Generic.List`1[entidad.minem.gob.pe.IniciativaBE] MostrarSeguimiento(entidad.minem.gob.pe.IniciativaBE), Línea: 542] - ORA-06550: line 1, column 45:
PLS-00302: component 'USP_SEL_SEGUIMIENTO_INICIATIVA' must be declared
ORA-06550: line 1, column 7:
PL/SQL: Statement ignored
18/01/2020 02:06:50 p.m.: [Método: Void HandleErrorHelper(Int32, Oracle.DataAccess.Client.OracleConnection, IntPtr, Oracle.DataAccess.Client.OpoSqlValCtx*, System.Object, System.String, Boolean, Int32, Oracle.DataAccess.Client.OracleLogicalTransaction), Línea: 0] - ORA-06550: line 1, column 45:
PLS-00302: component 'USP_SEL_SEGUIMIENTO_INICIATIVA' must be declared
ORA-06550: line 1, column 7:
PL/SQL: Statement ignored
18/01/2020 02:06:50 p.m.: [Método: Void HandleError(Int32, Oracle.DataAccess.Client.OracleConnection, System.String, IntPtr, Oracle.DataAccess.Client.OpoSqlValCtx*, System.Object, Boolean, Oracle.DataAccess.Client.OracleLogicalTransaction), Línea: 0] - ORA-06550: line 1, column 45:
PLS-00302: component 'USP_SEL_SEGUIMIENTO_INICIATIVA' must be declared
ORA-06550: line 1, column 7:
PL/SQL: Statement ignored
18/01/2020 02:06:50 p.m.: [Método: Oracle.DataAccess.Client.OracleDataReader ExecuteReader(Boolean, Boolean, System.Data.CommandBehavior), Línea: 0] - ORA-06550: line 1, column 45:
PLS-00302: component 'USP_SEL_SEGUIMIENTO_INICIATIVA' must be declared
ORA-06550: line 1, column 7:
PL/SQL: Statement ignored
18/01/2020 02:06:50 p.m.: [Método: System.Data.Common.DbDataReader ExecuteDbDataReader(System.Data.CommandBehavior), Línea: 0] - ORA-06550: line 1, column 45:
PLS-00302: component 'USP_SEL_SEGUIMIENTO_INICIATIVA' must be declared
ORA-06550: line 1, column 7:
PL/SQL: Statement ignored
18/01/2020 02:06:50 p.m.: [Método: System.Data.IDataReader System.Data.IDbCommand.ExecuteReader(System.Data.CommandBehavior), Línea: 0] - ORA-06550: line 1, column 45:
PLS-00302: component 'USP_SEL_SEGUIMIENTO_INICIATIVA' must be declared
ORA-06550: line 1, column 7:
PL/SQL: Statement ignored
18/01/2020 02:06:50 p.m.: [Método: System.Data.IDataReader ExecuteReaderWithFlagsFallback(System.Data.IDbCommand, Boolean, System.Data.CommandBehavior), Línea: 0] - ORA-06550: line 1, column 45:
PLS-00302: component 'USP_SEL_SEGUIMIENTO_INICIATIVA' must be declared
ORA-06550: line 1, column 7:
PL/SQL: Statement ignored
18/01/2020 02:06:50 p.m.: [Método: Boolean MoveNext(), Línea: 0] - ORA-06550: line 1, column 45:
PLS-00302: component 'USP_SEL_SEGUIMIENTO_INICIATIVA' must be declared
ORA-06550: line 1, column 7:
PL/SQL: Statement ignored
18/01/2020 02:06:50 p.m.: [Método: Void .ctor(System.Collections.Generic.IEnumerable`1[T]), Línea: 0] - ORA-06550: line 1, column 45:
PLS-00302: component 'USP_SEL_SEGUIMIENTO_INICIATIVA' must be declared
ORA-06550: line 1, column 7:
PL/SQL: Statement ignored
18/01/2020 02:06:50 p.m.: [Método: System.Collections.Generic.List`1[TSource] ToList[TSource](System.Collections.Generic.IEnumerable`1[TSource]), Línea: 0] - ORA-06550: line 1, column 45:
PLS-00302: component 'USP_SEL_SEGUIMIENTO_INICIATIVA' must be declared
ORA-06550: line 1, column 7:
PL/SQL: Statement ignored
18/01/2020 02:06:50 p.m.: [Método: System.Collections.Generic.IEnumerable`1[T] Query[T](System.Data.IDbConnection, System.String, System.Object, System.Data.IDbTransaction, Boolean, System.Nullable`1[System.Int32], System.Nullable`1[System.Data.CommandType]), Línea: 0] - ORA-06550: line 1, column 45:
PLS-00302: component 'USP_SEL_SEGUIMIENTO_INICIATIVA' must be declared
ORA-06550: line 1, column 7:
PL/SQL: Statement ignored
18/01/2020 02:06:50 p.m.: [Método: System.Collections.Generic.List`1[entidad.minem.gob.pe.IniciativaBE] MostrarSeguimiento(entidad.minem.gob.pe.IniciativaBE), Línea: 542] - ORA-06550: line 1, column 45:
PLS-00302: component 'USP_SEL_SEGUIMIENTO_INICIATIVA' must be declared
ORA-06550: line 1, column 7:
PL/SQL: Statement ignored
18/01/2020 02:09:50 p.m.: [Método: Void HandleErrorHelper(Int32, Oracle.DataAccess.Client.OracleConnection, IntPtr, Oracle.DataAccess.Client.OpoSqlValCtx*, System.Object, System.String, Boolean, Int32, Oracle.DataAccess.Client.OracleLogicalTransaction), Línea: 0] - ORA-06550: line 1, column 45:
PLS-00302: component 'USP_SEL_SEGUIMIENTO_INICIATIVA' must be declared
ORA-06550: line 1, column 7:
PL/SQL: Statement ignored
18/01/2020 02:09:50 p.m.: [Método: Void HandleError(Int32, Oracle.DataAccess.Client.OracleConnection, System.String, IntPtr, Oracle.DataAccess.Client.OpoSqlValCtx*, System.Object, Boolean, Oracle.DataAccess.Client.OracleLogicalTransaction), Línea: 0] - ORA-06550: line 1, column 45:
PLS-00302: component 'USP_SEL_SEGUIMIENTO_INICIATIVA' must be declared
ORA-06550: line 1, column 7:
PL/SQL: Statement ignored
18/01/2020 02:09:50 p.m.: [Método: Oracle.DataAccess.Client.OracleDataReader ExecuteReader(Boolean, Boolean, System.Data.CommandBehavior), Línea: 0] - ORA-06550: line 1, column 45:
PLS-00302: component 'USP_SEL_SEGUIMIENTO_INICIATIVA' must be declared
ORA-06550: line 1, column 7:
PL/SQL: Statement ignored
18/01/2020 02:09:50 p.m.: [Método: System.Data.Common.DbDataReader ExecuteDbDataReader(System.Data.CommandBehavior), Línea: 0] - ORA-06550: line 1, column 45:
PLS-00302: component 'USP_SEL_SEGUIMIENTO_INICIATIVA' must be declared
ORA-06550: line 1, column 7:
PL/SQL: Statement ignored
18/01/2020 02:09:50 p.m.: [Método: System.Data.IDataReader System.Data.IDbCommand.ExecuteReader(System.Data.CommandBehavior), Línea: 0] - ORA-06550: line 1, column 45:
PLS-00302: component 'USP_SEL_SEGUIMIENTO_INICIATIVA' must be declared
ORA-06550: line 1, column 7:
PL/SQL: Statement ignored
18/01/2020 02:09:50 p.m.: [Método: System.Data.IDataReader ExecuteReaderWithFlagsFallback(System.Data.IDbCommand, Boolean, System.Data.CommandBehavior), Línea: 0] - ORA-06550: line 1, column 45:
PLS-00302: component 'USP_SEL_SEGUIMIENTO_INICIATIVA' must be declared
ORA-06550: line 1, column 7:
PL/SQL: Statement ignored
18/01/2020 02:09:50 p.m.: [Método: Boolean MoveNext(), Línea: 0] - ORA-06550: line 1, column 45:
PLS-00302: component 'USP_SEL_SEGUIMIENTO_INICIATIVA' must be declared
ORA-06550: line 1, column 7:
PL/SQL: Statement ignored
18/01/2020 02:09:50 p.m.: [Método: Void .ctor(System.Collections.Generic.IEnumerable`1[T]), Línea: 0] - ORA-06550: line 1, column 45:
PLS-00302: component 'USP_SEL_SEGUIMIENTO_INICIATIVA' must be declared
ORA-06550: line 1, column 7:
PL/SQL: Statement ignored
18/01/2020 02:09:50 p.m.: [Método: System.Collections.Generic.List`1[TSource] ToList[TSource](System.Collections.Generic.IEnumerable`1[TSource]), Línea: 0] - ORA-06550: line 1, column 45:
PLS-00302: component 'USP_SEL_SEGUIMIENTO_INICIATIVA' must be declared
ORA-06550: line 1, column 7:
PL/SQL: Statement ignored
18/01/2020 02:09:50 p.m.: [Método: System.Collections.Generic.IEnumerable`1[T] Query[T](System.Data.IDbConnection, System.String, System.Object, System.Data.IDbTransaction, Boolean, System.Nullable`1[System.Int32], System.Nullable`1[System.Data.CommandType]), Línea: 0] - ORA-06550: line 1, column 45:
PLS-00302: component 'USP_SEL_SEGUIMIENTO_INICIATIVA' must be declared
ORA-06550: line 1, column 7:
PL/SQL: Statement ignored
18/01/2020 02:09:50 p.m.: [Método: System.Collections.Generic.List`1[entidad.minem.gob.pe.IniciativaBE] MostrarSeguimiento(entidad.minem.gob.pe.IniciativaBE), Línea: 542] - ORA-06550: line 1, column 45:
PLS-00302: component 'USP_SEL_SEGUIMIENTO_INICIATIVA' must be declared
ORA-06550: line 1, column 7:
PL/SQL: Statement ignored
18/01/2020 02:11:45 p.m.: [Método: Void HandleErrorHelper(Int32, Oracle.DataAccess.Client.OracleConnection, IntPtr, Oracle.DataAccess.Client.OpoSqlValCtx*, System.Object, System.String, Boolean, Int32, Oracle.DataAccess.Client.OracleLogicalTransaction), Línea: 0] - ORA-06550: line 1, column 45:
PLS-00302: component 'USP_SEL_SEGUIMIENTO_INICIATIVA' must be declared
ORA-06550: line 1, column 7:
PL/SQL: Statement ignored
18/01/2020 02:11:45 p.m.: [Método: Void HandleError(Int32, Oracle.DataAccess.Client.OracleConnection, System.String, IntPtr, Oracle.DataAccess.Client.OpoSqlValCtx*, System.Object, Boolean, Oracle.DataAccess.Client.OracleLogicalTransaction), Línea: 0] - ORA-06550: line 1, column 45:
PLS-00302: component 'USP_SEL_SEGUIMIENTO_INICIATIVA' must be declared
ORA-06550: line 1, column 7:
PL/SQL: Statement ignored
18/01/2020 02:11:45 p.m.: [Método: Oracle.DataAccess.Client.OracleDataReader ExecuteReader(Boolean, Boolean, System.Data.CommandBehavior), Línea: 0] - ORA-06550: line 1, column 45:
PLS-00302: component 'USP_SEL_SEGUIMIENTO_INICIATIVA' must be declared
ORA-06550: line 1, column 7:
PL/SQL: Statement ignored
18/01/2020 02:11:45 p.m.: [Método: System.Data.Common.DbDataReader ExecuteDbDataReader(System.Data.CommandBehavior), Línea: 0] - ORA-06550: line 1, column 45:
PLS-00302: component 'USP_SEL_SEGUIMIENTO_INICIATIVA' must be declared
ORA-06550: line 1, column 7:
PL/SQL: Statement ignored
18/01/2020 02:11:45 p.m.: [Método: System.Data.IDataReader System.Data.IDbCommand.ExecuteReader(System.Data.CommandBehavior), Línea: 0] - ORA-06550: line 1, column 45:
PLS-00302: component 'USP_SEL_SEGUIMIENTO_INICIATIVA' must be declared
ORA-06550: line 1, column 7:
PL/SQL: Statement ignored
18/01/2020 02:11:45 p.m.: [Método: System.Data.IDataReader ExecuteReaderWithFlagsFallback(System.Data.IDbCommand, Boolean, System.Data.CommandBehavior), Línea: 0] - ORA-06550: line 1, column 45:
PLS-00302: component 'USP_SEL_SEGUIMIENTO_INICIATIVA' must be declared
ORA-06550: line 1, column 7:
PL/SQL: Statement ignored
18/01/2020 02:11:45 p.m.: [Método: Boolean MoveNext(), Línea: 0] - ORA-06550: line 1, column 45:
PLS-00302: component 'USP_SEL_SEGUIMIENTO_INICIATIVA' must be declared
ORA-06550: line 1, column 7:
PL/SQL: Statement ignored
18/01/2020 02:11:45 p.m.: [Método: Void .ctor(System.Collections.Generic.IEnumerable`1[T]), Línea: 0] - ORA-06550: line 1, column 45:
PLS-00302: component 'USP_SEL_SEGUIMIENTO_INICIATIVA' must be declared
ORA-06550: line 1, column 7:
PL/SQL: Statement ignored
18/01/2020 02:11:45 p.m.: [Método: System.Collections.Generic.List`1[TSource] ToList[TSource](System.Collections.Generic.IEnumerable`1[TSource]), Línea: 0] - ORA-06550: line 1, column 45:
PLS-00302: component 'USP_SEL_SEGUIMIENTO_INICIATIVA' must be declared
ORA-06550: line 1, column 7:
PL/SQL: Statement ignored
18/01/2020 02:11:45 p.m.: [Método: System.Collections.Generic.IEnumerable`1[T] Query[T](System.Data.IDbConnection, System.String, System.Object, System.Data.IDbTransaction, Boolean, System.Nullable`1[System.Int32], System.Nullable`1[System.Data.CommandType]), Línea: 0] - ORA-06550: line 1, column 45:
PLS-00302: component 'USP_SEL_SEGUIMIENTO_INICIATIVA' must be declared
ORA-06550: line 1, column 7:
PL/SQL: Statement ignored
18/01/2020 02:11:45 p.m.: [Método: System.Collections.Generic.List`1[entidad.minem.gob.pe.IniciativaBE] MostrarSeguimiento(entidad.minem.gob.pe.IniciativaBE), Línea: 0] - ORA-06550: line 1, column 45:
PLS-00302: component 'USP_SEL_SEGUIMIENTO_INICIATIVA' must be declared
ORA-06550: line 1, column 7:
PL/SQL: Statement ignored
