02/02/2020 01:01:32 p.m.: [Método: Void HandleErrorHelper(Int32, Oracle.DataAccess.Client.OracleConnection, IntPtr, Oracle.DataAccess.Client.OpoSqlValCtx*, System.Object, System.String, Boolean, Int32, Oracle.DataAccess.Client.OracleLogicalTransaction), Línea: 0] - ORA-01045: user %s lacks CREATE SESSION privilege; logon denied
02/02/2020 01:01:32 p.m.: [Método: Void HandleError(Int32, Oracle.DataAccess.Client.OracleConnection, IntPtr, System.Object, Oracle.DataAccess.Client.OracleLogicalTransaction), Línea: 0] - ORA-01045: user %s lacks CREATE SESSION privilege; logon denied
02/02/2020 01:01:32 p.m.: [Método: Void Open(Oracle.DataAccess.Client.OracleConnection), Línea: 0] - ORA-01045: user %s lacks CREATE SESSION privilege; logon denied
02/02/2020 01:01:32 p.m.: [Método: Void Open(), Línea: 0] - ORA-01045: user %s lacks CREATE SESSION privilege; logon denied
02/02/2020 01:01:32 p.m.: [Método: Boolean MoveNext(), Línea: 0] - ORA-01045: user %s lacks CREATE SESSION privilege; logon denied
02/02/2020 01:01:32 p.m.: [Método: Void .ctor(System.Collections.Generic.IEnumerable`1[T]), Línea: 0] - ORA-01045: user %s lacks CREATE SESSION privilege; logon denied
02/02/2020 01:01:32 p.m.: [Método: System.Collections.Generic.List`1[TSource] ToList[TSource](System.Collections.Generic.IEnumerable`1[TSource]), Línea: 0] - ORA-01045: user %s lacks CREATE SESSION privilege; logon denied
02/02/2020 01:01:32 p.m.: [Método: System.Collections.Generic.IEnumerable`1[T] Query[T](System.Data.IDbConnection, System.String, System.Object, System.Data.IDbTransaction, Boolean, System.Nullable`1[System.Int32], System.Nullable`1[System.Data.CommandType]), Línea: 0] - ORA-01045: user %s lacks CREATE SESSION privilege; logon denied
02/02/2020 01:01:32 p.m.: [Método: System.Collections.Generic.List`1[entidad.minem.gob.pe.SectorInstitucionBE] ListaSectorInstitucion(entidad.minem.gob.pe.SectorInstitucionBE), Línea: 31] - ORA-01045: user %s lacks CREATE SESSION privilege; logon denied
02/02/2020 01:06:54 p.m.: [Método: Void HandleErrorHelper(Int32, Oracle.DataAccess.Client.OracleConnection, IntPtr, Oracle.DataAccess.Client.OpoSqlValCtx*, System.Object, System.String, Boolean, Int32, Oracle.DataAccess.Client.OracleLogicalTransaction), Línea: 0] - ORA-01045: user %s lacks CREATE SESSION privilege; logon denied
02/02/2020 01:06:54 p.m.: [Método: Void HandleError(Int32, Oracle.DataAccess.Client.OracleConnection, IntPtr, System.Object, Oracle.DataAccess.Client.OracleLogicalTransaction), Línea: 0] - ORA-01045: user %s lacks CREATE SESSION privilege; logon denied
02/02/2020 01:06:54 p.m.: [Método: Void Open(Oracle.DataAccess.Client.OracleConnection), Línea: 0] - ORA-01045: user %s lacks CREATE SESSION privilege; logon denied
02/02/2020 01:06:54 p.m.: [Método: Void Open(), Línea: 0] - ORA-01045: user %s lacks CREATE SESSION privilege; logon denied
02/02/2020 01:06:54 p.m.: [Método: Boolean MoveNext(), Línea: 0] - ORA-01045: user %s lacks CREATE SESSION privilege; logon denied
02/02/2020 01:06:54 p.m.: [Método: Void .ctor(System.Collections.Generic.IEnumerable`1[T]), Línea: 0] - ORA-01045: user %s lacks CREATE SESSION privilege; logon denied
02/02/2020 01:06:54 p.m.: [Método: System.Collections.Generic.List`1[TSource] ToList[TSource](System.Collections.Generic.IEnumerable`1[TSource]), Línea: 0] - ORA-01045: user %s lacks CREATE SESSION privilege; logon denied
02/02/2020 01:06:54 p.m.: [Método: System.Collections.Generic.IEnumerable`1[T] Query[T](System.Data.IDbConnection, System.String, System.Object, System.Data.IDbTransaction, Boolean, System.Nullable`1[System.Int32], System.Nullable`1[System.Data.CommandType]), Línea: 0] - ORA-01045: user %s lacks CREATE SESSION privilege; logon denied
02/02/2020 01:06:54 p.m.: [Método: System.Collections.Generic.List`1[entidad.minem.gob.pe.SectorInstitucionBE] ListaSectorInstitucion(entidad.minem.gob.pe.SectorInstitucionBE), Línea: 31] - ORA-01045: user %s lacks CREATE SESSION privilege; logon denied
02/02/2020 01:14:23 p.m.: [Método: Void HandleErrorHelper(Int32, Oracle.DataAccess.Client.OracleConnection, IntPtr, Oracle.DataAccess.Client.OpoSqlValCtx*, System.Object, System.String, Boolean, Int32, Oracle.DataAccess.Client.OracleLogicalTransaction), Línea: 0] - ORA-01476: el divisor es igual a cero
ORA-06512: en "MRVMM.PKG_MRV_INICIATIVA_MITIGACION", línea 810
ORA-06512: en línea 1
02/02/2020 01:14:23 p.m.: [Método: Void HandleError(Int32, Oracle.DataAccess.Client.OracleConnection, System.String, IntPtr, Oracle.DataAccess.Client.OpoSqlValCtx*, System.Object, Boolean, Oracle.DataAccess.Client.OracleLogicalTransaction), Línea: 0] - ORA-01476: el divisor es igual a cero
ORA-06512: en "MRVMM.PKG_MRV_INICIATIVA_MITIGACION", línea 810
ORA-06512: en línea 1
02/02/2020 01:14:23 p.m.: [Método: Oracle.DataAccess.Client.OracleDataReader ExecuteReader(Boolean, Boolean, System.Data.CommandBehavior), Línea: 0] - ORA-01476: el divisor es igual a cero
ORA-06512: en "MRVMM.PKG_MRV_INICIATIVA_MITIGACION", línea 810
ORA-06512: en línea 1
02/02/2020 01:14:23 p.m.: [Método: System.Data.Common.DbDataReader ExecuteDbDataReader(System.Data.CommandBehavior), Línea: 0] - ORA-01476: el divisor es igual a cero
ORA-06512: en "MRVMM.PKG_MRV_INICIATIVA_MITIGACION", línea 810
ORA-06512: en línea 1
02/02/2020 01:14:23 p.m.: [Método: System.Data.IDataReader System.Data.IDbCommand.ExecuteReader(System.Data.CommandBehavior), Línea: 0] - ORA-01476: el divisor es igual a cero
ORA-06512: en "MRVMM.PKG_MRV_INICIATIVA_MITIGACION", línea 810
ORA-06512: en línea 1
02/02/2020 01:14:23 p.m.: [Método: System.Data.IDataReader ExecuteReaderWithFlagsFallback(System.Data.IDbCommand, Boolean, System.Data.CommandBehavior), Línea: 0] - ORA-01476: el divisor es igual a cero
ORA-06512: en "MRVMM.PKG_MRV_INICIATIVA_MITIGACION", línea 810
ORA-06512: en línea 1
02/02/2020 01:14:23 p.m.: [Método: Boolean MoveNext(), Línea: 0] - ORA-01476: el divisor es igual a cero
ORA-06512: en "MRVMM.PKG_MRV_INICIATIVA_MITIGACION", línea 810
ORA-06512: en línea 1
02/02/2020 01:14:23 p.m.: [Método: Void .ctor(System.Collections.Generic.IEnumerable`1[T]), Línea: 0] - ORA-01476: el divisor es igual a cero
ORA-06512: en "MRVMM.PKG_MRV_INICIATIVA_MITIGACION", línea 810
ORA-06512: en línea 1
02/02/2020 01:14:23 p.m.: [Método: System.Collections.Generic.List`1[TSource] ToList[TSource](System.Collections.Generic.IEnumerable`1[TSource]), Línea: 0] - ORA-01476: el divisor es igual a cero
ORA-06512: en "MRVMM.PKG_MRV_INICIATIVA_MITIGACION", línea 810
ORA-06512: en línea 1
02/02/2020 01:14:23 p.m.: [Método: System.Collections.Generic.IEnumerable`1[T] Query[T](System.Data.IDbConnection, System.String, System.Object, System.Data.IDbTransaction, Boolean, System.Nullable`1[System.Int32], System.Nullable`1[System.Data.CommandType]), Línea: 0] - ORA-01476: el divisor es igual a cero
ORA-06512: en "MRVMM.PKG_MRV_INICIATIVA_MITIGACION", línea 810
ORA-06512: en línea 1
02/02/2020 01:14:23 p.m.: [Método: System.Collections.Generic.List`1[entidad.minem.gob.pe.IniciativaBE] ListaIniciativaUsuario(entidad.minem.gob.pe.IniciativaBE), Línea: 129] - ORA-01476: el divisor es igual a cero
ORA-06512: en "MRVMM.PKG_MRV_INICIATIVA_MITIGACION", línea 810
ORA-06512: en línea 1
02/02/2020 02:29:52 p.m.: [Método: Void HandleErrorHelper(Int32, Oracle.DataAccess.Client.OracleConnection, IntPtr, Oracle.DataAccess.Client.OpoSqlValCtx*, System.Object, System.String, Boolean, Int32, Oracle.DataAccess.Client.OracleLogicalTransaction), Línea: 0] - ORA-01476: el divisor es igual a cero
ORA-06512: en "MRVMM.PKG_MRV_INICIATIVA_MITIGACION", línea 811
ORA-06512: en línea 1
02/02/2020 02:29:52 p.m.: [Método: Void HandleError(Int32, Oracle.DataAccess.Client.OracleConnection, System.String, IntPtr, Oracle.DataAccess.Client.OpoSqlValCtx*, System.Object, Boolean, Oracle.DataAccess.Client.OracleLogicalTransaction), Línea: 0] - ORA-01476: el divisor es igual a cero
ORA-06512: en "MRVMM.PKG_MRV_INICIATIVA_MITIGACION", línea 811
ORA-06512: en línea 1
02/02/2020 02:29:52 p.m.: [Método: Oracle.DataAccess.Client.OracleDataReader ExecuteReader(Boolean, Boolean, System.Data.CommandBehavior), Línea: 0] - ORA-01476: el divisor es igual a cero
ORA-06512: en "MRVMM.PKG_MRV_INICIATIVA_MITIGACION", línea 811
ORA-06512: en línea 1
02/02/2020 02:29:52 p.m.: [Método: System.Data.Common.DbDataReader ExecuteDbDataReader(System.Data.CommandBehavior), Línea: 0] - ORA-01476: el divisor es igual a cero
ORA-06512: en "MRVMM.PKG_MRV_INICIATIVA_MITIGACION", línea 811
ORA-06512: en línea 1
02/02/2020 02:29:52 p.m.: [Método: System.Data.IDataReader System.Data.IDbCommand.ExecuteReader(System.Data.CommandBehavior), Línea: 0] - ORA-01476: el divisor es igual a cero
ORA-06512: en "MRVMM.PKG_MRV_INICIATIVA_MITIGACION", línea 811
ORA-06512: en línea 1
02/02/2020 02:29:52 p.m.: [Método: System.Data.IDataReader ExecuteReaderWithFlagsFallback(System.Data.IDbCommand, Boolean, System.Data.CommandBehavior), Línea: 0] - ORA-01476: el divisor es igual a cero
ORA-06512: en "MRVMM.PKG_MRV_INICIATIVA_MITIGACION", línea 811
ORA-06512: en línea 1
02/02/2020 02:29:52 p.m.: [Método: Boolean MoveNext(), Línea: 0] - ORA-01476: el divisor es igual a cero
ORA-06512: en "MRVMM.PKG_MRV_INICIATIVA_MITIGACION", línea 811
ORA-06512: en línea 1
02/02/2020 02:29:52 p.m.: [Método: Void .ctor(System.Collections.Generic.IEnumerable`1[T]), Línea: 0] - ORA-01476: el divisor es igual a cero
ORA-06512: en "MRVMM.PKG_MRV_INICIATIVA_MITIGACION", línea 811
ORA-06512: en línea 1
02/02/2020 02:29:52 p.m.: [Método: System.Collections.Generic.List`1[TSource] ToList[TSource](System.Collections.Generic.IEnumerable`1[TSource]), Línea: 0] - ORA-01476: el divisor es igual a cero
ORA-06512: en "MRVMM.PKG_MRV_INICIATIVA_MITIGACION", línea 811
ORA-06512: en línea 1
02/02/2020 02:29:52 p.m.: [Método: System.Collections.Generic.IEnumerable`1[T] Query[T](System.Data.IDbConnection, System.String, System.Object, System.Data.IDbTransaction, Boolean, System.Nullable`1[System.Int32], System.Nullable`1[System.Data.CommandType]), Línea: 0] - ORA-01476: el divisor es igual a cero
ORA-06512: en "MRVMM.PKG_MRV_INICIATIVA_MITIGACION", línea 811
ORA-06512: en línea 1
02/02/2020 02:29:52 p.m.: [Método: System.Collections.Generic.List`1[entidad.minem.gob.pe.IniciativaBE] ListaIniciativaUsuario(entidad.minem.gob.pe.IniciativaBE), Línea: 129] - ORA-01476: el divisor es igual a cero
ORA-06512: en "MRVMM.PKG_MRV_INICIATIVA_MITIGACION", línea 811
ORA-06512: en línea 1
02/02/2020 02:30:26 p.m.: [Método: Void HandleErrorHelper(Int32, Oracle.DataAccess.Client.OracleConnection, IntPtr, Oracle.DataAccess.Client.OpoSqlValCtx*, System.Object, System.String, Boolean, Int32, Oracle.DataAccess.Client.OracleLogicalTransaction), Línea: 0] - ORA-06550: línea 1, columna 7:
PLS-00201: el identificador 'PKG_MRV_DETALLE_INDICADORES.USP_SEL_INICIATIVA_SUSTENTO' se debe declarar
ORA-06550: línea 1, columna 7:
PL/SQL: Statement ignored
02/02/2020 02:30:26 p.m.: [Método: Void HandleError(Int32, Oracle.DataAccess.Client.OracleConnection, System.String, IntPtr, Oracle.DataAccess.Client.OpoSqlValCtx*, System.Object, Boolean, Oracle.DataAccess.Client.OracleLogicalTransaction), Línea: 0] - ORA-06550: línea 1, columna 7:
PLS-00201: el identificador 'PKG_MRV_DETALLE_INDICADORES.USP_SEL_INICIATIVA_SUSTENTO' se debe declarar
ORA-06550: línea 1, columna 7:
PL/SQL: Statement ignored
02/02/2020 02:30:26 p.m.: [Método: Oracle.DataAccess.Client.OracleDataReader ExecuteReader(Boolean, Boolean, System.Data.CommandBehavior), Línea: 0] - ORA-06550: línea 1, columna 7:
PLS-00201: el identificador 'PKG_MRV_DETALLE_INDICADORES.USP_SEL_INICIATIVA_SUSTENTO' se debe declarar
ORA-06550: línea 1, columna 7:
PL/SQL: Statement ignored
02/02/2020 02:30:26 p.m.: [Método: System.Data.Common.DbDataReader ExecuteDbDataReader(System.Data.CommandBehavior), Línea: 0] - ORA-06550: línea 1, columna 7:
PLS-00201: el identificador 'PKG_MRV_DETALLE_INDICADORES.USP_SEL_INICIATIVA_SUSTENTO' se debe declarar
ORA-06550: línea 1, columna 7:
PL/SQL: Statement ignored
02/02/2020 02:30:26 p.m.: [Método: System.Data.IDataReader System.Data.IDbCommand.ExecuteReader(System.Data.CommandBehavior), Línea: 0] - ORA-06550: línea 1, columna 7:
PLS-00201: el identificador 'PKG_MRV_DETALLE_INDICADORES.USP_SEL_INICIATIVA_SUSTENTO' se debe declarar
ORA-06550: línea 1, columna 7:
PL/SQL: Statement ignored
02/02/2020 02:30:26 p.m.: [Método: System.Data.IDataReader ExecuteReaderWithFlagsFallback(System.Data.IDbCommand, Boolean, System.Data.CommandBehavior), Línea: 0] - ORA-06550: línea 1, columna 7:
PLS-00201: el identificador 'PKG_MRV_DETALLE_INDICADORES.USP_SEL_INICIATIVA_SUSTENTO' se debe declarar
ORA-06550: línea 1, columna 7:
PL/SQL: Statement ignored
02/02/2020 02:30:26 p.m.: [Método: Boolean MoveNext(), Línea: 0] - ORA-06550: línea 1, columna 7:
PLS-00201: el identificador 'PKG_MRV_DETALLE_INDICADORES.USP_SEL_INICIATIVA_SUSTENTO' se debe declarar
ORA-06550: línea 1, columna 7:
PL/SQL: Statement ignored
02/02/2020 02:30:26 p.m.: [Método: Void .ctor(System.Collections.Generic.IEnumerable`1[T]), Línea: 0] - ORA-06550: línea 1, columna 7:
PLS-00201: el identificador 'PKG_MRV_DETALLE_INDICADORES.USP_SEL_INICIATIVA_SUSTENTO' se debe declarar
ORA-06550: línea 1, columna 7:
PL/SQL: Statement ignored
02/02/2020 02:30:26 p.m.: [Método: System.Collections.Generic.List`1[TSource] ToList[TSource](System.Collections.Generic.IEnumerable`1[TSource]), Línea: 0] - ORA-06550: línea 1, columna 7:
PLS-00201: el identificador 'PKG_MRV_DETALLE_INDICADORES.USP_SEL_INICIATIVA_SUSTENTO' se debe declarar
ORA-06550: línea 1, columna 7:
PL/SQL: Statement ignored
02/02/2020 02:30:26 p.m.: [Método: System.Collections.Generic.IEnumerable`1[T] Query[T](System.Data.IDbConnection, System.String, System.Object, System.Data.IDbTransaction, Boolean, System.Nullable`1[System.Int32], System.Nullable`1[System.Data.CommandType]), Línea: 0] - ORA-06550: línea 1, columna 7:
PLS-00201: el identificador 'PKG_MRV_DETALLE_INDICADORES.USP_SEL_INICIATIVA_SUSTENTO' se debe declarar
ORA-06550: línea 1, columna 7:
PL/SQL: Statement ignored
02/02/2020 02:30:26 p.m.: [Método: System.Collections.Generic.List`1[entidad.minem.gob.pe.SustentoIniciativaBE] ListaSustentoIniciativa(entidad.minem.gob.pe.SustentoIniciativaBE), Línea: 496] - ORA-06550: línea 1, columna 7:
PLS-00201: el identificador 'PKG_MRV_DETALLE_INDICADORES.USP_SEL_INICIATIVA_SUSTENTO' se debe declarar
ORA-06550: línea 1, columna 7:
PL/SQL: Statement ignored
02/02/2020 02:31:52 p.m.: [Método: Void HandleErrorHelper(Int32, Oracle.DataAccess.Client.OracleConnection, IntPtr, Oracle.DataAccess.Client.OpoSqlValCtx*, System.Object, System.String, Boolean, Int32, Oracle.DataAccess.Client.OracleLogicalTransaction), Línea: 0] - ORA-06550: línea 1, columna 7:
PLS-00201: el identificador 'PKG_MRV_DETALLE_INDICADORES.USP_SEL_INICIATIVA_SUSTENTO' se debe declarar
ORA-06550: línea 1, columna 7:
PL/SQL: Statement ignored
02/02/2020 02:31:52 p.m.: [Método: Void HandleError(Int32, Oracle.DataAccess.Client.OracleConnection, System.String, IntPtr, Oracle.DataAccess.Client.OpoSqlValCtx*, System.Object, Boolean, Oracle.DataAccess.Client.OracleLogicalTransaction), Línea: 0] - ORA-06550: línea 1, columna 7:
PLS-00201: el identificador 'PKG_MRV_DETALLE_INDICADORES.USP_SEL_INICIATIVA_SUSTENTO' se debe declarar
ORA-06550: línea 1, columna 7:
PL/SQL: Statement ignored
02/02/2020 02:31:52 p.m.: [Método: Oracle.DataAccess.Client.OracleDataReader ExecuteReader(Boolean, Boolean, System.Data.CommandBehavior), Línea: 0] - ORA-06550: línea 1, columna 7:
PLS-00201: el identificador 'PKG_MRV_DETALLE_INDICADORES.USP_SEL_INICIATIVA_SUSTENTO' se debe declarar
ORA-06550: línea 1, columna 7:
PL/SQL: Statement ignored
02/02/2020 02:31:52 p.m.: [Método: System.Data.Common.DbDataReader ExecuteDbDataReader(System.Data.CommandBehavior), Línea: 0] - ORA-06550: línea 1, columna 7:
PLS-00201: el identificador 'PKG_MRV_DETALLE_INDICADORES.USP_SEL_INICIATIVA_SUSTENTO' se debe declarar
ORA-06550: línea 1, columna 7:
PL/SQL: Statement ignored
02/02/2020 02:31:52 p.m.: [Método: System.Data.IDataReader System.Data.IDbCommand.ExecuteReader(System.Data.CommandBehavior), Línea: 0] - ORA-06550: línea 1, columna 7:
PLS-00201: el identificador 'PKG_MRV_DETALLE_INDICADORES.USP_SEL_INICIATIVA_SUSTENTO' se debe declarar
ORA-06550: línea 1, columna 7:
PL/SQL: Statement ignored
02/02/2020 02:31:52 p.m.: [Método: System.Data.IDataReader ExecuteReaderWithFlagsFallback(System.Data.IDbCommand, Boolean, System.Data.CommandBehavior), Línea: 0] - ORA-06550: línea 1, columna 7:
PLS-00201: el identificador 'PKG_MRV_DETALLE_INDICADORES.USP_SEL_INICIATIVA_SUSTENTO' se debe declarar
ORA-06550: línea 1, columna 7:
PL/SQL: Statement ignored
02/02/2020 02:31:52 p.m.: [Método: Boolean MoveNext(), Línea: 0] - ORA-06550: línea 1, columna 7:
PLS-00201: el identificador 'PKG_MRV_DETALLE_INDICADORES.USP_SEL_INICIATIVA_SUSTENTO' se debe declarar
ORA-06550: línea 1, columna 7:
PL/SQL: Statement ignored
02/02/2020 02:31:52 p.m.: [Método: Void .ctor(System.Collections.Generic.IEnumerable`1[T]), Línea: 0] - ORA-06550: línea 1, columna 7:
PLS-00201: el identificador 'PKG_MRV_DETALLE_INDICADORES.USP_SEL_INICIATIVA_SUSTENTO' se debe declarar
ORA-06550: línea 1, columna 7:
PL/SQL: Statement ignored
02/02/2020 02:31:52 p.m.: [Método: System.Collections.Generic.List`1[TSource] ToList[TSource](System.Collections.Generic.IEnumerable`1[TSource]), Línea: 0] - ORA-06550: línea 1, columna 7:
PLS-00201: el identificador 'PKG_MRV_DETALLE_INDICADORES.USP_SEL_INICIATIVA_SUSTENTO' se debe declarar
ORA-06550: línea 1, columna 7:
PL/SQL: Statement ignored
02/02/2020 02:31:52 p.m.: [Método: System.Collections.Generic.IEnumerable`1[T] Query[T](System.Data.IDbConnection, System.String, System.Object, System.Data.IDbTransaction, Boolean, System.Nullable`1[System.Int32], System.Nullable`1[System.Data.CommandType]), Línea: 0] - ORA-06550: línea 1, columna 7:
PLS-00201: el identificador 'PKG_MRV_DETALLE_INDICADORES.USP_SEL_INICIATIVA_SUSTENTO' se debe declarar
ORA-06550: línea 1, columna 7:
PL/SQL: Statement ignored
02/02/2020 02:31:52 p.m.: [Método: System.Collections.Generic.List`1[entidad.minem.gob.pe.SustentoIniciativaBE] ListaSustentoIniciativa(entidad.minem.gob.pe.SustentoIniciativaBE), Línea: 496] - ORA-06550: línea 1, columna 7:
PLS-00201: el identificador 'PKG_MRV_DETALLE_INDICADORES.USP_SEL_INICIATIVA_SUSTENTO' se debe declarar
ORA-06550: línea 1, columna 7:
PL/SQL: Statement ignored
02/02/2020 02:34:16 p.m.: [Método: Void HandleErrorHelper(Int32, Oracle.DataAccess.Client.OracleConnection, IntPtr, Oracle.DataAccess.Client.OpoSqlValCtx*, System.Object, System.String, Boolean, Int32, Oracle.DataAccess.Client.OracleLogicalTransaction), Línea: 0] - ORA-06550: línea 1, columna 7:
PLS-00201: el identificador 'PKG_MRV_DETALLE_INDICADORES.USP_SEL_INICIATIVA_SUSTENTO' se debe declarar
ORA-06550: línea 1, columna 7:
PL/SQL: Statement ignored
02/02/2020 02:34:16 p.m.: [Método: Void HandleError(Int32, Oracle.DataAccess.Client.OracleConnection, System.String, IntPtr, Oracle.DataAccess.Client.OpoSqlValCtx*, System.Object, Boolean, Oracle.DataAccess.Client.OracleLogicalTransaction), Línea: 0] - ORA-06550: línea 1, columna 7:
PLS-00201: el identificador 'PKG_MRV_DETALLE_INDICADORES.USP_SEL_INICIATIVA_SUSTENTO' se debe declarar
ORA-06550: línea 1, columna 7:
PL/SQL: Statement ignored
02/02/2020 02:34:16 p.m.: [Método: Oracle.DataAccess.Client.OracleDataReader ExecuteReader(Boolean, Boolean, System.Data.CommandBehavior), Línea: 0] - ORA-06550: línea 1, columna 7:
PLS-00201: el identificador 'PKG_MRV_DETALLE_INDICADORES.USP_SEL_INICIATIVA_SUSTENTO' se debe declarar
ORA-06550: línea 1, columna 7:
PL/SQL: Statement ignored
02/02/2020 02:34:16 p.m.: [Método: System.Data.Common.DbDataReader ExecuteDbDataReader(System.Data.CommandBehavior), Línea: 0] - ORA-06550: línea 1, columna 7:
PLS-00201: el identificador 'PKG_MRV_DETALLE_INDICADORES.USP_SEL_INICIATIVA_SUSTENTO' se debe declarar
ORA-06550: línea 1, columna 7:
PL/SQL: Statement ignored
02/02/2020 02:34:16 p.m.: [Método: System.Data.IDataReader System.Data.IDbCommand.ExecuteReader(System.Data.CommandBehavior), Línea: 0] - ORA-06550: línea 1, columna 7:
PLS-00201: el identificador 'PKG_MRV_DETALLE_INDICADORES.USP_SEL_INICIATIVA_SUSTENTO' se debe declarar
ORA-06550: línea 1, columna 7:
PL/SQL: Statement ignored
02/02/2020 02:34:16 p.m.: [Método: System.Data.IDataReader ExecuteReaderWithFlagsFallback(System.Data.IDbCommand, Boolean, System.Data.CommandBehavior), Línea: 0] - ORA-06550: línea 1, columna 7:
PLS-00201: el identificador 'PKG_MRV_DETALLE_INDICADORES.USP_SEL_INICIATIVA_SUSTENTO' se debe declarar
ORA-06550: línea 1, columna 7:
PL/SQL: Statement ignored
02/02/2020 02:34:16 p.m.: [Método: Boolean MoveNext(), Línea: 0] - ORA-06550: línea 1, columna 7:
PLS-00201: el identificador 'PKG_MRV_DETALLE_INDICADORES.USP_SEL_INICIATIVA_SUSTENTO' se debe declarar
ORA-06550: línea 1, columna 7:
PL/SQL: Statement ignored
02/02/2020 02:34:16 p.m.: [Método: Void .ctor(System.Collections.Generic.IEnumerable`1[T]), Línea: 0] - ORA-06550: línea 1, columna 7:
PLS-00201: el identificador 'PKG_MRV_DETALLE_INDICADORES.USP_SEL_INICIATIVA_SUSTENTO' se debe declarar
ORA-06550: línea 1, columna 7:
PL/SQL: Statement ignored
02/02/2020 02:34:16 p.m.: [Método: System.Collections.Generic.List`1[TSource] ToList[TSource](System.Collections.Generic.IEnumerable`1[TSource]), Línea: 0] - ORA-06550: línea 1, columna 7:
PLS-00201: el identificador 'PKG_MRV_DETALLE_INDICADORES.USP_SEL_INICIATIVA_SUSTENTO' se debe declarar
ORA-06550: línea 1, columna 7:
PL/SQL: Statement ignored
02/02/2020 02:34:16 p.m.: [Método: System.Collections.Generic.IEnumerable`1[T] Query[T](System.Data.IDbConnection, System.String, System.Object, System.Data.IDbTransaction, Boolean, System.Nullable`1[System.Int32], System.Nullable`1[System.Data.CommandType]), Línea: 0] - ORA-06550: línea 1, columna 7:
PLS-00201: el identificador 'PKG_MRV_DETALLE_INDICADORES.USP_SEL_INICIATIVA_SUSTENTO' se debe declarar
ORA-06550: línea 1, columna 7:
PL/SQL: Statement ignored
02/02/2020 02:34:16 p.m.: [Método: System.Collections.Generic.List`1[entidad.minem.gob.pe.SustentoIniciativaBE] ListaSustentoIniciativa(entidad.minem.gob.pe.SustentoIniciativaBE), Línea: 496] - ORA-06550: línea 1, columna 7:
PLS-00201: el identificador 'PKG_MRV_DETALLE_INDICADORES.USP_SEL_INICIATIVA_SUSTENTO' se debe declarar
ORA-06550: línea 1, columna 7:
PL/SQL: Statement ignored
02/02/2020 02:58:45 p.m.: [Método: Void HandleErrorHelper(Int32, Oracle.DataAccess.Client.OracleConnection, IntPtr, Oracle.DataAccess.Client.OpoSqlValCtx*, System.Object, System.String, Boolean, Int32, Oracle.DataAccess.Client.OracleLogicalTransaction), Línea: 0] - ORA-01476: el divisor es igual a cero
ORA-06512: en "MRVMM.PKG_MRV_INICIATIVA_MITIGACION", línea 1275
ORA-06512: en línea 1
02/02/2020 02:58:45 p.m.: [Método: Void HandleError(Int32, Oracle.DataAccess.Client.OracleConnection, System.String, IntPtr, Oracle.DataAccess.Client.OpoSqlValCtx*, System.Object, Boolean, Oracle.DataAccess.Client.OracleLogicalTransaction), Línea: 0] - ORA-01476: el divisor es igual a cero
ORA-06512: en "MRVMM.PKG_MRV_INICIATIVA_MITIGACION", línea 1275
ORA-06512: en línea 1
02/02/2020 02:58:45 p.m.: [Método: Oracle.DataAccess.Client.OracleDataReader ExecuteReader(Boolean, Boolean, System.Data.CommandBehavior), Línea: 0] - ORA-01476: el divisor es igual a cero
ORA-06512: en "MRVMM.PKG_MRV_INICIATIVA_MITIGACION", línea 1275
ORA-06512: en línea 1
02/02/2020 02:58:45 p.m.: [Método: System.Data.Common.DbDataReader ExecuteDbDataReader(System.Data.CommandBehavior), Línea: 0] - ORA-01476: el divisor es igual a cero
ORA-06512: en "MRVMM.PKG_MRV_INICIATIVA_MITIGACION", línea 1275
ORA-06512: en línea 1
02/02/2020 02:58:45 p.m.: [Método: System.Data.IDataReader System.Data.IDbCommand.ExecuteReader(System.Data.CommandBehavior), Línea: 0] - ORA-01476: el divisor es igual a cero
ORA-06512: en "MRVMM.PKG_MRV_INICIATIVA_MITIGACION", línea 1275
ORA-06512: en línea 1
02/02/2020 02:58:45 p.m.: [Método: System.Data.IDataReader ExecuteReaderWithFlagsFallback(System.Data.IDbCommand, Boolean, System.Data.CommandBehavior), Línea: 0] - ORA-01476: el divisor es igual a cero
ORA-06512: en "MRVMM.PKG_MRV_INICIATIVA_MITIGACION", línea 1275
ORA-06512: en línea 1
02/02/2020 02:58:45 p.m.: [Método: Boolean MoveNext(), Línea: 0] - ORA-01476: el divisor es igual a cero
ORA-06512: en "MRVMM.PKG_MRV_INICIATIVA_MITIGACION", línea 1275
ORA-06512: en línea 1
02/02/2020 02:58:45 p.m.: [Método: Void .ctor(System.Collections.Generic.IEnumerable`1[T]), Línea: 0] - ORA-01476: el divisor es igual a cero
ORA-06512: en "MRVMM.PKG_MRV_INICIATIVA_MITIGACION", línea 1275
ORA-06512: en línea 1
02/02/2020 02:58:45 p.m.: [Método: System.Collections.Generic.List`1[TSource] ToList[TSource](System.Collections.Generic.IEnumerable`1[TSource]), Línea: 0] - ORA-01476: el divisor es igual a cero
ORA-06512: en "MRVMM.PKG_MRV_INICIATIVA_MITIGACION", línea 1275
ORA-06512: en línea 1
02/02/2020 02:58:45 p.m.: [Método: System.Collections.Generic.IEnumerable`1[T] Query[T](System.Data.IDbConnection, System.String, System.Object, System.Data.IDbTransaction, Boolean, System.Nullable`1[System.Int32], System.Nullable`1[System.Data.CommandType]), Línea: 0] - ORA-01476: el divisor es igual a cero
ORA-06512: en "MRVMM.PKG_MRV_INICIATIVA_MITIGACION", línea 1275
ORA-06512: en línea 1
02/02/2020 02:58:45 p.m.: [Método: System.Collections.Generic.List`1[entidad.minem.gob.pe.IniciativaBE] ListaIniciativaVerificar(entidad.minem.gob.pe.IniciativaBE), Línea: 818] - ORA-01476: el divisor es igual a cero
ORA-06512: en "MRVMM.PKG_MRV_INICIATIVA_MITIGACION", línea 1275
ORA-06512: en línea 1
02/02/2020 02:58:56 p.m.: [Método: Void HandleErrorHelper(Int32, Oracle.DataAccess.Client.OracleConnection, IntPtr, Oracle.DataAccess.Client.OpoSqlValCtx*, System.Object, System.String, Boolean, Int32, Oracle.DataAccess.Client.OracleLogicalTransaction), Línea: 0] - ORA-06550: línea 1, columna 7:
PLS-00201: el identificador 'PKG_MRV_DETALLE_INDICADORES.USP_SEL_INICIATIVA_SUSTENTO' se debe declarar
ORA-06550: línea 1, columna 7:
PL/SQL: Statement ignored
02/02/2020 02:58:56 p.m.: [Método: Void HandleError(Int32, Oracle.DataAccess.Client.OracleConnection, System.String, IntPtr, Oracle.DataAccess.Client.OpoSqlValCtx*, System.Object, Boolean, Oracle.DataAccess.Client.OracleLogicalTransaction), Línea: 0] - ORA-06550: línea 1, columna 7:
PLS-00201: el identificador 'PKG_MRV_DETALLE_INDICADORES.USP_SEL_INICIATIVA_SUSTENTO' se debe declarar
ORA-06550: línea 1, columna 7:
PL/SQL: Statement ignored
02/02/2020 02:58:56 p.m.: [Método: Oracle.DataAccess.Client.OracleDataReader ExecuteReader(Boolean, Boolean, System.Data.CommandBehavior), Línea: 0] - ORA-06550: línea 1, columna 7:
PLS-00201: el identificador 'PKG_MRV_DETALLE_INDICADORES.USP_SEL_INICIATIVA_SUSTENTO' se debe declarar
ORA-06550: línea 1, columna 7:
PL/SQL: Statement ignored
02/02/2020 02:58:56 p.m.: [Método: System.Data.Common.DbDataReader ExecuteDbDataReader(System.Data.CommandBehavior), Línea: 0] - ORA-06550: línea 1, columna 7:
PLS-00201: el identificador 'PKG_MRV_DETALLE_INDICADORES.USP_SEL_INICIATIVA_SUSTENTO' se debe declarar
ORA-06550: línea 1, columna 7:
PL/SQL: Statement ignored
02/02/2020 02:58:56 p.m.: [Método: System.Data.IDataReader System.Data.IDbCommand.ExecuteReader(System.Data.CommandBehavior), Línea: 0] - ORA-06550: línea 1, columna 7:
PLS-00201: el identificador 'PKG_MRV_DETALLE_INDICADORES.USP_SEL_INICIATIVA_SUSTENTO' se debe declarar
ORA-06550: línea 1, columna 7:
PL/SQL: Statement ignored
02/02/2020 02:58:56 p.m.: [Método: System.Data.IDataReader ExecuteReaderWithFlagsFallback(System.Data.IDbCommand, Boolean, System.Data.CommandBehavior), Línea: 0] - ORA-06550: línea 1, columna 7:
PLS-00201: el identificador 'PKG_MRV_DETALLE_INDICADORES.USP_SEL_INICIATIVA_SUSTENTO' se debe declarar
ORA-06550: línea 1, columna 7:
PL/SQL: Statement ignored
02/02/2020 02:58:56 p.m.: [Método: Boolean MoveNext(), Línea: 0] - ORA-06550: línea 1, columna 7:
PLS-00201: el identificador 'PKG_MRV_DETALLE_INDICADORES.USP_SEL_INICIATIVA_SUSTENTO' se debe declarar
ORA-06550: línea 1, columna 7:
PL/SQL: Statement ignored
02/02/2020 02:58:56 p.m.: [Método: Void .ctor(System.Collections.Generic.IEnumerable`1[T]), Línea: 0] - ORA-06550: línea 1, columna 7:
PLS-00201: el identificador 'PKG_MRV_DETALLE_INDICADORES.USP_SEL_INICIATIVA_SUSTENTO' se debe declarar
ORA-06550: línea 1, columna 7:
PL/SQL: Statement ignored
02/02/2020 02:58:56 p.m.: [Método: System.Collections.Generic.List`1[TSource] ToList[TSource](System.Collections.Generic.IEnumerable`1[TSource]), Línea: 0] - ORA-06550: línea 1, columna 7:
PLS-00201: el identificador 'PKG_MRV_DETALLE_INDICADORES.USP_SEL_INICIATIVA_SUSTENTO' se debe declarar
ORA-06550: línea 1, columna 7:
PL/SQL: Statement ignored
02/02/2020 02:58:56 p.m.: [Método: System.Collections.Generic.IEnumerable`1[T] Query[T](System.Data.IDbConnection, System.String, System.Object, System.Data.IDbTransaction, Boolean, System.Nullable`1[System.Int32], System.Nullable`1[System.Data.CommandType]), Línea: 0] - ORA-06550: línea 1, columna 7:
PLS-00201: el identificador 'PKG_MRV_DETALLE_INDICADORES.USP_SEL_INICIATIVA_SUSTENTO' se debe declarar
ORA-06550: línea 1, columna 7:
PL/SQL: Statement ignored
02/02/2020 02:58:56 p.m.: [Método: System.Collections.Generic.List`1[entidad.minem.gob.pe.SustentoIniciativaBE] ListaSustentoIniciativa(entidad.minem.gob.pe.SustentoIniciativaBE), Línea: 496] - ORA-06550: línea 1, columna 7:
PLS-00201: el identificador 'PKG_MRV_DETALLE_INDICADORES.USP_SEL_INICIATIVA_SUSTENTO' se debe declarar
ORA-06550: línea 1, columna 7:
PL/SQL: Statement ignored
02/02/2020 03:03:46 p.m.: [Método: Void HandleErrorHelper(Int32, Oracle.DataAccess.Client.OracleConnection, IntPtr, Oracle.DataAccess.Client.OpoSqlValCtx*, System.Object, System.String, Boolean, Int32, Oracle.DataAccess.Client.OracleLogicalTransaction), Línea: 0] - ORA-06550: línea 1, columna 7:
PLS-00201: el identificador 'PKG_MRV_DETALLE_INDICADORES.USP_SEL_INICIATIVA_SUSTENTO' se debe declarar
ORA-06550: línea 1, columna 7:
PL/SQL: Statement ignored
02/02/2020 03:03:46 p.m.: [Método: Void HandleError(Int32, Oracle.DataAccess.Client.OracleConnection, System.String, IntPtr, Oracle.DataAccess.Client.OpoSqlValCtx*, System.Object, Boolean, Oracle.DataAccess.Client.OracleLogicalTransaction), Línea: 0] - ORA-06550: línea 1, columna 7:
PLS-00201: el identificador 'PKG_MRV_DETALLE_INDICADORES.USP_SEL_INICIATIVA_SUSTENTO' se debe declarar
ORA-06550: línea 1, columna 7:
PL/SQL: Statement ignored
02/02/2020 03:03:46 p.m.: [Método: Oracle.DataAccess.Client.OracleDataReader ExecuteReader(Boolean, Boolean, System.Data.CommandBehavior), Línea: 0] - ORA-06550: línea 1, columna 7:
PLS-00201: el identificador 'PKG_MRV_DETALLE_INDICADORES.USP_SEL_INICIATIVA_SUSTENTO' se debe declarar
ORA-06550: línea 1, columna 7:
PL/SQL: Statement ignored
02/02/2020 03:03:46 p.m.: [Método: System.Data.Common.DbDataReader ExecuteDbDataReader(System.Data.CommandBehavior), Línea: 0] - ORA-06550: línea 1, columna 7:
PLS-00201: el identificador 'PKG_MRV_DETALLE_INDICADORES.USP_SEL_INICIATIVA_SUSTENTO' se debe declarar
ORA-06550: línea 1, columna 7:
PL/SQL: Statement ignored
02/02/2020 03:03:46 p.m.: [Método: System.Data.IDataReader System.Data.IDbCommand.ExecuteReader(System.Data.CommandBehavior), Línea: 0] - ORA-06550: línea 1, columna 7:
PLS-00201: el identificador 'PKG_MRV_DETALLE_INDICADORES.USP_SEL_INICIATIVA_SUSTENTO' se debe declarar
ORA-06550: línea 1, columna 7:
PL/SQL: Statement ignored
02/02/2020 03:03:46 p.m.: [Método: System.Data.IDataReader ExecuteReaderWithFlagsFallback(System.Data.IDbCommand, Boolean, System.Data.CommandBehavior), Línea: 0] - ORA-06550: línea 1, columna 7:
PLS-00201: el identificador 'PKG_MRV_DETALLE_INDICADORES.USP_SEL_INICIATIVA_SUSTENTO' se debe declarar
ORA-06550: línea 1, columna 7:
PL/SQL: Statement ignored
02/02/2020 03:03:46 p.m.: [Método: Boolean MoveNext(), Línea: 0] - ORA-06550: línea 1, columna 7:
PLS-00201: el identificador 'PKG_MRV_DETALLE_INDICADORES.USP_SEL_INICIATIVA_SUSTENTO' se debe declarar
ORA-06550: línea 1, columna 7:
PL/SQL: Statement ignored
02/02/2020 03:03:46 p.m.: [Método: Void .ctor(System.Collections.Generic.IEnumerable`1[T]), Línea: 0] - ORA-06550: línea 1, columna 7:
PLS-00201: el identificador 'PKG_MRV_DETALLE_INDICADORES.USP_SEL_INICIATIVA_SUSTENTO' se debe declarar
ORA-06550: línea 1, columna 7:
PL/SQL: Statement ignored
02/02/2020 03:03:46 p.m.: [Método: System.Collections.Generic.List`1[TSource] ToList[TSource](System.Collections.Generic.IEnumerable`1[TSource]), Línea: 0] - ORA-06550: línea 1, columna 7:
PLS-00201: el identificador 'PKG_MRV_DETALLE_INDICADORES.USP_SEL_INICIATIVA_SUSTENTO' se debe declarar
ORA-06550: línea 1, columna 7:
PL/SQL: Statement ignored
02/02/2020 03:03:46 p.m.: [Método: System.Collections.Generic.IEnumerable`1[T] Query[T](System.Data.IDbConnection, System.String, System.Object, System.Data.IDbTransaction, Boolean, System.Nullable`1[System.Int32], System.Nullable`1[System.Data.CommandType]), Línea: 0] - ORA-06550: línea 1, columna 7:
PLS-00201: el identificador 'PKG_MRV_DETALLE_INDICADORES.USP_SEL_INICIATIVA_SUSTENTO' se debe declarar
ORA-06550: línea 1, columna 7:
PL/SQL: Statement ignored
02/02/2020 03:03:46 p.m.: [Método: System.Collections.Generic.List`1[entidad.minem.gob.pe.SustentoIniciativaBE] ListaSustentoIniciativa(entidad.minem.gob.pe.SustentoIniciativaBE), Línea: 496] - ORA-06550: línea 1, columna 7:
PLS-00201: el identificador 'PKG_MRV_DETALLE_INDICADORES.USP_SEL_INICIATIVA_SUSTENTO' se debe declarar
ORA-06550: línea 1, columna 7:
PL/SQL: Statement ignored
02/02/2020 03:06:48 p.m.: [Método: Void HandleErrorHelper(Int32, Oracle.DataAccess.Client.OracleConnection, IntPtr, Oracle.DataAccess.Client.OpoSqlValCtx*, System.Object, System.String, Boolean, Int32, Oracle.DataAccess.Client.OracleLogicalTransaction), Línea: 0] - ORA-06550: línea 1, columna 7:
PLS-00201: el identificador 'PKG_MRV_DETALLE_INDICADORES.USP_SEL_INICIATIVA_SUSTENTO' se debe declarar
ORA-06550: línea 1, columna 7:
PL/SQL: Statement ignored
02/02/2020 03:06:48 p.m.: [Método: Void HandleError(Int32, Oracle.DataAccess.Client.OracleConnection, System.String, IntPtr, Oracle.DataAccess.Client.OpoSqlValCtx*, System.Object, Boolean, Oracle.DataAccess.Client.OracleLogicalTransaction), Línea: 0] - ORA-06550: línea 1, columna 7:
PLS-00201: el identificador 'PKG_MRV_DETALLE_INDICADORES.USP_SEL_INICIATIVA_SUSTENTO' se debe declarar
ORA-06550: línea 1, columna 7:
PL/SQL: Statement ignored
02/02/2020 03:06:48 p.m.: [Método: Oracle.DataAccess.Client.OracleDataReader ExecuteReader(Boolean, Boolean, System.Data.CommandBehavior), Línea: 0] - ORA-06550: línea 1, columna 7:
PLS-00201: el identificador 'PKG_MRV_DETALLE_INDICADORES.USP_SEL_INICIATIVA_SUSTENTO' se debe declarar
ORA-06550: línea 1, columna 7:
PL/SQL: Statement ignored
02/02/2020 03:06:48 p.m.: [Método: System.Data.Common.DbDataReader ExecuteDbDataReader(System.Data.CommandBehavior), Línea: 0] - ORA-06550: línea 1, columna 7:
PLS-00201: el identificador 'PKG_MRV_DETALLE_INDICADORES.USP_SEL_INICIATIVA_SUSTENTO' se debe declarar
ORA-06550: línea 1, columna 7:
PL/SQL: Statement ignored
02/02/2020 03:06:48 p.m.: [Método: System.Data.IDataReader System.Data.IDbCommand.ExecuteReader(System.Data.CommandBehavior), Línea: 0] - ORA-06550: línea 1, columna 7:
PLS-00201: el identificador 'PKG_MRV_DETALLE_INDICADORES.USP_SEL_INICIATIVA_SUSTENTO' se debe declarar
ORA-06550: línea 1, columna 7:
PL/SQL: Statement ignored
02/02/2020 03:06:48 p.m.: [Método: System.Data.IDataReader ExecuteReaderWithFlagsFallback(System.Data.IDbCommand, Boolean, System.Data.CommandBehavior), Línea: 0] - ORA-06550: línea 1, columna 7:
PLS-00201: el identificador 'PKG_MRV_DETALLE_INDICADORES.USP_SEL_INICIATIVA_SUSTENTO' se debe declarar
ORA-06550: línea 1, columna 7:
PL/SQL: Statement ignored
02/02/2020 03:06:48 p.m.: [Método: Boolean MoveNext(), Línea: 0] - ORA-06550: línea 1, columna 7:
PLS-00201: el identificador 'PKG_MRV_DETALLE_INDICADORES.USP_SEL_INICIATIVA_SUSTENTO' se debe declarar
ORA-06550: línea 1, columna 7:
PL/SQL: Statement ignored
02/02/2020 03:06:48 p.m.: [Método: Void .ctor(System.Collections.Generic.IEnumerable`1[T]), Línea: 0] - ORA-06550: línea 1, columna 7:
PLS-00201: el identificador 'PKG_MRV_DETALLE_INDICADORES.USP_SEL_INICIATIVA_SUSTENTO' se debe declarar
ORA-06550: línea 1, columna 7:
PL/SQL: Statement ignored
02/02/2020 03:06:48 p.m.: [Método: System.Collections.Generic.List`1[TSource] ToList[TSource](System.Collections.Generic.IEnumerable`1[TSource]), Línea: 0] - ORA-06550: línea 1, columna 7:
PLS-00201: el identificador 'PKG_MRV_DETALLE_INDICADORES.USP_SEL_INICIATIVA_SUSTENTO' se debe declarar
ORA-06550: línea 1, columna 7:
PL/SQL: Statement ignored
02/02/2020 03:06:48 p.m.: [Método: System.Collections.Generic.IEnumerable`1[T] Query[T](System.Data.IDbConnection, System.String, System.Object, System.Data.IDbTransaction, Boolean, System.Nullable`1[System.Int32], System.Nullable`1[System.Data.CommandType]), Línea: 0] - ORA-06550: línea 1, columna 7:
PLS-00201: el identificador 'PKG_MRV_DETALLE_INDICADORES.USP_SEL_INICIATIVA_SUSTENTO' se debe declarar
ORA-06550: línea 1, columna 7:
PL/SQL: Statement ignored
02/02/2020 03:06:48 p.m.: [Método: System.Collections.Generic.List`1[entidad.minem.gob.pe.SustentoIniciativaBE] ListaSustentoIniciativa(entidad.minem.gob.pe.SustentoIniciativaBE), Línea: 496] - ORA-06550: línea 1, columna 7:
PLS-00201: el identificador 'PKG_MRV_DETALLE_INDICADORES.USP_SEL_INICIATIVA_SUSTENTO' se debe declarar
ORA-06550: línea 1, columna 7:
PL/SQL: Statement ignored
02/02/2020 03:07:00 p.m.: [Método: Void HandleErrorHelper(Int32, Oracle.DataAccess.Client.OracleConnection, IntPtr, Oracle.DataAccess.Client.OpoSqlValCtx*, System.Object, System.String, Boolean, Int32, Oracle.DataAccess.Client.OracleLogicalTransaction), Línea: 0] - ORA-06550: línea 1, columna 7:
PLS-00201: el identificador 'PKG_MRV_DETALLE_INDICADORES.USP_SEL_INICIATIVA_SUSTENTO' se debe declarar
ORA-06550: línea 1, columna 7:
PL/SQL: Statement ignored
02/02/2020 03:07:00 p.m.: [Método: Void HandleError(Int32, Oracle.DataAccess.Client.OracleConnection, System.String, IntPtr, Oracle.DataAccess.Client.OpoSqlValCtx*, System.Object, Boolean, Oracle.DataAccess.Client.OracleLogicalTransaction), Línea: 0] - ORA-06550: línea 1, columna 7:
PLS-00201: el identificador 'PKG_MRV_DETALLE_INDICADORES.USP_SEL_INICIATIVA_SUSTENTO' se debe declarar
ORA-06550: línea 1, columna 7:
PL/SQL: Statement ignored
02/02/2020 03:07:00 p.m.: [Método: Oracle.DataAccess.Client.OracleDataReader ExecuteReader(Boolean, Boolean, System.Data.CommandBehavior), Línea: 0] - ORA-06550: línea 1, columna 7:
PLS-00201: el identificador 'PKG_MRV_DETALLE_INDICADORES.USP_SEL_INICIATIVA_SUSTENTO' se debe declarar
ORA-06550: línea 1, columna 7:
PL/SQL: Statement ignored
02/02/2020 03:07:00 p.m.: [Método: System.Data.Common.DbDataReader ExecuteDbDataReader(System.Data.CommandBehavior), Línea: 0] - ORA-06550: línea 1, columna 7:
PLS-00201: el identificador 'PKG_MRV_DETALLE_INDICADORES.USP_SEL_INICIATIVA_SUSTENTO' se debe declarar
ORA-06550: línea 1, columna 7:
PL/SQL: Statement ignored
02/02/2020 03:07:00 p.m.: [Método: System.Data.IDataReader System.Data.IDbCommand.ExecuteReader(System.Data.CommandBehavior), Línea: 0] - ORA-06550: línea 1, columna 7:
PLS-00201: el identificador 'PKG_MRV_DETALLE_INDICADORES.USP_SEL_INICIATIVA_SUSTENTO' se debe declarar
ORA-06550: línea 1, columna 7:
PL/SQL: Statement ignored
02/02/2020 03:07:00 p.m.: [Método: System.Data.IDataReader ExecuteReaderWithFlagsFallback(System.Data.IDbCommand, Boolean, System.Data.CommandBehavior), Línea: 0] - ORA-06550: línea 1, columna 7:
PLS-00201: el identificador 'PKG_MRV_DETALLE_INDICADORES.USP_SEL_INICIATIVA_SUSTENTO' se debe declarar
ORA-06550: línea 1, columna 7:
PL/SQL: Statement ignored
02/02/2020 03:07:00 p.m.: [Método: Boolean MoveNext(), Línea: 0] - ORA-06550: línea 1, columna 7:
PLS-00201: el identificador 'PKG_MRV_DETALLE_INDICADORES.USP_SEL_INICIATIVA_SUSTENTO' se debe declarar
ORA-06550: línea 1, columna 7:
PL/SQL: Statement ignored
02/02/2020 03:07:00 p.m.: [Método: Void .ctor(System.Collections.Generic.IEnumerable`1[T]), Línea: 0] - ORA-06550: línea 1, columna 7:
PLS-00201: el identificador 'PKG_MRV_DETALLE_INDICADORES.USP_SEL_INICIATIVA_SUSTENTO' se debe declarar
ORA-06550: línea 1, columna 7:
PL/SQL: Statement ignored
02/02/2020 03:07:00 p.m.: [Método: System.Collections.Generic.List`1[TSource] ToList[TSource](System.Collections.Generic.IEnumerable`1[TSource]), Línea: 0] - ORA-06550: línea 1, columna 7:
PLS-00201: el identificador 'PKG_MRV_DETALLE_INDICADORES.USP_SEL_INICIATIVA_SUSTENTO' se debe declarar
ORA-06550: línea 1, columna 7:
PL/SQL: Statement ignored
02/02/2020 03:07:00 p.m.: [Método: System.Collections.Generic.IEnumerable`1[T] Query[T](System.Data.IDbConnection, System.String, System.Object, System.Data.IDbTransaction, Boolean, System.Nullable`1[System.Int32], System.Nullable`1[System.Data.CommandType]), Línea: 0] - ORA-06550: línea 1, columna 7:
PLS-00201: el identificador 'PKG_MRV_DETALLE_INDICADORES.USP_SEL_INICIATIVA_SUSTENTO' se debe declarar
ORA-06550: línea 1, columna 7:
PL/SQL: Statement ignored
02/02/2020 03:07:00 p.m.: [Método: System.Collections.Generic.List`1[entidad.minem.gob.pe.SustentoIniciativaBE] ListaSustentoIniciativa(entidad.minem.gob.pe.SustentoIniciativaBE), Línea: 496] - ORA-06550: línea 1, columna 7:
PLS-00201: el identificador 'PKG_MRV_DETALLE_INDICADORES.USP_SEL_INICIATIVA_SUSTENTO' se debe declarar
ORA-06550: línea 1, columna 7:
PL/SQL: Statement ignored
02/02/2020 03:08:26 p.m.: [Método: Void HandleErrorHelper(Int32, Oracle.DataAccess.Client.OracleConnection, IntPtr, Oracle.DataAccess.Client.OpoSqlValCtx*, System.Object, System.String, Boolean, Int32, Oracle.DataAccess.Client.OracleLogicalTransaction), Línea: 0] - ORA-06550: línea 1, columna 7:
PLS-00201: el identificador 'PKG_MRV_DETALLE_INDICADORES.USP_SEL_INICIATIVA_SUSTENTO' se debe declarar
ORA-06550: línea 1, columna 7:
PL/SQL: Statement ignored
02/02/2020 03:08:26 p.m.: [Método: Void HandleError(Int32, Oracle.DataAccess.Client.OracleConnection, System.String, IntPtr, Oracle.DataAccess.Client.OpoSqlValCtx*, System.Object, Boolean, Oracle.DataAccess.Client.OracleLogicalTransaction), Línea: 0] - ORA-06550: línea 1, columna 7:
PLS-00201: el identificador 'PKG_MRV_DETALLE_INDICADORES.USP_SEL_INICIATIVA_SUSTENTO' se debe declarar
ORA-06550: línea 1, columna 7:
PL/SQL: Statement ignored
02/02/2020 03:08:26 p.m.: [Método: Oracle.DataAccess.Client.OracleDataReader ExecuteReader(Boolean, Boolean, System.Data.CommandBehavior), Línea: 0] - ORA-06550: línea 1, columna 7:
PLS-00201: el identificador 'PKG_MRV_DETALLE_INDICADORES.USP_SEL_INICIATIVA_SUSTENTO' se debe declarar
ORA-06550: línea 1, columna 7:
PL/SQL: Statement ignored
02/02/2020 03:08:26 p.m.: [Método: System.Data.Common.DbDataReader ExecuteDbDataReader(System.Data.CommandBehavior), Línea: 0] - ORA-06550: línea 1, columna 7:
PLS-00201: el identificador 'PKG_MRV_DETALLE_INDICADORES.USP_SEL_INICIATIVA_SUSTENTO' se debe declarar
ORA-06550: línea 1, columna 7:
PL/SQL: Statement ignored
02/02/2020 03:08:26 p.m.: [Método: System.Data.IDataReader System.Data.IDbCommand.ExecuteReader(System.Data.CommandBehavior), Línea: 0] - ORA-06550: línea 1, columna 7:
PLS-00201: el identificador 'PKG_MRV_DETALLE_INDICADORES.USP_SEL_INICIATIVA_SUSTENTO' se debe declarar
ORA-06550: línea 1, columna 7:
PL/SQL: Statement ignored
02/02/2020 03:08:26 p.m.: [Método: System.Data.IDataReader ExecuteReaderWithFlagsFallback(System.Data.IDbCommand, Boolean, System.Data.CommandBehavior), Línea: 0] - ORA-06550: línea 1, columna 7:
PLS-00201: el identificador 'PKG_MRV_DETALLE_INDICADORES.USP_SEL_INICIATIVA_SUSTENTO' se debe declarar
ORA-06550: línea 1, columna 7:
PL/SQL: Statement ignored
02/02/2020 03:08:26 p.m.: [Método: Boolean MoveNext(), Línea: 0] - ORA-06550: línea 1, columna 7:
PLS-00201: el identificador 'PKG_MRV_DETALLE_INDICADORES.USP_SEL_INICIATIVA_SUSTENTO' se debe declarar
ORA-06550: línea 1, columna 7:
PL/SQL: Statement ignored
02/02/2020 03:08:26 p.m.: [Método: Void .ctor(System.Collections.Generic.IEnumerable`1[T]), Línea: 0] - ORA-06550: línea 1, columna 7:
PLS-00201: el identificador 'PKG_MRV_DETALLE_INDICADORES.USP_SEL_INICIATIVA_SUSTENTO' se debe declarar
ORA-06550: línea 1, columna 7:
PL/SQL: Statement ignored
02/02/2020 03:08:26 p.m.: [Método: System.Collections.Generic.List`1[TSource] ToList[TSource](System.Collections.Generic.IEnumerable`1[TSource]), Línea: 0] - ORA-06550: línea 1, columna 7:
PLS-00201: el identificador 'PKG_MRV_DETALLE_INDICADORES.USP_SEL_INICIATIVA_SUSTENTO' se debe declarar
ORA-06550: línea 1, columna 7:
PL/SQL: Statement ignored
02/02/2020 03:08:26 p.m.: [Método: System.Collections.Generic.IEnumerable`1[T] Query[T](System.Data.IDbConnection, System.String, System.Object, System.Data.IDbTransaction, Boolean, System.Nullable`1[System.Int32], System.Nullable`1[System.Data.CommandType]), Línea: 0] - ORA-06550: línea 1, columna 7:
PLS-00201: el identificador 'PKG_MRV_DETALLE_INDICADORES.USP_SEL_INICIATIVA_SUSTENTO' se debe declarar
ORA-06550: línea 1, columna 7:
PL/SQL: Statement ignored
02/02/2020 03:08:26 p.m.: [Método: System.Collections.Generic.List`1[entidad.minem.gob.pe.SustentoIniciativaBE] ListaSustentoIniciativa(entidad.minem.gob.pe.SustentoIniciativaBE), Línea: 496] - ORA-06550: línea 1, columna 7:
PLS-00201: el identificador 'PKG_MRV_DETALLE_INDICADORES.USP_SEL_INICIATIVA_SUSTENTO' se debe declarar
ORA-06550: línea 1, columna 7:
PL/SQL: Statement ignored
02/02/2020 03:10:56 p.m.: [Método: Void HandleErrorHelper(Int32, Oracle.DataAccess.Client.OracleConnection, IntPtr, Oracle.DataAccess.Client.OpoSqlValCtx*, System.Object, System.String, Boolean, Int32, Oracle.DataAccess.Client.OracleLogicalTransaction), Línea: 0] - ORA-06550: línea 1, columna 7:
PLS-00201: el identificador 'PKG_MRV_DETALLE_INDICADORES.USP_SEL_INICIATIVA_SUSTENTO' se debe declarar
ORA-06550: línea 1, columna 7:
PL/SQL: Statement ignored
02/02/2020 03:10:56 p.m.: [Método: Void HandleError(Int32, Oracle.DataAccess.Client.OracleConnection, System.String, IntPtr, Oracle.DataAccess.Client.OpoSqlValCtx*, System.Object, Boolean, Oracle.DataAccess.Client.OracleLogicalTransaction), Línea: 0] - ORA-06550: línea 1, columna 7:
PLS-00201: el identificador 'PKG_MRV_DETALLE_INDICADORES.USP_SEL_INICIATIVA_SUSTENTO' se debe declarar
ORA-06550: línea 1, columna 7:
PL/SQL: Statement ignored
02/02/2020 03:10:56 p.m.: [Método: Oracle.DataAccess.Client.OracleDataReader ExecuteReader(Boolean, Boolean, System.Data.CommandBehavior), Línea: 0] - ORA-06550: línea 1, columna 7:
PLS-00201: el identificador 'PKG_MRV_DETALLE_INDICADORES.USP_SEL_INICIATIVA_SUSTENTO' se debe declarar
ORA-06550: línea 1, columna 7:
PL/SQL: Statement ignored
02/02/2020 03:10:56 p.m.: [Método: System.Data.Common.DbDataReader ExecuteDbDataReader(System.Data.CommandBehavior), Línea: 0] - ORA-06550: línea 1, columna 7:
PLS-00201: el identificador 'PKG_MRV_DETALLE_INDICADORES.USP_SEL_INICIATIVA_SUSTENTO' se debe declarar
ORA-06550: línea 1, columna 7:
PL/SQL: Statement ignored
02/02/2020 03:10:56 p.m.: [Método: System.Data.IDataReader System.Data.IDbCommand.ExecuteReader(System.Data.CommandBehavior), Línea: 0] - ORA-06550: línea 1, columna 7:
PLS-00201: el identificador 'PKG_MRV_DETALLE_INDICADORES.USP_SEL_INICIATIVA_SUSTENTO' se debe declarar
ORA-06550: línea 1, columna 7:
PL/SQL: Statement ignored
02/02/2020 03:10:56 p.m.: [Método: System.Data.IDataReader ExecuteReaderWithFlagsFallback(System.Data.IDbCommand, Boolean, System.Data.CommandBehavior), Línea: 0] - ORA-06550: línea 1, columna 7:
PLS-00201: el identificador 'PKG_MRV_DETALLE_INDICADORES.USP_SEL_INICIATIVA_SUSTENTO' se debe declarar
ORA-06550: línea 1, columna 7:
PL/SQL: Statement ignored
02/02/2020 03:10:56 p.m.: [Método: Boolean MoveNext(), Línea: 0] - ORA-06550: línea 1, columna 7:
PLS-00201: el identificador 'PKG_MRV_DETALLE_INDICADORES.USP_SEL_INICIATIVA_SUSTENTO' se debe declarar
ORA-06550: línea 1, columna 7:
PL/SQL: Statement ignored
02/02/2020 03:10:56 p.m.: [Método: Void .ctor(System.Collections.Generic.IEnumerable`1[T]), Línea: 0] - ORA-06550: línea 1, columna 7:
PLS-00201: el identificador 'PKG_MRV_DETALLE_INDICADORES.USP_SEL_INICIATIVA_SUSTENTO' se debe declarar
ORA-06550: línea 1, columna 7:
PL/SQL: Statement ignored
02/02/2020 03:10:56 p.m.: [Método: System.Collections.Generic.List`1[TSource] ToList[TSource](System.Collections.Generic.IEnumerable`1[TSource]), Línea: 0] - ORA-06550: línea 1, columna 7:
PLS-00201: el identificador 'PKG_MRV_DETALLE_INDICADORES.USP_SEL_INICIATIVA_SUSTENTO' se debe declarar
ORA-06550: línea 1, columna 7:
PL/SQL: Statement ignored
02/02/2020 03:10:56 p.m.: [Método: System.Collections.Generic.IEnumerable`1[T] Query[T](System.Data.IDbConnection, System.String, System.Object, System.Data.IDbTransaction, Boolean, System.Nullable`1[System.Int32], System.Nullable`1[System.Data.CommandType]), Línea: 0] - ORA-06550: línea 1, columna 7:
PLS-00201: el identificador 'PKG_MRV_DETALLE_INDICADORES.USP_SEL_INICIATIVA_SUSTENTO' se debe declarar
ORA-06550: línea 1, columna 7:
PL/SQL: Statement ignored
02/02/2020 03:10:56 p.m.: [Método: System.Collections.Generic.List`1[entidad.minem.gob.pe.SustentoIniciativaBE] ListaSustentoIniciativa(entidad.minem.gob.pe.SustentoIniciativaBE), Línea: 496] - ORA-06550: línea 1, columna 7:
PLS-00201: el identificador 'PKG_MRV_DETALLE_INDICADORES.USP_SEL_INICIATIVA_SUSTENTO' se debe declarar
ORA-06550: línea 1, columna 7:
PL/SQL: Statement ignored
