12/02/2020 09:58:59 a.m.: [Método: Void WinIOError(Int32, System.String), Línea: 0] - No se puede encontrar una parte de la ruta de acceso 'C:\inetpub\wwwroot\mrv-minem\Archivos\Sustentatorios\d971687f-7bb9-4af1-b67f-adeca303bfb2.pdf'.
12/02/2020 09:58:59 a.m.: [Método: Void Init(System.String, System.IO.FileMode, System.IO.FileAccess, Int32, Boolean, System.IO.FileShare, Int32, System.IO.FileOptions, SECURITY_ATTRIBUTES, System.String, Boolean, Boolean, Boolean), Línea: 0] - No se puede encontrar una parte de la ruta de acceso 'C:\inetpub\wwwroot\mrv-minem\Archivos\Sustentatorios\d971687f-7bb9-4af1-b67f-adeca303bfb2.pdf'.
12/02/2020 09:58:59 a.m.: [Método: Void .ctor(System.String, System.IO.FileMode, System.IO.FileAccess, System.IO.FileShare, Int32, System.IO.FileOptions, System.String, Boolean), Línea: 0] - No se puede encontrar una parte de la ruta de acceso 'C:\inetpub\wwwroot\mrv-minem\Archivos\Sustentatorios\d971687f-7bb9-4af1-b67f-adeca303bfb2.pdf'.
12/02/2020 09:58:59 a.m.: [Método: Void .ctor(System.String, System.IO.FileMode), Línea: 0] - No se puede encontrar una parte de la ruta de acceso 'C:\inetpub\wwwroot\mrv-minem\Archivos\Sustentatorios\d971687f-7bb9-4af1-b67f-adeca303bfb2.pdf'.
12/02/2020 09:58:59 a.m.: [Método: Void SaveAs(System.String), Línea: 0] - No se puede encontrar una parte de la ruta de acceso 'C:\inetpub\wwwroot\mrv-minem\Archivos\Sustentatorios\d971687f-7bb9-4af1-b67f-adeca303bfb2.pdf'.
12/02/2020 09:58:59 a.m.: [Método: Void SaveAs(System.String), Línea: 0] - No se puede encontrar una parte de la ruta de acceso 'C:\inetpub\wwwroot\mrv-minem\Archivos\Sustentatorios\d971687f-7bb9-4af1-b67f-adeca303bfb2.pdf'.
12/02/2020 09:58:59 a.m.: [Método: System.Web.Mvc.JsonResult RegistrarDetalleIndicador2(System.Web.HttpPostedFileBase[], System.Web.HttpPostedFileBase[], entidad.minem.gob.pe.IniciativaBE), Línea: 0] - No se puede encontrar una parte de la ruta de acceso 'C:\inetpub\wwwroot\mrv-minem\Archivos\Sustentatorios\d971687f-7bb9-4af1-b67f-adeca303bfb2.pdf'.
12/02/2020 05:22:43 p.m.: [Método: Void HandleErrorHelper(Int32, Oracle.DataAccess.Client.OracleConnection, IntPtr, Oracle.DataAccess.Client.OpoSqlValCtx*, System.Object, System.String, Boolean, Int32, Oracle.DataAccess.Client.OracleLogicalTransaction), Línea: 0] - ORA-06550: line 1, column 43:
PLS-00302: component 'USP_SEL_ARCHIVO_GUARDADO' must be declared
ORA-06550: line 1, column 7:
PL/SQL: Statement ignored
12/02/2020 05:22:43 p.m.: [Método: Void HandleError(Int32, Oracle.DataAccess.Client.OracleConnection, System.String, IntPtr, Oracle.DataAccess.Client.OpoSqlValCtx*, System.Object, Boolean, Oracle.DataAccess.Client.OracleLogicalTransaction), Línea: 0] - ORA-06550: line 1, column 43:
PLS-00302: component 'USP_SEL_ARCHIVO_GUARDADO' must be declared
ORA-06550: line 1, column 7:
PL/SQL: Statement ignored
12/02/2020 05:22:43 p.m.: [Método: Oracle.DataAccess.Client.OracleDataReader ExecuteReader(Boolean, Boolean, System.Data.CommandBehavior), Línea: 0] - ORA-06550: line 1, column 43:
PLS-00302: component 'USP_SEL_ARCHIVO_GUARDADO' must be declared
ORA-06550: line 1, column 7:
PL/SQL: Statement ignored
12/02/2020 05:22:43 p.m.: [Método: System.Data.Common.DbDataReader ExecuteDbDataReader(System.Data.CommandBehavior), Línea: 0] - ORA-06550: line 1, column 43:
PLS-00302: component 'USP_SEL_ARCHIVO_GUARDADO' must be declared
ORA-06550: line 1, column 7:
PL/SQL: Statement ignored
12/02/2020 05:22:43 p.m.: [Método: System.Data.IDataReader System.Data.IDbCommand.ExecuteReader(System.Data.CommandBehavior), Línea: 0] - ORA-06550: line 1, column 43:
PLS-00302: component 'USP_SEL_ARCHIVO_GUARDADO' must be declared
ORA-06550: line 1, column 7:
PL/SQL: Statement ignored
12/02/2020 05:22:43 p.m.: [Método: System.Data.IDataReader ExecuteReaderWithFlagsFallback(System.Data.IDbCommand, Boolean, System.Data.CommandBehavior), Línea: 0] - ORA-06550: line 1, column 43:
PLS-00302: component 'USP_SEL_ARCHIVO_GUARDADO' must be declared
ORA-06550: line 1, column 7:
PL/SQL: Statement ignored
12/02/2020 05:22:43 p.m.: [Método: Boolean MoveNext(), Línea: 0] - ORA-06550: line 1, column 43:
PLS-00302: component 'USP_SEL_ARCHIVO_GUARDADO' must be declared
ORA-06550: line 1, column 7:
PL/SQL: Statement ignored
12/02/2020 05:22:43 p.m.: [Método: Void .ctor(System.Collections.Generic.IEnumerable`1[T]), Línea: 0] - ORA-06550: line 1, column 43:
PLS-00302: component 'USP_SEL_ARCHIVO_GUARDADO' must be declared
ORA-06550: line 1, column 7:
PL/SQL: Statement ignored
12/02/2020 05:22:43 p.m.: [Método: System.Collections.Generic.List`1[TSource] ToList[TSource](System.Collections.Generic.IEnumerable`1[TSource]), Línea: 0] - ORA-06550: line 1, column 43:
PLS-00302: component 'USP_SEL_ARCHIVO_GUARDADO' must be declared
ORA-06550: line 1, column 7:
PL/SQL: Statement ignored
12/02/2020 05:22:43 p.m.: [Método: System.Collections.Generic.IEnumerable`1[T] Query[T](System.Data.IDbConnection, System.String, System.Object, System.Data.IDbTransaction, Boolean, System.Nullable`1[System.Int32], System.Nullable`1[System.Data.CommandType]), Línea: 0] - ORA-06550: line 1, column 43:
PLS-00302: component 'USP_SEL_ARCHIVO_GUARDADO' must be declared
ORA-06550: line 1, column 7:
PL/SQL: Statement ignored
12/02/2020 05:22:43 p.m.: [Método: System.Collections.Generic.List`1[entidad.minem.gob.pe.SustentoIniciativaBE] ListarArchivosGuardados(entidad.minem.gob.pe.IniciativaBE), Línea: 1542] - ORA-06550: line 1, column 43:
PLS-00302: component 'USP_SEL_ARCHIVO_GUARDADO' must be declared
ORA-06550: line 1, column 7:
PL/SQL: Statement ignored
12/02/2020 05:26:08 p.m.: [Método: Void HandleErrorHelper(Int32, Oracle.DataAccess.Client.OracleConnection, IntPtr, Oracle.DataAccess.Client.OpoSqlValCtx*, System.Object, System.String, Boolean, Int32, Oracle.DataAccess.Client.OracleLogicalTransaction), Línea: 0] - ORA-06550: line 1, column 43:
PLS-00302: component 'USP_SEL_ARCHIVO_GUARDADO' must be declared
ORA-06550: line 1, column 7:
PL/SQL: Statement ignored
12/02/2020 05:26:08 p.m.: [Método: Void HandleError(Int32, Oracle.DataAccess.Client.OracleConnection, System.String, IntPtr, Oracle.DataAccess.Client.OpoSqlValCtx*, System.Object, Boolean, Oracle.DataAccess.Client.OracleLogicalTransaction), Línea: 0] - ORA-06550: line 1, column 43:
PLS-00302: component 'USP_SEL_ARCHIVO_GUARDADO' must be declared
ORA-06550: line 1, column 7:
PL/SQL: Statement ignored
12/02/2020 05:26:08 p.m.: [Método: Oracle.DataAccess.Client.OracleDataReader ExecuteReader(Boolean, Boolean, System.Data.CommandBehavior), Línea: 0] - ORA-06550: line 1, column 43:
PLS-00302: component 'USP_SEL_ARCHIVO_GUARDADO' must be declared
ORA-06550: line 1, column 7:
PL/SQL: Statement ignored
12/02/2020 05:26:08 p.m.: [Método: System.Data.Common.DbDataReader ExecuteDbDataReader(System.Data.CommandBehavior), Línea: 0] - ORA-06550: line 1, column 43:
PLS-00302: component 'USP_SEL_ARCHIVO_GUARDADO' must be declared
ORA-06550: line 1, column 7:
PL/SQL: Statement ignored
12/02/2020 05:26:08 p.m.: [Método: System.Data.IDataReader System.Data.IDbCommand.ExecuteReader(System.Data.CommandBehavior), Línea: 0] - ORA-06550: line 1, column 43:
PLS-00302: component 'USP_SEL_ARCHIVO_GUARDADO' must be declared
ORA-06550: line 1, column 7:
PL/SQL: Statement ignored
12/02/2020 05:26:08 p.m.: [Método: System.Data.IDataReader ExecuteReaderWithFlagsFallback(System.Data.IDbCommand, Boolean, System.Data.CommandBehavior), Línea: 0] - ORA-06550: line 1, column 43:
PLS-00302: component 'USP_SEL_ARCHIVO_GUARDADO' must be declared
ORA-06550: line 1, column 7:
PL/SQL: Statement ignored
12/02/2020 05:26:08 p.m.: [Método: Boolean MoveNext(), Línea: 0] - ORA-06550: line 1, column 43:
PLS-00302: component 'USP_SEL_ARCHIVO_GUARDADO' must be declared
ORA-06550: line 1, column 7:
PL/SQL: Statement ignored
12/02/2020 05:26:08 p.m.: [Método: Void .ctor(System.Collections.Generic.IEnumerable`1[T]), Línea: 0] - ORA-06550: line 1, column 43:
PLS-00302: component 'USP_SEL_ARCHIVO_GUARDADO' must be declared
ORA-06550: line 1, column 7:
PL/SQL: Statement ignored
12/02/2020 05:26:08 p.m.: [Método: System.Collections.Generic.List`1[TSource] ToList[TSource](System.Collections.Generic.IEnumerable`1[TSource]), Línea: 0] - ORA-06550: line 1, column 43:
PLS-00302: component 'USP_SEL_ARCHIVO_GUARDADO' must be declared
ORA-06550: line 1, column 7:
PL/SQL: Statement ignored
12/02/2020 05:26:08 p.m.: [Método: System.Collections.Generic.IEnumerable`1[T] Query[T](System.Data.IDbConnection, System.String, System.Object, System.Data.IDbTransaction, Boolean, System.Nullable`1[System.Int32], System.Nullable`1[System.Data.CommandType]), Línea: 0] - ORA-06550: line 1, column 43:
PLS-00302: component 'USP_SEL_ARCHIVO_GUARDADO' must be declared
ORA-06550: line 1, column 7:
PL/SQL: Statement ignored
12/02/2020 05:26:08 p.m.: [Método: System.Collections.Generic.List`1[entidad.minem.gob.pe.SustentoIniciativaBE] ListarArchivosGuardados(entidad.minem.gob.pe.IniciativaBE), Línea: 1542] - ORA-06550: line 1, column 43:
PLS-00302: component 'USP_SEL_ARCHIVO_GUARDADO' must be declared
ORA-06550: line 1, column 7:
PL/SQL: Statement ignored
12/02/2020 05:33:39 p.m.: [Método: Void Open(), Línea: 0] - No se puede obtener acceso al objeto desechado.
Nombre del objeto: 'OracleConnection'.
12/02/2020 05:33:39 p.m.: [Método: Boolean MoveNext(), Línea: 0] - No se puede obtener acceso al objeto desechado.
Nombre del objeto: 'OracleConnection'.
12/02/2020 05:33:39 p.m.: [Método: Void .ctor(System.Collections.Generic.IEnumerable`1[T]), Línea: 0] - No se puede obtener acceso al objeto desechado.
Nombre del objeto: 'OracleConnection'.
12/02/2020 05:33:39 p.m.: [Método: System.Collections.Generic.List`1[TSource] ToList[TSource](System.Collections.Generic.IEnumerable`1[TSource]), Línea: 0] - No se puede obtener acceso al objeto desechado.
Nombre del objeto: 'OracleConnection'.
12/02/2020 05:33:39 p.m.: [Método: System.Collections.Generic.IEnumerable`1[T] Query[T](System.Data.IDbConnection, System.String, System.Object, System.Data.IDbTransaction, Boolean, System.Nullable`1[System.Int32], System.Nullable`1[System.Data.CommandType]), Línea: 0] - No se puede obtener acceso al objeto desechado.
Nombre del objeto: 'OracleConnection'.
12/02/2020 05:33:39 p.m.: [Método: System.Collections.Generic.List`1[entidad.minem.gob.pe.SustentoIniciativaBE] ListarArchivosGuardados(entidad.minem.gob.pe.IniciativaBE), Línea: 1542] - No se puede obtener acceso al objeto desechado.
Nombre del objeto: 'OracleConnection'.
12/02/2020 05:33:56 p.m.: [Método: Void HandleErrorHelper(Int32, Oracle.DataAccess.Client.OracleConnection, IntPtr, Oracle.DataAccess.Client.OpoSqlValCtx*, System.Object, System.String, Boolean, Int32, Oracle.DataAccess.Client.OracleLogicalTransaction), Línea: 0] - ORA-06550: line 1, column 43:
PLS-00302: component 'USP_SEL_ARCHIVO_GUARDADO' must be declared
ORA-06550: line 1, column 7:
PL/SQL: Statement ignored
12/02/2020 05:33:56 p.m.: [Método: Void HandleError(Int32, Oracle.DataAccess.Client.OracleConnection, System.String, IntPtr, Oracle.DataAccess.Client.OpoSqlValCtx*, System.Object, Boolean, Oracle.DataAccess.Client.OracleLogicalTransaction), Línea: 0] - ORA-06550: line 1, column 43:
PLS-00302: component 'USP_SEL_ARCHIVO_GUARDADO' must be declared
ORA-06550: line 1, column 7:
PL/SQL: Statement ignored
12/02/2020 05:33:56 p.m.: [Método: Oracle.DataAccess.Client.OracleDataReader ExecuteReader(Boolean, Boolean, System.Data.CommandBehavior), Línea: 0] - ORA-06550: line 1, column 43:
PLS-00302: component 'USP_SEL_ARCHIVO_GUARDADO' must be declared
ORA-06550: line 1, column 7:
PL/SQL: Statement ignored
12/02/2020 05:33:56 p.m.: [Método: System.Data.Common.DbDataReader ExecuteDbDataReader(System.Data.CommandBehavior), Línea: 0] - ORA-06550: line 1, column 43:
PLS-00302: component 'USP_SEL_ARCHIVO_GUARDADO' must be declared
ORA-06550: line 1, column 7:
PL/SQL: Statement ignored
12/02/2020 05:33:56 p.m.: [Método: System.Data.IDataReader System.Data.IDbCommand.ExecuteReader(System.Data.CommandBehavior), Línea: 0] - ORA-06550: line 1, column 43:
PLS-00302: component 'USP_SEL_ARCHIVO_GUARDADO' must be declared
ORA-06550: line 1, column 7:
PL/SQL: Statement ignored
12/02/2020 05:33:56 p.m.: [Método: System.Data.IDataReader ExecuteReaderWithFlagsFallback(System.Data.IDbCommand, Boolean, System.Data.CommandBehavior), Línea: 0] - ORA-06550: line 1, column 43:
PLS-00302: component 'USP_SEL_ARCHIVO_GUARDADO' must be declared
ORA-06550: line 1, column 7:
PL/SQL: Statement ignored
12/02/2020 05:33:56 p.m.: [Método: Boolean MoveNext(), Línea: 0] - ORA-06550: line 1, column 43:
PLS-00302: component 'USP_SEL_ARCHIVO_GUARDADO' must be declared
ORA-06550: line 1, column 7:
PL/SQL: Statement ignored
12/02/2020 05:33:56 p.m.: [Método: Void .ctor(System.Collections.Generic.IEnumerable`1[T]), Línea: 0] - ORA-06550: line 1, column 43:
PLS-00302: component 'USP_SEL_ARCHIVO_GUARDADO' must be declared
ORA-06550: line 1, column 7:
PL/SQL: Statement ignored
12/02/2020 05:33:56 p.m.: [Método: System.Collections.Generic.List`1[TSource] ToList[TSource](System.Collections.Generic.IEnumerable`1[TSource]), Línea: 0] - ORA-06550: line 1, column 43:
PLS-00302: component 'USP_SEL_ARCHIVO_GUARDADO' must be declared
ORA-06550: line 1, column 7:
PL/SQL: Statement ignored
12/02/2020 05:33:56 p.m.: [Método: System.Collections.Generic.IEnumerable`1[T] Query[T](System.Data.IDbConnection, System.String, System.Object, System.Data.IDbTransaction, Boolean, System.Nullable`1[System.Int32], System.Nullable`1[System.Data.CommandType]), Línea: 0] - ORA-06550: line 1, column 43:
PLS-00302: component 'USP_SEL_ARCHIVO_GUARDADO' must be declared
ORA-06550: line 1, column 7:
PL/SQL: Statement ignored
12/02/2020 05:33:56 p.m.: [Método: System.Collections.Generic.List`1[entidad.minem.gob.pe.SustentoIniciativaBE] ListarArchivosGuardados(entidad.minem.gob.pe.IniciativaBE), Línea: 1542] - ORA-06550: line 1, column 43:
PLS-00302: component 'USP_SEL_ARCHIVO_GUARDADO' must be declared
ORA-06550: line 1, column 7:
PL/SQL: Statement ignored
12/02/2020 05:48:54 p.m.: [Método: System.Web.Mvc.JsonResult RegistrarDetalleIndicador(System.Web.HttpPostedFileBase[], System.Web.HttpPostedFileBase[], entidad.minem.gob.pe.IniciativaBE), Línea: 653] - Referencia a objeto no establecida como instancia de un objeto.
12/02/2020 06:25:48 p.m.: [Método: System.Web.Mvc.JsonResult RegistrarDetalleIndicador(System.Web.HttpPostedFileBase[], System.Web.HttpPostedFileBase[], entidad.minem.gob.pe.IniciativaBE), Línea: 653] - Referencia a objeto no establecida como instancia de un objeto.
12/02/2020 06:26:29 p.m.: [Método: System.Web.Mvc.JsonResult RegistrarDetalleIndicador(System.Web.HttpPostedFileBase[], System.Web.HttpPostedFileBase[], entidad.minem.gob.pe.IniciativaBE), Línea: 653] - Referencia a objeto no establecida como instancia de un objeto.
12/02/2020 06:26:32 p.m.: [Método: System.Web.Mvc.JsonResult RegistrarDetalleIndicador(System.Web.HttpPostedFileBase[], System.Web.HttpPostedFileBase[], entidad.minem.gob.pe.IniciativaBE), Línea: 653] - Referencia a objeto no establecida como instancia de un objeto.
12/02/2020 06:26:40 p.m.: [Método: System.Web.Mvc.JsonResult RegistrarDetalleIndicador(System.Web.HttpPostedFileBase[], System.Web.HttpPostedFileBase[], entidad.minem.gob.pe.IniciativaBE), Línea: 653] - Referencia a objeto no establecida como instancia de un objeto.
12/02/2020 06:26:49 p.m.: [Método: System.Web.Mvc.JsonResult RegistrarDetalleIndicador(System.Web.HttpPostedFileBase[], System.Web.HttpPostedFileBase[], entidad.minem.gob.pe.IniciativaBE), Línea: 653] - Referencia a objeto no establecida como instancia de un objeto.
12/02/2020 06:26:50 p.m.: [Método: System.Web.Mvc.JsonResult RegistrarDetalleIndicador(System.Web.HttpPostedFileBase[], System.Web.HttpPostedFileBase[], entidad.minem.gob.pe.IniciativaBE), Línea: 653] - Referencia a objeto no establecida como instancia de un objeto.
12/02/2020 06:26:51 p.m.: [Método: System.Web.Mvc.JsonResult RegistrarDetalleIndicador(System.Web.HttpPostedFileBase[], System.Web.HttpPostedFileBase[], entidad.minem.gob.pe.IniciativaBE), Línea: 653] - Referencia a objeto no establecida como instancia de un objeto.
12/02/2020 06:26:52 p.m.: [Método: System.Web.Mvc.JsonResult RegistrarDetalleIndicador(System.Web.HttpPostedFileBase[], System.Web.HttpPostedFileBase[], entidad.minem.gob.pe.IniciativaBE), Línea: 653] - Referencia a objeto no establecida como instancia de un objeto.
12/02/2020 06:29:25 p.m.: [Método: System.Web.Mvc.JsonResult RegistrarDetalleIndicador(System.Web.HttpPostedFileBase[], System.Web.HttpPostedFileBase[], entidad.minem.gob.pe.IniciativaBE), Línea: 653] - Referencia a objeto no establecida como instancia de un objeto.
12/02/2020 06:31:23 p.m.: [Método: System.Web.Mvc.JsonResult RegistrarDetalleIndicador(System.Web.HttpPostedFileBase[], System.Web.HttpPostedFileBase[], entidad.minem.gob.pe.IniciativaBE), Línea: 653] - Referencia a objeto no establecida como instancia de un objeto.
12/02/2020 06:32:46 p.m.: [Método: System.Web.Mvc.JsonResult RegistrarDetalleIndicador(System.Web.HttpPostedFileBase[], System.Web.HttpPostedFileBase[], entidad.minem.gob.pe.IniciativaBE), Línea: 653] - Referencia a objeto no establecida como instancia de un objeto.
