16/01/2020 01:52:59 a.m.: [Método: System.Func`2[System.Data.IDataReader,System.Object] GetTypeDeserializerImpl(System.Type, System.Data.IDataReader, Int32, Int32, Boolean), Línea: 0] - A parameterless default constructor or one matching signature (System.Decimal ID_OPCION, System.String NOMBRES, System.Decimal ID_ROL, System.String INSTITUCION, System.String SECTOR, System.String CORREO, System.String DIRECCION) is required for entidad.minem.gob.pe.RolOpcionesBE materialization
16/01/2020 01:52:59 a.m.: [Método: System.Func`2[System.Data.IDataReader,System.Object] GetReader(System.Data.IDataReader, Int32, Int32, Boolean), Línea: 0] - A parameterless default constructor or one matching signature (System.Decimal ID_OPCION, System.String NOMBRES, System.Decimal ID_ROL, System.String INSTITUCION, System.String SECTOR, System.String CORREO, System.String DIRECCION) is required for entidad.minem.gob.pe.RolOpcionesBE materialization
16/01/2020 01:52:59 a.m.: [Método: System.Func`2[System.Data.IDataReader,System.Object] GetReader(System.Type, System.Data.IDataReader, Int32, Int32, Boolean), Línea: 0] - A parameterless default constructor or one matching signature (System.Decimal ID_OPCION, System.String NOMBRES, System.Decimal ID_ROL, System.String INSTITUCION, System.String SECTOR, System.String CORREO, System.String DIRECCION) is required for entidad.minem.gob.pe.RolOpcionesBE materialization
16/01/2020 01:52:59 a.m.: [Método: System.Func`2[System.Data.IDataReader,System.Object] GetDeserializer(System.Type, System.Data.IDataReader, Int32, Int32, Boolean), Línea: 0] - A parameterless default constructor or one matching signature (System.Decimal ID_OPCION, System.String NOMBRES, System.Decimal ID_ROL, System.String INSTITUCION, System.String SECTOR, System.String CORREO, System.String DIRECCION) is required for entidad.minem.gob.pe.RolOpcionesBE materialization
16/01/2020 01:52:59 a.m.: [Método: Boolean MoveNext(), Línea: 0] - A parameterless default constructor or one matching signature (System.Decimal ID_OPCION, System.String NOMBRES, System.Decimal ID_ROL, System.String INSTITUCION, System.String SECTOR, System.String CORREO, System.String DIRECCION) is required for entidad.minem.gob.pe.RolOpcionesBE materialization
16/01/2020 01:52:59 a.m.: [Método: Void .ctor(System.Collections.Generic.IEnumerable`1[T]), Línea: 0] - A parameterless default constructor or one matching signature (System.Decimal ID_OPCION, System.String NOMBRES, System.Decimal ID_ROL, System.String INSTITUCION, System.String SECTOR, System.String CORREO, System.String DIRECCION) is required for entidad.minem.gob.pe.RolOpcionesBE materialization
16/01/2020 01:52:59 a.m.: [Método: System.Collections.Generic.List`1[TSource] ToList[TSource](System.Collections.Generic.IEnumerable`1[TSource]), Línea: 0] - A parameterless default constructor or one matching signature (System.Decimal ID_OPCION, System.String NOMBRES, System.Decimal ID_ROL, System.String INSTITUCION, System.String SECTOR, System.String CORREO, System.String DIRECCION) is required for entidad.minem.gob.pe.RolOpcionesBE materialization
16/01/2020 01:52:59 a.m.: [Método: System.Collections.Generic.IEnumerable`1[T] Query[T](System.Data.IDbConnection, System.String, System.Object, System.Data.IDbTransaction, Boolean, System.Nullable`1[System.Int32], System.Nullable`1[System.Data.CommandType]), Línea: 0] - A parameterless default constructor or one matching signature (System.Decimal ID_OPCION, System.String NOMBRES, System.Decimal ID_ROL, System.String INSTITUCION, System.String SECTOR, System.String CORREO, System.String DIRECCION) is required for entidad.minem.gob.pe.RolOpcionesBE materialization
16/01/2020 01:52:59 a.m.: [Método: System.Collections.Generic.List`1[entidad.minem.gob.pe.RolOpcionesBE] ListarRolOpciones(entidad.minem.gob.pe.RolOpcionesBE), Línea: 29] - A parameterless default constructor or one matching signature (System.Decimal ID_OPCION, System.String NOMBRES, System.Decimal ID_ROL, System.String INSTITUCION, System.String SECTOR, System.String CORREO, System.String DIRECCION) is required for entidad.minem.gob.pe.RolOpcionesBE materialization
16/01/2020 06:56:36 p.m.: [Método: Void HandleErrorHelper(Int32, Oracle.DataAccess.Client.OracleConnection, IntPtr, Oracle.DataAccess.Client.OpoSqlValCtx*, System.Object, System.String, Boolean, Int32, Oracle.DataAccess.Client.OracleLogicalTransaction), Línea: 0] - ORA-03135: connection lost contact
Process ID: 11292
Session ID: 248 Serial number: 37716
16/01/2020 06:56:36 p.m.: [Método: Void HandleError(Int32, Oracle.DataAccess.Client.OracleConnection, System.String, IntPtr, Oracle.DataAccess.Client.OpoSqlValCtx*, System.Object, Boolean, Oracle.DataAccess.Client.OracleLogicalTransaction), Línea: 0] - ORA-03135: connection lost contact
Process ID: 11292
Session ID: 248 Serial number: 37716
16/01/2020 06:56:36 p.m.: [Método: Oracle.DataAccess.Client.OracleDataReader ExecuteReader(Boolean, Boolean, System.Data.CommandBehavior), Línea: 0] - ORA-03135: connection lost contact
Process ID: 11292
Session ID: 248 Serial number: 37716
16/01/2020 06:56:36 p.m.: [Método: System.Data.Common.DbDataReader ExecuteDbDataReader(System.Data.CommandBehavior), Línea: 0] - ORA-03135: connection lost contact
Process ID: 11292
Session ID: 248 Serial number: 37716
16/01/2020 06:56:36 p.m.: [Método: System.Data.IDataReader System.Data.IDbCommand.ExecuteReader(System.Data.CommandBehavior), Línea: 0] - ORA-03135: connection lost contact
Process ID: 11292
Session ID: 248 Serial number: 37716
16/01/2020 06:56:36 p.m.: [Método: System.Data.IDataReader ExecuteReaderWithFlagsFallback(System.Data.IDbCommand, Boolean, System.Data.CommandBehavior), Línea: 0] - ORA-03135: connection lost contact
Process ID: 11292
Session ID: 248 Serial number: 37716
16/01/2020 06:56:36 p.m.: [Método: Boolean MoveNext(), Línea: 0] - ORA-03135: connection lost contact
Process ID: 11292
Session ID: 248 Serial number: 37716
16/01/2020 06:56:36 p.m.: [Método: Void .ctor(System.Collections.Generic.IEnumerable`1[T]), Línea: 0] - ORA-03135: connection lost contact
Process ID: 11292
Session ID: 248 Serial number: 37716
16/01/2020 06:56:36 p.m.: [Método: System.Collections.Generic.List`1[TSource] ToList[TSource](System.Collections.Generic.IEnumerable`1[TSource]), Línea: 0] - ORA-03135: connection lost contact
Process ID: 11292
Session ID: 248 Serial number: 37716
16/01/2020 06:56:36 p.m.: [Método: System.Collections.Generic.IEnumerable`1[T] Query[T](System.Data.IDbConnection, System.String, System.Object, System.Data.IDbTransaction, Boolean, System.Nullable`1[System.Int32], System.Nullable`1[System.Data.CommandType]), Línea: 0] - ORA-03135: connection lost contact
Process ID: 11292
Session ID: 248 Serial number: 37716
16/01/2020 06:56:36 p.m.: [Método: System.Collections.Generic.List`1[entidad.minem.gob.pe.IniciativaBE] ListaIniciativaEspecialista(entidad.minem.gob.pe.IniciativaBE), Línea: 57] - ORA-03135: connection lost contact
Process ID: 11292
Session ID: 248 Serial number: 37716
16/01/2020 07:19:40 p.m.: [Método: Void HandleErrorHelper(Int32, Oracle.DataAccess.Client.OracleConnection, IntPtr, Oracle.DataAccess.Client.OpoSqlValCtx*, System.Object, System.String, Boolean, Int32, Oracle.DataAccess.Client.OracleLogicalTransaction), Línea: 0] - ORA-06550: line 1, column 7:
PLS-00306: wrong number or types of arguments in call to 'USP_UPD_APROBAR_INICIATIVA'
ORA-06550: line 1, column 7:
PL/SQL: Statement ignored
16/01/2020 07:19:40 p.m.: [Método: Void HandleError(Int32, Oracle.DataAccess.Client.OracleConnection, System.String, IntPtr, Oracle.DataAccess.Client.OpoSqlValCtx*, System.Object, Boolean, Oracle.DataAccess.Client.OracleLogicalTransaction), Línea: 0] - ORA-06550: line 1, column 7:
PLS-00306: wrong number or types of arguments in call to 'USP_UPD_APROBAR_INICIATIVA'
ORA-06550: line 1, column 7:
PL/SQL: Statement ignored
16/01/2020 07:19:40 p.m.: [Método: Int32 ExecuteNonQuery(), Línea: 0] - ORA-06550: line 1, column 7:
PLS-00306: wrong number or types of arguments in call to 'USP_UPD_APROBAR_INICIATIVA'
ORA-06550: line 1, column 7:
PL/SQL: Statement ignored
16/01/2020 07:19:40 p.m.: [Método: Int32 ExecuteCommand(System.Data.IDbConnection, Dapper.CommandDefinition ByRef, System.Action`2[System.Data.IDbCommand,System.Object]), Línea: 0] - ORA-06550: line 1, column 7:
PLS-00306: wrong number or types of arguments in call to 'USP_UPD_APROBAR_INICIATIVA'
ORA-06550: line 1, column 7:
PL/SQL: Statement ignored
16/01/2020 07:19:40 p.m.: [Método: Int32 ExecuteImpl(System.Data.IDbConnection, Dapper.CommandDefinition ByRef), Línea: 0] - ORA-06550: line 1, column 7:
PLS-00306: wrong number or types of arguments in call to 'USP_UPD_APROBAR_INICIATIVA'
ORA-06550: line 1, column 7:
PL/SQL: Statement ignored
16/01/2020 07:19:40 p.m.: [Método: Int32 Execute(System.Data.IDbConnection, System.String, System.Object, System.Data.IDbTransaction, System.Nullable`1[System.Int32], System.Nullable`1[System.Data.CommandType]), Línea: 0] - ORA-06550: line 1, column 7:
PLS-00306: wrong number or types of arguments in call to 'USP_UPD_APROBAR_INICIATIVA'
ORA-06550: line 1, column 7:
PL/SQL: Statement ignored
16/01/2020 07:19:40 p.m.: [Método: entidad.minem.gob.pe.IniciativaBE AprobarIniciativaMitigacion(entidad.minem.gob.pe.IniciativaBE), Línea: 463] - ORA-06550: line 1, column 7:
PLS-00306: wrong number or types of arguments in call to 'USP_UPD_APROBAR_INICIATIVA'
ORA-06550: line 1, column 7:
PL/SQL: Statement ignored
16/01/2020 07:19:54 p.m.: [Método: Void HandleErrorHelper(Int32, Oracle.DataAccess.Client.OracleConnection, IntPtr, Oracle.DataAccess.Client.OpoSqlValCtx*, System.Object, System.String, Boolean, Int32, Oracle.DataAccess.Client.OracleLogicalTransaction), Línea: 0] - ORA-06550: line 1, column 7:
PLS-00306: wrong number or types of arguments in call to 'USP_UPD_APROBAR_INICIATIVA'
ORA-06550: line 1, column 7:
PL/SQL: Statement ignored
16/01/2020 07:19:54 p.m.: [Método: Void HandleError(Int32, Oracle.DataAccess.Client.OracleConnection, System.String, IntPtr, Oracle.DataAccess.Client.OpoSqlValCtx*, System.Object, Boolean, Oracle.DataAccess.Client.OracleLogicalTransaction), Línea: 0] - ORA-06550: line 1, column 7:
PLS-00306: wrong number or types of arguments in call to 'USP_UPD_APROBAR_INICIATIVA'
ORA-06550: line 1, column 7:
PL/SQL: Statement ignored
16/01/2020 07:19:54 p.m.: [Método: Int32 ExecuteNonQuery(), Línea: 0] - ORA-06550: line 1, column 7:
PLS-00306: wrong number or types of arguments in call to 'USP_UPD_APROBAR_INICIATIVA'
ORA-06550: line 1, column 7:
PL/SQL: Statement ignored
16/01/2020 07:19:54 p.m.: [Método: Int32 ExecuteCommand(System.Data.IDbConnection, Dapper.CommandDefinition ByRef, System.Action`2[System.Data.IDbCommand,System.Object]), Línea: 0] - ORA-06550: line 1, column 7:
PLS-00306: wrong number or types of arguments in call to 'USP_UPD_APROBAR_INICIATIVA'
ORA-06550: line 1, column 7:
PL/SQL: Statement ignored
16/01/2020 07:19:54 p.m.: [Método: Int32 ExecuteImpl(System.Data.IDbConnection, Dapper.CommandDefinition ByRef), Línea: 0] - ORA-06550: line 1, column 7:
PLS-00306: wrong number or types of arguments in call to 'USP_UPD_APROBAR_INICIATIVA'
ORA-06550: line 1, column 7:
PL/SQL: Statement ignored
16/01/2020 07:19:54 p.m.: [Método: Int32 Execute(System.Data.IDbConnection, System.String, System.Object, System.Data.IDbTransaction, System.Nullable`1[System.Int32], System.Nullable`1[System.Data.CommandType]), Línea: 0] - ORA-06550: line 1, column 7:
PLS-00306: wrong number or types of arguments in call to 'USP_UPD_APROBAR_INICIATIVA'
ORA-06550: line 1, column 7:
PL/SQL: Statement ignored
16/01/2020 07:19:54 p.m.: [Método: entidad.minem.gob.pe.IniciativaBE AprobarIniciativaMitigacion(entidad.minem.gob.pe.IniciativaBE), Línea: 463] - ORA-06550: line 1, column 7:
PLS-00306: wrong number or types of arguments in call to 'USP_UPD_APROBAR_INICIATIVA'
ORA-06550: line 1, column 7:
PL/SQL: Statement ignored
16/01/2020 07:20:54 p.m.: [Método: Void HandleErrorHelper(Int32, Oracle.DataAccess.Client.OracleConnection, IntPtr, Oracle.DataAccess.Client.OpoSqlValCtx*, System.Object, System.String, Boolean, Int32, Oracle.DataAccess.Client.OracleLogicalTransaction), Línea: 0] - ORA-06550: line 1, column 7:
PLS-00306: wrong number or types of arguments in call to 'USP_UPD_APROBAR_INICIATIVA'
ORA-06550: line 1, column 7:
PL/SQL: Statement ignored
16/01/2020 07:20:54 p.m.: [Método: Void HandleError(Int32, Oracle.DataAccess.Client.OracleConnection, System.String, IntPtr, Oracle.DataAccess.Client.OpoSqlValCtx*, System.Object, Boolean, Oracle.DataAccess.Client.OracleLogicalTransaction), Línea: 0] - ORA-06550: line 1, column 7:
PLS-00306: wrong number or types of arguments in call to 'USP_UPD_APROBAR_INICIATIVA'
ORA-06550: line 1, column 7:
PL/SQL: Statement ignored
16/01/2020 07:20:54 p.m.: [Método: Int32 ExecuteNonQuery(), Línea: 0] - ORA-06550: line 1, column 7:
PLS-00306: wrong number or types of arguments in call to 'USP_UPD_APROBAR_INICIATIVA'
ORA-06550: line 1, column 7:
PL/SQL: Statement ignored
16/01/2020 07:20:54 p.m.: [Método: Int32 ExecuteCommand(System.Data.IDbConnection, Dapper.CommandDefinition ByRef, System.Action`2[System.Data.IDbCommand,System.Object]), Línea: 0] - ORA-06550: line 1, column 7:
PLS-00306: wrong number or types of arguments in call to 'USP_UPD_APROBAR_INICIATIVA'
ORA-06550: line 1, column 7:
PL/SQL: Statement ignored
16/01/2020 07:20:54 p.m.: [Método: Int32 ExecuteImpl(System.Data.IDbConnection, Dapper.CommandDefinition ByRef), Línea: 0] - ORA-06550: line 1, column 7:
PLS-00306: wrong number or types of arguments in call to 'USP_UPD_APROBAR_INICIATIVA'
ORA-06550: line 1, column 7:
PL/SQL: Statement ignored
16/01/2020 07:20:54 p.m.: [Método: Int32 Execute(System.Data.IDbConnection, System.String, System.Object, System.Data.IDbTransaction, System.Nullable`1[System.Int32], System.Nullable`1[System.Data.CommandType]), Línea: 0] - ORA-06550: line 1, column 7:
PLS-00306: wrong number or types of arguments in call to 'USP_UPD_APROBAR_INICIATIVA'
ORA-06550: line 1, column 7:
PL/SQL: Statement ignored
16/01/2020 07:20:54 p.m.: [Método: entidad.minem.gob.pe.IniciativaBE AprobarIniciativaMitigacion(entidad.minem.gob.pe.IniciativaBE), Línea: 463] - ORA-06550: line 1, column 7:
PLS-00306: wrong number or types of arguments in call to 'USP_UPD_APROBAR_INICIATIVA'
ORA-06550: line 1, column 7:
PL/SQL: Statement ignored
16/01/2020 07:26:03 p.m.: [Método: Void HandleErrorHelper(Int32, Oracle.DataAccess.Client.OracleConnection, IntPtr, Oracle.DataAccess.Client.OpoSqlValCtx*, System.Object, System.String, Boolean, Int32, Oracle.DataAccess.Client.OracleLogicalTransaction), Línea: 0] - ORA-06550: line 1, column 7:
PLS-00306: wrong number or types of arguments in call to 'USP_UPD_APROBAR_INICIATIVA'
ORA-06550: line 1, column 7:
PL/SQL: Statement ignored
16/01/2020 07:26:03 p.m.: [Método: Void HandleError(Int32, Oracle.DataAccess.Client.OracleConnection, System.String, IntPtr, Oracle.DataAccess.Client.OpoSqlValCtx*, System.Object, Boolean, Oracle.DataAccess.Client.OracleLogicalTransaction), Línea: 0] - ORA-06550: line 1, column 7:
PLS-00306: wrong number or types of arguments in call to 'USP_UPD_APROBAR_INICIATIVA'
ORA-06550: line 1, column 7:
PL/SQL: Statement ignored
16/01/2020 07:26:03 p.m.: [Método: Int32 ExecuteNonQuery(), Línea: 0] - ORA-06550: line 1, column 7:
PLS-00306: wrong number or types of arguments in call to 'USP_UPD_APROBAR_INICIATIVA'
ORA-06550: line 1, column 7:
PL/SQL: Statement ignored
16/01/2020 07:26:03 p.m.: [Método: Int32 ExecuteCommand(System.Data.IDbConnection, Dapper.CommandDefinition ByRef, System.Action`2[System.Data.IDbCommand,System.Object]), Línea: 0] - ORA-06550: line 1, column 7:
PLS-00306: wrong number or types of arguments in call to 'USP_UPD_APROBAR_INICIATIVA'
ORA-06550: line 1, column 7:
PL/SQL: Statement ignored
16/01/2020 07:26:03 p.m.: [Método: Int32 ExecuteImpl(System.Data.IDbConnection, Dapper.CommandDefinition ByRef), Línea: 0] - ORA-06550: line 1, column 7:
PLS-00306: wrong number or types of arguments in call to 'USP_UPD_APROBAR_INICIATIVA'
ORA-06550: line 1, column 7:
PL/SQL: Statement ignored
16/01/2020 07:26:03 p.m.: [Método: Int32 Execute(System.Data.IDbConnection, System.String, System.Object, System.Data.IDbTransaction, System.Nullable`1[System.Int32], System.Nullable`1[System.Data.CommandType]), Línea: 0] - ORA-06550: line 1, column 7:
PLS-00306: wrong number or types of arguments in call to 'USP_UPD_APROBAR_INICIATIVA'
ORA-06550: line 1, column 7:
PL/SQL: Statement ignored
16/01/2020 07:26:03 p.m.: [Método: entidad.minem.gob.pe.IniciativaBE AprobarIniciativaMitigacion(entidad.minem.gob.pe.IniciativaBE), Línea: 0] - ORA-06550: line 1, column 7:
PLS-00306: wrong number or types of arguments in call to 'USP_UPD_APROBAR_INICIATIVA'
ORA-06550: line 1, column 7:
PL/SQL: Statement ignored
16/01/2020 07:26:12 p.m.: [Método: Void HandleErrorHelper(Int32, Oracle.DataAccess.Client.OracleConnection, IntPtr, Oracle.DataAccess.Client.OpoSqlValCtx*, System.Object, System.String, Boolean, Int32, Oracle.DataAccess.Client.OracleLogicalTransaction), Línea: 0] - ORA-06550: line 1, column 7:
PLS-00306: wrong number or types of arguments in call to 'USP_UPD_APROBAR_INICIATIVA'
ORA-06550: line 1, column 7:
PL/SQL: Statement ignored
16/01/2020 07:26:12 p.m.: [Método: Void HandleError(Int32, Oracle.DataAccess.Client.OracleConnection, System.String, IntPtr, Oracle.DataAccess.Client.OpoSqlValCtx*, System.Object, Boolean, Oracle.DataAccess.Client.OracleLogicalTransaction), Línea: 0] - ORA-06550: line 1, column 7:
PLS-00306: wrong number or types of arguments in call to 'USP_UPD_APROBAR_INICIATIVA'
ORA-06550: line 1, column 7:
PL/SQL: Statement ignored
16/01/2020 07:26:12 p.m.: [Método: Int32 ExecuteNonQuery(), Línea: 0] - ORA-06550: line 1, column 7:
PLS-00306: wrong number or types of arguments in call to 'USP_UPD_APROBAR_INICIATIVA'
ORA-06550: line 1, column 7:
PL/SQL: Statement ignored
16/01/2020 07:26:12 p.m.: [Método: Int32 ExecuteCommand(System.Data.IDbConnection, Dapper.CommandDefinition ByRef, System.Action`2[System.Data.IDbCommand,System.Object]), Línea: 0] - ORA-06550: line 1, column 7:
PLS-00306: wrong number or types of arguments in call to 'USP_UPD_APROBAR_INICIATIVA'
ORA-06550: line 1, column 7:
PL/SQL: Statement ignored
16/01/2020 07:26:12 p.m.: [Método: Int32 ExecuteImpl(System.Data.IDbConnection, Dapper.CommandDefinition ByRef), Línea: 0] - ORA-06550: line 1, column 7:
PLS-00306: wrong number or types of arguments in call to 'USP_UPD_APROBAR_INICIATIVA'
ORA-06550: line 1, column 7:
PL/SQL: Statement ignored
16/01/2020 07:26:12 p.m.: [Método: Int32 Execute(System.Data.IDbConnection, System.String, System.Object, System.Data.IDbTransaction, System.Nullable`1[System.Int32], System.Nullable`1[System.Data.CommandType]), Línea: 0] - ORA-06550: line 1, column 7:
PLS-00306: wrong number or types of arguments in call to 'USP_UPD_APROBAR_INICIATIVA'
ORA-06550: line 1, column 7:
PL/SQL: Statement ignored
16/01/2020 07:26:12 p.m.: [Método: entidad.minem.gob.pe.IniciativaBE AprobarIniciativaMitigacion(entidad.minem.gob.pe.IniciativaBE), Línea: 0] - ORA-06550: line 1, column 7:
PLS-00306: wrong number or types of arguments in call to 'USP_UPD_APROBAR_INICIATIVA'
ORA-06550: line 1, column 7:
PL/SQL: Statement ignored
