06/01/2020 11:43:47: [Método: Void HandleErrorHelper(Int32, Oracle.DataAccess.Client.OracleConnection, IntPtr, Oracle.DataAccess.Client.OpoSqlValCtx*, System.Object, System.String, Boolean, Int32, Oracle.DataAccess.Client.OracleLogicalTransaction), Línea: 0] - ORA-04063: package body "USERMRV.PKG_MRV_MANTENIMIENTO" has errors
ORA-06508: PL/SQL: could not find program unit being called: "USERMRV.PKG_MRV_MANTENIMIENTO"
ORA-06512: at line 1
06/01/2020 11:43:47: [Método: Void HandleError(Int32, Oracle.DataAccess.Client.OracleConnection, System.String, IntPtr, Oracle.DataAccess.Client.OpoSqlValCtx*, System.Object, Boolean, Oracle.DataAccess.Client.OracleLogicalTransaction), Línea: 0] - ORA-04063: package body "USERMRV.PKG_MRV_MANTENIMIENTO" has errors
ORA-06508: PL/SQL: could not find program unit being called: "USERMRV.PKG_MRV_MANTENIMIENTO"
ORA-06512: at line 1
06/01/2020 11:43:47: [Método: Oracle.DataAccess.Client.OracleDataReader ExecuteReader(Boolean, Boolean, System.Data.CommandBehavior), Línea: 0] - ORA-04063: package body "USERMRV.PKG_MRV_MANTENIMIENTO" has errors
ORA-06508: PL/SQL: could not find program unit being called: "USERMRV.PKG_MRV_MANTENIMIENTO"
ORA-06512: at line 1
06/01/2020 11:43:47: [Método: System.Data.Common.DbDataReader ExecuteDbDataReader(System.Data.CommandBehavior), Línea: 0] - ORA-04063: package body "USERMRV.PKG_MRV_MANTENIMIENTO" has errors
ORA-06508: PL/SQL: could not find program unit being called: "USERMRV.PKG_MRV_MANTENIMIENTO"
ORA-06512: at line 1
06/01/2020 11:43:47: [Método: System.Data.IDataReader System.Data.IDbCommand.ExecuteReader(System.Data.CommandBehavior), Línea: 0] - ORA-04063: package body "USERMRV.PKG_MRV_MANTENIMIENTO" has errors
ORA-06508: PL/SQL: could not find program unit being called: "USERMRV.PKG_MRV_MANTENIMIENTO"
ORA-06512: at line 1
06/01/2020 11:43:47: [Método: System.Data.IDataReader ExecuteReaderWithFlagsFallback(System.Data.IDbCommand, Boolean, System.Data.CommandBehavior), Línea: 0] - ORA-04063: package body "USERMRV.PKG_MRV_MANTENIMIENTO" has errors
ORA-06508: PL/SQL: could not find program unit being called: "USERMRV.PKG_MRV_MANTENIMIENTO"
ORA-06512: at line 1
06/01/2020 11:43:47: [Método: Boolean MoveNext(), Línea: 0] - ORA-04063: package body "USERMRV.PKG_MRV_MANTENIMIENTO" has errors
ORA-06508: PL/SQL: could not find program unit being called: "USERMRV.PKG_MRV_MANTENIMIENTO"
ORA-06512: at line 1
06/01/2020 11:43:47: [Método: Void .ctor(System.Collections.Generic.IEnumerable`1[T]), Línea: 0] - ORA-04063: package body "USERMRV.PKG_MRV_MANTENIMIENTO" has errors
ORA-06508: PL/SQL: could not find program unit being called: "USERMRV.PKG_MRV_MANTENIMIENTO"
ORA-06512: at line 1
06/01/2020 11:43:47: [Método: System.Collections.Generic.List`1[TSource] ToList[TSource](System.Collections.Generic.IEnumerable`1[TSource]), Línea: 0] - ORA-04063: package body "USERMRV.PKG_MRV_MANTENIMIENTO" has errors
ORA-06508: PL/SQL: could not find program unit being called: "USERMRV.PKG_MRV_MANTENIMIENTO"
ORA-06512: at line 1
06/01/2020 11:43:47: [Método: System.Collections.Generic.IEnumerable`1[T] Query[T](System.Data.IDbConnection, System.String, System.Object, System.Data.IDbTransaction, Boolean, System.Nullable`1[System.Int32], System.Nullable`1[System.Data.CommandType]), Línea: 0] - ORA-04063: package body "USERMRV.PKG_MRV_MANTENIMIENTO" has errors
ORA-06508: PL/SQL: could not find program unit being called: "USERMRV.PKG_MRV_MANTENIMIENTO"
ORA-06512: at line 1
06/01/2020 11:43:47: [Método: System.Collections.Generic.List`1[entidad.minem.gob.pe.UbicacionBE] ListarUbicacion(entidad.minem.gob.pe.UbicacionBE), Línea: 30] - ORA-04063: package body "USERMRV.PKG_MRV_MANTENIMIENTO" has errors
ORA-06508: PL/SQL: could not find program unit being called: "USERMRV.PKG_MRV_MANTENIMIENTO"
ORA-06512: at line 1
06/01/2020 11:44:07: [Método: Void HandleErrorHelper(Int32, Oracle.DataAccess.Client.OracleConnection, IntPtr, Oracle.DataAccess.Client.OpoSqlValCtx*, System.Object, System.String, Boolean, Int32, Oracle.DataAccess.Client.OracleLogicalTransaction), Línea: 0] - ORA-04063: package body "USERMRV.PKG_MRV_MANTENIMIENTO" has errors
ORA-06508: PL/SQL: could not find program unit being called: "USERMRV.PKG_MRV_MANTENIMIENTO"
ORA-06512: at line 1
06/01/2020 11:44:07: [Método: Void HandleError(Int32, Oracle.DataAccess.Client.OracleConnection, System.String, IntPtr, Oracle.DataAccess.Client.OpoSqlValCtx*, System.Object, Boolean, Oracle.DataAccess.Client.OracleLogicalTransaction), Línea: 0] - ORA-04063: package body "USERMRV.PKG_MRV_MANTENIMIENTO" has errors
ORA-06508: PL/SQL: could not find program unit being called: "USERMRV.PKG_MRV_MANTENIMIENTO"
ORA-06512: at line 1
06/01/2020 11:44:07: [Método: Oracle.DataAccess.Client.OracleDataReader ExecuteReader(Boolean, Boolean, System.Data.CommandBehavior), Línea: 0] - ORA-04063: package body "USERMRV.PKG_MRV_MANTENIMIENTO" has errors
ORA-06508: PL/SQL: could not find program unit being called: "USERMRV.PKG_MRV_MANTENIMIENTO"
ORA-06512: at line 1
06/01/2020 11:44:07: [Método: System.Data.Common.DbDataReader ExecuteDbDataReader(System.Data.CommandBehavior), Línea: 0] - ORA-04063: package body "USERMRV.PKG_MRV_MANTENIMIENTO" has errors
ORA-06508: PL/SQL: could not find program unit being called: "USERMRV.PKG_MRV_MANTENIMIENTO"
ORA-06512: at line 1
06/01/2020 11:44:07: [Método: System.Data.IDataReader System.Data.IDbCommand.ExecuteReader(System.Data.CommandBehavior), Línea: 0] - ORA-04063: package body "USERMRV.PKG_MRV_MANTENIMIENTO" has errors
ORA-06508: PL/SQL: could not find program unit being called: "USERMRV.PKG_MRV_MANTENIMIENTO"
ORA-06512: at line 1
06/01/2020 11:44:07: [Método: System.Data.IDataReader ExecuteReaderWithFlagsFallback(System.Data.IDbCommand, Boolean, System.Data.CommandBehavior), Línea: 0] - ORA-04063: package body "USERMRV.PKG_MRV_MANTENIMIENTO" has errors
ORA-06508: PL/SQL: could not find program unit being called: "USERMRV.PKG_MRV_MANTENIMIENTO"
ORA-06512: at line 1
06/01/2020 11:44:07: [Método: Boolean MoveNext(), Línea: 0] - ORA-04063: package body "USERMRV.PKG_MRV_MANTENIMIENTO" has errors
ORA-06508: PL/SQL: could not find program unit being called: "USERMRV.PKG_MRV_MANTENIMIENTO"
ORA-06512: at line 1
06/01/2020 11:44:07: [Método: Void .ctor(System.Collections.Generic.IEnumerable`1[T]), Línea: 0] - ORA-04063: package body "USERMRV.PKG_MRV_MANTENIMIENTO" has errors
ORA-06508: PL/SQL: could not find program unit being called: "USERMRV.PKG_MRV_MANTENIMIENTO"
ORA-06512: at line 1
06/01/2020 11:44:07: [Método: System.Collections.Generic.List`1[TSource] ToList[TSource](System.Collections.Generic.IEnumerable`1[TSource]), Línea: 0] - ORA-04063: package body "USERMRV.PKG_MRV_MANTENIMIENTO" has errors
ORA-06508: PL/SQL: could not find program unit being called: "USERMRV.PKG_MRV_MANTENIMIENTO"
ORA-06512: at line 1
06/01/2020 11:44:07: [Método: System.Collections.Generic.IEnumerable`1[T] Query[T](System.Data.IDbConnection, System.String, System.Object, System.Data.IDbTransaction, Boolean, System.Nullable`1[System.Int32], System.Nullable`1[System.Data.CommandType]), Línea: 0] - ORA-04063: package body "USERMRV.PKG_MRV_MANTENIMIENTO" has errors
ORA-06508: PL/SQL: could not find program unit being called: "USERMRV.PKG_MRV_MANTENIMIENTO"
ORA-06512: at line 1
06/01/2020 11:44:07: [Método: System.Collections.Generic.List`1[entidad.minem.gob.pe.RolBE] ListarRol(entidad.minem.gob.pe.RolBE), Línea: 30] - ORA-04063: package body "USERMRV.PKG_MRV_MANTENIMIENTO" has errors
ORA-06508: PL/SQL: could not find program unit being called: "USERMRV.PKG_MRV_MANTENIMIENTO"
ORA-06512: at line 1
06/01/2020 11:44:18: [Método: Void HandleErrorHelper(Int32, Oracle.DataAccess.Client.OracleConnection, IntPtr, Oracle.DataAccess.Client.OpoSqlValCtx*, System.Object, System.String, Boolean, Int32, Oracle.DataAccess.Client.OracleLogicalTransaction), Línea: 0] - ORA-04063: package body "USERMRV.PKG_MRV_MANTENIMIENTO" has errors
ORA-06508: PL/SQL: could not find program unit being called: "USERMRV.PKG_MRV_MANTENIMIENTO"
ORA-06512: at line 1
06/01/2020 11:44:18: [Método: Void HandleError(Int32, Oracle.DataAccess.Client.OracleConnection, System.String, IntPtr, Oracle.DataAccess.Client.OpoSqlValCtx*, System.Object, Boolean, Oracle.DataAccess.Client.OracleLogicalTransaction), Línea: 0] - ORA-04063: package body "USERMRV.PKG_MRV_MANTENIMIENTO" has errors
ORA-06508: PL/SQL: could not find program unit being called: "USERMRV.PKG_MRV_MANTENIMIENTO"
ORA-06512: at line 1
06/01/2020 11:44:18: [Método: Oracle.DataAccess.Client.OracleDataReader ExecuteReader(Boolean, Boolean, System.Data.CommandBehavior), Línea: 0] - ORA-04063: package body "USERMRV.PKG_MRV_MANTENIMIENTO" has errors
ORA-06508: PL/SQL: could not find program unit being called: "USERMRV.PKG_MRV_MANTENIMIENTO"
ORA-06512: at line 1
06/01/2020 11:44:18: [Método: System.Data.Common.DbDataReader ExecuteDbDataReader(System.Data.CommandBehavior), Línea: 0] - ORA-04063: package body "USERMRV.PKG_MRV_MANTENIMIENTO" has errors
ORA-06508: PL/SQL: could not find program unit being called: "USERMRV.PKG_MRV_MANTENIMIENTO"
ORA-06512: at line 1
06/01/2020 11:44:18: [Método: System.Data.IDataReader System.Data.IDbCommand.ExecuteReader(System.Data.CommandBehavior), Línea: 0] - ORA-04063: package body "USERMRV.PKG_MRV_MANTENIMIENTO" has errors
ORA-06508: PL/SQL: could not find program unit being called: "USERMRV.PKG_MRV_MANTENIMIENTO"
ORA-06512: at line 1
06/01/2020 11:44:18: [Método: System.Data.IDataReader ExecuteReaderWithFlagsFallback(System.Data.IDbCommand, Boolean, System.Data.CommandBehavior), Línea: 0] - ORA-04063: package body "USERMRV.PKG_MRV_MANTENIMIENTO" has errors
ORA-06508: PL/SQL: could not find program unit being called: "USERMRV.PKG_MRV_MANTENIMIENTO"
ORA-06512: at line 1
06/01/2020 11:44:18: [Método: Boolean MoveNext(), Línea: 0] - ORA-04063: package body "USERMRV.PKG_MRV_MANTENIMIENTO" has errors
ORA-06508: PL/SQL: could not find program unit being called: "USERMRV.PKG_MRV_MANTENIMIENTO"
ORA-06512: at line 1
06/01/2020 11:44:18: [Método: Void .ctor(System.Collections.Generic.IEnumerable`1[T]), Línea: 0] - ORA-04063: package body "USERMRV.PKG_MRV_MANTENIMIENTO" has errors
ORA-06508: PL/SQL: could not find program unit being called: "USERMRV.PKG_MRV_MANTENIMIENTO"
ORA-06512: at line 1
06/01/2020 11:44:18: [Método: System.Collections.Generic.List`1[TSource] ToList[TSource](System.Collections.Generic.IEnumerable`1[TSource]), Línea: 0] - ORA-04063: package body "USERMRV.PKG_MRV_MANTENIMIENTO" has errors
ORA-06508: PL/SQL: could not find program unit being called: "USERMRV.PKG_MRV_MANTENIMIENTO"
ORA-06512: at line 1
06/01/2020 11:44:18: [Método: System.Collections.Generic.IEnumerable`1[T] Query[T](System.Data.IDbConnection, System.String, System.Object, System.Data.IDbTransaction, Boolean, System.Nullable`1[System.Int32], System.Nullable`1[System.Data.CommandType]), Línea: 0] - ORA-04063: package body "USERMRV.PKG_MRV_MANTENIMIENTO" has errors
ORA-06508: PL/SQL: could not find program unit being called: "USERMRV.PKG_MRV_MANTENIMIENTO"
ORA-06512: at line 1
06/01/2020 11:44:18: [Método: System.Collections.Generic.List`1[entidad.minem.gob.pe.RolBE] ListarRol(entidad.minem.gob.pe.RolBE), Línea: 30] - ORA-04063: package body "USERMRV.PKG_MRV_MANTENIMIENTO" has errors
ORA-06508: PL/SQL: could not find program unit being called: "USERMRV.PKG_MRV_MANTENIMIENTO"
ORA-06512: at line 1
06/01/2020 11:44:39: [Método: Void HandleErrorHelper(Int32, Oracle.DataAccess.Client.OracleConnection, IntPtr, Oracle.DataAccess.Client.OpoSqlValCtx*, System.Object, System.String, Boolean, Int32, Oracle.DataAccess.Client.OracleLogicalTransaction), Línea: 0] - ORA-04063: package body "USERMRV.PKG_MRV_MANTENIMIENTO" has errors
ORA-06508: PL/SQL: could not find program unit being called: "USERMRV.PKG_MRV_MANTENIMIENTO"
ORA-06512: at line 1
06/01/2020 11:44:39: [Método: Void HandleError(Int32, Oracle.DataAccess.Client.OracleConnection, System.String, IntPtr, Oracle.DataAccess.Client.OpoSqlValCtx*, System.Object, Boolean, Oracle.DataAccess.Client.OracleLogicalTransaction), Línea: 0] - ORA-04063: package body "USERMRV.PKG_MRV_MANTENIMIENTO" has errors
ORA-06508: PL/SQL: could not find program unit being called: "USERMRV.PKG_MRV_MANTENIMIENTO"
ORA-06512: at line 1
06/01/2020 11:44:39: [Método: Oracle.DataAccess.Client.OracleDataReader ExecuteReader(Boolean, Boolean, System.Data.CommandBehavior), Línea: 0] - ORA-04063: package body "USERMRV.PKG_MRV_MANTENIMIENTO" has errors
ORA-06508: PL/SQL: could not find program unit being called: "USERMRV.PKG_MRV_MANTENIMIENTO"
ORA-06512: at line 1
06/01/2020 11:44:39: [Método: System.Data.Common.DbDataReader ExecuteDbDataReader(System.Data.CommandBehavior), Línea: 0] - ORA-04063: package body "USERMRV.PKG_MRV_MANTENIMIENTO" has errors
ORA-06508: PL/SQL: could not find program unit being called: "USERMRV.PKG_MRV_MANTENIMIENTO"
ORA-06512: at line 1
06/01/2020 11:44:39: [Método: System.Data.IDataReader System.Data.IDbCommand.ExecuteReader(System.Data.CommandBehavior), Línea: 0] - ORA-04063: package body "USERMRV.PKG_MRV_MANTENIMIENTO" has errors
ORA-06508: PL/SQL: could not find program unit being called: "USERMRV.PKG_MRV_MANTENIMIENTO"
ORA-06512: at line 1
06/01/2020 11:44:39: [Método: System.Data.IDataReader ExecuteReaderWithFlagsFallback(System.Data.IDbCommand, Boolean, System.Data.CommandBehavior), Línea: 0] - ORA-04063: package body "USERMRV.PKG_MRV_MANTENIMIENTO" has errors
ORA-06508: PL/SQL: could not find program unit being called: "USERMRV.PKG_MRV_MANTENIMIENTO"
ORA-06512: at line 1
06/01/2020 11:44:39: [Método: Boolean MoveNext(), Línea: 0] - ORA-04063: package body "USERMRV.PKG_MRV_MANTENIMIENTO" has errors
ORA-06508: PL/SQL: could not find program unit being called: "USERMRV.PKG_MRV_MANTENIMIENTO"
ORA-06512: at line 1
06/01/2020 11:44:39: [Método: Void .ctor(System.Collections.Generic.IEnumerable`1[T]), Línea: 0] - ORA-04063: package body "USERMRV.PKG_MRV_MANTENIMIENTO" has errors
ORA-06508: PL/SQL: could not find program unit being called: "USERMRV.PKG_MRV_MANTENIMIENTO"
ORA-06512: at line 1
06/01/2020 11:44:39: [Método: System.Collections.Generic.List`1[TSource] ToList[TSource](System.Collections.Generic.IEnumerable`1[TSource]), Línea: 0] - ORA-04063: package body "USERMRV.PKG_MRV_MANTENIMIENTO" has errors
ORA-06508: PL/SQL: could not find program unit being called: "USERMRV.PKG_MRV_MANTENIMIENTO"
ORA-06512: at line 1
06/01/2020 11:44:39: [Método: System.Collections.Generic.IEnumerable`1[T] Query[T](System.Data.IDbConnection, System.String, System.Object, System.Data.IDbTransaction, Boolean, System.Nullable`1[System.Int32], System.Nullable`1[System.Data.CommandType]), Línea: 0] - ORA-04063: package body "USERMRV.PKG_MRV_MANTENIMIENTO" has errors
ORA-06508: PL/SQL: could not find program unit being called: "USERMRV.PKG_MRV_MANTENIMIENTO"
ORA-06512: at line 1
06/01/2020 11:44:39: [Método: System.Collections.Generic.List`1[entidad.minem.gob.pe.UbicacionBE] ListarUbicacion(entidad.minem.gob.pe.UbicacionBE), Línea: 30] - ORA-04063: package body "USERMRV.PKG_MRV_MANTENIMIENTO" has errors
ORA-06508: PL/SQL: could not find program unit being called: "USERMRV.PKG_MRV_MANTENIMIENTO"
ORA-06512: at line 1
06/01/2020 11:44:40: [Método: Void HandleErrorHelper(Int32, Oracle.DataAccess.Client.OracleConnection, IntPtr, Oracle.DataAccess.Client.OpoSqlValCtx*, System.Object, System.String, Boolean, Int32, Oracle.DataAccess.Client.OracleLogicalTransaction), Línea: 0] - ORA-04063: package body "USERMRV.PKG_MRV_MANTENIMIENTO" has errors
ORA-06508: PL/SQL: could not find program unit being called: "USERMRV.PKG_MRV_MANTENIMIENTO"
ORA-06512: at line 1
06/01/2020 11:44:40: [Método: Void HandleError(Int32, Oracle.DataAccess.Client.OracleConnection, System.String, IntPtr, Oracle.DataAccess.Client.OpoSqlValCtx*, System.Object, Boolean, Oracle.DataAccess.Client.OracleLogicalTransaction), Línea: 0] - ORA-04063: package body "USERMRV.PKG_MRV_MANTENIMIENTO" has errors
ORA-06508: PL/SQL: could not find program unit being called: "USERMRV.PKG_MRV_MANTENIMIENTO"
ORA-06512: at line 1
06/01/2020 11:44:40: [Método: Oracle.DataAccess.Client.OracleDataReader ExecuteReader(Boolean, Boolean, System.Data.CommandBehavior), Línea: 0] - ORA-04063: package body "USERMRV.PKG_MRV_MANTENIMIENTO" has errors
ORA-06508: PL/SQL: could not find program unit being called: "USERMRV.PKG_MRV_MANTENIMIENTO"
ORA-06512: at line 1
06/01/2020 11:44:40: [Método: System.Data.Common.DbDataReader ExecuteDbDataReader(System.Data.CommandBehavior), Línea: 0] - ORA-04063: package body "USERMRV.PKG_MRV_MANTENIMIENTO" has errors
ORA-06508: PL/SQL: could not find program unit being called: "USERMRV.PKG_MRV_MANTENIMIENTO"
ORA-06512: at line 1
06/01/2020 11:44:40: [Método: System.Data.IDataReader System.Data.IDbCommand.ExecuteReader(System.Data.CommandBehavior), Línea: 0] - ORA-04063: package body "USERMRV.PKG_MRV_MANTENIMIENTO" has errors
ORA-06508: PL/SQL: could not find program unit being called: "USERMRV.PKG_MRV_MANTENIMIENTO"
ORA-06512: at line 1
06/01/2020 11:44:40: [Método: System.Data.IDataReader ExecuteReaderWithFlagsFallback(System.Data.IDbCommand, Boolean, System.Data.CommandBehavior), Línea: 0] - ORA-04063: package body "USERMRV.PKG_MRV_MANTENIMIENTO" has errors
ORA-06508: PL/SQL: could not find program unit being called: "USERMRV.PKG_MRV_MANTENIMIENTO"
ORA-06512: at line 1
06/01/2020 11:44:40: [Método: Boolean MoveNext(), Línea: 0] - ORA-04063: package body "USERMRV.PKG_MRV_MANTENIMIENTO" has errors
ORA-06508: PL/SQL: could not find program unit being called: "USERMRV.PKG_MRV_MANTENIMIENTO"
ORA-06512: at line 1
06/01/2020 11:44:40: [Método: Void .ctor(System.Collections.Generic.IEnumerable`1[T]), Línea: 0] - ORA-04063: package body "USERMRV.PKG_MRV_MANTENIMIENTO" has errors
ORA-06508: PL/SQL: could not find program unit being called: "USERMRV.PKG_MRV_MANTENIMIENTO"
ORA-06512: at line 1
06/01/2020 11:44:40: [Método: System.Collections.Generic.List`1[TSource] ToList[TSource](System.Collections.Generic.IEnumerable`1[TSource]), Línea: 0] - ORA-04063: package body "USERMRV.PKG_MRV_MANTENIMIENTO" has errors
ORA-06508: PL/SQL: could not find program unit being called: "USERMRV.PKG_MRV_MANTENIMIENTO"
ORA-06512: at line 1
06/01/2020 11:44:40: [Método: System.Collections.Generic.IEnumerable`1[T] Query[T](System.Data.IDbConnection, System.String, System.Object, System.Data.IDbTransaction, Boolean, System.Nullable`1[System.Int32], System.Nullable`1[System.Data.CommandType]), Línea: 0] - ORA-04063: package body "USERMRV.PKG_MRV_MANTENIMIENTO" has errors
ORA-06508: PL/SQL: could not find program unit being called: "USERMRV.PKG_MRV_MANTENIMIENTO"
ORA-06512: at line 1
06/01/2020 11:44:40: [Método: System.Collections.Generic.List`1[entidad.minem.gob.pe.RolBE] ListarRol(entidad.minem.gob.pe.RolBE), Línea: 30] - ORA-04063: package body "USERMRV.PKG_MRV_MANTENIMIENTO" has errors
ORA-06508: PL/SQL: could not find program unit being called: "USERMRV.PKG_MRV_MANTENIMIENTO"
ORA-06512: at line 1
06/01/2020 11:44:42: [Método: Void HandleErrorHelper(Int32, Oracle.DataAccess.Client.OracleConnection, IntPtr, Oracle.DataAccess.Client.OpoSqlValCtx*, System.Object, System.String, Boolean, Int32, Oracle.DataAccess.Client.OracleLogicalTransaction), Línea: 0] - ORA-04063: package body "USERMRV.PKG_MRV_MANTENIMIENTO" has errors
ORA-06508: PL/SQL: could not find program unit being called: "USERMRV.PKG_MRV_MANTENIMIENTO"
ORA-06512: at line 1
06/01/2020 11:44:42: [Método: Void HandleError(Int32, Oracle.DataAccess.Client.OracleConnection, System.String, IntPtr, Oracle.DataAccess.Client.OpoSqlValCtx*, System.Object, Boolean, Oracle.DataAccess.Client.OracleLogicalTransaction), Línea: 0] - ORA-04063: package body "USERMRV.PKG_MRV_MANTENIMIENTO" has errors
ORA-06508: PL/SQL: could not find program unit being called: "USERMRV.PKG_MRV_MANTENIMIENTO"
ORA-06512: at line 1
06/01/2020 11:44:42: [Método: Oracle.DataAccess.Client.OracleDataReader ExecuteReader(Boolean, Boolean, System.Data.CommandBehavior), Línea: 0] - ORA-04063: package body "USERMRV.PKG_MRV_MANTENIMIENTO" has errors
ORA-06508: PL/SQL: could not find program unit being called: "USERMRV.PKG_MRV_MANTENIMIENTO"
ORA-06512: at line 1
06/01/2020 11:44:42: [Método: System.Data.Common.DbDataReader ExecuteDbDataReader(System.Data.CommandBehavior), Línea: 0] - ORA-04063: package body "USERMRV.PKG_MRV_MANTENIMIENTO" has errors
ORA-06508: PL/SQL: could not find program unit being called: "USERMRV.PKG_MRV_MANTENIMIENTO"
ORA-06512: at line 1
06/01/2020 11:44:42: [Método: System.Data.IDataReader System.Data.IDbCommand.ExecuteReader(System.Data.CommandBehavior), Línea: 0] - ORA-04063: package body "USERMRV.PKG_MRV_MANTENIMIENTO" has errors
ORA-06508: PL/SQL: could not find program unit being called: "USERMRV.PKG_MRV_MANTENIMIENTO"
ORA-06512: at line 1
06/01/2020 11:44:42: [Método: System.Data.IDataReader ExecuteReaderWithFlagsFallback(System.Data.IDbCommand, Boolean, System.Data.CommandBehavior), Línea: 0] - ORA-04063: package body "USERMRV.PKG_MRV_MANTENIMIENTO" has errors
ORA-06508: PL/SQL: could not find program unit being called: "USERMRV.PKG_MRV_MANTENIMIENTO"
ORA-06512: at line 1
06/01/2020 11:44:42: [Método: Boolean MoveNext(), Línea: 0] - ORA-04063: package body "USERMRV.PKG_MRV_MANTENIMIENTO" has errors
ORA-06508: PL/SQL: could not find program unit being called: "USERMRV.PKG_MRV_MANTENIMIENTO"
ORA-06512: at line 1
06/01/2020 11:44:42: [Método: Void .ctor(System.Collections.Generic.IEnumerable`1[T]), Línea: 0] - ORA-04063: package body "USERMRV.PKG_MRV_MANTENIMIENTO" has errors
ORA-06508: PL/SQL: could not find program unit being called: "USERMRV.PKG_MRV_MANTENIMIENTO"
ORA-06512: at line 1
06/01/2020 11:44:42: [Método: System.Collections.Generic.List`1[TSource] ToList[TSource](System.Collections.Generic.IEnumerable`1[TSource]), Línea: 0] - ORA-04063: package body "USERMRV.PKG_MRV_MANTENIMIENTO" has errors
ORA-06508: PL/SQL: could not find program unit being called: "USERMRV.PKG_MRV_MANTENIMIENTO"
ORA-06512: at line 1
06/01/2020 11:44:42: [Método: System.Collections.Generic.IEnumerable`1[T] Query[T](System.Data.IDbConnection, System.String, System.Object, System.Data.IDbTransaction, Boolean, System.Nullable`1[System.Int32], System.Nullable`1[System.Data.CommandType]), Línea: 0] - ORA-04063: package body "USERMRV.PKG_MRV_MANTENIMIENTO" has errors
ORA-06508: PL/SQL: could not find program unit being called: "USERMRV.PKG_MRV_MANTENIMIENTO"
ORA-06512: at line 1
06/01/2020 11:44:42: [Método: System.Collections.Generic.List`1[entidad.minem.gob.pe.RolBE] ListarRol(entidad.minem.gob.pe.RolBE), Línea: 30] - ORA-04063: package body "USERMRV.PKG_MRV_MANTENIMIENTO" has errors
ORA-06508: PL/SQL: could not find program unit being called: "USERMRV.PKG_MRV_MANTENIMIENTO"
ORA-06512: at line 1
06/01/2020 11:44:52: [Método: Void HandleErrorHelper(Int32, Oracle.DataAccess.Client.OracleConnection, IntPtr, Oracle.DataAccess.Client.OpoSqlValCtx*, System.Object, System.String, Boolean, Int32, Oracle.DataAccess.Client.OracleLogicalTransaction), Línea: 0] - ORA-04063: package body "USERMRV.PKG_MRV_MANTENIMIENTO" has errors
ORA-06508: PL/SQL: could not find program unit being called: "USERMRV.PKG_MRV_MANTENIMIENTO"
ORA-06512: at line 1
06/01/2020 11:44:52: [Método: Void HandleError(Int32, Oracle.DataAccess.Client.OracleConnection, System.String, IntPtr, Oracle.DataAccess.Client.OpoSqlValCtx*, System.Object, Boolean, Oracle.DataAccess.Client.OracleLogicalTransaction), Línea: 0] - ORA-04063: package body "USERMRV.PKG_MRV_MANTENIMIENTO" has errors
ORA-06508: PL/SQL: could not find program unit being called: "USERMRV.PKG_MRV_MANTENIMIENTO"
ORA-06512: at line 1
06/01/2020 11:44:52: [Método: Oracle.DataAccess.Client.OracleDataReader ExecuteReader(Boolean, Boolean, System.Data.CommandBehavior), Línea: 0] - ORA-04063: package body "USERMRV.PKG_MRV_MANTENIMIENTO" has errors
ORA-06508: PL/SQL: could not find program unit being called: "USERMRV.PKG_MRV_MANTENIMIENTO"
ORA-06512: at line 1
06/01/2020 11:44:52: [Método: System.Data.Common.DbDataReader ExecuteDbDataReader(System.Data.CommandBehavior), Línea: 0] - ORA-04063: package body "USERMRV.PKG_MRV_MANTENIMIENTO" has errors
ORA-06508: PL/SQL: could not find program unit being called: "USERMRV.PKG_MRV_MANTENIMIENTO"
ORA-06512: at line 1
06/01/2020 11:44:52: [Método: System.Data.IDataReader System.Data.IDbCommand.ExecuteReader(System.Data.CommandBehavior), Línea: 0] - ORA-04063: package body "USERMRV.PKG_MRV_MANTENIMIENTO" has errors
ORA-06508: PL/SQL: could not find program unit being called: "USERMRV.PKG_MRV_MANTENIMIENTO"
ORA-06512: at line 1
06/01/2020 11:44:52: [Método: System.Data.IDataReader ExecuteReaderWithFlagsFallback(System.Data.IDbCommand, Boolean, System.Data.CommandBehavior), Línea: 0] - ORA-04063: package body "USERMRV.PKG_MRV_MANTENIMIENTO" has errors
ORA-06508: PL/SQL: could not find program unit being called: "USERMRV.PKG_MRV_MANTENIMIENTO"
ORA-06512: at line 1
06/01/2020 11:44:52: [Método: Boolean MoveNext(), Línea: 0] - ORA-04063: package body "USERMRV.PKG_MRV_MANTENIMIENTO" has errors
ORA-06508: PL/SQL: could not find program unit being called: "USERMRV.PKG_MRV_MANTENIMIENTO"
ORA-06512: at line 1
06/01/2020 11:44:52: [Método: Void .ctor(System.Collections.Generic.IEnumerable`1[T]), Línea: 0] - ORA-04063: package body "USERMRV.PKG_MRV_MANTENIMIENTO" has errors
ORA-06508: PL/SQL: could not find program unit being called: "USERMRV.PKG_MRV_MANTENIMIENTO"
ORA-06512: at line 1
06/01/2020 11:44:52: [Método: System.Collections.Generic.List`1[TSource] ToList[TSource](System.Collections.Generic.IEnumerable`1[TSource]), Línea: 0] - ORA-04063: package body "USERMRV.PKG_MRV_MANTENIMIENTO" has errors
ORA-06508: PL/SQL: could not find program unit being called: "USERMRV.PKG_MRV_MANTENIMIENTO"
ORA-06512: at line 1
06/01/2020 11:44:52: [Método: System.Collections.Generic.IEnumerable`1[T] Query[T](System.Data.IDbConnection, System.String, System.Object, System.Data.IDbTransaction, Boolean, System.Nullable`1[System.Int32], System.Nullable`1[System.Data.CommandType]), Línea: 0] - ORA-04063: package body "USERMRV.PKG_MRV_MANTENIMIENTO" has errors
ORA-06508: PL/SQL: could not find program unit being called: "USERMRV.PKG_MRV_MANTENIMIENTO"
ORA-06512: at line 1
06/01/2020 11:44:52: [Método: System.Collections.Generic.List`1[entidad.minem.gob.pe.RolBE] ListarRol(entidad.minem.gob.pe.RolBE), Línea: 30] - ORA-04063: package body "USERMRV.PKG_MRV_MANTENIMIENTO" has errors
ORA-06508: PL/SQL: could not find program unit being called: "USERMRV.PKG_MRV_MANTENIMIENTO"
ORA-06512: at line 1
06/01/2020 11:57:31: [Método: Void HandleErrorHelper(Int32, Oracle.DataAccess.Client.OracleConnection, IntPtr, Oracle.DataAccess.Client.OpoSqlValCtx*, System.Object, System.String, Boolean, Int32, Oracle.DataAccess.Client.OracleLogicalTransaction), Línea: 0] - ORA-04063: package body "USERMRV.PKG_MRV_MANTENIMIENTO" has errors
ORA-06508: PL/SQL: could not find program unit being called: "USERMRV.PKG_MRV_MANTENIMIENTO"
ORA-06512: at line 1
06/01/2020 11:57:31: [Método: Void HandleError(Int32, Oracle.DataAccess.Client.OracleConnection, System.String, IntPtr, Oracle.DataAccess.Client.OpoSqlValCtx*, System.Object, Boolean, Oracle.DataAccess.Client.OracleLogicalTransaction), Línea: 0] - ORA-04063: package body "USERMRV.PKG_MRV_MANTENIMIENTO" has errors
ORA-06508: PL/SQL: could not find program unit being called: "USERMRV.PKG_MRV_MANTENIMIENTO"
ORA-06512: at line 1
06/01/2020 11:57:31: [Método: Oracle.DataAccess.Client.OracleDataReader ExecuteReader(Boolean, Boolean, System.Data.CommandBehavior), Línea: 0] - ORA-04063: package body "USERMRV.PKG_MRV_MANTENIMIENTO" has errors
ORA-06508: PL/SQL: could not find program unit being called: "USERMRV.PKG_MRV_MANTENIMIENTO"
ORA-06512: at line 1
06/01/2020 11:57:31: [Método: System.Data.Common.DbDataReader ExecuteDbDataReader(System.Data.CommandBehavior), Línea: 0] - ORA-04063: package body "USERMRV.PKG_MRV_MANTENIMIENTO" has errors
ORA-06508: PL/SQL: could not find program unit being called: "USERMRV.PKG_MRV_MANTENIMIENTO"
ORA-06512: at line 1
06/01/2020 11:57:31: [Método: System.Data.IDataReader System.Data.IDbCommand.ExecuteReader(System.Data.CommandBehavior), Línea: 0] - ORA-04063: package body "USERMRV.PKG_MRV_MANTENIMIENTO" has errors
ORA-06508: PL/SQL: could not find program unit being called: "USERMRV.PKG_MRV_MANTENIMIENTO"
ORA-06512: at line 1
06/01/2020 11:57:31: [Método: System.Data.IDataReader ExecuteReaderWithFlagsFallback(System.Data.IDbCommand, Boolean, System.Data.CommandBehavior), Línea: 0] - ORA-04063: package body "USERMRV.PKG_MRV_MANTENIMIENTO" has errors
ORA-06508: PL/SQL: could not find program unit being called: "USERMRV.PKG_MRV_MANTENIMIENTO"
ORA-06512: at line 1
06/01/2020 11:57:31: [Método: Boolean MoveNext(), Línea: 0] - ORA-04063: package body "USERMRV.PKG_MRV_MANTENIMIENTO" has errors
ORA-06508: PL/SQL: could not find program unit being called: "USERMRV.PKG_MRV_MANTENIMIENTO"
ORA-06512: at line 1
06/01/2020 11:57:31: [Método: Void .ctor(System.Collections.Generic.IEnumerable`1[T]), Línea: 0] - ORA-04063: package body "USERMRV.PKG_MRV_MANTENIMIENTO" has errors
ORA-06508: PL/SQL: could not find program unit being called: "USERMRV.PKG_MRV_MANTENIMIENTO"
ORA-06512: at line 1
06/01/2020 11:57:31: [Método: System.Collections.Generic.List`1[TSource] ToList[TSource](System.Collections.Generic.IEnumerable`1[TSource]), Línea: 0] - ORA-04063: package body "USERMRV.PKG_MRV_MANTENIMIENTO" has errors
ORA-06508: PL/SQL: could not find program unit being called: "USERMRV.PKG_MRV_MANTENIMIENTO"
ORA-06512: at line 1
06/01/2020 11:57:31: [Método: System.Collections.Generic.IEnumerable`1[T] Query[T](System.Data.IDbConnection, System.String, System.Object, System.Data.IDbTransaction, Boolean, System.Nullable`1[System.Int32], System.Nullable`1[System.Data.CommandType]), Línea: 0] - ORA-04063: package body "USERMRV.PKG_MRV_MANTENIMIENTO" has errors
ORA-06508: PL/SQL: could not find program unit being called: "USERMRV.PKG_MRV_MANTENIMIENTO"
ORA-06512: at line 1
06/01/2020 11:57:31: [Método: System.Collections.Generic.List`1[entidad.minem.gob.pe.SectorInstitucionBE] ListarSectorInstitucion(entidad.minem.gob.pe.SectorInstitucionBE), Línea: 59] - ORA-04063: package body "USERMRV.PKG_MRV_MANTENIMIENTO" has errors
ORA-06508: PL/SQL: could not find program unit being called: "USERMRV.PKG_MRV_MANTENIMIENTO"
ORA-06512: at line 1
06/01/2020 11:59:57: [Método: Void HandleErrorHelper(Int32, Oracle.DataAccess.Client.OracleConnection, IntPtr, Oracle.DataAccess.Client.OpoSqlValCtx*, System.Object, System.String, Boolean, Int32, Oracle.DataAccess.Client.OracleLogicalTransaction), Línea: 0] - ORA-04063: package body "USERMRV.PKG_MRV_MANTENIMIENTO" has errors
ORA-06508: PL/SQL: could not find program unit being called: "USERMRV.PKG_MRV_MANTENIMIENTO"
ORA-06512: at line 1
06/01/2020 11:59:57: [Método: Void HandleError(Int32, Oracle.DataAccess.Client.OracleConnection, System.String, IntPtr, Oracle.DataAccess.Client.OpoSqlValCtx*, System.Object, Boolean, Oracle.DataAccess.Client.OracleLogicalTransaction), Línea: 0] - ORA-04063: package body "USERMRV.PKG_MRV_MANTENIMIENTO" has errors
ORA-06508: PL/SQL: could not find program unit being called: "USERMRV.PKG_MRV_MANTENIMIENTO"
ORA-06512: at line 1
06/01/2020 11:59:57: [Método: Oracle.DataAccess.Client.OracleDataReader ExecuteReader(Boolean, Boolean, System.Data.CommandBehavior), Línea: 0] - ORA-04063: package body "USERMRV.PKG_MRV_MANTENIMIENTO" has errors
ORA-06508: PL/SQL: could not find program unit being called: "USERMRV.PKG_MRV_MANTENIMIENTO"
ORA-06512: at line 1
06/01/2020 11:59:57: [Método: System.Data.Common.DbDataReader ExecuteDbDataReader(System.Data.CommandBehavior), Línea: 0] - ORA-04063: package body "USERMRV.PKG_MRV_MANTENIMIENTO" has errors
ORA-06508: PL/SQL: could not find program unit being called: "USERMRV.PKG_MRV_MANTENIMIENTO"
ORA-06512: at line 1
06/01/2020 11:59:57: [Método: System.Data.IDataReader System.Data.IDbCommand.ExecuteReader(System.Data.CommandBehavior), Línea: 0] - ORA-04063: package body "USERMRV.PKG_MRV_MANTENIMIENTO" has errors
ORA-06508: PL/SQL: could not find program unit being called: "USERMRV.PKG_MRV_MANTENIMIENTO"
ORA-06512: at line 1
06/01/2020 11:59:57: [Método: System.Data.IDataReader ExecuteReaderWithFlagsFallback(System.Data.IDbCommand, Boolean, System.Data.CommandBehavior), Línea: 0] - ORA-04063: package body "USERMRV.PKG_MRV_MANTENIMIENTO" has errors
ORA-06508: PL/SQL: could not find program unit being called: "USERMRV.PKG_MRV_MANTENIMIENTO"
ORA-06512: at line 1
06/01/2020 11:59:57: [Método: Boolean MoveNext(), Línea: 0] - ORA-04063: package body "USERMRV.PKG_MRV_MANTENIMIENTO" has errors
ORA-06508: PL/SQL: could not find program unit being called: "USERMRV.PKG_MRV_MANTENIMIENTO"
ORA-06512: at line 1
06/01/2020 11:59:57: [Método: Void .ctor(System.Collections.Generic.IEnumerable`1[T]), Línea: 0] - ORA-04063: package body "USERMRV.PKG_MRV_MANTENIMIENTO" has errors
ORA-06508: PL/SQL: could not find program unit being called: "USERMRV.PKG_MRV_MANTENIMIENTO"
ORA-06512: at line 1
06/01/2020 11:59:57: [Método: System.Collections.Generic.List`1[TSource] ToList[TSource](System.Collections.Generic.IEnumerable`1[TSource]), Línea: 0] - ORA-04063: package body "USERMRV.PKG_MRV_MANTENIMIENTO" has errors
ORA-06508: PL/SQL: could not find program unit being called: "USERMRV.PKG_MRV_MANTENIMIENTO"
ORA-06512: at line 1
06/01/2020 11:59:57: [Método: System.Collections.Generic.IEnumerable`1[T] Query[T](System.Data.IDbConnection, System.String, System.Object, System.Data.IDbTransaction, Boolean, System.Nullable`1[System.Int32], System.Nullable`1[System.Data.CommandType]), Línea: 0] - ORA-04063: package body "USERMRV.PKG_MRV_MANTENIMIENTO" has errors
ORA-06508: PL/SQL: could not find program unit being called: "USERMRV.PKG_MRV_MANTENIMIENTO"
ORA-06512: at line 1
06/01/2020 11:59:57: [Método: System.Collections.Generic.List`1[entidad.minem.gob.pe.SectorInstitucionBE] ListarSectorInstitucion(entidad.minem.gob.pe.SectorInstitucionBE), Línea: 59] - ORA-04063: package body "USERMRV.PKG_MRV_MANTENIMIENTO" has errors
ORA-06508: PL/SQL: could not find program unit being called: "USERMRV.PKG_MRV_MANTENIMIENTO"
ORA-06512: at line 1
06/01/2020 12:01:04: [Método: Void HandleErrorHelper(Int32, Oracle.DataAccess.Client.OracleConnection, IntPtr, Oracle.DataAccess.Client.OpoSqlValCtx*, System.Object, System.String, Boolean, Int32, Oracle.DataAccess.Client.OracleLogicalTransaction), Línea: 0] - ORA-04063: package body "USERMRV.PKG_MRV_MANTENIMIENTO" has errors
ORA-06508: PL/SQL: could not find program unit being called: "USERMRV.PKG_MRV_MANTENIMIENTO"
ORA-06512: at line 1
06/01/2020 12:01:04: [Método: Void HandleError(Int32, Oracle.DataAccess.Client.OracleConnection, System.String, IntPtr, Oracle.DataAccess.Client.OpoSqlValCtx*, System.Object, Boolean, Oracle.DataAccess.Client.OracleLogicalTransaction), Línea: 0] - ORA-04063: package body "USERMRV.PKG_MRV_MANTENIMIENTO" has errors
ORA-06508: PL/SQL: could not find program unit being called: "USERMRV.PKG_MRV_MANTENIMIENTO"
ORA-06512: at line 1
06/01/2020 12:01:04: [Método: Oracle.DataAccess.Client.OracleDataReader ExecuteReader(Boolean, Boolean, System.Data.CommandBehavior), Línea: 0] - ORA-04063: package body "USERMRV.PKG_MRV_MANTENIMIENTO" has errors
ORA-06508: PL/SQL: could not find program unit being called: "USERMRV.PKG_MRV_MANTENIMIENTO"
ORA-06512: at line 1
06/01/2020 12:01:04: [Método: System.Data.Common.DbDataReader ExecuteDbDataReader(System.Data.CommandBehavior), Línea: 0] - ORA-04063: package body "USERMRV.PKG_MRV_MANTENIMIENTO" has errors
ORA-06508: PL/SQL: could not find program unit being called: "USERMRV.PKG_MRV_MANTENIMIENTO"
ORA-06512: at line 1
06/01/2020 12:01:04: [Método: System.Data.IDataReader System.Data.IDbCommand.ExecuteReader(System.Data.CommandBehavior), Línea: 0] - ORA-04063: package body "USERMRV.PKG_MRV_MANTENIMIENTO" has errors
ORA-06508: PL/SQL: could not find program unit being called: "USERMRV.PKG_MRV_MANTENIMIENTO"
ORA-06512: at line 1
06/01/2020 12:01:04: [Método: System.Data.IDataReader ExecuteReaderWithFlagsFallback(System.Data.IDbCommand, Boolean, System.Data.CommandBehavior), Línea: 0] - ORA-04063: package body "USERMRV.PKG_MRV_MANTENIMIENTO" has errors
ORA-06508: PL/SQL: could not find program unit being called: "USERMRV.PKG_MRV_MANTENIMIENTO"
ORA-06512: at line 1
06/01/2020 12:01:04: [Método: Boolean MoveNext(), Línea: 0] - ORA-04063: package body "USERMRV.PKG_MRV_MANTENIMIENTO" has errors
ORA-06508: PL/SQL: could not find program unit being called: "USERMRV.PKG_MRV_MANTENIMIENTO"
ORA-06512: at line 1
06/01/2020 12:01:04: [Método: Void .ctor(System.Collections.Generic.IEnumerable`1[T]), Línea: 0] - ORA-04063: package body "USERMRV.PKG_MRV_MANTENIMIENTO" has errors
ORA-06508: PL/SQL: could not find program unit being called: "USERMRV.PKG_MRV_MANTENIMIENTO"
ORA-06512: at line 1
06/01/2020 12:01:04: [Método: System.Collections.Generic.List`1[TSource] ToList[TSource](System.Collections.Generic.IEnumerable`1[TSource]), Línea: 0] - ORA-04063: package body "USERMRV.PKG_MRV_MANTENIMIENTO" has errors
ORA-06508: PL/SQL: could not find program unit being called: "USERMRV.PKG_MRV_MANTENIMIENTO"
ORA-06512: at line 1
06/01/2020 12:01:04: [Método: System.Collections.Generic.IEnumerable`1[T] Query[T](System.Data.IDbConnection, System.String, System.Object, System.Data.IDbTransaction, Boolean, System.Nullable`1[System.Int32], System.Nullable`1[System.Data.CommandType]), Línea: 0] - ORA-04063: package body "USERMRV.PKG_MRV_MANTENIMIENTO" has errors
ORA-06508: PL/SQL: could not find program unit being called: "USERMRV.PKG_MRV_MANTENIMIENTO"
ORA-06512: at line 1
06/01/2020 12:01:04: [Método: System.Collections.Generic.List`1[entidad.minem.gob.pe.UbicacionBE] ListarUbicacion(entidad.minem.gob.pe.UbicacionBE), Línea: 30] - ORA-04063: package body "USERMRV.PKG_MRV_MANTENIMIENTO" has errors
ORA-06508: PL/SQL: could not find program unit being called: "USERMRV.PKG_MRV_MANTENIMIENTO"
ORA-06512: at line 1
