03/01/2020 13:57:49: [Método: Void HandleErrorHelper(Int32, Oracle.DataAccess.Client.OracleConnection, IntPtr, Oracle.DataAccess.Client.OpoSqlValCtx*, System.Object, System.String, Boolean, Int32, Oracle.DataAccess.Client.OracleLogicalTransaction), Línea: 0] - ORA-04063: package body "USERMRV.PKG_MRV_MANTENIMIENTO" has errors
ORA-06508: PL/SQL: could not find program unit being called: "USERMRV.PKG_MRV_MANTENIMIENTO"
ORA-06512: at line 1
03/01/2020 13:57:49: [Método: Void HandleError(Int32, Oracle.DataAccess.Client.OracleConnection, System.String, IntPtr, Oracle.DataAccess.Client.OpoSqlValCtx*, System.Object, Boolean, Oracle.DataAccess.Client.OracleLogicalTransaction), Línea: 0] - ORA-04063: package body "USERMRV.PKG_MRV_MANTENIMIENTO" has errors
ORA-06508: PL/SQL: could not find program unit being called: "USERMRV.PKG_MRV_MANTENIMIENTO"
ORA-06512: at line 1
03/01/2020 13:57:49: [Método: Oracle.DataAccess.Client.OracleDataReader ExecuteReader(Boolean, Boolean, System.Data.CommandBehavior), Línea: 0] - ORA-04063: package body "USERMRV.PKG_MRV_MANTENIMIENTO" has errors
ORA-06508: PL/SQL: could not find program unit being called: "USERMRV.PKG_MRV_MANTENIMIENTO"
ORA-06512: at line 1
03/01/2020 13:57:49: [Método: System.Data.Common.DbDataReader ExecuteDbDataReader(System.Data.CommandBehavior), Línea: 0] - ORA-04063: package body "USERMRV.PKG_MRV_MANTENIMIENTO" has errors
ORA-06508: PL/SQL: could not find program unit being called: "USERMRV.PKG_MRV_MANTENIMIENTO"
ORA-06512: at line 1
03/01/2020 13:57:49: [Método: System.Data.IDataReader System.Data.IDbCommand.ExecuteReader(System.Data.CommandBehavior), Línea: 0] - ORA-04063: package body "USERMRV.PKG_MRV_MANTENIMIENTO" has errors
ORA-06508: PL/SQL: could not find program unit being called: "USERMRV.PKG_MRV_MANTENIMIENTO"
ORA-06512: at line 1
03/01/2020 13:57:49: [Método: System.Data.IDataReader ExecuteReaderWithFlagsFallback(System.Data.IDbCommand, Boolean, System.Data.CommandBehavior), Línea: 0] - ORA-04063: package body "USERMRV.PKG_MRV_MANTENIMIENTO" has errors
ORA-06508: PL/SQL: could not find program unit being called: "USERMRV.PKG_MRV_MANTENIMIENTO"
ORA-06512: at line 1
03/01/2020 13:57:49: [Método: Boolean MoveNext(), Línea: 0] - ORA-04063: package body "USERMRV.PKG_MRV_MANTENIMIENTO" has errors
ORA-06508: PL/SQL: could not find program unit being called: "USERMRV.PKG_MRV_MANTENIMIENTO"
ORA-06512: at line 1
03/01/2020 13:57:49: [Método: Void .ctor(System.Collections.Generic.IEnumerable`1[T]), Línea: 0] - ORA-04063: package body "USERMRV.PKG_MRV_MANTENIMIENTO" has errors
ORA-06508: PL/SQL: could not find program unit being called: "USERMRV.PKG_MRV_MANTENIMIENTO"
ORA-06512: at line 1
03/01/2020 13:57:49: [Método: System.Collections.Generic.List`1[TSource] ToList[TSource](System.Collections.Generic.IEnumerable`1[TSource]), Línea: 0] - ORA-04063: package body "USERMRV.PKG_MRV_MANTENIMIENTO" has errors
ORA-06508: PL/SQL: could not find program unit being called: "USERMRV.PKG_MRV_MANTENIMIENTO"
ORA-06512: at line 1
03/01/2020 13:57:49: [Método: System.Collections.Generic.IEnumerable`1[T] Query[T](System.Data.IDbConnection, System.String, System.Object, System.Data.IDbTransaction, Boolean, System.Nullable`1[System.Int32], System.Nullable`1[System.Data.CommandType]), Línea: 0] - ORA-04063: package body "USERMRV.PKG_MRV_MANTENIMIENTO" has errors
ORA-06508: PL/SQL: could not find program unit being called: "USERMRV.PKG_MRV_MANTENIMIENTO"
ORA-06512: at line 1
03/01/2020 13:57:49: [Método: System.Collections.Generic.List`1[entidad.minem.gob.pe.UbicacionBE] ListarUbicacion(entidad.minem.gob.pe.UbicacionBE), Línea: 30] - ORA-04063: package body "USERMRV.PKG_MRV_MANTENIMIENTO" has errors
ORA-06508: PL/SQL: could not find program unit being called: "USERMRV.PKG_MRV_MANTENIMIENTO"
ORA-06512: at line 1
03/01/2020 13:59:15: [Método: Void HandleErrorHelper(Int32, Oracle.DataAccess.Client.OracleConnection, IntPtr, Oracle.DataAccess.Client.OpoSqlValCtx*, System.Object, System.String, Boolean, Int32, Oracle.DataAccess.Client.OracleLogicalTransaction), Línea: 0] - ORA-04063: package body "USERMRV.PKG_MRV_MANTENIMIENTO" has errors
ORA-06508: PL/SQL: could not find program unit being called: "USERMRV.PKG_MRV_MANTENIMIENTO"
ORA-06512: at line 1
03/01/2020 13:59:15: [Método: Void HandleError(Int32, Oracle.DataAccess.Client.OracleConnection, System.String, IntPtr, Oracle.DataAccess.Client.OpoSqlValCtx*, System.Object, Boolean, Oracle.DataAccess.Client.OracleLogicalTransaction), Línea: 0] - ORA-04063: package body "USERMRV.PKG_MRV_MANTENIMIENTO" has errors
ORA-06508: PL/SQL: could not find program unit being called: "USERMRV.PKG_MRV_MANTENIMIENTO"
ORA-06512: at line 1
03/01/2020 13:59:15: [Método: Oracle.DataAccess.Client.OracleDataReader ExecuteReader(Boolean, Boolean, System.Data.CommandBehavior), Línea: 0] - ORA-04063: package body "USERMRV.PKG_MRV_MANTENIMIENTO" has errors
ORA-06508: PL/SQL: could not find program unit being called: "USERMRV.PKG_MRV_MANTENIMIENTO"
ORA-06512: at line 1
03/01/2020 13:59:15: [Método: System.Data.Common.DbDataReader ExecuteDbDataReader(System.Data.CommandBehavior), Línea: 0] - ORA-04063: package body "USERMRV.PKG_MRV_MANTENIMIENTO" has errors
ORA-06508: PL/SQL: could not find program unit being called: "USERMRV.PKG_MRV_MANTENIMIENTO"
ORA-06512: at line 1
03/01/2020 13:59:15: [Método: System.Data.IDataReader System.Data.IDbCommand.ExecuteReader(System.Data.CommandBehavior), Línea: 0] - ORA-04063: package body "USERMRV.PKG_MRV_MANTENIMIENTO" has errors
ORA-06508: PL/SQL: could not find program unit being called: "USERMRV.PKG_MRV_MANTENIMIENTO"
ORA-06512: at line 1
03/01/2020 13:59:15: [Método: System.Data.IDataReader ExecuteReaderWithFlagsFallback(System.Data.IDbCommand, Boolean, System.Data.CommandBehavior), Línea: 0] - ORA-04063: package body "USERMRV.PKG_MRV_MANTENIMIENTO" has errors
ORA-06508: PL/SQL: could not find program unit being called: "USERMRV.PKG_MRV_MANTENIMIENTO"
ORA-06512: at line 1
03/01/2020 13:59:15: [Método: Boolean MoveNext(), Línea: 0] - ORA-04063: package body "USERMRV.PKG_MRV_MANTENIMIENTO" has errors
ORA-06508: PL/SQL: could not find program unit being called: "USERMRV.PKG_MRV_MANTENIMIENTO"
ORA-06512: at line 1
03/01/2020 13:59:15: [Método: Void .ctor(System.Collections.Generic.IEnumerable`1[T]), Línea: 0] - ORA-04063: package body "USERMRV.PKG_MRV_MANTENIMIENTO" has errors
ORA-06508: PL/SQL: could not find program unit being called: "USERMRV.PKG_MRV_MANTENIMIENTO"
ORA-06512: at line 1
03/01/2020 13:59:15: [Método: System.Collections.Generic.List`1[TSource] ToList[TSource](System.Collections.Generic.IEnumerable`1[TSource]), Línea: 0] - ORA-04063: package body "USERMRV.PKG_MRV_MANTENIMIENTO" has errors
ORA-06508: PL/SQL: could not find program unit being called: "USERMRV.PKG_MRV_MANTENIMIENTO"
ORA-06512: at line 1
03/01/2020 13:59:15: [Método: System.Collections.Generic.IEnumerable`1[T] Query[T](System.Data.IDbConnection, System.String, System.Object, System.Data.IDbTransaction, Boolean, System.Nullable`1[System.Int32], System.Nullable`1[System.Data.CommandType]), Línea: 0] - ORA-04063: package body "USERMRV.PKG_MRV_MANTENIMIENTO" has errors
ORA-06508: PL/SQL: could not find program unit being called: "USERMRV.PKG_MRV_MANTENIMIENTO"
ORA-06512: at line 1
03/01/2020 13:59:15: [Método: System.Collections.Generic.List`1[entidad.minem.gob.pe.UbicacionBE] ListarUbicacion(entidad.minem.gob.pe.UbicacionBE), Línea: 30] - ORA-04063: package body "USERMRV.PKG_MRV_MANTENIMIENTO" has errors
ORA-06508: PL/SQL: could not find program unit being called: "USERMRV.PKG_MRV_MANTENIMIENTO"
ORA-06512: at line 1
03/01/2020 14:00:18: [Método: Void HandleErrorHelper(Int32, Oracle.DataAccess.Client.OracleConnection, IntPtr, Oracle.DataAccess.Client.OpoSqlValCtx*, System.Object, System.String, Boolean, Int32, Oracle.DataAccess.Client.OracleLogicalTransaction), Línea: 0] - ORA-04063: package body "USERMRV.PKG_MRV_MANTENIMIENTO" has errors
ORA-06508: PL/SQL: could not find program unit being called: "USERMRV.PKG_MRV_MANTENIMIENTO"
ORA-06512: at line 1
03/01/2020 14:00:18: [Método: Void HandleError(Int32, Oracle.DataAccess.Client.OracleConnection, System.String, IntPtr, Oracle.DataAccess.Client.OpoSqlValCtx*, System.Object, Boolean, Oracle.DataAccess.Client.OracleLogicalTransaction), Línea: 0] - ORA-04063: package body "USERMRV.PKG_MRV_MANTENIMIENTO" has errors
ORA-06508: PL/SQL: could not find program unit being called: "USERMRV.PKG_MRV_MANTENIMIENTO"
ORA-06512: at line 1
03/01/2020 14:00:18: [Método: Oracle.DataAccess.Client.OracleDataReader ExecuteReader(Boolean, Boolean, System.Data.CommandBehavior), Línea: 0] - ORA-04063: package body "USERMRV.PKG_MRV_MANTENIMIENTO" has errors
ORA-06508: PL/SQL: could not find program unit being called: "USERMRV.PKG_MRV_MANTENIMIENTO"
ORA-06512: at line 1
03/01/2020 14:00:18: [Método: System.Data.Common.DbDataReader ExecuteDbDataReader(System.Data.CommandBehavior), Línea: 0] - ORA-04063: package body "USERMRV.PKG_MRV_MANTENIMIENTO" has errors
ORA-06508: PL/SQL: could not find program unit being called: "USERMRV.PKG_MRV_MANTENIMIENTO"
ORA-06512: at line 1
03/01/2020 14:00:18: [Método: System.Data.IDataReader System.Data.IDbCommand.ExecuteReader(System.Data.CommandBehavior), Línea: 0] - ORA-04063: package body "USERMRV.PKG_MRV_MANTENIMIENTO" has errors
ORA-06508: PL/SQL: could not find program unit being called: "USERMRV.PKG_MRV_MANTENIMIENTO"
ORA-06512: at line 1
03/01/2020 14:00:18: [Método: System.Data.IDataReader ExecuteReaderWithFlagsFallback(System.Data.IDbCommand, Boolean, System.Data.CommandBehavior), Línea: 0] - ORA-04063: package body "USERMRV.PKG_MRV_MANTENIMIENTO" has errors
ORA-06508: PL/SQL: could not find program unit being called: "USERMRV.PKG_MRV_MANTENIMIENTO"
ORA-06512: at line 1
03/01/2020 14:00:18: [Método: Boolean MoveNext(), Línea: 0] - ORA-04063: package body "USERMRV.PKG_MRV_MANTENIMIENTO" has errors
ORA-06508: PL/SQL: could not find program unit being called: "USERMRV.PKG_MRV_MANTENIMIENTO"
ORA-06512: at line 1
03/01/2020 14:00:18: [Método: Void .ctor(System.Collections.Generic.IEnumerable`1[T]), Línea: 0] - ORA-04063: package body "USERMRV.PKG_MRV_MANTENIMIENTO" has errors
ORA-06508: PL/SQL: could not find program unit being called: "USERMRV.PKG_MRV_MANTENIMIENTO"
ORA-06512: at line 1
03/01/2020 14:00:18: [Método: System.Collections.Generic.List`1[TSource] ToList[TSource](System.Collections.Generic.IEnumerable`1[TSource]), Línea: 0] - ORA-04063: package body "USERMRV.PKG_MRV_MANTENIMIENTO" has errors
ORA-06508: PL/SQL: could not find program unit being called: "USERMRV.PKG_MRV_MANTENIMIENTO"
ORA-06512: at line 1
03/01/2020 14:00:18: [Método: System.Collections.Generic.IEnumerable`1[T] Query[T](System.Data.IDbConnection, System.String, System.Object, System.Data.IDbTransaction, Boolean, System.Nullable`1[System.Int32], System.Nullable`1[System.Data.CommandType]), Línea: 0] - ORA-04063: package body "USERMRV.PKG_MRV_MANTENIMIENTO" has errors
ORA-06508: PL/SQL: could not find program unit being called: "USERMRV.PKG_MRV_MANTENIMIENTO"
ORA-06512: at line 1
03/01/2020 14:00:18: [Método: System.Collections.Generic.List`1[entidad.minem.gob.pe.UbicacionBE] ListarUbicacion(entidad.minem.gob.pe.UbicacionBE), Línea: 30] - ORA-04063: package body "USERMRV.PKG_MRV_MANTENIMIENTO" has errors
ORA-06508: PL/SQL: could not find program unit being called: "USERMRV.PKG_MRV_MANTENIMIENTO"
ORA-06512: at line 1
03/01/2020 18:21:23: [Método: Void HandleErrorHelper(Int32, Oracle.DataAccess.Client.OracleConnection, IntPtr, Oracle.DataAccess.Client.OpoSqlValCtx*, System.Object, System.String, Boolean, Int32, Oracle.DataAccess.Client.OracleLogicalTransaction), Línea: 0] - ORA-06550: line 1, column 37:
PLS-00114: identifier 'USP_SEL_LISTA_SECTORINSTITUCIO' too long
03/01/2020 18:21:23: [Método: Void HandleError(Int32, Oracle.DataAccess.Client.OracleConnection, System.String, IntPtr, Oracle.DataAccess.Client.OpoSqlValCtx*, System.Object, Boolean, Oracle.DataAccess.Client.OracleLogicalTransaction), Línea: 0] - ORA-06550: line 1, column 37:
PLS-00114: identifier 'USP_SEL_LISTA_SECTORINSTITUCIO' too long
03/01/2020 18:21:23: [Método: Oracle.DataAccess.Client.OracleDataReader ExecuteReader(Boolean, Boolean, System.Data.CommandBehavior), Línea: 0] - ORA-06550: line 1, column 37:
PLS-00114: identifier 'USP_SEL_LISTA_SECTORINSTITUCIO' too long
03/01/2020 18:21:23: [Método: System.Data.Common.DbDataReader ExecuteDbDataReader(System.Data.CommandBehavior), Línea: 0] - ORA-06550: line 1, column 37:
PLS-00114: identifier 'USP_SEL_LISTA_SECTORINSTITUCIO' too long
03/01/2020 18:21:23: [Método: System.Data.IDataReader System.Data.IDbCommand.ExecuteReader(System.Data.CommandBehavior), Línea: 0] - ORA-06550: line 1, column 37:
PLS-00114: identifier 'USP_SEL_LISTA_SECTORINSTITUCIO' too long
03/01/2020 18:21:23: [Método: System.Data.IDataReader ExecuteReaderWithFlagsFallback(System.Data.IDbCommand, Boolean, System.Data.CommandBehavior), Línea: 0] - ORA-06550: line 1, column 37:
PLS-00114: identifier 'USP_SEL_LISTA_SECTORINSTITUCIO' too long
03/01/2020 18:21:23: [Método: Boolean MoveNext(), Línea: 0] - ORA-06550: line 1, column 37:
PLS-00114: identifier 'USP_SEL_LISTA_SECTORINSTITUCIO' too long
03/01/2020 18:21:23: [Método: Void .ctor(System.Collections.Generic.IEnumerable`1[T]), Línea: 0] - ORA-06550: line 1, column 37:
PLS-00114: identifier 'USP_SEL_LISTA_SECTORINSTITUCIO' too long
03/01/2020 18:21:23: [Método: System.Collections.Generic.List`1[TSource] ToList[TSource](System.Collections.Generic.IEnumerable`1[TSource]), Línea: 0] - ORA-06550: line 1, column 37:
PLS-00114: identifier 'USP_SEL_LISTA_SECTORINSTITUCIO' too long
03/01/2020 18:21:23: [Método: System.Collections.Generic.IEnumerable`1[T] Query[T](System.Data.IDbConnection, System.String, System.Object, System.Data.IDbTransaction, Boolean, System.Nullable`1[System.Int32], System.Nullable`1[System.Data.CommandType]), Línea: 0] - ORA-06550: line 1, column 37:
PLS-00114: identifier 'USP_SEL_LISTA_SECTORINSTITUCIO' too long
03/01/2020 18:21:23: [Método: System.Collections.Generic.List`1[entidad.minem.gob.pe.SectorInstitucionBE] ListarSectorInstitucion(entidad.minem.gob.pe.SectorInstitucionBE), Línea: 59] - ORA-06550: line 1, column 37:
PLS-00114: identifier 'USP_SEL_LISTA_SECTORINSTITUCIO' too long
