31/12/2019 10:47:18 a.m.: [Método: Void HandleErrorHelper(Int32, Oracle.DataAccess.Client.OracleConnection, IntPtr, Oracle.DataAccess.Client.OpoSqlValCtx*, System.Object, System.String, Boolean, Int32, Oracle.DataAccess.Client.OracleLogicalTransaction), Línea: 0] - ORA-12514: TNS:listener does not currently know of service requested in connect descriptor
31/12/2019 10:47:18 a.m.: [Método: Void HandleError(Int32, Oracle.DataAccess.Client.OracleConnection, IntPtr, System.Object, Oracle.DataAccess.Client.OracleLogicalTransaction), Línea: 0] - ORA-12514: TNS:listener does not currently know of service requested in connect descriptor
31/12/2019 10:47:18 a.m.: [Método: Void Open(Oracle.DataAccess.Client.OracleConnection), Línea: 0] - ORA-12514: TNS:listener does not currently know of service requested in connect descriptor
31/12/2019 10:47:18 a.m.: [Método: Void Open(), Línea: 0] - ORA-12514: TNS:listener does not currently know of service requested in connect descriptor
31/12/2019 10:47:18 a.m.: [Método: Boolean MoveNext(), Línea: 0] - ORA-12514: TNS:listener does not currently know of service requested in connect descriptor
31/12/2019 10:47:18 a.m.: [Método: Void .ctor(System.Collections.Generic.IEnumerable`1[T]), Línea: 0] - ORA-12514: TNS:listener does not currently know of service requested in connect descriptor
31/12/2019 10:47:18 a.m.: [Método: System.Collections.Generic.List`1[TSource] ToList[TSource](System.Collections.Generic.IEnumerable`1[TSource]), Línea: 0] - ORA-12514: TNS:listener does not currently know of service requested in connect descriptor
31/12/2019 10:47:18 a.m.: [Método: System.Collections.Generic.IEnumerable`1[T] Query[T](System.Data.IDbConnection, System.String, System.Object, System.Data.IDbTransaction, Boolean, System.Nullable`1[System.Int32], System.Nullable`1[System.Data.CommandType]), Línea: 0] - ORA-12514: TNS:listener does not currently know of service requested in connect descriptor
31/12/2019 10:47:18 a.m.: [Método: System.Collections.Generic.List`1[entidad.minem.gob.pe.IniciativaBE] ListaIniciativa(entidad.minem.gob.pe.IniciativaBE), Línea: 32] - ORA-12514: TNS:listener does not currently know of service requested in connect descriptor
31/12/2019 10:48:59 a.m.: [Método: Void HandleErrorHelper(Int32, Oracle.DataAccess.Client.OracleConnection, IntPtr, Oracle.DataAccess.Client.OpoSqlValCtx*, System.Object, System.String, Boolean, Int32, Oracle.DataAccess.Client.OracleLogicalTransaction), Línea: 0] - ORA-06550: line 1, column 7:
PLS-00201: identifier 'USERMRV.PKG_MRV_INICIATIVA' must be declared
ORA-06550: line 1, column 7:
PL/SQL: Statement ignored
31/12/2019 10:48:59 a.m.: [Método: Void HandleError(Int32, Oracle.DataAccess.Client.OracleConnection, System.String, IntPtr, Oracle.DataAccess.Client.OpoSqlValCtx*, System.Object, Boolean, Oracle.DataAccess.Client.OracleLogicalTransaction), Línea: 0] - ORA-06550: line 1, column 7:
PLS-00201: identifier 'USERMRV.PKG_MRV_INICIATIVA' must be declared
ORA-06550: line 1, column 7:
PL/SQL: Statement ignored
31/12/2019 10:48:59 a.m.: [Método: Oracle.DataAccess.Client.OracleDataReader ExecuteReader(Boolean, Boolean, System.Data.CommandBehavior), Línea: 0] - ORA-06550: line 1, column 7:
PLS-00201: identifier 'USERMRV.PKG_MRV_INICIATIVA' must be declared
ORA-06550: line 1, column 7:
PL/SQL: Statement ignored
31/12/2019 10:48:59 a.m.: [Método: System.Data.Common.DbDataReader ExecuteDbDataReader(System.Data.CommandBehavior), Línea: 0] - ORA-06550: line 1, column 7:
PLS-00201: identifier 'USERMRV.PKG_MRV_INICIATIVA' must be declared
ORA-06550: line 1, column 7:
PL/SQL: Statement ignored
31/12/2019 10:48:59 a.m.: [Método: System.Data.IDataReader System.Data.IDbCommand.ExecuteReader(System.Data.CommandBehavior), Línea: 0] - ORA-06550: line 1, column 7:
PLS-00201: identifier 'USERMRV.PKG_MRV_INICIATIVA' must be declared
ORA-06550: line 1, column 7:
PL/SQL: Statement ignored
31/12/2019 10:48:59 a.m.: [Método: System.Data.IDataReader ExecuteReaderWithFlagsFallback(System.Data.IDbCommand, Boolean, System.Data.CommandBehavior), Línea: 0] - ORA-06550: line 1, column 7:
PLS-00201: identifier 'USERMRV.PKG_MRV_INICIATIVA' must be declared
ORA-06550: line 1, column 7:
PL/SQL: Statement ignored
31/12/2019 10:48:59 a.m.: [Método: Boolean MoveNext(), Línea: 0] - ORA-06550: line 1, column 7:
PLS-00201: identifier 'USERMRV.PKG_MRV_INICIATIVA' must be declared
ORA-06550: line 1, column 7:
PL/SQL: Statement ignored
31/12/2019 10:48:59 a.m.: [Método: Void .ctor(System.Collections.Generic.IEnumerable`1[T]), Línea: 0] - ORA-06550: line 1, column 7:
PLS-00201: identifier 'USERMRV.PKG_MRV_INICIATIVA' must be declared
ORA-06550: line 1, column 7:
PL/SQL: Statement ignored
31/12/2019 10:48:59 a.m.: [Método: System.Collections.Generic.List`1[TSource] ToList[TSource](System.Collections.Generic.IEnumerable`1[TSource]), Línea: 0] - ORA-06550: line 1, column 7:
PLS-00201: identifier 'USERMRV.PKG_MRV_INICIATIVA' must be declared
ORA-06550: line 1, column 7:
PL/SQL: Statement ignored
31/12/2019 10:49:02 a.m.: [Método: System.Collections.Generic.IEnumerable`1[T] Query[T](System.Data.IDbConnection, System.String, System.Object, System.Data.IDbTransaction, Boolean, System.Nullable`1[System.Int32], System.Nullable`1[System.Data.CommandType]), Línea: 0] - ORA-06550: line 1, column 7:
PLS-00201: identifier 'USERMRV.PKG_MRV_INICIATIVA' must be declared
ORA-06550: line 1, column 7:
PL/SQL: Statement ignored
31/12/2019 10:49:02 a.m.: [Método: System.Collections.Generic.List`1[entidad.minem.gob.pe.IniciativaBE] ListaIniciativa(entidad.minem.gob.pe.IniciativaBE), Línea: 32] - ORA-06550: line 1, column 7:
PLS-00201: identifier 'USERMRV.PKG_MRV_INICIATIVA' must be declared
ORA-06550: line 1, column 7:
PL/SQL: Statement ignored
31/12/2019 10:52:57 a.m.: [Método: Void HandleErrorHelper(Int32, Oracle.DataAccess.Client.OracleConnection, IntPtr, Oracle.DataAccess.Client.OpoSqlValCtx*, System.Object, System.String, Boolean, Int32, Oracle.DataAccess.Client.OracleLogicalTransaction), Línea: 0] - ORA-04063: package body "USERMRV.PKG_MRV_ADMIN_SISTEMA" has errors
ORA-06508: PL/SQL: could not find program unit being called: "USERMRV.PKG_MRV_ADMIN_SISTEMA"
ORA-06512: at line 1
31/12/2019 10:52:57 a.m.: [Método: Void HandleError(Int32, Oracle.DataAccess.Client.OracleConnection, System.String, IntPtr, Oracle.DataAccess.Client.OpoSqlValCtx*, System.Object, Boolean, Oracle.DataAccess.Client.OracleLogicalTransaction), Línea: 0] - ORA-04063: package body "USERMRV.PKG_MRV_ADMIN_SISTEMA" has errors
ORA-06508: PL/SQL: could not find program unit being called: "USERMRV.PKG_MRV_ADMIN_SISTEMA"
ORA-06512: at line 1
31/12/2019 10:52:57 a.m.: [Método: Oracle.DataAccess.Client.OracleDataReader ExecuteReader(Boolean, Boolean, System.Data.CommandBehavior), Línea: 0] - ORA-04063: package body "USERMRV.PKG_MRV_ADMIN_SISTEMA" has errors
ORA-06508: PL/SQL: could not find program unit being called: "USERMRV.PKG_MRV_ADMIN_SISTEMA"
ORA-06512: at line 1
31/12/2019 10:52:57 a.m.: [Método: System.Data.Common.DbDataReader ExecuteDbDataReader(System.Data.CommandBehavior), Línea: 0] - ORA-04063: package body "USERMRV.PKG_MRV_ADMIN_SISTEMA" has errors
ORA-06508: PL/SQL: could not find program unit being called: "USERMRV.PKG_MRV_ADMIN_SISTEMA"
ORA-06512: at line 1
31/12/2019 10:52:57 a.m.: [Método: System.Data.IDataReader System.Data.IDbCommand.ExecuteReader(System.Data.CommandBehavior), Línea: 0] - ORA-04063: package body "USERMRV.PKG_MRV_ADMIN_SISTEMA" has errors
ORA-06508: PL/SQL: could not find program unit being called: "USERMRV.PKG_MRV_ADMIN_SISTEMA"
ORA-06512: at line 1
31/12/2019 10:52:57 a.m.: [Método: System.Data.IDataReader ExecuteReaderWithFlagsFallback(System.Data.IDbCommand, Boolean, System.Data.CommandBehavior), Línea: 0] - ORA-04063: package body "USERMRV.PKG_MRV_ADMIN_SISTEMA" has errors
ORA-06508: PL/SQL: could not find program unit being called: "USERMRV.PKG_MRV_ADMIN_SISTEMA"
ORA-06512: at line 1
31/12/2019 10:52:57 a.m.: [Método: Boolean MoveNext(), Línea: 0] - ORA-04063: package body "USERMRV.PKG_MRV_ADMIN_SISTEMA" has errors
ORA-06508: PL/SQL: could not find program unit being called: "USERMRV.PKG_MRV_ADMIN_SISTEMA"
ORA-06512: at line 1
31/12/2019 10:52:57 a.m.: [Método: Void .ctor(System.Collections.Generic.IEnumerable`1[T]), Línea: 0] - ORA-04063: package body "USERMRV.PKG_MRV_ADMIN_SISTEMA" has errors
ORA-06508: PL/SQL: could not find program unit being called: "USERMRV.PKG_MRV_ADMIN_SISTEMA"
ORA-06512: at line 1
31/12/2019 10:52:57 a.m.: [Método: System.Collections.Generic.List`1[TSource] ToList[TSource](System.Collections.Generic.IEnumerable`1[TSource]), Línea: 0] - ORA-04063: package body "USERMRV.PKG_MRV_ADMIN_SISTEMA" has errors
ORA-06508: PL/SQL: could not find program unit being called: "USERMRV.PKG_MRV_ADMIN_SISTEMA"
ORA-06512: at line 1
31/12/2019 10:52:57 a.m.: [Método: System.Collections.Generic.IEnumerable`1[T] Query[T](System.Data.IDbConnection, System.String, System.Object, System.Data.IDbTransaction, Boolean, System.Nullable`1[System.Int32], System.Nullable`1[System.Data.CommandType]), Línea: 0] - ORA-04063: package body "USERMRV.PKG_MRV_ADMIN_SISTEMA" has errors
ORA-06508: PL/SQL: could not find program unit being called: "USERMRV.PKG_MRV_ADMIN_SISTEMA"
ORA-06512: at line 1
31/12/2019 10:52:57 a.m.: [Método: System.Collections.Generic.List`1[entidad.minem.gob.pe.SectorInstitucionBE] ListaSectorInstitucion(entidad.minem.gob.pe.SectorInstitucionBE), Línea: 30] - ORA-04063: package body "USERMRV.PKG_MRV_ADMIN_SISTEMA" has errors
ORA-06508: PL/SQL: could not find program unit being called: "USERMRV.PKG_MRV_ADMIN_SISTEMA"
ORA-06512: at line 1
31/12/2019 10:53:11 a.m.: [Método: Void HandleErrorHelper(Int32, Oracle.DataAccess.Client.OracleConnection, IntPtr, Oracle.DataAccess.Client.OpoSqlValCtx*, System.Object, System.String, Boolean, Int32, Oracle.DataAccess.Client.OracleLogicalTransaction), Línea: 0] - ORA-06550: line 1, column 7:
PLS-00201: identifier 'USERMRV.PKG_MRV_INICIATIVA' must be declared
ORA-06550: line 1, column 7:
PL/SQL: Statement ignored
31/12/2019 10:53:11 a.m.: [Método: Void HandleError(Int32, Oracle.DataAccess.Client.OracleConnection, System.String, IntPtr, Oracle.DataAccess.Client.OpoSqlValCtx*, System.Object, Boolean, Oracle.DataAccess.Client.OracleLogicalTransaction), Línea: 0] - ORA-06550: line 1, column 7:
PLS-00201: identifier 'USERMRV.PKG_MRV_INICIATIVA' must be declared
ORA-06550: line 1, column 7:
PL/SQL: Statement ignored
31/12/2019 10:53:11 a.m.: [Método: Oracle.DataAccess.Client.OracleDataReader ExecuteReader(Boolean, Boolean, System.Data.CommandBehavior), Línea: 0] - ORA-06550: line 1, column 7:
PLS-00201: identifier 'USERMRV.PKG_MRV_INICIATIVA' must be declared
ORA-06550: line 1, column 7:
PL/SQL: Statement ignored
31/12/2019 10:53:11 a.m.: [Método: System.Data.Common.DbDataReader ExecuteDbDataReader(System.Data.CommandBehavior), Línea: 0] - ORA-06550: line 1, column 7:
PLS-00201: identifier 'USERMRV.PKG_MRV_INICIATIVA' must be declared
ORA-06550: line 1, column 7:
PL/SQL: Statement ignored
31/12/2019 10:53:11 a.m.: [Método: System.Data.IDataReader System.Data.IDbCommand.ExecuteReader(System.Data.CommandBehavior), Línea: 0] - ORA-06550: line 1, column 7:
PLS-00201: identifier 'USERMRV.PKG_MRV_INICIATIVA' must be declared
ORA-06550: line 1, column 7:
PL/SQL: Statement ignored
31/12/2019 10:53:11 a.m.: [Método: System.Data.IDataReader ExecuteReaderWithFlagsFallback(System.Data.IDbCommand, Boolean, System.Data.CommandBehavior), Línea: 0] - ORA-06550: line 1, column 7:
PLS-00201: identifier 'USERMRV.PKG_MRV_INICIATIVA' must be declared
ORA-06550: line 1, column 7:
PL/SQL: Statement ignored
31/12/2019 10:53:11 a.m.: [Método: Boolean MoveNext(), Línea: 0] - ORA-06550: line 1, column 7:
PLS-00201: identifier 'USERMRV.PKG_MRV_INICIATIVA' must be declared
ORA-06550: line 1, column 7:
PL/SQL: Statement ignored
31/12/2019 10:53:11 a.m.: [Método: Void .ctor(System.Collections.Generic.IEnumerable`1[T]), Línea: 0] - ORA-06550: line 1, column 7:
PLS-00201: identifier 'USERMRV.PKG_MRV_INICIATIVA' must be declared
ORA-06550: line 1, column 7:
PL/SQL: Statement ignored
31/12/2019 10:53:11 a.m.: [Método: System.Collections.Generic.List`1[TSource] ToList[TSource](System.Collections.Generic.IEnumerable`1[TSource]), Línea: 0] - ORA-06550: line 1, column 7:
PLS-00201: identifier 'USERMRV.PKG_MRV_INICIATIVA' must be declared
ORA-06550: line 1, column 7:
PL/SQL: Statement ignored
31/12/2019 10:53:11 a.m.: [Método: System.Collections.Generic.IEnumerable`1[T] Query[T](System.Data.IDbConnection, System.String, System.Object, System.Data.IDbTransaction, Boolean, System.Nullable`1[System.Int32], System.Nullable`1[System.Data.CommandType]), Línea: 0] - ORA-06550: line 1, column 7:
PLS-00201: identifier 'USERMRV.PKG_MRV_INICIATIVA' must be declared
ORA-06550: line 1, column 7:
PL/SQL: Statement ignored
31/12/2019 10:53:11 a.m.: [Método: System.Collections.Generic.List`1[entidad.minem.gob.pe.IniciativaBE] ListaIniciativa(entidad.minem.gob.pe.IniciativaBE), Línea: 32] - ORA-06550: line 1, column 7:
PLS-00201: identifier 'USERMRV.PKG_MRV_INICIATIVA' must be declared
ORA-06550: line 1, column 7:
PL/SQL: Statement ignored
31/12/2019 12:56:07 p.m.: [Método: Void HandleErrorHelper(Int32, Oracle.DataAccess.Client.OracleConnection, IntPtr, Oracle.DataAccess.Client.OpoSqlValCtx*, System.Object, System.String, Boolean, Int32, Oracle.DataAccess.Client.OracleLogicalTransaction), Línea: 0] - ORA-06550: line 1, column 7:
PLS-00201: identifier 'USERMRV.PKG_MRV_INICIATIVA' must be declared
ORA-06550: line 1, column 7:
PL/SQL: Statement ignored
31/12/2019 12:56:07 p.m.: [Método: Void HandleError(Int32, Oracle.DataAccess.Client.OracleConnection, System.String, IntPtr, Oracle.DataAccess.Client.OpoSqlValCtx*, System.Object, Boolean, Oracle.DataAccess.Client.OracleLogicalTransaction), Línea: 0] - ORA-06550: line 1, column 7:
PLS-00201: identifier 'USERMRV.PKG_MRV_INICIATIVA' must be declared
ORA-06550: line 1, column 7:
PL/SQL: Statement ignored
31/12/2019 12:56:07 p.m.: [Método: Oracle.DataAccess.Client.OracleDataReader ExecuteReader(Boolean, Boolean, System.Data.CommandBehavior), Línea: 0] - ORA-06550: line 1, column 7:
PLS-00201: identifier 'USERMRV.PKG_MRV_INICIATIVA' must be declared
ORA-06550: line 1, column 7:
PL/SQL: Statement ignored
31/12/2019 12:56:07 p.m.: [Método: System.Data.Common.DbDataReader ExecuteDbDataReader(System.Data.CommandBehavior), Línea: 0] - ORA-06550: line 1, column 7:
PLS-00201: identifier 'USERMRV.PKG_MRV_INICIATIVA' must be declared
ORA-06550: line 1, column 7:
PL/SQL: Statement ignored
31/12/2019 12:56:07 p.m.: [Método: System.Data.IDataReader System.Data.IDbCommand.ExecuteReader(System.Data.CommandBehavior), Línea: 0] - ORA-06550: line 1, column 7:
PLS-00201: identifier 'USERMRV.PKG_MRV_INICIATIVA' must be declared
ORA-06550: line 1, column 7:
PL/SQL: Statement ignored
31/12/2019 12:56:07 p.m.: [Método: System.Data.IDataReader ExecuteReaderWithFlagsFallback(System.Data.IDbCommand, Boolean, System.Data.CommandBehavior), Línea: 0] - ORA-06550: line 1, column 7:
PLS-00201: identifier 'USERMRV.PKG_MRV_INICIATIVA' must be declared
ORA-06550: line 1, column 7:
PL/SQL: Statement ignored
31/12/2019 12:56:07 p.m.: [Método: Boolean MoveNext(), Línea: 0] - ORA-06550: line 1, column 7:
PLS-00201: identifier 'USERMRV.PKG_MRV_INICIATIVA' must be declared
ORA-06550: line 1, column 7:
PL/SQL: Statement ignored
31/12/2019 12:56:07 p.m.: [Método: Void .ctor(System.Collections.Generic.IEnumerable`1[T]), Línea: 0] - ORA-06550: line 1, column 7:
PLS-00201: identifier 'USERMRV.PKG_MRV_INICIATIVA' must be declared
ORA-06550: line 1, column 7:
PL/SQL: Statement ignored
31/12/2019 12:56:07 p.m.: [Método: System.Collections.Generic.List`1[TSource] ToList[TSource](System.Collections.Generic.IEnumerable`1[TSource]), Línea: 0] - ORA-06550: line 1, column 7:
PLS-00201: identifier 'USERMRV.PKG_MRV_INICIATIVA' must be declared
ORA-06550: line 1, column 7:
PL/SQL: Statement ignored
31/12/2019 12:56:07 p.m.: [Método: System.Collections.Generic.IEnumerable`1[T] Query[T](System.Data.IDbConnection, System.String, System.Object, System.Data.IDbTransaction, Boolean, System.Nullable`1[System.Int32], System.Nullable`1[System.Data.CommandType]), Línea: 0] - ORA-06550: line 1, column 7:
PLS-00201: identifier 'USERMRV.PKG_MRV_INICIATIVA' must be declared
ORA-06550: line 1, column 7:
PL/SQL: Statement ignored
31/12/2019 12:56:07 p.m.: [Método: System.Collections.Generic.List`1[entidad.minem.gob.pe.IniciativaBE] ListaIniciativa(entidad.minem.gob.pe.IniciativaBE), Línea: 32] - ORA-06550: line 1, column 7:
PLS-00201: identifier 'USERMRV.PKG_MRV_INICIATIVA' must be declared
ORA-06550: line 1, column 7:
PL/SQL: Statement ignored
31/12/2019 12:58:04 p.m.: [Método: Void HandleErrorHelper(Int32, Oracle.DataAccess.Client.OracleConnection, IntPtr, Oracle.DataAccess.Client.OpoSqlValCtx*, System.Object, System.String, Boolean, Int32, Oracle.DataAccess.Client.OracleLogicalTransaction), Línea: 0] - ORA-06550: line 1, column 7:
PLS-00201: identifier 'USERMRV.PKG_MRV_INICIATIVA' must be declared
ORA-06550: line 1, column 7:
PL/SQL: Statement ignored
31/12/2019 12:58:04 p.m.: [Método: Void HandleError(Int32, Oracle.DataAccess.Client.OracleConnection, System.String, IntPtr, Oracle.DataAccess.Client.OpoSqlValCtx*, System.Object, Boolean, Oracle.DataAccess.Client.OracleLogicalTransaction), Línea: 0] - ORA-06550: line 1, column 7:
PLS-00201: identifier 'USERMRV.PKG_MRV_INICIATIVA' must be declared
ORA-06550: line 1, column 7:
PL/SQL: Statement ignored
31/12/2019 12:58:04 p.m.: [Método: Oracle.DataAccess.Client.OracleDataReader ExecuteReader(Boolean, Boolean, System.Data.CommandBehavior), Línea: 0] - ORA-06550: line 1, column 7:
PLS-00201: identifier 'USERMRV.PKG_MRV_INICIATIVA' must be declared
ORA-06550: line 1, column 7:
PL/SQL: Statement ignored
31/12/2019 12:58:04 p.m.: [Método: System.Data.Common.DbDataReader ExecuteDbDataReader(System.Data.CommandBehavior), Línea: 0] - ORA-06550: line 1, column 7:
PLS-00201: identifier 'USERMRV.PKG_MRV_INICIATIVA' must be declared
ORA-06550: line 1, column 7:
PL/SQL: Statement ignored
31/12/2019 12:58:04 p.m.: [Método: System.Data.IDataReader System.Data.IDbCommand.ExecuteReader(System.Data.CommandBehavior), Línea: 0] - ORA-06550: line 1, column 7:
PLS-00201: identifier 'USERMRV.PKG_MRV_INICIATIVA' must be declared
ORA-06550: line 1, column 7:
PL/SQL: Statement ignored
31/12/2019 12:58:04 p.m.: [Método: System.Data.IDataReader ExecuteReaderWithFlagsFallback(System.Data.IDbCommand, Boolean, System.Data.CommandBehavior), Línea: 0] - ORA-06550: line 1, column 7:
PLS-00201: identifier 'USERMRV.PKG_MRV_INICIATIVA' must be declared
ORA-06550: line 1, column 7:
PL/SQL: Statement ignored
31/12/2019 12:58:04 p.m.: [Método: Boolean MoveNext(), Línea: 0] - ORA-06550: line 1, column 7:
PLS-00201: identifier 'USERMRV.PKG_MRV_INICIATIVA' must be declared
ORA-06550: line 1, column 7:
PL/SQL: Statement ignored
31/12/2019 12:58:04 p.m.: [Método: Void .ctor(System.Collections.Generic.IEnumerable`1[T]), Línea: 0] - ORA-06550: line 1, column 7:
PLS-00201: identifier 'USERMRV.PKG_MRV_INICIATIVA' must be declared
ORA-06550: line 1, column 7:
PL/SQL: Statement ignored
31/12/2019 12:58:04 p.m.: [Método: System.Collections.Generic.List`1[TSource] ToList[TSource](System.Collections.Generic.IEnumerable`1[TSource]), Línea: 0] - ORA-06550: line 1, column 7:
PLS-00201: identifier 'USERMRV.PKG_MRV_INICIATIVA' must be declared
ORA-06550: line 1, column 7:
PL/SQL: Statement ignored
31/12/2019 12:58:04 p.m.: [Método: System.Collections.Generic.IEnumerable`1[T] Query[T](System.Data.IDbConnection, System.String, System.Object, System.Data.IDbTransaction, Boolean, System.Nullable`1[System.Int32], System.Nullable`1[System.Data.CommandType]), Línea: 0] - ORA-06550: line 1, column 7:
PLS-00201: identifier 'USERMRV.PKG_MRV_INICIATIVA' must be declared
ORA-06550: line 1, column 7:
PL/SQL: Statement ignored
31/12/2019 12:58:04 p.m.: [Método: System.Collections.Generic.List`1[entidad.minem.gob.pe.IniciativaBE] ListaIniciativa(entidad.minem.gob.pe.IniciativaBE), Línea: 32] - ORA-06550: line 1, column 7:
PLS-00201: identifier 'USERMRV.PKG_MRV_INICIATIVA' must be declared
ORA-06550: line 1, column 7:
PL/SQL: Statement ignored
31/12/2019 01:38:17 p.m.: [Método: Void HandleErrorHelper(Int32, Oracle.DataAccess.Client.OracleConnection, IntPtr, Oracle.DataAccess.Client.OpoSqlValCtx*, System.Object, System.String, Boolean, Int32, Oracle.DataAccess.Client.OracleLogicalTransaction), Línea: 0] - ORA-06550: line 1, column 7:
PLS-00201: identifier 'USERMRV.PKG_MRV_INICIATIVA' must be declared
ORA-06550: line 1, column 7:
PL/SQL: Statement ignored
31/12/2019 01:38:17 p.m.: [Método: Void HandleError(Int32, Oracle.DataAccess.Client.OracleConnection, System.String, IntPtr, Oracle.DataAccess.Client.OpoSqlValCtx*, System.Object, Boolean, Oracle.DataAccess.Client.OracleLogicalTransaction), Línea: 0] - ORA-06550: line 1, column 7:
PLS-00201: identifier 'USERMRV.PKG_MRV_INICIATIVA' must be declared
ORA-06550: line 1, column 7:
PL/SQL: Statement ignored
31/12/2019 01:38:17 p.m.: [Método: Oracle.DataAccess.Client.OracleDataReader ExecuteReader(Boolean, Boolean, System.Data.CommandBehavior), Línea: 0] - ORA-06550: line 1, column 7:
PLS-00201: identifier 'USERMRV.PKG_MRV_INICIATIVA' must be declared
ORA-06550: line 1, column 7:
PL/SQL: Statement ignored
31/12/2019 01:38:17 p.m.: [Método: System.Data.Common.DbDataReader ExecuteDbDataReader(System.Data.CommandBehavior), Línea: 0] - ORA-06550: line 1, column 7:
PLS-00201: identifier 'USERMRV.PKG_MRV_INICIATIVA' must be declared
ORA-06550: line 1, column 7:
PL/SQL: Statement ignored
31/12/2019 01:38:17 p.m.: [Método: System.Data.IDataReader System.Data.IDbCommand.ExecuteReader(System.Data.CommandBehavior), Línea: 0] - ORA-06550: line 1, column 7:
PLS-00201: identifier 'USERMRV.PKG_MRV_INICIATIVA' must be declared
ORA-06550: line 1, column 7:
PL/SQL: Statement ignored
31/12/2019 01:38:17 p.m.: [Método: System.Data.IDataReader ExecuteReaderWithFlagsFallback(System.Data.IDbCommand, Boolean, System.Data.CommandBehavior), Línea: 0] - ORA-06550: line 1, column 7:
PLS-00201: identifier 'USERMRV.PKG_MRV_INICIATIVA' must be declared
ORA-06550: line 1, column 7:
PL/SQL: Statement ignored
31/12/2019 01:38:17 p.m.: [Método: Boolean MoveNext(), Línea: 0] - ORA-06550: line 1, column 7:
PLS-00201: identifier 'USERMRV.PKG_MRV_INICIATIVA' must be declared
ORA-06550: line 1, column 7:
PL/SQL: Statement ignored
31/12/2019 01:38:17 p.m.: [Método: Void .ctor(System.Collections.Generic.IEnumerable`1[T]), Línea: 0] - ORA-06550: line 1, column 7:
PLS-00201: identifier 'USERMRV.PKG_MRV_INICIATIVA' must be declared
ORA-06550: line 1, column 7:
PL/SQL: Statement ignored
31/12/2019 01:38:17 p.m.: [Método: System.Collections.Generic.List`1[TSource] ToList[TSource](System.Collections.Generic.IEnumerable`1[TSource]), Línea: 0] - ORA-06550: line 1, column 7:
PLS-00201: identifier 'USERMRV.PKG_MRV_INICIATIVA' must be declared
ORA-06550: line 1, column 7:
PL/SQL: Statement ignored
31/12/2019 01:38:17 p.m.: [Método: System.Collections.Generic.IEnumerable`1[T] Query[T](System.Data.IDbConnection, System.String, System.Object, System.Data.IDbTransaction, Boolean, System.Nullable`1[System.Int32], System.Nullable`1[System.Data.CommandType]), Línea: 0] - ORA-06550: line 1, column 7:
PLS-00201: identifier 'USERMRV.PKG_MRV_INICIATIVA' must be declared
ORA-06550: line 1, column 7:
PL/SQL: Statement ignored
31/12/2019 01:38:17 p.m.: [Método: System.Collections.Generic.List`1[entidad.minem.gob.pe.IniciativaBE] ListaIniciativa(entidad.minem.gob.pe.IniciativaBE), Línea: 32] - ORA-06550: line 1, column 7:
PLS-00201: identifier 'USERMRV.PKG_MRV_INICIATIVA' must be declared
ORA-06550: line 1, column 7:
PL/SQL: Statement ignored
