28/01/2020 12:16:45 a.m.: [Método: Void HandleErrorHelper(Int32, Oracle.DataAccess.Client.OracleConnection, IntPtr, Oracle.DataAccess.Client.OpoSqlValCtx*, System.Object, System.String, Boolean, Int32, Oracle.DataAccess.Client.OracleLogicalTransaction), Línea: 0] - ORA-06550: línea 1, columna 7:
PLS-00201: el identificador 'USERMRV.PKG_MRV_ADMIN_SISTEMA' se debe declarar
ORA-06550: línea 1, columna 7:
PL/SQL: Statement ignored
28/01/2020 12:16:45 a.m.: [Método: Void HandleError(Int32, Oracle.DataAccess.Client.OracleConnection, System.String, IntPtr, Oracle.DataAccess.Client.OpoSqlValCtx*, System.Object, Boolean, Oracle.DataAccess.Client.OracleLogicalTransaction), Línea: 0] - ORA-06550: línea 1, columna 7:
PLS-00201: el identificador 'USERMRV.PKG_MRV_ADMIN_SISTEMA' se debe declarar
ORA-06550: línea 1, columna 7:
PL/SQL: Statement ignored
28/01/2020 12:16:45 a.m.: [Método: Oracle.DataAccess.Client.OracleDataReader ExecuteReader(Boolean, Boolean, System.Data.CommandBehavior), Línea: 0] - ORA-06550: línea 1, columna 7:
PLS-00201: el identificador 'USERMRV.PKG_MRV_ADMIN_SISTEMA' se debe declarar
ORA-06550: línea 1, columna 7:
PL/SQL: Statement ignored
28/01/2020 12:16:45 a.m.: [Método: System.Data.Common.DbDataReader ExecuteDbDataReader(System.Data.CommandBehavior), Línea: 0] - ORA-06550: línea 1, columna 7:
PLS-00201: el identificador 'USERMRV.PKG_MRV_ADMIN_SISTEMA' se debe declarar
ORA-06550: línea 1, columna 7:
PL/SQL: Statement ignored
28/01/2020 12:16:45 a.m.: [Método: System.Data.IDataReader System.Data.IDbCommand.ExecuteReader(System.Data.CommandBehavior), Línea: 0] - ORA-06550: línea 1, columna 7:
PLS-00201: el identificador 'USERMRV.PKG_MRV_ADMIN_SISTEMA' se debe declarar
ORA-06550: línea 1, columna 7:
PL/SQL: Statement ignored
28/01/2020 12:16:45 a.m.: [Método: System.Data.IDataReader ExecuteReaderWithFlagsFallback(System.Data.IDbCommand, Boolean, System.Data.CommandBehavior), Línea: 0] - ORA-06550: línea 1, columna 7:
PLS-00201: el identificador 'USERMRV.PKG_MRV_ADMIN_SISTEMA' se debe declarar
ORA-06550: línea 1, columna 7:
PL/SQL: Statement ignored
28/01/2020 12:16:45 a.m.: [Método: Boolean MoveNext(), Línea: 0] - ORA-06550: línea 1, columna 7:
PLS-00201: el identificador 'USERMRV.PKG_MRV_ADMIN_SISTEMA' se debe declarar
ORA-06550: línea 1, columna 7:
PL/SQL: Statement ignored
28/01/2020 12:16:45 a.m.: [Método: Void .ctor(System.Collections.Generic.IEnumerable`1[T]), Línea: 0] - ORA-06550: línea 1, columna 7:
PLS-00201: el identificador 'USERMRV.PKG_MRV_ADMIN_SISTEMA' se debe declarar
ORA-06550: línea 1, columna 7:
PL/SQL: Statement ignored
28/01/2020 12:16:45 a.m.: [Método: System.Collections.Generic.List`1[TSource] ToList[TSource](System.Collections.Generic.IEnumerable`1[TSource]), Línea: 0] - ORA-06550: línea 1, columna 7:
PLS-00201: el identificador 'USERMRV.PKG_MRV_ADMIN_SISTEMA' se debe declarar
ORA-06550: línea 1, columna 7:
PL/SQL: Statement ignored
28/01/2020 12:16:45 a.m.: [Método: System.Collections.Generic.IEnumerable`1[T] Query[T](System.Data.IDbConnection, System.String, System.Object, System.Data.IDbTransaction, Boolean, System.Nullable`1[System.Int32], System.Nullable`1[System.Data.CommandType]), Línea: 0] - ORA-06550: línea 1, columna 7:
PLS-00201: el identificador 'USERMRV.PKG_MRV_ADMIN_SISTEMA' se debe declarar
ORA-06550: línea 1, columna 7:
PL/SQL: Statement ignored
28/01/2020 12:16:45 a.m.: [Método: System.Collections.Generic.List`1[entidad.minem.gob.pe.SectorInstitucionBE] ListaSectorInstitucion(entidad.minem.gob.pe.SectorInstitucionBE), Línea: 31] - ORA-06550: línea 1, columna 7:
PLS-00201: el identificador 'USERMRV.PKG_MRV_ADMIN_SISTEMA' se debe declarar
ORA-06550: línea 1, columna 7:
PL/SQL: Statement ignored
28/01/2020 12:17:35 a.m.: [Método: Void HandleErrorHelper(Int32, Oracle.DataAccess.Client.OracleConnection, IntPtr, Oracle.DataAccess.Client.OpoSqlValCtx*, System.Object, System.String, Boolean, Int32, Oracle.DataAccess.Client.OracleLogicalTransaction), Línea: 0] - ORA-06550: línea 1, columna 7:
PLS-00201: el identificador 'USERMRV.PKG_MRV_ADMIN_SISTEMA' se debe declarar
ORA-06550: línea 1, columna 7:
PL/SQL: Statement ignored
28/01/2020 12:17:35 a.m.: [Método: Void HandleError(Int32, Oracle.DataAccess.Client.OracleConnection, System.String, IntPtr, Oracle.DataAccess.Client.OpoSqlValCtx*, System.Object, Boolean, Oracle.DataAccess.Client.OracleLogicalTransaction), Línea: 0] - ORA-06550: línea 1, columna 7:
PLS-00201: el identificador 'USERMRV.PKG_MRV_ADMIN_SISTEMA' se debe declarar
ORA-06550: línea 1, columna 7:
PL/SQL: Statement ignored
28/01/2020 12:17:35 a.m.: [Método: Oracle.DataAccess.Client.OracleDataReader ExecuteReader(Boolean, Boolean, System.Data.CommandBehavior), Línea: 0] - ORA-06550: línea 1, columna 7:
PLS-00201: el identificador 'USERMRV.PKG_MRV_ADMIN_SISTEMA' se debe declarar
ORA-06550: línea 1, columna 7:
PL/SQL: Statement ignored
28/01/2020 12:17:35 a.m.: [Método: System.Data.Common.DbDataReader ExecuteDbDataReader(System.Data.CommandBehavior), Línea: 0] - ORA-06550: línea 1, columna 7:
PLS-00201: el identificador 'USERMRV.PKG_MRV_ADMIN_SISTEMA' se debe declarar
ORA-06550: línea 1, columna 7:
PL/SQL: Statement ignored
28/01/2020 12:17:35 a.m.: [Método: System.Data.IDataReader System.Data.IDbCommand.ExecuteReader(System.Data.CommandBehavior), Línea: 0] - ORA-06550: línea 1, columna 7:
PLS-00201: el identificador 'USERMRV.PKG_MRV_ADMIN_SISTEMA' se debe declarar
ORA-06550: línea 1, columna 7:
PL/SQL: Statement ignored
28/01/2020 12:17:35 a.m.: [Método: System.Data.IDataReader ExecuteReaderWithFlagsFallback(System.Data.IDbCommand, Boolean, System.Data.CommandBehavior), Línea: 0] - ORA-06550: línea 1, columna 7:
PLS-00201: el identificador 'USERMRV.PKG_MRV_ADMIN_SISTEMA' se debe declarar
ORA-06550: línea 1, columna 7:
PL/SQL: Statement ignored
28/01/2020 12:17:35 a.m.: [Método: Boolean MoveNext(), Línea: 0] - ORA-06550: línea 1, columna 7:
PLS-00201: el identificador 'USERMRV.PKG_MRV_ADMIN_SISTEMA' se debe declarar
ORA-06550: línea 1, columna 7:
PL/SQL: Statement ignored
28/01/2020 12:17:35 a.m.: [Método: Void .ctor(System.Collections.Generic.IEnumerable`1[T]), Línea: 0] - ORA-06550: línea 1, columna 7:
PLS-00201: el identificador 'USERMRV.PKG_MRV_ADMIN_SISTEMA' se debe declarar
ORA-06550: línea 1, columna 7:
PL/SQL: Statement ignored
28/01/2020 12:17:35 a.m.: [Método: System.Collections.Generic.List`1[TSource] ToList[TSource](System.Collections.Generic.IEnumerable`1[TSource]), Línea: 0] - ORA-06550: línea 1, columna 7:
PLS-00201: el identificador 'USERMRV.PKG_MRV_ADMIN_SISTEMA' se debe declarar
ORA-06550: línea 1, columna 7:
PL/SQL: Statement ignored
28/01/2020 12:17:35 a.m.: [Método: System.Collections.Generic.IEnumerable`1[T] Query[T](System.Data.IDbConnection, System.String, System.Object, System.Data.IDbTransaction, Boolean, System.Nullable`1[System.Int32], System.Nullable`1[System.Data.CommandType]), Línea: 0] - ORA-06550: línea 1, columna 7:
PLS-00201: el identificador 'USERMRV.PKG_MRV_ADMIN_SISTEMA' se debe declarar
ORA-06550: línea 1, columna 7:
PL/SQL: Statement ignored
28/01/2020 12:17:35 a.m.: [Método: System.Collections.Generic.List`1[entidad.minem.gob.pe.SectorInstitucionBE] ListaSectorInstitucion(entidad.minem.gob.pe.SectorInstitucionBE), Línea: 31] - ORA-06550: línea 1, columna 7:
PLS-00201: el identificador 'USERMRV.PKG_MRV_ADMIN_SISTEMA' se debe declarar
ORA-06550: línea 1, columna 7:
PL/SQL: Statement ignored
28/01/2020 12:18:41 a.m.: [Método: Void HandleErrorHelper(Int32, Oracle.DataAccess.Client.OracleConnection, IntPtr, Oracle.DataAccess.Client.OpoSqlValCtx*, System.Object, System.String, Boolean, Int32, Oracle.DataAccess.Client.OracleLogicalTransaction), Línea: 0] - ORA-06550: línea 1, columna 7:
PLS-00201: el identificador 'USERMRV.PKG_MRV_ADMIN_SISTEMA' se debe declarar
ORA-06550: línea 1, columna 7:
PL/SQL: Statement ignored
28/01/2020 12:18:41 a.m.: [Método: Void HandleError(Int32, Oracle.DataAccess.Client.OracleConnection, System.String, IntPtr, Oracle.DataAccess.Client.OpoSqlValCtx*, System.Object, Boolean, Oracle.DataAccess.Client.OracleLogicalTransaction), Línea: 0] - ORA-06550: línea 1, columna 7:
PLS-00201: el identificador 'USERMRV.PKG_MRV_ADMIN_SISTEMA' se debe declarar
ORA-06550: línea 1, columna 7:
PL/SQL: Statement ignored
28/01/2020 12:18:41 a.m.: [Método: Oracle.DataAccess.Client.OracleDataReader ExecuteReader(Boolean, Boolean, System.Data.CommandBehavior), Línea: 0] - ORA-06550: línea 1, columna 7:
PLS-00201: el identificador 'USERMRV.PKG_MRV_ADMIN_SISTEMA' se debe declarar
ORA-06550: línea 1, columna 7:
PL/SQL: Statement ignored
28/01/2020 12:18:41 a.m.: [Método: System.Data.Common.DbDataReader ExecuteDbDataReader(System.Data.CommandBehavior), Línea: 0] - ORA-06550: línea 1, columna 7:
PLS-00201: el identificador 'USERMRV.PKG_MRV_ADMIN_SISTEMA' se debe declarar
ORA-06550: línea 1, columna 7:
PL/SQL: Statement ignored
28/01/2020 12:18:41 a.m.: [Método: System.Data.IDataReader System.Data.IDbCommand.ExecuteReader(System.Data.CommandBehavior), Línea: 0] - ORA-06550: línea 1, columna 7:
PLS-00201: el identificador 'USERMRV.PKG_MRV_ADMIN_SISTEMA' se debe declarar
ORA-06550: línea 1, columna 7:
PL/SQL: Statement ignored
28/01/2020 12:18:41 a.m.: [Método: System.Data.IDataReader ExecuteReaderWithFlagsFallback(System.Data.IDbCommand, Boolean, System.Data.CommandBehavior), Línea: 0] - ORA-06550: línea 1, columna 7:
PLS-00201: el identificador 'USERMRV.PKG_MRV_ADMIN_SISTEMA' se debe declarar
ORA-06550: línea 1, columna 7:
PL/SQL: Statement ignored
28/01/2020 12:18:41 a.m.: [Método: Boolean MoveNext(), Línea: 0] - ORA-06550: línea 1, columna 7:
PLS-00201: el identificador 'USERMRV.PKG_MRV_ADMIN_SISTEMA' se debe declarar
ORA-06550: línea 1, columna 7:
PL/SQL: Statement ignored
28/01/2020 12:18:41 a.m.: [Método: Void .ctor(System.Collections.Generic.IEnumerable`1[T]), Línea: 0] - ORA-06550: línea 1, columna 7:
PLS-00201: el identificador 'USERMRV.PKG_MRV_ADMIN_SISTEMA' se debe declarar
ORA-06550: línea 1, columna 7:
PL/SQL: Statement ignored
28/01/2020 12:18:41 a.m.: [Método: System.Collections.Generic.List`1[TSource] ToList[TSource](System.Collections.Generic.IEnumerable`1[TSource]), Línea: 0] - ORA-06550: línea 1, columna 7:
PLS-00201: el identificador 'USERMRV.PKG_MRV_ADMIN_SISTEMA' se debe declarar
ORA-06550: línea 1, columna 7:
PL/SQL: Statement ignored
28/01/2020 12:18:41 a.m.: [Método: System.Collections.Generic.IEnumerable`1[T] Query[T](System.Data.IDbConnection, System.String, System.Object, System.Data.IDbTransaction, Boolean, System.Nullable`1[System.Int32], System.Nullable`1[System.Data.CommandType]), Línea: 0] - ORA-06550: línea 1, columna 7:
PLS-00201: el identificador 'USERMRV.PKG_MRV_ADMIN_SISTEMA' se debe declarar
ORA-06550: línea 1, columna 7:
PL/SQL: Statement ignored
28/01/2020 12:18:41 a.m.: [Método: System.Collections.Generic.List`1[entidad.minem.gob.pe.SectorInstitucionBE] ListaSectorInstitucion(entidad.minem.gob.pe.SectorInstitucionBE), Línea: 31] - ORA-06550: línea 1, columna 7:
PLS-00201: el identificador 'USERMRV.PKG_MRV_ADMIN_SISTEMA' se debe declarar
ORA-06550: línea 1, columna 7:
PL/SQL: Statement ignored
28/01/2020 12:22:01 a.m.: [Método: Void HandleErrorHelper(Int32, Oracle.DataAccess.Client.OracleConnection, IntPtr, Oracle.DataAccess.Client.OpoSqlValCtx*, System.Object, System.String, Boolean, Int32, Oracle.DataAccess.Client.OracleLogicalTransaction), Línea: 0] - ORA-06550: línea 1, columna 7:
PLS-00201: el identificador 'USERMRV.PKG_MRV_ADMIN_SISTEMA' se debe declarar
ORA-06550: línea 1, columna 7:
PL/SQL: Statement ignored
28/01/2020 12:22:01 a.m.: [Método: Void HandleError(Int32, Oracle.DataAccess.Client.OracleConnection, System.String, IntPtr, Oracle.DataAccess.Client.OpoSqlValCtx*, System.Object, Boolean, Oracle.DataAccess.Client.OracleLogicalTransaction), Línea: 0] - ORA-06550: línea 1, columna 7:
PLS-00201: el identificador 'USERMRV.PKG_MRV_ADMIN_SISTEMA' se debe declarar
ORA-06550: línea 1, columna 7:
PL/SQL: Statement ignored
28/01/2020 12:22:01 a.m.: [Método: Oracle.DataAccess.Client.OracleDataReader ExecuteReader(Boolean, Boolean, System.Data.CommandBehavior), Línea: 0] - ORA-06550: línea 1, columna 7:
PLS-00201: el identificador 'USERMRV.PKG_MRV_ADMIN_SISTEMA' se debe declarar
ORA-06550: línea 1, columna 7:
PL/SQL: Statement ignored
28/01/2020 12:22:01 a.m.: [Método: System.Data.Common.DbDataReader ExecuteDbDataReader(System.Data.CommandBehavior), Línea: 0] - ORA-06550: línea 1, columna 7:
PLS-00201: el identificador 'USERMRV.PKG_MRV_ADMIN_SISTEMA' se debe declarar
ORA-06550: línea 1, columna 7:
PL/SQL: Statement ignored
28/01/2020 12:22:01 a.m.: [Método: System.Data.IDataReader System.Data.IDbCommand.ExecuteReader(System.Data.CommandBehavior), Línea: 0] - ORA-06550: línea 1, columna 7:
PLS-00201: el identificador 'USERMRV.PKG_MRV_ADMIN_SISTEMA' se debe declarar
ORA-06550: línea 1, columna 7:
PL/SQL: Statement ignored
28/01/2020 12:22:01 a.m.: [Método: System.Data.IDataReader ExecuteReaderWithFlagsFallback(System.Data.IDbCommand, Boolean, System.Data.CommandBehavior), Línea: 0] - ORA-06550: línea 1, columna 7:
PLS-00201: el identificador 'USERMRV.PKG_MRV_ADMIN_SISTEMA' se debe declarar
ORA-06550: línea 1, columna 7:
PL/SQL: Statement ignored
28/01/2020 12:22:01 a.m.: [Método: Boolean MoveNext(), Línea: 0] - ORA-06550: línea 1, columna 7:
PLS-00201: el identificador 'USERMRV.PKG_MRV_ADMIN_SISTEMA' se debe declarar
ORA-06550: línea 1, columna 7:
PL/SQL: Statement ignored
28/01/2020 12:22:01 a.m.: [Método: Void .ctor(System.Collections.Generic.IEnumerable`1[T]), Línea: 0] - ORA-06550: línea 1, columna 7:
PLS-00201: el identificador 'USERMRV.PKG_MRV_ADMIN_SISTEMA' se debe declarar
ORA-06550: línea 1, columna 7:
PL/SQL: Statement ignored
28/01/2020 12:22:01 a.m.: [Método: System.Collections.Generic.List`1[TSource] ToList[TSource](System.Collections.Generic.IEnumerable`1[TSource]), Línea: 0] - ORA-06550: línea 1, columna 7:
PLS-00201: el identificador 'USERMRV.PKG_MRV_ADMIN_SISTEMA' se debe declarar
ORA-06550: línea 1, columna 7:
PL/SQL: Statement ignored
28/01/2020 12:22:01 a.m.: [Método: System.Collections.Generic.IEnumerable`1[T] Query[T](System.Data.IDbConnection, System.String, System.Object, System.Data.IDbTransaction, Boolean, System.Nullable`1[System.Int32], System.Nullable`1[System.Data.CommandType]), Línea: 0] - ORA-06550: línea 1, columna 7:
PLS-00201: el identificador 'USERMRV.PKG_MRV_ADMIN_SISTEMA' se debe declarar
ORA-06550: línea 1, columna 7:
PL/SQL: Statement ignored
28/01/2020 12:22:01 a.m.: [Método: System.Collections.Generic.List`1[entidad.minem.gob.pe.SectorInstitucionBE] ListaSectorInstitucion(entidad.minem.gob.pe.SectorInstitucionBE), Línea: 31] - ORA-06550: línea 1, columna 7:
PLS-00201: el identificador 'USERMRV.PKG_MRV_ADMIN_SISTEMA' se debe declarar
ORA-06550: línea 1, columna 7:
PL/SQL: Statement ignored
28/01/2020 12:22:46 a.m.: [Método: Void HandleErrorHelper(Int32, Oracle.DataAccess.Client.OracleConnection, IntPtr, Oracle.DataAccess.Client.OpoSqlValCtx*, System.Object, System.String, Boolean, Int32, Oracle.DataAccess.Client.OracleLogicalTransaction), Línea: 0] - ORA-06550: línea 1, columna 7:
PLS-00201: el identificador 'USERMRV.PKG_MRV_ADMIN_SISTEMA' se debe declarar
ORA-06550: línea 1, columna 7:
PL/SQL: Statement ignored
28/01/2020 12:22:46 a.m.: [Método: Void HandleError(Int32, Oracle.DataAccess.Client.OracleConnection, System.String, IntPtr, Oracle.DataAccess.Client.OpoSqlValCtx*, System.Object, Boolean, Oracle.DataAccess.Client.OracleLogicalTransaction), Línea: 0] - ORA-06550: línea 1, columna 7:
PLS-00201: el identificador 'USERMRV.PKG_MRV_ADMIN_SISTEMA' se debe declarar
ORA-06550: línea 1, columna 7:
PL/SQL: Statement ignored
28/01/2020 12:22:46 a.m.: [Método: Oracle.DataAccess.Client.OracleDataReader ExecuteReader(Boolean, Boolean, System.Data.CommandBehavior), Línea: 0] - ORA-06550: línea 1, columna 7:
PLS-00201: el identificador 'USERMRV.PKG_MRV_ADMIN_SISTEMA' se debe declarar
ORA-06550: línea 1, columna 7:
PL/SQL: Statement ignored
28/01/2020 12:22:46 a.m.: [Método: System.Data.Common.DbDataReader ExecuteDbDataReader(System.Data.CommandBehavior), Línea: 0] - ORA-06550: línea 1, columna 7:
PLS-00201: el identificador 'USERMRV.PKG_MRV_ADMIN_SISTEMA' se debe declarar
ORA-06550: línea 1, columna 7:
PL/SQL: Statement ignored
28/01/2020 12:22:46 a.m.: [Método: System.Data.IDataReader System.Data.IDbCommand.ExecuteReader(System.Data.CommandBehavior), Línea: 0] - ORA-06550: línea 1, columna 7:
PLS-00201: el identificador 'USERMRV.PKG_MRV_ADMIN_SISTEMA' se debe declarar
ORA-06550: línea 1, columna 7:
PL/SQL: Statement ignored
28/01/2020 12:22:46 a.m.: [Método: System.Data.IDataReader ExecuteReaderWithFlagsFallback(System.Data.IDbCommand, Boolean, System.Data.CommandBehavior), Línea: 0] - ORA-06550: línea 1, columna 7:
PLS-00201: el identificador 'USERMRV.PKG_MRV_ADMIN_SISTEMA' se debe declarar
ORA-06550: línea 1, columna 7:
PL/SQL: Statement ignored
28/01/2020 12:22:46 a.m.: [Método: Boolean MoveNext(), Línea: 0] - ORA-06550: línea 1, columna 7:
PLS-00201: el identificador 'USERMRV.PKG_MRV_ADMIN_SISTEMA' se debe declarar
ORA-06550: línea 1, columna 7:
PL/SQL: Statement ignored
28/01/2020 12:22:46 a.m.: [Método: Void .ctor(System.Collections.Generic.IEnumerable`1[T]), Línea: 0] - ORA-06550: línea 1, columna 7:
PLS-00201: el identificador 'USERMRV.PKG_MRV_ADMIN_SISTEMA' se debe declarar
ORA-06550: línea 1, columna 7:
PL/SQL: Statement ignored
28/01/2020 12:22:46 a.m.: [Método: System.Collections.Generic.List`1[TSource] ToList[TSource](System.Collections.Generic.IEnumerable`1[TSource]), Línea: 0] - ORA-06550: línea 1, columna 7:
PLS-00201: el identificador 'USERMRV.PKG_MRV_ADMIN_SISTEMA' se debe declarar
ORA-06550: línea 1, columna 7:
PL/SQL: Statement ignored
28/01/2020 12:22:46 a.m.: [Método: System.Collections.Generic.IEnumerable`1[T] Query[T](System.Data.IDbConnection, System.String, System.Object, System.Data.IDbTransaction, Boolean, System.Nullable`1[System.Int32], System.Nullable`1[System.Data.CommandType]), Línea: 0] - ORA-06550: línea 1, columna 7:
PLS-00201: el identificador 'USERMRV.PKG_MRV_ADMIN_SISTEMA' se debe declarar
ORA-06550: línea 1, columna 7:
PL/SQL: Statement ignored
28/01/2020 12:22:46 a.m.: [Método: System.Collections.Generic.List`1[entidad.minem.gob.pe.SectorInstitucionBE] ListaSectorInstitucion(entidad.minem.gob.pe.SectorInstitucionBE), Línea: 31] - ORA-06550: línea 1, columna 7:
PLS-00201: el identificador 'USERMRV.PKG_MRV_ADMIN_SISTEMA' se debe declarar
ORA-06550: línea 1, columna 7:
PL/SQL: Statement ignored
28/01/2020 12:23:24 a.m.: [Método: Void HandleErrorHelper(Int32, Oracle.DataAccess.Client.OracleConnection, IntPtr, Oracle.DataAccess.Client.OpoSqlValCtx*, System.Object, System.String, Boolean, Int32, Oracle.DataAccess.Client.OracleLogicalTransaction), Línea: 0] - ORA-06550: línea 1, columna 7:
PLS-00201: el identificador 'USERMRV.PKG_MRV_ADMIN_SISTEMA' se debe declarar
ORA-06550: línea 1, columna 7:
PL/SQL: Statement ignored
28/01/2020 12:23:24 a.m.: [Método: Void HandleError(Int32, Oracle.DataAccess.Client.OracleConnection, System.String, IntPtr, Oracle.DataAccess.Client.OpoSqlValCtx*, System.Object, Boolean, Oracle.DataAccess.Client.OracleLogicalTransaction), Línea: 0] - ORA-06550: línea 1, columna 7:
PLS-00201: el identificador 'USERMRV.PKG_MRV_ADMIN_SISTEMA' se debe declarar
ORA-06550: línea 1, columna 7:
PL/SQL: Statement ignored
28/01/2020 12:23:24 a.m.: [Método: Oracle.DataAccess.Client.OracleDataReader ExecuteReader(Boolean, Boolean, System.Data.CommandBehavior), Línea: 0] - ORA-06550: línea 1, columna 7:
PLS-00201: el identificador 'USERMRV.PKG_MRV_ADMIN_SISTEMA' se debe declarar
ORA-06550: línea 1, columna 7:
PL/SQL: Statement ignored
28/01/2020 12:23:24 a.m.: [Método: System.Data.Common.DbDataReader ExecuteDbDataReader(System.Data.CommandBehavior), Línea: 0] - ORA-06550: línea 1, columna 7:
PLS-00201: el identificador 'USERMRV.PKG_MRV_ADMIN_SISTEMA' se debe declarar
ORA-06550: línea 1, columna 7:
PL/SQL: Statement ignored
28/01/2020 12:23:24 a.m.: [Método: System.Data.IDataReader System.Data.IDbCommand.ExecuteReader(System.Data.CommandBehavior), Línea: 0] - ORA-06550: línea 1, columna 7:
PLS-00201: el identificador 'USERMRV.PKG_MRV_ADMIN_SISTEMA' se debe declarar
ORA-06550: línea 1, columna 7:
PL/SQL: Statement ignored
28/01/2020 12:23:24 a.m.: [Método: System.Data.IDataReader ExecuteReaderWithFlagsFallback(System.Data.IDbCommand, Boolean, System.Data.CommandBehavior), Línea: 0] - ORA-06550: línea 1, columna 7:
PLS-00201: el identificador 'USERMRV.PKG_MRV_ADMIN_SISTEMA' se debe declarar
ORA-06550: línea 1, columna 7:
PL/SQL: Statement ignored
28/01/2020 12:23:24 a.m.: [Método: Boolean MoveNext(), Línea: 0] - ORA-06550: línea 1, columna 7:
PLS-00201: el identificador 'USERMRV.PKG_MRV_ADMIN_SISTEMA' se debe declarar
ORA-06550: línea 1, columna 7:
PL/SQL: Statement ignored
28/01/2020 12:23:24 a.m.: [Método: Void .ctor(System.Collections.Generic.IEnumerable`1[T]), Línea: 0] - ORA-06550: línea 1, columna 7:
PLS-00201: el identificador 'USERMRV.PKG_MRV_ADMIN_SISTEMA' se debe declarar
ORA-06550: línea 1, columna 7:
PL/SQL: Statement ignored
28/01/2020 12:23:24 a.m.: [Método: System.Collections.Generic.List`1[TSource] ToList[TSource](System.Collections.Generic.IEnumerable`1[TSource]), Línea: 0] - ORA-06550: línea 1, columna 7:
PLS-00201: el identificador 'USERMRV.PKG_MRV_ADMIN_SISTEMA' se debe declarar
ORA-06550: línea 1, columna 7:
PL/SQL: Statement ignored
28/01/2020 12:23:24 a.m.: [Método: System.Collections.Generic.IEnumerable`1[T] Query[T](System.Data.IDbConnection, System.String, System.Object, System.Data.IDbTransaction, Boolean, System.Nullable`1[System.Int32], System.Nullable`1[System.Data.CommandType]), Línea: 0] - ORA-06550: línea 1, columna 7:
PLS-00201: el identificador 'USERMRV.PKG_MRV_ADMIN_SISTEMA' se debe declarar
ORA-06550: línea 1, columna 7:
PL/SQL: Statement ignored
28/01/2020 12:23:24 a.m.: [Método: System.Collections.Generic.List`1[entidad.minem.gob.pe.SectorInstitucionBE] ListaSectorInstitucion(entidad.minem.gob.pe.SectorInstitucionBE), Línea: 31] - ORA-06550: línea 1, columna 7:
PLS-00201: el identificador 'USERMRV.PKG_MRV_ADMIN_SISTEMA' se debe declarar
ORA-06550: línea 1, columna 7:
PL/SQL: Statement ignored
28/01/2020 12:24:10 a.m.: [Método: Void HandleErrorHelper(Int32, Oracle.DataAccess.Client.OracleConnection, IntPtr, Oracle.DataAccess.Client.OpoSqlValCtx*, System.Object, System.String, Boolean, Int32, Oracle.DataAccess.Client.OracleLogicalTransaction), Línea: 0] - ORA-06550: línea 1, columna 7:
PLS-00201: el identificador 'USERMRV.PKG_MRV_ADMIN_SISTEMA' se debe declarar
ORA-06550: línea 1, columna 7:
PL/SQL: Statement ignored
28/01/2020 12:24:10 a.m.: [Método: Void HandleError(Int32, Oracle.DataAccess.Client.OracleConnection, System.String, IntPtr, Oracle.DataAccess.Client.OpoSqlValCtx*, System.Object, Boolean, Oracle.DataAccess.Client.OracleLogicalTransaction), Línea: 0] - ORA-06550: línea 1, columna 7:
PLS-00201: el identificador 'USERMRV.PKG_MRV_ADMIN_SISTEMA' se debe declarar
ORA-06550: línea 1, columna 7:
PL/SQL: Statement ignored
28/01/2020 12:24:10 a.m.: [Método: Oracle.DataAccess.Client.OracleDataReader ExecuteReader(Boolean, Boolean, System.Data.CommandBehavior), Línea: 0] - ORA-06550: línea 1, columna 7:
PLS-00201: el identificador 'USERMRV.PKG_MRV_ADMIN_SISTEMA' se debe declarar
ORA-06550: línea 1, columna 7:
PL/SQL: Statement ignored
28/01/2020 12:24:10 a.m.: [Método: System.Data.Common.DbDataReader ExecuteDbDataReader(System.Data.CommandBehavior), Línea: 0] - ORA-06550: línea 1, columna 7:
PLS-00201: el identificador 'USERMRV.PKG_MRV_ADMIN_SISTEMA' se debe declarar
ORA-06550: línea 1, columna 7:
PL/SQL: Statement ignored
28/01/2020 12:24:10 a.m.: [Método: System.Data.IDataReader System.Data.IDbCommand.ExecuteReader(System.Data.CommandBehavior), Línea: 0] - ORA-06550: línea 1, columna 7:
PLS-00201: el identificador 'USERMRV.PKG_MRV_ADMIN_SISTEMA' se debe declarar
ORA-06550: línea 1, columna 7:
PL/SQL: Statement ignored
28/01/2020 12:24:10 a.m.: [Método: System.Data.IDataReader ExecuteReaderWithFlagsFallback(System.Data.IDbCommand, Boolean, System.Data.CommandBehavior), Línea: 0] - ORA-06550: línea 1, columna 7:
PLS-00201: el identificador 'USERMRV.PKG_MRV_ADMIN_SISTEMA' se debe declarar
ORA-06550: línea 1, columna 7:
PL/SQL: Statement ignored
28/01/2020 12:24:10 a.m.: [Método: Boolean MoveNext(), Línea: 0] - ORA-06550: línea 1, columna 7:
PLS-00201: el identificador 'USERMRV.PKG_MRV_ADMIN_SISTEMA' se debe declarar
ORA-06550: línea 1, columna 7:
PL/SQL: Statement ignored
28/01/2020 12:24:10 a.m.: [Método: Void .ctor(System.Collections.Generic.IEnumerable`1[T]), Línea: 0] - ORA-06550: línea 1, columna 7:
PLS-00201: el identificador 'USERMRV.PKG_MRV_ADMIN_SISTEMA' se debe declarar
ORA-06550: línea 1, columna 7:
PL/SQL: Statement ignored
28/01/2020 12:24:10 a.m.: [Método: System.Collections.Generic.List`1[TSource] ToList[TSource](System.Collections.Generic.IEnumerable`1[TSource]), Línea: 0] - ORA-06550: línea 1, columna 7:
PLS-00201: el identificador 'USERMRV.PKG_MRV_ADMIN_SISTEMA' se debe declarar
ORA-06550: línea 1, columna 7:
PL/SQL: Statement ignored
28/01/2020 12:24:10 a.m.: [Método: System.Collections.Generic.IEnumerable`1[T] Query[T](System.Data.IDbConnection, System.String, System.Object, System.Data.IDbTransaction, Boolean, System.Nullable`1[System.Int32], System.Nullable`1[System.Data.CommandType]), Línea: 0] - ORA-06550: línea 1, columna 7:
PLS-00201: el identificador 'USERMRV.PKG_MRV_ADMIN_SISTEMA' se debe declarar
ORA-06550: línea 1, columna 7:
PL/SQL: Statement ignored
28/01/2020 12:24:10 a.m.: [Método: System.Collections.Generic.List`1[entidad.minem.gob.pe.SectorInstitucionBE] ListaSectorInstitucion(entidad.minem.gob.pe.SectorInstitucionBE), Línea: 31] - ORA-06550: línea 1, columna 7:
PLS-00201: el identificador 'USERMRV.PKG_MRV_ADMIN_SISTEMA' se debe declarar
ORA-06550: línea 1, columna 7:
PL/SQL: Statement ignored
28/01/2020 12:27:50 a.m.: [Método: Void HandleErrorHelper(Int32, Oracle.DataAccess.Client.OracleConnection, IntPtr, Oracle.DataAccess.Client.OpoSqlValCtx*, System.Object, System.String, Boolean, Int32, Oracle.DataAccess.Client.OracleLogicalTransaction), Línea: 0] - ORA-06550: línea 1, columna 7:
PLS-00201: el identificador 'USERMRV.PKG_MRV_ADMIN_SISTEMA' se debe declarar
ORA-06550: línea 1, columna 7:
PL/SQL: Statement ignored
28/01/2020 12:27:50 a.m.: [Método: Void HandleError(Int32, Oracle.DataAccess.Client.OracleConnection, System.String, IntPtr, Oracle.DataAccess.Client.OpoSqlValCtx*, System.Object, Boolean, Oracle.DataAccess.Client.OracleLogicalTransaction), Línea: 0] - ORA-06550: línea 1, columna 7:
PLS-00201: el identificador 'USERMRV.PKG_MRV_ADMIN_SISTEMA' se debe declarar
ORA-06550: línea 1, columna 7:
PL/SQL: Statement ignored
28/01/2020 12:27:50 a.m.: [Método: Oracle.DataAccess.Client.OracleDataReader ExecuteReader(Boolean, Boolean, System.Data.CommandBehavior), Línea: 0] - ORA-06550: línea 1, columna 7:
PLS-00201: el identificador 'USERMRV.PKG_MRV_ADMIN_SISTEMA' se debe declarar
ORA-06550: línea 1, columna 7:
PL/SQL: Statement ignored
28/01/2020 12:27:50 a.m.: [Método: System.Data.Common.DbDataReader ExecuteDbDataReader(System.Data.CommandBehavior), Línea: 0] - ORA-06550: línea 1, columna 7:
PLS-00201: el identificador 'USERMRV.PKG_MRV_ADMIN_SISTEMA' se debe declarar
ORA-06550: línea 1, columna 7:
PL/SQL: Statement ignored
28/01/2020 12:27:50 a.m.: [Método: System.Data.IDataReader System.Data.IDbCommand.ExecuteReader(System.Data.CommandBehavior), Línea: 0] - ORA-06550: línea 1, columna 7:
PLS-00201: el identificador 'USERMRV.PKG_MRV_ADMIN_SISTEMA' se debe declarar
ORA-06550: línea 1, columna 7:
PL/SQL: Statement ignored
28/01/2020 12:27:50 a.m.: [Método: System.Data.IDataReader ExecuteReaderWithFlagsFallback(System.Data.IDbCommand, Boolean, System.Data.CommandBehavior), Línea: 0] - ORA-06550: línea 1, columna 7:
PLS-00201: el identificador 'USERMRV.PKG_MRV_ADMIN_SISTEMA' se debe declarar
ORA-06550: línea 1, columna 7:
PL/SQL: Statement ignored
28/01/2020 12:27:50 a.m.: [Método: Boolean MoveNext(), Línea: 0] - ORA-06550: línea 1, columna 7:
PLS-00201: el identificador 'USERMRV.PKG_MRV_ADMIN_SISTEMA' se debe declarar
ORA-06550: línea 1, columna 7:
PL/SQL: Statement ignored
28/01/2020 12:27:50 a.m.: [Método: Void .ctor(System.Collections.Generic.IEnumerable`1[T]), Línea: 0] - ORA-06550: línea 1, columna 7:
PLS-00201: el identificador 'USERMRV.PKG_MRV_ADMIN_SISTEMA' se debe declarar
ORA-06550: línea 1, columna 7:
PL/SQL: Statement ignored
28/01/2020 12:27:50 a.m.: [Método: System.Collections.Generic.List`1[TSource] ToList[TSource](System.Collections.Generic.IEnumerable`1[TSource]), Línea: 0] - ORA-06550: línea 1, columna 7:
PLS-00201: el identificador 'USERMRV.PKG_MRV_ADMIN_SISTEMA' se debe declarar
ORA-06550: línea 1, columna 7:
PL/SQL: Statement ignored
28/01/2020 12:27:50 a.m.: [Método: System.Collections.Generic.IEnumerable`1[T] Query[T](System.Data.IDbConnection, System.String, System.Object, System.Data.IDbTransaction, Boolean, System.Nullable`1[System.Int32], System.Nullable`1[System.Data.CommandType]), Línea: 0] - ORA-06550: línea 1, columna 7:
PLS-00201: el identificador 'USERMRV.PKG_MRV_ADMIN_SISTEMA' se debe declarar
ORA-06550: línea 1, columna 7:
PL/SQL: Statement ignored
28/01/2020 12:27:50 a.m.: [Método: System.Collections.Generic.List`1[entidad.minem.gob.pe.SectorInstitucionBE] ListaSectorInstitucion(entidad.minem.gob.pe.SectorInstitucionBE), Línea: 31] - ORA-06550: línea 1, columna 7:
PLS-00201: el identificador 'USERMRV.PKG_MRV_ADMIN_SISTEMA' se debe declarar
ORA-06550: línea 1, columna 7:
PL/SQL: Statement ignored
28/01/2020 09:49:15 a.m.: [Método: Void HandleErrorHelper(Int32, Oracle.DataAccess.Client.OracleConnection, IntPtr, Oracle.DataAccess.Client.OpoSqlValCtx*, System.Object, System.String, Boolean, Int32, Oracle.DataAccess.Client.OracleLogicalTransaction), Línea: 0] - ORA-06550: line 1, column 35:
PLS-00302: component 'USP_SEL_INICIATIVA_SUSTENTO' must be declared
ORA-06550: line 1, column 7:
PL/SQL: Statement ignored
28/01/2020 09:49:15 a.m.: [Método: Void HandleError(Int32, Oracle.DataAccess.Client.OracleConnection, System.String, IntPtr, Oracle.DataAccess.Client.OpoSqlValCtx*, System.Object, Boolean, Oracle.DataAccess.Client.OracleLogicalTransaction), Línea: 0] - ORA-06550: line 1, column 35:
PLS-00302: component 'USP_SEL_INICIATIVA_SUSTENTO' must be declared
ORA-06550: line 1, column 7:
PL/SQL: Statement ignored
28/01/2020 09:49:15 a.m.: [Método: Oracle.DataAccess.Client.OracleDataReader ExecuteReader(Boolean, Boolean, System.Data.CommandBehavior), Línea: 0] - ORA-06550: line 1, column 35:
PLS-00302: component 'USP_SEL_INICIATIVA_SUSTENTO' must be declared
ORA-06550: line 1, column 7:
PL/SQL: Statement ignored
28/01/2020 09:49:15 a.m.: [Método: System.Data.Common.DbDataReader ExecuteDbDataReader(System.Data.CommandBehavior), Línea: 0] - ORA-06550: line 1, column 35:
PLS-00302: component 'USP_SEL_INICIATIVA_SUSTENTO' must be declared
ORA-06550: line 1, column 7:
PL/SQL: Statement ignored
28/01/2020 09:49:15 a.m.: [Método: System.Data.IDataReader System.Data.IDbCommand.ExecuteReader(System.Data.CommandBehavior), Línea: 0] - ORA-06550: line 1, column 35:
PLS-00302: component 'USP_SEL_INICIATIVA_SUSTENTO' must be declared
ORA-06550: line 1, column 7:
PL/SQL: Statement ignored
28/01/2020 09:49:15 a.m.: [Método: System.Data.IDataReader ExecuteReaderWithFlagsFallback(System.Data.IDbCommand, Boolean, System.Data.CommandBehavior), Línea: 0] - ORA-06550: line 1, column 35:
PLS-00302: component 'USP_SEL_INICIATIVA_SUSTENTO' must be declared
ORA-06550: line 1, column 7:
PL/SQL: Statement ignored
28/01/2020 09:49:15 a.m.: [Método: Boolean MoveNext(), Línea: 0] - ORA-06550: line 1, column 35:
PLS-00302: component 'USP_SEL_INICIATIVA_SUSTENTO' must be declared
ORA-06550: line 1, column 7:
PL/SQL: Statement ignored
28/01/2020 09:49:15 a.m.: [Método: Void .ctor(System.Collections.Generic.IEnumerable`1[T]), Línea: 0] - ORA-06550: line 1, column 35:
PLS-00302: component 'USP_SEL_INICIATIVA_SUSTENTO' must be declared
ORA-06550: line 1, column 7:
PL/SQL: Statement ignored
28/01/2020 09:49:15 a.m.: [Método: System.Collections.Generic.List`1[TSource] ToList[TSource](System.Collections.Generic.IEnumerable`1[TSource]), Línea: 0] - ORA-06550: line 1, column 35:
PLS-00302: component 'USP_SEL_INICIATIVA_SUSTENTO' must be declared
ORA-06550: line 1, column 7:
PL/SQL: Statement ignored
28/01/2020 09:49:15 a.m.: [Método: System.Collections.Generic.IEnumerable`1[T] Query[T](System.Data.IDbConnection, System.String, System.Object, System.Data.IDbTransaction, Boolean, System.Nullable`1[System.Int32], System.Nullable`1[System.Data.CommandType]), Línea: 0] - ORA-06550: line 1, column 35:
PLS-00302: component 'USP_SEL_INICIATIVA_SUSTENTO' must be declared
ORA-06550: line 1, column 7:
PL/SQL: Statement ignored
28/01/2020 09:49:15 a.m.: [Método: System.Collections.Generic.List`1[entidad.minem.gob.pe.SustentoIniciativaBE] ListaSustentoIniciativa(entidad.minem.gob.pe.SustentoIniciativaBE), Línea: 492] - ORA-06550: line 1, column 35:
PLS-00302: component 'USP_SEL_INICIATIVA_SUSTENTO' must be declared
ORA-06550: line 1, column 7:
PL/SQL: Statement ignored
28/01/2020 09:50:03 a.m.: [Método: Void HandleErrorHelper(Int32, Oracle.DataAccess.Client.OracleConnection, IntPtr, Oracle.DataAccess.Client.OpoSqlValCtx*, System.Object, System.String, Boolean, Int32, Oracle.DataAccess.Client.OracleLogicalTransaction), Línea: 0] - ORA-06550: line 1, column 35:
PLS-00302: component 'USP_SEL_INICIATIVA_SUSTENTO' must be declared
ORA-06550: line 1, column 7:
PL/SQL: Statement ignored
28/01/2020 09:50:03 a.m.: [Método: Void HandleError(Int32, Oracle.DataAccess.Client.OracleConnection, System.String, IntPtr, Oracle.DataAccess.Client.OpoSqlValCtx*, System.Object, Boolean, Oracle.DataAccess.Client.OracleLogicalTransaction), Línea: 0] - ORA-06550: line 1, column 35:
PLS-00302: component 'USP_SEL_INICIATIVA_SUSTENTO' must be declared
ORA-06550: line 1, column 7:
PL/SQL: Statement ignored
28/01/2020 09:50:03 a.m.: [Método: Oracle.DataAccess.Client.OracleDataReader ExecuteReader(Boolean, Boolean, System.Data.CommandBehavior), Línea: 0] - ORA-06550: line 1, column 35:
PLS-00302: component 'USP_SEL_INICIATIVA_SUSTENTO' must be declared
ORA-06550: line 1, column 7:
PL/SQL: Statement ignored
28/01/2020 09:50:03 a.m.: [Método: System.Data.Common.DbDataReader ExecuteDbDataReader(System.Data.CommandBehavior), Línea: 0] - ORA-06550: line 1, column 35:
PLS-00302: component 'USP_SEL_INICIATIVA_SUSTENTO' must be declared
ORA-06550: line 1, column 7:
PL/SQL: Statement ignored
28/01/2020 09:50:03 a.m.: [Método: System.Data.IDataReader System.Data.IDbCommand.ExecuteReader(System.Data.CommandBehavior), Línea: 0] - ORA-06550: line 1, column 35:
PLS-00302: component 'USP_SEL_INICIATIVA_SUSTENTO' must be declared
ORA-06550: line 1, column 7:
PL/SQL: Statement ignored
28/01/2020 09:50:03 a.m.: [Método: System.Data.IDataReader ExecuteReaderWithFlagsFallback(System.Data.IDbCommand, Boolean, System.Data.CommandBehavior), Línea: 0] - ORA-06550: line 1, column 35:
PLS-00302: component 'USP_SEL_INICIATIVA_SUSTENTO' must be declared
ORA-06550: line 1, column 7:
PL/SQL: Statement ignored
28/01/2020 09:50:03 a.m.: [Método: Boolean MoveNext(), Línea: 0] - ORA-06550: line 1, column 35:
PLS-00302: component 'USP_SEL_INICIATIVA_SUSTENTO' must be declared
ORA-06550: line 1, column 7:
PL/SQL: Statement ignored
28/01/2020 09:50:03 a.m.: [Método: Void .ctor(System.Collections.Generic.IEnumerable`1[T]), Línea: 0] - ORA-06550: line 1, column 35:
PLS-00302: component 'USP_SEL_INICIATIVA_SUSTENTO' must be declared
ORA-06550: line 1, column 7:
PL/SQL: Statement ignored
28/01/2020 09:50:03 a.m.: [Método: System.Collections.Generic.List`1[TSource] ToList[TSource](System.Collections.Generic.IEnumerable`1[TSource]), Línea: 0] - ORA-06550: line 1, column 35:
PLS-00302: component 'USP_SEL_INICIATIVA_SUSTENTO' must be declared
ORA-06550: line 1, column 7:
PL/SQL: Statement ignored
28/01/2020 09:50:03 a.m.: [Método: System.Collections.Generic.IEnumerable`1[T] Query[T](System.Data.IDbConnection, System.String, System.Object, System.Data.IDbTransaction, Boolean, System.Nullable`1[System.Int32], System.Nullable`1[System.Data.CommandType]), Línea: 0] - ORA-06550: line 1, column 35:
PLS-00302: component 'USP_SEL_INICIATIVA_SUSTENTO' must be declared
ORA-06550: line 1, column 7:
PL/SQL: Statement ignored
28/01/2020 09:50:03 a.m.: [Método: System.Collections.Generic.List`1[entidad.minem.gob.pe.SustentoIniciativaBE] ListaSustentoIniciativa(entidad.minem.gob.pe.SustentoIniciativaBE), Línea: 492] - ORA-06550: line 1, column 35:
PLS-00302: component 'USP_SEL_INICIATIVA_SUSTENTO' must be declared
ORA-06550: line 1, column 7:
PL/SQL: Statement ignored
28/01/2020 09:50:37 a.m.: [Método: Void HandleErrorHelper(Int32, Oracle.DataAccess.Client.OracleConnection, IntPtr, Oracle.DataAccess.Client.OpoSqlValCtx*, System.Object, System.String, Boolean, Int32, Oracle.DataAccess.Client.OracleLogicalTransaction), Línea: 0] - ORA-06550: line 1, column 35:
PLS-00302: component 'USP_SEL_INICIATIVA_SUSTENTO' must be declared
ORA-06550: line 1, column 7:
PL/SQL: Statement ignored
28/01/2020 09:50:37 a.m.: [Método: Void HandleError(Int32, Oracle.DataAccess.Client.OracleConnection, System.String, IntPtr, Oracle.DataAccess.Client.OpoSqlValCtx*, System.Object, Boolean, Oracle.DataAccess.Client.OracleLogicalTransaction), Línea: 0] - ORA-06550: line 1, column 35:
PLS-00302: component 'USP_SEL_INICIATIVA_SUSTENTO' must be declared
ORA-06550: line 1, column 7:
PL/SQL: Statement ignored
28/01/2020 09:50:37 a.m.: [Método: Oracle.DataAccess.Client.OracleDataReader ExecuteReader(Boolean, Boolean, System.Data.CommandBehavior), Línea: 0] - ORA-06550: line 1, column 35:
PLS-00302: component 'USP_SEL_INICIATIVA_SUSTENTO' must be declared
ORA-06550: line 1, column 7:
PL/SQL: Statement ignored
28/01/2020 09:50:37 a.m.: [Método: System.Data.Common.DbDataReader ExecuteDbDataReader(System.Data.CommandBehavior), Línea: 0] - ORA-06550: line 1, column 35:
PLS-00302: component 'USP_SEL_INICIATIVA_SUSTENTO' must be declared
ORA-06550: line 1, column 7:
PL/SQL: Statement ignored
28/01/2020 09:50:37 a.m.: [Método: System.Data.IDataReader System.Data.IDbCommand.ExecuteReader(System.Data.CommandBehavior), Línea: 0] - ORA-06550: line 1, column 35:
PLS-00302: component 'USP_SEL_INICIATIVA_SUSTENTO' must be declared
ORA-06550: line 1, column 7:
PL/SQL: Statement ignored
28/01/2020 09:50:37 a.m.: [Método: System.Data.IDataReader ExecuteReaderWithFlagsFallback(System.Data.IDbCommand, Boolean, System.Data.CommandBehavior), Línea: 0] - ORA-06550: line 1, column 35:
PLS-00302: component 'USP_SEL_INICIATIVA_SUSTENTO' must be declared
ORA-06550: line 1, column 7:
PL/SQL: Statement ignored
28/01/2020 09:50:37 a.m.: [Método: Boolean MoveNext(), Línea: 0] - ORA-06550: line 1, column 35:
PLS-00302: component 'USP_SEL_INICIATIVA_SUSTENTO' must be declared
ORA-06550: line 1, column 7:
PL/SQL: Statement ignored
28/01/2020 09:50:37 a.m.: [Método: Void .ctor(System.Collections.Generic.IEnumerable`1[T]), Línea: 0] - ORA-06550: line 1, column 35:
PLS-00302: component 'USP_SEL_INICIATIVA_SUSTENTO' must be declared
ORA-06550: line 1, column 7:
PL/SQL: Statement ignored
28/01/2020 09:50:37 a.m.: [Método: System.Collections.Generic.List`1[TSource] ToList[TSource](System.Collections.Generic.IEnumerable`1[TSource]), Línea: 0] - ORA-06550: line 1, column 35:
PLS-00302: component 'USP_SEL_INICIATIVA_SUSTENTO' must be declared
ORA-06550: line 1, column 7:
PL/SQL: Statement ignored
28/01/2020 09:50:37 a.m.: [Método: System.Collections.Generic.IEnumerable`1[T] Query[T](System.Data.IDbConnection, System.String, System.Object, System.Data.IDbTransaction, Boolean, System.Nullable`1[System.Int32], System.Nullable`1[System.Data.CommandType]), Línea: 0] - ORA-06550: line 1, column 35:
PLS-00302: component 'USP_SEL_INICIATIVA_SUSTENTO' must be declared
ORA-06550: line 1, column 7:
PL/SQL: Statement ignored
28/01/2020 09:50:37 a.m.: [Método: System.Collections.Generic.List`1[entidad.minem.gob.pe.SustentoIniciativaBE] ListaSustentoIniciativa(entidad.minem.gob.pe.SustentoIniciativaBE), Línea: 492] - ORA-06550: line 1, column 35:
PLS-00302: component 'USP_SEL_INICIATIVA_SUSTENTO' must be declared
ORA-06550: line 1, column 7:
PL/SQL: Statement ignored
28/01/2020 09:50:52 a.m.: [Método: Void HandleErrorHelper(Int32, Oracle.DataAccess.Client.OracleConnection, IntPtr, Oracle.DataAccess.Client.OpoSqlValCtx*, System.Object, System.String, Boolean, Int32, Oracle.DataAccess.Client.OracleLogicalTransaction), Línea: 0] - ORA-06550: line 1, column 43:
PLS-00302: component 'USP_PRC_CALCULAR_INDICADOR2' must be declared
ORA-06550: line 1, column 7:
PL/SQL: Statement ignored
28/01/2020 09:50:52 a.m.: [Método: Void HandleError(Int32, Oracle.DataAccess.Client.OracleConnection, System.String, IntPtr, Oracle.DataAccess.Client.OpoSqlValCtx*, System.Object, Boolean, Oracle.DataAccess.Client.OracleLogicalTransaction), Línea: 0] - ORA-06550: line 1, column 43:
PLS-00302: component 'USP_PRC_CALCULAR_INDICADOR2' must be declared
ORA-06550: line 1, column 7:
PL/SQL: Statement ignored
28/01/2020 09:50:52 a.m.: [Método: Oracle.DataAccess.Client.OracleDataReader ExecuteReader(Boolean, Boolean, System.Data.CommandBehavior), Línea: 0] - ORA-06550: line 1, column 43:
PLS-00302: component 'USP_PRC_CALCULAR_INDICADOR2' must be declared
ORA-06550: line 1, column 7:
PL/SQL: Statement ignored
28/01/2020 09:50:52 a.m.: [Método: System.Data.Common.DbDataReader ExecuteDbDataReader(System.Data.CommandBehavior), Línea: 0] - ORA-06550: line 1, column 43:
PLS-00302: component 'USP_PRC_CALCULAR_INDICADOR2' must be declared
ORA-06550: line 1, column 7:
PL/SQL: Statement ignored
28/01/2020 09:50:52 a.m.: [Método: System.Data.IDataReader System.Data.IDbCommand.ExecuteReader(System.Data.CommandBehavior), Línea: 0] - ORA-06550: line 1, column 43:
PLS-00302: component 'USP_PRC_CALCULAR_INDICADOR2' must be declared
ORA-06550: line 1, column 7:
PL/SQL: Statement ignored
28/01/2020 09:50:52 a.m.: [Método: System.Data.IDataReader ExecuteReaderWithFlagsFallback(System.Data.IDbCommand, Boolean, System.Data.CommandBehavior), Línea: 0] - ORA-06550: line 1, column 43:
PLS-00302: component 'USP_PRC_CALCULAR_INDICADOR2' must be declared
ORA-06550: line 1, column 7:
PL/SQL: Statement ignored
28/01/2020 09:50:52 a.m.: [Método: Boolean MoveNext(), Línea: 0] - ORA-06550: line 1, column 43:
PLS-00302: component 'USP_PRC_CALCULAR_INDICADOR2' must be declared
ORA-06550: line 1, column 7:
PL/SQL: Statement ignored
28/01/2020 09:50:52 a.m.: [Método: Void .ctor(System.Collections.Generic.IEnumerable`1[T]), Línea: 0] - ORA-06550: line 1, column 43:
PLS-00302: component 'USP_PRC_CALCULAR_INDICADOR2' must be declared
ORA-06550: line 1, column 7:
PL/SQL: Statement ignored
28/01/2020 09:50:52 a.m.: [Método: System.Collections.Generic.List`1[TSource] ToList[TSource](System.Collections.Generic.IEnumerable`1[TSource]), Línea: 0] - ORA-06550: line 1, column 43:
PLS-00302: component 'USP_PRC_CALCULAR_INDICADOR2' must be declared
ORA-06550: line 1, column 7:
PL/SQL: Statement ignored
28/01/2020 09:50:52 a.m.: [Método: System.Collections.Generic.IEnumerable`1[T] Query[T](System.Data.IDbConnection, System.String, System.Object, System.Data.IDbTransaction, Boolean, System.Nullable`1[System.Int32], System.Nullable`1[System.Data.CommandType]), Línea: 0] - ORA-06550: line 1, column 43:
PLS-00302: component 'USP_PRC_CALCULAR_INDICADOR2' must be declared
ORA-06550: line 1, column 7:
PL/SQL: Statement ignored
28/01/2020 09:50:52 a.m.: [Método: System.Collections.Generic.List`1[entidad.minem.gob.pe.IndicadorBE] CalcularIndicador(entidad.minem.gob.pe.IndicadorBE), Línea: 86] - ORA-06550: line 1, column 43:
PLS-00302: component 'USP_PRC_CALCULAR_INDICADOR2' must be declared
ORA-06550: line 1, column 7:
PL/SQL: Statement ignored
28/01/2020 09:50:54 a.m.: [Método: Void HandleErrorHelper(Int32, Oracle.DataAccess.Client.OracleConnection, IntPtr, Oracle.DataAccess.Client.OpoSqlValCtx*, System.Object, System.String, Boolean, Int32, Oracle.DataAccess.Client.OracleLogicalTransaction), Línea: 0] - ORA-06550: line 1, column 43:
PLS-00302: component 'USP_PRC_CALCULAR_INDICADOR2' must be declared
ORA-06550: line 1, column 7:
PL/SQL: Statement ignored
28/01/2020 09:50:54 a.m.: [Método: Void HandleError(Int32, Oracle.DataAccess.Client.OracleConnection, System.String, IntPtr, Oracle.DataAccess.Client.OpoSqlValCtx*, System.Object, Boolean, Oracle.DataAccess.Client.OracleLogicalTransaction), Línea: 0] - ORA-06550: line 1, column 43:
PLS-00302: component 'USP_PRC_CALCULAR_INDICADOR2' must be declared
ORA-06550: line 1, column 7:
PL/SQL: Statement ignored
28/01/2020 09:50:54 a.m.: [Método: Oracle.DataAccess.Client.OracleDataReader ExecuteReader(Boolean, Boolean, System.Data.CommandBehavior), Línea: 0] - ORA-06550: line 1, column 43:
PLS-00302: component 'USP_PRC_CALCULAR_INDICADOR2' must be declared
ORA-06550: line 1, column 7:
PL/SQL: Statement ignored
28/01/2020 09:50:54 a.m.: [Método: System.Data.Common.DbDataReader ExecuteDbDataReader(System.Data.CommandBehavior), Línea: 0] - ORA-06550: line 1, column 43:
PLS-00302: component 'USP_PRC_CALCULAR_INDICADOR2' must be declared
ORA-06550: line 1, column 7:
PL/SQL: Statement ignored
28/01/2020 09:50:54 a.m.: [Método: System.Data.IDataReader System.Data.IDbCommand.ExecuteReader(System.Data.CommandBehavior), Línea: 0] - ORA-06550: line 1, column 43:
PLS-00302: component 'USP_PRC_CALCULAR_INDICADOR2' must be declared
ORA-06550: line 1, column 7:
PL/SQL: Statement ignored
28/01/2020 09:50:54 a.m.: [Método: System.Data.IDataReader ExecuteReaderWithFlagsFallback(System.Data.IDbCommand, Boolean, System.Data.CommandBehavior), Línea: 0] - ORA-06550: line 1, column 43:
PLS-00302: component 'USP_PRC_CALCULAR_INDICADOR2' must be declared
ORA-06550: line 1, column 7:
PL/SQL: Statement ignored
28/01/2020 09:50:54 a.m.: [Método: Boolean MoveNext(), Línea: 0] - ORA-06550: line 1, column 43:
PLS-00302: component 'USP_PRC_CALCULAR_INDICADOR2' must be declared
ORA-06550: line 1, column 7:
PL/SQL: Statement ignored
28/01/2020 09:50:54 a.m.: [Método: Void .ctor(System.Collections.Generic.IEnumerable`1[T]), Línea: 0] - ORA-06550: line 1, column 43:
PLS-00302: component 'USP_PRC_CALCULAR_INDICADOR2' must be declared
ORA-06550: line 1, column 7:
PL/SQL: Statement ignored
28/01/2020 09:50:54 a.m.: [Método: System.Collections.Generic.List`1[TSource] ToList[TSource](System.Collections.Generic.IEnumerable`1[TSource]), Línea: 0] - ORA-06550: line 1, column 43:
PLS-00302: component 'USP_PRC_CALCULAR_INDICADOR2' must be declared
ORA-06550: line 1, column 7:
PL/SQL: Statement ignored
28/01/2020 09:50:54 a.m.: [Método: System.Collections.Generic.IEnumerable`1[T] Query[T](System.Data.IDbConnection, System.String, System.Object, System.Data.IDbTransaction, Boolean, System.Nullable`1[System.Int32], System.Nullable`1[System.Data.CommandType]), Línea: 0] - ORA-06550: line 1, column 43:
PLS-00302: component 'USP_PRC_CALCULAR_INDICADOR2' must be declared
ORA-06550: line 1, column 7:
PL/SQL: Statement ignored
28/01/2020 09:50:54 a.m.: [Método: System.Collections.Generic.List`1[entidad.minem.gob.pe.IndicadorBE] CalcularIndicador(entidad.minem.gob.pe.IndicadorBE), Línea: 86] - ORA-06550: line 1, column 43:
PLS-00302: component 'USP_PRC_CALCULAR_INDICADOR2' must be declared
ORA-06550: line 1, column 7:
PL/SQL: Statement ignored
28/01/2020 09:51:00 a.m.: [Método: Void HandleErrorHelper(Int32, Oracle.DataAccess.Client.OracleConnection, IntPtr, Oracle.DataAccess.Client.OpoSqlValCtx*, System.Object, System.String, Boolean, Int32, Oracle.DataAccess.Client.OracleLogicalTransaction), Línea: 0] - ORA-06550: line 1, column 43:
PLS-00302: component 'USP_PRC_CALCULAR_INDICADOR2' must be declared
ORA-06550: line 1, column 7:
PL/SQL: Statement ignored
28/01/2020 09:51:00 a.m.: [Método: Void HandleError(Int32, Oracle.DataAccess.Client.OracleConnection, System.String, IntPtr, Oracle.DataAccess.Client.OpoSqlValCtx*, System.Object, Boolean, Oracle.DataAccess.Client.OracleLogicalTransaction), Línea: 0] - ORA-06550: line 1, column 43:
PLS-00302: component 'USP_PRC_CALCULAR_INDICADOR2' must be declared
ORA-06550: line 1, column 7:
PL/SQL: Statement ignored
28/01/2020 09:51:00 a.m.: [Método: Oracle.DataAccess.Client.OracleDataReader ExecuteReader(Boolean, Boolean, System.Data.CommandBehavior), Línea: 0] - ORA-06550: line 1, column 43:
PLS-00302: component 'USP_PRC_CALCULAR_INDICADOR2' must be declared
ORA-06550: line 1, column 7:
PL/SQL: Statement ignored
28/01/2020 09:51:00 a.m.: [Método: System.Data.Common.DbDataReader ExecuteDbDataReader(System.Data.CommandBehavior), Línea: 0] - ORA-06550: line 1, column 43:
PLS-00302: component 'USP_PRC_CALCULAR_INDICADOR2' must be declared
ORA-06550: line 1, column 7:
PL/SQL: Statement ignored
28/01/2020 09:51:00 a.m.: [Método: System.Data.IDataReader System.Data.IDbCommand.ExecuteReader(System.Data.CommandBehavior), Línea: 0] - ORA-06550: line 1, column 43:
PLS-00302: component 'USP_PRC_CALCULAR_INDICADOR2' must be declared
ORA-06550: line 1, column 7:
PL/SQL: Statement ignored
28/01/2020 09:51:00 a.m.: [Método: System.Data.IDataReader ExecuteReaderWithFlagsFallback(System.Data.IDbCommand, Boolean, System.Data.CommandBehavior), Línea: 0] - ORA-06550: line 1, column 43:
PLS-00302: component 'USP_PRC_CALCULAR_INDICADOR2' must be declared
ORA-06550: line 1, column 7:
PL/SQL: Statement ignored
28/01/2020 09:51:00 a.m.: [Método: Boolean MoveNext(), Línea: 0] - ORA-06550: line 1, column 43:
PLS-00302: component 'USP_PRC_CALCULAR_INDICADOR2' must be declared
ORA-06550: line 1, column 7:
PL/SQL: Statement ignored
28/01/2020 09:51:00 a.m.: [Método: Void .ctor(System.Collections.Generic.IEnumerable`1[T]), Línea: 0] - ORA-06550: line 1, column 43:
PLS-00302: component 'USP_PRC_CALCULAR_INDICADOR2' must be declared
ORA-06550: line 1, column 7:
PL/SQL: Statement ignored
28/01/2020 09:51:00 a.m.: [Método: System.Collections.Generic.List`1[TSource] ToList[TSource](System.Collections.Generic.IEnumerable`1[TSource]), Línea: 0] - ORA-06550: line 1, column 43:
PLS-00302: component 'USP_PRC_CALCULAR_INDICADOR2' must be declared
ORA-06550: line 1, column 7:
PL/SQL: Statement ignored
28/01/2020 09:51:00 a.m.: [Método: System.Collections.Generic.IEnumerable`1[T] Query[T](System.Data.IDbConnection, System.String, System.Object, System.Data.IDbTransaction, Boolean, System.Nullable`1[System.Int32], System.Nullable`1[System.Data.CommandType]), Línea: 0] - ORA-06550: line 1, column 43:
PLS-00302: component 'USP_PRC_CALCULAR_INDICADOR2' must be declared
ORA-06550: line 1, column 7:
PL/SQL: Statement ignored
28/01/2020 09:51:00 a.m.: [Método: System.Collections.Generic.List`1[entidad.minem.gob.pe.IndicadorBE] CalcularIndicador(entidad.minem.gob.pe.IndicadorBE), Línea: 86] - ORA-06550: line 1, column 43:
PLS-00302: component 'USP_PRC_CALCULAR_INDICADOR2' must be declared
ORA-06550: line 1, column 7:
PL/SQL: Statement ignored
28/01/2020 09:51:02 a.m.: [Método: Void HandleErrorHelper(Int32, Oracle.DataAccess.Client.OracleConnection, IntPtr, Oracle.DataAccess.Client.OpoSqlValCtx*, System.Object, System.String, Boolean, Int32, Oracle.DataAccess.Client.OracleLogicalTransaction), Línea: 0] - ORA-06550: line 1, column 43:
PLS-00302: component 'USP_PRC_CALCULAR_INDICADOR2' must be declared
ORA-06550: line 1, column 7:
PL/SQL: Statement ignored
28/01/2020 09:51:02 a.m.: [Método: Void HandleError(Int32, Oracle.DataAccess.Client.OracleConnection, System.String, IntPtr, Oracle.DataAccess.Client.OpoSqlValCtx*, System.Object, Boolean, Oracle.DataAccess.Client.OracleLogicalTransaction), Línea: 0] - ORA-06550: line 1, column 43:
PLS-00302: component 'USP_PRC_CALCULAR_INDICADOR2' must be declared
ORA-06550: line 1, column 7:
PL/SQL: Statement ignored
28/01/2020 09:51:02 a.m.: [Método: Oracle.DataAccess.Client.OracleDataReader ExecuteReader(Boolean, Boolean, System.Data.CommandBehavior), Línea: 0] - ORA-06550: line 1, column 43:
PLS-00302: component 'USP_PRC_CALCULAR_INDICADOR2' must be declared
ORA-06550: line 1, column 7:
PL/SQL: Statement ignored
28/01/2020 09:51:02 a.m.: [Método: System.Data.Common.DbDataReader ExecuteDbDataReader(System.Data.CommandBehavior), Línea: 0] - ORA-06550: line 1, column 43:
PLS-00302: component 'USP_PRC_CALCULAR_INDICADOR2' must be declared
ORA-06550: line 1, column 7:
PL/SQL: Statement ignored
28/01/2020 09:51:02 a.m.: [Método: System.Data.IDataReader System.Data.IDbCommand.ExecuteReader(System.Data.CommandBehavior), Línea: 0] - ORA-06550: line 1, column 43:
PLS-00302: component 'USP_PRC_CALCULAR_INDICADOR2' must be declared
ORA-06550: line 1, column 7:
PL/SQL: Statement ignored
28/01/2020 09:51:02 a.m.: [Método: System.Data.IDataReader ExecuteReaderWithFlagsFallback(System.Data.IDbCommand, Boolean, System.Data.CommandBehavior), Línea: 0] - ORA-06550: line 1, column 43:
PLS-00302: component 'USP_PRC_CALCULAR_INDICADOR2' must be declared
ORA-06550: line 1, column 7:
PL/SQL: Statement ignored
28/01/2020 09:51:02 a.m.: [Método: Boolean MoveNext(), Línea: 0] - ORA-06550: line 1, column 43:
PLS-00302: component 'USP_PRC_CALCULAR_INDICADOR2' must be declared
ORA-06550: line 1, column 7:
PL/SQL: Statement ignored
28/01/2020 09:51:02 a.m.: [Método: Void .ctor(System.Collections.Generic.IEnumerable`1[T]), Línea: 0] - ORA-06550: line 1, column 43:
PLS-00302: component 'USP_PRC_CALCULAR_INDICADOR2' must be declared
ORA-06550: line 1, column 7:
PL/SQL: Statement ignored
28/01/2020 09:51:02 a.m.: [Método: System.Collections.Generic.List`1[TSource] ToList[TSource](System.Collections.Generic.IEnumerable`1[TSource]), Línea: 0] - ORA-06550: line 1, column 43:
PLS-00302: component 'USP_PRC_CALCULAR_INDICADOR2' must be declared
ORA-06550: line 1, column 7:
PL/SQL: Statement ignored
28/01/2020 09:51:02 a.m.: [Método: System.Collections.Generic.IEnumerable`1[T] Query[T](System.Data.IDbConnection, System.String, System.Object, System.Data.IDbTransaction, Boolean, System.Nullable`1[System.Int32], System.Nullable`1[System.Data.CommandType]), Línea: 0] - ORA-06550: line 1, column 43:
PLS-00302: component 'USP_PRC_CALCULAR_INDICADOR2' must be declared
ORA-06550: line 1, column 7:
PL/SQL: Statement ignored
28/01/2020 09:51:02 a.m.: [Método: System.Collections.Generic.List`1[entidad.minem.gob.pe.IndicadorBE] CalcularIndicador(entidad.minem.gob.pe.IndicadorBE), Línea: 86] - ORA-06550: line 1, column 43:
PLS-00302: component 'USP_PRC_CALCULAR_INDICADOR2' must be declared
ORA-06550: line 1, column 7:
PL/SQL: Statement ignored
28/01/2020 09:51:02 a.m.: [Método: Void HandleErrorHelper(Int32, Oracle.DataAccess.Client.OracleConnection, IntPtr, Oracle.DataAccess.Client.OpoSqlValCtx*, System.Object, System.String, Boolean, Int32, Oracle.DataAccess.Client.OracleLogicalTransaction), Línea: 0] - ORA-06550: line 1, column 43:
PLS-00302: component 'USP_PRC_CALCULAR_INDICADOR2' must be declared
ORA-06550: line 1, column 7:
PL/SQL: Statement ignored
28/01/2020 09:51:02 a.m.: [Método: Void HandleError(Int32, Oracle.DataAccess.Client.OracleConnection, System.String, IntPtr, Oracle.DataAccess.Client.OpoSqlValCtx*, System.Object, Boolean, Oracle.DataAccess.Client.OracleLogicalTransaction), Línea: 0] - ORA-06550: line 1, column 43:
PLS-00302: component 'USP_PRC_CALCULAR_INDICADOR2' must be declared
ORA-06550: line 1, column 7:
PL/SQL: Statement ignored
28/01/2020 09:51:02 a.m.: [Método: Oracle.DataAccess.Client.OracleDataReader ExecuteReader(Boolean, Boolean, System.Data.CommandBehavior), Línea: 0] - ORA-06550: line 1, column 43:
PLS-00302: component 'USP_PRC_CALCULAR_INDICADOR2' must be declared
ORA-06550: line 1, column 7:
PL/SQL: Statement ignored
28/01/2020 09:51:02 a.m.: [Método: System.Data.Common.DbDataReader ExecuteDbDataReader(System.Data.CommandBehavior), Línea: 0] - ORA-06550: line 1, column 43:
PLS-00302: component 'USP_PRC_CALCULAR_INDICADOR2' must be declared
ORA-06550: line 1, column 7:
PL/SQL: Statement ignored
28/01/2020 09:51:02 a.m.: [Método: System.Data.IDataReader System.Data.IDbCommand.ExecuteReader(System.Data.CommandBehavior), Línea: 0] - ORA-06550: line 1, column 43:
PLS-00302: component 'USP_PRC_CALCULAR_INDICADOR2' must be declared
ORA-06550: line 1, column 7:
PL/SQL: Statement ignored
28/01/2020 09:51:02 a.m.: [Método: System.Data.IDataReader ExecuteReaderWithFlagsFallback(System.Data.IDbCommand, Boolean, System.Data.CommandBehavior), Línea: 0] - ORA-06550: line 1, column 43:
PLS-00302: component 'USP_PRC_CALCULAR_INDICADOR2' must be declared
ORA-06550: line 1, column 7:
PL/SQL: Statement ignored
28/01/2020 09:51:02 a.m.: [Método: Boolean MoveNext(), Línea: 0] - ORA-06550: line 1, column 43:
PLS-00302: component 'USP_PRC_CALCULAR_INDICADOR2' must be declared
ORA-06550: line 1, column 7:
PL/SQL: Statement ignored
28/01/2020 09:51:02 a.m.: [Método: Void .ctor(System.Collections.Generic.IEnumerable`1[T]), Línea: 0] - ORA-06550: line 1, column 43:
PLS-00302: component 'USP_PRC_CALCULAR_INDICADOR2' must be declared
ORA-06550: line 1, column 7:
PL/SQL: Statement ignored
28/01/2020 09:51:02 a.m.: [Método: System.Collections.Generic.List`1[TSource] ToList[TSource](System.Collections.Generic.IEnumerable`1[TSource]), Línea: 0] - ORA-06550: line 1, column 43:
PLS-00302: component 'USP_PRC_CALCULAR_INDICADOR2' must be declared
ORA-06550: line 1, column 7:
PL/SQL: Statement ignored
28/01/2020 09:51:02 a.m.: [Método: System.Collections.Generic.IEnumerable`1[T] Query[T](System.Data.IDbConnection, System.String, System.Object, System.Data.IDbTransaction, Boolean, System.Nullable`1[System.Int32], System.Nullable`1[System.Data.CommandType]), Línea: 0] - ORA-06550: line 1, column 43:
PLS-00302: component 'USP_PRC_CALCULAR_INDICADOR2' must be declared
ORA-06550: line 1, column 7:
PL/SQL: Statement ignored
28/01/2020 09:51:02 a.m.: [Método: System.Collections.Generic.List`1[entidad.minem.gob.pe.IndicadorBE] CalcularIndicador(entidad.minem.gob.pe.IndicadorBE), Línea: 86] - ORA-06550: line 1, column 43:
PLS-00302: component 'USP_PRC_CALCULAR_INDICADOR2' must be declared
ORA-06550: line 1, column 7:
PL/SQL: Statement ignored
28/01/2020 09:51:03 a.m.: [Método: Void HandleErrorHelper(Int32, Oracle.DataAccess.Client.OracleConnection, IntPtr, Oracle.DataAccess.Client.OpoSqlValCtx*, System.Object, System.String, Boolean, Int32, Oracle.DataAccess.Client.OracleLogicalTransaction), Línea: 0] - ORA-06550: line 1, column 43:
PLS-00302: component 'USP_PRC_CALCULAR_INDICADOR2' must be declared
ORA-06550: line 1, column 7:
PL/SQL: Statement ignored
28/01/2020 09:51:03 a.m.: [Método: Void HandleError(Int32, Oracle.DataAccess.Client.OracleConnection, System.String, IntPtr, Oracle.DataAccess.Client.OpoSqlValCtx*, System.Object, Boolean, Oracle.DataAccess.Client.OracleLogicalTransaction), Línea: 0] - ORA-06550: line 1, column 43:
PLS-00302: component 'USP_PRC_CALCULAR_INDICADOR2' must be declared
ORA-06550: line 1, column 7:
PL/SQL: Statement ignored
28/01/2020 09:51:03 a.m.: [Método: Oracle.DataAccess.Client.OracleDataReader ExecuteReader(Boolean, Boolean, System.Data.CommandBehavior), Línea: 0] - ORA-06550: line 1, column 43:
PLS-00302: component 'USP_PRC_CALCULAR_INDICADOR2' must be declared
ORA-06550: line 1, column 7:
PL/SQL: Statement ignored
28/01/2020 09:51:03 a.m.: [Método: System.Data.Common.DbDataReader ExecuteDbDataReader(System.Data.CommandBehavior), Línea: 0] - ORA-06550: line 1, column 43:
PLS-00302: component 'USP_PRC_CALCULAR_INDICADOR2' must be declared
ORA-06550: line 1, column 7:
PL/SQL: Statement ignored
28/01/2020 09:51:03 a.m.: [Método: System.Data.IDataReader System.Data.IDbCommand.ExecuteReader(System.Data.CommandBehavior), Línea: 0] - ORA-06550: line 1, column 43:
PLS-00302: component 'USP_PRC_CALCULAR_INDICADOR2' must be declared
ORA-06550: line 1, column 7:
PL/SQL: Statement ignored
28/01/2020 09:51:03 a.m.: [Método: System.Data.IDataReader ExecuteReaderWithFlagsFallback(System.Data.IDbCommand, Boolean, System.Data.CommandBehavior), Línea: 0] - ORA-06550: line 1, column 43:
PLS-00302: component 'USP_PRC_CALCULAR_INDICADOR2' must be declared
ORA-06550: line 1, column 7:
PL/SQL: Statement ignored
28/01/2020 09:51:03 a.m.: [Método: Boolean MoveNext(), Línea: 0] - ORA-06550: line 1, column 43:
PLS-00302: component 'USP_PRC_CALCULAR_INDICADOR2' must be declared
ORA-06550: line 1, column 7:
PL/SQL: Statement ignored
28/01/2020 09:51:03 a.m.: [Método: Void .ctor(System.Collections.Generic.IEnumerable`1[T]), Línea: 0] - ORA-06550: line 1, column 43:
PLS-00302: component 'USP_PRC_CALCULAR_INDICADOR2' must be declared
ORA-06550: line 1, column 7:
PL/SQL: Statement ignored
28/01/2020 09:51:03 a.m.: [Método: System.Collections.Generic.List`1[TSource] ToList[TSource](System.Collections.Generic.IEnumerable`1[TSource]), Línea: 0] - ORA-06550: line 1, column 43:
PLS-00302: component 'USP_PRC_CALCULAR_INDICADOR2' must be declared
ORA-06550: line 1, column 7:
PL/SQL: Statement ignored
28/01/2020 09:51:03 a.m.: [Método: System.Collections.Generic.IEnumerable`1[T] Query[T](System.Data.IDbConnection, System.String, System.Object, System.Data.IDbTransaction, Boolean, System.Nullable`1[System.Int32], System.Nullable`1[System.Data.CommandType]), Línea: 0] - ORA-06550: line 1, column 43:
PLS-00302: component 'USP_PRC_CALCULAR_INDICADOR2' must be declared
ORA-06550: line 1, column 7:
PL/SQL: Statement ignored
28/01/2020 09:51:03 a.m.: [Método: System.Collections.Generic.List`1[entidad.minem.gob.pe.IndicadorBE] CalcularIndicador(entidad.minem.gob.pe.IndicadorBE), Línea: 86] - ORA-06550: line 1, column 43:
PLS-00302: component 'USP_PRC_CALCULAR_INDICADOR2' must be declared
ORA-06550: line 1, column 7:
PL/SQL: Statement ignored
28/01/2020 09:51:04 a.m.: [Método: Void HandleErrorHelper(Int32, Oracle.DataAccess.Client.OracleConnection, IntPtr, Oracle.DataAccess.Client.OpoSqlValCtx*, System.Object, System.String, Boolean, Int32, Oracle.DataAccess.Client.OracleLogicalTransaction), Línea: 0] - ORA-06550: line 1, column 43:
PLS-00302: component 'USP_PRC_CALCULAR_INDICADOR2' must be declared
ORA-06550: line 1, column 7:
PL/SQL: Statement ignored
28/01/2020 09:51:04 a.m.: [Método: Void HandleError(Int32, Oracle.DataAccess.Client.OracleConnection, System.String, IntPtr, Oracle.DataAccess.Client.OpoSqlValCtx*, System.Object, Boolean, Oracle.DataAccess.Client.OracleLogicalTransaction), Línea: 0] - ORA-06550: line 1, column 43:
PLS-00302: component 'USP_PRC_CALCULAR_INDICADOR2' must be declared
ORA-06550: line 1, column 7:
PL/SQL: Statement ignored
28/01/2020 09:51:04 a.m.: [Método: Oracle.DataAccess.Client.OracleDataReader ExecuteReader(Boolean, Boolean, System.Data.CommandBehavior), Línea: 0] - ORA-06550: line 1, column 43:
PLS-00302: component 'USP_PRC_CALCULAR_INDICADOR2' must be declared
ORA-06550: line 1, column 7:
PL/SQL: Statement ignored
28/01/2020 09:51:04 a.m.: [Método: System.Data.Common.DbDataReader ExecuteDbDataReader(System.Data.CommandBehavior), Línea: 0] - ORA-06550: line 1, column 43:
PLS-00302: component 'USP_PRC_CALCULAR_INDICADOR2' must be declared
ORA-06550: line 1, column 7:
PL/SQL: Statement ignored
28/01/2020 09:51:04 a.m.: [Método: System.Data.IDataReader System.Data.IDbCommand.ExecuteReader(System.Data.CommandBehavior), Línea: 0] - ORA-06550: line 1, column 43:
PLS-00302: component 'USP_PRC_CALCULAR_INDICADOR2' must be declared
ORA-06550: line 1, column 7:
PL/SQL: Statement ignored
28/01/2020 09:51:04 a.m.: [Método: System.Data.IDataReader ExecuteReaderWithFlagsFallback(System.Data.IDbCommand, Boolean, System.Data.CommandBehavior), Línea: 0] - ORA-06550: line 1, column 43:
PLS-00302: component 'USP_PRC_CALCULAR_INDICADOR2' must be declared
ORA-06550: line 1, column 7:
PL/SQL: Statement ignored
28/01/2020 09:51:04 a.m.: [Método: Boolean MoveNext(), Línea: 0] - ORA-06550: line 1, column 43:
PLS-00302: component 'USP_PRC_CALCULAR_INDICADOR2' must be declared
ORA-06550: line 1, column 7:
PL/SQL: Statement ignored
28/01/2020 09:51:04 a.m.: [Método: Void .ctor(System.Collections.Generic.IEnumerable`1[T]), Línea: 0] - ORA-06550: line 1, column 43:
PLS-00302: component 'USP_PRC_CALCULAR_INDICADOR2' must be declared
ORA-06550: line 1, column 7:
PL/SQL: Statement ignored
28/01/2020 09:51:04 a.m.: [Método: System.Collections.Generic.List`1[TSource] ToList[TSource](System.Collections.Generic.IEnumerable`1[TSource]), Línea: 0] - ORA-06550: line 1, column 43:
PLS-00302: component 'USP_PRC_CALCULAR_INDICADOR2' must be declared
ORA-06550: line 1, column 7:
PL/SQL: Statement ignored
28/01/2020 09:51:04 a.m.: [Método: System.Collections.Generic.IEnumerable`1[T] Query[T](System.Data.IDbConnection, System.String, System.Object, System.Data.IDbTransaction, Boolean, System.Nullable`1[System.Int32], System.Nullable`1[System.Data.CommandType]), Línea: 0] - ORA-06550: line 1, column 43:
PLS-00302: component 'USP_PRC_CALCULAR_INDICADOR2' must be declared
ORA-06550: line 1, column 7:
PL/SQL: Statement ignored
28/01/2020 09:51:04 a.m.: [Método: System.Collections.Generic.List`1[entidad.minem.gob.pe.IndicadorBE] CalcularIndicador(entidad.minem.gob.pe.IndicadorBE), Línea: 86] - ORA-06550: line 1, column 43:
PLS-00302: component 'USP_PRC_CALCULAR_INDICADOR2' must be declared
ORA-06550: line 1, column 7:
PL/SQL: Statement ignored
28/01/2020 09:51:04 a.m.: [Método: Void HandleErrorHelper(Int32, Oracle.DataAccess.Client.OracleConnection, IntPtr, Oracle.DataAccess.Client.OpoSqlValCtx*, System.Object, System.String, Boolean, Int32, Oracle.DataAccess.Client.OracleLogicalTransaction), Línea: 0] - ORA-06550: line 1, column 43:
PLS-00302: component 'USP_PRC_CALCULAR_INDICADOR2' must be declared
ORA-06550: line 1, column 7:
PL/SQL: Statement ignored
28/01/2020 09:51:04 a.m.: [Método: Void HandleError(Int32, Oracle.DataAccess.Client.OracleConnection, System.String, IntPtr, Oracle.DataAccess.Client.OpoSqlValCtx*, System.Object, Boolean, Oracle.DataAccess.Client.OracleLogicalTransaction), Línea: 0] - ORA-06550: line 1, column 43:
PLS-00302: component 'USP_PRC_CALCULAR_INDICADOR2' must be declared
ORA-06550: line 1, column 7:
PL/SQL: Statement ignored
28/01/2020 09:51:04 a.m.: [Método: Oracle.DataAccess.Client.OracleDataReader ExecuteReader(Boolean, Boolean, System.Data.CommandBehavior), Línea: 0] - ORA-06550: line 1, column 43:
PLS-00302: component 'USP_PRC_CALCULAR_INDICADOR2' must be declared
ORA-06550: line 1, column 7:
PL/SQL: Statement ignored
28/01/2020 09:51:04 a.m.: [Método: System.Data.Common.DbDataReader ExecuteDbDataReader(System.Data.CommandBehavior), Línea: 0] - ORA-06550: line 1, column 43:
PLS-00302: component 'USP_PRC_CALCULAR_INDICADOR2' must be declared
ORA-06550: line 1, column 7:
PL/SQL: Statement ignored
28/01/2020 09:51:04 a.m.: [Método: System.Data.IDataReader System.Data.IDbCommand.ExecuteReader(System.Data.CommandBehavior), Línea: 0] - ORA-06550: line 1, column 43:
PLS-00302: component 'USP_PRC_CALCULAR_INDICADOR2' must be declared
ORA-06550: line 1, column 7:
PL/SQL: Statement ignored
28/01/2020 09:51:04 a.m.: [Método: System.Data.IDataReader ExecuteReaderWithFlagsFallback(System.Data.IDbCommand, Boolean, System.Data.CommandBehavior), Línea: 0] - ORA-06550: line 1, column 43:
PLS-00302: component 'USP_PRC_CALCULAR_INDICADOR2' must be declared
ORA-06550: line 1, column 7:
PL/SQL: Statement ignored
28/01/2020 09:51:04 a.m.: [Método: Boolean MoveNext(), Línea: 0] - ORA-06550: line 1, column 43:
PLS-00302: component 'USP_PRC_CALCULAR_INDICADOR2' must be declared
ORA-06550: line 1, column 7:
PL/SQL: Statement ignored
28/01/2020 09:51:04 a.m.: [Método: Void .ctor(System.Collections.Generic.IEnumerable`1[T]), Línea: 0] - ORA-06550: line 1, column 43:
PLS-00302: component 'USP_PRC_CALCULAR_INDICADOR2' must be declared
ORA-06550: line 1, column 7:
PL/SQL: Statement ignored
28/01/2020 09:51:04 a.m.: [Método: System.Collections.Generic.List`1[TSource] ToList[TSource](System.Collections.Generic.IEnumerable`1[TSource]), Línea: 0] - ORA-06550: line 1, column 43:
PLS-00302: component 'USP_PRC_CALCULAR_INDICADOR2' must be declared
ORA-06550: line 1, column 7:
PL/SQL: Statement ignored
28/01/2020 09:51:04 a.m.: [Método: System.Collections.Generic.IEnumerable`1[T] Query[T](System.Data.IDbConnection, System.String, System.Object, System.Data.IDbTransaction, Boolean, System.Nullable`1[System.Int32], System.Nullable`1[System.Data.CommandType]), Línea: 0] - ORA-06550: line 1, column 43:
PLS-00302: component 'USP_PRC_CALCULAR_INDICADOR2' must be declared
ORA-06550: line 1, column 7:
PL/SQL: Statement ignored
28/01/2020 09:51:04 a.m.: [Método: System.Collections.Generic.List`1[entidad.minem.gob.pe.IndicadorBE] CalcularIndicador(entidad.minem.gob.pe.IndicadorBE), Línea: 86] - ORA-06550: line 1, column 43:
PLS-00302: component 'USP_PRC_CALCULAR_INDICADOR2' must be declared
ORA-06550: line 1, column 7:
PL/SQL: Statement ignored
28/01/2020 09:51:08 a.m.: [Método: Void HandleErrorHelper(Int32, Oracle.DataAccess.Client.OracleConnection, IntPtr, Oracle.DataAccess.Client.OpoSqlValCtx*, System.Object, System.String, Boolean, Int32, Oracle.DataAccess.Client.OracleLogicalTransaction), Línea: 0] - ORA-06550: line 1, column 43:
PLS-00302: component 'USP_PRC_CALCULAR_INDICADOR2' must be declared
ORA-06550: line 1, column 7:
PL/SQL: Statement ignored
28/01/2020 09:51:08 a.m.: [Método: Void HandleError(Int32, Oracle.DataAccess.Client.OracleConnection, System.String, IntPtr, Oracle.DataAccess.Client.OpoSqlValCtx*, System.Object, Boolean, Oracle.DataAccess.Client.OracleLogicalTransaction), Línea: 0] - ORA-06550: line 1, column 43:
PLS-00302: component 'USP_PRC_CALCULAR_INDICADOR2' must be declared
ORA-06550: line 1, column 7:
PL/SQL: Statement ignored
28/01/2020 09:51:08 a.m.: [Método: Oracle.DataAccess.Client.OracleDataReader ExecuteReader(Boolean, Boolean, System.Data.CommandBehavior), Línea: 0] - ORA-06550: line 1, column 43:
PLS-00302: component 'USP_PRC_CALCULAR_INDICADOR2' must be declared
ORA-06550: line 1, column 7:
PL/SQL: Statement ignored
28/01/2020 09:51:08 a.m.: [Método: System.Data.Common.DbDataReader ExecuteDbDataReader(System.Data.CommandBehavior), Línea: 0] - ORA-06550: line 1, column 43:
PLS-00302: component 'USP_PRC_CALCULAR_INDICADOR2' must be declared
ORA-06550: line 1, column 7:
PL/SQL: Statement ignored
28/01/2020 09:51:08 a.m.: [Método: System.Data.IDataReader System.Data.IDbCommand.ExecuteReader(System.Data.CommandBehavior), Línea: 0] - ORA-06550: line 1, column 43:
PLS-00302: component 'USP_PRC_CALCULAR_INDICADOR2' must be declared
ORA-06550: line 1, column 7:
PL/SQL: Statement ignored
28/01/2020 09:51:08 a.m.: [Método: System.Data.IDataReader ExecuteReaderWithFlagsFallback(System.Data.IDbCommand, Boolean, System.Data.CommandBehavior), Línea: 0] - ORA-06550: line 1, column 43:
PLS-00302: component 'USP_PRC_CALCULAR_INDICADOR2' must be declared
ORA-06550: line 1, column 7:
PL/SQL: Statement ignored
28/01/2020 09:51:08 a.m.: [Método: Boolean MoveNext(), Línea: 0] - ORA-06550: line 1, column 43:
PLS-00302: component 'USP_PRC_CALCULAR_INDICADOR2' must be declared
ORA-06550: line 1, column 7:
PL/SQL: Statement ignored
28/01/2020 09:51:08 a.m.: [Método: Void .ctor(System.Collections.Generic.IEnumerable`1[T]), Línea: 0] - ORA-06550: line 1, column 43:
PLS-00302: component 'USP_PRC_CALCULAR_INDICADOR2' must be declared
ORA-06550: line 1, column 7:
PL/SQL: Statement ignored
28/01/2020 09:51:08 a.m.: [Método: System.Collections.Generic.List`1[TSource] ToList[TSource](System.Collections.Generic.IEnumerable`1[TSource]), Línea: 0] - ORA-06550: line 1, column 43:
PLS-00302: component 'USP_PRC_CALCULAR_INDICADOR2' must be declared
ORA-06550: line 1, column 7:
PL/SQL: Statement ignored
28/01/2020 09:51:08 a.m.: [Método: System.Collections.Generic.IEnumerable`1[T] Query[T](System.Data.IDbConnection, System.String, System.Object, System.Data.IDbTransaction, Boolean, System.Nullable`1[System.Int32], System.Nullable`1[System.Data.CommandType]), Línea: 0] - ORA-06550: line 1, column 43:
PLS-00302: component 'USP_PRC_CALCULAR_INDICADOR2' must be declared
ORA-06550: line 1, column 7:
PL/SQL: Statement ignored
28/01/2020 09:51:08 a.m.: [Método: System.Collections.Generic.List`1[entidad.minem.gob.pe.IndicadorBE] CalcularIndicador(entidad.minem.gob.pe.IndicadorBE), Línea: 86] - ORA-06550: line 1, column 43:
PLS-00302: component 'USP_PRC_CALCULAR_INDICADOR2' must be declared
ORA-06550: line 1, column 7:
PL/SQL: Statement ignored
28/01/2020 10:07:02 a.m.: [Método: Void HandleErrorHelper(Int32, Oracle.DataAccess.Client.OracleConnection, IntPtr, Oracle.DataAccess.Client.OpoSqlValCtx*, System.Object, System.String, Boolean, Int32, Oracle.DataAccess.Client.OracleLogicalTransaction), Línea: 0] - ORA-01403: no data found
ORA-06512: at "USERMRV2.PKG_MRV_DETALLE_INDICADORES", line 352
ORA-06512: at line 1
28/01/2020 10:07:02 a.m.: [Método: Void HandleError(Int32, Oracle.DataAccess.Client.OracleConnection, System.String, IntPtr, Oracle.DataAccess.Client.OpoSqlValCtx*, System.Object, Boolean, Oracle.DataAccess.Client.OracleLogicalTransaction), Línea: 0] - ORA-01403: no data found
ORA-06512: at "USERMRV2.PKG_MRV_DETALLE_INDICADORES", line 352
ORA-06512: at line 1
28/01/2020 10:07:02 a.m.: [Método: Int32 ExecuteNonQuery(), Línea: 0] - ORA-01403: no data found
ORA-06512: at "USERMRV2.PKG_MRV_DETALLE_INDICADORES", line 352
ORA-06512: at line 1
28/01/2020 10:07:02 a.m.: [Método: Int32 ExecuteCommand(System.Data.IDbConnection, Dapper.CommandDefinition ByRef, System.Action`2[System.Data.IDbCommand,System.Object]), Línea: 0] - ORA-01403: no data found
ORA-06512: at "USERMRV2.PKG_MRV_DETALLE_INDICADORES", line 352
ORA-06512: at line 1
28/01/2020 10:07:02 a.m.: [Método: Int32 ExecuteImpl(System.Data.IDbConnection, Dapper.CommandDefinition ByRef), Línea: 0] - ORA-01403: no data found
ORA-06512: at "USERMRV2.PKG_MRV_DETALLE_INDICADORES", line 352
ORA-06512: at line 1
28/01/2020 10:07:02 a.m.: [Método: Int32 Execute(System.Data.IDbConnection, System.String, System.Object, System.Data.IDbTransaction, System.Nullable`1[System.Int32], System.Nullable`1[System.Data.CommandType]), Línea: 0] - ORA-01403: no data found
ORA-06512: at "USERMRV2.PKG_MRV_DETALLE_INDICADORES", line 352
ORA-06512: at line 1
28/01/2020 10:07:02 a.m.: [Método: entidad.minem.gob.pe.IniciativaBE RegistrarEnvioDetalle(entidad.minem.gob.pe.IniciativaBE), Línea: 443] - ORA-01403: no data found
ORA-06512: at "USERMRV2.PKG_MRV_DETALLE_INDICADORES", line 352
ORA-06512: at line 1
28/01/2020 12:30:48 p.m.: [Método: Void HandleErrorHelper(Int32, Oracle.DataAccess.Client.OracleConnection, IntPtr, Oracle.DataAccess.Client.OpoSqlValCtx*, System.Object, System.String, Boolean, Int32, Oracle.DataAccess.Client.OracleLogicalTransaction), Línea: 0] - ORA-03135: connection lost contact
Process ID: 9920
Session ID: 127 Serial number: 23763
28/01/2020 12:30:48 p.m.: [Método: Void HandleError(Int32, Oracle.DataAccess.Client.OracleConnection, System.String, IntPtr, Oracle.DataAccess.Client.OpoSqlValCtx*, System.Object, Boolean, Oracle.DataAccess.Client.OracleLogicalTransaction), Línea: 0] - ORA-03135: connection lost contact
Process ID: 9920
Session ID: 127 Serial number: 23763
28/01/2020 12:30:48 p.m.: [Método: Oracle.DataAccess.Client.OracleDataReader ExecuteReader(Boolean, Boolean, System.Data.CommandBehavior), Línea: 0] - ORA-03135: connection lost contact
Process ID: 9920
Session ID: 127 Serial number: 23763
28/01/2020 12:30:48 p.m.: [Método: System.Data.Common.DbDataReader ExecuteDbDataReader(System.Data.CommandBehavior), Línea: 0] - ORA-03135: connection lost contact
Process ID: 9920
Session ID: 127 Serial number: 23763
28/01/2020 12:30:48 p.m.: [Método: System.Data.IDataReader System.Data.IDbCommand.ExecuteReader(System.Data.CommandBehavior), Línea: 0] - ORA-03135: connection lost contact
Process ID: 9920
Session ID: 127 Serial number: 23763
28/01/2020 12:30:48 p.m.: [Método: System.Data.IDataReader ExecuteReaderWithFlagsFallback(System.Data.IDbCommand, Boolean, System.Data.CommandBehavior), Línea: 0] - ORA-03135: connection lost contact
Process ID: 9920
Session ID: 127 Serial number: 23763
28/01/2020 12:30:48 p.m.: [Método: Boolean MoveNext(), Línea: 0] - ORA-03135: connection lost contact
Process ID: 9920
Session ID: 127 Serial number: 23763
28/01/2020 12:30:48 p.m.: [Método: Void .ctor(System.Collections.Generic.IEnumerable`1[T]), Línea: 0] - ORA-03135: connection lost contact
Process ID: 9920
Session ID: 127 Serial number: 23763
28/01/2020 12:30:48 p.m.: [Método: System.Collections.Generic.List`1[TSource] ToList[TSource](System.Collections.Generic.IEnumerable`1[TSource]), Línea: 0] - ORA-03135: connection lost contact
Process ID: 9920
Session ID: 127 Serial number: 23763
28/01/2020 12:30:48 p.m.: [Método: System.Collections.Generic.IEnumerable`1[T] Query[T](System.Data.IDbConnection, System.String, System.Object, System.Data.IDbTransaction, Boolean, System.Nullable`1[System.Int32], System.Nullable`1[System.Data.CommandType]), Línea: 0] - ORA-03135: connection lost contact
Process ID: 9920
Session ID: 127 Serial number: 23763
28/01/2020 12:30:48 p.m.: [Método: entidad.minem.gob.pe.NotificacionBE ConsultaNotificaciones(Int32, Int32), Línea: 32] - ORA-03135: connection lost contact
Process ID: 9920
Session ID: 127 Serial number: 23763
28/01/2020 12:31:04 p.m.: [Método: Void HandleErrorHelper(Int32, Oracle.DataAccess.Client.OracleConnection, IntPtr, Oracle.DataAccess.Client.OpoSqlValCtx*, System.Object, System.String, Boolean, Int32, Oracle.DataAccess.Client.OracleLogicalTransaction), Línea: 0] - Timeout de solicitud de conexión
28/01/2020 12:31:04 p.m.: [Método: Void HandleError(Int32, Oracle.DataAccess.Client.OracleConnection, IntPtr, System.Object, Oracle.DataAccess.Client.OracleLogicalTransaction), Línea: 0] - Timeout de solicitud de conexión
28/01/2020 12:31:04 p.m.: [Método: Void Open(Oracle.DataAccess.Client.OracleConnection), Línea: 0] - Timeout de solicitud de conexión
28/01/2020 12:31:04 p.m.: [Método: Void Open(), Línea: 0] - Timeout de solicitud de conexión
28/01/2020 12:31:04 p.m.: [Método: Boolean MoveNext(), Línea: 0] - Timeout de solicitud de conexión
28/01/2020 12:31:04 p.m.: [Método: Void .ctor(System.Collections.Generic.IEnumerable`1[T]), Línea: 0] - Timeout de solicitud de conexión
28/01/2020 12:31:04 p.m.: [Método: System.Collections.Generic.List`1[TSource] ToList[TSource](System.Collections.Generic.IEnumerable`1[TSource]), Línea: 0] - Timeout de solicitud de conexión
28/01/2020 12:31:04 p.m.: [Método: System.Collections.Generic.IEnumerable`1[T] Query[T](System.Data.IDbConnection, System.String, System.Object, System.Data.IDbTransaction, Boolean, System.Nullable`1[System.Int32], System.Nullable`1[System.Data.CommandType]), Línea: 0] - Timeout de solicitud de conexión
28/01/2020 12:31:04 p.m.: [Método: System.Collections.Generic.List`1[entidad.minem.gob.pe.IniciativaBE] ListaIniciativaEspecialista(entidad.minem.gob.pe.IniciativaBE), Línea: 66] - Timeout de solicitud de conexión
28/01/2020 12:31:12 p.m.: [Método: Void HandleErrorHelper(Int32, Oracle.DataAccess.Client.OracleConnection, IntPtr, Oracle.DataAccess.Client.OpoSqlValCtx*, System.Object, System.String, Boolean, Int32, Oracle.DataAccess.Client.OracleLogicalTransaction), Línea: 0] - ORA-12170: TNS:Connect timeout occurred
28/01/2020 12:31:12 p.m.: [Método: Void HandleError(Int32, Oracle.DataAccess.Client.OracleConnection, IntPtr, System.Object, Oracle.DataAccess.Client.OracleLogicalTransaction), Línea: 0] - ORA-12170: TNS:Connect timeout occurred
28/01/2020 12:31:12 p.m.: [Método: Void Open(Oracle.DataAccess.Client.OracleConnection), Línea: 0] - ORA-12170: TNS:Connect timeout occurred
28/01/2020 12:31:12 p.m.: [Método: Void Open(), Línea: 0] - ORA-12170: TNS:Connect timeout occurred
28/01/2020 12:31:12 p.m.: [Método: Boolean MoveNext(), Línea: 0] - ORA-12170: TNS:Connect timeout occurred
28/01/2020 12:31:12 p.m.: [Método: Void .ctor(System.Collections.Generic.IEnumerable`1[T]), Línea: 0] - ORA-12170: TNS:Connect timeout occurred
28/01/2020 12:31:12 p.m.: [Método: System.Collections.Generic.List`1[TSource] ToList[TSource](System.Collections.Generic.IEnumerable`1[TSource]), Línea: 0] - ORA-12170: TNS:Connect timeout occurred
28/01/2020 12:31:12 p.m.: [Método: System.Collections.Generic.IEnumerable`1[T] Query[T](System.Data.IDbConnection, System.String, System.Object, System.Data.IDbTransaction, Boolean, System.Nullable`1[System.Int32], System.Nullable`1[System.Data.CommandType]), Línea: 0] - ORA-12170: TNS:Connect timeout occurred
28/01/2020 12:31:12 p.m.: [Método: System.Collections.Generic.List`1[entidad.minem.gob.pe.EnergeticoBE] ListarENERGProyecto(entidad.minem.gob.pe.EnergeticoBE), Línea: 52] - ORA-12170: TNS:Connect timeout occurred
28/01/2020 12:31:27 p.m.: [Método: Void HandleErrorHelper(Int32, Oracle.DataAccess.Client.OracleConnection, IntPtr, Oracle.DataAccess.Client.OpoSqlValCtx*, System.Object, System.String, Boolean, Int32, Oracle.DataAccess.Client.OracleLogicalTransaction), Línea: 0] - Timeout de solicitud de conexión
28/01/2020 12:31:27 p.m.: [Método: Void HandleError(Int32, Oracle.DataAccess.Client.OracleConnection, IntPtr, System.Object, Oracle.DataAccess.Client.OracleLogicalTransaction), Línea: 0] - Timeout de solicitud de conexión
28/01/2020 12:31:27 p.m.: [Método: Void Open(Oracle.DataAccess.Client.OracleConnection), Línea: 0] - Timeout de solicitud de conexión
28/01/2020 12:31:27 p.m.: [Método: Void Open(), Línea: 0] - Timeout de solicitud de conexión
28/01/2020 12:31:27 p.m.: [Método: Boolean MoveNext(), Línea: 0] - Timeout de solicitud de conexión
28/01/2020 12:31:27 p.m.: [Método: Void .ctor(System.Collections.Generic.IEnumerable`1[T]), Línea: 0] - Timeout de solicitud de conexión
28/01/2020 12:31:27 p.m.: [Método: System.Collections.Generic.List`1[TSource] ToList[TSource](System.Collections.Generic.IEnumerable`1[TSource]), Línea: 0] - Timeout de solicitud de conexión
28/01/2020 12:31:27 p.m.: [Método: System.Collections.Generic.IEnumerable`1[T] Query[T](System.Data.IDbConnection, System.String, System.Object, System.Data.IDbTransaction, Boolean, System.Nullable`1[System.Int32], System.Nullable`1[System.Data.CommandType]), Línea: 0] - Timeout de solicitud de conexión
28/01/2020 12:31:27 p.m.: [Método: System.Collections.Generic.List`1[entidad.minem.gob.pe.SectorInstitucionBE] ListaSectorInstitucion(entidad.minem.gob.pe.SectorInstitucionBE), Línea: 31] - Timeout de solicitud de conexión
28/01/2020 12:31:33 p.m.: [Método: Void HandleErrorHelper(Int32, Oracle.DataAccess.Client.OracleConnection, IntPtr, Oracle.DataAccess.Client.OpoSqlValCtx*, System.Object, System.String, Boolean, Int32, Oracle.DataAccess.Client.OracleLogicalTransaction), Línea: 0] - ORA-12170: TNS:Connect timeout occurred
28/01/2020 12:31:33 p.m.: [Método: Void HandleError(Int32, Oracle.DataAccess.Client.OracleConnection, IntPtr, System.Object, Oracle.DataAccess.Client.OracleLogicalTransaction), Línea: 0] - ORA-12170: TNS:Connect timeout occurred
28/01/2020 12:31:33 p.m.: [Método: Void Open(Oracle.DataAccess.Client.OracleConnection), Línea: 0] - ORA-12170: TNS:Connect timeout occurred
28/01/2020 12:31:33 p.m.: [Método: Void Open(), Línea: 0] - ORA-12170: TNS:Connect timeout occurred
28/01/2020 12:31:33 p.m.: [Método: Boolean MoveNext(), Línea: 0] - ORA-12170: TNS:Connect timeout occurred
28/01/2020 12:31:33 p.m.: [Método: Void .ctor(System.Collections.Generic.IEnumerable`1[T]), Línea: 0] - ORA-12170: TNS:Connect timeout occurred
28/01/2020 12:31:33 p.m.: [Método: System.Collections.Generic.List`1[TSource] ToList[TSource](System.Collections.Generic.IEnumerable`1[TSource]), Línea: 0] - ORA-12170: TNS:Connect timeout occurred
28/01/2020 12:31:33 p.m.: [Método: System.Collections.Generic.IEnumerable`1[T] Query[T](System.Data.IDbConnection, System.String, System.Object, System.Data.IDbTransaction, Boolean, System.Nullable`1[System.Int32], System.Nullable`1[System.Data.CommandType]), Línea: 0] - ORA-12170: TNS:Connect timeout occurred
28/01/2020 12:31:33 p.m.: [Método: System.Collections.Generic.List`1[entidad.minem.gob.pe.MedidaMitigacionBE] ListarMedidaMitigacion(entidad.minem.gob.pe.MedidaMitigacionBE), Línea: 29] - ORA-12170: TNS:Connect timeout occurred
28/01/2020 08:47:06 p.m.: [Método: Void HandleErrorHelper(Int32, Oracle.DataAccess.Client.OracleConnection, IntPtr, Oracle.DataAccess.Client.OpoSqlValCtx*, System.Object, System.String, Boolean, Int32, Oracle.DataAccess.Client.OracleLogicalTransaction), Línea: 0] - ORA-06550: line 1, column 35:
PLS-00302: component 'USP_SEL_INICIATIVA_SUSTENTO' must be declared
ORA-06550: line 1, column 7:
PL/SQL: Statement ignored
28/01/2020 08:47:06 p.m.: [Método: Void HandleError(Int32, Oracle.DataAccess.Client.OracleConnection, System.String, IntPtr, Oracle.DataAccess.Client.OpoSqlValCtx*, System.Object, Boolean, Oracle.DataAccess.Client.OracleLogicalTransaction), Línea: 0] - ORA-06550: line 1, column 35:
PLS-00302: component 'USP_SEL_INICIATIVA_SUSTENTO' must be declared
ORA-06550: line 1, column 7:
PL/SQL: Statement ignored
28/01/2020 08:47:06 p.m.: [Método: Oracle.DataAccess.Client.OracleDataReader ExecuteReader(Boolean, Boolean, System.Data.CommandBehavior), Línea: 0] - ORA-06550: line 1, column 35:
PLS-00302: component 'USP_SEL_INICIATIVA_SUSTENTO' must be declared
ORA-06550: line 1, column 7:
PL/SQL: Statement ignored
28/01/2020 08:47:06 p.m.: [Método: System.Data.Common.DbDataReader ExecuteDbDataReader(System.Data.CommandBehavior), Línea: 0] - ORA-06550: line 1, column 35:
PLS-00302: component 'USP_SEL_INICIATIVA_SUSTENTO' must be declared
ORA-06550: line 1, column 7:
PL/SQL: Statement ignored
28/01/2020 08:47:06 p.m.: [Método: System.Data.IDataReader System.Data.IDbCommand.ExecuteReader(System.Data.CommandBehavior), Línea: 0] - ORA-06550: line 1, column 35:
PLS-00302: component 'USP_SEL_INICIATIVA_SUSTENTO' must be declared
ORA-06550: line 1, column 7:
PL/SQL: Statement ignored
28/01/2020 08:47:06 p.m.: [Método: System.Data.IDataReader ExecuteReaderWithFlagsFallback(System.Data.IDbCommand, Boolean, System.Data.CommandBehavior), Línea: 0] - ORA-06550: line 1, column 35:
PLS-00302: component 'USP_SEL_INICIATIVA_SUSTENTO' must be declared
ORA-06550: line 1, column 7:
PL/SQL: Statement ignored
28/01/2020 08:47:06 p.m.: [Método: Boolean MoveNext(), Línea: 0] - ORA-06550: line 1, column 35:
PLS-00302: component 'USP_SEL_INICIATIVA_SUSTENTO' must be declared
ORA-06550: line 1, column 7:
PL/SQL: Statement ignored
28/01/2020 08:47:06 p.m.: [Método: Void .ctor(System.Collections.Generic.IEnumerable`1[T]), Línea: 0] - ORA-06550: line 1, column 35:
PLS-00302: component 'USP_SEL_INICIATIVA_SUSTENTO' must be declared
ORA-06550: line 1, column 7:
PL/SQL: Statement ignored
28/01/2020 08:47:06 p.m.: [Método: System.Collections.Generic.List`1[TSource] ToList[TSource](System.Collections.Generic.IEnumerable`1[TSource]), Línea: 0] - ORA-06550: line 1, column 35:
PLS-00302: component 'USP_SEL_INICIATIVA_SUSTENTO' must be declared
ORA-06550: line 1, column 7:
PL/SQL: Statement ignored
28/01/2020 08:47:06 p.m.: [Método: System.Collections.Generic.IEnumerable`1[T] Query[T](System.Data.IDbConnection, System.String, System.Object, System.Data.IDbTransaction, Boolean, System.Nullable`1[System.Int32], System.Nullable`1[System.Data.CommandType]), Línea: 0] - ORA-06550: line 1, column 35:
PLS-00302: component 'USP_SEL_INICIATIVA_SUSTENTO' must be declared
ORA-06550: line 1, column 7:
PL/SQL: Statement ignored
28/01/2020 08:47:06 p.m.: [Método: System.Collections.Generic.List`1[entidad.minem.gob.pe.SustentoIniciativaBE] ListaSustentoIniciativa(entidad.minem.gob.pe.SustentoIniciativaBE), Línea: 0] - ORA-06550: line 1, column 35:
PLS-00302: component 'USP_SEL_INICIATIVA_SUSTENTO' must be declared
ORA-06550: line 1, column 7:
PL/SQL: Statement ignored
