11/01/2020 05:01:24 p.m.: [Método: Void HandleErrorHelper(Int32, Oracle.DataAccess.Client.OracleConnection, IntPtr, Oracle.DataAccess.Client.OpoSqlValCtx*, System.Object, System.String, Boolean, Int32, Oracle.DataAccess.Client.OracleLogicalTransaction), Línea: 0] - ORA-06550: line 1, column 7:
PLS-00306: wrong number or types of arguments in call to 'USP_INS_INICIATIVA_MITIGACION'
ORA-06550: line 1, column 7:
PL/SQL: Statement ignored
11/01/2020 05:01:24 p.m.: [Método: Void HandleError(Int32, Oracle.DataAccess.Client.OracleConnection, System.String, IntPtr, Oracle.DataAccess.Client.OpoSqlValCtx*, System.Object, Boolean, Oracle.DataAccess.Client.OracleLogicalTransaction), Línea: 0] - ORA-06550: line 1, column 7:
PLS-00306: wrong number or types of arguments in call to 'USP_INS_INICIATIVA_MITIGACION'
ORA-06550: line 1, column 7:
PL/SQL: Statement ignored
11/01/2020 05:01:24 p.m.: [Método: Oracle.DataAccess.Client.OracleDataReader ExecuteReader(Boolean, Boolean, System.Data.CommandBehavior), Línea: 0] - ORA-06550: line 1, column 7:
PLS-00306: wrong number or types of arguments in call to 'USP_INS_INICIATIVA_MITIGACION'
ORA-06550: line 1, column 7:
PL/SQL: Statement ignored
11/01/2020 05:01:24 p.m.: [Método: System.Data.Common.DbDataReader ExecuteDbDataReader(System.Data.CommandBehavior), Línea: 0] - ORA-06550: line 1, column 7:
PLS-00306: wrong number or types of arguments in call to 'USP_INS_INICIATIVA_MITIGACION'
ORA-06550: line 1, column 7:
PL/SQL: Statement ignored
11/01/2020 05:01:24 p.m.: [Método: System.Data.IDataReader System.Data.IDbCommand.ExecuteReader(System.Data.CommandBehavior), Línea: 0] - ORA-06550: line 1, column 7:
PLS-00306: wrong number or types of arguments in call to 'USP_INS_INICIATIVA_MITIGACION'
ORA-06550: line 1, column 7:
PL/SQL: Statement ignored
11/01/2020 05:01:24 p.m.: [Método: System.Data.IDataReader ExecuteReaderWithFlagsFallback(System.Data.IDbCommand, Boolean, System.Data.CommandBehavior), Línea: 0] - ORA-06550: line 1, column 7:
PLS-00306: wrong number or types of arguments in call to 'USP_INS_INICIATIVA_MITIGACION'
ORA-06550: line 1, column 7:
PL/SQL: Statement ignored
11/01/2020 05:01:24 p.m.: [Método: Boolean MoveNext(), Línea: 0] - ORA-06550: line 1, column 7:
PLS-00306: wrong number or types of arguments in call to 'USP_INS_INICIATIVA_MITIGACION'
ORA-06550: line 1, column 7:
PL/SQL: Statement ignored
11/01/2020 05:01:24 p.m.: [Método: Void .ctor(System.Collections.Generic.IEnumerable`1[T]), Línea: 0] - ORA-06550: line 1, column 7:
PLS-00306: wrong number or types of arguments in call to 'USP_INS_INICIATIVA_MITIGACION'
ORA-06550: line 1, column 7:
PL/SQL: Statement ignored
11/01/2020 05:01:24 p.m.: [Método: System.Collections.Generic.List`1[TSource] ToList[TSource](System.Collections.Generic.IEnumerable`1[TSource]), Línea: 0] - ORA-06550: line 1, column 7:
PLS-00306: wrong number or types of arguments in call to 'USP_INS_INICIATIVA_MITIGACION'
ORA-06550: line 1, column 7:
PL/SQL: Statement ignored
11/01/2020 05:01:24 p.m.: [Método: System.Collections.Generic.IEnumerable`1[T] Query[T](System.Data.IDbConnection, System.String, System.Object, System.Data.IDbTransaction, Boolean, System.Nullable`1[System.Int32], System.Nullable`1[System.Data.CommandType]), Línea: 0] - ORA-06550: line 1, column 7:
PLS-00306: wrong number or types of arguments in call to 'USP_INS_INICIATIVA_MITIGACION'
ORA-06550: line 1, column 7:
PL/SQL: Statement ignored
11/01/2020 05:01:24 p.m.: [Método: entidad.minem.gob.pe.IniciativaBE RegistrarIniciativaMitigacion(entidad.minem.gob.pe.IniciativaBE), Línea: 0] - ORA-06550: line 1, column 7:
PLS-00306: wrong number or types of arguments in call to 'USP_INS_INICIATIVA_MITIGACION'
ORA-06550: line 1, column 7:
PL/SQL: Statement ignored
