20/02/2020 05:49:51 a.m.: [Método: Void HandleErrorHelper(Int32, Oracle.DataAccess.Client.OracleConnection, IntPtr, Oracle.DataAccess.Client.OpoSqlValCtx*, System.Object, System.String, Boolean, Int32, Oracle.DataAccess.Client.OracleLogicalTransaction), Línea: 0] - ORA-06550: línea 1, columna 41:
PLS-00302: el componente 'USP_SEL_ARCHIVO_GUARDADO' se debe declarar
ORA-06550: línea 1, columna 7:
PL/SQL: Statement ignored
20/02/2020 05:49:51 a.m.: [Método: Void HandleError(Int32, Oracle.DataAccess.Client.OracleConnection, System.String, IntPtr, Oracle.DataAccess.Client.OpoSqlValCtx*, System.Object, Boolean, Oracle.DataAccess.Client.OracleLogicalTransaction), Línea: 0] - ORA-06550: línea 1, columna 41:
PLS-00302: el componente 'USP_SEL_ARCHIVO_GUARDADO' se debe declarar
ORA-06550: línea 1, columna 7:
PL/SQL: Statement ignored
20/02/2020 05:49:51 a.m.: [Método: Oracle.DataAccess.Client.OracleDataReader ExecuteReader(Boolean, Boolean, System.Data.CommandBehavior), Línea: 0] - ORA-06550: línea 1, columna 41:
PLS-00302: el componente 'USP_SEL_ARCHIVO_GUARDADO' se debe declarar
ORA-06550: línea 1, columna 7:
PL/SQL: Statement ignored
20/02/2020 05:49:51 a.m.: [Método: System.Data.Common.DbDataReader ExecuteDbDataReader(System.Data.CommandBehavior), Línea: 0] - ORA-06550: línea 1, columna 41:
PLS-00302: el componente 'USP_SEL_ARCHIVO_GUARDADO' se debe declarar
ORA-06550: línea 1, columna 7:
PL/SQL: Statement ignored
20/02/2020 05:49:51 a.m.: [Método: System.Data.IDataReader System.Data.IDbCommand.ExecuteReader(System.Data.CommandBehavior), Línea: 0] - ORA-06550: línea 1, columna 41:
PLS-00302: el componente 'USP_SEL_ARCHIVO_GUARDADO' se debe declarar
ORA-06550: línea 1, columna 7:
PL/SQL: Statement ignored
20/02/2020 05:49:51 a.m.: [Método: System.Data.IDataReader ExecuteReaderWithFlagsFallback(System.Data.IDbCommand, Boolean, System.Data.CommandBehavior), Línea: 0] - ORA-06550: línea 1, columna 41:
PLS-00302: el componente 'USP_SEL_ARCHIVO_GUARDADO' se debe declarar
ORA-06550: línea 1, columna 7:
PL/SQL: Statement ignored
20/02/2020 05:49:51 a.m.: [Método: Boolean MoveNext(), Línea: 0] - ORA-06550: línea 1, columna 41:
PLS-00302: el componente 'USP_SEL_ARCHIVO_GUARDADO' se debe declarar
ORA-06550: línea 1, columna 7:
PL/SQL: Statement ignored
20/02/2020 05:49:51 a.m.: [Método: Void .ctor(System.Collections.Generic.IEnumerable`1[T]), Línea: 0] - ORA-06550: línea 1, columna 41:
PLS-00302: el componente 'USP_SEL_ARCHIVO_GUARDADO' se debe declarar
ORA-06550: línea 1, columna 7:
PL/SQL: Statement ignored
20/02/2020 05:49:51 a.m.: [Método: System.Collections.Generic.List`1[TSource] ToList[TSource](System.Collections.Generic.IEnumerable`1[TSource]), Línea: 0] - ORA-06550: línea 1, columna 41:
PLS-00302: el componente 'USP_SEL_ARCHIVO_GUARDADO' se debe declarar
ORA-06550: línea 1, columna 7:
PL/SQL: Statement ignored
20/02/2020 05:49:51 a.m.: [Método: System.Collections.Generic.IEnumerable`1[T] Query[T](System.Data.IDbConnection, System.String, System.Object, System.Data.IDbTransaction, Boolean, System.Nullable`1[System.Int32], System.Nullable`1[System.Data.CommandType]), Línea: 0] - ORA-06550: línea 1, columna 41:
PLS-00302: el componente 'USP_SEL_ARCHIVO_GUARDADO' se debe declarar
ORA-06550: línea 1, columna 7:
PL/SQL: Statement ignored
20/02/2020 05:49:51 a.m.: [Método: System.Collections.Generic.List`1[entidad.minem.gob.pe.SustentoIniciativaBE] ListarArchivosGuardados(entidad.minem.gob.pe.IniciativaBE), Línea: 1543] - ORA-06550: línea 1, columna 41:
PLS-00302: el componente 'USP_SEL_ARCHIVO_GUARDADO' se debe declarar
ORA-06550: línea 1, columna 7:
PL/SQL: Statement ignored
20/02/2020 06:28:47 a.m.: [Método: Void HandleErrorHelper(Int32, Oracle.DataAccess.Client.OracleConnection, IntPtr, Oracle.DataAccess.Client.OpoSqlValCtx*, System.Object, System.String, Boolean, Int32, Oracle.DataAccess.Client.OracleLogicalTransaction), Línea: 0] - ORA-06550: línea 1, columna 41:
PLS-00302: el componente 'USP_SEL_ARCHIVO_GUARDADO' se debe declarar
ORA-06550: línea 1, columna 7:
PL/SQL: Statement ignored
20/02/2020 06:28:47 a.m.: [Método: Void HandleError(Int32, Oracle.DataAccess.Client.OracleConnection, System.String, IntPtr, Oracle.DataAccess.Client.OpoSqlValCtx*, System.Object, Boolean, Oracle.DataAccess.Client.OracleLogicalTransaction), Línea: 0] - ORA-06550: línea 1, columna 41:
PLS-00302: el componente 'USP_SEL_ARCHIVO_GUARDADO' se debe declarar
ORA-06550: línea 1, columna 7:
PL/SQL: Statement ignored
20/02/2020 06:28:47 a.m.: [Método: Oracle.DataAccess.Client.OracleDataReader ExecuteReader(Boolean, Boolean, System.Data.CommandBehavior), Línea: 0] - ORA-06550: línea 1, columna 41:
PLS-00302: el componente 'USP_SEL_ARCHIVO_GUARDADO' se debe declarar
ORA-06550: línea 1, columna 7:
PL/SQL: Statement ignored
20/02/2020 06:28:47 a.m.: [Método: System.Data.Common.DbDataReader ExecuteDbDataReader(System.Data.CommandBehavior), Línea: 0] - ORA-06550: línea 1, columna 41:
PLS-00302: el componente 'USP_SEL_ARCHIVO_GUARDADO' se debe declarar
ORA-06550: línea 1, columna 7:
PL/SQL: Statement ignored
20/02/2020 06:28:47 a.m.: [Método: System.Data.IDataReader System.Data.IDbCommand.ExecuteReader(System.Data.CommandBehavior), Línea: 0] - ORA-06550: línea 1, columna 41:
PLS-00302: el componente 'USP_SEL_ARCHIVO_GUARDADO' se debe declarar
ORA-06550: línea 1, columna 7:
PL/SQL: Statement ignored
20/02/2020 06:28:47 a.m.: [Método: System.Data.IDataReader ExecuteReaderWithFlagsFallback(System.Data.IDbCommand, Boolean, System.Data.CommandBehavior), Línea: 0] - ORA-06550: línea 1, columna 41:
PLS-00302: el componente 'USP_SEL_ARCHIVO_GUARDADO' se debe declarar
ORA-06550: línea 1, columna 7:
PL/SQL: Statement ignored
20/02/2020 06:28:47 a.m.: [Método: Boolean MoveNext(), Línea: 0] - ORA-06550: línea 1, columna 41:
PLS-00302: el componente 'USP_SEL_ARCHIVO_GUARDADO' se debe declarar
ORA-06550: línea 1, columna 7:
PL/SQL: Statement ignored
20/02/2020 06:28:47 a.m.: [Método: Void .ctor(System.Collections.Generic.IEnumerable`1[T]), Línea: 0] - ORA-06550: línea 1, columna 41:
PLS-00302: el componente 'USP_SEL_ARCHIVO_GUARDADO' se debe declarar
ORA-06550: línea 1, columna 7:
PL/SQL: Statement ignored
20/02/2020 06:28:47 a.m.: [Método: System.Collections.Generic.List`1[TSource] ToList[TSource](System.Collections.Generic.IEnumerable`1[TSource]), Línea: 0] - ORA-06550: línea 1, columna 41:
PLS-00302: el componente 'USP_SEL_ARCHIVO_GUARDADO' se debe declarar
ORA-06550: línea 1, columna 7:
PL/SQL: Statement ignored
20/02/2020 06:28:47 a.m.: [Método: System.Collections.Generic.IEnumerable`1[T] Query[T](System.Data.IDbConnection, System.String, System.Object, System.Data.IDbTransaction, Boolean, System.Nullable`1[System.Int32], System.Nullable`1[System.Data.CommandType]), Línea: 0] - ORA-06550: línea 1, columna 41:
PLS-00302: el componente 'USP_SEL_ARCHIVO_GUARDADO' se debe declarar
ORA-06550: línea 1, columna 7:
PL/SQL: Statement ignored
20/02/2020 06:28:47 a.m.: [Método: System.Collections.Generic.List`1[entidad.minem.gob.pe.SustentoIniciativaBE] ListarArchivosGuardados(entidad.minem.gob.pe.IniciativaBE), Línea: 1543] - ORA-06550: línea 1, columna 41:
PLS-00302: el componente 'USP_SEL_ARCHIVO_GUARDADO' se debe declarar
ORA-06550: línea 1, columna 7:
PL/SQL: Statement ignored
20/02/2020 10:44:46 a.m.: [Método: Void HandleErrorHelper(Int32, Oracle.DataAccess.Client.OracleConnection, IntPtr, Oracle.DataAccess.Client.OpoSqlValCtx*, System.Object, System.String, Boolean, Int32, Oracle.DataAccess.Client.OracleLogicalTransaction), Línea: 0] - ORA-06550: línea 1, columna 7:
PLS-00306: número o tipos de argumentos erróneos al llamar a 'USP_SEL_INDICADOR_PARAMETROS'
ORA-06550: línea 1, columna 7:
PL/SQL: Statement ignored
20/02/2020 10:44:46 a.m.: [Método: Void HandleError(Int32, Oracle.DataAccess.Client.OracleConnection, System.String, IntPtr, Oracle.DataAccess.Client.OpoSqlValCtx*, System.Object, Boolean, Oracle.DataAccess.Client.OracleLogicalTransaction), Línea: 0] - ORA-06550: línea 1, columna 7:
PLS-00306: número o tipos de argumentos erróneos al llamar a 'USP_SEL_INDICADOR_PARAMETROS'
ORA-06550: línea 1, columna 7:
PL/SQL: Statement ignored
20/02/2020 10:44:46 a.m.: [Método: Oracle.DataAccess.Client.OracleDataReader ExecuteReader(Boolean, Boolean, System.Data.CommandBehavior), Línea: 0] - ORA-06550: línea 1, columna 7:
PLS-00306: número o tipos de argumentos erróneos al llamar a 'USP_SEL_INDICADOR_PARAMETROS'
ORA-06550: línea 1, columna 7:
PL/SQL: Statement ignored
20/02/2020 10:44:46 a.m.: [Método: System.Data.Common.DbDataReader ExecuteDbDataReader(System.Data.CommandBehavior), Línea: 0] - ORA-06550: línea 1, columna 7:
PLS-00306: número o tipos de argumentos erróneos al llamar a 'USP_SEL_INDICADOR_PARAMETROS'
ORA-06550: línea 1, columna 7:
PL/SQL: Statement ignored
20/02/2020 10:44:46 a.m.: [Método: System.Data.IDataReader System.Data.IDbCommand.ExecuteReader(System.Data.CommandBehavior), Línea: 0] - ORA-06550: línea 1, columna 7:
PLS-00306: número o tipos de argumentos erróneos al llamar a 'USP_SEL_INDICADOR_PARAMETROS'
ORA-06550: línea 1, columna 7:
PL/SQL: Statement ignored
20/02/2020 10:44:46 a.m.: [Método: System.Data.IDataReader ExecuteReaderWithFlagsFallback(System.Data.IDbCommand, Boolean, System.Data.CommandBehavior), Línea: 0] - ORA-06550: línea 1, columna 7:
PLS-00306: número o tipos de argumentos erróneos al llamar a 'USP_SEL_INDICADOR_PARAMETROS'
ORA-06550: línea 1, columna 7:
PL/SQL: Statement ignored
20/02/2020 10:44:46 a.m.: [Método: Boolean MoveNext(), Línea: 0] - ORA-06550: línea 1, columna 7:
PLS-00306: número o tipos de argumentos erróneos al llamar a 'USP_SEL_INDICADOR_PARAMETROS'
ORA-06550: línea 1, columna 7:
PL/SQL: Statement ignored
20/02/2020 10:44:46 a.m.: [Método: Void .ctor(System.Collections.Generic.IEnumerable`1[T]), Línea: 0] - ORA-06550: línea 1, columna 7:
PLS-00306: número o tipos de argumentos erróneos al llamar a 'USP_SEL_INDICADOR_PARAMETROS'
ORA-06550: línea 1, columna 7:
PL/SQL: Statement ignored
20/02/2020 10:44:46 a.m.: [Método: System.Collections.Generic.List`1[TSource] ToList[TSource](System.Collections.Generic.IEnumerable`1[TSource]), Línea: 0] - ORA-06550: línea 1, columna 7:
PLS-00306: número o tipos de argumentos erróneos al llamar a 'USP_SEL_INDICADOR_PARAMETROS'
ORA-06550: línea 1, columna 7:
PL/SQL: Statement ignored
20/02/2020 10:44:46 a.m.: [Método: System.Collections.Generic.IEnumerable`1[T] Query[T](System.Data.IDbConnection, System.String, System.Object, System.Data.IDbTransaction, Boolean, System.Nullable`1[System.Int32], System.Nullable`1[System.Data.CommandType]), Línea: 0] - ORA-06550: línea 1, columna 7:
PLS-00306: número o tipos de argumentos erróneos al llamar a 'USP_SEL_INDICADOR_PARAMETROS'
ORA-06550: línea 1, columna 7:
PL/SQL: Statement ignored
20/02/2020 10:44:46 a.m.: [Método: System.Collections.Generic.List`1[entidad.minem.gob.pe.IndicadorDataBE] ListarDetalleDatosDinamico(entidad.minem.gob.pe.IndicadorDataBE), Línea: 908] - ORA-06550: línea 1, columna 7:
PLS-00306: número o tipos de argumentos erróneos al llamar a 'USP_SEL_INDICADOR_PARAMETROS'
ORA-06550: línea 1, columna 7:
PL/SQL: Statement ignored
20/02/2020 10:48:25 a.m.: [Método: Void HandleErrorHelper(Int32, Oracle.DataAccess.Client.OracleConnection, IntPtr, Oracle.DataAccess.Client.OpoSqlValCtx*, System.Object, System.String, Boolean, Int32, Oracle.DataAccess.Client.OracleLogicalTransaction), Línea: 0] - ORA-06550: línea 1, columna 7:
PLS-00306: número o tipos de argumentos erróneos al llamar a 'USP_SEL_INDICADOR_PARAMETROS'
ORA-06550: línea 1, columna 7:
PL/SQL: Statement ignored
20/02/2020 10:48:25 a.m.: [Método: Void HandleError(Int32, Oracle.DataAccess.Client.OracleConnection, System.String, IntPtr, Oracle.DataAccess.Client.OpoSqlValCtx*, System.Object, Boolean, Oracle.DataAccess.Client.OracleLogicalTransaction), Línea: 0] - ORA-06550: línea 1, columna 7:
PLS-00306: número o tipos de argumentos erróneos al llamar a 'USP_SEL_INDICADOR_PARAMETROS'
ORA-06550: línea 1, columna 7:
PL/SQL: Statement ignored
20/02/2020 10:48:25 a.m.: [Método: Oracle.DataAccess.Client.OracleDataReader ExecuteReader(Boolean, Boolean, System.Data.CommandBehavior), Línea: 0] - ORA-06550: línea 1, columna 7:
PLS-00306: número o tipos de argumentos erróneos al llamar a 'USP_SEL_INDICADOR_PARAMETROS'
ORA-06550: línea 1, columna 7:
PL/SQL: Statement ignored
20/02/2020 10:48:25 a.m.: [Método: System.Data.Common.DbDataReader ExecuteDbDataReader(System.Data.CommandBehavior), Línea: 0] - ORA-06550: línea 1, columna 7:
PLS-00306: número o tipos de argumentos erróneos al llamar a 'USP_SEL_INDICADOR_PARAMETROS'
ORA-06550: línea 1, columna 7:
PL/SQL: Statement ignored
20/02/2020 10:48:25 a.m.: [Método: System.Data.IDataReader System.Data.IDbCommand.ExecuteReader(System.Data.CommandBehavior), Línea: 0] - ORA-06550: línea 1, columna 7:
PLS-00306: número o tipos de argumentos erróneos al llamar a 'USP_SEL_INDICADOR_PARAMETROS'
ORA-06550: línea 1, columna 7:
PL/SQL: Statement ignored
20/02/2020 10:48:25 a.m.: [Método: System.Data.IDataReader ExecuteReaderWithFlagsFallback(System.Data.IDbCommand, Boolean, System.Data.CommandBehavior), Línea: 0] - ORA-06550: línea 1, columna 7:
PLS-00306: número o tipos de argumentos erróneos al llamar a 'USP_SEL_INDICADOR_PARAMETROS'
ORA-06550: línea 1, columna 7:
PL/SQL: Statement ignored
20/02/2020 10:48:25 a.m.: [Método: Boolean MoveNext(), Línea: 0] - ORA-06550: línea 1, columna 7:
PLS-00306: número o tipos de argumentos erróneos al llamar a 'USP_SEL_INDICADOR_PARAMETROS'
ORA-06550: línea 1, columna 7:
PL/SQL: Statement ignored
20/02/2020 10:48:25 a.m.: [Método: Void .ctor(System.Collections.Generic.IEnumerable`1[T]), Línea: 0] - ORA-06550: línea 1, columna 7:
PLS-00306: número o tipos de argumentos erróneos al llamar a 'USP_SEL_INDICADOR_PARAMETROS'
ORA-06550: línea 1, columna 7:
PL/SQL: Statement ignored
20/02/2020 10:48:25 a.m.: [Método: System.Collections.Generic.List`1[TSource] ToList[TSource](System.Collections.Generic.IEnumerable`1[TSource]), Línea: 0] - ORA-06550: línea 1, columna 7:
PLS-00306: número o tipos de argumentos erróneos al llamar a 'USP_SEL_INDICADOR_PARAMETROS'
ORA-06550: línea 1, columna 7:
PL/SQL: Statement ignored
20/02/2020 10:48:25 a.m.: [Método: System.Collections.Generic.IEnumerable`1[T] Query[T](System.Data.IDbConnection, System.String, System.Object, System.Data.IDbTransaction, Boolean, System.Nullable`1[System.Int32], System.Nullable`1[System.Data.CommandType]), Línea: 0] - ORA-06550: línea 1, columna 7:
PLS-00306: número o tipos de argumentos erróneos al llamar a 'USP_SEL_INDICADOR_PARAMETROS'
ORA-06550: línea 1, columna 7:
PL/SQL: Statement ignored
20/02/2020 10:48:25 a.m.: [Método: System.Collections.Generic.List`1[entidad.minem.gob.pe.IndicadorDataBE] ListarDetalleDatosDinamico(entidad.minem.gob.pe.IndicadorDataBE), Línea: 908] - ORA-06550: línea 1, columna 7:
PLS-00306: número o tipos de argumentos erróneos al llamar a 'USP_SEL_INDICADOR_PARAMETROS'
ORA-06550: línea 1, columna 7:
PL/SQL: Statement ignored
20/02/2020 10:49:30 a.m.: [Método: Void HandleErrorHelper(Int32, Oracle.DataAccess.Client.OracleConnection, IntPtr, Oracle.DataAccess.Client.OpoSqlValCtx*, System.Object, System.String, Boolean, Int32, Oracle.DataAccess.Client.OracleLogicalTransaction), Línea: 0] - ORA-06550: línea 1, columna 7:
PLS-00306: número o tipos de argumentos erróneos al llamar a 'USP_SEL_INDICADOR_PARAMETROS'
ORA-06550: línea 1, columna 7:
PL/SQL: Statement ignored
20/02/2020 10:49:30 a.m.: [Método: Void HandleError(Int32, Oracle.DataAccess.Client.OracleConnection, System.String, IntPtr, Oracle.DataAccess.Client.OpoSqlValCtx*, System.Object, Boolean, Oracle.DataAccess.Client.OracleLogicalTransaction), Línea: 0] - ORA-06550: línea 1, columna 7:
PLS-00306: número o tipos de argumentos erróneos al llamar a 'USP_SEL_INDICADOR_PARAMETROS'
ORA-06550: línea 1, columna 7:
PL/SQL: Statement ignored
20/02/2020 10:49:30 a.m.: [Método: Oracle.DataAccess.Client.OracleDataReader ExecuteReader(Boolean, Boolean, System.Data.CommandBehavior), Línea: 0] - ORA-06550: línea 1, columna 7:
PLS-00306: número o tipos de argumentos erróneos al llamar a 'USP_SEL_INDICADOR_PARAMETROS'
ORA-06550: línea 1, columna 7:
PL/SQL: Statement ignored
20/02/2020 10:49:30 a.m.: [Método: System.Data.Common.DbDataReader ExecuteDbDataReader(System.Data.CommandBehavior), Línea: 0] - ORA-06550: línea 1, columna 7:
PLS-00306: número o tipos de argumentos erróneos al llamar a 'USP_SEL_INDICADOR_PARAMETROS'
ORA-06550: línea 1, columna 7:
PL/SQL: Statement ignored
20/02/2020 10:49:30 a.m.: [Método: System.Data.IDataReader System.Data.IDbCommand.ExecuteReader(System.Data.CommandBehavior), Línea: 0] - ORA-06550: línea 1, columna 7:
PLS-00306: número o tipos de argumentos erróneos al llamar a 'USP_SEL_INDICADOR_PARAMETROS'
ORA-06550: línea 1, columna 7:
PL/SQL: Statement ignored
20/02/2020 10:49:30 a.m.: [Método: System.Data.IDataReader ExecuteReaderWithFlagsFallback(System.Data.IDbCommand, Boolean, System.Data.CommandBehavior), Línea: 0] - ORA-06550: línea 1, columna 7:
PLS-00306: número o tipos de argumentos erróneos al llamar a 'USP_SEL_INDICADOR_PARAMETROS'
ORA-06550: línea 1, columna 7:
PL/SQL: Statement ignored
20/02/2020 10:49:30 a.m.: [Método: Boolean MoveNext(), Línea: 0] - ORA-06550: línea 1, columna 7:
PLS-00306: número o tipos de argumentos erróneos al llamar a 'USP_SEL_INDICADOR_PARAMETROS'
ORA-06550: línea 1, columna 7:
PL/SQL: Statement ignored
20/02/2020 10:49:30 a.m.: [Método: Void .ctor(System.Collections.Generic.IEnumerable`1[T]), Línea: 0] - ORA-06550: línea 1, columna 7:
PLS-00306: número o tipos de argumentos erróneos al llamar a 'USP_SEL_INDICADOR_PARAMETROS'
ORA-06550: línea 1, columna 7:
PL/SQL: Statement ignored
20/02/2020 10:49:30 a.m.: [Método: System.Collections.Generic.List`1[TSource] ToList[TSource](System.Collections.Generic.IEnumerable`1[TSource]), Línea: 0] - ORA-06550: línea 1, columna 7:
PLS-00306: número o tipos de argumentos erróneos al llamar a 'USP_SEL_INDICADOR_PARAMETROS'
ORA-06550: línea 1, columna 7:
PL/SQL: Statement ignored
20/02/2020 10:49:30 a.m.: [Método: System.Collections.Generic.IEnumerable`1[T] Query[T](System.Data.IDbConnection, System.String, System.Object, System.Data.IDbTransaction, Boolean, System.Nullable`1[System.Int32], System.Nullable`1[System.Data.CommandType]), Línea: 0] - ORA-06550: línea 1, columna 7:
PLS-00306: número o tipos de argumentos erróneos al llamar a 'USP_SEL_INDICADOR_PARAMETROS'
ORA-06550: línea 1, columna 7:
PL/SQL: Statement ignored
20/02/2020 10:49:30 a.m.: [Método: System.Collections.Generic.List`1[entidad.minem.gob.pe.IndicadorDataBE] ListarDetalleDatosDinamico(entidad.minem.gob.pe.IndicadorDataBE), Línea: 908] - ORA-06550: línea 1, columna 7:
PLS-00306: número o tipos de argumentos erróneos al llamar a 'USP_SEL_INDICADOR_PARAMETROS'
ORA-06550: línea 1, columna 7:
PL/SQL: Statement ignored
20/02/2020 10:51:59 a.m.: [Método: Void HandleErrorHelper(Int32, Oracle.DataAccess.Client.OracleConnection, IntPtr, Oracle.DataAccess.Client.OpoSqlValCtx*, System.Object, System.String, Boolean, Int32, Oracle.DataAccess.Client.OracleLogicalTransaction), Línea: 0] - ORA-06550: línea 1, columna 7:
PLS-00306: número o tipos de argumentos erróneos al llamar a 'USP_SEL_INDICADOR_PARAMETROS'
ORA-06550: línea 1, columna 7:
PL/SQL: Statement ignored
20/02/2020 10:51:59 a.m.: [Método: Void HandleError(Int32, Oracle.DataAccess.Client.OracleConnection, System.String, IntPtr, Oracle.DataAccess.Client.OpoSqlValCtx*, System.Object, Boolean, Oracle.DataAccess.Client.OracleLogicalTransaction), Línea: 0] - ORA-06550: línea 1, columna 7:
PLS-00306: número o tipos de argumentos erróneos al llamar a 'USP_SEL_INDICADOR_PARAMETROS'
ORA-06550: línea 1, columna 7:
PL/SQL: Statement ignored
20/02/2020 10:51:59 a.m.: [Método: Oracle.DataAccess.Client.OracleDataReader ExecuteReader(Boolean, Boolean, System.Data.CommandBehavior), Línea: 0] - ORA-06550: línea 1, columna 7:
PLS-00306: número o tipos de argumentos erróneos al llamar a 'USP_SEL_INDICADOR_PARAMETROS'
ORA-06550: línea 1, columna 7:
PL/SQL: Statement ignored
20/02/2020 10:51:59 a.m.: [Método: System.Data.Common.DbDataReader ExecuteDbDataReader(System.Data.CommandBehavior), Línea: 0] - ORA-06550: línea 1, columna 7:
PLS-00306: número o tipos de argumentos erróneos al llamar a 'USP_SEL_INDICADOR_PARAMETROS'
ORA-06550: línea 1, columna 7:
PL/SQL: Statement ignored
20/02/2020 10:51:59 a.m.: [Método: System.Data.IDataReader System.Data.IDbCommand.ExecuteReader(System.Data.CommandBehavior), Línea: 0] - ORA-06550: línea 1, columna 7:
PLS-00306: número o tipos de argumentos erróneos al llamar a 'USP_SEL_INDICADOR_PARAMETROS'
ORA-06550: línea 1, columna 7:
PL/SQL: Statement ignored
20/02/2020 10:51:59 a.m.: [Método: System.Data.IDataReader ExecuteReaderWithFlagsFallback(System.Data.IDbCommand, Boolean, System.Data.CommandBehavior), Línea: 0] - ORA-06550: línea 1, columna 7:
PLS-00306: número o tipos de argumentos erróneos al llamar a 'USP_SEL_INDICADOR_PARAMETROS'
ORA-06550: línea 1, columna 7:
PL/SQL: Statement ignored
20/02/2020 10:51:59 a.m.: [Método: Boolean MoveNext(), Línea: 0] - ORA-06550: línea 1, columna 7:
PLS-00306: número o tipos de argumentos erróneos al llamar a 'USP_SEL_INDICADOR_PARAMETROS'
ORA-06550: línea 1, columna 7:
PL/SQL: Statement ignored
20/02/2020 10:51:59 a.m.: [Método: Void .ctor(System.Collections.Generic.IEnumerable`1[T]), Línea: 0] - ORA-06550: línea 1, columna 7:
PLS-00306: número o tipos de argumentos erróneos al llamar a 'USP_SEL_INDICADOR_PARAMETROS'
ORA-06550: línea 1, columna 7:
PL/SQL: Statement ignored
20/02/2020 10:51:59 a.m.: [Método: System.Collections.Generic.List`1[TSource] ToList[TSource](System.Collections.Generic.IEnumerable`1[TSource]), Línea: 0] - ORA-06550: línea 1, columna 7:
PLS-00306: número o tipos de argumentos erróneos al llamar a 'USP_SEL_INDICADOR_PARAMETROS'
ORA-06550: línea 1, columna 7:
PL/SQL: Statement ignored
20/02/2020 10:51:59 a.m.: [Método: System.Collections.Generic.IEnumerable`1[T] Query[T](System.Data.IDbConnection, System.String, System.Object, System.Data.IDbTransaction, Boolean, System.Nullable`1[System.Int32], System.Nullable`1[System.Data.CommandType]), Línea: 0] - ORA-06550: línea 1, columna 7:
PLS-00306: número o tipos de argumentos erróneos al llamar a 'USP_SEL_INDICADOR_PARAMETROS'
ORA-06550: línea 1, columna 7:
PL/SQL: Statement ignored
20/02/2020 10:51:59 a.m.: [Método: System.Collections.Generic.List`1[entidad.minem.gob.pe.IndicadorDataBE] ListarDetalleDatosDinamico(entidad.minem.gob.pe.IndicadorDataBE), Línea: 0] - ORA-06550: línea 1, columna 7:
PLS-00306: número o tipos de argumentos erróneos al llamar a 'USP_SEL_INDICADOR_PARAMETROS'
ORA-06550: línea 1, columna 7:
PL/SQL: Statement ignored
20/02/2020 11:50:46 a.m.: [Método: Void HandleErrorHelper(Int32, Oracle.DataAccess.Client.OracleConnection, IntPtr, Oracle.DataAccess.Client.OpoSqlValCtx*, System.Object, System.String, Boolean, Int32, Oracle.DataAccess.Client.OracleLogicalTransaction), Línea: 0] - ORA-06550: línea 1, columna 7:
PLS-00306: número o tipos de argumentos erróneos al llamar a 'USP_SEL_GET_DET_DATOS'
ORA-06550: línea 1, columna 7:
PL/SQL: Statement ignored
20/02/2020 11:50:46 a.m.: [Método: Void HandleError(Int32, Oracle.DataAccess.Client.OracleConnection, System.String, IntPtr, Oracle.DataAccess.Client.OpoSqlValCtx*, System.Object, Boolean, Oracle.DataAccess.Client.OracleLogicalTransaction), Línea: 0] - ORA-06550: línea 1, columna 7:
PLS-00306: número o tipos de argumentos erróneos al llamar a 'USP_SEL_GET_DET_DATOS'
ORA-06550: línea 1, columna 7:
PL/SQL: Statement ignored
20/02/2020 11:50:46 a.m.: [Método: Oracle.DataAccess.Client.OracleDataReader ExecuteReader(Boolean, Boolean, System.Data.CommandBehavior), Línea: 0] - ORA-06550: línea 1, columna 7:
PLS-00306: número o tipos de argumentos erróneos al llamar a 'USP_SEL_GET_DET_DATOS'
ORA-06550: línea 1, columna 7:
PL/SQL: Statement ignored
20/02/2020 11:50:46 a.m.: [Método: System.Data.Common.DbDataReader ExecuteDbDataReader(System.Data.CommandBehavior), Línea: 0] - ORA-06550: línea 1, columna 7:
PLS-00306: número o tipos de argumentos erróneos al llamar a 'USP_SEL_GET_DET_DATOS'
ORA-06550: línea 1, columna 7:
PL/SQL: Statement ignored
20/02/2020 11:50:46 a.m.: [Método: System.Data.IDataReader System.Data.IDbCommand.ExecuteReader(System.Data.CommandBehavior), Línea: 0] - ORA-06550: línea 1, columna 7:
PLS-00306: número o tipos de argumentos erróneos al llamar a 'USP_SEL_GET_DET_DATOS'
ORA-06550: línea 1, columna 7:
PL/SQL: Statement ignored
20/02/2020 11:50:46 a.m.: [Método: System.Data.IDataReader ExecuteReaderWithFlagsFallback(System.Data.IDbCommand, Boolean, System.Data.CommandBehavior), Línea: 0] - ORA-06550: línea 1, columna 7:
PLS-00306: número o tipos de argumentos erróneos al llamar a 'USP_SEL_GET_DET_DATOS'
ORA-06550: línea 1, columna 7:
PL/SQL: Statement ignored
20/02/2020 11:50:46 a.m.: [Método: Boolean MoveNext(), Línea: 0] - ORA-06550: línea 1, columna 7:
PLS-00306: número o tipos de argumentos erróneos al llamar a 'USP_SEL_GET_DET_DATOS'
ORA-06550: línea 1, columna 7:
PL/SQL: Statement ignored
20/02/2020 11:50:46 a.m.: [Método: Void .ctor(System.Collections.Generic.IEnumerable`1[T]), Línea: 0] - ORA-06550: línea 1, columna 7:
PLS-00306: número o tipos de argumentos erróneos al llamar a 'USP_SEL_GET_DET_DATOS'
ORA-06550: línea 1, columna 7:
PL/SQL: Statement ignored
20/02/2020 11:50:46 a.m.: [Método: System.Collections.Generic.List`1[TSource] ToList[TSource](System.Collections.Generic.IEnumerable`1[TSource]), Línea: 0] - ORA-06550: línea 1, columna 7:
PLS-00306: número o tipos de argumentos erróneos al llamar a 'USP_SEL_GET_DET_DATOS'
ORA-06550: línea 1, columna 7:
PL/SQL: Statement ignored
20/02/2020 11:50:46 a.m.: [Método: System.Collections.Generic.IEnumerable`1[T] Query[T](System.Data.IDbConnection, System.String, System.Object, System.Data.IDbTransaction, Boolean, System.Nullable`1[System.Int32], System.Nullable`1[System.Data.CommandType]), Línea: 0] - ORA-06550: línea 1, columna 7:
PLS-00306: número o tipos de argumentos erróneos al llamar a 'USP_SEL_GET_DET_DATOS'
ORA-06550: línea 1, columna 7:
PL/SQL: Statement ignored
20/02/2020 11:50:46 a.m.: [Método: System.Collections.Generic.List`1[entidad.minem.gob.pe.IndicadorDataBE] ListarDatosDinamico(entidad.minem.gob.pe.IndicadorDataBE), Línea: 908] - ORA-06550: línea 1, columna 7:
PLS-00306: número o tipos de argumentos erróneos al llamar a 'USP_SEL_GET_DET_DATOS'
ORA-06550: línea 1, columna 7:
PL/SQL: Statement ignored
20/02/2020 11:50:55 a.m.: [Método: Void HandleErrorHelper(Int32, Oracle.DataAccess.Client.OracleConnection, IntPtr, Oracle.DataAccess.Client.OpoSqlValCtx*, System.Object, System.String, Boolean, Int32, Oracle.DataAccess.Client.OracleLogicalTransaction), Línea: 0] - ORA-06550: línea 1, columna 7:
PLS-00306: número o tipos de argumentos erróneos al llamar a 'USP_SEL_GET_DET_DATOS'
ORA-06550: línea 1, columna 7:
PL/SQL: Statement ignored
20/02/2020 11:50:55 a.m.: [Método: Void HandleError(Int32, Oracle.DataAccess.Client.OracleConnection, System.String, IntPtr, Oracle.DataAccess.Client.OpoSqlValCtx*, System.Object, Boolean, Oracle.DataAccess.Client.OracleLogicalTransaction), Línea: 0] - ORA-06550: línea 1, columna 7:
PLS-00306: número o tipos de argumentos erróneos al llamar a 'USP_SEL_GET_DET_DATOS'
ORA-06550: línea 1, columna 7:
PL/SQL: Statement ignored
20/02/2020 11:50:55 a.m.: [Método: Oracle.DataAccess.Client.OracleDataReader ExecuteReader(Boolean, Boolean, System.Data.CommandBehavior), Línea: 0] - ORA-06550: línea 1, columna 7:
PLS-00306: número o tipos de argumentos erróneos al llamar a 'USP_SEL_GET_DET_DATOS'
ORA-06550: línea 1, columna 7:
PL/SQL: Statement ignored
20/02/2020 11:50:55 a.m.: [Método: System.Data.Common.DbDataReader ExecuteDbDataReader(System.Data.CommandBehavior), Línea: 0] - ORA-06550: línea 1, columna 7:
PLS-00306: número o tipos de argumentos erróneos al llamar a 'USP_SEL_GET_DET_DATOS'
ORA-06550: línea 1, columna 7:
PL/SQL: Statement ignored
20/02/2020 11:50:55 a.m.: [Método: System.Data.IDataReader System.Data.IDbCommand.ExecuteReader(System.Data.CommandBehavior), Línea: 0] - ORA-06550: línea 1, columna 7:
PLS-00306: número o tipos de argumentos erróneos al llamar a 'USP_SEL_GET_DET_DATOS'
ORA-06550: línea 1, columna 7:
PL/SQL: Statement ignored
20/02/2020 11:50:55 a.m.: [Método: System.Data.IDataReader ExecuteReaderWithFlagsFallback(System.Data.IDbCommand, Boolean, System.Data.CommandBehavior), Línea: 0] - ORA-06550: línea 1, columna 7:
PLS-00306: número o tipos de argumentos erróneos al llamar a 'USP_SEL_GET_DET_DATOS'
ORA-06550: línea 1, columna 7:
PL/SQL: Statement ignored
20/02/2020 11:50:55 a.m.: [Método: Boolean MoveNext(), Línea: 0] - ORA-06550: línea 1, columna 7:
PLS-00306: número o tipos de argumentos erróneos al llamar a 'USP_SEL_GET_DET_DATOS'
ORA-06550: línea 1, columna 7:
PL/SQL: Statement ignored
20/02/2020 11:50:55 a.m.: [Método: Void .ctor(System.Collections.Generic.IEnumerable`1[T]), Línea: 0] - ORA-06550: línea 1, columna 7:
PLS-00306: número o tipos de argumentos erróneos al llamar a 'USP_SEL_GET_DET_DATOS'
ORA-06550: línea 1, columna 7:
PL/SQL: Statement ignored
20/02/2020 11:50:55 a.m.: [Método: System.Collections.Generic.List`1[TSource] ToList[TSource](System.Collections.Generic.IEnumerable`1[TSource]), Línea: 0] - ORA-06550: línea 1, columna 7:
PLS-00306: número o tipos de argumentos erróneos al llamar a 'USP_SEL_GET_DET_DATOS'
ORA-06550: línea 1, columna 7:
PL/SQL: Statement ignored
20/02/2020 11:50:55 a.m.: [Método: System.Collections.Generic.IEnumerable`1[T] Query[T](System.Data.IDbConnection, System.String, System.Object, System.Data.IDbTransaction, Boolean, System.Nullable`1[System.Int32], System.Nullable`1[System.Data.CommandType]), Línea: 0] - ORA-06550: línea 1, columna 7:
PLS-00306: número o tipos de argumentos erróneos al llamar a 'USP_SEL_GET_DET_DATOS'
ORA-06550: línea 1, columna 7:
PL/SQL: Statement ignored
20/02/2020 11:50:55 a.m.: [Método: System.Collections.Generic.List`1[entidad.minem.gob.pe.IndicadorDataBE] ListarDatosDinamico(entidad.minem.gob.pe.IndicadorDataBE), Línea: 908] - ORA-06550: línea 1, columna 7:
PLS-00306: número o tipos de argumentos erróneos al llamar a 'USP_SEL_GET_DET_DATOS'
ORA-06550: línea 1, columna 7:
PL/SQL: Statement ignored
20/02/2020 11:51:32 a.m.: [Método: Void HandleErrorHelper(Int32, Oracle.DataAccess.Client.OracleConnection, IntPtr, Oracle.DataAccess.Client.OpoSqlValCtx*, System.Object, System.String, Boolean, Int32, Oracle.DataAccess.Client.OracleLogicalTransaction), Línea: 0] - ORA-06550: línea 1, columna 7:
PLS-00306: número o tipos de argumentos erróneos al llamar a 'USP_SEL_GET_DET_DATOS'
ORA-06550: línea 1, columna 7:
PL/SQL: Statement ignored
20/02/2020 11:51:32 a.m.: [Método: Void HandleError(Int32, Oracle.DataAccess.Client.OracleConnection, System.String, IntPtr, Oracle.DataAccess.Client.OpoSqlValCtx*, System.Object, Boolean, Oracle.DataAccess.Client.OracleLogicalTransaction), Línea: 0] - ORA-06550: línea 1, columna 7:
PLS-00306: número o tipos de argumentos erróneos al llamar a 'USP_SEL_GET_DET_DATOS'
ORA-06550: línea 1, columna 7:
PL/SQL: Statement ignored
20/02/2020 11:51:32 a.m.: [Método: Oracle.DataAccess.Client.OracleDataReader ExecuteReader(Boolean, Boolean, System.Data.CommandBehavior), Línea: 0] - ORA-06550: línea 1, columna 7:
PLS-00306: número o tipos de argumentos erróneos al llamar a 'USP_SEL_GET_DET_DATOS'
ORA-06550: línea 1, columna 7:
PL/SQL: Statement ignored
20/02/2020 11:51:32 a.m.: [Método: System.Data.Common.DbDataReader ExecuteDbDataReader(System.Data.CommandBehavior), Línea: 0] - ORA-06550: línea 1, columna 7:
PLS-00306: número o tipos de argumentos erróneos al llamar a 'USP_SEL_GET_DET_DATOS'
ORA-06550: línea 1, columna 7:
PL/SQL: Statement ignored
20/02/2020 11:51:32 a.m.: [Método: System.Data.IDataReader System.Data.IDbCommand.ExecuteReader(System.Data.CommandBehavior), Línea: 0] - ORA-06550: línea 1, columna 7:
PLS-00306: número o tipos de argumentos erróneos al llamar a 'USP_SEL_GET_DET_DATOS'
ORA-06550: línea 1, columna 7:
PL/SQL: Statement ignored
20/02/2020 11:51:32 a.m.: [Método: System.Data.IDataReader ExecuteReaderWithFlagsFallback(System.Data.IDbCommand, Boolean, System.Data.CommandBehavior), Línea: 0] - ORA-06550: línea 1, columna 7:
PLS-00306: número o tipos de argumentos erróneos al llamar a 'USP_SEL_GET_DET_DATOS'
ORA-06550: línea 1, columna 7:
PL/SQL: Statement ignored
20/02/2020 11:51:32 a.m.: [Método: Boolean MoveNext(), Línea: 0] - ORA-06550: línea 1, columna 7:
PLS-00306: número o tipos de argumentos erróneos al llamar a 'USP_SEL_GET_DET_DATOS'
ORA-06550: línea 1, columna 7:
PL/SQL: Statement ignored
20/02/2020 11:51:32 a.m.: [Método: Void .ctor(System.Collections.Generic.IEnumerable`1[T]), Línea: 0] - ORA-06550: línea 1, columna 7:
PLS-00306: número o tipos de argumentos erróneos al llamar a 'USP_SEL_GET_DET_DATOS'
ORA-06550: línea 1, columna 7:
PL/SQL: Statement ignored
20/02/2020 11:51:32 a.m.: [Método: System.Collections.Generic.List`1[TSource] ToList[TSource](System.Collections.Generic.IEnumerable`1[TSource]), Línea: 0] - ORA-06550: línea 1, columna 7:
PLS-00306: número o tipos de argumentos erróneos al llamar a 'USP_SEL_GET_DET_DATOS'
ORA-06550: línea 1, columna 7:
PL/SQL: Statement ignored
20/02/2020 11:51:32 a.m.: [Método: System.Collections.Generic.IEnumerable`1[T] Query[T](System.Data.IDbConnection, System.String, System.Object, System.Data.IDbTransaction, Boolean, System.Nullable`1[System.Int32], System.Nullable`1[System.Data.CommandType]), Línea: 0] - ORA-06550: línea 1, columna 7:
PLS-00306: número o tipos de argumentos erróneos al llamar a 'USP_SEL_GET_DET_DATOS'
ORA-06550: línea 1, columna 7:
PL/SQL: Statement ignored
20/02/2020 11:51:32 a.m.: [Método: System.Collections.Generic.List`1[entidad.minem.gob.pe.IndicadorDataBE] ListarDatosDinamico(entidad.minem.gob.pe.IndicadorDataBE), Línea: 0] - ORA-06550: línea 1, columna 7:
PLS-00306: número o tipos de argumentos erróneos al llamar a 'USP_SEL_GET_DET_DATOS'
ORA-06550: línea 1, columna 7:
PL/SQL: Statement ignored
20/02/2020 02:32:15 p.m.: [Método: Oracle.DataAccess.Client.OracleDataReader ExecuteReader(Boolean, Boolean, System.Data.CommandBehavior), Línea: 0] - OracleCommand.CommandText no es válido
20/02/2020 02:32:15 p.m.: [Método: System.Data.Common.DbDataReader ExecuteDbDataReader(System.Data.CommandBehavior), Línea: 0] - OracleCommand.CommandText no es válido
20/02/2020 02:32:15 p.m.: [Método: System.Data.IDataReader System.Data.IDbCommand.ExecuteReader(System.Data.CommandBehavior), Línea: 0] - OracleCommand.CommandText no es válido
20/02/2020 02:32:15 p.m.: [Método: System.Data.IDataReader ExecuteReaderWithFlagsFallback(System.Data.IDbCommand, Boolean, System.Data.CommandBehavior), Línea: 0] - OracleCommand.CommandText no es válido
20/02/2020 02:32:15 p.m.: [Método: Boolean MoveNext(), Línea: 0] - OracleCommand.CommandText no es válido
20/02/2020 02:32:15 p.m.: [Método: Void .ctor(System.Collections.Generic.IEnumerable`1[T]), Línea: 0] - OracleCommand.CommandText no es válido
20/02/2020 02:32:15 p.m.: [Método: System.Collections.Generic.List`1[TSource] ToList[TSource](System.Collections.Generic.IEnumerable`1[TSource]), Línea: 0] - OracleCommand.CommandText no es válido
20/02/2020 02:32:15 p.m.: [Método: System.Collections.Generic.IEnumerable`1[T] Query[T](System.Data.IDbConnection, System.String, System.Object, System.Data.IDbTransaction, Boolean, System.Nullable`1[System.Int32], System.Nullable`1[System.Data.CommandType]), Línea: 0] - OracleCommand.CommandText no es válido
20/02/2020 02:32:15 p.m.: [Método: System.Collections.Generic.List`1[entidad.minem.gob.pe.IndicadorBE] CalcularIndicador(entidad.minem.gob.pe.IndicadorBE), Línea: 115] - OracleCommand.CommandText no es válido
20/02/2020 18:48:37: [Método: Void HandleErrorHelper(Int32, Oracle.DataAccess.Client.OracleConnection, IntPtr, Oracle.DataAccess.Client.OpoSqlValCtx*, System.Object, System.String, Boolean), Línea: 0] - ORA-12170: TNS:Connect timeout occurred
20/02/2020 18:48:37: [Método: Void HandleError(Int32, Oracle.DataAccess.Client.OracleConnection, IntPtr, System.Object), Línea: 0] - ORA-12170: TNS:Connect timeout occurred
20/02/2020 18:48:37: [Método: Void Open(), Línea: 0] - ORA-12170: TNS:Connect timeout occurred
20/02/2020 18:48:37: [Método: Boolean MoveNext(), Línea: 0] - ORA-12170: TNS:Connect timeout occurred
20/02/2020 18:48:37: [Método: Void .ctor(System.Collections.Generic.IEnumerable`1[T]), Línea: 0] - ORA-12170: TNS:Connect timeout occurred
20/02/2020 18:48:37: [Método: System.Collections.Generic.List`1[TSource] ToList[TSource](System.Collections.Generic.IEnumerable`1[TSource]), Línea: 0] - ORA-12170: TNS:Connect timeout occurred
20/02/2020 18:48:37: [Método: System.Collections.Generic.IEnumerable`1[T] Query[T](System.Data.IDbConnection, System.String, System.Object, System.Data.IDbTransaction, Boolean, System.Nullable`1[System.Int32], System.Nullable`1[System.Data.CommandType]), Línea: 0] - ORA-12170: TNS:Connect timeout occurred
20/02/2020 18:48:37: [Método: entidad.minem.gob.pe.UsuarioBE ObtenerPassword(entidad.minem.gob.pe.UsuarioBE), Línea: 225] - ORA-12170: TNS:Connect timeout occurred
